[2025-02-22T20:33:33.909+0000] {processor.py:186} INFO - Started process (PID=80) to work on /home/airflow/.local/lib/python3.12/site-packages/airflow/example_dags/example_xcom.py
[2025-02-22T20:33:33.911+0000] {processor.py:914} INFO - Processing file /home/airflow/.local/lib/python3.12/site-packages/airflow/example_dags/example_xcom.py for tasks to queue
[2025-02-22T20:33:33.927+0000] {logging_mixin.py:190} INFO - [2025-02-22T20:33:33.926+0000] {dagbag.py:588} INFO - Filling up the DagBag from /home/airflow/.local/lib/python3.12/site-packages/airflow/example_dags/example_xcom.py
[2025-02-22T20:33:34.007+0000] {processor.py:925} INFO - DAG(s) 'example_xcom' retrieved from /home/airflow/.local/lib/python3.12/site-packages/airflow/example_dags/example_xcom.py
[2025-02-22T20:33:34.882+0000] {logging_mixin.py:190} INFO - [2025-02-22T20:33:34.879+0000] {override.py:1912} INFO - Created Permission View: can edit on DAG:example_xcom
[2025-02-22T20:33:34.930+0000] {logging_mixin.py:190} INFO - [2025-02-22T20:33:34.929+0000] {override.py:1912} INFO - Created Permission View: can read on DAG:example_xcom
[2025-02-22T20:33:34.947+0000] {logging_mixin.py:190} INFO - [2025-02-22T20:33:34.946+0000] {override.py:1912} INFO - Created Permission View: can delete on DAG:example_xcom
[2025-02-22T20:33:34.964+0000] {logging_mixin.py:190} INFO - [2025-02-22T20:33:34.964+0000] {override.py:1912} INFO - Created Permission View: can read on DAG Run:example_xcom
[2025-02-22T20:33:34.984+0000] {logging_mixin.py:190} INFO - [2025-02-22T20:33:34.982+0000] {override.py:1912} INFO - Created Permission View: menu access on DAG Run:example_xcom
[2025-02-22T20:33:35.006+0000] {logging_mixin.py:190} INFO - [2025-02-22T20:33:35.006+0000] {override.py:1912} INFO - Created Permission View: can create on DAG Run:example_xcom
[2025-02-22T20:33:35.023+0000] {logging_mixin.py:190} INFO - [2025-02-22T20:33:35.022+0000] {override.py:1912} INFO - Created Permission View: can delete on DAG Run:example_xcom
[2025-02-22T20:33:35.024+0000] {logging_mixin.py:190} INFO - [2025-02-22T20:33:35.024+0000] {dag.py:3239} INFO - Sync 1 DAGs
[2025-02-22T20:33:35.076+0000] {logging_mixin.py:190} INFO - [2025-02-22T20:33:35.076+0000] {dag.py:3262} INFO - Creating ORM DAG for example_xcom
[2025-02-22T20:33:35.123+0000] {logging_mixin.py:190} INFO - [2025-02-22T20:33:35.122+0000] {dag.py:4180} INFO - Setting next_dagrun for example_xcom to 2021-01-01 00:00:00+00:00, run_after=2021-01-01 00:00:00+00:00
[2025-02-22T20:33:35.232+0000] {processor.py:208} INFO - Processing /home/airflow/.local/lib/python3.12/site-packages/airflow/example_dags/example_xcom.py took 1.388 seconds
[2025-02-22T20:34:06.043+0000] {processor.py:186} INFO - Started process (PID=142) to work on /home/airflow/.local/lib/python3.12/site-packages/airflow/example_dags/example_xcom.py
[2025-02-22T20:34:06.044+0000] {processor.py:914} INFO - Processing file /home/airflow/.local/lib/python3.12/site-packages/airflow/example_dags/example_xcom.py for tasks to queue
[2025-02-22T20:34:06.048+0000] {logging_mixin.py:190} INFO - [2025-02-22T20:34:06.048+0000] {dagbag.py:588} INFO - Filling up the DagBag from /home/airflow/.local/lib/python3.12/site-packages/airflow/example_dags/example_xcom.py
[2025-02-22T20:34:06.060+0000] {processor.py:925} INFO - DAG(s) 'example_xcom' retrieved from /home/airflow/.local/lib/python3.12/site-packages/airflow/example_dags/example_xcom.py
[2025-02-22T20:34:06.101+0000] {logging_mixin.py:190} INFO - [2025-02-22T20:34:06.100+0000] {dag.py:3239} INFO - Sync 1 DAGs
[2025-02-22T20:34:06.149+0000] {logging_mixin.py:190} INFO - [2025-02-22T20:34:06.149+0000] {dag.py:4180} INFO - Setting next_dagrun for example_xcom to 2021-01-01 00:00:00+00:00, run_after=2021-01-01 00:00:00+00:00
[2025-02-22T20:34:06.205+0000] {processor.py:208} INFO - Processing /home/airflow/.local/lib/python3.12/site-packages/airflow/example_dags/example_xcom.py took 0.172 seconds
[2025-02-22T20:34:36.393+0000] {processor.py:186} INFO - Started process (PID=205) to work on /home/airflow/.local/lib/python3.12/site-packages/airflow/example_dags/example_xcom.py
[2025-02-22T20:34:36.395+0000] {processor.py:914} INFO - Processing file /home/airflow/.local/lib/python3.12/site-packages/airflow/example_dags/example_xcom.py for tasks to queue
[2025-02-22T20:34:36.399+0000] {logging_mixin.py:190} INFO - [2025-02-22T20:34:36.398+0000] {dagbag.py:588} INFO - Filling up the DagBag from /home/airflow/.local/lib/python3.12/site-packages/airflow/example_dags/example_xcom.py
[2025-02-22T20:34:36.413+0000] {processor.py:925} INFO - DAG(s) 'example_xcom' retrieved from /home/airflow/.local/lib/python3.12/site-packages/airflow/example_dags/example_xcom.py
[2025-02-22T20:34:36.444+0000] {logging_mixin.py:190} INFO - [2025-02-22T20:34:36.444+0000] {dag.py:3239} INFO - Sync 1 DAGs
[2025-02-22T20:34:36.475+0000] {logging_mixin.py:190} INFO - [2025-02-22T20:34:36.474+0000] {dag.py:4180} INFO - Setting next_dagrun for example_xcom to 2021-01-01 00:00:00+00:00, run_after=2021-01-01 00:00:00+00:00
[2025-02-22T20:34:36.499+0000] {processor.py:208} INFO - Processing /home/airflow/.local/lib/python3.12/site-packages/airflow/example_dags/example_xcom.py took 0.115 seconds
[2025-02-22T20:35:06.557+0000] {processor.py:186} INFO - Started process (PID=268) to work on /home/airflow/.local/lib/python3.12/site-packages/airflow/example_dags/example_xcom.py
[2025-02-22T20:35:06.558+0000] {processor.py:914} INFO - Processing file /home/airflow/.local/lib/python3.12/site-packages/airflow/example_dags/example_xcom.py for tasks to queue
[2025-02-22T20:35:06.562+0000] {logging_mixin.py:190} INFO - [2025-02-22T20:35:06.561+0000] {dagbag.py:588} INFO - Filling up the DagBag from /home/airflow/.local/lib/python3.12/site-packages/airflow/example_dags/example_xcom.py
[2025-02-22T20:35:06.572+0000] {processor.py:925} INFO - DAG(s) 'example_xcom' retrieved from /home/airflow/.local/lib/python3.12/site-packages/airflow/example_dags/example_xcom.py
[2025-02-22T20:35:06.598+0000] {logging_mixin.py:190} INFO - [2025-02-22T20:35:06.597+0000] {dag.py:3239} INFO - Sync 1 DAGs
[2025-02-22T20:35:06.626+0000] {logging_mixin.py:190} INFO - [2025-02-22T20:35:06.626+0000] {dag.py:4180} INFO - Setting next_dagrun for example_xcom to 2021-01-01 00:00:00+00:00, run_after=2021-01-01 00:00:00+00:00
[2025-02-22T20:35:06.648+0000] {processor.py:208} INFO - Processing /home/airflow/.local/lib/python3.12/site-packages/airflow/example_dags/example_xcom.py took 0.099 seconds
[2025-02-22T20:35:37.439+0000] {processor.py:186} INFO - Started process (PID=331) to work on /home/airflow/.local/lib/python3.12/site-packages/airflow/example_dags/example_xcom.py
[2025-02-22T20:35:37.441+0000] {processor.py:914} INFO - Processing file /home/airflow/.local/lib/python3.12/site-packages/airflow/example_dags/example_xcom.py for tasks to queue
[2025-02-22T20:35:37.444+0000] {logging_mixin.py:190} INFO - [2025-02-22T20:35:37.444+0000] {dagbag.py:588} INFO - Filling up the DagBag from /home/airflow/.local/lib/python3.12/site-packages/airflow/example_dags/example_xcom.py
[2025-02-22T20:35:37.457+0000] {processor.py:925} INFO - DAG(s) 'example_xcom' retrieved from /home/airflow/.local/lib/python3.12/site-packages/airflow/example_dags/example_xcom.py
[2025-02-22T20:35:37.486+0000] {logging_mixin.py:190} INFO - [2025-02-22T20:35:37.485+0000] {dag.py:3239} INFO - Sync 1 DAGs
[2025-02-22T20:35:37.515+0000] {logging_mixin.py:190} INFO - [2025-02-22T20:35:37.515+0000] {dag.py:4180} INFO - Setting next_dagrun for example_xcom to 2021-01-01 00:00:00+00:00, run_after=2021-01-01 00:00:00+00:00
[2025-02-22T20:35:37.538+0000] {processor.py:208} INFO - Processing /home/airflow/.local/lib/python3.12/site-packages/airflow/example_dags/example_xcom.py took 0.107 seconds
[2025-02-22T20:36:07.593+0000] {processor.py:186} INFO - Started process (PID=395) to work on /home/airflow/.local/lib/python3.12/site-packages/airflow/example_dags/example_xcom.py
[2025-02-22T20:36:07.595+0000] {processor.py:914} INFO - Processing file /home/airflow/.local/lib/python3.12/site-packages/airflow/example_dags/example_xcom.py for tasks to queue
[2025-02-22T20:36:07.598+0000] {logging_mixin.py:190} INFO - [2025-02-22T20:36:07.598+0000] {dagbag.py:588} INFO - Filling up the DagBag from /home/airflow/.local/lib/python3.12/site-packages/airflow/example_dags/example_xcom.py
[2025-02-22T20:36:07.608+0000] {processor.py:925} INFO - DAG(s) 'example_xcom' retrieved from /home/airflow/.local/lib/python3.12/site-packages/airflow/example_dags/example_xcom.py
[2025-02-22T20:36:07.632+0000] {logging_mixin.py:190} INFO - [2025-02-22T20:36:07.632+0000] {dag.py:3239} INFO - Sync 1 DAGs
[2025-02-22T20:36:07.657+0000] {logging_mixin.py:190} INFO - [2025-02-22T20:36:07.657+0000] {dag.py:4180} INFO - Setting next_dagrun for example_xcom to 2021-01-01 00:00:00+00:00, run_after=2021-01-01 00:00:00+00:00
[2025-02-22T20:36:07.680+0000] {processor.py:208} INFO - Processing /home/airflow/.local/lib/python3.12/site-packages/airflow/example_dags/example_xcom.py took 0.093 seconds
[2025-02-22T20:36:37.735+0000] {processor.py:186} INFO - Started process (PID=458) to work on /home/airflow/.local/lib/python3.12/site-packages/airflow/example_dags/example_xcom.py
[2025-02-22T20:36:37.736+0000] {processor.py:914} INFO - Processing file /home/airflow/.local/lib/python3.12/site-packages/airflow/example_dags/example_xcom.py for tasks to queue
[2025-02-22T20:36:37.739+0000] {logging_mixin.py:190} INFO - [2025-02-22T20:36:37.738+0000] {dagbag.py:588} INFO - Filling up the DagBag from /home/airflow/.local/lib/python3.12/site-packages/airflow/example_dags/example_xcom.py
[2025-02-22T20:36:37.749+0000] {processor.py:925} INFO - DAG(s) 'example_xcom' retrieved from /home/airflow/.local/lib/python3.12/site-packages/airflow/example_dags/example_xcom.py
[2025-02-22T20:36:37.773+0000] {logging_mixin.py:190} INFO - [2025-02-22T20:36:37.773+0000] {dag.py:3239} INFO - Sync 1 DAGs
[2025-02-22T20:36:37.799+0000] {logging_mixin.py:190} INFO - [2025-02-22T20:36:37.798+0000] {dag.py:4180} INFO - Setting next_dagrun for example_xcom to 2021-01-01 00:00:00+00:00, run_after=2021-01-01 00:00:00+00:00
[2025-02-22T20:36:37.819+0000] {processor.py:208} INFO - Processing /home/airflow/.local/lib/python3.12/site-packages/airflow/example_dags/example_xcom.py took 0.091 seconds
[2025-02-22T20:37:08.500+0000] {processor.py:186} INFO - Started process (PID=521) to work on /home/airflow/.local/lib/python3.12/site-packages/airflow/example_dags/example_xcom.py
[2025-02-22T20:37:08.502+0000] {processor.py:914} INFO - Processing file /home/airflow/.local/lib/python3.12/site-packages/airflow/example_dags/example_xcom.py for tasks to queue
[2025-02-22T20:37:08.504+0000] {logging_mixin.py:190} INFO - [2025-02-22T20:37:08.504+0000] {dagbag.py:588} INFO - Filling up the DagBag from /home/airflow/.local/lib/python3.12/site-packages/airflow/example_dags/example_xcom.py
[2025-02-22T20:37:08.515+0000] {processor.py:925} INFO - DAG(s) 'example_xcom' retrieved from /home/airflow/.local/lib/python3.12/site-packages/airflow/example_dags/example_xcom.py
[2025-02-22T20:37:08.539+0000] {logging_mixin.py:190} INFO - [2025-02-22T20:37:08.539+0000] {dag.py:3239} INFO - Sync 1 DAGs
[2025-02-22T20:37:08.564+0000] {logging_mixin.py:190} INFO - [2025-02-22T20:37:08.564+0000] {dag.py:4180} INFO - Setting next_dagrun for example_xcom to 2021-01-01 00:00:00+00:00, run_after=2021-01-01 00:00:00+00:00
[2025-02-22T20:37:08.587+0000] {processor.py:208} INFO - Processing /home/airflow/.local/lib/python3.12/site-packages/airflow/example_dags/example_xcom.py took 0.093 seconds
[2025-02-22T20:37:38.825+0000] {processor.py:186} INFO - Started process (PID=584) to work on /home/airflow/.local/lib/python3.12/site-packages/airflow/example_dags/example_xcom.py
[2025-02-22T20:37:38.826+0000] {processor.py:914} INFO - Processing file /home/airflow/.local/lib/python3.12/site-packages/airflow/example_dags/example_xcom.py for tasks to queue
[2025-02-22T20:37:38.828+0000] {logging_mixin.py:190} INFO - [2025-02-22T20:37:38.828+0000] {dagbag.py:588} INFO - Filling up the DagBag from /home/airflow/.local/lib/python3.12/site-packages/airflow/example_dags/example_xcom.py
[2025-02-22T20:37:38.840+0000] {processor.py:925} INFO - DAG(s) 'example_xcom' retrieved from /home/airflow/.local/lib/python3.12/site-packages/airflow/example_dags/example_xcom.py
[2025-02-22T20:37:38.865+0000] {logging_mixin.py:190} INFO - [2025-02-22T20:37:38.865+0000] {dag.py:3239} INFO - Sync 1 DAGs
[2025-02-22T20:37:38.890+0000] {logging_mixin.py:190} INFO - [2025-02-22T20:37:38.890+0000] {dag.py:4180} INFO - Setting next_dagrun for example_xcom to 2021-01-01 00:00:00+00:00, run_after=2021-01-01 00:00:00+00:00
[2025-02-22T20:37:38.912+0000] {processor.py:208} INFO - Processing /home/airflow/.local/lib/python3.12/site-packages/airflow/example_dags/example_xcom.py took 0.094 seconds
[2025-02-22T20:38:09.307+0000] {processor.py:186} INFO - Started process (PID=647) to work on /home/airflow/.local/lib/python3.12/site-packages/airflow/example_dags/example_xcom.py
[2025-02-22T20:38:09.308+0000] {processor.py:914} INFO - Processing file /home/airflow/.local/lib/python3.12/site-packages/airflow/example_dags/example_xcom.py for tasks to queue
[2025-02-22T20:38:09.311+0000] {logging_mixin.py:190} INFO - [2025-02-22T20:38:09.311+0000] {dagbag.py:588} INFO - Filling up the DagBag from /home/airflow/.local/lib/python3.12/site-packages/airflow/example_dags/example_xcom.py
[2025-02-22T20:38:09.322+0000] {processor.py:925} INFO - DAG(s) 'example_xcom' retrieved from /home/airflow/.local/lib/python3.12/site-packages/airflow/example_dags/example_xcom.py
[2025-02-22T20:38:09.346+0000] {logging_mixin.py:190} INFO - [2025-02-22T20:38:09.346+0000] {dag.py:3239} INFO - Sync 1 DAGs
[2025-02-22T20:38:09.371+0000] {logging_mixin.py:190} INFO - [2025-02-22T20:38:09.371+0000] {dag.py:4180} INFO - Setting next_dagrun for example_xcom to 2021-01-01 00:00:00+00:00, run_after=2021-01-01 00:00:00+00:00
[2025-02-22T20:38:09.396+0000] {processor.py:208} INFO - Processing /home/airflow/.local/lib/python3.12/site-packages/airflow/example_dags/example_xcom.py took 0.096 seconds
[2025-02-22T20:38:39.844+0000] {processor.py:186} INFO - Started process (PID=710) to work on /home/airflow/.local/lib/python3.12/site-packages/airflow/example_dags/example_xcom.py
[2025-02-22T20:38:39.846+0000] {processor.py:914} INFO - Processing file /home/airflow/.local/lib/python3.12/site-packages/airflow/example_dags/example_xcom.py for tasks to queue
[2025-02-22T20:38:39.849+0000] {logging_mixin.py:190} INFO - [2025-02-22T20:38:39.849+0000] {dagbag.py:588} INFO - Filling up the DagBag from /home/airflow/.local/lib/python3.12/site-packages/airflow/example_dags/example_xcom.py
[2025-02-22T20:38:39.862+0000] {processor.py:925} INFO - DAG(s) 'example_xcom' retrieved from /home/airflow/.local/lib/python3.12/site-packages/airflow/example_dags/example_xcom.py
[2025-02-22T20:38:39.895+0000] {logging_mixin.py:190} INFO - [2025-02-22T20:38:39.894+0000] {dag.py:3239} INFO - Sync 1 DAGs
[2025-02-22T20:38:39.936+0000] {logging_mixin.py:190} INFO - [2025-02-22T20:38:39.935+0000] {dag.py:4180} INFO - Setting next_dagrun for example_xcom to 2021-01-01 00:00:00+00:00, run_after=2021-01-01 00:00:00+00:00
[2025-02-22T20:38:39.965+0000] {processor.py:208} INFO - Processing /home/airflow/.local/lib/python3.12/site-packages/airflow/example_dags/example_xcom.py took 0.129 seconds
[2025-02-22T20:39:10.701+0000] {processor.py:186} INFO - Started process (PID=773) to work on /home/airflow/.local/lib/python3.12/site-packages/airflow/example_dags/example_xcom.py
[2025-02-22T20:39:10.702+0000] {processor.py:914} INFO - Processing file /home/airflow/.local/lib/python3.12/site-packages/airflow/example_dags/example_xcom.py for tasks to queue
[2025-02-22T20:39:10.705+0000] {logging_mixin.py:190} INFO - [2025-02-22T20:39:10.705+0000] {dagbag.py:588} INFO - Filling up the DagBag from /home/airflow/.local/lib/python3.12/site-packages/airflow/example_dags/example_xcom.py
[2025-02-22T20:39:10.716+0000] {processor.py:925} INFO - DAG(s) 'example_xcom' retrieved from /home/airflow/.local/lib/python3.12/site-packages/airflow/example_dags/example_xcom.py
[2025-02-22T20:39:10.741+0000] {logging_mixin.py:190} INFO - [2025-02-22T20:39:10.741+0000] {dag.py:3239} INFO - Sync 1 DAGs
[2025-02-22T20:39:10.767+0000] {logging_mixin.py:190} INFO - [2025-02-22T20:39:10.767+0000] {dag.py:4180} INFO - Setting next_dagrun for example_xcom to 2021-01-01 00:00:00+00:00, run_after=2021-01-01 00:00:00+00:00
[2025-02-22T20:39:10.789+0000] {processor.py:208} INFO - Processing /home/airflow/.local/lib/python3.12/site-packages/airflow/example_dags/example_xcom.py took 0.095 seconds
[2025-02-22T20:39:40.925+0000] {processor.py:186} INFO - Started process (PID=836) to work on /home/airflow/.local/lib/python3.12/site-packages/airflow/example_dags/example_xcom.py
[2025-02-22T20:39:40.926+0000] {processor.py:914} INFO - Processing file /home/airflow/.local/lib/python3.12/site-packages/airflow/example_dags/example_xcom.py for tasks to queue
[2025-02-22T20:39:40.928+0000] {logging_mixin.py:190} INFO - [2025-02-22T20:39:40.928+0000] {dagbag.py:588} INFO - Filling up the DagBag from /home/airflow/.local/lib/python3.12/site-packages/airflow/example_dags/example_xcom.py
[2025-02-22T20:39:40.939+0000] {processor.py:925} INFO - DAG(s) 'example_xcom' retrieved from /home/airflow/.local/lib/python3.12/site-packages/airflow/example_dags/example_xcom.py
[2025-02-22T20:39:40.964+0000] {logging_mixin.py:190} INFO - [2025-02-22T20:39:40.963+0000] {dag.py:3239} INFO - Sync 1 DAGs
[2025-02-22T20:39:40.991+0000] {logging_mixin.py:190} INFO - [2025-02-22T20:39:40.990+0000] {dag.py:4180} INFO - Setting next_dagrun for example_xcom to 2021-01-01 00:00:00+00:00, run_after=2021-01-01 00:00:00+00:00
[2025-02-22T20:39:41.012+0000] {processor.py:208} INFO - Processing /home/airflow/.local/lib/python3.12/site-packages/airflow/example_dags/example_xcom.py took 0.094 seconds
[2025-02-22T20:40:11.555+0000] {processor.py:186} INFO - Started process (PID=899) to work on /home/airflow/.local/lib/python3.12/site-packages/airflow/example_dags/example_xcom.py
[2025-02-22T20:40:11.556+0000] {processor.py:914} INFO - Processing file /home/airflow/.local/lib/python3.12/site-packages/airflow/example_dags/example_xcom.py for tasks to queue
[2025-02-22T20:40:11.559+0000] {logging_mixin.py:190} INFO - [2025-02-22T20:40:11.558+0000] {dagbag.py:588} INFO - Filling up the DagBag from /home/airflow/.local/lib/python3.12/site-packages/airflow/example_dags/example_xcom.py
[2025-02-22T20:40:11.569+0000] {processor.py:925} INFO - DAG(s) 'example_xcom' retrieved from /home/airflow/.local/lib/python3.12/site-packages/airflow/example_dags/example_xcom.py
[2025-02-22T20:40:11.593+0000] {logging_mixin.py:190} INFO - [2025-02-22T20:40:11.593+0000] {dag.py:3239} INFO - Sync 1 DAGs
[2025-02-22T20:40:11.620+0000] {logging_mixin.py:190} INFO - [2025-02-22T20:40:11.619+0000] {dag.py:4180} INFO - Setting next_dagrun for example_xcom to 2021-01-01 00:00:00+00:00, run_after=2021-01-01 00:00:00+00:00
[2025-02-22T20:40:11.643+0000] {processor.py:208} INFO - Processing /home/airflow/.local/lib/python3.12/site-packages/airflow/example_dags/example_xcom.py took 0.095 seconds
[2025-02-22T20:40:42.144+0000] {processor.py:186} INFO - Started process (PID=962) to work on /home/airflow/.local/lib/python3.12/site-packages/airflow/example_dags/example_xcom.py
[2025-02-22T20:40:42.146+0000] {processor.py:914} INFO - Processing file /home/airflow/.local/lib/python3.12/site-packages/airflow/example_dags/example_xcom.py for tasks to queue
[2025-02-22T20:40:42.148+0000] {logging_mixin.py:190} INFO - [2025-02-22T20:40:42.148+0000] {dagbag.py:588} INFO - Filling up the DagBag from /home/airflow/.local/lib/python3.12/site-packages/airflow/example_dags/example_xcom.py
[2025-02-22T20:40:42.160+0000] {processor.py:925} INFO - DAG(s) 'example_xcom' retrieved from /home/airflow/.local/lib/python3.12/site-packages/airflow/example_dags/example_xcom.py
[2025-02-22T20:40:42.183+0000] {logging_mixin.py:190} INFO - [2025-02-22T20:40:42.183+0000] {dag.py:3239} INFO - Sync 1 DAGs
[2025-02-22T20:40:42.209+0000] {logging_mixin.py:190} INFO - [2025-02-22T20:40:42.209+0000] {dag.py:4180} INFO - Setting next_dagrun for example_xcom to 2021-01-01 00:00:00+00:00, run_after=2021-01-01 00:00:00+00:00
[2025-02-22T20:40:42.232+0000] {processor.py:208} INFO - Processing /home/airflow/.local/lib/python3.12/site-packages/airflow/example_dags/example_xcom.py took 0.094 seconds
[2025-02-22T20:41:12.829+0000] {processor.py:186} INFO - Started process (PID=1025) to work on /home/airflow/.local/lib/python3.12/site-packages/airflow/example_dags/example_xcom.py
[2025-02-22T20:41:12.830+0000] {processor.py:914} INFO - Processing file /home/airflow/.local/lib/python3.12/site-packages/airflow/example_dags/example_xcom.py for tasks to queue
[2025-02-22T20:41:12.833+0000] {logging_mixin.py:190} INFO - [2025-02-22T20:41:12.832+0000] {dagbag.py:588} INFO - Filling up the DagBag from /home/airflow/.local/lib/python3.12/site-packages/airflow/example_dags/example_xcom.py
[2025-02-22T20:41:12.845+0000] {processor.py:925} INFO - DAG(s) 'example_xcom' retrieved from /home/airflow/.local/lib/python3.12/site-packages/airflow/example_dags/example_xcom.py
[2025-02-22T20:41:12.880+0000] {logging_mixin.py:190} INFO - [2025-02-22T20:41:12.880+0000] {dag.py:3239} INFO - Sync 1 DAGs
[2025-02-22T20:41:12.923+0000] {logging_mixin.py:190} INFO - [2025-02-22T20:41:12.923+0000] {dag.py:4180} INFO - Setting next_dagrun for example_xcom to 2021-01-01 00:00:00+00:00, run_after=2021-01-01 00:00:00+00:00
[2025-02-22T20:41:12.958+0000] {processor.py:208} INFO - Processing /home/airflow/.local/lib/python3.12/site-packages/airflow/example_dags/example_xcom.py took 0.136 seconds
[2025-02-22T20:41:43.660+0000] {processor.py:186} INFO - Started process (PID=1088) to work on /home/airflow/.local/lib/python3.12/site-packages/airflow/example_dags/example_xcom.py
[2025-02-22T20:41:43.661+0000] {processor.py:914} INFO - Processing file /home/airflow/.local/lib/python3.12/site-packages/airflow/example_dags/example_xcom.py for tasks to queue
[2025-02-22T20:41:43.664+0000] {logging_mixin.py:190} INFO - [2025-02-22T20:41:43.664+0000] {dagbag.py:588} INFO - Filling up the DagBag from /home/airflow/.local/lib/python3.12/site-packages/airflow/example_dags/example_xcom.py
[2025-02-22T20:41:43.681+0000] {processor.py:925} INFO - DAG(s) 'example_xcom' retrieved from /home/airflow/.local/lib/python3.12/site-packages/airflow/example_dags/example_xcom.py
[2025-02-22T20:41:43.706+0000] {logging_mixin.py:190} INFO - [2025-02-22T20:41:43.706+0000] {dag.py:3239} INFO - Sync 1 DAGs
[2025-02-22T20:41:43.732+0000] {logging_mixin.py:190} INFO - [2025-02-22T20:41:43.732+0000] {dag.py:4180} INFO - Setting next_dagrun for example_xcom to 2021-01-01 00:00:00+00:00, run_after=2021-01-01 00:00:00+00:00
[2025-02-22T20:41:43.756+0000] {processor.py:208} INFO - Processing /home/airflow/.local/lib/python3.12/site-packages/airflow/example_dags/example_xcom.py took 0.102 seconds
[2025-02-22T20:42:16.393+0000] {processor.py:186} INFO - Started process (PID=1146) to work on /home/airflow/.local/lib/python3.12/site-packages/airflow/example_dags/example_xcom.py
[2025-02-22T20:42:16.395+0000] {processor.py:914} INFO - Processing file /home/airflow/.local/lib/python3.12/site-packages/airflow/example_dags/example_xcom.py for tasks to queue
[2025-02-22T20:42:16.399+0000] {logging_mixin.py:190} INFO - [2025-02-22T20:42:16.398+0000] {dagbag.py:588} INFO - Filling up the DagBag from /home/airflow/.local/lib/python3.12/site-packages/airflow/example_dags/example_xcom.py
[2025-02-22T20:42:16.415+0000] {processor.py:925} INFO - DAG(s) 'example_xcom' retrieved from /home/airflow/.local/lib/python3.12/site-packages/airflow/example_dags/example_xcom.py
[2025-02-22T20:42:16.446+0000] {logging_mixin.py:190} INFO - [2025-02-22T20:42:16.445+0000] {dag.py:3239} INFO - Sync 1 DAGs
[2025-02-22T20:42:16.482+0000] {logging_mixin.py:190} INFO - [2025-02-22T20:42:16.481+0000] {dag.py:4180} INFO - Setting next_dagrun for example_xcom to 2021-01-01 00:00:00+00:00, run_after=2021-01-01 00:00:00+00:00
[2025-02-22T20:42:16.512+0000] {processor.py:208} INFO - Processing /home/airflow/.local/lib/python3.12/site-packages/airflow/example_dags/example_xcom.py took 0.130 seconds
[2025-02-22T20:42:47.169+0000] {processor.py:186} INFO - Started process (PID=1199) to work on /home/airflow/.local/lib/python3.12/site-packages/airflow/example_dags/example_xcom.py
[2025-02-22T20:42:47.171+0000] {processor.py:914} INFO - Processing file /home/airflow/.local/lib/python3.12/site-packages/airflow/example_dags/example_xcom.py for tasks to queue
[2025-02-22T20:42:47.176+0000] {logging_mixin.py:190} INFO - [2025-02-22T20:42:47.175+0000] {dagbag.py:588} INFO - Filling up the DagBag from /home/airflow/.local/lib/python3.12/site-packages/airflow/example_dags/example_xcom.py
[2025-02-22T20:42:47.190+0000] {processor.py:925} INFO - DAG(s) 'example_xcom' retrieved from /home/airflow/.local/lib/python3.12/site-packages/airflow/example_dags/example_xcom.py
[2025-02-22T20:42:47.230+0000] {logging_mixin.py:190} INFO - [2025-02-22T20:42:47.229+0000] {dag.py:3239} INFO - Sync 1 DAGs
[2025-02-22T20:42:47.281+0000] {logging_mixin.py:190} INFO - [2025-02-22T20:42:47.280+0000] {dag.py:4180} INFO - Setting next_dagrun for example_xcom to 2021-01-01 00:00:00+00:00, run_after=2021-01-01 00:00:00+00:00
[2025-02-22T20:42:47.322+0000] {processor.py:208} INFO - Processing /home/airflow/.local/lib/python3.12/site-packages/airflow/example_dags/example_xcom.py took 0.164 seconds
[2025-02-22T20:43:17.770+0000] {processor.py:186} INFO - Started process (PID=1258) to work on /home/airflow/.local/lib/python3.12/site-packages/airflow/example_dags/example_xcom.py
[2025-02-22T20:43:17.772+0000] {processor.py:914} INFO - Processing file /home/airflow/.local/lib/python3.12/site-packages/airflow/example_dags/example_xcom.py for tasks to queue
[2025-02-22T20:43:17.774+0000] {logging_mixin.py:190} INFO - [2025-02-22T20:43:17.774+0000] {dagbag.py:588} INFO - Filling up the DagBag from /home/airflow/.local/lib/python3.12/site-packages/airflow/example_dags/example_xcom.py
[2025-02-22T20:43:17.786+0000] {processor.py:925} INFO - DAG(s) 'example_xcom' retrieved from /home/airflow/.local/lib/python3.12/site-packages/airflow/example_dags/example_xcom.py
[2025-02-22T20:43:17.816+0000] {logging_mixin.py:190} INFO - [2025-02-22T20:43:17.816+0000] {dag.py:3239} INFO - Sync 1 DAGs
[2025-02-22T20:43:17.857+0000] {logging_mixin.py:190} INFO - [2025-02-22T20:43:17.857+0000] {dag.py:4180} INFO - Setting next_dagrun for example_xcom to 2021-01-01 00:00:00+00:00, run_after=2021-01-01 00:00:00+00:00
[2025-02-22T20:43:17.885+0000] {processor.py:208} INFO - Processing /home/airflow/.local/lib/python3.12/site-packages/airflow/example_dags/example_xcom.py took 0.123 seconds
[2025-02-22T20:43:49.211+0000] {processor.py:186} INFO - Started process (PID=1321) to work on /home/airflow/.local/lib/python3.12/site-packages/airflow/example_dags/example_xcom.py
[2025-02-22T20:43:49.212+0000] {processor.py:914} INFO - Processing file /home/airflow/.local/lib/python3.12/site-packages/airflow/example_dags/example_xcom.py for tasks to queue
[2025-02-22T20:43:49.216+0000] {logging_mixin.py:190} INFO - [2025-02-22T20:43:49.216+0000] {dagbag.py:588} INFO - Filling up the DagBag from /home/airflow/.local/lib/python3.12/site-packages/airflow/example_dags/example_xcom.py
[2025-02-22T20:43:49.228+0000] {processor.py:925} INFO - DAG(s) 'example_xcom' retrieved from /home/airflow/.local/lib/python3.12/site-packages/airflow/example_dags/example_xcom.py
[2025-02-22T20:43:49.255+0000] {logging_mixin.py:190} INFO - [2025-02-22T20:43:49.254+0000] {dag.py:3239} INFO - Sync 1 DAGs
[2025-02-22T20:43:49.283+0000] {logging_mixin.py:190} INFO - [2025-02-22T20:43:49.283+0000] {dag.py:4180} INFO - Setting next_dagrun for example_xcom to 2021-01-01 00:00:00+00:00, run_after=2021-01-01 00:00:00+00:00
[2025-02-22T20:43:49.310+0000] {processor.py:208} INFO - Processing /home/airflow/.local/lib/python3.12/site-packages/airflow/example_dags/example_xcom.py took 0.107 seconds
[2025-02-22T20:44:19.594+0000] {processor.py:186} INFO - Started process (PID=1379) to work on /home/airflow/.local/lib/python3.12/site-packages/airflow/example_dags/example_xcom.py
[2025-02-22T20:44:19.595+0000] {processor.py:914} INFO - Processing file /home/airflow/.local/lib/python3.12/site-packages/airflow/example_dags/example_xcom.py for tasks to queue
[2025-02-22T20:44:19.598+0000] {logging_mixin.py:190} INFO - [2025-02-22T20:44:19.598+0000] {dagbag.py:588} INFO - Filling up the DagBag from /home/airflow/.local/lib/python3.12/site-packages/airflow/example_dags/example_xcom.py
[2025-02-22T20:44:19.608+0000] {processor.py:925} INFO - DAG(s) 'example_xcom' retrieved from /home/airflow/.local/lib/python3.12/site-packages/airflow/example_dags/example_xcom.py
[2025-02-22T20:44:19.636+0000] {logging_mixin.py:190} INFO - [2025-02-22T20:44:19.636+0000] {dag.py:3239} INFO - Sync 1 DAGs
[2025-02-22T20:44:19.660+0000] {logging_mixin.py:190} INFO - [2025-02-22T20:44:19.660+0000] {dag.py:4180} INFO - Setting next_dagrun for example_xcom to 2021-01-01 00:00:00+00:00, run_after=2021-01-01 00:00:00+00:00
[2025-02-22T20:44:19.682+0000] {processor.py:208} INFO - Processing /home/airflow/.local/lib/python3.12/site-packages/airflow/example_dags/example_xcom.py took 0.094 seconds
[2025-02-22T20:44:49.877+0000] {processor.py:186} INFO - Started process (PID=1442) to work on /home/airflow/.local/lib/python3.12/site-packages/airflow/example_dags/example_xcom.py
[2025-02-22T20:44:49.878+0000] {processor.py:914} INFO - Processing file /home/airflow/.local/lib/python3.12/site-packages/airflow/example_dags/example_xcom.py for tasks to queue
[2025-02-22T20:44:49.880+0000] {logging_mixin.py:190} INFO - [2025-02-22T20:44:49.880+0000] {dagbag.py:588} INFO - Filling up the DagBag from /home/airflow/.local/lib/python3.12/site-packages/airflow/example_dags/example_xcom.py
[2025-02-22T20:44:49.891+0000] {processor.py:925} INFO - DAG(s) 'example_xcom' retrieved from /home/airflow/.local/lib/python3.12/site-packages/airflow/example_dags/example_xcom.py
[2025-02-22T20:44:49.918+0000] {logging_mixin.py:190} INFO - [2025-02-22T20:44:49.917+0000] {dag.py:3239} INFO - Sync 1 DAGs
[2025-02-22T20:44:49.947+0000] {logging_mixin.py:190} INFO - [2025-02-22T20:44:49.947+0000] {dag.py:4180} INFO - Setting next_dagrun for example_xcom to 2021-01-01 00:00:00+00:00, run_after=2021-01-01 00:00:00+00:00
[2025-02-22T20:44:49.971+0000] {processor.py:208} INFO - Processing /home/airflow/.local/lib/python3.12/site-packages/airflow/example_dags/example_xcom.py took 0.101 seconds
[2025-02-22T20:45:20.208+0000] {processor.py:186} INFO - Started process (PID=1505) to work on /home/airflow/.local/lib/python3.12/site-packages/airflow/example_dags/example_xcom.py
[2025-02-22T20:45:20.209+0000] {processor.py:914} INFO - Processing file /home/airflow/.local/lib/python3.12/site-packages/airflow/example_dags/example_xcom.py for tasks to queue
[2025-02-22T20:45:20.212+0000] {logging_mixin.py:190} INFO - [2025-02-22T20:45:20.212+0000] {dagbag.py:588} INFO - Filling up the DagBag from /home/airflow/.local/lib/python3.12/site-packages/airflow/example_dags/example_xcom.py
[2025-02-22T20:45:20.223+0000] {processor.py:925} INFO - DAG(s) 'example_xcom' retrieved from /home/airflow/.local/lib/python3.12/site-packages/airflow/example_dags/example_xcom.py
[2025-02-22T20:45:20.247+0000] {logging_mixin.py:190} INFO - [2025-02-22T20:45:20.246+0000] {dag.py:3239} INFO - Sync 1 DAGs
[2025-02-22T20:45:20.273+0000] {logging_mixin.py:190} INFO - [2025-02-22T20:45:20.273+0000] {dag.py:4180} INFO - Setting next_dagrun for example_xcom to 2021-01-01 00:00:00+00:00, run_after=2021-01-01 00:00:00+00:00
[2025-02-22T20:45:20.295+0000] {processor.py:208} INFO - Processing /home/airflow/.local/lib/python3.12/site-packages/airflow/example_dags/example_xcom.py took 0.094 seconds
[2025-02-22T20:45:50.806+0000] {processor.py:186} INFO - Started process (PID=1568) to work on /home/airflow/.local/lib/python3.12/site-packages/airflow/example_dags/example_xcom.py
[2025-02-22T20:45:50.807+0000] {processor.py:914} INFO - Processing file /home/airflow/.local/lib/python3.12/site-packages/airflow/example_dags/example_xcom.py for tasks to queue
[2025-02-22T20:45:50.810+0000] {logging_mixin.py:190} INFO - [2025-02-22T20:45:50.810+0000] {dagbag.py:588} INFO - Filling up the DagBag from /home/airflow/.local/lib/python3.12/site-packages/airflow/example_dags/example_xcom.py
[2025-02-22T20:45:50.822+0000] {processor.py:925} INFO - DAG(s) 'example_xcom' retrieved from /home/airflow/.local/lib/python3.12/site-packages/airflow/example_dags/example_xcom.py
[2025-02-22T20:45:50.849+0000] {logging_mixin.py:190} INFO - [2025-02-22T20:45:50.848+0000] {dag.py:3239} INFO - Sync 1 DAGs
[2025-02-22T20:45:50.879+0000] {logging_mixin.py:190} INFO - [2025-02-22T20:45:50.879+0000] {dag.py:4180} INFO - Setting next_dagrun for example_xcom to 2021-01-01 00:00:00+00:00, run_after=2021-01-01 00:00:00+00:00
[2025-02-22T20:45:50.902+0000] {processor.py:208} INFO - Processing /home/airflow/.local/lib/python3.12/site-packages/airflow/example_dags/example_xcom.py took 0.104 seconds
[2025-02-22T20:46:21.817+0000] {processor.py:186} INFO - Started process (PID=1631) to work on /home/airflow/.local/lib/python3.12/site-packages/airflow/example_dags/example_xcom.py
[2025-02-22T20:46:21.818+0000] {processor.py:914} INFO - Processing file /home/airflow/.local/lib/python3.12/site-packages/airflow/example_dags/example_xcom.py for tasks to queue
[2025-02-22T20:46:21.821+0000] {logging_mixin.py:190} INFO - [2025-02-22T20:46:21.821+0000] {dagbag.py:588} INFO - Filling up the DagBag from /home/airflow/.local/lib/python3.12/site-packages/airflow/example_dags/example_xcom.py
[2025-02-22T20:46:21.835+0000] {processor.py:925} INFO - DAG(s) 'example_xcom' retrieved from /home/airflow/.local/lib/python3.12/site-packages/airflow/example_dags/example_xcom.py
[2025-02-22T20:46:21.859+0000] {logging_mixin.py:190} INFO - [2025-02-22T20:46:21.859+0000] {dag.py:3239} INFO - Sync 1 DAGs
[2025-02-22T20:46:21.888+0000] {logging_mixin.py:190} INFO - [2025-02-22T20:46:21.887+0000] {dag.py:4180} INFO - Setting next_dagrun for example_xcom to 2021-01-01 00:00:00+00:00, run_after=2021-01-01 00:00:00+00:00
[2025-02-22T20:46:21.910+0000] {processor.py:208} INFO - Processing /home/airflow/.local/lib/python3.12/site-packages/airflow/example_dags/example_xcom.py took 0.099 seconds
[2025-02-22T20:46:52.793+0000] {processor.py:186} INFO - Started process (PID=1694) to work on /home/airflow/.local/lib/python3.12/site-packages/airflow/example_dags/example_xcom.py
[2025-02-22T20:46:52.794+0000] {processor.py:914} INFO - Processing file /home/airflow/.local/lib/python3.12/site-packages/airflow/example_dags/example_xcom.py for tasks to queue
[2025-02-22T20:46:52.797+0000] {logging_mixin.py:190} INFO - [2025-02-22T20:46:52.797+0000] {dagbag.py:588} INFO - Filling up the DagBag from /home/airflow/.local/lib/python3.12/site-packages/airflow/example_dags/example_xcom.py
[2025-02-22T20:46:52.807+0000] {processor.py:925} INFO - DAG(s) 'example_xcom' retrieved from /home/airflow/.local/lib/python3.12/site-packages/airflow/example_dags/example_xcom.py
[2025-02-22T20:46:52.832+0000] {logging_mixin.py:190} INFO - [2025-02-22T20:46:52.832+0000] {dag.py:3239} INFO - Sync 1 DAGs
[2025-02-22T20:46:52.856+0000] {logging_mixin.py:190} INFO - [2025-02-22T20:46:52.856+0000] {dag.py:4180} INFO - Setting next_dagrun for example_xcom to 2021-01-01 00:00:00+00:00, run_after=2021-01-01 00:00:00+00:00
[2025-02-22T20:46:52.878+0000] {processor.py:208} INFO - Processing /home/airflow/.local/lib/python3.12/site-packages/airflow/example_dags/example_xcom.py took 0.092 seconds
[2025-02-22T20:47:23.358+0000] {processor.py:186} INFO - Started process (PID=1757) to work on /home/airflow/.local/lib/python3.12/site-packages/airflow/example_dags/example_xcom.py
[2025-02-22T20:47:23.359+0000] {processor.py:914} INFO - Processing file /home/airflow/.local/lib/python3.12/site-packages/airflow/example_dags/example_xcom.py for tasks to queue
[2025-02-22T20:47:23.362+0000] {logging_mixin.py:190} INFO - [2025-02-22T20:47:23.362+0000] {dagbag.py:588} INFO - Filling up the DagBag from /home/airflow/.local/lib/python3.12/site-packages/airflow/example_dags/example_xcom.py
[2025-02-22T20:47:23.373+0000] {processor.py:925} INFO - DAG(s) 'example_xcom' retrieved from /home/airflow/.local/lib/python3.12/site-packages/airflow/example_dags/example_xcom.py
[2025-02-22T20:47:23.396+0000] {logging_mixin.py:190} INFO - [2025-02-22T20:47:23.396+0000] {dag.py:3239} INFO - Sync 1 DAGs
[2025-02-22T20:47:23.422+0000] {logging_mixin.py:190} INFO - [2025-02-22T20:47:23.421+0000] {dag.py:4180} INFO - Setting next_dagrun for example_xcom to 2021-01-01 00:00:00+00:00, run_after=2021-01-01 00:00:00+00:00
[2025-02-22T20:47:23.444+0000] {processor.py:208} INFO - Processing /home/airflow/.local/lib/python3.12/site-packages/airflow/example_dags/example_xcom.py took 0.093 seconds
[2025-02-22T20:47:53.579+0000] {processor.py:186} INFO - Started process (PID=1820) to work on /home/airflow/.local/lib/python3.12/site-packages/airflow/example_dags/example_xcom.py
[2025-02-22T20:47:53.580+0000] {processor.py:914} INFO - Processing file /home/airflow/.local/lib/python3.12/site-packages/airflow/example_dags/example_xcom.py for tasks to queue
[2025-02-22T20:47:53.584+0000] {logging_mixin.py:190} INFO - [2025-02-22T20:47:53.584+0000] {dagbag.py:588} INFO - Filling up the DagBag from /home/airflow/.local/lib/python3.12/site-packages/airflow/example_dags/example_xcom.py
[2025-02-22T20:47:53.595+0000] {processor.py:925} INFO - DAG(s) 'example_xcom' retrieved from /home/airflow/.local/lib/python3.12/site-packages/airflow/example_dags/example_xcom.py
[2025-02-22T20:47:53.618+0000] {logging_mixin.py:190} INFO - [2025-02-22T20:47:53.618+0000] {dag.py:3239} INFO - Sync 1 DAGs
[2025-02-22T20:47:53.644+0000] {logging_mixin.py:190} INFO - [2025-02-22T20:47:53.644+0000] {dag.py:4180} INFO - Setting next_dagrun for example_xcom to 2021-01-01 00:00:00+00:00, run_after=2021-01-01 00:00:00+00:00
[2025-02-22T20:47:53.668+0000] {processor.py:208} INFO - Processing /home/airflow/.local/lib/python3.12/site-packages/airflow/example_dags/example_xcom.py took 0.096 seconds
[2025-02-22T20:48:24.009+0000] {processor.py:186} INFO - Started process (PID=1871) to work on /home/airflow/.local/lib/python3.12/site-packages/airflow/example_dags/example_xcom.py
[2025-02-22T20:48:24.010+0000] {processor.py:914} INFO - Processing file /home/airflow/.local/lib/python3.12/site-packages/airflow/example_dags/example_xcom.py for tasks to queue
[2025-02-22T20:48:24.013+0000] {logging_mixin.py:190} INFO - [2025-02-22T20:48:24.012+0000] {dagbag.py:588} INFO - Filling up the DagBag from /home/airflow/.local/lib/python3.12/site-packages/airflow/example_dags/example_xcom.py
[2025-02-22T20:48:24.025+0000] {processor.py:925} INFO - DAG(s) 'example_xcom' retrieved from /home/airflow/.local/lib/python3.12/site-packages/airflow/example_dags/example_xcom.py
[2025-02-22T20:48:24.051+0000] {logging_mixin.py:190} INFO - [2025-02-22T20:48:24.051+0000] {dag.py:3239} INFO - Sync 1 DAGs
[2025-02-22T20:48:24.086+0000] {logging_mixin.py:190} INFO - [2025-02-22T20:48:24.085+0000] {dag.py:4180} INFO - Setting next_dagrun for example_xcom to 2021-01-01 00:00:00+00:00, run_after=2021-01-01 00:00:00+00:00
[2025-02-22T20:48:24.113+0000] {processor.py:208} INFO - Processing /home/airflow/.local/lib/python3.12/site-packages/airflow/example_dags/example_xcom.py took 0.112 seconds
[2025-02-22T20:48:55.624+0000] {processor.py:186} INFO - Started process (PID=1934) to work on /home/airflow/.local/lib/python3.12/site-packages/airflow/example_dags/example_xcom.py
[2025-02-22T20:48:55.626+0000] {processor.py:914} INFO - Processing file /home/airflow/.local/lib/python3.12/site-packages/airflow/example_dags/example_xcom.py for tasks to queue
[2025-02-22T20:48:55.628+0000] {logging_mixin.py:190} INFO - [2025-02-22T20:48:55.628+0000] {dagbag.py:588} INFO - Filling up the DagBag from /home/airflow/.local/lib/python3.12/site-packages/airflow/example_dags/example_xcom.py
[2025-02-22T20:48:55.643+0000] {processor.py:925} INFO - DAG(s) 'example_xcom' retrieved from /home/airflow/.local/lib/python3.12/site-packages/airflow/example_dags/example_xcom.py
[2025-02-22T20:48:55.666+0000] {logging_mixin.py:190} INFO - [2025-02-22T20:48:55.666+0000] {dag.py:3239} INFO - Sync 1 DAGs
[2025-02-22T20:48:55.692+0000] {logging_mixin.py:190} INFO - [2025-02-22T20:48:55.691+0000] {dag.py:4180} INFO - Setting next_dagrun for example_xcom to 2021-01-01 00:00:00+00:00, run_after=2021-01-01 00:00:00+00:00
[2025-02-22T20:48:55.714+0000] {processor.py:208} INFO - Processing /home/airflow/.local/lib/python3.12/site-packages/airflow/example_dags/example_xcom.py took 0.097 seconds
[2025-02-22T23:49:13.566+0000] {processor.py:186} INFO - Started process (PID=1985) to work on /home/airflow/.local/lib/python3.12/site-packages/airflow/example_dags/example_xcom.py
[2025-02-22T23:49:13.568+0000] {processor.py:914} INFO - Processing file /home/airflow/.local/lib/python3.12/site-packages/airflow/example_dags/example_xcom.py for tasks to queue
[2025-02-22T23:49:13.573+0000] {logging_mixin.py:190} INFO - [2025-02-22T23:49:13.572+0000] {dagbag.py:588} INFO - Filling up the DagBag from /home/airflow/.local/lib/python3.12/site-packages/airflow/example_dags/example_xcom.py
[2025-02-22T23:49:13.606+0000] {processor.py:925} INFO - DAG(s) 'example_xcom' retrieved from /home/airflow/.local/lib/python3.12/site-packages/airflow/example_dags/example_xcom.py
[2025-02-22T23:49:13.667+0000] {logging_mixin.py:190} INFO - [2025-02-22T23:49:13.667+0000] {dag.py:3239} INFO - Sync 1 DAGs
[2025-02-22T23:49:13.738+0000] {logging_mixin.py:190} INFO - [2025-02-22T23:49:13.738+0000] {dag.py:4180} INFO - Setting next_dagrun for example_xcom to 2021-01-01 00:00:00+00:00, run_after=2021-01-01 00:00:00+00:00
[2025-02-22T23:49:13.798+0000] {processor.py:208} INFO - Processing /home/airflow/.local/lib/python3.12/site-packages/airflow/example_dags/example_xcom.py took 0.251 seconds
