[2025-02-22T20:33:34.194+0000] {processor.py:186} INFO - Started process (PID=81) to work on /home/airflow/.local/lib/python3.12/site-packages/airflow/example_dags/example_outlet_event_extra.py
[2025-02-22T20:33:34.197+0000] {processor.py:914} INFO - Processing file /home/airflow/.local/lib/python3.12/site-packages/airflow/example_dags/example_outlet_event_extra.py for tasks to queue
[2025-02-22T20:33:34.206+0000] {logging_mixin.py:190} INFO - [2025-02-22T20:33:34.204+0000] {dagbag.py:588} INFO - Filling up the DagBag from /home/airflow/.local/lib/python3.12/site-packages/airflow/example_dags/example_outlet_event_extra.py
[2025-02-22T20:33:42.592+0000] {processor.py:925} INFO - DAG(s) 'dataset_with_extra_by_yield', 'dataset_with_extra_from_classic_operator', 'dataset_with_extra_by_context' retrieved from /home/airflow/.local/lib/python3.12/site-packages/airflow/example_dags/example_outlet_event_extra.py
[2025-02-22T20:33:42.957+0000] {logging_mixin.py:190} INFO - [2025-02-22T20:33:42.955+0000] {override.py:1912} INFO - Created Permission View: can edit on DAG:dataset_with_extra_by_yield
[2025-02-22T20:33:42.987+0000] {logging_mixin.py:190} INFO - [2025-02-22T20:33:42.987+0000] {override.py:1912} INFO - Created Permission View: can read on DAG:dataset_with_extra_by_yield
[2025-02-22T20:33:43.003+0000] {logging_mixin.py:190} INFO - [2025-02-22T20:33:43.003+0000] {override.py:1912} INFO - Created Permission View: can delete on DAG:dataset_with_extra_by_yield
[2025-02-22T20:33:43.018+0000] {logging_mixin.py:190} INFO - [2025-02-22T20:33:43.018+0000] {override.py:1912} INFO - Created Permission View: can read on DAG Run:dataset_with_extra_by_yield
[2025-02-22T20:33:43.034+0000] {logging_mixin.py:190} INFO - [2025-02-22T20:33:43.034+0000] {override.py:1912} INFO - Created Permission View: menu access on DAG Run:dataset_with_extra_by_yield
[2025-02-22T20:33:43.051+0000] {logging_mixin.py:190} INFO - [2025-02-22T20:33:43.050+0000] {override.py:1912} INFO - Created Permission View: can create on DAG Run:dataset_with_extra_by_yield
[2025-02-22T20:33:43.065+0000] {logging_mixin.py:190} INFO - [2025-02-22T20:33:43.064+0000] {override.py:1912} INFO - Created Permission View: can delete on DAG Run:dataset_with_extra_by_yield
[2025-02-22T20:33:43.118+0000] {logging_mixin.py:190} INFO - [2025-02-22T20:33:43.117+0000] {override.py:1912} INFO - Created Permission View: can edit on DAG:dataset_with_extra_from_classic_operator
[2025-02-22T20:33:43.131+0000] {logging_mixin.py:190} INFO - [2025-02-22T20:33:43.131+0000] {override.py:1912} INFO - Created Permission View: can read on DAG:dataset_with_extra_from_classic_operator
[2025-02-22T20:33:43.146+0000] {logging_mixin.py:190} INFO - [2025-02-22T20:33:43.146+0000] {override.py:1912} INFO - Created Permission View: can delete on DAG:dataset_with_extra_from_classic_operator
[2025-02-22T20:33:43.163+0000] {logging_mixin.py:190} INFO - [2025-02-22T20:33:43.163+0000] {override.py:1912} INFO - Created Permission View: can read on DAG Run:dataset_with_extra_from_classic_operator
[2025-02-22T20:33:43.176+0000] {logging_mixin.py:190} INFO - [2025-02-22T20:33:43.176+0000] {override.py:1912} INFO - Created Permission View: menu access on DAG Run:dataset_with_extra_from_classic_operator
[2025-02-22T20:33:43.191+0000] {logging_mixin.py:190} INFO - [2025-02-22T20:33:43.191+0000] {override.py:1912} INFO - Created Permission View: can create on DAG Run:dataset_with_extra_from_classic_operator
[2025-02-22T20:33:43.205+0000] {logging_mixin.py:190} INFO - [2025-02-22T20:33:43.205+0000] {override.py:1912} INFO - Created Permission View: can delete on DAG Run:dataset_with_extra_from_classic_operator
[2025-02-22T20:33:43.233+0000] {logging_mixin.py:190} INFO - [2025-02-22T20:33:43.232+0000] {override.py:1912} INFO - Created Permission View: can edit on DAG:dataset_with_extra_by_context
[2025-02-22T20:33:43.266+0000] {logging_mixin.py:190} INFO - [2025-02-22T20:33:43.265+0000] {override.py:1912} INFO - Created Permission View: can read on DAG:dataset_with_extra_by_context
[2025-02-22T20:33:43.283+0000] {logging_mixin.py:190} INFO - [2025-02-22T20:33:43.282+0000] {override.py:1912} INFO - Created Permission View: can delete on DAG:dataset_with_extra_by_context
[2025-02-22T20:33:43.305+0000] {logging_mixin.py:190} INFO - [2025-02-22T20:33:43.304+0000] {override.py:1912} INFO - Created Permission View: can read on DAG Run:dataset_with_extra_by_context
[2025-02-22T20:33:43.321+0000] {logging_mixin.py:190} INFO - [2025-02-22T20:33:43.321+0000] {override.py:1912} INFO - Created Permission View: menu access on DAG Run:dataset_with_extra_by_context
[2025-02-22T20:33:43.339+0000] {logging_mixin.py:190} INFO - [2025-02-22T20:33:43.339+0000] {override.py:1912} INFO - Created Permission View: can create on DAG Run:dataset_with_extra_by_context
[2025-02-22T20:33:43.360+0000] {logging_mixin.py:190} INFO - [2025-02-22T20:33:43.358+0000] {override.py:1912} INFO - Created Permission View: can delete on DAG Run:dataset_with_extra_by_context
[2025-02-22T20:33:43.362+0000] {logging_mixin.py:190} INFO - [2025-02-22T20:33:43.361+0000] {dag.py:3239} INFO - Sync 3 DAGs
[2025-02-22T20:33:43.410+0000] {logging_mixin.py:190} INFO - [2025-02-22T20:33:43.409+0000] {dag.py:3262} INFO - Creating ORM DAG for dataset_with_extra_from_classic_operator
[2025-02-22T20:33:43.412+0000] {logging_mixin.py:190} INFO - [2025-02-22T20:33:43.412+0000] {dag.py:3262} INFO - Creating ORM DAG for dataset_with_extra_by_context
[2025-02-22T20:33:43.417+0000] {logging_mixin.py:190} INFO - [2025-02-22T20:33:43.417+0000] {dag.py:3262} INFO - Creating ORM DAG for dataset_with_extra_by_yield
[2025-02-22T20:33:43.454+0000] {logging_mixin.py:190} INFO - [2025-02-22T20:33:43.453+0000] {dag.py:4180} INFO - Setting next_dagrun for dataset_with_extra_by_context to 2025-02-21 00:00:00+00:00, run_after=2025-02-22 00:00:00+00:00
[2025-02-22T20:33:43.458+0000] {logging_mixin.py:190} INFO - [2025-02-22T20:33:43.458+0000] {dag.py:4180} INFO - Setting next_dagrun for dataset_with_extra_by_yield to 2025-02-21 00:00:00+00:00, run_after=2025-02-22 00:00:00+00:00
[2025-02-22T20:33:43.464+0000] {logging_mixin.py:190} INFO - [2025-02-22T20:33:43.464+0000] {dag.py:4180} INFO - Setting next_dagrun for dataset_with_extra_from_classic_operator to 2025-02-21 00:00:00+00:00, run_after=2025-02-22 00:00:00+00:00
[2025-02-22T20:33:43.559+0000] {processor.py:208} INFO - Processing /home/airflow/.local/lib/python3.12/site-packages/airflow/example_dags/example_outlet_event_extra.py took 9.395 seconds
[2025-02-22T20:34:14.097+0000] {processor.py:186} INFO - Started process (PID=143) to work on /home/airflow/.local/lib/python3.12/site-packages/airflow/example_dags/example_outlet_event_extra.py
[2025-02-22T20:34:14.098+0000] {processor.py:914} INFO - Processing file /home/airflow/.local/lib/python3.12/site-packages/airflow/example_dags/example_outlet_event_extra.py for tasks to queue
[2025-02-22T20:34:14.101+0000] {logging_mixin.py:190} INFO - [2025-02-22T20:34:14.101+0000] {dagbag.py:588} INFO - Filling up the DagBag from /home/airflow/.local/lib/python3.12/site-packages/airflow/example_dags/example_outlet_event_extra.py
[2025-02-22T20:34:14.887+0000] {processor.py:925} INFO - DAG(s) 'dataset_with_extra_from_classic_operator', 'dataset_with_extra_by_context', 'dataset_with_extra_by_yield' retrieved from /home/airflow/.local/lib/python3.12/site-packages/airflow/example_dags/example_outlet_event_extra.py
[2025-02-22T20:34:14.930+0000] {logging_mixin.py:190} INFO - [2025-02-22T20:34:14.930+0000] {dag.py:3239} INFO - Sync 3 DAGs
[2025-02-22T20:34:14.970+0000] {logging_mixin.py:190} INFO - [2025-02-22T20:34:14.970+0000] {dag.py:4180} INFO - Setting next_dagrun for dataset_with_extra_by_context to 2025-02-21 00:00:00+00:00, run_after=2025-02-22 00:00:00+00:00
[2025-02-22T20:34:14.980+0000] {logging_mixin.py:190} INFO - [2025-02-22T20:34:14.979+0000] {dag.py:4180} INFO - Setting next_dagrun for dataset_with_extra_by_yield to 2025-02-21 00:00:00+00:00, run_after=2025-02-22 00:00:00+00:00
[2025-02-22T20:34:14.984+0000] {logging_mixin.py:190} INFO - [2025-02-22T20:34:14.983+0000] {dag.py:4180} INFO - Setting next_dagrun for dataset_with_extra_from_classic_operator to 2025-02-21 00:00:00+00:00, run_after=2025-02-22 00:00:00+00:00
[2025-02-22T20:34:15.015+0000] {processor.py:208} INFO - Processing /home/airflow/.local/lib/python3.12/site-packages/airflow/example_dags/example_outlet_event_extra.py took 0.925 seconds
[2025-02-22T20:34:45.454+0000] {processor.py:186} INFO - Started process (PID=206) to work on /home/airflow/.local/lib/python3.12/site-packages/airflow/example_dags/example_outlet_event_extra.py
[2025-02-22T20:34:45.456+0000] {processor.py:914} INFO - Processing file /home/airflow/.local/lib/python3.12/site-packages/airflow/example_dags/example_outlet_event_extra.py for tasks to queue
[2025-02-22T20:34:45.459+0000] {logging_mixin.py:190} INFO - [2025-02-22T20:34:45.459+0000] {dagbag.py:588} INFO - Filling up the DagBag from /home/airflow/.local/lib/python3.12/site-packages/airflow/example_dags/example_outlet_event_extra.py
[2025-02-22T20:34:46.367+0000] {processor.py:925} INFO - DAG(s) 'dataset_with_extra_by_yield', 'dataset_with_extra_by_context', 'dataset_with_extra_from_classic_operator' retrieved from /home/airflow/.local/lib/python3.12/site-packages/airflow/example_dags/example_outlet_event_extra.py
[2025-02-22T20:34:46.434+0000] {logging_mixin.py:190} INFO - [2025-02-22T20:34:46.434+0000] {dag.py:3239} INFO - Sync 3 DAGs
[2025-02-22T20:34:46.526+0000] {logging_mixin.py:190} INFO - [2025-02-22T20:34:46.526+0000] {dag.py:4180} INFO - Setting next_dagrun for dataset_with_extra_by_context to 2025-02-21 00:00:00+00:00, run_after=2025-02-22 00:00:00+00:00
[2025-02-22T20:34:46.537+0000] {logging_mixin.py:190} INFO - [2025-02-22T20:34:46.537+0000] {dag.py:4180} INFO - Setting next_dagrun for dataset_with_extra_by_yield to 2025-02-21 00:00:00+00:00, run_after=2025-02-22 00:00:00+00:00
[2025-02-22T20:34:46.542+0000] {logging_mixin.py:190} INFO - [2025-02-22T20:34:46.542+0000] {dag.py:4180} INFO - Setting next_dagrun for dataset_with_extra_from_classic_operator to 2025-02-21 00:00:00+00:00, run_after=2025-02-22 00:00:00+00:00
[2025-02-22T20:34:46.580+0000] {processor.py:208} INFO - Processing /home/airflow/.local/lib/python3.12/site-packages/airflow/example_dags/example_outlet_event_extra.py took 1.133 seconds
[2025-02-22T20:35:16.741+0000] {processor.py:186} INFO - Started process (PID=270) to work on /home/airflow/.local/lib/python3.12/site-packages/airflow/example_dags/example_outlet_event_extra.py
[2025-02-22T20:35:16.743+0000] {processor.py:914} INFO - Processing file /home/airflow/.local/lib/python3.12/site-packages/airflow/example_dags/example_outlet_event_extra.py for tasks to queue
[2025-02-22T20:35:16.746+0000] {logging_mixin.py:190} INFO - [2025-02-22T20:35:16.745+0000] {dagbag.py:588} INFO - Filling up the DagBag from /home/airflow/.local/lib/python3.12/site-packages/airflow/example_dags/example_outlet_event_extra.py
[2025-02-22T20:35:18.256+0000] {processor.py:925} INFO - DAG(s) 'dataset_with_extra_by_yield', 'dataset_with_extra_by_context', 'dataset_with_extra_from_classic_operator' retrieved from /home/airflow/.local/lib/python3.12/site-packages/airflow/example_dags/example_outlet_event_extra.py
[2025-02-22T20:35:18.293+0000] {logging_mixin.py:190} INFO - [2025-02-22T20:35:18.293+0000] {dag.py:3239} INFO - Sync 3 DAGs
[2025-02-22T20:35:18.340+0000] {logging_mixin.py:190} INFO - [2025-02-22T20:35:18.340+0000] {dag.py:4180} INFO - Setting next_dagrun for dataset_with_extra_by_context to 2025-02-21 00:00:00+00:00, run_after=2025-02-22 00:00:00+00:00
[2025-02-22T20:35:18.350+0000] {logging_mixin.py:190} INFO - [2025-02-22T20:35:18.350+0000] {dag.py:4180} INFO - Setting next_dagrun for dataset_with_extra_by_yield to 2025-02-21 00:00:00+00:00, run_after=2025-02-22 00:00:00+00:00
[2025-02-22T20:35:18.358+0000] {logging_mixin.py:190} INFO - [2025-02-22T20:35:18.357+0000] {dag.py:4180} INFO - Setting next_dagrun for dataset_with_extra_from_classic_operator to 2025-02-21 00:00:00+00:00, run_after=2025-02-22 00:00:00+00:00
[2025-02-22T20:35:18.403+0000] {processor.py:208} INFO - Processing /home/airflow/.local/lib/python3.12/site-packages/airflow/example_dags/example_outlet_event_extra.py took 1.669 seconds
[2025-02-22T20:35:48.510+0000] {processor.py:186} INFO - Started process (PID=332) to work on /home/airflow/.local/lib/python3.12/site-packages/airflow/example_dags/example_outlet_event_extra.py
[2025-02-22T20:35:48.511+0000] {processor.py:914} INFO - Processing file /home/airflow/.local/lib/python3.12/site-packages/airflow/example_dags/example_outlet_event_extra.py for tasks to queue
[2025-02-22T20:35:48.514+0000] {logging_mixin.py:190} INFO - [2025-02-22T20:35:48.514+0000] {dagbag.py:588} INFO - Filling up the DagBag from /home/airflow/.local/lib/python3.12/site-packages/airflow/example_dags/example_outlet_event_extra.py
[2025-02-22T20:35:49.240+0000] {processor.py:925} INFO - DAG(s) 'dataset_with_extra_by_yield', 'dataset_with_extra_from_classic_operator', 'dataset_with_extra_by_context' retrieved from /home/airflow/.local/lib/python3.12/site-packages/airflow/example_dags/example_outlet_event_extra.py
[2025-02-22T20:35:49.273+0000] {logging_mixin.py:190} INFO - [2025-02-22T20:35:49.272+0000] {dag.py:3239} INFO - Sync 3 DAGs
[2025-02-22T20:35:49.308+0000] {logging_mixin.py:190} INFO - [2025-02-22T20:35:49.307+0000] {dag.py:4180} INFO - Setting next_dagrun for dataset_with_extra_by_context to 2025-02-21 00:00:00+00:00, run_after=2025-02-22 00:00:00+00:00
[2025-02-22T20:35:49.315+0000] {logging_mixin.py:190} INFO - [2025-02-22T20:35:49.315+0000] {dag.py:4180} INFO - Setting next_dagrun for dataset_with_extra_by_yield to 2025-02-21 00:00:00+00:00, run_after=2025-02-22 00:00:00+00:00
[2025-02-22T20:35:49.320+0000] {logging_mixin.py:190} INFO - [2025-02-22T20:35:49.319+0000] {dag.py:4180} INFO - Setting next_dagrun for dataset_with_extra_from_classic_operator to 2025-02-21 00:00:00+00:00, run_after=2025-02-22 00:00:00+00:00
[2025-02-22T20:35:49.352+0000] {processor.py:208} INFO - Processing /home/airflow/.local/lib/python3.12/site-packages/airflow/example_dags/example_outlet_event_extra.py took 0.849 seconds
[2025-02-22T20:36:19.672+0000] {processor.py:186} INFO - Started process (PID=396) to work on /home/airflow/.local/lib/python3.12/site-packages/airflow/example_dags/example_outlet_event_extra.py
[2025-02-22T20:36:19.674+0000] {processor.py:914} INFO - Processing file /home/airflow/.local/lib/python3.12/site-packages/airflow/example_dags/example_outlet_event_extra.py for tasks to queue
[2025-02-22T20:36:19.677+0000] {logging_mixin.py:190} INFO - [2025-02-22T20:36:19.676+0000] {dagbag.py:588} INFO - Filling up the DagBag from /home/airflow/.local/lib/python3.12/site-packages/airflow/example_dags/example_outlet_event_extra.py
[2025-02-22T20:36:20.332+0000] {processor.py:925} INFO - DAG(s) 'dataset_with_extra_by_context', 'dataset_with_extra_from_classic_operator', 'dataset_with_extra_by_yield' retrieved from /home/airflow/.local/lib/python3.12/site-packages/airflow/example_dags/example_outlet_event_extra.py
[2025-02-22T20:36:20.359+0000] {logging_mixin.py:190} INFO - [2025-02-22T20:36:20.359+0000] {dag.py:3239} INFO - Sync 3 DAGs
[2025-02-22T20:36:20.387+0000] {logging_mixin.py:190} INFO - [2025-02-22T20:36:20.386+0000] {dag.py:4180} INFO - Setting next_dagrun for dataset_with_extra_by_context to 2025-02-21 00:00:00+00:00, run_after=2025-02-22 00:00:00+00:00
[2025-02-22T20:36:20.393+0000] {logging_mixin.py:190} INFO - [2025-02-22T20:36:20.392+0000] {dag.py:4180} INFO - Setting next_dagrun for dataset_with_extra_by_yield to 2025-02-21 00:00:00+00:00, run_after=2025-02-22 00:00:00+00:00
[2025-02-22T20:36:20.396+0000] {logging_mixin.py:190} INFO - [2025-02-22T20:36:20.396+0000] {dag.py:4180} INFO - Setting next_dagrun for dataset_with_extra_from_classic_operator to 2025-02-21 00:00:00+00:00, run_after=2025-02-22 00:00:00+00:00
[2025-02-22T20:36:20.422+0000] {processor.py:208} INFO - Processing /home/airflow/.local/lib/python3.12/site-packages/airflow/example_dags/example_outlet_event_extra.py took 0.756 seconds
[2025-02-22T20:36:50.893+0000] {processor.py:186} INFO - Started process (PID=459) to work on /home/airflow/.local/lib/python3.12/site-packages/airflow/example_dags/example_outlet_event_extra.py
[2025-02-22T20:36:50.894+0000] {processor.py:914} INFO - Processing file /home/airflow/.local/lib/python3.12/site-packages/airflow/example_dags/example_outlet_event_extra.py for tasks to queue
[2025-02-22T20:36:50.897+0000] {logging_mixin.py:190} INFO - [2025-02-22T20:36:50.896+0000] {dagbag.py:588} INFO - Filling up the DagBag from /home/airflow/.local/lib/python3.12/site-packages/airflow/example_dags/example_outlet_event_extra.py
[2025-02-22T20:36:51.610+0000] {processor.py:925} INFO - DAG(s) 'dataset_with_extra_by_context', 'dataset_with_extra_by_yield', 'dataset_with_extra_from_classic_operator' retrieved from /home/airflow/.local/lib/python3.12/site-packages/airflow/example_dags/example_outlet_event_extra.py
[2025-02-22T20:36:51.658+0000] {logging_mixin.py:190} INFO - [2025-02-22T20:36:51.658+0000] {dag.py:3239} INFO - Sync 3 DAGs
[2025-02-22T20:36:51.687+0000] {logging_mixin.py:190} INFO - [2025-02-22T20:36:51.687+0000] {dag.py:4180} INFO - Setting next_dagrun for dataset_with_extra_by_context to 2025-02-21 00:00:00+00:00, run_after=2025-02-22 00:00:00+00:00
[2025-02-22T20:36:51.693+0000] {logging_mixin.py:190} INFO - [2025-02-22T20:36:51.693+0000] {dag.py:4180} INFO - Setting next_dagrun for dataset_with_extra_by_yield to 2025-02-21 00:00:00+00:00, run_after=2025-02-22 00:00:00+00:00
[2025-02-22T20:36:51.697+0000] {logging_mixin.py:190} INFO - [2025-02-22T20:36:51.697+0000] {dag.py:4180} INFO - Setting next_dagrun for dataset_with_extra_from_classic_operator to 2025-02-21 00:00:00+00:00, run_after=2025-02-22 00:00:00+00:00
[2025-02-22T20:36:51.725+0000] {processor.py:208} INFO - Processing /home/airflow/.local/lib/python3.12/site-packages/airflow/example_dags/example_outlet_event_extra.py took 0.840 seconds
[2025-02-22T20:37:22.480+0000] {processor.py:186} INFO - Started process (PID=523) to work on /home/airflow/.local/lib/python3.12/site-packages/airflow/example_dags/example_outlet_event_extra.py
[2025-02-22T20:37:22.481+0000] {processor.py:914} INFO - Processing file /home/airflow/.local/lib/python3.12/site-packages/airflow/example_dags/example_outlet_event_extra.py for tasks to queue
[2025-02-22T20:37:22.484+0000] {logging_mixin.py:190} INFO - [2025-02-22T20:37:22.484+0000] {dagbag.py:588} INFO - Filling up the DagBag from /home/airflow/.local/lib/python3.12/site-packages/airflow/example_dags/example_outlet_event_extra.py
[2025-02-22T20:37:23.129+0000] {processor.py:925} INFO - DAG(s) 'dataset_with_extra_by_yield', 'dataset_with_extra_from_classic_operator', 'dataset_with_extra_by_context' retrieved from /home/airflow/.local/lib/python3.12/site-packages/airflow/example_dags/example_outlet_event_extra.py
[2025-02-22T20:37:23.158+0000] {logging_mixin.py:190} INFO - [2025-02-22T20:37:23.158+0000] {dag.py:3239} INFO - Sync 3 DAGs
[2025-02-22T20:37:23.186+0000] {logging_mixin.py:190} INFO - [2025-02-22T20:37:23.186+0000] {dag.py:4180} INFO - Setting next_dagrun for dataset_with_extra_by_context to 2025-02-21 00:00:00+00:00, run_after=2025-02-22 00:00:00+00:00
[2025-02-22T20:37:23.192+0000] {logging_mixin.py:190} INFO - [2025-02-22T20:37:23.192+0000] {dag.py:4180} INFO - Setting next_dagrun for dataset_with_extra_by_yield to 2025-02-21 00:00:00+00:00, run_after=2025-02-22 00:00:00+00:00
[2025-02-22T20:37:23.196+0000] {logging_mixin.py:190} INFO - [2025-02-22T20:37:23.196+0000] {dag.py:4180} INFO - Setting next_dagrun for dataset_with_extra_from_classic_operator to 2025-02-21 00:00:00+00:00, run_after=2025-02-22 00:00:00+00:00
[2025-02-22T20:37:23.222+0000] {processor.py:208} INFO - Processing /home/airflow/.local/lib/python3.12/site-packages/airflow/example_dags/example_outlet_event_extra.py took 0.749 seconds
[2025-02-22T20:37:53.591+0000] {processor.py:186} INFO - Started process (PID=590) to work on /home/airflow/.local/lib/python3.12/site-packages/airflow/example_dags/example_outlet_event_extra.py
[2025-02-22T20:37:53.592+0000] {processor.py:914} INFO - Processing file /home/airflow/.local/lib/python3.12/site-packages/airflow/example_dags/example_outlet_event_extra.py for tasks to queue
[2025-02-22T20:37:53.596+0000] {logging_mixin.py:190} INFO - [2025-02-22T20:37:53.595+0000] {dagbag.py:588} INFO - Filling up the DagBag from /home/airflow/.local/lib/python3.12/site-packages/airflow/example_dags/example_outlet_event_extra.py
[2025-02-22T20:37:54.587+0000] {processor.py:925} INFO - DAG(s) 'dataset_with_extra_from_classic_operator', 'dataset_with_extra_by_context', 'dataset_with_extra_by_yield' retrieved from /home/airflow/.local/lib/python3.12/site-packages/airflow/example_dags/example_outlet_event_extra.py
[2025-02-22T20:37:54.628+0000] {logging_mixin.py:190} INFO - [2025-02-22T20:37:54.628+0000] {dag.py:3239} INFO - Sync 3 DAGs
[2025-02-22T20:37:54.683+0000] {logging_mixin.py:190} INFO - [2025-02-22T20:37:54.682+0000] {dag.py:4180} INFO - Setting next_dagrun for dataset_with_extra_by_context to 2025-02-21 00:00:00+00:00, run_after=2025-02-22 00:00:00+00:00
[2025-02-22T20:37:54.695+0000] {logging_mixin.py:190} INFO - [2025-02-22T20:37:54.695+0000] {dag.py:4180} INFO - Setting next_dagrun for dataset_with_extra_by_yield to 2025-02-21 00:00:00+00:00, run_after=2025-02-22 00:00:00+00:00
[2025-02-22T20:37:54.699+0000] {logging_mixin.py:190} INFO - [2025-02-22T20:37:54.699+0000] {dag.py:4180} INFO - Setting next_dagrun for dataset_with_extra_from_classic_operator to 2025-02-21 00:00:00+00:00, run_after=2025-02-22 00:00:00+00:00
[2025-02-22T20:37:54.722+0000] {processor.py:208} INFO - Processing /home/airflow/.local/lib/python3.12/site-packages/airflow/example_dags/example_outlet_event_extra.py took 1.142 seconds
[2025-02-22T20:38:24.827+0000] {processor.py:186} INFO - Started process (PID=652) to work on /home/airflow/.local/lib/python3.12/site-packages/airflow/example_dags/example_outlet_event_extra.py
[2025-02-22T20:38:24.828+0000] {processor.py:914} INFO - Processing file /home/airflow/.local/lib/python3.12/site-packages/airflow/example_dags/example_outlet_event_extra.py for tasks to queue
[2025-02-22T20:38:24.831+0000] {logging_mixin.py:190} INFO - [2025-02-22T20:38:24.831+0000] {dagbag.py:588} INFO - Filling up the DagBag from /home/airflow/.local/lib/python3.12/site-packages/airflow/example_dags/example_outlet_event_extra.py
[2025-02-22T20:38:25.486+0000] {processor.py:925} INFO - DAG(s) 'dataset_with_extra_by_yield', 'dataset_with_extra_from_classic_operator', 'dataset_with_extra_by_context' retrieved from /home/airflow/.local/lib/python3.12/site-packages/airflow/example_dags/example_outlet_event_extra.py
[2025-02-22T20:38:25.521+0000] {logging_mixin.py:190} INFO - [2025-02-22T20:38:25.521+0000] {dag.py:3239} INFO - Sync 3 DAGs
[2025-02-22T20:38:25.550+0000] {logging_mixin.py:190} INFO - [2025-02-22T20:38:25.550+0000] {dag.py:4180} INFO - Setting next_dagrun for dataset_with_extra_by_context to 2025-02-21 00:00:00+00:00, run_after=2025-02-22 00:00:00+00:00
[2025-02-22T20:38:25.556+0000] {logging_mixin.py:190} INFO - [2025-02-22T20:38:25.556+0000] {dag.py:4180} INFO - Setting next_dagrun for dataset_with_extra_by_yield to 2025-02-21 00:00:00+00:00, run_after=2025-02-22 00:00:00+00:00
[2025-02-22T20:38:25.560+0000] {logging_mixin.py:190} INFO - [2025-02-22T20:38:25.560+0000] {dag.py:4180} INFO - Setting next_dagrun for dataset_with_extra_from_classic_operator to 2025-02-21 00:00:00+00:00, run_after=2025-02-22 00:00:00+00:00
[2025-02-22T20:38:25.590+0000] {processor.py:208} INFO - Processing /home/airflow/.local/lib/python3.12/site-packages/airflow/example_dags/example_outlet_event_extra.py took 0.770 seconds
[2025-02-22T20:38:56.728+0000] {processor.py:186} INFO - Started process (PID=715) to work on /home/airflow/.local/lib/python3.12/site-packages/airflow/example_dags/example_outlet_event_extra.py
[2025-02-22T20:38:56.741+0000] {processor.py:914} INFO - Processing file /home/airflow/.local/lib/python3.12/site-packages/airflow/example_dags/example_outlet_event_extra.py for tasks to queue
[2025-02-22T20:38:56.752+0000] {logging_mixin.py:190} INFO - [2025-02-22T20:38:56.751+0000] {dagbag.py:588} INFO - Filling up the DagBag from /home/airflow/.local/lib/python3.12/site-packages/airflow/example_dags/example_outlet_event_extra.py
[2025-02-22T20:38:58.209+0000] {processor.py:925} INFO - DAG(s) 'dataset_with_extra_from_classic_operator', 'dataset_with_extra_by_context', 'dataset_with_extra_by_yield' retrieved from /home/airflow/.local/lib/python3.12/site-packages/airflow/example_dags/example_outlet_event_extra.py
[2025-02-22T20:38:58.279+0000] {logging_mixin.py:190} INFO - [2025-02-22T20:38:58.277+0000] {dag.py:3239} INFO - Sync 3 DAGs
[2025-02-22T20:38:58.353+0000] {logging_mixin.py:190} INFO - [2025-02-22T20:38:58.353+0000] {dag.py:4180} INFO - Setting next_dagrun for dataset_with_extra_by_context to 2025-02-21 00:00:00+00:00, run_after=2025-02-22 00:00:00+00:00
[2025-02-22T20:38:58.363+0000] {logging_mixin.py:190} INFO - [2025-02-22T20:38:58.362+0000] {dag.py:4180} INFO - Setting next_dagrun for dataset_with_extra_by_yield to 2025-02-21 00:00:00+00:00, run_after=2025-02-22 00:00:00+00:00
[2025-02-22T20:38:58.372+0000] {logging_mixin.py:190} INFO - [2025-02-22T20:38:58.371+0000] {dag.py:4180} INFO - Setting next_dagrun for dataset_with_extra_from_classic_operator to 2025-02-21 00:00:00+00:00, run_after=2025-02-22 00:00:00+00:00
[2025-02-22T20:38:58.435+0000] {processor.py:208} INFO - Processing /home/airflow/.local/lib/python3.12/site-packages/airflow/example_dags/example_outlet_event_extra.py took 1.742 seconds
[2025-02-22T20:39:29.207+0000] {processor.py:186} INFO - Started process (PID=784) to work on /home/airflow/.local/lib/python3.12/site-packages/airflow/example_dags/example_outlet_event_extra.py
[2025-02-22T20:39:29.208+0000] {processor.py:914} INFO - Processing file /home/airflow/.local/lib/python3.12/site-packages/airflow/example_dags/example_outlet_event_extra.py for tasks to queue
[2025-02-22T20:39:29.212+0000] {logging_mixin.py:190} INFO - [2025-02-22T20:39:29.212+0000] {dagbag.py:588} INFO - Filling up the DagBag from /home/airflow/.local/lib/python3.12/site-packages/airflow/example_dags/example_outlet_event_extra.py
[2025-02-22T20:39:29.827+0000] {processor.py:925} INFO - DAG(s) 'dataset_with_extra_by_context', 'dataset_with_extra_from_classic_operator', 'dataset_with_extra_by_yield' retrieved from /home/airflow/.local/lib/python3.12/site-packages/airflow/example_dags/example_outlet_event_extra.py
[2025-02-22T20:39:29.856+0000] {logging_mixin.py:190} INFO - [2025-02-22T20:39:29.856+0000] {dag.py:3239} INFO - Sync 3 DAGs
[2025-02-22T20:39:29.884+0000] {logging_mixin.py:190} INFO - [2025-02-22T20:39:29.884+0000] {dag.py:4180} INFO - Setting next_dagrun for dataset_with_extra_by_context to 2025-02-21 00:00:00+00:00, run_after=2025-02-22 00:00:00+00:00
[2025-02-22T20:39:29.891+0000] {logging_mixin.py:190} INFO - [2025-02-22T20:39:29.890+0000] {dag.py:4180} INFO - Setting next_dagrun for dataset_with_extra_by_yield to 2025-02-21 00:00:00+00:00, run_after=2025-02-22 00:00:00+00:00
[2025-02-22T20:39:29.894+0000] {logging_mixin.py:190} INFO - [2025-02-22T20:39:29.894+0000] {dag.py:4180} INFO - Setting next_dagrun for dataset_with_extra_from_classic_operator to 2025-02-21 00:00:00+00:00, run_after=2025-02-22 00:00:00+00:00
[2025-02-22T20:39:29.919+0000] {processor.py:208} INFO - Processing /home/airflow/.local/lib/python3.12/site-packages/airflow/example_dags/example_outlet_event_extra.py took 0.719 seconds
[2025-02-22T20:40:00.498+0000] {processor.py:186} INFO - Started process (PID=847) to work on /home/airflow/.local/lib/python3.12/site-packages/airflow/example_dags/example_outlet_event_extra.py
[2025-02-22T20:40:00.500+0000] {processor.py:914} INFO - Processing file /home/airflow/.local/lib/python3.12/site-packages/airflow/example_dags/example_outlet_event_extra.py for tasks to queue
[2025-02-22T20:40:00.506+0000] {logging_mixin.py:190} INFO - [2025-02-22T20:40:00.505+0000] {dagbag.py:588} INFO - Filling up the DagBag from /home/airflow/.local/lib/python3.12/site-packages/airflow/example_dags/example_outlet_event_extra.py
[2025-02-22T20:40:01.660+0000] {processor.py:925} INFO - DAG(s) 'dataset_with_extra_from_classic_operator', 'dataset_with_extra_by_yield', 'dataset_with_extra_by_context' retrieved from /home/airflow/.local/lib/python3.12/site-packages/airflow/example_dags/example_outlet_event_extra.py
[2025-02-22T20:40:01.718+0000] {logging_mixin.py:190} INFO - [2025-02-22T20:40:01.718+0000] {dag.py:3239} INFO - Sync 3 DAGs
[2025-02-22T20:40:01.781+0000] {logging_mixin.py:190} INFO - [2025-02-22T20:40:01.780+0000] {dag.py:4180} INFO - Setting next_dagrun for dataset_with_extra_by_context to 2025-02-21 00:00:00+00:00, run_after=2025-02-22 00:00:00+00:00
[2025-02-22T20:40:01.791+0000] {logging_mixin.py:190} INFO - [2025-02-22T20:40:01.791+0000] {dag.py:4180} INFO - Setting next_dagrun for dataset_with_extra_by_yield to 2025-02-21 00:00:00+00:00, run_after=2025-02-22 00:00:00+00:00
[2025-02-22T20:40:01.797+0000] {logging_mixin.py:190} INFO - [2025-02-22T20:40:01.797+0000] {dag.py:4180} INFO - Setting next_dagrun for dataset_with_extra_from_classic_operator to 2025-02-21 00:00:00+00:00, run_after=2025-02-22 00:00:00+00:00
[2025-02-22T20:40:01.830+0000] {processor.py:208} INFO - Processing /home/airflow/.local/lib/python3.12/site-packages/airflow/example_dags/example_outlet_event_extra.py took 1.347 seconds
[2025-02-22T20:40:32.551+0000] {processor.py:186} INFO - Started process (PID=910) to work on /home/airflow/.local/lib/python3.12/site-packages/airflow/example_dags/example_outlet_event_extra.py
[2025-02-22T20:40:32.552+0000] {processor.py:914} INFO - Processing file /home/airflow/.local/lib/python3.12/site-packages/airflow/example_dags/example_outlet_event_extra.py for tasks to queue
[2025-02-22T20:40:32.555+0000] {logging_mixin.py:190} INFO - [2025-02-22T20:40:32.555+0000] {dagbag.py:588} INFO - Filling up the DagBag from /home/airflow/.local/lib/python3.12/site-packages/airflow/example_dags/example_outlet_event_extra.py
[2025-02-22T20:40:33.197+0000] {processor.py:925} INFO - DAG(s) 'dataset_with_extra_by_yield', 'dataset_with_extra_from_classic_operator', 'dataset_with_extra_by_context' retrieved from /home/airflow/.local/lib/python3.12/site-packages/airflow/example_dags/example_outlet_event_extra.py
[2025-02-22T20:40:33.227+0000] {logging_mixin.py:190} INFO - [2025-02-22T20:40:33.226+0000] {dag.py:3239} INFO - Sync 3 DAGs
[2025-02-22T20:40:33.256+0000] {logging_mixin.py:190} INFO - [2025-02-22T20:40:33.256+0000] {dag.py:4180} INFO - Setting next_dagrun for dataset_with_extra_by_context to 2025-02-21 00:00:00+00:00, run_after=2025-02-22 00:00:00+00:00
[2025-02-22T20:40:33.262+0000] {logging_mixin.py:190} INFO - [2025-02-22T20:40:33.262+0000] {dag.py:4180} INFO - Setting next_dagrun for dataset_with_extra_by_yield to 2025-02-21 00:00:00+00:00, run_after=2025-02-22 00:00:00+00:00
[2025-02-22T20:40:33.266+0000] {logging_mixin.py:190} INFO - [2025-02-22T20:40:33.266+0000] {dag.py:4180} INFO - Setting next_dagrun for dataset_with_extra_from_classic_operator to 2025-02-21 00:00:00+00:00, run_after=2025-02-22 00:00:00+00:00
[2025-02-22T20:40:33.292+0000] {processor.py:208} INFO - Processing /home/airflow/.local/lib/python3.12/site-packages/airflow/example_dags/example_outlet_event_extra.py took 0.748 seconds
[2025-02-22T20:41:03.628+0000] {processor.py:186} INFO - Started process (PID=973) to work on /home/airflow/.local/lib/python3.12/site-packages/airflow/example_dags/example_outlet_event_extra.py
[2025-02-22T20:41:03.629+0000] {processor.py:914} INFO - Processing file /home/airflow/.local/lib/python3.12/site-packages/airflow/example_dags/example_outlet_event_extra.py for tasks to queue
[2025-02-22T20:41:03.632+0000] {logging_mixin.py:190} INFO - [2025-02-22T20:41:03.632+0000] {dagbag.py:588} INFO - Filling up the DagBag from /home/airflow/.local/lib/python3.12/site-packages/airflow/example_dags/example_outlet_event_extra.py
[2025-02-22T20:41:04.351+0000] {processor.py:925} INFO - DAG(s) 'dataset_with_extra_by_context', 'dataset_with_extra_from_classic_operator', 'dataset_with_extra_by_yield' retrieved from /home/airflow/.local/lib/python3.12/site-packages/airflow/example_dags/example_outlet_event_extra.py
[2025-02-22T20:41:04.381+0000] {logging_mixin.py:190} INFO - [2025-02-22T20:41:04.381+0000] {dag.py:3239} INFO - Sync 3 DAGs
[2025-02-22T20:41:04.412+0000] {logging_mixin.py:190} INFO - [2025-02-22T20:41:04.411+0000] {dag.py:4180} INFO - Setting next_dagrun for dataset_with_extra_by_context to 2025-02-21 00:00:00+00:00, run_after=2025-02-22 00:00:00+00:00
[2025-02-22T20:41:04.421+0000] {logging_mixin.py:190} INFO - [2025-02-22T20:41:04.421+0000] {dag.py:4180} INFO - Setting next_dagrun for dataset_with_extra_by_yield to 2025-02-21 00:00:00+00:00, run_after=2025-02-22 00:00:00+00:00
[2025-02-22T20:41:04.425+0000] {logging_mixin.py:190} INFO - [2025-02-22T20:41:04.425+0000] {dag.py:4180} INFO - Setting next_dagrun for dataset_with_extra_from_classic_operator to 2025-02-21 00:00:00+00:00, run_after=2025-02-22 00:00:00+00:00
[2025-02-22T20:41:04.449+0000] {processor.py:208} INFO - Processing /home/airflow/.local/lib/python3.12/site-packages/airflow/example_dags/example_outlet_event_extra.py took 0.827 seconds
[2025-02-22T20:41:34.521+0000] {processor.py:186} INFO - Started process (PID=1036) to work on /home/airflow/.local/lib/python3.12/site-packages/airflow/example_dags/example_outlet_event_extra.py
[2025-02-22T20:41:34.523+0000] {processor.py:914} INFO - Processing file /home/airflow/.local/lib/python3.12/site-packages/airflow/example_dags/example_outlet_event_extra.py for tasks to queue
[2025-02-22T20:41:34.527+0000] {logging_mixin.py:190} INFO - [2025-02-22T20:41:34.526+0000] {dagbag.py:588} INFO - Filling up the DagBag from /home/airflow/.local/lib/python3.12/site-packages/airflow/example_dags/example_outlet_event_extra.py
[2025-02-22T20:41:35.414+0000] {processor.py:925} INFO - DAG(s) 'dataset_with_extra_by_yield', 'dataset_with_extra_by_context', 'dataset_with_extra_from_classic_operator' retrieved from /home/airflow/.local/lib/python3.12/site-packages/airflow/example_dags/example_outlet_event_extra.py
[2025-02-22T20:41:35.447+0000] {logging_mixin.py:190} INFO - [2025-02-22T20:41:35.447+0000] {dag.py:3239} INFO - Sync 3 DAGs
[2025-02-22T20:41:35.486+0000] {logging_mixin.py:190} INFO - [2025-02-22T20:41:35.486+0000] {dag.py:4180} INFO - Setting next_dagrun for dataset_with_extra_by_context to 2025-02-21 00:00:00+00:00, run_after=2025-02-22 00:00:00+00:00
[2025-02-22T20:41:35.493+0000] {logging_mixin.py:190} INFO - [2025-02-22T20:41:35.493+0000] {dag.py:4180} INFO - Setting next_dagrun for dataset_with_extra_by_yield to 2025-02-21 00:00:00+00:00, run_after=2025-02-22 00:00:00+00:00
[2025-02-22T20:41:35.498+0000] {logging_mixin.py:190} INFO - [2025-02-22T20:41:35.497+0000] {dag.py:4180} INFO - Setting next_dagrun for dataset_with_extra_from_classic_operator to 2025-02-21 00:00:00+00:00, run_after=2025-02-22 00:00:00+00:00
[2025-02-22T20:41:35.528+0000] {processor.py:208} INFO - Processing /home/airflow/.local/lib/python3.12/site-packages/airflow/example_dags/example_outlet_event_extra.py took 1.015 seconds
[2025-02-22T20:42:06.326+0000] {processor.py:186} INFO - Started process (PID=1099) to work on /home/airflow/.local/lib/python3.12/site-packages/airflow/example_dags/example_outlet_event_extra.py
[2025-02-22T20:42:06.329+0000] {processor.py:914} INFO - Processing file /home/airflow/.local/lib/python3.12/site-packages/airflow/example_dags/example_outlet_event_extra.py for tasks to queue
[2025-02-22T20:42:06.336+0000] {logging_mixin.py:190} INFO - [2025-02-22T20:42:06.335+0000] {dagbag.py:588} INFO - Filling up the DagBag from /home/airflow/.local/lib/python3.12/site-packages/airflow/example_dags/example_outlet_event_extra.py
[2025-02-22T20:42:07.981+0000] {processor.py:925} INFO - DAG(s) 'dataset_with_extra_from_classic_operator', 'dataset_with_extra_by_yield', 'dataset_with_extra_by_context' retrieved from /home/airflow/.local/lib/python3.12/site-packages/airflow/example_dags/example_outlet_event_extra.py
[2025-02-22T20:42:08.164+0000] {logging_mixin.py:190} INFO - [2025-02-22T20:42:08.163+0000] {dag.py:3239} INFO - Sync 3 DAGs
[2025-02-22T20:42:08.259+0000] {logging_mixin.py:190} INFO - [2025-02-22T20:42:08.259+0000] {dag.py:4180} INFO - Setting next_dagrun for dataset_with_extra_by_context to 2025-02-21 00:00:00+00:00, run_after=2025-02-22 00:00:00+00:00
[2025-02-22T20:42:08.277+0000] {logging_mixin.py:190} INFO - [2025-02-22T20:42:08.277+0000] {dag.py:4180} INFO - Setting next_dagrun for dataset_with_extra_by_yield to 2025-02-21 00:00:00+00:00, run_after=2025-02-22 00:00:00+00:00
[2025-02-22T20:42:08.291+0000] {logging_mixin.py:190} INFO - [2025-02-22T20:42:08.290+0000] {dag.py:4180} INFO - Setting next_dagrun for dataset_with_extra_from_classic_operator to 2025-02-21 00:00:00+00:00, run_after=2025-02-22 00:00:00+00:00
[2025-02-22T20:42:08.371+0000] {processor.py:208} INFO - Processing /home/airflow/.local/lib/python3.12/site-packages/airflow/example_dags/example_outlet_event_extra.py took 2.060 seconds
[2025-02-22T20:42:38.549+0000] {processor.py:186} INFO - Started process (PID=1162) to work on /home/airflow/.local/lib/python3.12/site-packages/airflow/example_dags/example_outlet_event_extra.py
[2025-02-22T20:42:38.550+0000] {processor.py:914} INFO - Processing file /home/airflow/.local/lib/python3.12/site-packages/airflow/example_dags/example_outlet_event_extra.py for tasks to queue
[2025-02-22T20:42:38.553+0000] {logging_mixin.py:190} INFO - [2025-02-22T20:42:38.553+0000] {dagbag.py:588} INFO - Filling up the DagBag from /home/airflow/.local/lib/python3.12/site-packages/airflow/example_dags/example_outlet_event_extra.py
[2025-02-22T20:42:39.326+0000] {processor.py:925} INFO - DAG(s) 'dataset_with_extra_by_context', 'dataset_with_extra_by_yield', 'dataset_with_extra_from_classic_operator' retrieved from /home/airflow/.local/lib/python3.12/site-packages/airflow/example_dags/example_outlet_event_extra.py
[2025-02-22T20:42:39.366+0000] {logging_mixin.py:190} INFO - [2025-02-22T20:42:39.365+0000] {dag.py:3239} INFO - Sync 3 DAGs
[2025-02-22T20:42:39.409+0000] {logging_mixin.py:190} INFO - [2025-02-22T20:42:39.408+0000] {dag.py:4180} INFO - Setting next_dagrun for dataset_with_extra_by_context to 2025-02-21 00:00:00+00:00, run_after=2025-02-22 00:00:00+00:00
[2025-02-22T20:42:39.416+0000] {logging_mixin.py:190} INFO - [2025-02-22T20:42:39.416+0000] {dag.py:4180} INFO - Setting next_dagrun for dataset_with_extra_by_yield to 2025-02-21 00:00:00+00:00, run_after=2025-02-22 00:00:00+00:00
[2025-02-22T20:42:39.421+0000] {logging_mixin.py:190} INFO - [2025-02-22T20:42:39.421+0000] {dag.py:4180} INFO - Setting next_dagrun for dataset_with_extra_from_classic_operator to 2025-02-21 00:00:00+00:00, run_after=2025-02-22 00:00:00+00:00
[2025-02-22T20:42:39.463+0000] {processor.py:208} INFO - Processing /home/airflow/.local/lib/python3.12/site-packages/airflow/example_dags/example_outlet_event_extra.py took 0.921 seconds
[2025-02-22T20:43:09.837+0000] {processor.py:186} INFO - Started process (PID=1225) to work on /home/airflow/.local/lib/python3.12/site-packages/airflow/example_dags/example_outlet_event_extra.py
[2025-02-22T20:43:09.838+0000] {processor.py:914} INFO - Processing file /home/airflow/.local/lib/python3.12/site-packages/airflow/example_dags/example_outlet_event_extra.py for tasks to queue
[2025-02-22T20:43:09.841+0000] {logging_mixin.py:190} INFO - [2025-02-22T20:43:09.840+0000] {dagbag.py:588} INFO - Filling up the DagBag from /home/airflow/.local/lib/python3.12/site-packages/airflow/example_dags/example_outlet_event_extra.py
[2025-02-22T20:43:10.490+0000] {processor.py:925} INFO - DAG(s) 'dataset_with_extra_by_yield', 'dataset_with_extra_from_classic_operator', 'dataset_with_extra_by_context' retrieved from /home/airflow/.local/lib/python3.12/site-packages/airflow/example_dags/example_outlet_event_extra.py
[2025-02-22T20:43:10.520+0000] {logging_mixin.py:190} INFO - [2025-02-22T20:43:10.520+0000] {dag.py:3239} INFO - Sync 3 DAGs
[2025-02-22T20:43:10.550+0000] {logging_mixin.py:190} INFO - [2025-02-22T20:43:10.550+0000] {dag.py:4180} INFO - Setting next_dagrun for dataset_with_extra_by_context to 2025-02-21 00:00:00+00:00, run_after=2025-02-22 00:00:00+00:00
[2025-02-22T20:43:10.557+0000] {logging_mixin.py:190} INFO - [2025-02-22T20:43:10.556+0000] {dag.py:4180} INFO - Setting next_dagrun for dataset_with_extra_by_yield to 2025-02-21 00:00:00+00:00, run_after=2025-02-22 00:00:00+00:00
[2025-02-22T20:43:10.560+0000] {logging_mixin.py:190} INFO - [2025-02-22T20:43:10.560+0000] {dag.py:4180} INFO - Setting next_dagrun for dataset_with_extra_from_classic_operator to 2025-02-21 00:00:00+00:00, run_after=2025-02-22 00:00:00+00:00
[2025-02-22T20:43:10.586+0000] {processor.py:208} INFO - Processing /home/airflow/.local/lib/python3.12/site-packages/airflow/example_dags/example_outlet_event_extra.py took 0.757 seconds
[2025-02-22T20:43:40.976+0000] {processor.py:186} INFO - Started process (PID=1288) to work on /home/airflow/.local/lib/python3.12/site-packages/airflow/example_dags/example_outlet_event_extra.py
[2025-02-22T20:43:40.977+0000] {processor.py:914} INFO - Processing file /home/airflow/.local/lib/python3.12/site-packages/airflow/example_dags/example_outlet_event_extra.py for tasks to queue
[2025-02-22T20:43:40.980+0000] {logging_mixin.py:190} INFO - [2025-02-22T20:43:40.980+0000] {dagbag.py:588} INFO - Filling up the DagBag from /home/airflow/.local/lib/python3.12/site-packages/airflow/example_dags/example_outlet_event_extra.py
[2025-02-22T20:43:41.604+0000] {processor.py:925} INFO - DAG(s) 'dataset_with_extra_by_yield', 'dataset_with_extra_from_classic_operator', 'dataset_with_extra_by_context' retrieved from /home/airflow/.local/lib/python3.12/site-packages/airflow/example_dags/example_outlet_event_extra.py
[2025-02-22T20:43:41.633+0000] {logging_mixin.py:190} INFO - [2025-02-22T20:43:41.633+0000] {dag.py:3239} INFO - Sync 3 DAGs
[2025-02-22T20:43:41.665+0000] {logging_mixin.py:190} INFO - [2025-02-22T20:43:41.665+0000] {dag.py:4180} INFO - Setting next_dagrun for dataset_with_extra_by_context to 2025-02-21 00:00:00+00:00, run_after=2025-02-22 00:00:00+00:00
[2025-02-22T20:43:41.672+0000] {logging_mixin.py:190} INFO - [2025-02-22T20:43:41.672+0000] {dag.py:4180} INFO - Setting next_dagrun for dataset_with_extra_by_yield to 2025-02-21 00:00:00+00:00, run_after=2025-02-22 00:00:00+00:00
[2025-02-22T20:43:41.676+0000] {logging_mixin.py:190} INFO - [2025-02-22T20:43:41.676+0000] {dag.py:4180} INFO - Setting next_dagrun for dataset_with_extra_from_classic_operator to 2025-02-21 00:00:00+00:00, run_after=2025-02-22 00:00:00+00:00
[2025-02-22T20:43:41.702+0000] {processor.py:208} INFO - Processing /home/airflow/.local/lib/python3.12/site-packages/airflow/example_dags/example_outlet_event_extra.py took 0.732 seconds
[2025-02-22T20:44:12.200+0000] {processor.py:186} INFO - Started process (PID=1351) to work on /home/airflow/.local/lib/python3.12/site-packages/airflow/example_dags/example_outlet_event_extra.py
[2025-02-22T20:44:12.202+0000] {processor.py:914} INFO - Processing file /home/airflow/.local/lib/python3.12/site-packages/airflow/example_dags/example_outlet_event_extra.py for tasks to queue
[2025-02-22T20:44:12.204+0000] {logging_mixin.py:190} INFO - [2025-02-22T20:44:12.204+0000] {dagbag.py:588} INFO - Filling up the DagBag from /home/airflow/.local/lib/python3.12/site-packages/airflow/example_dags/example_outlet_event_extra.py
[2025-02-22T20:44:12.899+0000] {processor.py:925} INFO - DAG(s) 'dataset_with_extra_by_yield', 'dataset_with_extra_from_classic_operator', 'dataset_with_extra_by_context' retrieved from /home/airflow/.local/lib/python3.12/site-packages/airflow/example_dags/example_outlet_event_extra.py
[2025-02-22T20:44:12.938+0000] {logging_mixin.py:190} INFO - [2025-02-22T20:44:12.937+0000] {dag.py:3239} INFO - Sync 3 DAGs
[2025-02-22T20:44:12.972+0000] {logging_mixin.py:190} INFO - [2025-02-22T20:44:12.972+0000] {dag.py:4180} INFO - Setting next_dagrun for dataset_with_extra_by_context to 2025-02-21 00:00:00+00:00, run_after=2025-02-22 00:00:00+00:00
[2025-02-22T20:44:12.978+0000] {logging_mixin.py:190} INFO - [2025-02-22T20:44:12.978+0000] {dag.py:4180} INFO - Setting next_dagrun for dataset_with_extra_by_yield to 2025-02-21 00:00:00+00:00, run_after=2025-02-22 00:00:00+00:00
[2025-02-22T20:44:12.983+0000] {logging_mixin.py:190} INFO - [2025-02-22T20:44:12.983+0000] {dag.py:4180} INFO - Setting next_dagrun for dataset_with_extra_from_classic_operator to 2025-02-21 00:00:00+00:00, run_after=2025-02-22 00:00:00+00:00
[2025-02-22T20:44:13.015+0000] {processor.py:208} INFO - Processing /home/airflow/.local/lib/python3.12/site-packages/airflow/example_dags/example_outlet_event_extra.py took 0.822 seconds
[2025-02-22T20:44:43.754+0000] {processor.py:186} INFO - Started process (PID=1414) to work on /home/airflow/.local/lib/python3.12/site-packages/airflow/example_dags/example_outlet_event_extra.py
[2025-02-22T20:44:43.756+0000] {processor.py:914} INFO - Processing file /home/airflow/.local/lib/python3.12/site-packages/airflow/example_dags/example_outlet_event_extra.py for tasks to queue
[2025-02-22T20:44:43.759+0000] {logging_mixin.py:190} INFO - [2025-02-22T20:44:43.758+0000] {dagbag.py:588} INFO - Filling up the DagBag from /home/airflow/.local/lib/python3.12/site-packages/airflow/example_dags/example_outlet_event_extra.py
[2025-02-22T20:44:44.520+0000] {processor.py:925} INFO - DAG(s) 'dataset_with_extra_from_classic_operator', 'dataset_with_extra_by_yield', 'dataset_with_extra_by_context' retrieved from /home/airflow/.local/lib/python3.12/site-packages/airflow/example_dags/example_outlet_event_extra.py
[2025-02-22T20:44:44.547+0000] {logging_mixin.py:190} INFO - [2025-02-22T20:44:44.546+0000] {dag.py:3239} INFO - Sync 3 DAGs
[2025-02-22T20:44:44.575+0000] {logging_mixin.py:190} INFO - [2025-02-22T20:44:44.575+0000] {dag.py:4180} INFO - Setting next_dagrun for dataset_with_extra_by_context to 2025-02-21 00:00:00+00:00, run_after=2025-02-22 00:00:00+00:00
[2025-02-22T20:44:44.581+0000] {logging_mixin.py:190} INFO - [2025-02-22T20:44:44.581+0000] {dag.py:4180} INFO - Setting next_dagrun for dataset_with_extra_by_yield to 2025-02-21 00:00:00+00:00, run_after=2025-02-22 00:00:00+00:00
[2025-02-22T20:44:44.585+0000] {logging_mixin.py:190} INFO - [2025-02-22T20:44:44.585+0000] {dag.py:4180} INFO - Setting next_dagrun for dataset_with_extra_from_classic_operator to 2025-02-21 00:00:00+00:00, run_after=2025-02-22 00:00:00+00:00
[2025-02-22T20:44:44.609+0000] {processor.py:208} INFO - Processing /home/airflow/.local/lib/python3.12/site-packages/airflow/example_dags/example_outlet_event_extra.py took 0.863 seconds
[2025-02-22T20:45:15.012+0000] {processor.py:186} INFO - Started process (PID=1477) to work on /home/airflow/.local/lib/python3.12/site-packages/airflow/example_dags/example_outlet_event_extra.py
[2025-02-22T20:45:15.016+0000] {processor.py:914} INFO - Processing file /home/airflow/.local/lib/python3.12/site-packages/airflow/example_dags/example_outlet_event_extra.py for tasks to queue
[2025-02-22T20:45:15.019+0000] {logging_mixin.py:190} INFO - [2025-02-22T20:45:15.018+0000] {dagbag.py:588} INFO - Filling up the DagBag from /home/airflow/.local/lib/python3.12/site-packages/airflow/example_dags/example_outlet_event_extra.py
[2025-02-22T20:45:15.671+0000] {processor.py:925} INFO - DAG(s) 'dataset_with_extra_by_yield', 'dataset_with_extra_from_classic_operator', 'dataset_with_extra_by_context' retrieved from /home/airflow/.local/lib/python3.12/site-packages/airflow/example_dags/example_outlet_event_extra.py
[2025-02-22T20:45:15.713+0000] {logging_mixin.py:190} INFO - [2025-02-22T20:45:15.712+0000] {dag.py:3239} INFO - Sync 3 DAGs
[2025-02-22T20:45:15.741+0000] {logging_mixin.py:190} INFO - [2025-02-22T20:45:15.741+0000] {dag.py:4180} INFO - Setting next_dagrun for dataset_with_extra_by_context to 2025-02-21 00:00:00+00:00, run_after=2025-02-22 00:00:00+00:00
[2025-02-22T20:45:15.754+0000] {logging_mixin.py:190} INFO - [2025-02-22T20:45:15.754+0000] {dag.py:4180} INFO - Setting next_dagrun for dataset_with_extra_by_yield to 2025-02-21 00:00:00+00:00, run_after=2025-02-22 00:00:00+00:00
[2025-02-22T20:45:15.757+0000] {logging_mixin.py:190} INFO - [2025-02-22T20:45:15.757+0000] {dag.py:4180} INFO - Setting next_dagrun for dataset_with_extra_from_classic_operator to 2025-02-21 00:00:00+00:00, run_after=2025-02-22 00:00:00+00:00
[2025-02-22T20:45:15.783+0000] {processor.py:208} INFO - Processing /home/airflow/.local/lib/python3.12/site-packages/airflow/example_dags/example_outlet_event_extra.py took 0.779 seconds
[2025-02-22T20:45:45.894+0000] {processor.py:186} INFO - Started process (PID=1540) to work on /home/airflow/.local/lib/python3.12/site-packages/airflow/example_dags/example_outlet_event_extra.py
[2025-02-22T20:45:45.895+0000] {processor.py:914} INFO - Processing file /home/airflow/.local/lib/python3.12/site-packages/airflow/example_dags/example_outlet_event_extra.py for tasks to queue
[2025-02-22T20:45:45.898+0000] {logging_mixin.py:190} INFO - [2025-02-22T20:45:45.898+0000] {dagbag.py:588} INFO - Filling up the DagBag from /home/airflow/.local/lib/python3.12/site-packages/airflow/example_dags/example_outlet_event_extra.py
[2025-02-22T20:45:46.855+0000] {processor.py:925} INFO - DAG(s) 'dataset_with_extra_by_yield', 'dataset_with_extra_by_context', 'dataset_with_extra_from_classic_operator' retrieved from /home/airflow/.local/lib/python3.12/site-packages/airflow/example_dags/example_outlet_event_extra.py
[2025-02-22T20:45:46.896+0000] {logging_mixin.py:190} INFO - [2025-02-22T20:45:46.896+0000] {dag.py:3239} INFO - Sync 3 DAGs
[2025-02-22T20:45:46.932+0000] {logging_mixin.py:190} INFO - [2025-02-22T20:45:46.932+0000] {dag.py:4180} INFO - Setting next_dagrun for dataset_with_extra_by_context to 2025-02-21 00:00:00+00:00, run_after=2025-02-22 00:00:00+00:00
[2025-02-22T20:45:46.940+0000] {logging_mixin.py:190} INFO - [2025-02-22T20:45:46.939+0000] {dag.py:4180} INFO - Setting next_dagrun for dataset_with_extra_by_yield to 2025-02-21 00:00:00+00:00, run_after=2025-02-22 00:00:00+00:00
[2025-02-22T20:45:46.944+0000] {logging_mixin.py:190} INFO - [2025-02-22T20:45:46.944+0000] {dag.py:4180} INFO - Setting next_dagrun for dataset_with_extra_from_classic_operator to 2025-02-21 00:00:00+00:00, run_after=2025-02-22 00:00:00+00:00
[2025-02-22T20:45:46.975+0000] {processor.py:208} INFO - Processing /home/airflow/.local/lib/python3.12/site-packages/airflow/example_dags/example_outlet_event_extra.py took 1.088 seconds
[2025-02-22T20:46:17.117+0000] {processor.py:186} INFO - Started process (PID=1604) to work on /home/airflow/.local/lib/python3.12/site-packages/airflow/example_dags/example_outlet_event_extra.py
[2025-02-22T20:46:17.118+0000] {processor.py:914} INFO - Processing file /home/airflow/.local/lib/python3.12/site-packages/airflow/example_dags/example_outlet_event_extra.py for tasks to queue
[2025-02-22T20:46:17.121+0000] {logging_mixin.py:190} INFO - [2025-02-22T20:46:17.121+0000] {dagbag.py:588} INFO - Filling up the DagBag from /home/airflow/.local/lib/python3.12/site-packages/airflow/example_dags/example_outlet_event_extra.py
[2025-02-22T20:46:17.876+0000] {processor.py:925} INFO - DAG(s) 'dataset_with_extra_from_classic_operator', 'dataset_with_extra_by_context', 'dataset_with_extra_by_yield' retrieved from /home/airflow/.local/lib/python3.12/site-packages/airflow/example_dags/example_outlet_event_extra.py
[2025-02-22T20:46:17.907+0000] {logging_mixin.py:190} INFO - [2025-02-22T20:46:17.907+0000] {dag.py:3239} INFO - Sync 3 DAGs
[2025-02-22T20:46:17.935+0000] {logging_mixin.py:190} INFO - [2025-02-22T20:46:17.935+0000] {dag.py:4180} INFO - Setting next_dagrun for dataset_with_extra_by_context to 2025-02-21 00:00:00+00:00, run_after=2025-02-22 00:00:00+00:00
[2025-02-22T20:46:17.943+0000] {logging_mixin.py:190} INFO - [2025-02-22T20:46:17.942+0000] {dag.py:4180} INFO - Setting next_dagrun for dataset_with_extra_by_yield to 2025-02-21 00:00:00+00:00, run_after=2025-02-22 00:00:00+00:00
[2025-02-22T20:46:17.947+0000] {logging_mixin.py:190} INFO - [2025-02-22T20:46:17.947+0000] {dag.py:4180} INFO - Setting next_dagrun for dataset_with_extra_from_classic_operator to 2025-02-21 00:00:00+00:00, run_after=2025-02-22 00:00:00+00:00
[2025-02-22T20:46:17.974+0000] {processor.py:208} INFO - Processing /home/airflow/.local/lib/python3.12/site-packages/airflow/example_dags/example_outlet_event_extra.py took 0.865 seconds
[2025-02-22T20:46:48.359+0000] {processor.py:186} INFO - Started process (PID=1668) to work on /home/airflow/.local/lib/python3.12/site-packages/airflow/example_dags/example_outlet_event_extra.py
[2025-02-22T20:46:48.360+0000] {processor.py:914} INFO - Processing file /home/airflow/.local/lib/python3.12/site-packages/airflow/example_dags/example_outlet_event_extra.py for tasks to queue
[2025-02-22T20:46:48.363+0000] {logging_mixin.py:190} INFO - [2025-02-22T20:46:48.362+0000] {dagbag.py:588} INFO - Filling up the DagBag from /home/airflow/.local/lib/python3.12/site-packages/airflow/example_dags/example_outlet_event_extra.py
[2025-02-22T20:46:49.020+0000] {processor.py:925} INFO - DAG(s) 'dataset_with_extra_by_yield', 'dataset_with_extra_from_classic_operator', 'dataset_with_extra_by_context' retrieved from /home/airflow/.local/lib/python3.12/site-packages/airflow/example_dags/example_outlet_event_extra.py
[2025-02-22T20:46:49.049+0000] {logging_mixin.py:190} INFO - [2025-02-22T20:46:49.049+0000] {dag.py:3239} INFO - Sync 3 DAGs
[2025-02-22T20:46:49.076+0000] {logging_mixin.py:190} INFO - [2025-02-22T20:46:49.076+0000] {dag.py:4180} INFO - Setting next_dagrun for dataset_with_extra_by_context to 2025-02-21 00:00:00+00:00, run_after=2025-02-22 00:00:00+00:00
[2025-02-22T20:46:49.082+0000] {logging_mixin.py:190} INFO - [2025-02-22T20:46:49.082+0000] {dag.py:4180} INFO - Setting next_dagrun for dataset_with_extra_by_yield to 2025-02-21 00:00:00+00:00, run_after=2025-02-22 00:00:00+00:00
[2025-02-22T20:46:49.087+0000] {logging_mixin.py:190} INFO - [2025-02-22T20:46:49.086+0000] {dag.py:4180} INFO - Setting next_dagrun for dataset_with_extra_from_classic_operator to 2025-02-21 00:00:00+00:00, run_after=2025-02-22 00:00:00+00:00
[2025-02-22T20:46:49.115+0000] {processor.py:208} INFO - Processing /home/airflow/.local/lib/python3.12/site-packages/airflow/example_dags/example_outlet_event_extra.py took 0.763 seconds
[2025-02-22T20:47:19.633+0000] {processor.py:186} INFO - Started process (PID=1731) to work on /home/airflow/.local/lib/python3.12/site-packages/airflow/example_dags/example_outlet_event_extra.py
[2025-02-22T20:47:19.634+0000] {processor.py:914} INFO - Processing file /home/airflow/.local/lib/python3.12/site-packages/airflow/example_dags/example_outlet_event_extra.py for tasks to queue
[2025-02-22T20:47:19.637+0000] {logging_mixin.py:190} INFO - [2025-02-22T20:47:19.636+0000] {dagbag.py:588} INFO - Filling up the DagBag from /home/airflow/.local/lib/python3.12/site-packages/airflow/example_dags/example_outlet_event_extra.py
[2025-02-22T20:47:20.262+0000] {processor.py:925} INFO - DAG(s) 'dataset_with_extra_by_yield', 'dataset_with_extra_from_classic_operator', 'dataset_with_extra_by_context' retrieved from /home/airflow/.local/lib/python3.12/site-packages/airflow/example_dags/example_outlet_event_extra.py
[2025-02-22T20:47:20.290+0000] {logging_mixin.py:190} INFO - [2025-02-22T20:47:20.289+0000] {dag.py:3239} INFO - Sync 3 DAGs
[2025-02-22T20:47:20.315+0000] {logging_mixin.py:190} INFO - [2025-02-22T20:47:20.315+0000] {dag.py:4180} INFO - Setting next_dagrun for dataset_with_extra_by_context to 2025-02-21 00:00:00+00:00, run_after=2025-02-22 00:00:00+00:00
[2025-02-22T20:47:20.321+0000] {logging_mixin.py:190} INFO - [2025-02-22T20:47:20.321+0000] {dag.py:4180} INFO - Setting next_dagrun for dataset_with_extra_by_yield to 2025-02-21 00:00:00+00:00, run_after=2025-02-22 00:00:00+00:00
[2025-02-22T20:47:20.324+0000] {logging_mixin.py:190} INFO - [2025-02-22T20:47:20.324+0000] {dag.py:4180} INFO - Setting next_dagrun for dataset_with_extra_from_classic_operator to 2025-02-21 00:00:00+00:00, run_after=2025-02-22 00:00:00+00:00
[2025-02-22T20:47:20.348+0000] {processor.py:208} INFO - Processing /home/airflow/.local/lib/python3.12/site-packages/airflow/example_dags/example_outlet_event_extra.py took 0.724 seconds
[2025-02-22T20:47:50.961+0000] {processor.py:186} INFO - Started process (PID=1796) to work on /home/airflow/.local/lib/python3.12/site-packages/airflow/example_dags/example_outlet_event_extra.py
[2025-02-22T20:47:50.962+0000] {processor.py:914} INFO - Processing file /home/airflow/.local/lib/python3.12/site-packages/airflow/example_dags/example_outlet_event_extra.py for tasks to queue
[2025-02-22T20:47:50.965+0000] {logging_mixin.py:190} INFO - [2025-02-22T20:47:50.964+0000] {dagbag.py:588} INFO - Filling up the DagBag from /home/airflow/.local/lib/python3.12/site-packages/airflow/example_dags/example_outlet_event_extra.py
[2025-02-22T20:47:51.719+0000] {processor.py:925} INFO - DAG(s) 'dataset_with_extra_by_yield', 'dataset_with_extra_from_classic_operator', 'dataset_with_extra_by_context' retrieved from /home/airflow/.local/lib/python3.12/site-packages/airflow/example_dags/example_outlet_event_extra.py
[2025-02-22T20:47:51.756+0000] {logging_mixin.py:190} INFO - [2025-02-22T20:47:51.756+0000] {dag.py:3239} INFO - Sync 3 DAGs
[2025-02-22T20:47:51.786+0000] {logging_mixin.py:190} INFO - [2025-02-22T20:47:51.786+0000] {dag.py:4180} INFO - Setting next_dagrun for dataset_with_extra_by_context to 2025-02-21 00:00:00+00:00, run_after=2025-02-22 00:00:00+00:00
[2025-02-22T20:47:51.792+0000] {logging_mixin.py:190} INFO - [2025-02-22T20:47:51.792+0000] {dag.py:4180} INFO - Setting next_dagrun for dataset_with_extra_by_yield to 2025-02-21 00:00:00+00:00, run_after=2025-02-22 00:00:00+00:00
[2025-02-22T20:47:51.796+0000] {logging_mixin.py:190} INFO - [2025-02-22T20:47:51.795+0000] {dag.py:4180} INFO - Setting next_dagrun for dataset_with_extra_from_classic_operator to 2025-02-21 00:00:00+00:00, run_after=2025-02-22 00:00:00+00:00
[2025-02-22T20:47:51.824+0000] {processor.py:208} INFO - Processing /home/airflow/.local/lib/python3.12/site-packages/airflow/example_dags/example_outlet_event_extra.py took 0.870 seconds
[2025-02-22T20:48:22.696+0000] {processor.py:186} INFO - Started process (PID=1862) to work on /home/airflow/.local/lib/python3.12/site-packages/airflow/example_dags/example_outlet_event_extra.py
[2025-02-22T20:48:22.697+0000] {processor.py:914} INFO - Processing file /home/airflow/.local/lib/python3.12/site-packages/airflow/example_dags/example_outlet_event_extra.py for tasks to queue
[2025-02-22T20:48:22.699+0000] {logging_mixin.py:190} INFO - [2025-02-22T20:48:22.699+0000] {dagbag.py:588} INFO - Filling up the DagBag from /home/airflow/.local/lib/python3.12/site-packages/airflow/example_dags/example_outlet_event_extra.py
[2025-02-22T20:48:23.323+0000] {processor.py:925} INFO - DAG(s) 'dataset_with_extra_by_context', 'dataset_with_extra_by_yield', 'dataset_with_extra_from_classic_operator' retrieved from /home/airflow/.local/lib/python3.12/site-packages/airflow/example_dags/example_outlet_event_extra.py
[2025-02-22T20:48:23.356+0000] {logging_mixin.py:190} INFO - [2025-02-22T20:48:23.355+0000] {dag.py:3239} INFO - Sync 3 DAGs
[2025-02-22T20:48:23.384+0000] {logging_mixin.py:190} INFO - [2025-02-22T20:48:23.383+0000] {dag.py:4180} INFO - Setting next_dagrun for dataset_with_extra_by_context to 2025-02-21 00:00:00+00:00, run_after=2025-02-22 00:00:00+00:00
[2025-02-22T20:48:23.389+0000] {logging_mixin.py:190} INFO - [2025-02-22T20:48:23.389+0000] {dag.py:4180} INFO - Setting next_dagrun for dataset_with_extra_by_yield to 2025-02-21 00:00:00+00:00, run_after=2025-02-22 00:00:00+00:00
[2025-02-22T20:48:23.393+0000] {logging_mixin.py:190} INFO - [2025-02-22T20:48:23.393+0000] {dag.py:4180} INFO - Setting next_dagrun for dataset_with_extra_from_classic_operator to 2025-02-21 00:00:00+00:00, run_after=2025-02-22 00:00:00+00:00
[2025-02-22T20:48:23.418+0000] {processor.py:208} INFO - Processing /home/airflow/.local/lib/python3.12/site-packages/airflow/example_dags/example_outlet_event_extra.py took 0.729 seconds
[2025-02-22T20:48:54.096+0000] {processor.py:186} INFO - Started process (PID=1926) to work on /home/airflow/.local/lib/python3.12/site-packages/airflow/example_dags/example_outlet_event_extra.py
[2025-02-22T20:48:54.098+0000] {processor.py:914} INFO - Processing file /home/airflow/.local/lib/python3.12/site-packages/airflow/example_dags/example_outlet_event_extra.py for tasks to queue
[2025-02-22T20:48:54.101+0000] {logging_mixin.py:190} INFO - [2025-02-22T20:48:54.100+0000] {dagbag.py:588} INFO - Filling up the DagBag from /home/airflow/.local/lib/python3.12/site-packages/airflow/example_dags/example_outlet_event_extra.py
[2025-02-22T20:48:54.920+0000] {processor.py:925} INFO - DAG(s) 'dataset_with_extra_by_yield', 'dataset_with_extra_by_context', 'dataset_with_extra_from_classic_operator' retrieved from /home/airflow/.local/lib/python3.12/site-packages/airflow/example_dags/example_outlet_event_extra.py
[2025-02-22T20:48:54.948+0000] {logging_mixin.py:190} INFO - [2025-02-22T20:48:54.948+0000] {dag.py:3239} INFO - Sync 3 DAGs
[2025-02-22T20:48:54.979+0000] {logging_mixin.py:190} INFO - [2025-02-22T20:48:54.979+0000] {dag.py:4180} INFO - Setting next_dagrun for dataset_with_extra_by_context to 2025-02-21 00:00:00+00:00, run_after=2025-02-22 00:00:00+00:00
[2025-02-22T20:48:54.987+0000] {logging_mixin.py:190} INFO - [2025-02-22T20:48:54.986+0000] {dag.py:4180} INFO - Setting next_dagrun for dataset_with_extra_by_yield to 2025-02-21 00:00:00+00:00, run_after=2025-02-22 00:00:00+00:00
[2025-02-22T20:48:54.993+0000] {logging_mixin.py:190} INFO - [2025-02-22T20:48:54.992+0000] {dag.py:4180} INFO - Setting next_dagrun for dataset_with_extra_from_classic_operator to 2025-02-21 00:00:00+00:00, run_after=2025-02-22 00:00:00+00:00
[2025-02-22T20:48:55.030+0000] {processor.py:208} INFO - Processing /home/airflow/.local/lib/python3.12/site-packages/airflow/example_dags/example_outlet_event_extra.py took 0.941 seconds
[2025-02-22T23:49:13.658+0000] {processor.py:186} INFO - Started process (PID=1986) to work on /home/airflow/.local/lib/python3.12/site-packages/airflow/example_dags/example_outlet_event_extra.py
[2025-02-22T23:49:13.660+0000] {processor.py:914} INFO - Processing file /home/airflow/.local/lib/python3.12/site-packages/airflow/example_dags/example_outlet_event_extra.py for tasks to queue
[2025-02-22T23:49:13.663+0000] {logging_mixin.py:190} INFO - [2025-02-22T23:49:13.663+0000] {dagbag.py:588} INFO - Filling up the DagBag from /home/airflow/.local/lib/python3.12/site-packages/airflow/example_dags/example_outlet_event_extra.py
