[2025-02-22T20:33:45.075+0000] {processor.py:186} INFO - Started process (PID=87) to work on /home/airflow/.local/lib/python3.12/site-packages/airflow/example_dags/example_branch_operator_decorator.py
[2025-02-22T20:33:45.077+0000] {processor.py:914} INFO - Processing file /home/airflow/.local/lib/python3.12/site-packages/airflow/example_dags/example_branch_operator_decorator.py for tasks to queue
[2025-02-22T20:33:45.081+0000] {logging_mixin.py:190} INFO - [2025-02-22T20:33:45.081+0000] {dagbag.py:588} INFO - Filling up the DagBag from /home/airflow/.local/lib/python3.12/site-packages/airflow/example_dags/example_branch_operator_decorator.py
[2025-02-22T20:33:45.139+0000] {processor.py:925} INFO - DAG(s) 'example_branch_python_operator_decorator' retrieved from /home/airflow/.local/lib/python3.12/site-packages/airflow/example_dags/example_branch_operator_decorator.py
[2025-02-22T20:33:45.547+0000] {logging_mixin.py:190} INFO - [2025-02-22T20:33:45.546+0000] {override.py:1912} INFO - Created Permission View: can edit on DAG:example_branch_python_operator_decorator
[2025-02-22T20:33:45.570+0000] {logging_mixin.py:190} INFO - [2025-02-22T20:33:45.570+0000] {override.py:1912} INFO - Created Permission View: can read on DAG:example_branch_python_operator_decorator
[2025-02-22T20:33:45.586+0000] {logging_mixin.py:190} INFO - [2025-02-22T20:33:45.586+0000] {override.py:1912} INFO - Created Permission View: can delete on DAG:example_branch_python_operator_decorator
[2025-02-22T20:33:45.616+0000] {logging_mixin.py:190} INFO - [2025-02-22T20:33:45.615+0000] {override.py:1912} INFO - Created Permission View: can read on DAG Run:example_branch_python_operator_decorator
[2025-02-22T20:33:45.643+0000] {logging_mixin.py:190} INFO - [2025-02-22T20:33:45.642+0000] {override.py:1912} INFO - Created Permission View: menu access on DAG Run:example_branch_python_operator_decorator
[2025-02-22T20:33:45.658+0000] {logging_mixin.py:190} INFO - [2025-02-22T20:33:45.658+0000] {override.py:1912} INFO - Created Permission View: can create on DAG Run:example_branch_python_operator_decorator
[2025-02-22T20:33:45.675+0000] {logging_mixin.py:190} INFO - [2025-02-22T20:33:45.675+0000] {override.py:1912} INFO - Created Permission View: can delete on DAG Run:example_branch_python_operator_decorator
[2025-02-22T20:33:45.677+0000] {logging_mixin.py:190} INFO - [2025-02-22T20:33:45.677+0000] {dag.py:3239} INFO - Sync 1 DAGs
[2025-02-22T20:33:45.704+0000] {logging_mixin.py:190} INFO - [2025-02-22T20:33:45.703+0000] {dag.py:3262} INFO - Creating ORM DAG for example_branch_python_operator_decorator
[2025-02-22T20:33:45.728+0000] {logging_mixin.py:190} INFO - [2025-02-22T20:33:45.727+0000] {dag.py:4180} INFO - Setting next_dagrun for example_branch_python_operator_decorator to 2025-02-21 00:00:00+00:00, run_after=2025-02-22 00:00:00+00:00
[2025-02-22T20:33:45.760+0000] {processor.py:208} INFO - Processing /home/airflow/.local/lib/python3.12/site-packages/airflow/example_dags/example_branch_operator_decorator.py took 0.701 seconds
[2025-02-22T20:34:16.255+0000] {processor.py:186} INFO - Started process (PID=149) to work on /home/airflow/.local/lib/python3.12/site-packages/airflow/example_dags/example_branch_operator_decorator.py
[2025-02-22T20:34:16.257+0000] {processor.py:914} INFO - Processing file /home/airflow/.local/lib/python3.12/site-packages/airflow/example_dags/example_branch_operator_decorator.py for tasks to queue
[2025-02-22T20:34:16.259+0000] {logging_mixin.py:190} INFO - [2025-02-22T20:34:16.259+0000] {dagbag.py:588} INFO - Filling up the DagBag from /home/airflow/.local/lib/python3.12/site-packages/airflow/example_dags/example_branch_operator_decorator.py
[2025-02-22T20:34:16.286+0000] {processor.py:925} INFO - DAG(s) 'example_branch_python_operator_decorator' retrieved from /home/airflow/.local/lib/python3.12/site-packages/airflow/example_dags/example_branch_operator_decorator.py
[2025-02-22T20:34:16.323+0000] {logging_mixin.py:190} INFO - [2025-02-22T20:34:16.323+0000] {dag.py:3239} INFO - Sync 1 DAGs
[2025-02-22T20:34:16.354+0000] {logging_mixin.py:190} INFO - [2025-02-22T20:34:16.354+0000] {dag.py:4180} INFO - Setting next_dagrun for example_branch_python_operator_decorator to 2025-02-21 00:00:00+00:00, run_after=2025-02-22 00:00:00+00:00
[2025-02-22T20:34:16.379+0000] {processor.py:208} INFO - Processing /home/airflow/.local/lib/python3.12/site-packages/airflow/example_dags/example_branch_operator_decorator.py took 0.131 seconds
[2025-02-22T20:34:47.141+0000] {processor.py:186} INFO - Started process (PID=212) to work on /home/airflow/.local/lib/python3.12/site-packages/airflow/example_dags/example_branch_operator_decorator.py
[2025-02-22T20:34:47.143+0000] {processor.py:914} INFO - Processing file /home/airflow/.local/lib/python3.12/site-packages/airflow/example_dags/example_branch_operator_decorator.py for tasks to queue
[2025-02-22T20:34:47.147+0000] {logging_mixin.py:190} INFO - [2025-02-22T20:34:47.146+0000] {dagbag.py:588} INFO - Filling up the DagBag from /home/airflow/.local/lib/python3.12/site-packages/airflow/example_dags/example_branch_operator_decorator.py
[2025-02-22T20:34:47.180+0000] {processor.py:925} INFO - DAG(s) 'example_branch_python_operator_decorator' retrieved from /home/airflow/.local/lib/python3.12/site-packages/airflow/example_dags/example_branch_operator_decorator.py
[2025-02-22T20:34:47.223+0000] {logging_mixin.py:190} INFO - [2025-02-22T20:34:47.223+0000] {dag.py:3239} INFO - Sync 1 DAGs
[2025-02-22T20:34:47.262+0000] {logging_mixin.py:190} INFO - [2025-02-22T20:34:47.262+0000] {dag.py:4180} INFO - Setting next_dagrun for example_branch_python_operator_decorator to 2025-02-21 00:00:00+00:00, run_after=2025-02-22 00:00:00+00:00
[2025-02-22T20:34:47.288+0000] {processor.py:208} INFO - Processing /home/airflow/.local/lib/python3.12/site-packages/airflow/example_dags/example_branch_operator_decorator.py took 0.156 seconds
[2025-02-22T20:35:18.675+0000] {processor.py:186} INFO - Started process (PID=275) to work on /home/airflow/.local/lib/python3.12/site-packages/airflow/example_dags/example_branch_operator_decorator.py
[2025-02-22T20:35:18.676+0000] {processor.py:914} INFO - Processing file /home/airflow/.local/lib/python3.12/site-packages/airflow/example_dags/example_branch_operator_decorator.py for tasks to queue
[2025-02-22T20:35:18.680+0000] {logging_mixin.py:190} INFO - [2025-02-22T20:35:18.680+0000] {dagbag.py:588} INFO - Filling up the DagBag from /home/airflow/.local/lib/python3.12/site-packages/airflow/example_dags/example_branch_operator_decorator.py
[2025-02-22T20:35:18.725+0000] {processor.py:925} INFO - DAG(s) 'example_branch_python_operator_decorator' retrieved from /home/airflow/.local/lib/python3.12/site-packages/airflow/example_dags/example_branch_operator_decorator.py
[2025-02-22T20:35:18.784+0000] {logging_mixin.py:190} INFO - [2025-02-22T20:35:18.783+0000] {dag.py:3239} INFO - Sync 1 DAGs
[2025-02-22T20:35:18.826+0000] {logging_mixin.py:190} INFO - [2025-02-22T20:35:18.825+0000] {dag.py:4180} INFO - Setting next_dagrun for example_branch_python_operator_decorator to 2025-02-21 00:00:00+00:00, run_after=2025-02-22 00:00:00+00:00
[2025-02-22T20:35:18.855+0000] {processor.py:208} INFO - Processing /home/airflow/.local/lib/python3.12/site-packages/airflow/example_dags/example_branch_operator_decorator.py took 0.190 seconds
[2025-02-22T20:35:49.715+0000] {processor.py:186} INFO - Started process (PID=338) to work on /home/airflow/.local/lib/python3.12/site-packages/airflow/example_dags/example_branch_operator_decorator.py
[2025-02-22T20:35:49.716+0000] {processor.py:914} INFO - Processing file /home/airflow/.local/lib/python3.12/site-packages/airflow/example_dags/example_branch_operator_decorator.py for tasks to queue
[2025-02-22T20:35:49.721+0000] {logging_mixin.py:190} INFO - [2025-02-22T20:35:49.720+0000] {dagbag.py:588} INFO - Filling up the DagBag from /home/airflow/.local/lib/python3.12/site-packages/airflow/example_dags/example_branch_operator_decorator.py
[2025-02-22T20:35:49.755+0000] {processor.py:925} INFO - DAG(s) 'example_branch_python_operator_decorator' retrieved from /home/airflow/.local/lib/python3.12/site-packages/airflow/example_dags/example_branch_operator_decorator.py
[2025-02-22T20:35:49.801+0000] {logging_mixin.py:190} INFO - [2025-02-22T20:35:49.801+0000] {dag.py:3239} INFO - Sync 1 DAGs
[2025-02-22T20:35:49.841+0000] {logging_mixin.py:190} INFO - [2025-02-22T20:35:49.841+0000] {dag.py:4180} INFO - Setting next_dagrun for example_branch_python_operator_decorator to 2025-02-21 00:00:00+00:00, run_after=2025-02-22 00:00:00+00:00
[2025-02-22T20:35:49.875+0000] {processor.py:208} INFO - Processing /home/airflow/.local/lib/python3.12/site-packages/airflow/example_dags/example_branch_operator_decorator.py took 0.169 seconds
[2025-02-22T20:36:20.718+0000] {processor.py:186} INFO - Started process (PID=402) to work on /home/airflow/.local/lib/python3.12/site-packages/airflow/example_dags/example_branch_operator_decorator.py
[2025-02-22T20:36:20.719+0000] {processor.py:914} INFO - Processing file /home/airflow/.local/lib/python3.12/site-packages/airflow/example_dags/example_branch_operator_decorator.py for tasks to queue
[2025-02-22T20:36:20.722+0000] {logging_mixin.py:190} INFO - [2025-02-22T20:36:20.722+0000] {dagbag.py:588} INFO - Filling up the DagBag from /home/airflow/.local/lib/python3.12/site-packages/airflow/example_dags/example_branch_operator_decorator.py
[2025-02-22T20:36:20.747+0000] {processor.py:925} INFO - DAG(s) 'example_branch_python_operator_decorator' retrieved from /home/airflow/.local/lib/python3.12/site-packages/airflow/example_dags/example_branch_operator_decorator.py
[2025-02-22T20:36:20.780+0000] {logging_mixin.py:190} INFO - [2025-02-22T20:36:20.780+0000] {dag.py:3239} INFO - Sync 1 DAGs
[2025-02-22T20:36:20.810+0000] {logging_mixin.py:190} INFO - [2025-02-22T20:36:20.810+0000] {dag.py:4180} INFO - Setting next_dagrun for example_branch_python_operator_decorator to 2025-02-21 00:00:00+00:00, run_after=2025-02-22 00:00:00+00:00
[2025-02-22T20:36:20.833+0000] {processor.py:208} INFO - Processing /home/airflow/.local/lib/python3.12/site-packages/airflow/example_dags/example_branch_operator_decorator.py took 0.121 seconds
[2025-02-22T20:36:51.991+0000] {processor.py:186} INFO - Started process (PID=465) to work on /home/airflow/.local/lib/python3.12/site-packages/airflow/example_dags/example_branch_operator_decorator.py
[2025-02-22T20:36:51.993+0000] {processor.py:914} INFO - Processing file /home/airflow/.local/lib/python3.12/site-packages/airflow/example_dags/example_branch_operator_decorator.py for tasks to queue
[2025-02-22T20:36:51.997+0000] {logging_mixin.py:190} INFO - [2025-02-22T20:36:51.996+0000] {dagbag.py:588} INFO - Filling up the DagBag from /home/airflow/.local/lib/python3.12/site-packages/airflow/example_dags/example_branch_operator_decorator.py
[2025-02-22T20:36:52.044+0000] {processor.py:925} INFO - DAG(s) 'example_branch_python_operator_decorator' retrieved from /home/airflow/.local/lib/python3.12/site-packages/airflow/example_dags/example_branch_operator_decorator.py
[2025-02-22T20:36:52.082+0000] {logging_mixin.py:190} INFO - [2025-02-22T20:36:52.082+0000] {dag.py:3239} INFO - Sync 1 DAGs
[2025-02-22T20:36:52.111+0000] {logging_mixin.py:190} INFO - [2025-02-22T20:36:52.111+0000] {dag.py:4180} INFO - Setting next_dagrun for example_branch_python_operator_decorator to 2025-02-21 00:00:00+00:00, run_after=2025-02-22 00:00:00+00:00
[2025-02-22T20:36:52.136+0000] {processor.py:208} INFO - Processing /home/airflow/.local/lib/python3.12/site-packages/airflow/example_dags/example_branch_operator_decorator.py took 0.154 seconds
[2025-02-22T20:37:22.982+0000] {processor.py:186} INFO - Started process (PID=528) to work on /home/airflow/.local/lib/python3.12/site-packages/airflow/example_dags/example_branch_operator_decorator.py
[2025-02-22T20:37:22.984+0000] {processor.py:914} INFO - Processing file /home/airflow/.local/lib/python3.12/site-packages/airflow/example_dags/example_branch_operator_decorator.py for tasks to queue
[2025-02-22T20:37:22.987+0000] {logging_mixin.py:190} INFO - [2025-02-22T20:37:22.986+0000] {dagbag.py:588} INFO - Filling up the DagBag from /home/airflow/.local/lib/python3.12/site-packages/airflow/example_dags/example_branch_operator_decorator.py
[2025-02-22T20:37:23.012+0000] {processor.py:925} INFO - DAG(s) 'example_branch_python_operator_decorator' retrieved from /home/airflow/.local/lib/python3.12/site-packages/airflow/example_dags/example_branch_operator_decorator.py
[2025-02-22T20:37:23.058+0000] {logging_mixin.py:190} INFO - [2025-02-22T20:37:23.058+0000] {dag.py:3239} INFO - Sync 1 DAGs
[2025-02-22T20:37:23.086+0000] {logging_mixin.py:190} INFO - [2025-02-22T20:37:23.085+0000] {dag.py:4180} INFO - Setting next_dagrun for example_branch_python_operator_decorator to 2025-02-21 00:00:00+00:00, run_after=2025-02-22 00:00:00+00:00
[2025-02-22T20:37:23.109+0000] {processor.py:208} INFO - Processing /home/airflow/.local/lib/python3.12/site-packages/airflow/example_dags/example_branch_operator_decorator.py took 0.133 seconds
[2025-02-22T20:37:54.125+0000] {processor.py:186} INFO - Started process (PID=591) to work on /home/airflow/.local/lib/python3.12/site-packages/airflow/example_dags/example_branch_operator_decorator.py
[2025-02-22T20:37:54.127+0000] {processor.py:914} INFO - Processing file /home/airflow/.local/lib/python3.12/site-packages/airflow/example_dags/example_branch_operator_decorator.py for tasks to queue
[2025-02-22T20:37:54.131+0000] {logging_mixin.py:190} INFO - [2025-02-22T20:37:54.130+0000] {dagbag.py:588} INFO - Filling up the DagBag from /home/airflow/.local/lib/python3.12/site-packages/airflow/example_dags/example_branch_operator_decorator.py
[2025-02-22T20:37:54.179+0000] {processor.py:925} INFO - DAG(s) 'example_branch_python_operator_decorator' retrieved from /home/airflow/.local/lib/python3.12/site-packages/airflow/example_dags/example_branch_operator_decorator.py
[2025-02-22T20:37:54.237+0000] {logging_mixin.py:190} INFO - [2025-02-22T20:37:54.237+0000] {dag.py:3239} INFO - Sync 1 DAGs
[2025-02-22T20:37:54.266+0000] {logging_mixin.py:190} INFO - [2025-02-22T20:37:54.265+0000] {dag.py:4180} INFO - Setting next_dagrun for example_branch_python_operator_decorator to 2025-02-21 00:00:00+00:00, run_after=2025-02-22 00:00:00+00:00
[2025-02-22T20:37:54.289+0000] {processor.py:208} INFO - Processing /home/airflow/.local/lib/python3.12/site-packages/airflow/example_dags/example_branch_operator_decorator.py took 0.175 seconds
[2025-02-22T20:38:25.638+0000] {processor.py:186} INFO - Started process (PID=654) to work on /home/airflow/.local/lib/python3.12/site-packages/airflow/example_dags/example_branch_operator_decorator.py
[2025-02-22T20:38:25.639+0000] {processor.py:914} INFO - Processing file /home/airflow/.local/lib/python3.12/site-packages/airflow/example_dags/example_branch_operator_decorator.py for tasks to queue
[2025-02-22T20:38:25.643+0000] {logging_mixin.py:190} INFO - [2025-02-22T20:38:25.642+0000] {dagbag.py:588} INFO - Filling up the DagBag from /home/airflow/.local/lib/python3.12/site-packages/airflow/example_dags/example_branch_operator_decorator.py
[2025-02-22T20:38:25.670+0000] {processor.py:925} INFO - DAG(s) 'example_branch_python_operator_decorator' retrieved from /home/airflow/.local/lib/python3.12/site-packages/airflow/example_dags/example_branch_operator_decorator.py
[2025-02-22T20:38:25.705+0000] {logging_mixin.py:190} INFO - [2025-02-22T20:38:25.705+0000] {dag.py:3239} INFO - Sync 1 DAGs
[2025-02-22T20:38:25.743+0000] {logging_mixin.py:190} INFO - [2025-02-22T20:38:25.742+0000] {dag.py:4180} INFO - Setting next_dagrun for example_branch_python_operator_decorator to 2025-02-21 00:00:00+00:00, run_after=2025-02-22 00:00:00+00:00
[2025-02-22T20:38:25.765+0000] {processor.py:208} INFO - Processing /home/airflow/.local/lib/python3.12/site-packages/airflow/example_dags/example_branch_operator_decorator.py took 0.136 seconds
[2025-02-22T20:38:58.466+0000] {processor.py:186} INFO - Started process (PID=723) to work on /home/airflow/.local/lib/python3.12/site-packages/airflow/example_dags/example_branch_operator_decorator.py
[2025-02-22T20:38:58.468+0000] {processor.py:914} INFO - Processing file /home/airflow/.local/lib/python3.12/site-packages/airflow/example_dags/example_branch_operator_decorator.py for tasks to queue
[2025-02-22T20:38:58.474+0000] {logging_mixin.py:190} INFO - [2025-02-22T20:38:58.473+0000] {dagbag.py:588} INFO - Filling up the DagBag from /home/airflow/.local/lib/python3.12/site-packages/airflow/example_dags/example_branch_operator_decorator.py
[2025-02-22T20:38:58.521+0000] {processor.py:925} INFO - DAG(s) 'example_branch_python_operator_decorator' retrieved from /home/airflow/.local/lib/python3.12/site-packages/airflow/example_dags/example_branch_operator_decorator.py
[2025-02-22T20:38:58.584+0000] {logging_mixin.py:190} INFO - [2025-02-22T20:38:58.583+0000] {dag.py:3239} INFO - Sync 1 DAGs
[2025-02-22T20:38:58.648+0000] {logging_mixin.py:190} INFO - [2025-02-22T20:38:58.647+0000] {dag.py:4180} INFO - Setting next_dagrun for example_branch_python_operator_decorator to 2025-02-21 00:00:00+00:00, run_after=2025-02-22 00:00:00+00:00
[2025-02-22T20:38:58.694+0000] {processor.py:208} INFO - Processing /home/airflow/.local/lib/python3.12/site-packages/airflow/example_dags/example_branch_operator_decorator.py took 0.241 seconds
[2025-02-22T20:39:29.948+0000] {processor.py:186} INFO - Started process (PID=786) to work on /home/airflow/.local/lib/python3.12/site-packages/airflow/example_dags/example_branch_operator_decorator.py
[2025-02-22T20:39:29.949+0000] {processor.py:914} INFO - Processing file /home/airflow/.local/lib/python3.12/site-packages/airflow/example_dags/example_branch_operator_decorator.py for tasks to queue
[2025-02-22T20:39:29.952+0000] {logging_mixin.py:190} INFO - [2025-02-22T20:39:29.952+0000] {dagbag.py:588} INFO - Filling up the DagBag from /home/airflow/.local/lib/python3.12/site-packages/airflow/example_dags/example_branch_operator_decorator.py
[2025-02-22T20:39:29.976+0000] {processor.py:925} INFO - DAG(s) 'example_branch_python_operator_decorator' retrieved from /home/airflow/.local/lib/python3.12/site-packages/airflow/example_dags/example_branch_operator_decorator.py
[2025-02-22T20:39:30.009+0000] {logging_mixin.py:190} INFO - [2025-02-22T20:39:30.009+0000] {dag.py:3239} INFO - Sync 1 DAGs
[2025-02-22T20:39:30.036+0000] {logging_mixin.py:190} INFO - [2025-02-22T20:39:30.036+0000] {dag.py:4180} INFO - Setting next_dagrun for example_branch_python_operator_decorator to 2025-02-21 00:00:00+00:00, run_after=2025-02-22 00:00:00+00:00
[2025-02-22T20:39:30.059+0000] {processor.py:208} INFO - Processing /home/airflow/.local/lib/python3.12/site-packages/airflow/example_dags/example_branch_operator_decorator.py took 0.118 seconds
[2025-02-22T20:40:01.884+0000] {processor.py:186} INFO - Started process (PID=849) to work on /home/airflow/.local/lib/python3.12/site-packages/airflow/example_dags/example_branch_operator_decorator.py
[2025-02-22T20:40:01.885+0000] {processor.py:914} INFO - Processing file /home/airflow/.local/lib/python3.12/site-packages/airflow/example_dags/example_branch_operator_decorator.py for tasks to queue
[2025-02-22T20:40:01.889+0000] {logging_mixin.py:190} INFO - [2025-02-22T20:40:01.888+0000] {dagbag.py:588} INFO - Filling up the DagBag from /home/airflow/.local/lib/python3.12/site-packages/airflow/example_dags/example_branch_operator_decorator.py
[2025-02-22T20:40:01.920+0000] {processor.py:925} INFO - DAG(s) 'example_branch_python_operator_decorator' retrieved from /home/airflow/.local/lib/python3.12/site-packages/airflow/example_dags/example_branch_operator_decorator.py
[2025-02-22T20:40:01.959+0000] {logging_mixin.py:190} INFO - [2025-02-22T20:40:01.959+0000] {dag.py:3239} INFO - Sync 1 DAGs
[2025-02-22T20:40:01.991+0000] {logging_mixin.py:190} INFO - [2025-02-22T20:40:01.991+0000] {dag.py:4180} INFO - Setting next_dagrun for example_branch_python_operator_decorator to 2025-02-21 00:00:00+00:00, run_after=2025-02-22 00:00:00+00:00
[2025-02-22T20:40:02.016+0000] {processor.py:208} INFO - Processing /home/airflow/.local/lib/python3.12/site-packages/airflow/example_dags/example_branch_operator_decorator.py took 0.140 seconds
[2025-02-22T20:40:33.342+0000] {processor.py:186} INFO - Started process (PID=912) to work on /home/airflow/.local/lib/python3.12/site-packages/airflow/example_dags/example_branch_operator_decorator.py
[2025-02-22T20:40:33.344+0000] {processor.py:914} INFO - Processing file /home/airflow/.local/lib/python3.12/site-packages/airflow/example_dags/example_branch_operator_decorator.py for tasks to queue
[2025-02-22T20:40:33.346+0000] {logging_mixin.py:190} INFO - [2025-02-22T20:40:33.346+0000] {dagbag.py:588} INFO - Filling up the DagBag from /home/airflow/.local/lib/python3.12/site-packages/airflow/example_dags/example_branch_operator_decorator.py
[2025-02-22T20:40:33.370+0000] {processor.py:925} INFO - DAG(s) 'example_branch_python_operator_decorator' retrieved from /home/airflow/.local/lib/python3.12/site-packages/airflow/example_dags/example_branch_operator_decorator.py
[2025-02-22T20:40:33.403+0000] {logging_mixin.py:190} INFO - [2025-02-22T20:40:33.403+0000] {dag.py:3239} INFO - Sync 1 DAGs
[2025-02-22T20:40:33.430+0000] {logging_mixin.py:190} INFO - [2025-02-22T20:40:33.430+0000] {dag.py:4180} INFO - Setting next_dagrun for example_branch_python_operator_decorator to 2025-02-21 00:00:00+00:00, run_after=2025-02-22 00:00:00+00:00
[2025-02-22T20:40:33.451+0000] {processor.py:208} INFO - Processing /home/airflow/.local/lib/python3.12/site-packages/airflow/example_dags/example_branch_operator_decorator.py took 0.115 seconds
[2025-02-22T20:41:04.489+0000] {processor.py:186} INFO - Started process (PID=975) to work on /home/airflow/.local/lib/python3.12/site-packages/airflow/example_dags/example_branch_operator_decorator.py
[2025-02-22T20:41:04.490+0000] {processor.py:914} INFO - Processing file /home/airflow/.local/lib/python3.12/site-packages/airflow/example_dags/example_branch_operator_decorator.py for tasks to queue
[2025-02-22T20:41:04.493+0000] {logging_mixin.py:190} INFO - [2025-02-22T20:41:04.493+0000] {dagbag.py:588} INFO - Filling up the DagBag from /home/airflow/.local/lib/python3.12/site-packages/airflow/example_dags/example_branch_operator_decorator.py
[2025-02-22T20:41:04.517+0000] {processor.py:925} INFO - DAG(s) 'example_branch_python_operator_decorator' retrieved from /home/airflow/.local/lib/python3.12/site-packages/airflow/example_dags/example_branch_operator_decorator.py
[2025-02-22T20:41:04.555+0000] {logging_mixin.py:190} INFO - [2025-02-22T20:41:04.555+0000] {dag.py:3239} INFO - Sync 1 DAGs
[2025-02-22T20:41:04.587+0000] {logging_mixin.py:190} INFO - [2025-02-22T20:41:04.587+0000] {dag.py:4180} INFO - Setting next_dagrun for example_branch_python_operator_decorator to 2025-02-21 00:00:00+00:00, run_after=2025-02-22 00:00:00+00:00
[2025-02-22T20:41:04.610+0000] {processor.py:208} INFO - Processing /home/airflow/.local/lib/python3.12/site-packages/airflow/example_dags/example_branch_operator_decorator.py took 0.128 seconds
[2025-02-22T20:41:35.559+0000] {processor.py:186} INFO - Started process (PID=1038) to work on /home/airflow/.local/lib/python3.12/site-packages/airflow/example_dags/example_branch_operator_decorator.py
[2025-02-22T20:41:35.561+0000] {processor.py:914} INFO - Processing file /home/airflow/.local/lib/python3.12/site-packages/airflow/example_dags/example_branch_operator_decorator.py for tasks to queue
[2025-02-22T20:41:35.566+0000] {logging_mixin.py:190} INFO - [2025-02-22T20:41:35.565+0000] {dagbag.py:588} INFO - Filling up the DagBag from /home/airflow/.local/lib/python3.12/site-packages/airflow/example_dags/example_branch_operator_decorator.py
[2025-02-22T20:41:35.597+0000] {processor.py:925} INFO - DAG(s) 'example_branch_python_operator_decorator' retrieved from /home/airflow/.local/lib/python3.12/site-packages/airflow/example_dags/example_branch_operator_decorator.py
[2025-02-22T20:41:35.640+0000] {logging_mixin.py:190} INFO - [2025-02-22T20:41:35.640+0000] {dag.py:3239} INFO - Sync 1 DAGs
[2025-02-22T20:41:35.676+0000] {logging_mixin.py:190} INFO - [2025-02-22T20:41:35.675+0000] {dag.py:4180} INFO - Setting next_dagrun for example_branch_python_operator_decorator to 2025-02-21 00:00:00+00:00, run_after=2025-02-22 00:00:00+00:00
[2025-02-22T20:41:35.705+0000] {processor.py:208} INFO - Processing /home/airflow/.local/lib/python3.12/site-packages/airflow/example_dags/example_branch_operator_decorator.py took 0.158 seconds
[2025-02-22T20:42:08.413+0000] {processor.py:186} INFO - Started process (PID=1101) to work on /home/airflow/.local/lib/python3.12/site-packages/airflow/example_dags/example_branch_operator_decorator.py
[2025-02-22T20:42:08.415+0000] {processor.py:914} INFO - Processing file /home/airflow/.local/lib/python3.12/site-packages/airflow/example_dags/example_branch_operator_decorator.py for tasks to queue
[2025-02-22T20:42:08.437+0000] {logging_mixin.py:190} INFO - [2025-02-22T20:42:08.436+0000] {dagbag.py:588} INFO - Filling up the DagBag from /home/airflow/.local/lib/python3.12/site-packages/airflow/example_dags/example_branch_operator_decorator.py
[2025-02-22T20:42:08.496+0000] {processor.py:925} INFO - DAG(s) 'example_branch_python_operator_decorator' retrieved from /home/airflow/.local/lib/python3.12/site-packages/airflow/example_dags/example_branch_operator_decorator.py
[2025-02-22T20:42:08.563+0000] {logging_mixin.py:190} INFO - [2025-02-22T20:42:08.562+0000] {dag.py:3239} INFO - Sync 1 DAGs
[2025-02-22T20:42:08.614+0000] {logging_mixin.py:190} INFO - [2025-02-22T20:42:08.613+0000] {dag.py:4180} INFO - Setting next_dagrun for example_branch_python_operator_decorator to 2025-02-21 00:00:00+00:00, run_after=2025-02-22 00:00:00+00:00
[2025-02-22T20:42:08.653+0000] {processor.py:208} INFO - Processing /home/airflow/.local/lib/python3.12/site-packages/airflow/example_dags/example_branch_operator_decorator.py took 0.256 seconds
[2025-02-22T20:42:39.469+0000] {processor.py:186} INFO - Started process (PID=1164) to work on /home/airflow/.local/lib/python3.12/site-packages/airflow/example_dags/example_branch_operator_decorator.py
[2025-02-22T20:42:39.471+0000] {processor.py:914} INFO - Processing file /home/airflow/.local/lib/python3.12/site-packages/airflow/example_dags/example_branch_operator_decorator.py for tasks to queue
[2025-02-22T20:42:39.475+0000] {logging_mixin.py:190} INFO - [2025-02-22T20:42:39.474+0000] {dagbag.py:588} INFO - Filling up the DagBag from /home/airflow/.local/lib/python3.12/site-packages/airflow/example_dags/example_branch_operator_decorator.py
[2025-02-22T20:42:39.517+0000] {processor.py:925} INFO - DAG(s) 'example_branch_python_operator_decorator' retrieved from /home/airflow/.local/lib/python3.12/site-packages/airflow/example_dags/example_branch_operator_decorator.py
[2025-02-22T20:42:39.573+0000] {logging_mixin.py:190} INFO - [2025-02-22T20:42:39.572+0000] {dag.py:3239} INFO - Sync 1 DAGs
[2025-02-22T20:42:39.619+0000] {logging_mixin.py:190} INFO - [2025-02-22T20:42:39.618+0000] {dag.py:4180} INFO - Setting next_dagrun for example_branch_python_operator_decorator to 2025-02-21 00:00:00+00:00, run_after=2025-02-22 00:00:00+00:00
[2025-02-22T20:42:39.657+0000] {processor.py:208} INFO - Processing /home/airflow/.local/lib/python3.12/site-packages/airflow/example_dags/example_branch_operator_decorator.py took 0.199 seconds
[2025-02-22T20:43:10.614+0000] {processor.py:186} INFO - Started process (PID=1227) to work on /home/airflow/.local/lib/python3.12/site-packages/airflow/example_dags/example_branch_operator_decorator.py
[2025-02-22T20:43:10.615+0000] {processor.py:914} INFO - Processing file /home/airflow/.local/lib/python3.12/site-packages/airflow/example_dags/example_branch_operator_decorator.py for tasks to queue
[2025-02-22T20:43:10.618+0000] {logging_mixin.py:190} INFO - [2025-02-22T20:43:10.618+0000] {dagbag.py:588} INFO - Filling up the DagBag from /home/airflow/.local/lib/python3.12/site-packages/airflow/example_dags/example_branch_operator_decorator.py
[2025-02-22T20:43:10.642+0000] {processor.py:925} INFO - DAG(s) 'example_branch_python_operator_decorator' retrieved from /home/airflow/.local/lib/python3.12/site-packages/airflow/example_dags/example_branch_operator_decorator.py
[2025-02-22T20:43:10.676+0000] {logging_mixin.py:190} INFO - [2025-02-22T20:43:10.676+0000] {dag.py:3239} INFO - Sync 1 DAGs
[2025-02-22T20:43:10.703+0000] {logging_mixin.py:190} INFO - [2025-02-22T20:43:10.702+0000] {dag.py:4180} INFO - Setting next_dagrun for example_branch_python_operator_decorator to 2025-02-21 00:00:00+00:00, run_after=2025-02-22 00:00:00+00:00
[2025-02-22T20:43:10.727+0000] {processor.py:208} INFO - Processing /home/airflow/.local/lib/python3.12/site-packages/airflow/example_dags/example_branch_operator_decorator.py took 0.122 seconds
[2025-02-22T20:43:41.767+0000] {processor.py:186} INFO - Started process (PID=1290) to work on /home/airflow/.local/lib/python3.12/site-packages/airflow/example_dags/example_branch_operator_decorator.py
[2025-02-22T20:43:41.768+0000] {processor.py:914} INFO - Processing file /home/airflow/.local/lib/python3.12/site-packages/airflow/example_dags/example_branch_operator_decorator.py for tasks to queue
[2025-02-22T20:43:41.771+0000] {logging_mixin.py:190} INFO - [2025-02-22T20:43:41.771+0000] {dagbag.py:588} INFO - Filling up the DagBag from /home/airflow/.local/lib/python3.12/site-packages/airflow/example_dags/example_branch_operator_decorator.py
[2025-02-22T20:43:41.795+0000] {processor.py:925} INFO - DAG(s) 'example_branch_python_operator_decorator' retrieved from /home/airflow/.local/lib/python3.12/site-packages/airflow/example_dags/example_branch_operator_decorator.py
[2025-02-22T20:43:41.834+0000] {logging_mixin.py:190} INFO - [2025-02-22T20:43:41.834+0000] {dag.py:3239} INFO - Sync 1 DAGs
[2025-02-22T20:43:41.866+0000] {logging_mixin.py:190} INFO - [2025-02-22T20:43:41.866+0000] {dag.py:4180} INFO - Setting next_dagrun for example_branch_python_operator_decorator to 2025-02-21 00:00:00+00:00, run_after=2025-02-22 00:00:00+00:00
[2025-02-22T20:43:41.891+0000] {processor.py:208} INFO - Processing /home/airflow/.local/lib/python3.12/site-packages/airflow/example_dags/example_branch_operator_decorator.py took 0.135 seconds
[2025-02-22T20:44:13.044+0000] {processor.py:186} INFO - Started process (PID=1353) to work on /home/airflow/.local/lib/python3.12/site-packages/airflow/example_dags/example_branch_operator_decorator.py
[2025-02-22T20:44:13.045+0000] {processor.py:914} INFO - Processing file /home/airflow/.local/lib/python3.12/site-packages/airflow/example_dags/example_branch_operator_decorator.py for tasks to queue
[2025-02-22T20:44:13.048+0000] {logging_mixin.py:190} INFO - [2025-02-22T20:44:13.047+0000] {dagbag.py:588} INFO - Filling up the DagBag from /home/airflow/.local/lib/python3.12/site-packages/airflow/example_dags/example_branch_operator_decorator.py
[2025-02-22T20:44:13.074+0000] {processor.py:925} INFO - DAG(s) 'example_branch_python_operator_decorator' retrieved from /home/airflow/.local/lib/python3.12/site-packages/airflow/example_dags/example_branch_operator_decorator.py
[2025-02-22T20:44:13.108+0000] {logging_mixin.py:190} INFO - [2025-02-22T20:44:13.108+0000] {dag.py:3239} INFO - Sync 1 DAGs
[2025-02-22T20:44:13.135+0000] {logging_mixin.py:190} INFO - [2025-02-22T20:44:13.135+0000] {dag.py:4180} INFO - Setting next_dagrun for example_branch_python_operator_decorator to 2025-02-21 00:00:00+00:00, run_after=2025-02-22 00:00:00+00:00
[2025-02-22T20:44:13.156+0000] {processor.py:208} INFO - Processing /home/airflow/.local/lib/python3.12/site-packages/airflow/example_dags/example_branch_operator_decorator.py took 0.120 seconds
[2025-02-22T20:44:44.627+0000] {processor.py:186} INFO - Started process (PID=1416) to work on /home/airflow/.local/lib/python3.12/site-packages/airflow/example_dags/example_branch_operator_decorator.py
[2025-02-22T20:44:44.628+0000] {processor.py:914} INFO - Processing file /home/airflow/.local/lib/python3.12/site-packages/airflow/example_dags/example_branch_operator_decorator.py for tasks to queue
[2025-02-22T20:44:44.631+0000] {logging_mixin.py:190} INFO - [2025-02-22T20:44:44.630+0000] {dagbag.py:588} INFO - Filling up the DagBag from /home/airflow/.local/lib/python3.12/site-packages/airflow/example_dags/example_branch_operator_decorator.py
[2025-02-22T20:44:44.658+0000] {processor.py:925} INFO - DAG(s) 'example_branch_python_operator_decorator' retrieved from /home/airflow/.local/lib/python3.12/site-packages/airflow/example_dags/example_branch_operator_decorator.py
[2025-02-22T20:44:44.691+0000] {logging_mixin.py:190} INFO - [2025-02-22T20:44:44.691+0000] {dag.py:3239} INFO - Sync 1 DAGs
[2025-02-22T20:44:44.717+0000] {logging_mixin.py:190} INFO - [2025-02-22T20:44:44.717+0000] {dag.py:4180} INFO - Setting next_dagrun for example_branch_python_operator_decorator to 2025-02-21 00:00:00+00:00, run_after=2025-02-22 00:00:00+00:00
[2025-02-22T20:44:44.739+0000] {processor.py:208} INFO - Processing /home/airflow/.local/lib/python3.12/site-packages/airflow/example_dags/example_branch_operator_decorator.py took 0.120 seconds
[2025-02-22T20:45:15.833+0000] {processor.py:186} INFO - Started process (PID=1479) to work on /home/airflow/.local/lib/python3.12/site-packages/airflow/example_dags/example_branch_operator_decorator.py
[2025-02-22T20:45:15.835+0000] {processor.py:914} INFO - Processing file /home/airflow/.local/lib/python3.12/site-packages/airflow/example_dags/example_branch_operator_decorator.py for tasks to queue
[2025-02-22T20:45:15.838+0000] {logging_mixin.py:190} INFO - [2025-02-22T20:45:15.837+0000] {dagbag.py:588} INFO - Filling up the DagBag from /home/airflow/.local/lib/python3.12/site-packages/airflow/example_dags/example_branch_operator_decorator.py
[2025-02-22T20:45:15.863+0000] {processor.py:925} INFO - DAG(s) 'example_branch_python_operator_decorator' retrieved from /home/airflow/.local/lib/python3.12/site-packages/airflow/example_dags/example_branch_operator_decorator.py
[2025-02-22T20:45:15.897+0000] {logging_mixin.py:190} INFO - [2025-02-22T20:45:15.897+0000] {dag.py:3239} INFO - Sync 1 DAGs
[2025-02-22T20:45:15.925+0000] {logging_mixin.py:190} INFO - [2025-02-22T20:45:15.925+0000] {dag.py:4180} INFO - Setting next_dagrun for example_branch_python_operator_decorator to 2025-02-21 00:00:00+00:00, run_after=2025-02-22 00:00:00+00:00
[2025-02-22T20:45:15.949+0000] {processor.py:208} INFO - Processing /home/airflow/.local/lib/python3.12/site-packages/airflow/example_dags/example_branch_operator_decorator.py took 0.122 seconds
[2025-02-22T20:45:47.169+0000] {processor.py:186} INFO - Started process (PID=1544) to work on /home/airflow/.local/lib/python3.12/site-packages/airflow/example_dags/example_branch_operator_decorator.py
[2025-02-22T20:45:47.171+0000] {processor.py:914} INFO - Processing file /home/airflow/.local/lib/python3.12/site-packages/airflow/example_dags/example_branch_operator_decorator.py for tasks to queue
[2025-02-22T20:45:47.177+0000] {logging_mixin.py:190} INFO - [2025-02-22T20:45:47.177+0000] {dagbag.py:588} INFO - Filling up the DagBag from /home/airflow/.local/lib/python3.12/site-packages/airflow/example_dags/example_branch_operator_decorator.py
[2025-02-22T20:45:47.225+0000] {processor.py:925} INFO - DAG(s) 'example_branch_python_operator_decorator' retrieved from /home/airflow/.local/lib/python3.12/site-packages/airflow/example_dags/example_branch_operator_decorator.py
[2025-02-22T20:45:47.268+0000] {logging_mixin.py:190} INFO - [2025-02-22T20:45:47.268+0000] {dag.py:3239} INFO - Sync 1 DAGs
[2025-02-22T20:45:47.302+0000] {logging_mixin.py:190} INFO - [2025-02-22T20:45:47.302+0000] {dag.py:4180} INFO - Setting next_dagrun for example_branch_python_operator_decorator to 2025-02-21 00:00:00+00:00, run_after=2025-02-22 00:00:00+00:00
[2025-02-22T20:45:47.326+0000] {processor.py:208} INFO - Processing /home/airflow/.local/lib/python3.12/site-packages/airflow/example_dags/example_branch_operator_decorator.py took 0.172 seconds
[2025-02-22T20:46:18.172+0000] {processor.py:186} INFO - Started process (PID=1607) to work on /home/airflow/.local/lib/python3.12/site-packages/airflow/example_dags/example_branch_operator_decorator.py
[2025-02-22T20:46:18.173+0000] {processor.py:914} INFO - Processing file /home/airflow/.local/lib/python3.12/site-packages/airflow/example_dags/example_branch_operator_decorator.py for tasks to queue
[2025-02-22T20:46:18.176+0000] {logging_mixin.py:190} INFO - [2025-02-22T20:46:18.176+0000] {dagbag.py:588} INFO - Filling up the DagBag from /home/airflow/.local/lib/python3.12/site-packages/airflow/example_dags/example_branch_operator_decorator.py
[2025-02-22T20:46:18.201+0000] {processor.py:925} INFO - DAG(s) 'example_branch_python_operator_decorator' retrieved from /home/airflow/.local/lib/python3.12/site-packages/airflow/example_dags/example_branch_operator_decorator.py
[2025-02-22T20:46:18.239+0000] {logging_mixin.py:190} INFO - [2025-02-22T20:46:18.238+0000] {dag.py:3239} INFO - Sync 1 DAGs
[2025-02-22T20:46:18.267+0000] {logging_mixin.py:190} INFO - [2025-02-22T20:46:18.267+0000] {dag.py:4180} INFO - Setting next_dagrun for example_branch_python_operator_decorator to 2025-02-21 00:00:00+00:00, run_after=2025-02-22 00:00:00+00:00
[2025-02-22T20:46:18.290+0000] {processor.py:208} INFO - Processing /home/airflow/.local/lib/python3.12/site-packages/airflow/example_dags/example_branch_operator_decorator.py took 0.124 seconds
[2025-02-22T20:46:49.394+0000] {processor.py:186} INFO - Started process (PID=1670) to work on /home/airflow/.local/lib/python3.12/site-packages/airflow/example_dags/example_branch_operator_decorator.py
[2025-02-22T20:46:49.396+0000] {processor.py:914} INFO - Processing file /home/airflow/.local/lib/python3.12/site-packages/airflow/example_dags/example_branch_operator_decorator.py for tasks to queue
[2025-02-22T20:46:49.401+0000] {logging_mixin.py:190} INFO - [2025-02-22T20:46:49.400+0000] {dagbag.py:588} INFO - Filling up the DagBag from /home/airflow/.local/lib/python3.12/site-packages/airflow/example_dags/example_branch_operator_decorator.py
[2025-02-22T20:46:49.440+0000] {processor.py:925} INFO - DAG(s) 'example_branch_python_operator_decorator' retrieved from /home/airflow/.local/lib/python3.12/site-packages/airflow/example_dags/example_branch_operator_decorator.py
[2025-02-22T20:46:49.479+0000] {logging_mixin.py:190} INFO - [2025-02-22T20:46:49.479+0000] {dag.py:3239} INFO - Sync 1 DAGs
[2025-02-22T20:46:49.511+0000] {logging_mixin.py:190} INFO - [2025-02-22T20:46:49.510+0000] {dag.py:4180} INFO - Setting next_dagrun for example_branch_python_operator_decorator to 2025-02-21 00:00:00+00:00, run_after=2025-02-22 00:00:00+00:00
[2025-02-22T20:46:49.534+0000] {processor.py:208} INFO - Processing /home/airflow/.local/lib/python3.12/site-packages/airflow/example_dags/example_branch_operator_decorator.py took 0.152 seconds
[2025-02-22T20:47:19.633+0000] {processor.py:186} INFO - Started process (PID=1732) to work on /home/airflow/.local/lib/python3.12/site-packages/airflow/example_dags/example_branch_operator_decorator.py
[2025-02-22T20:47:19.634+0000] {processor.py:914} INFO - Processing file /home/airflow/.local/lib/python3.12/site-packages/airflow/example_dags/example_branch_operator_decorator.py for tasks to queue
[2025-02-22T20:47:19.637+0000] {logging_mixin.py:190} INFO - [2025-02-22T20:47:19.636+0000] {dagbag.py:588} INFO - Filling up the DagBag from /home/airflow/.local/lib/python3.12/site-packages/airflow/example_dags/example_branch_operator_decorator.py
[2025-02-22T20:47:19.663+0000] {processor.py:925} INFO - DAG(s) 'example_branch_python_operator_decorator' retrieved from /home/airflow/.local/lib/python3.12/site-packages/airflow/example_dags/example_branch_operator_decorator.py
[2025-02-22T20:47:19.698+0000] {logging_mixin.py:190} INFO - [2025-02-22T20:47:19.698+0000] {dag.py:3239} INFO - Sync 1 DAGs
[2025-02-22T20:47:19.730+0000] {logging_mixin.py:190} INFO - [2025-02-22T20:47:19.729+0000] {dag.py:4180} INFO - Setting next_dagrun for example_branch_python_operator_decorator to 2025-02-21 00:00:00+00:00, run_after=2025-02-22 00:00:00+00:00
[2025-02-22T20:47:19.753+0000] {processor.py:208} INFO - Processing /home/airflow/.local/lib/python3.12/site-packages/airflow/example_dags/example_branch_operator_decorator.py took 0.128 seconds
[2025-02-22T20:47:49.795+0000] {processor.py:186} INFO - Started process (PID=1794) to work on /home/airflow/.local/lib/python3.12/site-packages/airflow/example_dags/example_branch_operator_decorator.py
[2025-02-22T20:47:49.797+0000] {processor.py:914} INFO - Processing file /home/airflow/.local/lib/python3.12/site-packages/airflow/example_dags/example_branch_operator_decorator.py for tasks to queue
[2025-02-22T20:47:49.800+0000] {logging_mixin.py:190} INFO - [2025-02-22T20:47:49.799+0000] {dagbag.py:588} INFO - Filling up the DagBag from /home/airflow/.local/lib/python3.12/site-packages/airflow/example_dags/example_branch_operator_decorator.py
[2025-02-22T20:47:49.826+0000] {processor.py:925} INFO - DAG(s) 'example_branch_python_operator_decorator' retrieved from /home/airflow/.local/lib/python3.12/site-packages/airflow/example_dags/example_branch_operator_decorator.py
[2025-02-22T20:47:49.863+0000] {logging_mixin.py:190} INFO - [2025-02-22T20:47:49.863+0000] {dag.py:3239} INFO - Sync 1 DAGs
[2025-02-22T20:47:49.889+0000] {logging_mixin.py:190} INFO - [2025-02-22T20:47:49.889+0000] {dag.py:4180} INFO - Setting next_dagrun for example_branch_python_operator_decorator to 2025-02-21 00:00:00+00:00, run_after=2025-02-22 00:00:00+00:00
[2025-02-22T20:47:49.911+0000] {processor.py:208} INFO - Processing /home/airflow/.local/lib/python3.12/site-packages/airflow/example_dags/example_branch_operator_decorator.py took 0.124 seconds
[2025-02-22T20:48:20.245+0000] {processor.py:186} INFO - Started process (PID=1857) to work on /home/airflow/.local/lib/python3.12/site-packages/airflow/example_dags/example_branch_operator_decorator.py
[2025-02-22T20:48:20.246+0000] {processor.py:914} INFO - Processing file /home/airflow/.local/lib/python3.12/site-packages/airflow/example_dags/example_branch_operator_decorator.py for tasks to queue
[2025-02-22T20:48:20.248+0000] {logging_mixin.py:190} INFO - [2025-02-22T20:48:20.248+0000] {dagbag.py:588} INFO - Filling up the DagBag from /home/airflow/.local/lib/python3.12/site-packages/airflow/example_dags/example_branch_operator_decorator.py
[2025-02-22T20:48:20.272+0000] {processor.py:925} INFO - DAG(s) 'example_branch_python_operator_decorator' retrieved from /home/airflow/.local/lib/python3.12/site-packages/airflow/example_dags/example_branch_operator_decorator.py
[2025-02-22T20:48:20.305+0000] {logging_mixin.py:190} INFO - [2025-02-22T20:48:20.304+0000] {dag.py:3239} INFO - Sync 1 DAGs
[2025-02-22T20:48:20.331+0000] {logging_mixin.py:190} INFO - [2025-02-22T20:48:20.331+0000] {dag.py:4180} INFO - Setting next_dagrun for example_branch_python_operator_decorator to 2025-02-21 00:00:00+00:00, run_after=2025-02-22 00:00:00+00:00
[2025-02-22T20:48:20.351+0000] {processor.py:208} INFO - Processing /home/airflow/.local/lib/python3.12/site-packages/airflow/example_dags/example_branch_operator_decorator.py took 0.113 seconds
[2025-02-22T20:48:50.811+0000] {processor.py:186} INFO - Started process (PID=1920) to work on /home/airflow/.local/lib/python3.12/site-packages/airflow/example_dags/example_branch_operator_decorator.py
[2025-02-22T20:48:50.813+0000] {processor.py:914} INFO - Processing file /home/airflow/.local/lib/python3.12/site-packages/airflow/example_dags/example_branch_operator_decorator.py for tasks to queue
[2025-02-22T20:48:50.817+0000] {logging_mixin.py:190} INFO - [2025-02-22T20:48:50.817+0000] {dagbag.py:588} INFO - Filling up the DagBag from /home/airflow/.local/lib/python3.12/site-packages/airflow/example_dags/example_branch_operator_decorator.py
[2025-02-22T20:48:50.856+0000] {processor.py:925} INFO - DAG(s) 'example_branch_python_operator_decorator' retrieved from /home/airflow/.local/lib/python3.12/site-packages/airflow/example_dags/example_branch_operator_decorator.py
[2025-02-22T20:48:50.892+0000] {logging_mixin.py:190} INFO - [2025-02-22T20:48:50.891+0000] {dag.py:3239} INFO - Sync 1 DAGs
[2025-02-22T20:48:50.923+0000] {logging_mixin.py:190} INFO - [2025-02-22T20:48:50.922+0000] {dag.py:4180} INFO - Setting next_dagrun for example_branch_python_operator_decorator to 2025-02-21 00:00:00+00:00, run_after=2025-02-22 00:00:00+00:00
[2025-02-22T20:48:50.945+0000] {processor.py:208} INFO - Processing /home/airflow/.local/lib/python3.12/site-packages/airflow/example_dags/example_branch_operator_decorator.py took 0.145 seconds
