[2025-02-22T20:33:56.705+0000] {processor.py:186} INFO - Started process (PID=123) to work on /home/airflow/.local/lib/python3.12/site-packages/airflow/example_dags/example_branch_python_dop_operator_3.py
[2025-02-22T20:33:56.707+0000] {processor.py:914} INFO - Processing file /home/airflow/.local/lib/python3.12/site-packages/airflow/example_dags/example_branch_python_dop_operator_3.py for tasks to queue
[2025-02-22T20:33:56.711+0000] {logging_mixin.py:190} INFO - [2025-02-22T20:33:56.710+0000] {dagbag.py:588} INFO - Filling up the DagBag from /home/airflow/.local/lib/python3.12/site-packages/airflow/example_dags/example_branch_python_dop_operator_3.py
[2025-02-22T20:33:56.753+0000] {processor.py:925} INFO - DAG(s) 'example_branch_dop_operator_v3' retrieved from /home/airflow/.local/lib/python3.12/site-packages/airflow/example_dags/example_branch_python_dop_operator_3.py
[2025-02-22T20:33:57.062+0000] {logging_mixin.py:190} INFO - [2025-02-22T20:33:57.062+0000] {override.py:1912} INFO - Created Permission View: can edit on DAG:example_branch_dop_operator_v3
[2025-02-22T20:33:57.083+0000] {logging_mixin.py:190} INFO - [2025-02-22T20:33:57.083+0000] {override.py:1912} INFO - Created Permission View: can read on DAG:example_branch_dop_operator_v3
[2025-02-22T20:33:57.096+0000] {logging_mixin.py:190} INFO - [2025-02-22T20:33:57.095+0000] {override.py:1912} INFO - Created Permission View: can delete on DAG:example_branch_dop_operator_v3
[2025-02-22T20:33:57.107+0000] {logging_mixin.py:190} INFO - [2025-02-22T20:33:57.107+0000] {override.py:1912} INFO - Created Permission View: can read on DAG Run:example_branch_dop_operator_v3
[2025-02-22T20:33:57.119+0000] {logging_mixin.py:190} INFO - [2025-02-22T20:33:57.119+0000] {override.py:1912} INFO - Created Permission View: menu access on DAG Run:example_branch_dop_operator_v3
[2025-02-22T20:33:57.130+0000] {logging_mixin.py:190} INFO - [2025-02-22T20:33:57.129+0000] {override.py:1912} INFO - Created Permission View: can create on DAG Run:example_branch_dop_operator_v3
[2025-02-22T20:33:57.140+0000] {logging_mixin.py:190} INFO - [2025-02-22T20:33:57.140+0000] {override.py:1912} INFO - Created Permission View: can delete on DAG Run:example_branch_dop_operator_v3
[2025-02-22T20:33:57.141+0000] {logging_mixin.py:190} INFO - [2025-02-22T20:33:57.141+0000] {dag.py:3239} INFO - Sync 1 DAGs
[2025-02-22T20:33:57.166+0000] {logging_mixin.py:190} INFO - [2025-02-22T20:33:57.166+0000] {dag.py:3262} INFO - Creating ORM DAG for example_branch_dop_operator_v3
[2025-02-22T20:33:57.190+0000] {logging_mixin.py:190} INFO - [2025-02-22T20:33:57.190+0000] {dag.py:4180} INFO - Setting next_dagrun for example_branch_dop_operator_v3 to 2025-02-22 20:32:00+00:00, run_after=2025-02-22 20:33:00+00:00
[2025-02-22T20:33:57.216+0000] {processor.py:208} INFO - Processing /home/airflow/.local/lib/python3.12/site-packages/airflow/example_dags/example_branch_python_dop_operator_3.py took 0.522 seconds
[2025-02-22T20:34:27.819+0000] {processor.py:186} INFO - Started process (PID=186) to work on /home/airflow/.local/lib/python3.12/site-packages/airflow/example_dags/example_branch_python_dop_operator_3.py
[2025-02-22T20:34:27.820+0000] {processor.py:914} INFO - Processing file /home/airflow/.local/lib/python3.12/site-packages/airflow/example_dags/example_branch_python_dop_operator_3.py for tasks to queue
[2025-02-22T20:34:27.822+0000] {logging_mixin.py:190} INFO - [2025-02-22T20:34:27.822+0000] {dagbag.py:588} INFO - Filling up the DagBag from /home/airflow/.local/lib/python3.12/site-packages/airflow/example_dags/example_branch_python_dop_operator_3.py
[2025-02-22T20:34:27.836+0000] {processor.py:925} INFO - DAG(s) 'example_branch_dop_operator_v3' retrieved from /home/airflow/.local/lib/python3.12/site-packages/airflow/example_dags/example_branch_python_dop_operator_3.py
[2025-02-22T20:34:27.859+0000] {logging_mixin.py:190} INFO - [2025-02-22T20:34:27.859+0000] {dag.py:3239} INFO - Sync 1 DAGs
[2025-02-22T20:34:27.889+0000] {logging_mixin.py:190} INFO - [2025-02-22T20:34:27.889+0000] {dag.py:4180} INFO - Setting next_dagrun for example_branch_dop_operator_v3 to 2025-02-22 20:33:00+00:00, run_after=2025-02-22 20:34:00+00:00
[2025-02-22T20:34:27.911+0000] {processor.py:208} INFO - Processing /home/airflow/.local/lib/python3.12/site-packages/airflow/example_dags/example_branch_python_dop_operator_3.py took 0.099 seconds
[2025-02-22T20:34:58.219+0000] {processor.py:186} INFO - Started process (PID=249) to work on /home/airflow/.local/lib/python3.12/site-packages/airflow/example_dags/example_branch_python_dop_operator_3.py
[2025-02-22T20:34:58.221+0000] {processor.py:914} INFO - Processing file /home/airflow/.local/lib/python3.12/site-packages/airflow/example_dags/example_branch_python_dop_operator_3.py for tasks to queue
[2025-02-22T20:34:58.224+0000] {logging_mixin.py:190} INFO - [2025-02-22T20:34:58.223+0000] {dagbag.py:588} INFO - Filling up the DagBag from /home/airflow/.local/lib/python3.12/site-packages/airflow/example_dags/example_branch_python_dop_operator_3.py
[2025-02-22T20:34:58.236+0000] {processor.py:925} INFO - DAG(s) 'example_branch_dop_operator_v3' retrieved from /home/airflow/.local/lib/python3.12/site-packages/airflow/example_dags/example_branch_python_dop_operator_3.py
[2025-02-22T20:34:58.259+0000] {logging_mixin.py:190} INFO - [2025-02-22T20:34:58.259+0000] {dag.py:3239} INFO - Sync 1 DAGs
[2025-02-22T20:34:58.290+0000] {logging_mixin.py:190} INFO - [2025-02-22T20:34:58.290+0000] {dag.py:4180} INFO - Setting next_dagrun for example_branch_dop_operator_v3 to 2025-02-22 20:33:00+00:00, run_after=2025-02-22 20:34:00+00:00
[2025-02-22T20:34:58.314+0000] {processor.py:208} INFO - Processing /home/airflow/.local/lib/python3.12/site-packages/airflow/example_dags/example_branch_python_dop_operator_3.py took 0.100 seconds
[2025-02-22T20:35:29.083+0000] {processor.py:186} INFO - Started process (PID=312) to work on /home/airflow/.local/lib/python3.12/site-packages/airflow/example_dags/example_branch_python_dop_operator_3.py
[2025-02-22T20:35:29.084+0000] {processor.py:914} INFO - Processing file /home/airflow/.local/lib/python3.12/site-packages/airflow/example_dags/example_branch_python_dop_operator_3.py for tasks to queue
[2025-02-22T20:35:29.086+0000] {logging_mixin.py:190} INFO - [2025-02-22T20:35:29.086+0000] {dagbag.py:588} INFO - Filling up the DagBag from /home/airflow/.local/lib/python3.12/site-packages/airflow/example_dags/example_branch_python_dop_operator_3.py
[2025-02-22T20:35:29.098+0000] {processor.py:925} INFO - DAG(s) 'example_branch_dop_operator_v3' retrieved from /home/airflow/.local/lib/python3.12/site-packages/airflow/example_dags/example_branch_python_dop_operator_3.py
[2025-02-22T20:35:29.122+0000] {logging_mixin.py:190} INFO - [2025-02-22T20:35:29.122+0000] {dag.py:3239} INFO - Sync 1 DAGs
[2025-02-22T20:35:29.155+0000] {logging_mixin.py:190} INFO - [2025-02-22T20:35:29.155+0000] {dag.py:4180} INFO - Setting next_dagrun for example_branch_dop_operator_v3 to 2025-02-22 20:34:00+00:00, run_after=2025-02-22 20:35:00+00:00
[2025-02-22T20:35:29.186+0000] {processor.py:208} INFO - Processing /home/airflow/.local/lib/python3.12/site-packages/airflow/example_dags/example_branch_python_dop_operator_3.py took 0.110 seconds
[2025-02-22T20:35:59.275+0000] {processor.py:186} INFO - Started process (PID=376) to work on /home/airflow/.local/lib/python3.12/site-packages/airflow/example_dags/example_branch_python_dop_operator_3.py
[2025-02-22T20:35:59.276+0000] {processor.py:914} INFO - Processing file /home/airflow/.local/lib/python3.12/site-packages/airflow/example_dags/example_branch_python_dop_operator_3.py for tasks to queue
[2025-02-22T20:35:59.279+0000] {logging_mixin.py:190} INFO - [2025-02-22T20:35:59.278+0000] {dagbag.py:588} INFO - Filling up the DagBag from /home/airflow/.local/lib/python3.12/site-packages/airflow/example_dags/example_branch_python_dop_operator_3.py
[2025-02-22T20:35:59.290+0000] {processor.py:925} INFO - DAG(s) 'example_branch_dop_operator_v3' retrieved from /home/airflow/.local/lib/python3.12/site-packages/airflow/example_dags/example_branch_python_dop_operator_3.py
[2025-02-22T20:35:59.313+0000] {logging_mixin.py:190} INFO - [2025-02-22T20:35:59.313+0000] {dag.py:3239} INFO - Sync 1 DAGs
[2025-02-22T20:35:59.342+0000] {logging_mixin.py:190} INFO - [2025-02-22T20:35:59.342+0000] {dag.py:4180} INFO - Setting next_dagrun for example_branch_dop_operator_v3 to 2025-02-22 20:34:00+00:00, run_after=2025-02-22 20:35:00+00:00
[2025-02-22T20:35:59.363+0000] {processor.py:208} INFO - Processing /home/airflow/.local/lib/python3.12/site-packages/airflow/example_dags/example_branch_python_dop_operator_3.py took 0.095 seconds
[2025-02-22T20:36:29.573+0000] {processor.py:186} INFO - Started process (PID=439) to work on /home/airflow/.local/lib/python3.12/site-packages/airflow/example_dags/example_branch_python_dop_operator_3.py
[2025-02-22T20:36:29.574+0000] {processor.py:914} INFO - Processing file /home/airflow/.local/lib/python3.12/site-packages/airflow/example_dags/example_branch_python_dop_operator_3.py for tasks to queue
[2025-02-22T20:36:29.578+0000] {logging_mixin.py:190} INFO - [2025-02-22T20:36:29.577+0000] {dagbag.py:588} INFO - Filling up the DagBag from /home/airflow/.local/lib/python3.12/site-packages/airflow/example_dags/example_branch_python_dop_operator_3.py
[2025-02-22T20:36:29.591+0000] {processor.py:925} INFO - DAG(s) 'example_branch_dop_operator_v3' retrieved from /home/airflow/.local/lib/python3.12/site-packages/airflow/example_dags/example_branch_python_dop_operator_3.py
[2025-02-22T20:36:29.617+0000] {logging_mixin.py:190} INFO - [2025-02-22T20:36:29.617+0000] {dag.py:3239} INFO - Sync 1 DAGs
[2025-02-22T20:36:29.651+0000] {logging_mixin.py:190} INFO - [2025-02-22T20:36:29.651+0000] {dag.py:4180} INFO - Setting next_dagrun for example_branch_dop_operator_v3 to 2025-02-22 20:35:00+00:00, run_after=2025-02-22 20:36:00+00:00
[2025-02-22T20:36:29.679+0000] {processor.py:208} INFO - Processing /home/airflow/.local/lib/python3.12/site-packages/airflow/example_dags/example_branch_python_dop_operator_3.py took 0.114 seconds
[2025-02-22T20:37:00.431+0000] {processor.py:186} INFO - Started process (PID=502) to work on /home/airflow/.local/lib/python3.12/site-packages/airflow/example_dags/example_branch_python_dop_operator_3.py
[2025-02-22T20:37:00.433+0000] {processor.py:914} INFO - Processing file /home/airflow/.local/lib/python3.12/site-packages/airflow/example_dags/example_branch_python_dop_operator_3.py for tasks to queue
[2025-02-22T20:37:00.437+0000] {logging_mixin.py:190} INFO - [2025-02-22T20:37:00.436+0000] {dagbag.py:588} INFO - Filling up the DagBag from /home/airflow/.local/lib/python3.12/site-packages/airflow/example_dags/example_branch_python_dop_operator_3.py
[2025-02-22T20:37:00.454+0000] {processor.py:925} INFO - DAG(s) 'example_branch_dop_operator_v3' retrieved from /home/airflow/.local/lib/python3.12/site-packages/airflow/example_dags/example_branch_python_dop_operator_3.py
[2025-02-22T20:37:00.477+0000] {logging_mixin.py:190} INFO - [2025-02-22T20:37:00.477+0000] {dag.py:3239} INFO - Sync 1 DAGs
[2025-02-22T20:37:00.512+0000] {logging_mixin.py:190} INFO - [2025-02-22T20:37:00.512+0000] {dag.py:4180} INFO - Setting next_dagrun for example_branch_dop_operator_v3 to 2025-02-22 20:36:00+00:00, run_after=2025-02-22 20:37:00+00:00
[2025-02-22T20:37:00.537+0000] {processor.py:208} INFO - Processing /home/airflow/.local/lib/python3.12/site-packages/airflow/example_dags/example_branch_python_dop_operator_3.py took 0.115 seconds
[2025-02-22T20:37:31.514+0000] {processor.py:186} INFO - Started process (PID=565) to work on /home/airflow/.local/lib/python3.12/site-packages/airflow/example_dags/example_branch_python_dop_operator_3.py
[2025-02-22T20:37:31.515+0000] {processor.py:914} INFO - Processing file /home/airflow/.local/lib/python3.12/site-packages/airflow/example_dags/example_branch_python_dop_operator_3.py for tasks to queue
[2025-02-22T20:37:31.518+0000] {logging_mixin.py:190} INFO - [2025-02-22T20:37:31.517+0000] {dagbag.py:588} INFO - Filling up the DagBag from /home/airflow/.local/lib/python3.12/site-packages/airflow/example_dags/example_branch_python_dop_operator_3.py
[2025-02-22T20:37:31.535+0000] {processor.py:925} INFO - DAG(s) 'example_branch_dop_operator_v3' retrieved from /home/airflow/.local/lib/python3.12/site-packages/airflow/example_dags/example_branch_python_dop_operator_3.py
[2025-02-22T20:37:31.562+0000] {logging_mixin.py:190} INFO - [2025-02-22T20:37:31.561+0000] {dag.py:3239} INFO - Sync 1 DAGs
[2025-02-22T20:37:31.596+0000] {logging_mixin.py:190} INFO - [2025-02-22T20:37:31.596+0000] {dag.py:4180} INFO - Setting next_dagrun for example_branch_dop_operator_v3 to 2025-02-22 20:36:00+00:00, run_after=2025-02-22 20:37:00+00:00
[2025-02-22T20:37:31.620+0000] {processor.py:208} INFO - Processing /home/airflow/.local/lib/python3.12/site-packages/airflow/example_dags/example_branch_python_dop_operator_3.py took 0.113 seconds
[2025-02-22T20:38:01.749+0000] {processor.py:186} INFO - Started process (PID=627) to work on /home/airflow/.local/lib/python3.12/site-packages/airflow/example_dags/example_branch_python_dop_operator_3.py
[2025-02-22T20:38:01.750+0000] {processor.py:914} INFO - Processing file /home/airflow/.local/lib/python3.12/site-packages/airflow/example_dags/example_branch_python_dop_operator_3.py for tasks to queue
[2025-02-22T20:38:01.753+0000] {logging_mixin.py:190} INFO - [2025-02-22T20:38:01.753+0000] {dagbag.py:588} INFO - Filling up the DagBag from /home/airflow/.local/lib/python3.12/site-packages/airflow/example_dags/example_branch_python_dop_operator_3.py
[2025-02-22T20:38:01.765+0000] {processor.py:925} INFO - DAG(s) 'example_branch_dop_operator_v3' retrieved from /home/airflow/.local/lib/python3.12/site-packages/airflow/example_dags/example_branch_python_dop_operator_3.py
[2025-02-22T20:38:01.788+0000] {logging_mixin.py:190} INFO - [2025-02-22T20:38:01.788+0000] {dag.py:3239} INFO - Sync 1 DAGs
[2025-02-22T20:38:01.817+0000] {logging_mixin.py:190} INFO - [2025-02-22T20:38:01.817+0000] {dag.py:4180} INFO - Setting next_dagrun for example_branch_dop_operator_v3 to 2025-02-22 20:37:00+00:00, run_after=2025-02-22 20:38:00+00:00
[2025-02-22T20:38:01.841+0000] {processor.py:208} INFO - Processing /home/airflow/.local/lib/python3.12/site-packages/airflow/example_dags/example_branch_python_dop_operator_3.py took 0.099 seconds
[2025-02-22T20:38:32.638+0000] {processor.py:186} INFO - Started process (PID=690) to work on /home/airflow/.local/lib/python3.12/site-packages/airflow/example_dags/example_branch_python_dop_operator_3.py
[2025-02-22T20:38:32.640+0000] {processor.py:914} INFO - Processing file /home/airflow/.local/lib/python3.12/site-packages/airflow/example_dags/example_branch_python_dop_operator_3.py for tasks to queue
[2025-02-22T20:38:32.644+0000] {logging_mixin.py:190} INFO - [2025-02-22T20:38:32.643+0000] {dagbag.py:588} INFO - Filling up the DagBag from /home/airflow/.local/lib/python3.12/site-packages/airflow/example_dags/example_branch_python_dop_operator_3.py
[2025-02-22T20:38:32.660+0000] {processor.py:925} INFO - DAG(s) 'example_branch_dop_operator_v3' retrieved from /home/airflow/.local/lib/python3.12/site-packages/airflow/example_dags/example_branch_python_dop_operator_3.py
[2025-02-22T20:38:32.689+0000] {logging_mixin.py:190} INFO - [2025-02-22T20:38:32.689+0000] {dag.py:3239} INFO - Sync 1 DAGs
[2025-02-22T20:38:32.727+0000] {logging_mixin.py:190} INFO - [2025-02-22T20:38:32.727+0000] {dag.py:4180} INFO - Setting next_dagrun for example_branch_dop_operator_v3 to 2025-02-22 20:37:00+00:00, run_after=2025-02-22 20:38:00+00:00
[2025-02-22T20:38:32.756+0000] {processor.py:208} INFO - Processing /home/airflow/.local/lib/python3.12/site-packages/airflow/example_dags/example_branch_python_dop_operator_3.py took 0.126 seconds
[2025-02-22T20:39:03.052+0000] {processor.py:186} INFO - Started process (PID=753) to work on /home/airflow/.local/lib/python3.12/site-packages/airflow/example_dags/example_branch_python_dop_operator_3.py
[2025-02-22T20:39:03.054+0000] {processor.py:914} INFO - Processing file /home/airflow/.local/lib/python3.12/site-packages/airflow/example_dags/example_branch_python_dop_operator_3.py for tasks to queue
[2025-02-22T20:39:03.058+0000] {logging_mixin.py:190} INFO - [2025-02-22T20:39:03.058+0000] {dagbag.py:588} INFO - Filling up the DagBag from /home/airflow/.local/lib/python3.12/site-packages/airflow/example_dags/example_branch_python_dop_operator_3.py
[2025-02-22T20:39:03.081+0000] {processor.py:925} INFO - DAG(s) 'example_branch_dop_operator_v3' retrieved from /home/airflow/.local/lib/python3.12/site-packages/airflow/example_dags/example_branch_python_dop_operator_3.py
[2025-02-22T20:39:03.117+0000] {logging_mixin.py:190} INFO - [2025-02-22T20:39:03.117+0000] {dag.py:3239} INFO - Sync 1 DAGs
[2025-02-22T20:39:03.179+0000] {logging_mixin.py:190} INFO - [2025-02-22T20:39:03.178+0000] {dag.py:4180} INFO - Setting next_dagrun for example_branch_dop_operator_v3 to 2025-02-22 20:38:00+00:00, run_after=2025-02-22 20:39:00+00:00
[2025-02-22T20:39:03.214+0000] {processor.py:208} INFO - Processing /home/airflow/.local/lib/python3.12/site-packages/airflow/example_dags/example_branch_python_dop_operator_3.py took 0.171 seconds
[2025-02-22T20:39:33.781+0000] {processor.py:186} INFO - Started process (PID=816) to work on /home/airflow/.local/lib/python3.12/site-packages/airflow/example_dags/example_branch_python_dop_operator_3.py
[2025-02-22T20:39:33.783+0000] {processor.py:914} INFO - Processing file /home/airflow/.local/lib/python3.12/site-packages/airflow/example_dags/example_branch_python_dop_operator_3.py for tasks to queue
[2025-02-22T20:39:33.786+0000] {logging_mixin.py:190} INFO - [2025-02-22T20:39:33.786+0000] {dagbag.py:588} INFO - Filling up the DagBag from /home/airflow/.local/lib/python3.12/site-packages/airflow/example_dags/example_branch_python_dop_operator_3.py
[2025-02-22T20:39:33.803+0000] {processor.py:925} INFO - DAG(s) 'example_branch_dop_operator_v3' retrieved from /home/airflow/.local/lib/python3.12/site-packages/airflow/example_dags/example_branch_python_dop_operator_3.py
[2025-02-22T20:39:33.828+0000] {logging_mixin.py:190} INFO - [2025-02-22T20:39:33.828+0000] {dag.py:3239} INFO - Sync 1 DAGs
[2025-02-22T20:39:33.868+0000] {logging_mixin.py:190} INFO - [2025-02-22T20:39:33.868+0000] {dag.py:4180} INFO - Setting next_dagrun for example_branch_dop_operator_v3 to 2025-02-22 20:38:00+00:00, run_after=2025-02-22 20:39:00+00:00
[2025-02-22T20:39:33.889+0000] {processor.py:208} INFO - Processing /home/airflow/.local/lib/python3.12/site-packages/airflow/example_dags/example_branch_python_dop_operator_3.py took 0.117 seconds
[2025-02-22T20:40:05.649+0000] {processor.py:186} INFO - Started process (PID=879) to work on /home/airflow/.local/lib/python3.12/site-packages/airflow/example_dags/example_branch_python_dop_operator_3.py
[2025-02-22T20:40:05.651+0000] {processor.py:914} INFO - Processing file /home/airflow/.local/lib/python3.12/site-packages/airflow/example_dags/example_branch_python_dop_operator_3.py for tasks to queue
[2025-02-22T20:40:05.654+0000] {logging_mixin.py:190} INFO - [2025-02-22T20:40:05.653+0000] {dagbag.py:588} INFO - Filling up the DagBag from /home/airflow/.local/lib/python3.12/site-packages/airflow/example_dags/example_branch_python_dop_operator_3.py
[2025-02-22T20:40:05.667+0000] {processor.py:925} INFO - DAG(s) 'example_branch_dop_operator_v3' retrieved from /home/airflow/.local/lib/python3.12/site-packages/airflow/example_dags/example_branch_python_dop_operator_3.py
[2025-02-22T20:40:05.691+0000] {logging_mixin.py:190} INFO - [2025-02-22T20:40:05.691+0000] {dag.py:3239} INFO - Sync 1 DAGs
[2025-02-22T20:40:05.741+0000] {logging_mixin.py:190} INFO - [2025-02-22T20:40:05.741+0000] {dag.py:4180} INFO - Setting next_dagrun for example_branch_dop_operator_v3 to 2025-02-22 20:39:00+00:00, run_after=2025-02-22 20:40:00+00:00
[2025-02-22T20:40:05.779+0000] {processor.py:208} INFO - Processing /home/airflow/.local/lib/python3.12/site-packages/airflow/example_dags/example_branch_python_dop_operator_3.py took 0.137 seconds
[2025-02-22T20:40:38.464+0000] {processor.py:186} INFO - Started process (PID=942) to work on /home/airflow/.local/lib/python3.12/site-packages/airflow/example_dags/example_branch_python_dop_operator_3.py
[2025-02-22T20:40:38.465+0000] {processor.py:914} INFO - Processing file /home/airflow/.local/lib/python3.12/site-packages/airflow/example_dags/example_branch_python_dop_operator_3.py for tasks to queue
[2025-02-22T20:40:38.469+0000] {logging_mixin.py:190} INFO - [2025-02-22T20:40:38.468+0000] {dagbag.py:588} INFO - Filling up the DagBag from /home/airflow/.local/lib/python3.12/site-packages/airflow/example_dags/example_branch_python_dop_operator_3.py
[2025-02-22T20:40:38.485+0000] {processor.py:925} INFO - DAG(s) 'example_branch_dop_operator_v3' retrieved from /home/airflow/.local/lib/python3.12/site-packages/airflow/example_dags/example_branch_python_dop_operator_3.py
[2025-02-22T20:40:38.512+0000] {logging_mixin.py:190} INFO - [2025-02-22T20:40:38.512+0000] {dag.py:3239} INFO - Sync 1 DAGs
[2025-02-22T20:40:38.552+0000] {logging_mixin.py:190} INFO - [2025-02-22T20:40:38.552+0000] {dag.py:4180} INFO - Setting next_dagrun for example_branch_dop_operator_v3 to 2025-02-22 20:39:00+00:00, run_after=2025-02-22 20:40:00+00:00
[2025-02-22T20:40:38.579+0000] {processor.py:208} INFO - Processing /home/airflow/.local/lib/python3.12/site-packages/airflow/example_dags/example_branch_python_dop_operator_3.py took 0.123 seconds
[2025-02-22T20:41:09.651+0000] {processor.py:186} INFO - Started process (PID=1005) to work on /home/airflow/.local/lib/python3.12/site-packages/airflow/example_dags/example_branch_python_dop_operator_3.py
[2025-02-22T20:41:09.653+0000] {processor.py:914} INFO - Processing file /home/airflow/.local/lib/python3.12/site-packages/airflow/example_dags/example_branch_python_dop_operator_3.py for tasks to queue
[2025-02-22T20:41:09.656+0000] {logging_mixin.py:190} INFO - [2025-02-22T20:41:09.655+0000] {dagbag.py:588} INFO - Filling up the DagBag from /home/airflow/.local/lib/python3.12/site-packages/airflow/example_dags/example_branch_python_dop_operator_3.py
[2025-02-22T20:41:09.672+0000] {processor.py:925} INFO - DAG(s) 'example_branch_dop_operator_v3' retrieved from /home/airflow/.local/lib/python3.12/site-packages/airflow/example_dags/example_branch_python_dop_operator_3.py
[2025-02-22T20:41:09.711+0000] {logging_mixin.py:190} INFO - [2025-02-22T20:41:09.710+0000] {dag.py:3239} INFO - Sync 1 DAGs
[2025-02-22T20:41:09.791+0000] {logging_mixin.py:190} INFO - [2025-02-22T20:41:09.791+0000] {dag.py:4180} INFO - Setting next_dagrun for example_branch_dop_operator_v3 to 2025-02-22 20:40:00+00:00, run_after=2025-02-22 20:41:00+00:00
[2025-02-22T20:41:09.839+0000] {processor.py:208} INFO - Processing /home/airflow/.local/lib/python3.12/site-packages/airflow/example_dags/example_branch_python_dop_operator_3.py took 0.198 seconds
[2025-02-22T20:41:40.354+0000] {processor.py:186} INFO - Started process (PID=1068) to work on /home/airflow/.local/lib/python3.12/site-packages/airflow/example_dags/example_branch_python_dop_operator_3.py
[2025-02-22T20:41:40.355+0000] {processor.py:914} INFO - Processing file /home/airflow/.local/lib/python3.12/site-packages/airflow/example_dags/example_branch_python_dop_operator_3.py for tasks to queue
[2025-02-22T20:41:40.359+0000] {logging_mixin.py:190} INFO - [2025-02-22T20:41:40.358+0000] {dagbag.py:588} INFO - Filling up the DagBag from /home/airflow/.local/lib/python3.12/site-packages/airflow/example_dags/example_branch_python_dop_operator_3.py
[2025-02-22T20:41:40.373+0000] {processor.py:925} INFO - DAG(s) 'example_branch_dop_operator_v3' retrieved from /home/airflow/.local/lib/python3.12/site-packages/airflow/example_dags/example_branch_python_dop_operator_3.py
[2025-02-22T20:41:40.399+0000] {logging_mixin.py:190} INFO - [2025-02-22T20:41:40.398+0000] {dag.py:3239} INFO - Sync 1 DAGs
[2025-02-22T20:41:40.438+0000] {logging_mixin.py:190} INFO - [2025-02-22T20:41:40.438+0000] {dag.py:4180} INFO - Setting next_dagrun for example_branch_dop_operator_v3 to 2025-02-22 20:40:00+00:00, run_after=2025-02-22 20:41:00+00:00
[2025-02-22T20:41:40.465+0000] {processor.py:208} INFO - Processing /home/airflow/.local/lib/python3.12/site-packages/airflow/example_dags/example_branch_python_dop_operator_3.py took 0.119 seconds
[2025-02-22T20:42:14.920+0000] {processor.py:186} INFO - Started process (PID=1133) to work on /home/airflow/.local/lib/python3.12/site-packages/airflow/example_dags/example_branch_python_dop_operator_3.py
[2025-02-22T20:42:14.922+0000] {processor.py:914} INFO - Processing file /home/airflow/.local/lib/python3.12/site-packages/airflow/example_dags/example_branch_python_dop_operator_3.py for tasks to queue
[2025-02-22T20:42:14.927+0000] {logging_mixin.py:190} INFO - [2025-02-22T20:42:14.926+0000] {dagbag.py:588} INFO - Filling up the DagBag from /home/airflow/.local/lib/python3.12/site-packages/airflow/example_dags/example_branch_python_dop_operator_3.py
[2025-02-22T20:42:14.944+0000] {processor.py:925} INFO - DAG(s) 'example_branch_dop_operator_v3' retrieved from /home/airflow/.local/lib/python3.12/site-packages/airflow/example_dags/example_branch_python_dop_operator_3.py
[2025-02-22T20:42:14.973+0000] {logging_mixin.py:190} INFO - [2025-02-22T20:42:14.972+0000] {dag.py:3239} INFO - Sync 1 DAGs
[2025-02-22T20:42:15.015+0000] {logging_mixin.py:190} INFO - [2025-02-22T20:42:15.015+0000] {dag.py:4180} INFO - Setting next_dagrun for example_branch_dop_operator_v3 to 2025-02-22 20:41:00+00:00, run_after=2025-02-22 20:42:00+00:00
[2025-02-22T20:42:15.060+0000] {processor.py:208} INFO - Processing /home/airflow/.local/lib/python3.12/site-packages/airflow/example_dags/example_branch_python_dop_operator_3.py took 0.153 seconds
[2025-02-22T20:42:46.754+0000] {processor.py:186} INFO - Started process (PID=1196) to work on /home/airflow/.local/lib/python3.12/site-packages/airflow/example_dags/example_branch_python_dop_operator_3.py
[2025-02-22T20:42:46.756+0000] {processor.py:914} INFO - Processing file /home/airflow/.local/lib/python3.12/site-packages/airflow/example_dags/example_branch_python_dop_operator_3.py for tasks to queue
[2025-02-22T20:42:46.760+0000] {logging_mixin.py:190} INFO - [2025-02-22T20:42:46.760+0000] {dagbag.py:588} INFO - Filling up the DagBag from /home/airflow/.local/lib/python3.12/site-packages/airflow/example_dags/example_branch_python_dop_operator_3.py
[2025-02-22T20:42:46.785+0000] {processor.py:925} INFO - DAG(s) 'example_branch_dop_operator_v3' retrieved from /home/airflow/.local/lib/python3.12/site-packages/airflow/example_dags/example_branch_python_dop_operator_3.py
[2025-02-22T20:42:46.837+0000] {logging_mixin.py:190} INFO - [2025-02-22T20:42:46.837+0000] {dag.py:3239} INFO - Sync 1 DAGs
[2025-02-22T20:42:46.900+0000] {logging_mixin.py:190} INFO - [2025-02-22T20:42:46.900+0000] {dag.py:4180} INFO - Setting next_dagrun for example_branch_dop_operator_v3 to 2025-02-22 20:41:00+00:00, run_after=2025-02-22 20:42:00+00:00
[2025-02-22T20:42:46.928+0000] {processor.py:208} INFO - Processing /home/airflow/.local/lib/python3.12/site-packages/airflow/example_dags/example_branch_python_dop_operator_3.py took 0.184 seconds
[2025-02-22T20:43:18.271+0000] {processor.py:186} INFO - Started process (PID=1262) to work on /home/airflow/.local/lib/python3.12/site-packages/airflow/example_dags/example_branch_python_dop_operator_3.py
[2025-02-22T20:43:18.273+0000] {processor.py:914} INFO - Processing file /home/airflow/.local/lib/python3.12/site-packages/airflow/example_dags/example_branch_python_dop_operator_3.py for tasks to queue
[2025-02-22T20:43:18.276+0000] {logging_mixin.py:190} INFO - [2025-02-22T20:43:18.276+0000] {dagbag.py:588} INFO - Filling up the DagBag from /home/airflow/.local/lib/python3.12/site-packages/airflow/example_dags/example_branch_python_dop_operator_3.py
[2025-02-22T20:43:18.298+0000] {processor.py:925} INFO - DAG(s) 'example_branch_dop_operator_v3' retrieved from /home/airflow/.local/lib/python3.12/site-packages/airflow/example_dags/example_branch_python_dop_operator_3.py
[2025-02-22T20:43:18.332+0000] {logging_mixin.py:190} INFO - [2025-02-22T20:43:18.331+0000] {dag.py:3239} INFO - Sync 1 DAGs
[2025-02-22T20:43:18.386+0000] {logging_mixin.py:190} INFO - [2025-02-22T20:43:18.386+0000] {dag.py:4180} INFO - Setting next_dagrun for example_branch_dop_operator_v3 to 2025-02-22 20:42:00+00:00, run_after=2025-02-22 20:43:00+00:00
[2025-02-22T20:43:18.432+0000] {processor.py:208} INFO - Processing /home/airflow/.local/lib/python3.12/site-packages/airflow/example_dags/example_branch_python_dop_operator_3.py took 0.168 seconds
[2025-02-22T20:43:49.527+0000] {processor.py:186} INFO - Started process (PID=1325) to work on /home/airflow/.local/lib/python3.12/site-packages/airflow/example_dags/example_branch_python_dop_operator_3.py
[2025-02-22T20:43:49.528+0000] {processor.py:914} INFO - Processing file /home/airflow/.local/lib/python3.12/site-packages/airflow/example_dags/example_branch_python_dop_operator_3.py for tasks to queue
[2025-02-22T20:43:49.531+0000] {logging_mixin.py:190} INFO - [2025-02-22T20:43:49.531+0000] {dagbag.py:588} INFO - Filling up the DagBag from /home/airflow/.local/lib/python3.12/site-packages/airflow/example_dags/example_branch_python_dop_operator_3.py
[2025-02-22T20:43:49.546+0000] {processor.py:925} INFO - DAG(s) 'example_branch_dop_operator_v3' retrieved from /home/airflow/.local/lib/python3.12/site-packages/airflow/example_dags/example_branch_python_dop_operator_3.py
[2025-02-22T20:43:49.573+0000] {logging_mixin.py:190} INFO - [2025-02-22T20:43:49.573+0000] {dag.py:3239} INFO - Sync 1 DAGs
[2025-02-22T20:43:49.608+0000] {logging_mixin.py:190} INFO - [2025-02-22T20:43:49.608+0000] {dag.py:4180} INFO - Setting next_dagrun for example_branch_dop_operator_v3 to 2025-02-22 20:42:00+00:00, run_after=2025-02-22 20:43:00+00:00
[2025-02-22T20:43:49.637+0000] {processor.py:208} INFO - Processing /home/airflow/.local/lib/python3.12/site-packages/airflow/example_dags/example_branch_python_dop_operator_3.py took 0.118 seconds
[2025-02-22T20:44:21.130+0000] {processor.py:186} INFO - Started process (PID=1388) to work on /home/airflow/.local/lib/python3.12/site-packages/airflow/example_dags/example_branch_python_dop_operator_3.py
[2025-02-22T20:44:21.132+0000] {processor.py:914} INFO - Processing file /home/airflow/.local/lib/python3.12/site-packages/airflow/example_dags/example_branch_python_dop_operator_3.py for tasks to queue
[2025-02-22T20:44:21.137+0000] {logging_mixin.py:190} INFO - [2025-02-22T20:44:21.136+0000] {dagbag.py:588} INFO - Filling up the DagBag from /home/airflow/.local/lib/python3.12/site-packages/airflow/example_dags/example_branch_python_dop_operator_3.py
[2025-02-22T20:44:21.156+0000] {processor.py:925} INFO - DAG(s) 'example_branch_dop_operator_v3' retrieved from /home/airflow/.local/lib/python3.12/site-packages/airflow/example_dags/example_branch_python_dop_operator_3.py
[2025-02-22T20:44:21.195+0000] {logging_mixin.py:190} INFO - [2025-02-22T20:44:21.195+0000] {dag.py:3239} INFO - Sync 1 DAGs
[2025-02-22T20:44:21.254+0000] {logging_mixin.py:190} INFO - [2025-02-22T20:44:21.253+0000] {dag.py:4180} INFO - Setting next_dagrun for example_branch_dop_operator_v3 to 2025-02-22 20:43:00+00:00, run_after=2025-02-22 20:44:00+00:00
[2025-02-22T20:44:21.286+0000] {processor.py:208} INFO - Processing /home/airflow/.local/lib/python3.12/site-packages/airflow/example_dags/example_branch_python_dop_operator_3.py took 0.168 seconds
[2025-02-22T20:44:52.535+0000] {processor.py:186} INFO - Started process (PID=1451) to work on /home/airflow/.local/lib/python3.12/site-packages/airflow/example_dags/example_branch_python_dop_operator_3.py
[2025-02-22T20:44:52.537+0000] {processor.py:914} INFO - Processing file /home/airflow/.local/lib/python3.12/site-packages/airflow/example_dags/example_branch_python_dop_operator_3.py for tasks to queue
[2025-02-22T20:44:52.543+0000] {logging_mixin.py:190} INFO - [2025-02-22T20:44:52.542+0000] {dagbag.py:588} INFO - Filling up the DagBag from /home/airflow/.local/lib/python3.12/site-packages/airflow/example_dags/example_branch_python_dop_operator_3.py
[2025-02-22T20:44:52.564+0000] {processor.py:925} INFO - DAG(s) 'example_branch_dop_operator_v3' retrieved from /home/airflow/.local/lib/python3.12/site-packages/airflow/example_dags/example_branch_python_dop_operator_3.py
[2025-02-22T20:44:52.604+0000] {logging_mixin.py:190} INFO - [2025-02-22T20:44:52.603+0000] {dag.py:3239} INFO - Sync 1 DAGs
[2025-02-22T20:44:52.655+0000] {logging_mixin.py:190} INFO - [2025-02-22T20:44:52.655+0000] {dag.py:4180} INFO - Setting next_dagrun for example_branch_dop_operator_v3 to 2025-02-22 20:43:00+00:00, run_after=2025-02-22 20:44:00+00:00
[2025-02-22T20:44:52.692+0000] {processor.py:208} INFO - Processing /home/airflow/.local/lib/python3.12/site-packages/airflow/example_dags/example_branch_python_dop_operator_3.py took 0.172 seconds
[2025-02-22T20:45:23.539+0000] {processor.py:186} INFO - Started process (PID=1514) to work on /home/airflow/.local/lib/python3.12/site-packages/airflow/example_dags/example_branch_python_dop_operator_3.py
[2025-02-22T20:45:23.540+0000] {processor.py:914} INFO - Processing file /home/airflow/.local/lib/python3.12/site-packages/airflow/example_dags/example_branch_python_dop_operator_3.py for tasks to queue
[2025-02-22T20:45:23.543+0000] {logging_mixin.py:190} INFO - [2025-02-22T20:45:23.543+0000] {dagbag.py:588} INFO - Filling up the DagBag from /home/airflow/.local/lib/python3.12/site-packages/airflow/example_dags/example_branch_python_dop_operator_3.py
[2025-02-22T20:45:23.558+0000] {processor.py:925} INFO - DAG(s) 'example_branch_dop_operator_v3' retrieved from /home/airflow/.local/lib/python3.12/site-packages/airflow/example_dags/example_branch_python_dop_operator_3.py
[2025-02-22T20:45:23.580+0000] {logging_mixin.py:190} INFO - [2025-02-22T20:45:23.579+0000] {dag.py:3239} INFO - Sync 1 DAGs
[2025-02-22T20:45:23.610+0000] {logging_mixin.py:190} INFO - [2025-02-22T20:45:23.610+0000] {dag.py:4180} INFO - Setting next_dagrun for example_branch_dop_operator_v3 to 2025-02-22 20:44:00+00:00, run_after=2025-02-22 20:45:00+00:00
[2025-02-22T20:45:23.633+0000] {processor.py:208} INFO - Processing /home/airflow/.local/lib/python3.12/site-packages/airflow/example_dags/example_branch_python_dop_operator_3.py took 0.101 seconds
[2025-02-22T20:45:55.421+0000] {processor.py:186} INFO - Started process (PID=1577) to work on /home/airflow/.local/lib/python3.12/site-packages/airflow/example_dags/example_branch_python_dop_operator_3.py
[2025-02-22T20:45:55.423+0000] {processor.py:914} INFO - Processing file /home/airflow/.local/lib/python3.12/site-packages/airflow/example_dags/example_branch_python_dop_operator_3.py for tasks to queue
[2025-02-22T20:45:55.426+0000] {logging_mixin.py:190} INFO - [2025-02-22T20:45:55.426+0000] {dagbag.py:588} INFO - Filling up the DagBag from /home/airflow/.local/lib/python3.12/site-packages/airflow/example_dags/example_branch_python_dop_operator_3.py
[2025-02-22T20:45:55.445+0000] {processor.py:925} INFO - DAG(s) 'example_branch_dop_operator_v3' retrieved from /home/airflow/.local/lib/python3.12/site-packages/airflow/example_dags/example_branch_python_dop_operator_3.py
[2025-02-22T20:45:55.478+0000] {logging_mixin.py:190} INFO - [2025-02-22T20:45:55.478+0000] {dag.py:3239} INFO - Sync 1 DAGs
[2025-02-22T20:45:55.529+0000] {logging_mixin.py:190} INFO - [2025-02-22T20:45:55.528+0000] {dag.py:4180} INFO - Setting next_dagrun for example_branch_dop_operator_v3 to 2025-02-22 20:44:00+00:00, run_after=2025-02-22 20:45:00+00:00
[2025-02-22T20:45:55.557+0000] {processor.py:208} INFO - Processing /home/airflow/.local/lib/python3.12/site-packages/airflow/example_dags/example_branch_python_dop_operator_3.py took 0.148 seconds
[2025-02-22T20:46:26.743+0000] {processor.py:186} INFO - Started process (PID=1640) to work on /home/airflow/.local/lib/python3.12/site-packages/airflow/example_dags/example_branch_python_dop_operator_3.py
[2025-02-22T20:46:26.745+0000] {processor.py:914} INFO - Processing file /home/airflow/.local/lib/python3.12/site-packages/airflow/example_dags/example_branch_python_dop_operator_3.py for tasks to queue
[2025-02-22T20:46:26.749+0000] {logging_mixin.py:190} INFO - [2025-02-22T20:46:26.748+0000] {dagbag.py:588} INFO - Filling up the DagBag from /home/airflow/.local/lib/python3.12/site-packages/airflow/example_dags/example_branch_python_dop_operator_3.py
[2025-02-22T20:46:26.767+0000] {processor.py:925} INFO - DAG(s) 'example_branch_dop_operator_v3' retrieved from /home/airflow/.local/lib/python3.12/site-packages/airflow/example_dags/example_branch_python_dop_operator_3.py
[2025-02-22T20:46:26.795+0000] {logging_mixin.py:190} INFO - [2025-02-22T20:46:26.795+0000] {dag.py:3239} INFO - Sync 1 DAGs
[2025-02-22T20:46:26.834+0000] {logging_mixin.py:190} INFO - [2025-02-22T20:46:26.833+0000] {dag.py:4180} INFO - Setting next_dagrun for example_branch_dop_operator_v3 to 2025-02-22 20:45:00+00:00, run_after=2025-02-22 20:46:00+00:00
[2025-02-22T20:46:26.860+0000] {processor.py:208} INFO - Processing /home/airflow/.local/lib/python3.12/site-packages/airflow/example_dags/example_branch_python_dop_operator_3.py took 0.125 seconds
[2025-02-22T20:46:57.136+0000] {processor.py:186} INFO - Started process (PID=1703) to work on /home/airflow/.local/lib/python3.12/site-packages/airflow/example_dags/example_branch_python_dop_operator_3.py
[2025-02-22T20:46:57.138+0000] {processor.py:914} INFO - Processing file /home/airflow/.local/lib/python3.12/site-packages/airflow/example_dags/example_branch_python_dop_operator_3.py for tasks to queue
[2025-02-22T20:46:57.140+0000] {logging_mixin.py:190} INFO - [2025-02-22T20:46:57.140+0000] {dagbag.py:588} INFO - Filling up the DagBag from /home/airflow/.local/lib/python3.12/site-packages/airflow/example_dags/example_branch_python_dop_operator_3.py
[2025-02-22T20:46:57.152+0000] {processor.py:925} INFO - DAG(s) 'example_branch_dop_operator_v3' retrieved from /home/airflow/.local/lib/python3.12/site-packages/airflow/example_dags/example_branch_python_dop_operator_3.py
[2025-02-22T20:46:57.174+0000] {logging_mixin.py:190} INFO - [2025-02-22T20:46:57.174+0000] {dag.py:3239} INFO - Sync 1 DAGs
[2025-02-22T20:46:57.219+0000] {logging_mixin.py:190} INFO - [2025-02-22T20:46:57.219+0000] {dag.py:4180} INFO - Setting next_dagrun for example_branch_dop_operator_v3 to 2025-02-22 20:45:00+00:00, run_after=2025-02-22 20:46:00+00:00
[2025-02-22T20:46:57.248+0000] {processor.py:208} INFO - Processing /home/airflow/.local/lib/python3.12/site-packages/airflow/example_dags/example_branch_python_dop_operator_3.py took 0.118 seconds
[2025-02-22T20:47:28.274+0000] {processor.py:186} INFO - Started process (PID=1771) to work on /home/airflow/.local/lib/python3.12/site-packages/airflow/example_dags/example_branch_python_dop_operator_3.py
[2025-02-22T20:47:28.276+0000] {processor.py:914} INFO - Processing file /home/airflow/.local/lib/python3.12/site-packages/airflow/example_dags/example_branch_python_dop_operator_3.py for tasks to queue
[2025-02-22T20:47:28.278+0000] {logging_mixin.py:190} INFO - [2025-02-22T20:47:28.278+0000] {dagbag.py:588} INFO - Filling up the DagBag from /home/airflow/.local/lib/python3.12/site-packages/airflow/example_dags/example_branch_python_dop_operator_3.py
[2025-02-22T20:47:28.291+0000] {processor.py:925} INFO - DAG(s) 'example_branch_dop_operator_v3' retrieved from /home/airflow/.local/lib/python3.12/site-packages/airflow/example_dags/example_branch_python_dop_operator_3.py
[2025-02-22T20:47:28.313+0000] {logging_mixin.py:190} INFO - [2025-02-22T20:47:28.313+0000] {dag.py:3239} INFO - Sync 1 DAGs
[2025-02-22T20:47:28.346+0000] {logging_mixin.py:190} INFO - [2025-02-22T20:47:28.345+0000] {dag.py:4180} INFO - Setting next_dagrun for example_branch_dop_operator_v3 to 2025-02-22 20:46:00+00:00, run_after=2025-02-22 20:47:00+00:00
[2025-02-22T20:47:28.366+0000] {processor.py:208} INFO - Processing /home/airflow/.local/lib/python3.12/site-packages/airflow/example_dags/example_branch_python_dop_operator_3.py took 0.099 seconds
[2025-02-22T20:47:58.495+0000] {processor.py:186} INFO - Started process (PID=1834) to work on /home/airflow/.local/lib/python3.12/site-packages/airflow/example_dags/example_branch_python_dop_operator_3.py
[2025-02-22T20:47:58.496+0000] {processor.py:914} INFO - Processing file /home/airflow/.local/lib/python3.12/site-packages/airflow/example_dags/example_branch_python_dop_operator_3.py for tasks to queue
[2025-02-22T20:47:58.499+0000] {logging_mixin.py:190} INFO - [2025-02-22T20:47:58.498+0000] {dagbag.py:588} INFO - Filling up the DagBag from /home/airflow/.local/lib/python3.12/site-packages/airflow/example_dags/example_branch_python_dop_operator_3.py
[2025-02-22T20:47:58.511+0000] {processor.py:925} INFO - DAG(s) 'example_branch_dop_operator_v3' retrieved from /home/airflow/.local/lib/python3.12/site-packages/airflow/example_dags/example_branch_python_dop_operator_3.py
[2025-02-22T20:47:58.533+0000] {logging_mixin.py:190} INFO - [2025-02-22T20:47:58.533+0000] {dag.py:3239} INFO - Sync 1 DAGs
[2025-02-22T20:47:58.564+0000] {logging_mixin.py:190} INFO - [2025-02-22T20:47:58.564+0000] {dag.py:4180} INFO - Setting next_dagrun for example_branch_dop_operator_v3 to 2025-02-22 20:46:00+00:00, run_after=2025-02-22 20:47:00+00:00
[2025-02-22T20:47:58.588+0000] {processor.py:208} INFO - Processing /home/airflow/.local/lib/python3.12/site-packages/airflow/example_dags/example_branch_python_dop_operator_3.py took 0.100 seconds
[2025-02-22T20:48:28.656+0000] {processor.py:186} INFO - Started process (PID=1896) to work on /home/airflow/.local/lib/python3.12/site-packages/airflow/example_dags/example_branch_python_dop_operator_3.py
[2025-02-22T20:48:28.658+0000] {processor.py:914} INFO - Processing file /home/airflow/.local/lib/python3.12/site-packages/airflow/example_dags/example_branch_python_dop_operator_3.py for tasks to queue
[2025-02-22T20:48:28.660+0000] {logging_mixin.py:190} INFO - [2025-02-22T20:48:28.660+0000] {dagbag.py:588} INFO - Filling up the DagBag from /home/airflow/.local/lib/python3.12/site-packages/airflow/example_dags/example_branch_python_dop_operator_3.py
[2025-02-22T20:48:28.673+0000] {processor.py:925} INFO - DAG(s) 'example_branch_dop_operator_v3' retrieved from /home/airflow/.local/lib/python3.12/site-packages/airflow/example_dags/example_branch_python_dop_operator_3.py
[2025-02-22T20:48:28.694+0000] {logging_mixin.py:190} INFO - [2025-02-22T20:48:28.694+0000] {dag.py:3239} INFO - Sync 1 DAGs
[2025-02-22T20:48:28.723+0000] {logging_mixin.py:190} INFO - [2025-02-22T20:48:28.723+0000] {dag.py:4180} INFO - Setting next_dagrun for example_branch_dop_operator_v3 to 2025-02-22 20:47:00+00:00, run_after=2025-02-22 20:48:00+00:00
[2025-02-22T20:48:28.746+0000] {processor.py:208} INFO - Processing /home/airflow/.local/lib/python3.12/site-packages/airflow/example_dags/example_branch_python_dop_operator_3.py took 0.096 seconds
[2025-02-22T20:48:58.954+0000] {processor.py:186} INFO - Started process (PID=1959) to work on /home/airflow/.local/lib/python3.12/site-packages/airflow/example_dags/example_branch_python_dop_operator_3.py
[2025-02-22T20:48:58.956+0000] {processor.py:914} INFO - Processing file /home/airflow/.local/lib/python3.12/site-packages/airflow/example_dags/example_branch_python_dop_operator_3.py for tasks to queue
[2025-02-22T20:48:58.958+0000] {logging_mixin.py:190} INFO - [2025-02-22T20:48:58.958+0000] {dagbag.py:588} INFO - Filling up the DagBag from /home/airflow/.local/lib/python3.12/site-packages/airflow/example_dags/example_branch_python_dop_operator_3.py
[2025-02-22T20:48:58.973+0000] {processor.py:925} INFO - DAG(s) 'example_branch_dop_operator_v3' retrieved from /home/airflow/.local/lib/python3.12/site-packages/airflow/example_dags/example_branch_python_dop_operator_3.py
[2025-02-22T20:48:59.012+0000] {logging_mixin.py:190} INFO - [2025-02-22T20:48:59.012+0000] {dag.py:3239} INFO - Sync 1 DAGs
[2025-02-22T20:48:59.091+0000] {logging_mixin.py:190} INFO - [2025-02-22T20:48:59.091+0000] {dag.py:4180} INFO - Setting next_dagrun for example_branch_dop_operator_v3 to 2025-02-22 20:47:00+00:00, run_after=2025-02-22 20:48:00+00:00
[2025-02-22T20:48:59.130+0000] {processor.py:208} INFO - Processing /home/airflow/.local/lib/python3.12/site-packages/airflow/example_dags/example_branch_python_dop_operator_3.py took 0.183 seconds
