[2025-02-22T20:33:54.451+0000] {processor.py:186} INFO - Started process (PID=110) to work on /home/airflow/.local/lib/python3.12/site-packages/airflow/example_dags/example_python_operator.py
[2025-02-22T20:33:54.453+0000] {processor.py:914} INFO - Processing file /home/airflow/.local/lib/python3.12/site-packages/airflow/example_dags/example_python_operator.py for tasks to queue
[2025-02-22T20:33:54.456+0000] {logging_mixin.py:190} INFO - [2025-02-22T20:33:54.456+0000] {dagbag.py:588} INFO - Filling up the DagBag from /home/airflow/.local/lib/python3.12/site-packages/airflow/example_dags/example_python_operator.py
[2025-02-22T20:33:54.481+0000] {processor.py:925} INFO - DAG(s) 'example_python_operator' retrieved from /home/airflow/.local/lib/python3.12/site-packages/airflow/example_dags/example_python_operator.py
[2025-02-22T20:33:54.713+0000] {logging_mixin.py:190} INFO - [2025-02-22T20:33:54.712+0000] {override.py:1912} INFO - Created Permission View: can edit on DAG:example_python_operator
[2025-02-22T20:33:54.731+0000] {logging_mixin.py:190} INFO - [2025-02-22T20:33:54.730+0000] {override.py:1912} INFO - Created Permission View: can read on DAG:example_python_operator
[2025-02-22T20:33:54.742+0000] {logging_mixin.py:190} INFO - [2025-02-22T20:33:54.741+0000] {override.py:1912} INFO - Created Permission View: can delete on DAG:example_python_operator
[2025-02-22T20:33:54.753+0000] {logging_mixin.py:190} INFO - [2025-02-22T20:33:54.753+0000] {override.py:1912} INFO - Created Permission View: can read on DAG Run:example_python_operator
[2025-02-22T20:33:54.766+0000] {logging_mixin.py:190} INFO - [2025-02-22T20:33:54.765+0000] {override.py:1912} INFO - Created Permission View: menu access on DAG Run:example_python_operator
[2025-02-22T20:33:54.780+0000] {logging_mixin.py:190} INFO - [2025-02-22T20:33:54.779+0000] {override.py:1912} INFO - Created Permission View: can create on DAG Run:example_python_operator
[2025-02-22T20:33:54.793+0000] {logging_mixin.py:190} INFO - [2025-02-22T20:33:54.793+0000] {override.py:1912} INFO - Created Permission View: can delete on DAG Run:example_python_operator
[2025-02-22T20:33:54.794+0000] {logging_mixin.py:190} INFO - [2025-02-22T20:33:54.794+0000] {dag.py:3239} INFO - Sync 1 DAGs
[2025-02-22T20:33:54.819+0000] {logging_mixin.py:190} INFO - [2025-02-22T20:33:54.819+0000] {dag.py:3262} INFO - Creating ORM DAG for example_python_operator
[2025-02-22T20:33:54.821+0000] {logging_mixin.py:190} INFO - [2025-02-22T20:33:54.821+0000] {dag.py:4180} INFO - Setting next_dagrun for example_python_operator to None, run_after=None
[2025-02-22T20:33:54.854+0000] {processor.py:208} INFO - Processing /home/airflow/.local/lib/python3.12/site-packages/airflow/example_dags/example_python_operator.py took 0.414 seconds
[2025-02-22T20:34:25.554+0000] {processor.py:186} INFO - Started process (PID=172) to work on /home/airflow/.local/lib/python3.12/site-packages/airflow/example_dags/example_python_operator.py
[2025-02-22T20:34:25.555+0000] {processor.py:914} INFO - Processing file /home/airflow/.local/lib/python3.12/site-packages/airflow/example_dags/example_python_operator.py for tasks to queue
[2025-02-22T20:34:25.558+0000] {logging_mixin.py:190} INFO - [2025-02-22T20:34:25.558+0000] {dagbag.py:588} INFO - Filling up the DagBag from /home/airflow/.local/lib/python3.12/site-packages/airflow/example_dags/example_python_operator.py
[2025-02-22T20:34:25.575+0000] {processor.py:925} INFO - DAG(s) 'example_python_operator' retrieved from /home/airflow/.local/lib/python3.12/site-packages/airflow/example_dags/example_python_operator.py
[2025-02-22T20:34:25.602+0000] {logging_mixin.py:190} INFO - [2025-02-22T20:34:25.602+0000] {dag.py:3239} INFO - Sync 1 DAGs
[2025-02-22T20:34:25.624+0000] {logging_mixin.py:190} INFO - [2025-02-22T20:34:25.623+0000] {dag.py:4180} INFO - Setting next_dagrun for example_python_operator to None, run_after=None
[2025-02-22T20:34:25.656+0000] {processor.py:208} INFO - Processing /home/airflow/.local/lib/python3.12/site-packages/airflow/example_dags/example_python_operator.py took 0.110 seconds
[2025-02-22T20:34:55.751+0000] {processor.py:186} INFO - Started process (PID=235) to work on /home/airflow/.local/lib/python3.12/site-packages/airflow/example_dags/example_python_operator.py
[2025-02-22T20:34:55.752+0000] {processor.py:914} INFO - Processing file /home/airflow/.local/lib/python3.12/site-packages/airflow/example_dags/example_python_operator.py for tasks to queue
[2025-02-22T20:34:55.755+0000] {logging_mixin.py:190} INFO - [2025-02-22T20:34:55.755+0000] {dagbag.py:588} INFO - Filling up the DagBag from /home/airflow/.local/lib/python3.12/site-packages/airflow/example_dags/example_python_operator.py
[2025-02-22T20:34:55.769+0000] {processor.py:925} INFO - DAG(s) 'example_python_operator' retrieved from /home/airflow/.local/lib/python3.12/site-packages/airflow/example_dags/example_python_operator.py
[2025-02-22T20:34:55.795+0000] {logging_mixin.py:190} INFO - [2025-02-22T20:34:55.795+0000] {dag.py:3239} INFO - Sync 1 DAGs
[2025-02-22T20:34:55.812+0000] {logging_mixin.py:190} INFO - [2025-02-22T20:34:55.812+0000] {dag.py:4180} INFO - Setting next_dagrun for example_python_operator to None, run_after=None
[2025-02-22T20:34:55.835+0000] {processor.py:208} INFO - Processing /home/airflow/.local/lib/python3.12/site-packages/airflow/example_dags/example_python_operator.py took 0.091 seconds
[2025-02-22T20:35:26.260+0000] {processor.py:186} INFO - Started process (PID=303) to work on /home/airflow/.local/lib/python3.12/site-packages/airflow/example_dags/example_python_operator.py
[2025-02-22T20:35:26.263+0000] {processor.py:914} INFO - Processing file /home/airflow/.local/lib/python3.12/site-packages/airflow/example_dags/example_python_operator.py for tasks to queue
[2025-02-22T20:35:26.277+0000] {logging_mixin.py:190} INFO - [2025-02-22T20:35:26.276+0000] {dagbag.py:588} INFO - Filling up the DagBag from /home/airflow/.local/lib/python3.12/site-packages/airflow/example_dags/example_python_operator.py
[2025-02-22T20:35:26.308+0000] {processor.py:925} INFO - DAG(s) 'example_python_operator' retrieved from /home/airflow/.local/lib/python3.12/site-packages/airflow/example_dags/example_python_operator.py
[2025-02-22T20:35:26.352+0000] {logging_mixin.py:190} INFO - [2025-02-22T20:35:26.351+0000] {dag.py:3239} INFO - Sync 1 DAGs
[2025-02-22T20:35:26.400+0000] {logging_mixin.py:190} INFO - [2025-02-22T20:35:26.400+0000] {dag.py:4180} INFO - Setting next_dagrun for example_python_operator to None, run_after=None
[2025-02-22T20:35:26.451+0000] {processor.py:208} INFO - Processing /home/airflow/.local/lib/python3.12/site-packages/airflow/example_dags/example_python_operator.py took 0.210 seconds
[2025-02-22T20:35:56.511+0000] {processor.py:186} INFO - Started process (PID=367) to work on /home/airflow/.local/lib/python3.12/site-packages/airflow/example_dags/example_python_operator.py
[2025-02-22T20:35:56.512+0000] {processor.py:914} INFO - Processing file /home/airflow/.local/lib/python3.12/site-packages/airflow/example_dags/example_python_operator.py for tasks to queue
[2025-02-22T20:35:56.515+0000] {logging_mixin.py:190} INFO - [2025-02-22T20:35:56.515+0000] {dagbag.py:588} INFO - Filling up the DagBag from /home/airflow/.local/lib/python3.12/site-packages/airflow/example_dags/example_python_operator.py
[2025-02-22T20:35:56.533+0000] {processor.py:925} INFO - DAG(s) 'example_python_operator' retrieved from /home/airflow/.local/lib/python3.12/site-packages/airflow/example_dags/example_python_operator.py
[2025-02-22T20:35:56.569+0000] {logging_mixin.py:190} INFO - [2025-02-22T20:35:56.569+0000] {dag.py:3239} INFO - Sync 1 DAGs
[2025-02-22T20:35:56.599+0000] {logging_mixin.py:190} INFO - [2025-02-22T20:35:56.599+0000] {dag.py:4180} INFO - Setting next_dagrun for example_python_operator to None, run_after=None
[2025-02-22T20:35:56.626+0000] {processor.py:208} INFO - Processing /home/airflow/.local/lib/python3.12/site-packages/airflow/example_dags/example_python_operator.py took 0.125 seconds
[2025-02-22T20:36:27.061+0000] {processor.py:186} INFO - Started process (PID=430) to work on /home/airflow/.local/lib/python3.12/site-packages/airflow/example_dags/example_python_operator.py
[2025-02-22T20:36:27.063+0000] {processor.py:914} INFO - Processing file /home/airflow/.local/lib/python3.12/site-packages/airflow/example_dags/example_python_operator.py for tasks to queue
[2025-02-22T20:36:27.066+0000] {logging_mixin.py:190} INFO - [2025-02-22T20:36:27.066+0000] {dagbag.py:588} INFO - Filling up the DagBag from /home/airflow/.local/lib/python3.12/site-packages/airflow/example_dags/example_python_operator.py
[2025-02-22T20:36:27.089+0000] {processor.py:925} INFO - DAG(s) 'example_python_operator' retrieved from /home/airflow/.local/lib/python3.12/site-packages/airflow/example_dags/example_python_operator.py
[2025-02-22T20:36:27.128+0000] {logging_mixin.py:190} INFO - [2025-02-22T20:36:27.127+0000] {dag.py:3239} INFO - Sync 1 DAGs
[2025-02-22T20:36:27.150+0000] {logging_mixin.py:190} INFO - [2025-02-22T20:36:27.150+0000] {dag.py:4180} INFO - Setting next_dagrun for example_python_operator to None, run_after=None
[2025-02-22T20:36:27.177+0000] {processor.py:208} INFO - Processing /home/airflow/.local/lib/python3.12/site-packages/airflow/example_dags/example_python_operator.py took 0.125 seconds
[2025-02-22T20:36:57.329+0000] {processor.py:186} INFO - Started process (PID=493) to work on /home/airflow/.local/lib/python3.12/site-packages/airflow/example_dags/example_python_operator.py
[2025-02-22T20:36:57.331+0000] {processor.py:914} INFO - Processing file /home/airflow/.local/lib/python3.12/site-packages/airflow/example_dags/example_python_operator.py for tasks to queue
[2025-02-22T20:36:57.334+0000] {logging_mixin.py:190} INFO - [2025-02-22T20:36:57.334+0000] {dagbag.py:588} INFO - Filling up the DagBag from /home/airflow/.local/lib/python3.12/site-packages/airflow/example_dags/example_python_operator.py
[2025-02-22T20:36:57.356+0000] {processor.py:925} INFO - DAG(s) 'example_python_operator' retrieved from /home/airflow/.local/lib/python3.12/site-packages/airflow/example_dags/example_python_operator.py
[2025-02-22T20:36:57.387+0000] {logging_mixin.py:190} INFO - [2025-02-22T20:36:57.387+0000] {dag.py:3239} INFO - Sync 1 DAGs
[2025-02-22T20:36:57.404+0000] {logging_mixin.py:190} INFO - [2025-02-22T20:36:57.404+0000] {dag.py:4180} INFO - Setting next_dagrun for example_python_operator to None, run_after=None
[2025-02-22T20:36:57.427+0000] {processor.py:208} INFO - Processing /home/airflow/.local/lib/python3.12/site-packages/airflow/example_dags/example_python_operator.py took 0.107 seconds
[2025-02-22T20:37:28.253+0000] {processor.py:186} INFO - Started process (PID=556) to work on /home/airflow/.local/lib/python3.12/site-packages/airflow/example_dags/example_python_operator.py
[2025-02-22T20:37:28.254+0000] {processor.py:914} INFO - Processing file /home/airflow/.local/lib/python3.12/site-packages/airflow/example_dags/example_python_operator.py for tasks to queue
[2025-02-22T20:37:28.257+0000] {logging_mixin.py:190} INFO - [2025-02-22T20:37:28.257+0000] {dagbag.py:588} INFO - Filling up the DagBag from /home/airflow/.local/lib/python3.12/site-packages/airflow/example_dags/example_python_operator.py
[2025-02-22T20:37:28.270+0000] {processor.py:925} INFO - DAG(s) 'example_python_operator' retrieved from /home/airflow/.local/lib/python3.12/site-packages/airflow/example_dags/example_python_operator.py
[2025-02-22T20:37:28.298+0000] {logging_mixin.py:190} INFO - [2025-02-22T20:37:28.298+0000] {dag.py:3239} INFO - Sync 1 DAGs
[2025-02-22T20:37:28.314+0000] {logging_mixin.py:190} INFO - [2025-02-22T20:37:28.314+0000] {dag.py:4180} INFO - Setting next_dagrun for example_python_operator to None, run_after=None
[2025-02-22T20:37:28.337+0000] {processor.py:208} INFO - Processing /home/airflow/.local/lib/python3.12/site-packages/airflow/example_dags/example_python_operator.py took 0.091 seconds
[2025-02-22T20:37:59.049+0000] {processor.py:186} INFO - Started process (PID=619) to work on /home/airflow/.local/lib/python3.12/site-packages/airflow/example_dags/example_python_operator.py
[2025-02-22T20:37:59.051+0000] {processor.py:914} INFO - Processing file /home/airflow/.local/lib/python3.12/site-packages/airflow/example_dags/example_python_operator.py for tasks to queue
[2025-02-22T20:37:59.053+0000] {logging_mixin.py:190} INFO - [2025-02-22T20:37:59.053+0000] {dagbag.py:588} INFO - Filling up the DagBag from /home/airflow/.local/lib/python3.12/site-packages/airflow/example_dags/example_python_operator.py
[2025-02-22T20:37:59.066+0000] {processor.py:925} INFO - DAG(s) 'example_python_operator' retrieved from /home/airflow/.local/lib/python3.12/site-packages/airflow/example_dags/example_python_operator.py
[2025-02-22T20:37:59.092+0000] {logging_mixin.py:190} INFO - [2025-02-22T20:37:59.092+0000] {dag.py:3239} INFO - Sync 1 DAGs
[2025-02-22T20:37:59.109+0000] {logging_mixin.py:190} INFO - [2025-02-22T20:37:59.109+0000] {dag.py:4180} INFO - Setting next_dagrun for example_python_operator to None, run_after=None
[2025-02-22T20:37:59.133+0000] {processor.py:208} INFO - Processing /home/airflow/.local/lib/python3.12/site-packages/airflow/example_dags/example_python_operator.py took 0.092 seconds
[2025-02-22T20:38:29.566+0000] {processor.py:186} INFO - Started process (PID=681) to work on /home/airflow/.local/lib/python3.12/site-packages/airflow/example_dags/example_python_operator.py
[2025-02-22T20:38:29.567+0000] {processor.py:914} INFO - Processing file /home/airflow/.local/lib/python3.12/site-packages/airflow/example_dags/example_python_operator.py for tasks to queue
[2025-02-22T20:38:29.570+0000] {logging_mixin.py:190} INFO - [2025-02-22T20:38:29.569+0000] {dagbag.py:588} INFO - Filling up the DagBag from /home/airflow/.local/lib/python3.12/site-packages/airflow/example_dags/example_python_operator.py
[2025-02-22T20:38:29.584+0000] {processor.py:925} INFO - DAG(s) 'example_python_operator' retrieved from /home/airflow/.local/lib/python3.12/site-packages/airflow/example_dags/example_python_operator.py
[2025-02-22T20:38:29.608+0000] {logging_mixin.py:190} INFO - [2025-02-22T20:38:29.608+0000] {dag.py:3239} INFO - Sync 1 DAGs
[2025-02-22T20:38:29.625+0000] {logging_mixin.py:190} INFO - [2025-02-22T20:38:29.624+0000] {dag.py:4180} INFO - Setting next_dagrun for example_python_operator to None, run_after=None
[2025-02-22T20:38:29.645+0000] {processor.py:208} INFO - Processing /home/airflow/.local/lib/python3.12/site-packages/airflow/example_dags/example_python_operator.py took 0.089 seconds
[2025-02-22T20:39:00.949+0000] {processor.py:186} INFO - Started process (PID=744) to work on /home/airflow/.local/lib/python3.12/site-packages/airflow/example_dags/example_python_operator.py
[2025-02-22T20:39:00.950+0000] {processor.py:914} INFO - Processing file /home/airflow/.local/lib/python3.12/site-packages/airflow/example_dags/example_python_operator.py for tasks to queue
[2025-02-22T20:39:00.955+0000] {logging_mixin.py:190} INFO - [2025-02-22T20:39:00.954+0000] {dagbag.py:588} INFO - Filling up the DagBag from /home/airflow/.local/lib/python3.12/site-packages/airflow/example_dags/example_python_operator.py
[2025-02-22T20:39:00.972+0000] {processor.py:925} INFO - DAG(s) 'example_python_operator' retrieved from /home/airflow/.local/lib/python3.12/site-packages/airflow/example_dags/example_python_operator.py
[2025-02-22T20:39:01.016+0000] {logging_mixin.py:190} INFO - [2025-02-22T20:39:01.016+0000] {dag.py:3239} INFO - Sync 1 DAGs
[2025-02-22T20:39:01.049+0000] {logging_mixin.py:190} INFO - [2025-02-22T20:39:01.049+0000] {dag.py:4180} INFO - Setting next_dagrun for example_python_operator to None, run_after=None
[2025-02-22T20:39:01.092+0000] {processor.py:208} INFO - Processing /home/airflow/.local/lib/python3.12/site-packages/airflow/example_dags/example_python_operator.py took 0.152 seconds
[2025-02-22T20:39:31.391+0000] {processor.py:186} INFO - Started process (PID=806) to work on /home/airflow/.local/lib/python3.12/site-packages/airflow/example_dags/example_python_operator.py
[2025-02-22T20:39:31.392+0000] {processor.py:914} INFO - Processing file /home/airflow/.local/lib/python3.12/site-packages/airflow/example_dags/example_python_operator.py for tasks to queue
[2025-02-22T20:39:31.395+0000] {logging_mixin.py:190} INFO - [2025-02-22T20:39:31.394+0000] {dagbag.py:588} INFO - Filling up the DagBag from /home/airflow/.local/lib/python3.12/site-packages/airflow/example_dags/example_python_operator.py
[2025-02-22T20:39:31.408+0000] {processor.py:925} INFO - DAG(s) 'example_python_operator' retrieved from /home/airflow/.local/lib/python3.12/site-packages/airflow/example_dags/example_python_operator.py
[2025-02-22T20:39:31.435+0000] {logging_mixin.py:190} INFO - [2025-02-22T20:39:31.435+0000] {dag.py:3239} INFO - Sync 1 DAGs
[2025-02-22T20:39:31.454+0000] {logging_mixin.py:190} INFO - [2025-02-22T20:39:31.454+0000] {dag.py:4180} INFO - Setting next_dagrun for example_python_operator to None, run_after=None
[2025-02-22T20:39:31.476+0000] {processor.py:208} INFO - Processing /home/airflow/.local/lib/python3.12/site-packages/airflow/example_dags/example_python_operator.py took 0.092 seconds
[2025-02-22T20:40:03.798+0000] {processor.py:186} INFO - Started process (PID=869) to work on /home/airflow/.local/lib/python3.12/site-packages/airflow/example_dags/example_python_operator.py
[2025-02-22T20:40:03.800+0000] {processor.py:914} INFO - Processing file /home/airflow/.local/lib/python3.12/site-packages/airflow/example_dags/example_python_operator.py for tasks to queue
[2025-02-22T20:40:03.803+0000] {logging_mixin.py:190} INFO - [2025-02-22T20:40:03.803+0000] {dagbag.py:588} INFO - Filling up the DagBag from /home/airflow/.local/lib/python3.12/site-packages/airflow/example_dags/example_python_operator.py
[2025-02-22T20:40:03.819+0000] {processor.py:925} INFO - DAG(s) 'example_python_operator' retrieved from /home/airflow/.local/lib/python3.12/site-packages/airflow/example_dags/example_python_operator.py
[2025-02-22T20:40:03.845+0000] {logging_mixin.py:190} INFO - [2025-02-22T20:40:03.845+0000] {dag.py:3239} INFO - Sync 1 DAGs
[2025-02-22T20:40:03.864+0000] {logging_mixin.py:190} INFO - [2025-02-22T20:40:03.864+0000] {dag.py:4180} INFO - Setting next_dagrun for example_python_operator to None, run_after=None
[2025-02-22T20:40:03.888+0000] {processor.py:208} INFO - Processing /home/airflow/.local/lib/python3.12/site-packages/airflow/example_dags/example_python_operator.py took 0.097 seconds
[2025-02-22T20:40:36.055+0000] {processor.py:186} INFO - Started process (PID=933) to work on /home/airflow/.local/lib/python3.12/site-packages/airflow/example_dags/example_python_operator.py
[2025-02-22T20:40:36.057+0000] {processor.py:914} INFO - Processing file /home/airflow/.local/lib/python3.12/site-packages/airflow/example_dags/example_python_operator.py for tasks to queue
[2025-02-22T20:40:36.060+0000] {logging_mixin.py:190} INFO - [2025-02-22T20:40:36.060+0000] {dagbag.py:588} INFO - Filling up the DagBag from /home/airflow/.local/lib/python3.12/site-packages/airflow/example_dags/example_python_operator.py
[2025-02-22T20:40:36.075+0000] {processor.py:925} INFO - DAG(s) 'example_python_operator' retrieved from /home/airflow/.local/lib/python3.12/site-packages/airflow/example_dags/example_python_operator.py
[2025-02-22T20:40:36.105+0000] {logging_mixin.py:190} INFO - [2025-02-22T20:40:36.104+0000] {dag.py:3239} INFO - Sync 1 DAGs
[2025-02-22T20:40:36.127+0000] {logging_mixin.py:190} INFO - [2025-02-22T20:40:36.127+0000] {dag.py:4180} INFO - Setting next_dagrun for example_python_operator to None, run_after=None
[2025-02-22T20:40:36.156+0000] {processor.py:208} INFO - Processing /home/airflow/.local/lib/python3.12/site-packages/airflow/example_dags/example_python_operator.py took 0.108 seconds
[2025-02-22T20:41:07.747+0000] {processor.py:186} INFO - Started process (PID=996) to work on /home/airflow/.local/lib/python3.12/site-packages/airflow/example_dags/example_python_operator.py
[2025-02-22T20:41:07.750+0000] {processor.py:914} INFO - Processing file /home/airflow/.local/lib/python3.12/site-packages/airflow/example_dags/example_python_operator.py for tasks to queue
[2025-02-22T20:41:07.754+0000] {logging_mixin.py:190} INFO - [2025-02-22T20:41:07.754+0000] {dagbag.py:588} INFO - Filling up the DagBag from /home/airflow/.local/lib/python3.12/site-packages/airflow/example_dags/example_python_operator.py
[2025-02-22T20:41:07.773+0000] {processor.py:925} INFO - DAG(s) 'example_python_operator' retrieved from /home/airflow/.local/lib/python3.12/site-packages/airflow/example_dags/example_python_operator.py
[2025-02-22T20:41:07.807+0000] {logging_mixin.py:190} INFO - [2025-02-22T20:41:07.806+0000] {dag.py:3239} INFO - Sync 1 DAGs
[2025-02-22T20:41:07.829+0000] {logging_mixin.py:190} INFO - [2025-02-22T20:41:07.829+0000] {dag.py:4180} INFO - Setting next_dagrun for example_python_operator to None, run_after=None
[2025-02-22T20:41:07.862+0000] {processor.py:208} INFO - Processing /home/airflow/.local/lib/python3.12/site-packages/airflow/example_dags/example_python_operator.py took 0.130 seconds
[2025-02-22T20:41:38.716+0000] {processor.py:186} INFO - Started process (PID=1059) to work on /home/airflow/.local/lib/python3.12/site-packages/airflow/example_dags/example_python_operator.py
[2025-02-22T20:41:38.717+0000] {processor.py:914} INFO - Processing file /home/airflow/.local/lib/python3.12/site-packages/airflow/example_dags/example_python_operator.py for tasks to queue
[2025-02-22T20:41:38.719+0000] {logging_mixin.py:190} INFO - [2025-02-22T20:41:38.719+0000] {dagbag.py:588} INFO - Filling up the DagBag from /home/airflow/.local/lib/python3.12/site-packages/airflow/example_dags/example_python_operator.py
[2025-02-22T20:41:38.732+0000] {processor.py:925} INFO - DAG(s) 'example_python_operator' retrieved from /home/airflow/.local/lib/python3.12/site-packages/airflow/example_dags/example_python_operator.py
[2025-02-22T20:41:38.758+0000] {logging_mixin.py:190} INFO - [2025-02-22T20:41:38.757+0000] {dag.py:3239} INFO - Sync 1 DAGs
[2025-02-22T20:41:38.775+0000] {logging_mixin.py:190} INFO - [2025-02-22T20:41:38.774+0000] {dag.py:4180} INFO - Setting next_dagrun for example_python_operator to None, run_after=None
[2025-02-22T20:41:38.798+0000] {processor.py:208} INFO - Processing /home/airflow/.local/lib/python3.12/site-packages/airflow/example_dags/example_python_operator.py took 0.089 seconds
[2025-02-22T20:42:11.359+0000] {processor.py:186} INFO - Started process (PID=1121) to work on /home/airflow/.local/lib/python3.12/site-packages/airflow/example_dags/example_python_operator.py
[2025-02-22T20:42:11.361+0000] {processor.py:914} INFO - Processing file /home/airflow/.local/lib/python3.12/site-packages/airflow/example_dags/example_python_operator.py for tasks to queue
[2025-02-22T20:42:11.367+0000] {logging_mixin.py:190} INFO - [2025-02-22T20:42:11.367+0000] {dagbag.py:588} INFO - Filling up the DagBag from /home/airflow/.local/lib/python3.12/site-packages/airflow/example_dags/example_python_operator.py
[2025-02-22T20:42:11.402+0000] {processor.py:925} INFO - DAG(s) 'example_python_operator' retrieved from /home/airflow/.local/lib/python3.12/site-packages/airflow/example_dags/example_python_operator.py
[2025-02-22T20:42:11.479+0000] {logging_mixin.py:190} INFO - [2025-02-22T20:42:11.479+0000] {dag.py:3239} INFO - Sync 1 DAGs
[2025-02-22T20:42:11.526+0000] {logging_mixin.py:190} INFO - [2025-02-22T20:42:11.525+0000] {dag.py:4180} INFO - Setting next_dagrun for example_python_operator to None, run_after=None
[2025-02-22T20:42:11.576+0000] {processor.py:208} INFO - Processing /home/airflow/.local/lib/python3.12/site-packages/airflow/example_dags/example_python_operator.py took 0.233 seconds
[2025-02-22T20:42:41.748+0000] {processor.py:186} INFO - Started process (PID=1184) to work on /home/airflow/.local/lib/python3.12/site-packages/airflow/example_dags/example_python_operator.py
[2025-02-22T20:42:41.750+0000] {processor.py:914} INFO - Processing file /home/airflow/.local/lib/python3.12/site-packages/airflow/example_dags/example_python_operator.py for tasks to queue
[2025-02-22T20:42:41.754+0000] {logging_mixin.py:190} INFO - [2025-02-22T20:42:41.753+0000] {dagbag.py:588} INFO - Filling up the DagBag from /home/airflow/.local/lib/python3.12/site-packages/airflow/example_dags/example_python_operator.py
[2025-02-22T20:42:41.778+0000] {processor.py:925} INFO - DAG(s) 'example_python_operator' retrieved from /home/airflow/.local/lib/python3.12/site-packages/airflow/example_dags/example_python_operator.py
[2025-02-22T20:42:41.818+0000] {logging_mixin.py:190} INFO - [2025-02-22T20:42:41.818+0000] {dag.py:3239} INFO - Sync 1 DAGs
[2025-02-22T20:42:41.846+0000] {logging_mixin.py:190} INFO - [2025-02-22T20:42:41.844+0000] {dag.py:4180} INFO - Setting next_dagrun for example_python_operator to None, run_after=None
[2025-02-22T20:42:41.882+0000] {processor.py:208} INFO - Processing /home/airflow/.local/lib/python3.12/site-packages/airflow/example_dags/example_python_operator.py took 0.146 seconds
[2025-02-22T20:43:11.948+0000] {processor.py:186} INFO - Started process (PID=1247) to work on /home/airflow/.local/lib/python3.12/site-packages/airflow/example_dags/example_python_operator.py
[2025-02-22T20:43:11.949+0000] {processor.py:914} INFO - Processing file /home/airflow/.local/lib/python3.12/site-packages/airflow/example_dags/example_python_operator.py for tasks to queue
[2025-02-22T20:43:11.952+0000] {logging_mixin.py:190} INFO - [2025-02-22T20:43:11.952+0000] {dagbag.py:588} INFO - Filling up the DagBag from /home/airflow/.local/lib/python3.12/site-packages/airflow/example_dags/example_python_operator.py
[2025-02-22T20:43:11.966+0000] {processor.py:925} INFO - DAG(s) 'example_python_operator' retrieved from /home/airflow/.local/lib/python3.12/site-packages/airflow/example_dags/example_python_operator.py
[2025-02-22T20:43:11.994+0000] {logging_mixin.py:190} INFO - [2025-02-22T20:43:11.993+0000] {dag.py:3239} INFO - Sync 1 DAGs
[2025-02-22T20:43:12.011+0000] {logging_mixin.py:190} INFO - [2025-02-22T20:43:12.011+0000] {dag.py:4180} INFO - Setting next_dagrun for example_python_operator to None, run_after=None
[2025-02-22T20:43:12.034+0000] {processor.py:208} INFO - Processing /home/airflow/.local/lib/python3.12/site-packages/airflow/example_dags/example_python_operator.py took 0.094 seconds
[2025-02-22T20:43:43.745+0000] {processor.py:186} INFO - Started process (PID=1312) to work on /home/airflow/.local/lib/python3.12/site-packages/airflow/example_dags/example_python_operator.py
[2025-02-22T20:43:43.747+0000] {processor.py:914} INFO - Processing file /home/airflow/.local/lib/python3.12/site-packages/airflow/example_dags/example_python_operator.py for tasks to queue
[2025-02-22T20:43:43.749+0000] {logging_mixin.py:190} INFO - [2025-02-22T20:43:43.749+0000] {dagbag.py:588} INFO - Filling up the DagBag from /home/airflow/.local/lib/python3.12/site-packages/airflow/example_dags/example_python_operator.py
[2025-02-22T20:43:43.762+0000] {processor.py:925} INFO - DAG(s) 'example_python_operator' retrieved from /home/airflow/.local/lib/python3.12/site-packages/airflow/example_dags/example_python_operator.py
[2025-02-22T20:43:43.787+0000] {logging_mixin.py:190} INFO - [2025-02-22T20:43:43.787+0000] {dag.py:3239} INFO - Sync 1 DAGs
[2025-02-22T20:43:43.805+0000] {logging_mixin.py:190} INFO - [2025-02-22T20:43:43.804+0000] {dag.py:4180} INFO - Setting next_dagrun for example_python_operator to None, run_after=None
[2025-02-22T20:43:43.826+0000] {processor.py:208} INFO - Processing /home/airflow/.local/lib/python3.12/site-packages/airflow/example_dags/example_python_operator.py took 0.087 seconds
[2025-02-22T20:44:15.258+0000] {processor.py:186} INFO - Started process (PID=1375) to work on /home/airflow/.local/lib/python3.12/site-packages/airflow/example_dags/example_python_operator.py
[2025-02-22T20:44:15.260+0000] {processor.py:914} INFO - Processing file /home/airflow/.local/lib/python3.12/site-packages/airflow/example_dags/example_python_operator.py for tasks to queue
[2025-02-22T20:44:15.265+0000] {logging_mixin.py:190} INFO - [2025-02-22T20:44:15.264+0000] {dagbag.py:588} INFO - Filling up the DagBag from /home/airflow/.local/lib/python3.12/site-packages/airflow/example_dags/example_python_operator.py
[2025-02-22T20:44:15.301+0000] {processor.py:925} INFO - DAG(s) 'example_python_operator' retrieved from /home/airflow/.local/lib/python3.12/site-packages/airflow/example_dags/example_python_operator.py
[2025-02-22T20:44:15.340+0000] {logging_mixin.py:190} INFO - [2025-02-22T20:44:15.339+0000] {dag.py:3239} INFO - Sync 1 DAGs
[2025-02-22T20:44:15.363+0000] {logging_mixin.py:190} INFO - [2025-02-22T20:44:15.362+0000] {dag.py:4180} INFO - Setting next_dagrun for example_python_operator to None, run_after=None
[2025-02-22T20:44:15.389+0000] {processor.py:208} INFO - Processing /home/airflow/.local/lib/python3.12/site-packages/airflow/example_dags/example_python_operator.py took 0.146 seconds
[2025-02-22T20:44:46.567+0000] {processor.py:186} INFO - Started process (PID=1438) to work on /home/airflow/.local/lib/python3.12/site-packages/airflow/example_dags/example_python_operator.py
[2025-02-22T20:44:46.569+0000] {processor.py:914} INFO - Processing file /home/airflow/.local/lib/python3.12/site-packages/airflow/example_dags/example_python_operator.py for tasks to queue
[2025-02-22T20:44:46.572+0000] {logging_mixin.py:190} INFO - [2025-02-22T20:44:46.572+0000] {dagbag.py:588} INFO - Filling up the DagBag from /home/airflow/.local/lib/python3.12/site-packages/airflow/example_dags/example_python_operator.py
[2025-02-22T20:44:46.590+0000] {processor.py:925} INFO - DAG(s) 'example_python_operator' retrieved from /home/airflow/.local/lib/python3.12/site-packages/airflow/example_dags/example_python_operator.py
[2025-02-22T20:44:46.619+0000] {logging_mixin.py:190} INFO - [2025-02-22T20:44:46.618+0000] {dag.py:3239} INFO - Sync 1 DAGs
[2025-02-22T20:44:46.636+0000] {logging_mixin.py:190} INFO - [2025-02-22T20:44:46.636+0000] {dag.py:4180} INFO - Setting next_dagrun for example_python_operator to None, run_after=None
[2025-02-22T20:44:46.666+0000] {processor.py:208} INFO - Processing /home/airflow/.local/lib/python3.12/site-packages/airflow/example_dags/example_python_operator.py took 0.109 seconds
[2025-02-22T20:45:17.907+0000] {processor.py:186} INFO - Started process (PID=1501) to work on /home/airflow/.local/lib/python3.12/site-packages/airflow/example_dags/example_python_operator.py
[2025-02-22T20:45:17.908+0000] {processor.py:914} INFO - Processing file /home/airflow/.local/lib/python3.12/site-packages/airflow/example_dags/example_python_operator.py for tasks to queue
[2025-02-22T20:45:17.911+0000] {logging_mixin.py:190} INFO - [2025-02-22T20:45:17.911+0000] {dagbag.py:588} INFO - Filling up the DagBag from /home/airflow/.local/lib/python3.12/site-packages/airflow/example_dags/example_python_operator.py
[2025-02-22T20:45:17.928+0000] {processor.py:925} INFO - DAG(s) 'example_python_operator' retrieved from /home/airflow/.local/lib/python3.12/site-packages/airflow/example_dags/example_python_operator.py
[2025-02-22T20:45:17.958+0000] {logging_mixin.py:190} INFO - [2025-02-22T20:45:17.958+0000] {dag.py:3239} INFO - Sync 1 DAGs
[2025-02-22T20:45:17.982+0000] {logging_mixin.py:190} INFO - [2025-02-22T20:45:17.982+0000] {dag.py:4180} INFO - Setting next_dagrun for example_python_operator to None, run_after=None
[2025-02-22T20:45:18.011+0000] {processor.py:208} INFO - Processing /home/airflow/.local/lib/python3.12/site-packages/airflow/example_dags/example_python_operator.py took 0.113 seconds
[2025-02-22T20:45:49.493+0000] {processor.py:186} INFO - Started process (PID=1565) to work on /home/airflow/.local/lib/python3.12/site-packages/airflow/example_dags/example_python_operator.py
[2025-02-22T20:45:49.494+0000] {processor.py:914} INFO - Processing file /home/airflow/.local/lib/python3.12/site-packages/airflow/example_dags/example_python_operator.py for tasks to queue
[2025-02-22T20:45:49.498+0000] {logging_mixin.py:190} INFO - [2025-02-22T20:45:49.497+0000] {dagbag.py:588} INFO - Filling up the DagBag from /home/airflow/.local/lib/python3.12/site-packages/airflow/example_dags/example_python_operator.py
[2025-02-22T20:45:49.514+0000] {processor.py:925} INFO - DAG(s) 'example_python_operator' retrieved from /home/airflow/.local/lib/python3.12/site-packages/airflow/example_dags/example_python_operator.py
[2025-02-22T20:45:49.543+0000] {logging_mixin.py:190} INFO - [2025-02-22T20:45:49.543+0000] {dag.py:3239} INFO - Sync 1 DAGs
[2025-02-22T20:45:49.562+0000] {logging_mixin.py:190} INFO - [2025-02-22T20:45:49.562+0000] {dag.py:4180} INFO - Setting next_dagrun for example_python_operator to None, run_after=None
[2025-02-22T20:45:49.585+0000] {processor.py:208} INFO - Processing /home/airflow/.local/lib/python3.12/site-packages/airflow/example_dags/example_python_operator.py took 0.101 seconds
[2025-02-22T20:46:19.625+0000] {processor.py:186} INFO - Started process (PID=1628) to work on /home/airflow/.local/lib/python3.12/site-packages/airflow/example_dags/example_python_operator.py
[2025-02-22T20:46:19.626+0000] {processor.py:914} INFO - Processing file /home/airflow/.local/lib/python3.12/site-packages/airflow/example_dags/example_python_operator.py for tasks to queue
[2025-02-22T20:46:19.629+0000] {logging_mixin.py:190} INFO - [2025-02-22T20:46:19.628+0000] {dagbag.py:588} INFO - Filling up the DagBag from /home/airflow/.local/lib/python3.12/site-packages/airflow/example_dags/example_python_operator.py
[2025-02-22T20:46:19.647+0000] {processor.py:925} INFO - DAG(s) 'example_python_operator' retrieved from /home/airflow/.local/lib/python3.12/site-packages/airflow/example_dags/example_python_operator.py
[2025-02-22T20:46:19.671+0000] {logging_mixin.py:190} INFO - [2025-02-22T20:46:19.671+0000] {dag.py:3239} INFO - Sync 1 DAGs
[2025-02-22T20:46:19.687+0000] {logging_mixin.py:190} INFO - [2025-02-22T20:46:19.687+0000] {dag.py:4180} INFO - Setting next_dagrun for example_python_operator to None, run_after=None
[2025-02-22T20:46:19.710+0000] {processor.py:208} INFO - Processing /home/airflow/.local/lib/python3.12/site-packages/airflow/example_dags/example_python_operator.py took 0.092 seconds
[2025-02-22T20:46:51.652+0000] {processor.py:186} INFO - Started process (PID=1692) to work on /home/airflow/.local/lib/python3.12/site-packages/airflow/example_dags/example_python_operator.py
[2025-02-22T20:46:51.653+0000] {processor.py:914} INFO - Processing file /home/airflow/.local/lib/python3.12/site-packages/airflow/example_dags/example_python_operator.py for tasks to queue
[2025-02-22T20:46:51.656+0000] {logging_mixin.py:190} INFO - [2025-02-22T20:46:51.655+0000] {dagbag.py:588} INFO - Filling up the DagBag from /home/airflow/.local/lib/python3.12/site-packages/airflow/example_dags/example_python_operator.py
[2025-02-22T20:46:51.669+0000] {processor.py:925} INFO - DAG(s) 'example_python_operator' retrieved from /home/airflow/.local/lib/python3.12/site-packages/airflow/example_dags/example_python_operator.py
[2025-02-22T20:46:51.695+0000] {logging_mixin.py:190} INFO - [2025-02-22T20:46:51.695+0000] {dag.py:3239} INFO - Sync 1 DAGs
[2025-02-22T20:46:51.714+0000] {logging_mixin.py:190} INFO - [2025-02-22T20:46:51.713+0000] {dag.py:4180} INFO - Setting next_dagrun for example_python_operator to None, run_after=None
[2025-02-22T20:46:51.736+0000] {processor.py:208} INFO - Processing /home/airflow/.local/lib/python3.12/site-packages/airflow/example_dags/example_python_operator.py took 0.090 seconds
[2025-02-22T20:47:22.213+0000] {processor.py:186} INFO - Started process (PID=1755) to work on /home/airflow/.local/lib/python3.12/site-packages/airflow/example_dags/example_python_operator.py
[2025-02-22T20:47:22.214+0000] {processor.py:914} INFO - Processing file /home/airflow/.local/lib/python3.12/site-packages/airflow/example_dags/example_python_operator.py for tasks to queue
[2025-02-22T20:47:22.217+0000] {logging_mixin.py:190} INFO - [2025-02-22T20:47:22.217+0000] {dagbag.py:588} INFO - Filling up the DagBag from /home/airflow/.local/lib/python3.12/site-packages/airflow/example_dags/example_python_operator.py
[2025-02-22T20:47:22.231+0000] {processor.py:925} INFO - DAG(s) 'example_python_operator' retrieved from /home/airflow/.local/lib/python3.12/site-packages/airflow/example_dags/example_python_operator.py
[2025-02-22T20:47:22.261+0000] {logging_mixin.py:190} INFO - [2025-02-22T20:47:22.261+0000] {dag.py:3239} INFO - Sync 1 DAGs
[2025-02-22T20:47:22.281+0000] {logging_mixin.py:190} INFO - [2025-02-22T20:47:22.281+0000] {dag.py:4180} INFO - Setting next_dagrun for example_python_operator to None, run_after=None
[2025-02-22T20:47:22.306+0000] {processor.py:208} INFO - Processing /home/airflow/.local/lib/python3.12/site-packages/airflow/example_dags/example_python_operator.py took 0.099 seconds
[2025-02-22T20:47:53.325+0000] {processor.py:186} INFO - Started process (PID=1818) to work on /home/airflow/.local/lib/python3.12/site-packages/airflow/example_dags/example_python_operator.py
[2025-02-22T20:47:53.327+0000] {processor.py:914} INFO - Processing file /home/airflow/.local/lib/python3.12/site-packages/airflow/example_dags/example_python_operator.py for tasks to queue
[2025-02-22T20:47:53.329+0000] {logging_mixin.py:190} INFO - [2025-02-22T20:47:53.329+0000] {dagbag.py:588} INFO - Filling up the DagBag from /home/airflow/.local/lib/python3.12/site-packages/airflow/example_dags/example_python_operator.py
[2025-02-22T20:47:53.344+0000] {processor.py:925} INFO - DAG(s) 'example_python_operator' retrieved from /home/airflow/.local/lib/python3.12/site-packages/airflow/example_dags/example_python_operator.py
[2025-02-22T20:47:53.370+0000] {logging_mixin.py:190} INFO - [2025-02-22T20:47:53.370+0000] {dag.py:3239} INFO - Sync 1 DAGs
[2025-02-22T20:47:53.388+0000] {logging_mixin.py:190} INFO - [2025-02-22T20:47:53.388+0000] {dag.py:4180} INFO - Setting next_dagrun for example_python_operator to None, run_after=None
[2025-02-22T20:47:53.415+0000] {processor.py:208} INFO - Processing /home/airflow/.local/lib/python3.12/site-packages/airflow/example_dags/example_python_operator.py took 0.098 seconds
[2025-02-22T20:48:24.890+0000] {processor.py:186} INFO - Started process (PID=1882) to work on /home/airflow/.local/lib/python3.12/site-packages/airflow/example_dags/example_python_operator.py
[2025-02-22T20:48:24.891+0000] {processor.py:914} INFO - Processing file /home/airflow/.local/lib/python3.12/site-packages/airflow/example_dags/example_python_operator.py for tasks to queue
[2025-02-22T20:48:24.894+0000] {logging_mixin.py:190} INFO - [2025-02-22T20:48:24.894+0000] {dagbag.py:588} INFO - Filling up the DagBag from /home/airflow/.local/lib/python3.12/site-packages/airflow/example_dags/example_python_operator.py
[2025-02-22T20:48:24.911+0000] {processor.py:925} INFO - DAG(s) 'example_python_operator' retrieved from /home/airflow/.local/lib/python3.12/site-packages/airflow/example_dags/example_python_operator.py
[2025-02-22T20:48:24.937+0000] {logging_mixin.py:190} INFO - [2025-02-22T20:48:24.937+0000] {dag.py:3239} INFO - Sync 1 DAGs
[2025-02-22T20:48:24.954+0000] {logging_mixin.py:190} INFO - [2025-02-22T20:48:24.954+0000] {dag.py:4180} INFO - Setting next_dagrun for example_python_operator to None, run_after=None
[2025-02-22T20:48:24.980+0000] {processor.py:208} INFO - Processing /home/airflow/.local/lib/python3.12/site-packages/airflow/example_dags/example_python_operator.py took 0.097 seconds
[2025-02-22T20:48:56.402+0000] {processor.py:186} INFO - Started process (PID=1945) to work on /home/airflow/.local/lib/python3.12/site-packages/airflow/example_dags/example_python_operator.py
[2025-02-22T20:48:56.404+0000] {processor.py:914} INFO - Processing file /home/airflow/.local/lib/python3.12/site-packages/airflow/example_dags/example_python_operator.py for tasks to queue
[2025-02-22T20:48:56.406+0000] {logging_mixin.py:190} INFO - [2025-02-22T20:48:56.406+0000] {dagbag.py:588} INFO - Filling up the DagBag from /home/airflow/.local/lib/python3.12/site-packages/airflow/example_dags/example_python_operator.py
[2025-02-22T20:48:56.420+0000] {processor.py:925} INFO - DAG(s) 'example_python_operator' retrieved from /home/airflow/.local/lib/python3.12/site-packages/airflow/example_dags/example_python_operator.py
[2025-02-22T20:48:56.446+0000] {logging_mixin.py:190} INFO - [2025-02-22T20:48:56.446+0000] {dag.py:3239} INFO - Sync 1 DAGs
[2025-02-22T20:48:56.463+0000] {logging_mixin.py:190} INFO - [2025-02-22T20:48:56.463+0000] {dag.py:4180} INFO - Setting next_dagrun for example_python_operator to None, run_after=None
[2025-02-22T20:48:56.486+0000] {processor.py:208} INFO - Processing /home/airflow/.local/lib/python3.12/site-packages/airflow/example_dags/example_python_operator.py took 0.090 seconds
