[2025-02-22T20:33:58.288+0000] {processor.py:186} INFO - Started process (PID=130) to work on /home/airflow/.local/lib/python3.12/site-packages/airflow/example_dags/example_subdag_operator.py
[2025-02-22T20:33:58.289+0000] {processor.py:914} INFO - Processing file /home/airflow/.local/lib/python3.12/site-packages/airflow/example_dags/example_subdag_operator.py for tasks to queue
[2025-02-22T20:33:58.293+0000] {logging_mixin.py:190} INFO - [2025-02-22T20:33:58.292+0000] {dagbag.py:588} INFO - Filling up the DagBag from /home/airflow/.local/lib/python3.12/site-packages/airflow/example_dags/example_subdag_operator.py
[2025-02-22T20:33:58.345+0000] {processor.py:925} INFO - DAG(s) 'example_subdag_operator.section-1', 'example_subdag_operator.section-2', 'example_subdag_operator' retrieved from /home/airflow/.local/lib/python3.12/site-packages/airflow/example_dags/example_subdag_operator.py
[2025-02-22T20:33:58.513+0000] {logging_mixin.py:190} INFO - [2025-02-22T20:33:58.512+0000] {override.py:1912} INFO - Created Permission View: can edit on DAG:example_subdag_operator
[2025-02-22T20:33:58.529+0000] {logging_mixin.py:190} INFO - [2025-02-22T20:33:58.528+0000] {override.py:1912} INFO - Created Permission View: can read on DAG:example_subdag_operator
[2025-02-22T20:33:58.538+0000] {logging_mixin.py:190} INFO - [2025-02-22T20:33:58.538+0000] {override.py:1912} INFO - Created Permission View: can delete on DAG:example_subdag_operator
[2025-02-22T20:33:58.550+0000] {logging_mixin.py:190} INFO - [2025-02-22T20:33:58.549+0000] {override.py:1912} INFO - Created Permission View: can read on DAG Run:example_subdag_operator
[2025-02-22T20:33:58.560+0000] {logging_mixin.py:190} INFO - [2025-02-22T20:33:58.560+0000] {override.py:1912} INFO - Created Permission View: menu access on DAG Run:example_subdag_operator
[2025-02-22T20:33:58.582+0000] {logging_mixin.py:190} INFO - [2025-02-22T20:33:58.581+0000] {override.py:1912} INFO - Created Permission View: can create on DAG Run:example_subdag_operator
[2025-02-22T20:33:58.594+0000] {logging_mixin.py:190} INFO - [2025-02-22T20:33:58.593+0000] {override.py:1912} INFO - Created Permission View: can delete on DAG Run:example_subdag_operator
[2025-02-22T20:33:58.595+0000] {logging_mixin.py:190} INFO - [2025-02-22T20:33:58.594+0000] {dag.py:3239} INFO - Sync 3 DAGs
[2025-02-22T20:33:58.616+0000] {logging_mixin.py:190} INFO - [2025-02-22T20:33:58.616+0000] {dag.py:3262} INFO - Creating ORM DAG for example_subdag_operator.section-2
[2025-02-22T20:33:58.618+0000] {logging_mixin.py:190} INFO - [2025-02-22T20:33:58.617+0000] {dag.py:3262} INFO - Creating ORM DAG for example_subdag_operator.section-1
[2025-02-22T20:33:58.619+0000] {logging_mixin.py:190} INFO - [2025-02-22T20:33:58.619+0000] {dag.py:3262} INFO - Creating ORM DAG for example_subdag_operator
[2025-02-22T20:33:58.639+0000] {logging_mixin.py:190} INFO - [2025-02-22T20:33:58.639+0000] {dag.py:4180} INFO - Setting next_dagrun for example_subdag_operator to 2022-01-01 00:00:00+00:00, run_after=2022-01-01 00:00:00+00:00
[2025-02-22T20:33:58.641+0000] {logging_mixin.py:190} INFO - [2025-02-22T20:33:58.641+0000] {dag.py:4180} INFO - Setting next_dagrun for example_subdag_operator.section-1 to None, run_after=None
[2025-02-22T20:33:58.642+0000] {logging_mixin.py:190} INFO - [2025-02-22T20:33:58.642+0000] {dag.py:4180} INFO - Setting next_dagrun for example_subdag_operator.section-2 to None, run_after=None
[2025-02-22T20:33:58.659+0000] {logging_mixin.py:190} INFO - [2025-02-22T20:33:58.659+0000] {dag.py:3239} INFO - Sync 2 DAGs
[2025-02-22T20:33:58.669+0000] {logging_mixin.py:190} INFO - [2025-02-22T20:33:58.669+0000] {dag.py:4180} INFO - Setting next_dagrun for example_subdag_operator.section-1 to None, run_after=None
[2025-02-22T20:33:58.675+0000] {logging_mixin.py:190} INFO - [2025-02-22T20:33:58.675+0000] {dag.py:4180} INFO - Setting next_dagrun for example_subdag_operator.section-2 to None, run_after=None
[2025-02-22T20:33:58.694+0000] {processor.py:208} INFO - Processing /home/airflow/.local/lib/python3.12/site-packages/airflow/example_dags/example_subdag_operator.py took 0.418 seconds
[2025-02-22T20:34:29.375+0000] {processor.py:186} INFO - Started process (PID=193) to work on /home/airflow/.local/lib/python3.12/site-packages/airflow/example_dags/example_subdag_operator.py
[2025-02-22T20:34:29.376+0000] {processor.py:914} INFO - Processing file /home/airflow/.local/lib/python3.12/site-packages/airflow/example_dags/example_subdag_operator.py for tasks to queue
[2025-02-22T20:34:29.379+0000] {logging_mixin.py:190} INFO - [2025-02-22T20:34:29.379+0000] {dagbag.py:588} INFO - Filling up the DagBag from /home/airflow/.local/lib/python3.12/site-packages/airflow/example_dags/example_subdag_operator.py
[2025-02-22T20:34:29.409+0000] {processor.py:925} INFO - DAG(s) 'example_subdag_operator.section-1', 'example_subdag_operator.section-2', 'example_subdag_operator' retrieved from /home/airflow/.local/lib/python3.12/site-packages/airflow/example_dags/example_subdag_operator.py
[2025-02-22T20:34:29.427+0000] {logging_mixin.py:190} INFO - [2025-02-22T20:34:29.427+0000] {dag.py:3239} INFO - Sync 3 DAGs
[2025-02-22T20:34:29.454+0000] {logging_mixin.py:190} INFO - [2025-02-22T20:34:29.453+0000] {dag.py:4180} INFO - Setting next_dagrun for example_subdag_operator to 2022-01-01 00:00:00+00:00, run_after=2022-01-01 00:00:00+00:00
[2025-02-22T20:34:29.458+0000] {logging_mixin.py:190} INFO - [2025-02-22T20:34:29.458+0000] {dag.py:4180} INFO - Setting next_dagrun for example_subdag_operator.section-1 to None, run_after=None
[2025-02-22T20:34:29.460+0000] {logging_mixin.py:190} INFO - [2025-02-22T20:34:29.460+0000] {dag.py:4180} INFO - Setting next_dagrun for example_subdag_operator.section-2 to None, run_after=None
[2025-02-22T20:34:29.469+0000] {logging_mixin.py:190} INFO - [2025-02-22T20:34:29.469+0000] {dag.py:3239} INFO - Sync 2 DAGs
[2025-02-22T20:34:29.477+0000] {logging_mixin.py:190} INFO - [2025-02-22T20:34:29.477+0000] {dag.py:4180} INFO - Setting next_dagrun for example_subdag_operator.section-1 to None, run_after=None
[2025-02-22T20:34:29.478+0000] {logging_mixin.py:190} INFO - [2025-02-22T20:34:29.478+0000] {dag.py:4180} INFO - Setting next_dagrun for example_subdag_operator.section-2 to None, run_after=None
[2025-02-22T20:34:29.493+0000] {processor.py:208} INFO - Processing /home/airflow/.local/lib/python3.12/site-packages/airflow/example_dags/example_subdag_operator.py took 0.125 seconds
[2025-02-22T20:34:59.767+0000] {processor.py:186} INFO - Started process (PID=256) to work on /home/airflow/.local/lib/python3.12/site-packages/airflow/example_dags/example_subdag_operator.py
[2025-02-22T20:34:59.768+0000] {processor.py:914} INFO - Processing file /home/airflow/.local/lib/python3.12/site-packages/airflow/example_dags/example_subdag_operator.py for tasks to queue
[2025-02-22T20:34:59.771+0000] {logging_mixin.py:190} INFO - [2025-02-22T20:34:59.771+0000] {dagbag.py:588} INFO - Filling up the DagBag from /home/airflow/.local/lib/python3.12/site-packages/airflow/example_dags/example_subdag_operator.py
[2025-02-22T20:34:59.800+0000] {processor.py:925} INFO - DAG(s) 'example_subdag_operator.section-1', 'example_subdag_operator.section-2', 'example_subdag_operator' retrieved from /home/airflow/.local/lib/python3.12/site-packages/airflow/example_dags/example_subdag_operator.py
[2025-02-22T20:34:59.819+0000] {logging_mixin.py:190} INFO - [2025-02-22T20:34:59.818+0000] {dag.py:3239} INFO - Sync 3 DAGs
[2025-02-22T20:34:59.845+0000] {logging_mixin.py:190} INFO - [2025-02-22T20:34:59.845+0000] {dag.py:4180} INFO - Setting next_dagrun for example_subdag_operator to 2022-01-01 00:00:00+00:00, run_after=2022-01-01 00:00:00+00:00
[2025-02-22T20:34:59.849+0000] {logging_mixin.py:190} INFO - [2025-02-22T20:34:59.849+0000] {dag.py:4180} INFO - Setting next_dagrun for example_subdag_operator.section-1 to None, run_after=None
[2025-02-22T20:34:59.851+0000] {logging_mixin.py:190} INFO - [2025-02-22T20:34:59.851+0000] {dag.py:4180} INFO - Setting next_dagrun for example_subdag_operator.section-2 to None, run_after=None
[2025-02-22T20:34:59.861+0000] {logging_mixin.py:190} INFO - [2025-02-22T20:34:59.861+0000] {dag.py:3239} INFO - Sync 2 DAGs
[2025-02-22T20:34:59.868+0000] {logging_mixin.py:190} INFO - [2025-02-22T20:34:59.868+0000] {dag.py:4180} INFO - Setting next_dagrun for example_subdag_operator.section-1 to None, run_after=None
[2025-02-22T20:34:59.869+0000] {logging_mixin.py:190} INFO - [2025-02-22T20:34:59.869+0000] {dag.py:4180} INFO - Setting next_dagrun for example_subdag_operator.section-2 to None, run_after=None
[2025-02-22T20:34:59.884+0000] {processor.py:208} INFO - Processing /home/airflow/.local/lib/python3.12/site-packages/airflow/example_dags/example_subdag_operator.py took 0.124 seconds
[2025-02-22T20:35:30.666+0000] {processor.py:186} INFO - Started process (PID=319) to work on /home/airflow/.local/lib/python3.12/site-packages/airflow/example_dags/example_subdag_operator.py
[2025-02-22T20:35:30.668+0000] {processor.py:914} INFO - Processing file /home/airflow/.local/lib/python3.12/site-packages/airflow/example_dags/example_subdag_operator.py for tasks to queue
[2025-02-22T20:35:30.670+0000] {logging_mixin.py:190} INFO - [2025-02-22T20:35:30.670+0000] {dagbag.py:588} INFO - Filling up the DagBag from /home/airflow/.local/lib/python3.12/site-packages/airflow/example_dags/example_subdag_operator.py
[2025-02-22T20:35:30.703+0000] {processor.py:925} INFO - DAG(s) 'example_subdag_operator.section-1', 'example_subdag_operator.section-2', 'example_subdag_operator' retrieved from /home/airflow/.local/lib/python3.12/site-packages/airflow/example_dags/example_subdag_operator.py
[2025-02-22T20:35:30.723+0000] {logging_mixin.py:190} INFO - [2025-02-22T20:35:30.722+0000] {dag.py:3239} INFO - Sync 3 DAGs
[2025-02-22T20:35:30.749+0000] {logging_mixin.py:190} INFO - [2025-02-22T20:35:30.748+0000] {dag.py:4180} INFO - Setting next_dagrun for example_subdag_operator to 2022-01-01 00:00:00+00:00, run_after=2022-01-01 00:00:00+00:00
[2025-02-22T20:35:30.753+0000] {logging_mixin.py:190} INFO - [2025-02-22T20:35:30.753+0000] {dag.py:4180} INFO - Setting next_dagrun for example_subdag_operator.section-1 to None, run_after=None
[2025-02-22T20:35:30.755+0000] {logging_mixin.py:190} INFO - [2025-02-22T20:35:30.755+0000] {dag.py:4180} INFO - Setting next_dagrun for example_subdag_operator.section-2 to None, run_after=None
[2025-02-22T20:35:30.764+0000] {logging_mixin.py:190} INFO - [2025-02-22T20:35:30.764+0000] {dag.py:3239} INFO - Sync 2 DAGs
[2025-02-22T20:35:30.772+0000] {logging_mixin.py:190} INFO - [2025-02-22T20:35:30.772+0000] {dag.py:4180} INFO - Setting next_dagrun for example_subdag_operator.section-1 to None, run_after=None
[2025-02-22T20:35:30.773+0000] {logging_mixin.py:190} INFO - [2025-02-22T20:35:30.773+0000] {dag.py:4180} INFO - Setting next_dagrun for example_subdag_operator.section-2 to None, run_after=None
[2025-02-22T20:35:30.786+0000] {processor.py:208} INFO - Processing /home/airflow/.local/lib/python3.12/site-packages/airflow/example_dags/example_subdag_operator.py took 0.127 seconds
[2025-02-22T20:36:01.685+0000] {processor.py:186} INFO - Started process (PID=383) to work on /home/airflow/.local/lib/python3.12/site-packages/airflow/example_dags/example_subdag_operator.py
[2025-02-22T20:36:01.686+0000] {processor.py:914} INFO - Processing file /home/airflow/.local/lib/python3.12/site-packages/airflow/example_dags/example_subdag_operator.py for tasks to queue
[2025-02-22T20:36:01.689+0000] {logging_mixin.py:190} INFO - [2025-02-22T20:36:01.688+0000] {dagbag.py:588} INFO - Filling up the DagBag from /home/airflow/.local/lib/python3.12/site-packages/airflow/example_dags/example_subdag_operator.py
[2025-02-22T20:36:01.720+0000] {processor.py:925} INFO - DAG(s) 'example_subdag_operator.section-1', 'example_subdag_operator.section-2', 'example_subdag_operator' retrieved from /home/airflow/.local/lib/python3.12/site-packages/airflow/example_dags/example_subdag_operator.py
[2025-02-22T20:36:01.737+0000] {logging_mixin.py:190} INFO - [2025-02-22T20:36:01.737+0000] {dag.py:3239} INFO - Sync 3 DAGs
[2025-02-22T20:36:01.764+0000] {logging_mixin.py:190} INFO - [2025-02-22T20:36:01.763+0000] {dag.py:4180} INFO - Setting next_dagrun for example_subdag_operator to 2022-01-01 00:00:00+00:00, run_after=2022-01-01 00:00:00+00:00
[2025-02-22T20:36:01.768+0000] {logging_mixin.py:190} INFO - [2025-02-22T20:36:01.768+0000] {dag.py:4180} INFO - Setting next_dagrun for example_subdag_operator.section-1 to None, run_after=None
[2025-02-22T20:36:01.770+0000] {logging_mixin.py:190} INFO - [2025-02-22T20:36:01.770+0000] {dag.py:4180} INFO - Setting next_dagrun for example_subdag_operator.section-2 to None, run_after=None
[2025-02-22T20:36:01.778+0000] {logging_mixin.py:190} INFO - [2025-02-22T20:36:01.778+0000] {dag.py:3239} INFO - Sync 2 DAGs
[2025-02-22T20:36:01.786+0000] {logging_mixin.py:190} INFO - [2025-02-22T20:36:01.786+0000] {dag.py:4180} INFO - Setting next_dagrun for example_subdag_operator.section-1 to None, run_after=None
[2025-02-22T20:36:01.787+0000] {logging_mixin.py:190} INFO - [2025-02-22T20:36:01.787+0000] {dag.py:4180} INFO - Setting next_dagrun for example_subdag_operator.section-2 to None, run_after=None
[2025-02-22T20:36:01.801+0000] {processor.py:208} INFO - Processing /home/airflow/.local/lib/python3.12/site-packages/airflow/example_dags/example_subdag_operator.py took 0.126 seconds
[2025-02-22T20:36:32.018+0000] {processor.py:186} INFO - Started process (PID=446) to work on /home/airflow/.local/lib/python3.12/site-packages/airflow/example_dags/example_subdag_operator.py
[2025-02-22T20:36:32.020+0000] {processor.py:914} INFO - Processing file /home/airflow/.local/lib/python3.12/site-packages/airflow/example_dags/example_subdag_operator.py for tasks to queue
[2025-02-22T20:36:32.022+0000] {logging_mixin.py:190} INFO - [2025-02-22T20:36:32.022+0000] {dagbag.py:588} INFO - Filling up the DagBag from /home/airflow/.local/lib/python3.12/site-packages/airflow/example_dags/example_subdag_operator.py
[2025-02-22T20:36:32.052+0000] {processor.py:925} INFO - DAG(s) 'example_subdag_operator.section-1', 'example_subdag_operator.section-2', 'example_subdag_operator' retrieved from /home/airflow/.local/lib/python3.12/site-packages/airflow/example_dags/example_subdag_operator.py
[2025-02-22T20:36:32.070+0000] {logging_mixin.py:190} INFO - [2025-02-22T20:36:32.069+0000] {dag.py:3239} INFO - Sync 3 DAGs
[2025-02-22T20:36:32.096+0000] {logging_mixin.py:190} INFO - [2025-02-22T20:36:32.096+0000] {dag.py:4180} INFO - Setting next_dagrun for example_subdag_operator to 2022-01-01 00:00:00+00:00, run_after=2022-01-01 00:00:00+00:00
[2025-02-22T20:36:32.100+0000] {logging_mixin.py:190} INFO - [2025-02-22T20:36:32.100+0000] {dag.py:4180} INFO - Setting next_dagrun for example_subdag_operator.section-1 to None, run_after=None
[2025-02-22T20:36:32.103+0000] {logging_mixin.py:190} INFO - [2025-02-22T20:36:32.102+0000] {dag.py:4180} INFO - Setting next_dagrun for example_subdag_operator.section-2 to None, run_after=None
[2025-02-22T20:36:32.111+0000] {logging_mixin.py:190} INFO - [2025-02-22T20:36:32.111+0000] {dag.py:3239} INFO - Sync 2 DAGs
[2025-02-22T20:36:32.119+0000] {logging_mixin.py:190} INFO - [2025-02-22T20:36:32.119+0000] {dag.py:4180} INFO - Setting next_dagrun for example_subdag_operator.section-1 to None, run_after=None
[2025-02-22T20:36:32.120+0000] {logging_mixin.py:190} INFO - [2025-02-22T20:36:32.119+0000] {dag.py:4180} INFO - Setting next_dagrun for example_subdag_operator.section-2 to None, run_after=None
[2025-02-22T20:36:32.133+0000] {processor.py:208} INFO - Processing /home/airflow/.local/lib/python3.12/site-packages/airflow/example_dags/example_subdag_operator.py took 0.121 seconds
[2025-02-22T20:37:02.870+0000] {processor.py:186} INFO - Started process (PID=509) to work on /home/airflow/.local/lib/python3.12/site-packages/airflow/example_dags/example_subdag_operator.py
[2025-02-22T20:37:02.871+0000] {processor.py:914} INFO - Processing file /home/airflow/.local/lib/python3.12/site-packages/airflow/example_dags/example_subdag_operator.py for tasks to queue
[2025-02-22T20:37:02.874+0000] {logging_mixin.py:190} INFO - [2025-02-22T20:37:02.874+0000] {dagbag.py:588} INFO - Filling up the DagBag from /home/airflow/.local/lib/python3.12/site-packages/airflow/example_dags/example_subdag_operator.py
[2025-02-22T20:37:02.908+0000] {processor.py:925} INFO - DAG(s) 'example_subdag_operator.section-1', 'example_subdag_operator.section-2', 'example_subdag_operator' retrieved from /home/airflow/.local/lib/python3.12/site-packages/airflow/example_dags/example_subdag_operator.py
[2025-02-22T20:37:02.931+0000] {logging_mixin.py:190} INFO - [2025-02-22T20:37:02.930+0000] {dag.py:3239} INFO - Sync 3 DAGs
[2025-02-22T20:37:02.961+0000] {logging_mixin.py:190} INFO - [2025-02-22T20:37:02.961+0000] {dag.py:4180} INFO - Setting next_dagrun for example_subdag_operator to 2022-01-01 00:00:00+00:00, run_after=2022-01-01 00:00:00+00:00
[2025-02-22T20:37:02.966+0000] {logging_mixin.py:190} INFO - [2025-02-22T20:37:02.966+0000] {dag.py:4180} INFO - Setting next_dagrun for example_subdag_operator.section-1 to None, run_after=None
[2025-02-22T20:37:02.968+0000] {logging_mixin.py:190} INFO - [2025-02-22T20:37:02.968+0000] {dag.py:4180} INFO - Setting next_dagrun for example_subdag_operator.section-2 to None, run_after=None
[2025-02-22T20:37:02.979+0000] {logging_mixin.py:190} INFO - [2025-02-22T20:37:02.978+0000] {dag.py:3239} INFO - Sync 2 DAGs
[2025-02-22T20:37:02.988+0000] {logging_mixin.py:190} INFO - [2025-02-22T20:37:02.988+0000] {dag.py:4180} INFO - Setting next_dagrun for example_subdag_operator.section-1 to None, run_after=None
[2025-02-22T20:37:02.989+0000] {logging_mixin.py:190} INFO - [2025-02-22T20:37:02.989+0000] {dag.py:4180} INFO - Setting next_dagrun for example_subdag_operator.section-2 to None, run_after=None
[2025-02-22T20:37:03.002+0000] {processor.py:208} INFO - Processing /home/airflow/.local/lib/python3.12/site-packages/airflow/example_dags/example_subdag_operator.py took 0.141 seconds
[2025-02-22T20:37:33.127+0000] {processor.py:186} INFO - Started process (PID=572) to work on /home/airflow/.local/lib/python3.12/site-packages/airflow/example_dags/example_subdag_operator.py
[2025-02-22T20:37:33.128+0000] {processor.py:914} INFO - Processing file /home/airflow/.local/lib/python3.12/site-packages/airflow/example_dags/example_subdag_operator.py for tasks to queue
[2025-02-22T20:37:33.131+0000] {logging_mixin.py:190} INFO - [2025-02-22T20:37:33.131+0000] {dagbag.py:588} INFO - Filling up the DagBag from /home/airflow/.local/lib/python3.12/site-packages/airflow/example_dags/example_subdag_operator.py
[2025-02-22T20:37:33.162+0000] {processor.py:925} INFO - DAG(s) 'example_subdag_operator.section-1', 'example_subdag_operator.section-2', 'example_subdag_operator' retrieved from /home/airflow/.local/lib/python3.12/site-packages/airflow/example_dags/example_subdag_operator.py
[2025-02-22T20:37:33.185+0000] {logging_mixin.py:190} INFO - [2025-02-22T20:37:33.184+0000] {dag.py:3239} INFO - Sync 3 DAGs
[2025-02-22T20:37:33.218+0000] {logging_mixin.py:190} INFO - [2025-02-22T20:37:33.218+0000] {dag.py:4180} INFO - Setting next_dagrun for example_subdag_operator to 2022-01-01 00:00:00+00:00, run_after=2022-01-01 00:00:00+00:00
[2025-02-22T20:37:33.225+0000] {logging_mixin.py:190} INFO - [2025-02-22T20:37:33.224+0000] {dag.py:4180} INFO - Setting next_dagrun for example_subdag_operator.section-1 to None, run_after=None
[2025-02-22T20:37:33.228+0000] {logging_mixin.py:190} INFO - [2025-02-22T20:37:33.227+0000] {dag.py:4180} INFO - Setting next_dagrun for example_subdag_operator.section-2 to None, run_after=None
[2025-02-22T20:37:33.240+0000] {logging_mixin.py:190} INFO - [2025-02-22T20:37:33.240+0000] {dag.py:3239} INFO - Sync 2 DAGs
[2025-02-22T20:37:33.251+0000] {logging_mixin.py:190} INFO - [2025-02-22T20:37:33.251+0000] {dag.py:4180} INFO - Setting next_dagrun for example_subdag_operator.section-1 to None, run_after=None
[2025-02-22T20:37:33.252+0000] {logging_mixin.py:190} INFO - [2025-02-22T20:37:33.252+0000] {dag.py:4180} INFO - Setting next_dagrun for example_subdag_operator.section-2 to None, run_after=None
[2025-02-22T20:37:33.271+0000] {processor.py:208} INFO - Processing /home/airflow/.local/lib/python3.12/site-packages/airflow/example_dags/example_subdag_operator.py took 0.151 seconds
[2025-02-22T20:38:03.575+0000] {processor.py:186} INFO - Started process (PID=635) to work on /home/airflow/.local/lib/python3.12/site-packages/airflow/example_dags/example_subdag_operator.py
[2025-02-22T20:38:03.577+0000] {processor.py:914} INFO - Processing file /home/airflow/.local/lib/python3.12/site-packages/airflow/example_dags/example_subdag_operator.py for tasks to queue
[2025-02-22T20:38:03.581+0000] {logging_mixin.py:190} INFO - [2025-02-22T20:38:03.580+0000] {dagbag.py:588} INFO - Filling up the DagBag from /home/airflow/.local/lib/python3.12/site-packages/airflow/example_dags/example_subdag_operator.py
[2025-02-22T20:38:03.616+0000] {processor.py:925} INFO - DAG(s) 'example_subdag_operator.section-1', 'example_subdag_operator.section-2', 'example_subdag_operator' retrieved from /home/airflow/.local/lib/python3.12/site-packages/airflow/example_dags/example_subdag_operator.py
[2025-02-22T20:38:03.638+0000] {logging_mixin.py:190} INFO - [2025-02-22T20:38:03.637+0000] {dag.py:3239} INFO - Sync 3 DAGs
[2025-02-22T20:38:03.677+0000] {logging_mixin.py:190} INFO - [2025-02-22T20:38:03.676+0000] {dag.py:4180} INFO - Setting next_dagrun for example_subdag_operator to 2022-01-01 00:00:00+00:00, run_after=2022-01-01 00:00:00+00:00
[2025-02-22T20:38:03.681+0000] {logging_mixin.py:190} INFO - [2025-02-22T20:38:03.681+0000] {dag.py:4180} INFO - Setting next_dagrun for example_subdag_operator.section-1 to None, run_after=None
[2025-02-22T20:38:03.684+0000] {logging_mixin.py:190} INFO - [2025-02-22T20:38:03.683+0000] {dag.py:4180} INFO - Setting next_dagrun for example_subdag_operator.section-2 to None, run_after=None
[2025-02-22T20:38:03.697+0000] {logging_mixin.py:190} INFO - [2025-02-22T20:38:03.696+0000] {dag.py:3239} INFO - Sync 2 DAGs
[2025-02-22T20:38:03.704+0000] {logging_mixin.py:190} INFO - [2025-02-22T20:38:03.704+0000] {dag.py:4180} INFO - Setting next_dagrun for example_subdag_operator.section-1 to None, run_after=None
[2025-02-22T20:38:03.705+0000] {logging_mixin.py:190} INFO - [2025-02-22T20:38:03.705+0000] {dag.py:4180} INFO - Setting next_dagrun for example_subdag_operator.section-2 to None, run_after=None
[2025-02-22T20:38:03.719+0000] {processor.py:208} INFO - Processing /home/airflow/.local/lib/python3.12/site-packages/airflow/example_dags/example_subdag_operator.py took 0.151 seconds
[2025-02-22T20:38:34.490+0000] {processor.py:186} INFO - Started process (PID=698) to work on /home/airflow/.local/lib/python3.12/site-packages/airflow/example_dags/example_subdag_operator.py
[2025-02-22T20:38:34.492+0000] {processor.py:914} INFO - Processing file /home/airflow/.local/lib/python3.12/site-packages/airflow/example_dags/example_subdag_operator.py for tasks to queue
[2025-02-22T20:38:34.498+0000] {logging_mixin.py:190} INFO - [2025-02-22T20:38:34.497+0000] {dagbag.py:588} INFO - Filling up the DagBag from /home/airflow/.local/lib/python3.12/site-packages/airflow/example_dags/example_subdag_operator.py
[2025-02-22T20:38:34.560+0000] {processor.py:925} INFO - DAG(s) 'example_subdag_operator.section-1', 'example_subdag_operator.section-2', 'example_subdag_operator' retrieved from /home/airflow/.local/lib/python3.12/site-packages/airflow/example_dags/example_subdag_operator.py
[2025-02-22T20:38:34.610+0000] {logging_mixin.py:190} INFO - [2025-02-22T20:38:34.610+0000] {dag.py:3239} INFO - Sync 3 DAGs
[2025-02-22T20:38:34.672+0000] {logging_mixin.py:190} INFO - [2025-02-22T20:38:34.671+0000] {dag.py:4180} INFO - Setting next_dagrun for example_subdag_operator to 2022-01-01 00:00:00+00:00, run_after=2022-01-01 00:00:00+00:00
[2025-02-22T20:38:34.681+0000] {logging_mixin.py:190} INFO - [2025-02-22T20:38:34.681+0000] {dag.py:4180} INFO - Setting next_dagrun for example_subdag_operator.section-1 to None, run_after=None
[2025-02-22T20:38:34.688+0000] {logging_mixin.py:190} INFO - [2025-02-22T20:38:34.687+0000] {dag.py:4180} INFO - Setting next_dagrun for example_subdag_operator.section-2 to None, run_after=None
[2025-02-22T20:38:34.705+0000] {logging_mixin.py:190} INFO - [2025-02-22T20:38:34.704+0000] {dag.py:3239} INFO - Sync 2 DAGs
[2025-02-22T20:38:34.722+0000] {logging_mixin.py:190} INFO - [2025-02-22T20:38:34.721+0000] {dag.py:4180} INFO - Setting next_dagrun for example_subdag_operator.section-1 to None, run_after=None
[2025-02-22T20:38:34.723+0000] {logging_mixin.py:190} INFO - [2025-02-22T20:38:34.723+0000] {dag.py:4180} INFO - Setting next_dagrun for example_subdag_operator.section-2 to None, run_after=None
[2025-02-22T20:38:34.750+0000] {processor.py:208} INFO - Processing /home/airflow/.local/lib/python3.12/site-packages/airflow/example_dags/example_subdag_operator.py took 0.273 seconds
[2025-02-22T20:39:05.617+0000] {processor.py:186} INFO - Started process (PID=761) to work on /home/airflow/.local/lib/python3.12/site-packages/airflow/example_dags/example_subdag_operator.py
[2025-02-22T20:39:05.618+0000] {processor.py:914} INFO - Processing file /home/airflow/.local/lib/python3.12/site-packages/airflow/example_dags/example_subdag_operator.py for tasks to queue
[2025-02-22T20:39:05.622+0000] {logging_mixin.py:190} INFO - [2025-02-22T20:39:05.622+0000] {dagbag.py:588} INFO - Filling up the DagBag from /home/airflow/.local/lib/python3.12/site-packages/airflow/example_dags/example_subdag_operator.py
[2025-02-22T20:39:05.652+0000] {processor.py:925} INFO - DAG(s) 'example_subdag_operator.section-1', 'example_subdag_operator.section-2', 'example_subdag_operator' retrieved from /home/airflow/.local/lib/python3.12/site-packages/airflow/example_dags/example_subdag_operator.py
[2025-02-22T20:39:05.673+0000] {logging_mixin.py:190} INFO - [2025-02-22T20:39:05.673+0000] {dag.py:3239} INFO - Sync 3 DAGs
[2025-02-22T20:39:05.703+0000] {logging_mixin.py:190} INFO - [2025-02-22T20:39:05.703+0000] {dag.py:4180} INFO - Setting next_dagrun for example_subdag_operator to 2022-01-01 00:00:00+00:00, run_after=2022-01-01 00:00:00+00:00
[2025-02-22T20:39:05.709+0000] {logging_mixin.py:190} INFO - [2025-02-22T20:39:05.709+0000] {dag.py:4180} INFO - Setting next_dagrun for example_subdag_operator.section-1 to None, run_after=None
[2025-02-22T20:39:05.711+0000] {logging_mixin.py:190} INFO - [2025-02-22T20:39:05.711+0000] {dag.py:4180} INFO - Setting next_dagrun for example_subdag_operator.section-2 to None, run_after=None
[2025-02-22T20:39:05.721+0000] {logging_mixin.py:190} INFO - [2025-02-22T20:39:05.721+0000] {dag.py:3239} INFO - Sync 2 DAGs
[2025-02-22T20:39:05.729+0000] {logging_mixin.py:190} INFO - [2025-02-22T20:39:05.728+0000] {dag.py:4180} INFO - Setting next_dagrun for example_subdag_operator.section-1 to None, run_after=None
[2025-02-22T20:39:05.730+0000] {logging_mixin.py:190} INFO - [2025-02-22T20:39:05.729+0000] {dag.py:4180} INFO - Setting next_dagrun for example_subdag_operator.section-2 to None, run_after=None
[2025-02-22T20:39:05.744+0000] {processor.py:208} INFO - Processing /home/airflow/.local/lib/python3.12/site-packages/airflow/example_dags/example_subdag_operator.py took 0.134 seconds
[2025-02-22T20:39:36.323+0000] {processor.py:186} INFO - Started process (PID=823) to work on /home/airflow/.local/lib/python3.12/site-packages/airflow/example_dags/example_subdag_operator.py
[2025-02-22T20:39:36.325+0000] {processor.py:914} INFO - Processing file /home/airflow/.local/lib/python3.12/site-packages/airflow/example_dags/example_subdag_operator.py for tasks to queue
[2025-02-22T20:39:36.328+0000] {logging_mixin.py:190} INFO - [2025-02-22T20:39:36.327+0000] {dagbag.py:588} INFO - Filling up the DagBag from /home/airflow/.local/lib/python3.12/site-packages/airflow/example_dags/example_subdag_operator.py
[2025-02-22T20:39:36.369+0000] {processor.py:925} INFO - DAG(s) 'example_subdag_operator.section-1', 'example_subdag_operator.section-2', 'example_subdag_operator' retrieved from /home/airflow/.local/lib/python3.12/site-packages/airflow/example_dags/example_subdag_operator.py
[2025-02-22T20:39:36.391+0000] {logging_mixin.py:190} INFO - [2025-02-22T20:39:36.391+0000] {dag.py:3239} INFO - Sync 3 DAGs
[2025-02-22T20:39:36.440+0000] {logging_mixin.py:190} INFO - [2025-02-22T20:39:36.440+0000] {dag.py:4180} INFO - Setting next_dagrun for example_subdag_operator to 2022-01-01 00:00:00+00:00, run_after=2022-01-01 00:00:00+00:00
[2025-02-22T20:39:36.447+0000] {logging_mixin.py:190} INFO - [2025-02-22T20:39:36.446+0000] {dag.py:4180} INFO - Setting next_dagrun for example_subdag_operator.section-1 to None, run_after=None
[2025-02-22T20:39:36.449+0000] {logging_mixin.py:190} INFO - [2025-02-22T20:39:36.449+0000] {dag.py:4180} INFO - Setting next_dagrun for example_subdag_operator.section-2 to None, run_after=None
[2025-02-22T20:39:36.461+0000] {logging_mixin.py:190} INFO - [2025-02-22T20:39:36.461+0000] {dag.py:3239} INFO - Sync 2 DAGs
[2025-02-22T20:39:36.472+0000] {logging_mixin.py:190} INFO - [2025-02-22T20:39:36.472+0000] {dag.py:4180} INFO - Setting next_dagrun for example_subdag_operator.section-1 to None, run_after=None
[2025-02-22T20:39:36.473+0000] {logging_mixin.py:190} INFO - [2025-02-22T20:39:36.473+0000] {dag.py:4180} INFO - Setting next_dagrun for example_subdag_operator.section-2 to None, run_after=None
[2025-02-22T20:39:36.486+0000] {processor.py:208} INFO - Processing /home/airflow/.local/lib/python3.12/site-packages/airflow/example_dags/example_subdag_operator.py took 0.172 seconds
[2025-02-22T20:40:07.198+0000] {processor.py:186} INFO - Started process (PID=886) to work on /home/airflow/.local/lib/python3.12/site-packages/airflow/example_dags/example_subdag_operator.py
[2025-02-22T20:40:07.200+0000] {processor.py:914} INFO - Processing file /home/airflow/.local/lib/python3.12/site-packages/airflow/example_dags/example_subdag_operator.py for tasks to queue
[2025-02-22T20:40:07.202+0000] {logging_mixin.py:190} INFO - [2025-02-22T20:40:07.202+0000] {dagbag.py:588} INFO - Filling up the DagBag from /home/airflow/.local/lib/python3.12/site-packages/airflow/example_dags/example_subdag_operator.py
[2025-02-22T20:40:07.231+0000] {processor.py:925} INFO - DAG(s) 'example_subdag_operator.section-1', 'example_subdag_operator.section-2', 'example_subdag_operator' retrieved from /home/airflow/.local/lib/python3.12/site-packages/airflow/example_dags/example_subdag_operator.py
[2025-02-22T20:40:07.251+0000] {logging_mixin.py:190} INFO - [2025-02-22T20:40:07.251+0000] {dag.py:3239} INFO - Sync 3 DAGs
[2025-02-22T20:40:07.295+0000] {logging_mixin.py:190} INFO - [2025-02-22T20:40:07.294+0000] {dag.py:4180} INFO - Setting next_dagrun for example_subdag_operator to 2022-01-01 00:00:00+00:00, run_after=2022-01-01 00:00:00+00:00
[2025-02-22T20:40:07.301+0000] {logging_mixin.py:190} INFO - [2025-02-22T20:40:07.301+0000] {dag.py:4180} INFO - Setting next_dagrun for example_subdag_operator.section-1 to None, run_after=None
[2025-02-22T20:40:07.304+0000] {logging_mixin.py:190} INFO - [2025-02-22T20:40:07.304+0000] {dag.py:4180} INFO - Setting next_dagrun for example_subdag_operator.section-2 to None, run_after=None
[2025-02-22T20:40:07.318+0000] {logging_mixin.py:190} INFO - [2025-02-22T20:40:07.317+0000] {dag.py:3239} INFO - Sync 2 DAGs
[2025-02-22T20:40:07.329+0000] {logging_mixin.py:190} INFO - [2025-02-22T20:40:07.328+0000] {dag.py:4180} INFO - Setting next_dagrun for example_subdag_operator.section-1 to None, run_after=None
[2025-02-22T20:40:07.330+0000] {logging_mixin.py:190} INFO - [2025-02-22T20:40:07.329+0000] {dag.py:4180} INFO - Setting next_dagrun for example_subdag_operator.section-2 to None, run_after=None
[2025-02-22T20:40:07.348+0000] {processor.py:208} INFO - Processing /home/airflow/.local/lib/python3.12/site-packages/airflow/example_dags/example_subdag_operator.py took 0.157 seconds
[2025-02-22T20:40:39.080+0000] {processor.py:186} INFO - Started process (PID=950) to work on /home/airflow/.local/lib/python3.12/site-packages/airflow/example_dags/example_subdag_operator.py
[2025-02-22T20:40:39.081+0000] {processor.py:914} INFO - Processing file /home/airflow/.local/lib/python3.12/site-packages/airflow/example_dags/example_subdag_operator.py for tasks to queue
[2025-02-22T20:40:39.085+0000] {logging_mixin.py:190} INFO - [2025-02-22T20:40:39.084+0000] {dagbag.py:588} INFO - Filling up the DagBag from /home/airflow/.local/lib/python3.12/site-packages/airflow/example_dags/example_subdag_operator.py
[2025-02-22T20:40:39.120+0000] {processor.py:925} INFO - DAG(s) 'example_subdag_operator.section-1', 'example_subdag_operator.section-2', 'example_subdag_operator' retrieved from /home/airflow/.local/lib/python3.12/site-packages/airflow/example_dags/example_subdag_operator.py
[2025-02-22T20:40:39.142+0000] {logging_mixin.py:190} INFO - [2025-02-22T20:40:39.142+0000] {dag.py:3239} INFO - Sync 3 DAGs
[2025-02-22T20:40:39.174+0000] {logging_mixin.py:190} INFO - [2025-02-22T20:40:39.174+0000] {dag.py:4180} INFO - Setting next_dagrun for example_subdag_operator to 2022-01-01 00:00:00+00:00, run_after=2022-01-01 00:00:00+00:00
[2025-02-22T20:40:39.179+0000] {logging_mixin.py:190} INFO - [2025-02-22T20:40:39.179+0000] {dag.py:4180} INFO - Setting next_dagrun for example_subdag_operator.section-1 to None, run_after=None
[2025-02-22T20:40:39.182+0000] {logging_mixin.py:190} INFO - [2025-02-22T20:40:39.182+0000] {dag.py:4180} INFO - Setting next_dagrun for example_subdag_operator.section-2 to None, run_after=None
[2025-02-22T20:40:39.191+0000] {logging_mixin.py:190} INFO - [2025-02-22T20:40:39.191+0000] {dag.py:3239} INFO - Sync 2 DAGs
[2025-02-22T20:40:39.199+0000] {logging_mixin.py:190} INFO - [2025-02-22T20:40:39.199+0000] {dag.py:4180} INFO - Setting next_dagrun for example_subdag_operator.section-1 to None, run_after=None
[2025-02-22T20:40:39.200+0000] {logging_mixin.py:190} INFO - [2025-02-22T20:40:39.200+0000] {dag.py:4180} INFO - Setting next_dagrun for example_subdag_operator.section-2 to None, run_after=None
[2025-02-22T20:40:39.217+0000] {processor.py:208} INFO - Processing /home/airflow/.local/lib/python3.12/site-packages/airflow/example_dags/example_subdag_operator.py took 0.146 seconds
[2025-02-22T20:41:10.741+0000] {processor.py:186} INFO - Started process (PID=1015) to work on /home/airflow/.local/lib/python3.12/site-packages/airflow/example_dags/example_subdag_operator.py
[2025-02-22T20:41:10.742+0000] {processor.py:914} INFO - Processing file /home/airflow/.local/lib/python3.12/site-packages/airflow/example_dags/example_subdag_operator.py for tasks to queue
[2025-02-22T20:41:10.749+0000] {logging_mixin.py:190} INFO - [2025-02-22T20:41:10.748+0000] {dagbag.py:588} INFO - Filling up the DagBag from /home/airflow/.local/lib/python3.12/site-packages/airflow/example_dags/example_subdag_operator.py
[2025-02-22T20:41:10.794+0000] {processor.py:925} INFO - DAG(s) 'example_subdag_operator.section-1', 'example_subdag_operator.section-2', 'example_subdag_operator' retrieved from /home/airflow/.local/lib/python3.12/site-packages/airflow/example_dags/example_subdag_operator.py
[2025-02-22T20:41:10.823+0000] {logging_mixin.py:190} INFO - [2025-02-22T20:41:10.822+0000] {dag.py:3239} INFO - Sync 3 DAGs
[2025-02-22T20:41:10.866+0000] {logging_mixin.py:190} INFO - [2025-02-22T20:41:10.865+0000] {dag.py:4180} INFO - Setting next_dagrun for example_subdag_operator to 2022-01-01 00:00:00+00:00, run_after=2022-01-01 00:00:00+00:00
[2025-02-22T20:41:10.871+0000] {logging_mixin.py:190} INFO - [2025-02-22T20:41:10.871+0000] {dag.py:4180} INFO - Setting next_dagrun for example_subdag_operator.section-1 to None, run_after=None
[2025-02-22T20:41:10.875+0000] {logging_mixin.py:190} INFO - [2025-02-22T20:41:10.875+0000] {dag.py:4180} INFO - Setting next_dagrun for example_subdag_operator.section-2 to None, run_after=None
[2025-02-22T20:41:10.886+0000] {logging_mixin.py:190} INFO - [2025-02-22T20:41:10.885+0000] {dag.py:3239} INFO - Sync 2 DAGs
[2025-02-22T20:41:10.894+0000] {logging_mixin.py:190} INFO - [2025-02-22T20:41:10.894+0000] {dag.py:4180} INFO - Setting next_dagrun for example_subdag_operator.section-1 to None, run_after=None
[2025-02-22T20:41:10.895+0000] {logging_mixin.py:190} INFO - [2025-02-22T20:41:10.895+0000] {dag.py:4180} INFO - Setting next_dagrun for example_subdag_operator.section-2 to None, run_after=None
[2025-02-22T20:41:10.911+0000] {processor.py:208} INFO - Processing /home/airflow/.local/lib/python3.12/site-packages/airflow/example_dags/example_subdag_operator.py took 0.186 seconds
[2025-02-22T20:41:41.319+0000] {processor.py:186} INFO - Started process (PID=1077) to work on /home/airflow/.local/lib/python3.12/site-packages/airflow/example_dags/example_subdag_operator.py
[2025-02-22T20:41:41.321+0000] {processor.py:914} INFO - Processing file /home/airflow/.local/lib/python3.12/site-packages/airflow/example_dags/example_subdag_operator.py for tasks to queue
[2025-02-22T20:41:41.324+0000] {logging_mixin.py:190} INFO - [2025-02-22T20:41:41.324+0000] {dagbag.py:588} INFO - Filling up the DagBag from /home/airflow/.local/lib/python3.12/site-packages/airflow/example_dags/example_subdag_operator.py
[2025-02-22T20:41:41.366+0000] {processor.py:925} INFO - DAG(s) 'example_subdag_operator.section-1', 'example_subdag_operator.section-2', 'example_subdag_operator' retrieved from /home/airflow/.local/lib/python3.12/site-packages/airflow/example_dags/example_subdag_operator.py
[2025-02-22T20:41:41.397+0000] {logging_mixin.py:190} INFO - [2025-02-22T20:41:41.396+0000] {dag.py:3239} INFO - Sync 3 DAGs
[2025-02-22T20:41:41.436+0000] {logging_mixin.py:190} INFO - [2025-02-22T20:41:41.436+0000] {dag.py:4180} INFO - Setting next_dagrun for example_subdag_operator to 2022-01-01 00:00:00+00:00, run_after=2022-01-01 00:00:00+00:00
[2025-02-22T20:41:41.442+0000] {logging_mixin.py:190} INFO - [2025-02-22T20:41:41.441+0000] {dag.py:4180} INFO - Setting next_dagrun for example_subdag_operator.section-1 to None, run_after=None
[2025-02-22T20:41:41.446+0000] {logging_mixin.py:190} INFO - [2025-02-22T20:41:41.446+0000] {dag.py:4180} INFO - Setting next_dagrun for example_subdag_operator.section-2 to None, run_after=None
[2025-02-22T20:41:41.457+0000] {logging_mixin.py:190} INFO - [2025-02-22T20:41:41.457+0000] {dag.py:3239} INFO - Sync 2 DAGs
[2025-02-22T20:41:41.466+0000] {logging_mixin.py:190} INFO - [2025-02-22T20:41:41.466+0000] {dag.py:4180} INFO - Setting next_dagrun for example_subdag_operator.section-1 to None, run_after=None
[2025-02-22T20:41:41.467+0000] {logging_mixin.py:190} INFO - [2025-02-22T20:41:41.467+0000] {dag.py:4180} INFO - Setting next_dagrun for example_subdag_operator.section-2 to None, run_after=None
[2025-02-22T20:41:41.481+0000] {processor.py:208} INFO - Processing /home/airflow/.local/lib/python3.12/site-packages/airflow/example_dags/example_subdag_operator.py took 0.171 seconds
[2025-02-22T20:42:15.629+0000] {processor.py:186} INFO - Started process (PID=1140) to work on /home/airflow/.local/lib/python3.12/site-packages/airflow/example_dags/example_subdag_operator.py
[2025-02-22T20:42:15.631+0000] {processor.py:914} INFO - Processing file /home/airflow/.local/lib/python3.12/site-packages/airflow/example_dags/example_subdag_operator.py for tasks to queue
[2025-02-22T20:42:15.635+0000] {logging_mixin.py:190} INFO - [2025-02-22T20:42:15.635+0000] {dagbag.py:588} INFO - Filling up the DagBag from /home/airflow/.local/lib/python3.12/site-packages/airflow/example_dags/example_subdag_operator.py
[2025-02-22T20:42:15.692+0000] {processor.py:925} INFO - DAG(s) 'example_subdag_operator.section-1', 'example_subdag_operator.section-2', 'example_subdag_operator' retrieved from /home/airflow/.local/lib/python3.12/site-packages/airflow/example_dags/example_subdag_operator.py
[2025-02-22T20:42:15.742+0000] {logging_mixin.py:190} INFO - [2025-02-22T20:42:15.741+0000] {dag.py:3239} INFO - Sync 3 DAGs
[2025-02-22T20:42:15.797+0000] {logging_mixin.py:190} INFO - [2025-02-22T20:42:15.797+0000] {dag.py:4180} INFO - Setting next_dagrun for example_subdag_operator to 2022-01-01 00:00:00+00:00, run_after=2022-01-01 00:00:00+00:00
[2025-02-22T20:42:15.805+0000] {logging_mixin.py:190} INFO - [2025-02-22T20:42:15.805+0000] {dag.py:4180} INFO - Setting next_dagrun for example_subdag_operator.section-1 to None, run_after=None
[2025-02-22T20:42:15.810+0000] {logging_mixin.py:190} INFO - [2025-02-22T20:42:15.809+0000] {dag.py:4180} INFO - Setting next_dagrun for example_subdag_operator.section-2 to None, run_after=None
[2025-02-22T20:42:15.823+0000] {logging_mixin.py:190} INFO - [2025-02-22T20:42:15.823+0000] {dag.py:3239} INFO - Sync 2 DAGs
[2025-02-22T20:42:15.838+0000] {logging_mixin.py:190} INFO - [2025-02-22T20:42:15.838+0000] {dag.py:4180} INFO - Setting next_dagrun for example_subdag_operator.section-1 to None, run_after=None
[2025-02-22T20:42:15.840+0000] {logging_mixin.py:190} INFO - [2025-02-22T20:42:15.839+0000] {dag.py:4180} INFO - Setting next_dagrun for example_subdag_operator.section-2 to None, run_after=None
[2025-02-22T20:42:15.860+0000] {processor.py:208} INFO - Processing /home/airflow/.local/lib/python3.12/site-packages/airflow/example_dags/example_subdag_operator.py took 0.245 seconds
[2025-02-22T20:42:47.820+0000] {processor.py:186} INFO - Started process (PID=1206) to work on /home/airflow/.local/lib/python3.12/site-packages/airflow/example_dags/example_subdag_operator.py
[2025-02-22T20:42:47.822+0000] {processor.py:914} INFO - Processing file /home/airflow/.local/lib/python3.12/site-packages/airflow/example_dags/example_subdag_operator.py for tasks to queue
[2025-02-22T20:42:47.825+0000] {logging_mixin.py:190} INFO - [2025-02-22T20:42:47.825+0000] {dagbag.py:588} INFO - Filling up the DagBag from /home/airflow/.local/lib/python3.12/site-packages/airflow/example_dags/example_subdag_operator.py
[2025-02-22T20:42:47.869+0000] {processor.py:925} INFO - DAG(s) 'example_subdag_operator.section-1', 'example_subdag_operator.section-2', 'example_subdag_operator' retrieved from /home/airflow/.local/lib/python3.12/site-packages/airflow/example_dags/example_subdag_operator.py
[2025-02-22T20:42:47.899+0000] {logging_mixin.py:190} INFO - [2025-02-22T20:42:47.898+0000] {dag.py:3239} INFO - Sync 3 DAGs
[2025-02-22T20:42:47.944+0000] {logging_mixin.py:190} INFO - [2025-02-22T20:42:47.944+0000] {dag.py:4180} INFO - Setting next_dagrun for example_subdag_operator to 2022-01-01 00:00:00+00:00, run_after=2022-01-01 00:00:00+00:00
[2025-02-22T20:42:47.952+0000] {logging_mixin.py:190} INFO - [2025-02-22T20:42:47.952+0000] {dag.py:4180} INFO - Setting next_dagrun for example_subdag_operator.section-1 to None, run_after=None
[2025-02-22T20:42:47.955+0000] {logging_mixin.py:190} INFO - [2025-02-22T20:42:47.955+0000] {dag.py:4180} INFO - Setting next_dagrun for example_subdag_operator.section-2 to None, run_after=None
[2025-02-22T20:42:47.970+0000] {logging_mixin.py:190} INFO - [2025-02-22T20:42:47.970+0000] {dag.py:3239} INFO - Sync 2 DAGs
[2025-02-22T20:42:47.981+0000] {logging_mixin.py:190} INFO - [2025-02-22T20:42:47.981+0000] {dag.py:4180} INFO - Setting next_dagrun for example_subdag_operator.section-1 to None, run_after=None
[2025-02-22T20:42:47.983+0000] {logging_mixin.py:190} INFO - [2025-02-22T20:42:47.982+0000] {dag.py:4180} INFO - Setting next_dagrun for example_subdag_operator.section-2 to None, run_after=None
[2025-02-22T20:42:48.004+0000] {processor.py:208} INFO - Processing /home/airflow/.local/lib/python3.12/site-packages/airflow/example_dags/example_subdag_operator.py took 0.194 seconds
[2025-02-22T20:43:19.042+0000] {processor.py:186} INFO - Started process (PID=1269) to work on /home/airflow/.local/lib/python3.12/site-packages/airflow/example_dags/example_subdag_operator.py
[2025-02-22T20:43:19.044+0000] {processor.py:914} INFO - Processing file /home/airflow/.local/lib/python3.12/site-packages/airflow/example_dags/example_subdag_operator.py for tasks to queue
[2025-02-22T20:43:19.049+0000] {logging_mixin.py:190} INFO - [2025-02-22T20:43:19.048+0000] {dagbag.py:588} INFO - Filling up the DagBag from /home/airflow/.local/lib/python3.12/site-packages/airflow/example_dags/example_subdag_operator.py
[2025-02-22T20:43:19.101+0000] {processor.py:925} INFO - DAG(s) 'example_subdag_operator.section-1', 'example_subdag_operator.section-2', 'example_subdag_operator' retrieved from /home/airflow/.local/lib/python3.12/site-packages/airflow/example_dags/example_subdag_operator.py
[2025-02-22T20:43:19.126+0000] {logging_mixin.py:190} INFO - [2025-02-22T20:43:19.126+0000] {dag.py:3239} INFO - Sync 3 DAGs
[2025-02-22T20:43:19.164+0000] {logging_mixin.py:190} INFO - [2025-02-22T20:43:19.163+0000] {dag.py:4180} INFO - Setting next_dagrun for example_subdag_operator to 2022-01-01 00:00:00+00:00, run_after=2022-01-01 00:00:00+00:00
[2025-02-22T20:43:19.171+0000] {logging_mixin.py:190} INFO - [2025-02-22T20:43:19.170+0000] {dag.py:4180} INFO - Setting next_dagrun for example_subdag_operator.section-1 to None, run_after=None
[2025-02-22T20:43:19.174+0000] {logging_mixin.py:190} INFO - [2025-02-22T20:43:19.173+0000] {dag.py:4180} INFO - Setting next_dagrun for example_subdag_operator.section-2 to None, run_after=None
[2025-02-22T20:43:19.185+0000] {logging_mixin.py:190} INFO - [2025-02-22T20:43:19.185+0000] {dag.py:3239} INFO - Sync 2 DAGs
[2025-02-22T20:43:19.195+0000] {logging_mixin.py:190} INFO - [2025-02-22T20:43:19.195+0000] {dag.py:4180} INFO - Setting next_dagrun for example_subdag_operator.section-1 to None, run_after=None
[2025-02-22T20:43:19.196+0000] {logging_mixin.py:190} INFO - [2025-02-22T20:43:19.196+0000] {dag.py:4180} INFO - Setting next_dagrun for example_subdag_operator.section-2 to None, run_after=None
[2025-02-22T20:43:19.214+0000] {processor.py:208} INFO - Processing /home/airflow/.local/lib/python3.12/site-packages/airflow/example_dags/example_subdag_operator.py took 0.184 seconds
[2025-02-22T20:43:50.250+0000] {processor.py:186} INFO - Started process (PID=1332) to work on /home/airflow/.local/lib/python3.12/site-packages/airflow/example_dags/example_subdag_operator.py
[2025-02-22T20:43:50.251+0000] {processor.py:914} INFO - Processing file /home/airflow/.local/lib/python3.12/site-packages/airflow/example_dags/example_subdag_operator.py for tasks to queue
[2025-02-22T20:43:50.255+0000] {logging_mixin.py:190} INFO - [2025-02-22T20:43:50.255+0000] {dagbag.py:588} INFO - Filling up the DagBag from /home/airflow/.local/lib/python3.12/site-packages/airflow/example_dags/example_subdag_operator.py
[2025-02-22T20:43:50.288+0000] {processor.py:925} INFO - DAG(s) 'example_subdag_operator.section-1', 'example_subdag_operator.section-2', 'example_subdag_operator' retrieved from /home/airflow/.local/lib/python3.12/site-packages/airflow/example_dags/example_subdag_operator.py
[2025-02-22T20:43:50.313+0000] {logging_mixin.py:190} INFO - [2025-02-22T20:43:50.313+0000] {dag.py:3239} INFO - Sync 3 DAGs
[2025-02-22T20:43:50.351+0000] {logging_mixin.py:190} INFO - [2025-02-22T20:43:50.351+0000] {dag.py:4180} INFO - Setting next_dagrun for example_subdag_operator to 2022-01-01 00:00:00+00:00, run_after=2022-01-01 00:00:00+00:00
[2025-02-22T20:43:50.357+0000] {logging_mixin.py:190} INFO - [2025-02-22T20:43:50.356+0000] {dag.py:4180} INFO - Setting next_dagrun for example_subdag_operator.section-1 to None, run_after=None
[2025-02-22T20:43:50.359+0000] {logging_mixin.py:190} INFO - [2025-02-22T20:43:50.359+0000] {dag.py:4180} INFO - Setting next_dagrun for example_subdag_operator.section-2 to None, run_after=None
[2025-02-22T20:43:50.372+0000] {logging_mixin.py:190} INFO - [2025-02-22T20:43:50.372+0000] {dag.py:3239} INFO - Sync 2 DAGs
[2025-02-22T20:43:50.381+0000] {logging_mixin.py:190} INFO - [2025-02-22T20:43:50.381+0000] {dag.py:4180} INFO - Setting next_dagrun for example_subdag_operator.section-1 to None, run_after=None
[2025-02-22T20:43:50.382+0000] {logging_mixin.py:190} INFO - [2025-02-22T20:43:50.382+0000] {dag.py:4180} INFO - Setting next_dagrun for example_subdag_operator.section-2 to None, run_after=None
[2025-02-22T20:43:50.399+0000] {processor.py:208} INFO - Processing /home/airflow/.local/lib/python3.12/site-packages/airflow/example_dags/example_subdag_operator.py took 0.157 seconds
[2025-02-22T20:44:21.727+0000] {processor.py:186} INFO - Started process (PID=1395) to work on /home/airflow/.local/lib/python3.12/site-packages/airflow/example_dags/example_subdag_operator.py
[2025-02-22T20:44:21.728+0000] {processor.py:914} INFO - Processing file /home/airflow/.local/lib/python3.12/site-packages/airflow/example_dags/example_subdag_operator.py for tasks to queue
[2025-02-22T20:44:21.732+0000] {logging_mixin.py:190} INFO - [2025-02-22T20:44:21.731+0000] {dagbag.py:588} INFO - Filling up the DagBag from /home/airflow/.local/lib/python3.12/site-packages/airflow/example_dags/example_subdag_operator.py
[2025-02-22T20:44:21.768+0000] {processor.py:925} INFO - DAG(s) 'example_subdag_operator.section-1', 'example_subdag_operator.section-2', 'example_subdag_operator' retrieved from /home/airflow/.local/lib/python3.12/site-packages/airflow/example_dags/example_subdag_operator.py
[2025-02-22T20:44:21.792+0000] {logging_mixin.py:190} INFO - [2025-02-22T20:44:21.792+0000] {dag.py:3239} INFO - Sync 3 DAGs
[2025-02-22T20:44:21.825+0000] {logging_mixin.py:190} INFO - [2025-02-22T20:44:21.825+0000] {dag.py:4180} INFO - Setting next_dagrun for example_subdag_operator to 2022-01-01 00:00:00+00:00, run_after=2022-01-01 00:00:00+00:00
[2025-02-22T20:44:21.830+0000] {logging_mixin.py:190} INFO - [2025-02-22T20:44:21.830+0000] {dag.py:4180} INFO - Setting next_dagrun for example_subdag_operator.section-1 to None, run_after=None
[2025-02-22T20:44:21.833+0000] {logging_mixin.py:190} INFO - [2025-02-22T20:44:21.832+0000] {dag.py:4180} INFO - Setting next_dagrun for example_subdag_operator.section-2 to None, run_after=None
[2025-02-22T20:44:21.844+0000] {logging_mixin.py:190} INFO - [2025-02-22T20:44:21.843+0000] {dag.py:3239} INFO - Sync 2 DAGs
[2025-02-22T20:44:21.851+0000] {logging_mixin.py:190} INFO - [2025-02-22T20:44:21.851+0000] {dag.py:4180} INFO - Setting next_dagrun for example_subdag_operator.section-1 to None, run_after=None
[2025-02-22T20:44:21.852+0000] {logging_mixin.py:190} INFO - [2025-02-22T20:44:21.852+0000] {dag.py:4180} INFO - Setting next_dagrun for example_subdag_operator.section-2 to None, run_after=None
[2025-02-22T20:44:21.870+0000] {processor.py:208} INFO - Processing /home/airflow/.local/lib/python3.12/site-packages/airflow/example_dags/example_subdag_operator.py took 0.152 seconds
[2025-02-22T20:44:53.085+0000] {processor.py:186} INFO - Started process (PID=1458) to work on /home/airflow/.local/lib/python3.12/site-packages/airflow/example_dags/example_subdag_operator.py
[2025-02-22T20:44:53.086+0000] {processor.py:914} INFO - Processing file /home/airflow/.local/lib/python3.12/site-packages/airflow/example_dags/example_subdag_operator.py for tasks to queue
[2025-02-22T20:44:53.089+0000] {logging_mixin.py:190} INFO - [2025-02-22T20:44:53.089+0000] {dagbag.py:588} INFO - Filling up the DagBag from /home/airflow/.local/lib/python3.12/site-packages/airflow/example_dags/example_subdag_operator.py
[2025-02-22T20:44:53.127+0000] {processor.py:925} INFO - DAG(s) 'example_subdag_operator.section-1', 'example_subdag_operator.section-2', 'example_subdag_operator' retrieved from /home/airflow/.local/lib/python3.12/site-packages/airflow/example_dags/example_subdag_operator.py
[2025-02-22T20:44:53.150+0000] {logging_mixin.py:190} INFO - [2025-02-22T20:44:53.149+0000] {dag.py:3239} INFO - Sync 3 DAGs
[2025-02-22T20:44:53.184+0000] {logging_mixin.py:190} INFO - [2025-02-22T20:44:53.184+0000] {dag.py:4180} INFO - Setting next_dagrun for example_subdag_operator to 2022-01-01 00:00:00+00:00, run_after=2022-01-01 00:00:00+00:00
[2025-02-22T20:44:53.190+0000] {logging_mixin.py:190} INFO - [2025-02-22T20:44:53.190+0000] {dag.py:4180} INFO - Setting next_dagrun for example_subdag_operator.section-1 to None, run_after=None
[2025-02-22T20:44:53.192+0000] {logging_mixin.py:190} INFO - [2025-02-22T20:44:53.192+0000] {dag.py:4180} INFO - Setting next_dagrun for example_subdag_operator.section-2 to None, run_after=None
[2025-02-22T20:44:53.202+0000] {logging_mixin.py:190} INFO - [2025-02-22T20:44:53.202+0000] {dag.py:3239} INFO - Sync 2 DAGs
[2025-02-22T20:44:53.209+0000] {logging_mixin.py:190} INFO - [2025-02-22T20:44:53.209+0000] {dag.py:4180} INFO - Setting next_dagrun for example_subdag_operator.section-1 to None, run_after=None
[2025-02-22T20:44:53.210+0000] {logging_mixin.py:190} INFO - [2025-02-22T20:44:53.210+0000] {dag.py:4180} INFO - Setting next_dagrun for example_subdag_operator.section-2 to None, run_after=None
[2025-02-22T20:44:53.226+0000] {processor.py:208} INFO - Processing /home/airflow/.local/lib/python3.12/site-packages/airflow/example_dags/example_subdag_operator.py took 0.151 seconds
[2025-02-22T20:45:23.963+0000] {processor.py:186} INFO - Started process (PID=1521) to work on /home/airflow/.local/lib/python3.12/site-packages/airflow/example_dags/example_subdag_operator.py
[2025-02-22T20:45:23.965+0000] {processor.py:914} INFO - Processing file /home/airflow/.local/lib/python3.12/site-packages/airflow/example_dags/example_subdag_operator.py for tasks to queue
[2025-02-22T20:45:23.968+0000] {logging_mixin.py:190} INFO - [2025-02-22T20:45:23.967+0000] {dagbag.py:588} INFO - Filling up the DagBag from /home/airflow/.local/lib/python3.12/site-packages/airflow/example_dags/example_subdag_operator.py
[2025-02-22T20:45:24.010+0000] {processor.py:925} INFO - DAG(s) 'example_subdag_operator.section-1', 'example_subdag_operator.section-2', 'example_subdag_operator' retrieved from /home/airflow/.local/lib/python3.12/site-packages/airflow/example_dags/example_subdag_operator.py
[2025-02-22T20:45:24.044+0000] {logging_mixin.py:190} INFO - [2025-02-22T20:45:24.044+0000] {dag.py:3239} INFO - Sync 3 DAGs
[2025-02-22T20:45:24.082+0000] {logging_mixin.py:190} INFO - [2025-02-22T20:45:24.081+0000] {dag.py:4180} INFO - Setting next_dagrun for example_subdag_operator to 2022-01-01 00:00:00+00:00, run_after=2022-01-01 00:00:00+00:00
[2025-02-22T20:45:24.086+0000] {logging_mixin.py:190} INFO - [2025-02-22T20:45:24.085+0000] {dag.py:4180} INFO - Setting next_dagrun for example_subdag_operator.section-1 to None, run_after=None
[2025-02-22T20:45:24.087+0000] {logging_mixin.py:190} INFO - [2025-02-22T20:45:24.087+0000] {dag.py:4180} INFO - Setting next_dagrun for example_subdag_operator.section-2 to None, run_after=None
[2025-02-22T20:45:24.097+0000] {logging_mixin.py:190} INFO - [2025-02-22T20:45:24.097+0000] {dag.py:3239} INFO - Sync 2 DAGs
[2025-02-22T20:45:24.105+0000] {logging_mixin.py:190} INFO - [2025-02-22T20:45:24.105+0000] {dag.py:4180} INFO - Setting next_dagrun for example_subdag_operator.section-1 to None, run_after=None
[2025-02-22T20:45:24.106+0000] {logging_mixin.py:190} INFO - [2025-02-22T20:45:24.106+0000] {dag.py:4180} INFO - Setting next_dagrun for example_subdag_operator.section-2 to None, run_after=None
[2025-02-22T20:45:24.120+0000] {processor.py:208} INFO - Processing /home/airflow/.local/lib/python3.12/site-packages/airflow/example_dags/example_subdag_operator.py took 0.165 seconds
[2025-02-22T20:45:55.964+0000] {processor.py:186} INFO - Started process (PID=1584) to work on /home/airflow/.local/lib/python3.12/site-packages/airflow/example_dags/example_subdag_operator.py
[2025-02-22T20:45:55.966+0000] {processor.py:914} INFO - Processing file /home/airflow/.local/lib/python3.12/site-packages/airflow/example_dags/example_subdag_operator.py for tasks to queue
[2025-02-22T20:45:55.969+0000] {logging_mixin.py:190} INFO - [2025-02-22T20:45:55.969+0000] {dagbag.py:588} INFO - Filling up the DagBag from /home/airflow/.local/lib/python3.12/site-packages/airflow/example_dags/example_subdag_operator.py
[2025-02-22T20:45:56.031+0000] {processor.py:925} INFO - DAG(s) 'example_subdag_operator.section-1', 'example_subdag_operator.section-2', 'example_subdag_operator' retrieved from /home/airflow/.local/lib/python3.12/site-packages/airflow/example_dags/example_subdag_operator.py
[2025-02-22T20:45:56.059+0000] {logging_mixin.py:190} INFO - [2025-02-22T20:45:56.058+0000] {dag.py:3239} INFO - Sync 3 DAGs
[2025-02-22T20:45:56.126+0000] {logging_mixin.py:190} INFO - [2025-02-22T20:45:56.126+0000] {dag.py:4180} INFO - Setting next_dagrun for example_subdag_operator to 2022-01-01 00:00:00+00:00, run_after=2022-01-01 00:00:00+00:00
[2025-02-22T20:45:56.131+0000] {logging_mixin.py:190} INFO - [2025-02-22T20:45:56.131+0000] {dag.py:4180} INFO - Setting next_dagrun for example_subdag_operator.section-1 to None, run_after=None
[2025-02-22T20:45:56.133+0000] {logging_mixin.py:190} INFO - [2025-02-22T20:45:56.133+0000] {dag.py:4180} INFO - Setting next_dagrun for example_subdag_operator.section-2 to None, run_after=None
[2025-02-22T20:45:56.143+0000] {logging_mixin.py:190} INFO - [2025-02-22T20:45:56.143+0000] {dag.py:3239} INFO - Sync 2 DAGs
[2025-02-22T20:45:56.151+0000] {logging_mixin.py:190} INFO - [2025-02-22T20:45:56.150+0000] {dag.py:4180} INFO - Setting next_dagrun for example_subdag_operator.section-1 to None, run_after=None
[2025-02-22T20:45:56.151+0000] {logging_mixin.py:190} INFO - [2025-02-22T20:45:56.151+0000] {dag.py:4180} INFO - Setting next_dagrun for example_subdag_operator.section-2 to None, run_after=None
[2025-02-22T20:45:56.167+0000] {processor.py:208} INFO - Processing /home/airflow/.local/lib/python3.12/site-packages/airflow/example_dags/example_subdag_operator.py took 0.211 seconds
[2025-02-22T20:46:27.322+0000] {processor.py:186} INFO - Started process (PID=1647) to work on /home/airflow/.local/lib/python3.12/site-packages/airflow/example_dags/example_subdag_operator.py
[2025-02-22T20:46:27.324+0000] {processor.py:914} INFO - Processing file /home/airflow/.local/lib/python3.12/site-packages/airflow/example_dags/example_subdag_operator.py for tasks to queue
[2025-02-22T20:46:27.327+0000] {logging_mixin.py:190} INFO - [2025-02-22T20:46:27.327+0000] {dagbag.py:588} INFO - Filling up the DagBag from /home/airflow/.local/lib/python3.12/site-packages/airflow/example_dags/example_subdag_operator.py
[2025-02-22T20:46:27.365+0000] {processor.py:925} INFO - DAG(s) 'example_subdag_operator.section-1', 'example_subdag_operator.section-2', 'example_subdag_operator' retrieved from /home/airflow/.local/lib/python3.12/site-packages/airflow/example_dags/example_subdag_operator.py
[2025-02-22T20:46:27.403+0000] {logging_mixin.py:190} INFO - [2025-02-22T20:46:27.403+0000] {dag.py:3239} INFO - Sync 3 DAGs
[2025-02-22T20:46:27.448+0000] {logging_mixin.py:190} INFO - [2025-02-22T20:46:27.448+0000] {dag.py:4180} INFO - Setting next_dagrun for example_subdag_operator to 2022-01-01 00:00:00+00:00, run_after=2022-01-01 00:00:00+00:00
[2025-02-22T20:46:27.453+0000] {logging_mixin.py:190} INFO - [2025-02-22T20:46:27.453+0000] {dag.py:4180} INFO - Setting next_dagrun for example_subdag_operator.section-1 to None, run_after=None
[2025-02-22T20:46:27.456+0000] {logging_mixin.py:190} INFO - [2025-02-22T20:46:27.455+0000] {dag.py:4180} INFO - Setting next_dagrun for example_subdag_operator.section-2 to None, run_after=None
[2025-02-22T20:46:27.467+0000] {logging_mixin.py:190} INFO - [2025-02-22T20:46:27.466+0000] {dag.py:3239} INFO - Sync 2 DAGs
[2025-02-22T20:46:27.474+0000] {logging_mixin.py:190} INFO - [2025-02-22T20:46:27.474+0000] {dag.py:4180} INFO - Setting next_dagrun for example_subdag_operator.section-1 to None, run_after=None
[2025-02-22T20:46:27.475+0000] {logging_mixin.py:190} INFO - [2025-02-22T20:46:27.475+0000] {dag.py:4180} INFO - Setting next_dagrun for example_subdag_operator.section-2 to None, run_after=None
[2025-02-22T20:46:27.489+0000] {processor.py:208} INFO - Processing /home/airflow/.local/lib/python3.12/site-packages/airflow/example_dags/example_subdag_operator.py took 0.181 seconds
[2025-02-22T20:46:57.932+0000] {processor.py:186} INFO - Started process (PID=1716) to work on /home/airflow/.local/lib/python3.12/site-packages/airflow/example_dags/example_subdag_operator.py
[2025-02-22T20:46:57.933+0000] {processor.py:914} INFO - Processing file /home/airflow/.local/lib/python3.12/site-packages/airflow/example_dags/example_subdag_operator.py for tasks to queue
[2025-02-22T20:46:57.936+0000] {logging_mixin.py:190} INFO - [2025-02-22T20:46:57.936+0000] {dagbag.py:588} INFO - Filling up the DagBag from /home/airflow/.local/lib/python3.12/site-packages/airflow/example_dags/example_subdag_operator.py
[2025-02-22T20:46:57.965+0000] {processor.py:925} INFO - DAG(s) 'example_subdag_operator.section-1', 'example_subdag_operator.section-2', 'example_subdag_operator' retrieved from /home/airflow/.local/lib/python3.12/site-packages/airflow/example_dags/example_subdag_operator.py
[2025-02-22T20:46:57.983+0000] {logging_mixin.py:190} INFO - [2025-02-22T20:46:57.982+0000] {dag.py:3239} INFO - Sync 3 DAGs
[2025-02-22T20:46:58.009+0000] {logging_mixin.py:190} INFO - [2025-02-22T20:46:58.009+0000] {dag.py:4180} INFO - Setting next_dagrun for example_subdag_operator to 2022-01-01 00:00:00+00:00, run_after=2022-01-01 00:00:00+00:00
[2025-02-22T20:46:58.014+0000] {logging_mixin.py:190} INFO - [2025-02-22T20:46:58.013+0000] {dag.py:4180} INFO - Setting next_dagrun for example_subdag_operator.section-1 to None, run_after=None
[2025-02-22T20:46:58.015+0000] {logging_mixin.py:190} INFO - [2025-02-22T20:46:58.015+0000] {dag.py:4180} INFO - Setting next_dagrun for example_subdag_operator.section-2 to None, run_after=None
[2025-02-22T20:46:58.023+0000] {logging_mixin.py:190} INFO - [2025-02-22T20:46:58.023+0000] {dag.py:3239} INFO - Sync 2 DAGs
[2025-02-22T20:46:58.030+0000] {logging_mixin.py:190} INFO - [2025-02-22T20:46:58.030+0000] {dag.py:4180} INFO - Setting next_dagrun for example_subdag_operator.section-1 to None, run_after=None
[2025-02-22T20:46:58.031+0000] {logging_mixin.py:190} INFO - [2025-02-22T20:46:58.031+0000] {dag.py:4180} INFO - Setting next_dagrun for example_subdag_operator.section-2 to None, run_after=None
[2025-02-22T20:46:58.047+0000] {processor.py:208} INFO - Processing /home/airflow/.local/lib/python3.12/site-packages/airflow/example_dags/example_subdag_operator.py took 0.122 seconds
[2025-02-22T20:47:29.029+0000] {processor.py:186} INFO - Started process (PID=1779) to work on /home/airflow/.local/lib/python3.12/site-packages/airflow/example_dags/example_subdag_operator.py
[2025-02-22T20:47:29.030+0000] {processor.py:914} INFO - Processing file /home/airflow/.local/lib/python3.12/site-packages/airflow/example_dags/example_subdag_operator.py for tasks to queue
[2025-02-22T20:47:29.033+0000] {logging_mixin.py:190} INFO - [2025-02-22T20:47:29.033+0000] {dagbag.py:588} INFO - Filling up the DagBag from /home/airflow/.local/lib/python3.12/site-packages/airflow/example_dags/example_subdag_operator.py
[2025-02-22T20:47:29.061+0000] {processor.py:925} INFO - DAG(s) 'example_subdag_operator.section-1', 'example_subdag_operator.section-2', 'example_subdag_operator' retrieved from /home/airflow/.local/lib/python3.12/site-packages/airflow/example_dags/example_subdag_operator.py
[2025-02-22T20:47:29.080+0000] {logging_mixin.py:190} INFO - [2025-02-22T20:47:29.079+0000] {dag.py:3239} INFO - Sync 3 DAGs
[2025-02-22T20:47:29.105+0000] {logging_mixin.py:190} INFO - [2025-02-22T20:47:29.104+0000] {dag.py:4180} INFO - Setting next_dagrun for example_subdag_operator to 2022-01-01 00:00:00+00:00, run_after=2022-01-01 00:00:00+00:00
[2025-02-22T20:47:29.109+0000] {logging_mixin.py:190} INFO - [2025-02-22T20:47:29.109+0000] {dag.py:4180} INFO - Setting next_dagrun for example_subdag_operator.section-1 to None, run_after=None
[2025-02-22T20:47:29.111+0000] {logging_mixin.py:190} INFO - [2025-02-22T20:47:29.111+0000] {dag.py:4180} INFO - Setting next_dagrun for example_subdag_operator.section-2 to None, run_after=None
[2025-02-22T20:47:29.119+0000] {logging_mixin.py:190} INFO - [2025-02-22T20:47:29.119+0000] {dag.py:3239} INFO - Sync 2 DAGs
[2025-02-22T20:47:29.125+0000] {logging_mixin.py:190} INFO - [2025-02-22T20:47:29.125+0000] {dag.py:4180} INFO - Setting next_dagrun for example_subdag_operator.section-1 to None, run_after=None
[2025-02-22T20:47:29.126+0000] {logging_mixin.py:190} INFO - [2025-02-22T20:47:29.126+0000] {dag.py:4180} INFO - Setting next_dagrun for example_subdag_operator.section-2 to None, run_after=None
[2025-02-22T20:47:29.139+0000] {processor.py:208} INFO - Processing /home/airflow/.local/lib/python3.12/site-packages/airflow/example_dags/example_subdag_operator.py took 0.117 seconds
[2025-02-22T20:47:59.238+0000] {processor.py:186} INFO - Started process (PID=1841) to work on /home/airflow/.local/lib/python3.12/site-packages/airflow/example_dags/example_subdag_operator.py
[2025-02-22T20:47:59.240+0000] {processor.py:914} INFO - Processing file /home/airflow/.local/lib/python3.12/site-packages/airflow/example_dags/example_subdag_operator.py for tasks to queue
[2025-02-22T20:47:59.243+0000] {logging_mixin.py:190} INFO - [2025-02-22T20:47:59.243+0000] {dagbag.py:588} INFO - Filling up the DagBag from /home/airflow/.local/lib/python3.12/site-packages/airflow/example_dags/example_subdag_operator.py
[2025-02-22T20:47:59.273+0000] {processor.py:925} INFO - DAG(s) 'example_subdag_operator.section-1', 'example_subdag_operator.section-2', 'example_subdag_operator' retrieved from /home/airflow/.local/lib/python3.12/site-packages/airflow/example_dags/example_subdag_operator.py
[2025-02-22T20:47:59.291+0000] {logging_mixin.py:190} INFO - [2025-02-22T20:47:59.291+0000] {dag.py:3239} INFO - Sync 3 DAGs
[2025-02-22T20:47:59.319+0000] {logging_mixin.py:190} INFO - [2025-02-22T20:47:59.319+0000] {dag.py:4180} INFO - Setting next_dagrun for example_subdag_operator to 2022-01-01 00:00:00+00:00, run_after=2022-01-01 00:00:00+00:00
[2025-02-22T20:47:59.324+0000] {logging_mixin.py:190} INFO - [2025-02-22T20:47:59.323+0000] {dag.py:4180} INFO - Setting next_dagrun for example_subdag_operator.section-1 to None, run_after=None
[2025-02-22T20:47:59.325+0000] {logging_mixin.py:190} INFO - [2025-02-22T20:47:59.325+0000] {dag.py:4180} INFO - Setting next_dagrun for example_subdag_operator.section-2 to None, run_after=None
[2025-02-22T20:47:59.335+0000] {logging_mixin.py:190} INFO - [2025-02-22T20:47:59.335+0000] {dag.py:3239} INFO - Sync 2 DAGs
[2025-02-22T20:47:59.343+0000] {logging_mixin.py:190} INFO - [2025-02-22T20:47:59.342+0000] {dag.py:4180} INFO - Setting next_dagrun for example_subdag_operator.section-1 to None, run_after=None
[2025-02-22T20:47:59.343+0000] {logging_mixin.py:190} INFO - [2025-02-22T20:47:59.343+0000] {dag.py:4180} INFO - Setting next_dagrun for example_subdag_operator.section-2 to None, run_after=None
[2025-02-22T20:47:59.357+0000] {processor.py:208} INFO - Processing /home/airflow/.local/lib/python3.12/site-packages/airflow/example_dags/example_subdag_operator.py took 0.127 seconds
[2025-02-22T20:48:29.575+0000] {processor.py:186} INFO - Started process (PID=1904) to work on /home/airflow/.local/lib/python3.12/site-packages/airflow/example_dags/example_subdag_operator.py
[2025-02-22T20:48:29.577+0000] {processor.py:914} INFO - Processing file /home/airflow/.local/lib/python3.12/site-packages/airflow/example_dags/example_subdag_operator.py for tasks to queue
[2025-02-22T20:48:29.581+0000] {logging_mixin.py:190} INFO - [2025-02-22T20:48:29.580+0000] {dagbag.py:588} INFO - Filling up the DagBag from /home/airflow/.local/lib/python3.12/site-packages/airflow/example_dags/example_subdag_operator.py
[2025-02-22T20:48:29.615+0000] {processor.py:925} INFO - DAG(s) 'example_subdag_operator.section-1', 'example_subdag_operator.section-2', 'example_subdag_operator' retrieved from /home/airflow/.local/lib/python3.12/site-packages/airflow/example_dags/example_subdag_operator.py
[2025-02-22T20:48:29.634+0000] {logging_mixin.py:190} INFO - [2025-02-22T20:48:29.634+0000] {dag.py:3239} INFO - Sync 3 DAGs
[2025-02-22T20:48:29.661+0000] {logging_mixin.py:190} INFO - [2025-02-22T20:48:29.661+0000] {dag.py:4180} INFO - Setting next_dagrun for example_subdag_operator to 2022-01-01 00:00:00+00:00, run_after=2022-01-01 00:00:00+00:00
[2025-02-22T20:48:29.666+0000] {logging_mixin.py:190} INFO - [2025-02-22T20:48:29.666+0000] {dag.py:4180} INFO - Setting next_dagrun for example_subdag_operator.section-1 to None, run_after=None
[2025-02-22T20:48:29.668+0000] {logging_mixin.py:190} INFO - [2025-02-22T20:48:29.668+0000] {dag.py:4180} INFO - Setting next_dagrun for example_subdag_operator.section-2 to None, run_after=None
[2025-02-22T20:48:29.677+0000] {logging_mixin.py:190} INFO - [2025-02-22T20:48:29.677+0000] {dag.py:3239} INFO - Sync 2 DAGs
[2025-02-22T20:48:29.683+0000] {logging_mixin.py:190} INFO - [2025-02-22T20:48:29.683+0000] {dag.py:4180} INFO - Setting next_dagrun for example_subdag_operator.section-1 to None, run_after=None
[2025-02-22T20:48:29.684+0000] {logging_mixin.py:190} INFO - [2025-02-22T20:48:29.684+0000] {dag.py:4180} INFO - Setting next_dagrun for example_subdag_operator.section-2 to None, run_after=None
[2025-02-22T20:48:29.699+0000] {processor.py:208} INFO - Processing /home/airflow/.local/lib/python3.12/site-packages/airflow/example_dags/example_subdag_operator.py took 0.131 seconds
[2025-02-22T20:49:00.615+0000] {processor.py:186} INFO - Started process (PID=1967) to work on /home/airflow/.local/lib/python3.12/site-packages/airflow/example_dags/example_subdag_operator.py
[2025-02-22T20:49:00.616+0000] {processor.py:914} INFO - Processing file /home/airflow/.local/lib/python3.12/site-packages/airflow/example_dags/example_subdag_operator.py for tasks to queue
[2025-02-22T20:49:00.620+0000] {logging_mixin.py:190} INFO - [2025-02-22T20:49:00.619+0000] {dagbag.py:588} INFO - Filling up the DagBag from /home/airflow/.local/lib/python3.12/site-packages/airflow/example_dags/example_subdag_operator.py
[2025-02-22T20:49:00.654+0000] {processor.py:925} INFO - DAG(s) 'example_subdag_operator.section-1', 'example_subdag_operator.section-2', 'example_subdag_operator' retrieved from /home/airflow/.local/lib/python3.12/site-packages/airflow/example_dags/example_subdag_operator.py
[2025-02-22T20:49:00.673+0000] {logging_mixin.py:190} INFO - [2025-02-22T20:49:00.673+0000] {dag.py:3239} INFO - Sync 3 DAGs
[2025-02-22T20:49:00.702+0000] {logging_mixin.py:190} INFO - [2025-02-22T20:49:00.702+0000] {dag.py:4180} INFO - Setting next_dagrun for example_subdag_operator to 2022-01-01 00:00:00+00:00, run_after=2022-01-01 00:00:00+00:00
[2025-02-22T20:49:00.706+0000] {logging_mixin.py:190} INFO - [2025-02-22T20:49:00.706+0000] {dag.py:4180} INFO - Setting next_dagrun for example_subdag_operator.section-1 to None, run_after=None
[2025-02-22T20:49:00.708+0000] {logging_mixin.py:190} INFO - [2025-02-22T20:49:00.708+0000] {dag.py:4180} INFO - Setting next_dagrun for example_subdag_operator.section-2 to None, run_after=None
[2025-02-22T20:49:00.716+0000] {logging_mixin.py:190} INFO - [2025-02-22T20:49:00.715+0000] {dag.py:3239} INFO - Sync 2 DAGs
[2025-02-22T20:49:00.722+0000] {logging_mixin.py:190} INFO - [2025-02-22T20:49:00.722+0000] {dag.py:4180} INFO - Setting next_dagrun for example_subdag_operator.section-1 to None, run_after=None
[2025-02-22T20:49:00.723+0000] {logging_mixin.py:190} INFO - [2025-02-22T20:49:00.723+0000] {dag.py:4180} INFO - Setting next_dagrun for example_subdag_operator.section-2 to None, run_after=None
[2025-02-22T20:49:00.736+0000] {processor.py:208} INFO - Processing /home/airflow/.local/lib/python3.12/site-packages/airflow/example_dags/example_subdag_operator.py took 0.131 seconds
