[2025-02-22T20:33:50.281+0000] {processor.py:186} INFO - Started process (PID=96) to work on /home/airflow/.local/lib/python3.12/site-packages/airflow/example_dags/example_dataset_alias.py
[2025-02-22T20:33:50.283+0000] {processor.py:914} INFO - Processing file /home/airflow/.local/lib/python3.12/site-packages/airflow/example_dags/example_dataset_alias.py for tasks to queue
[2025-02-22T20:33:50.288+0000] {logging_mixin.py:190} INFO - [2025-02-22T20:33:50.287+0000] {dagbag.py:588} INFO - Filling up the DagBag from /home/airflow/.local/lib/python3.12/site-packages/airflow/example_dags/example_dataset_alias.py
[2025-02-22T20:33:51.425+0000] {processor.py:925} INFO - DAG(s) 'dataset_s3_bucket_producer', 'dataset_alias_example_alias_producer', 'dataset_s3_bucket_consumer', 'dataset_alias_example_alias_consumer' retrieved from /home/airflow/.local/lib/python3.12/site-packages/airflow/example_dags/example_dataset_alias.py
[2025-02-22T20:33:51.642+0000] {logging_mixin.py:190} INFO - [2025-02-22T20:33:51.641+0000] {override.py:1912} INFO - Created Permission View: can edit on DAG:dataset_s3_bucket_producer
[2025-02-22T20:33:51.664+0000] {logging_mixin.py:190} INFO - [2025-02-22T20:33:51.663+0000] {override.py:1912} INFO - Created Permission View: can read on DAG:dataset_s3_bucket_producer
[2025-02-22T20:33:51.682+0000] {logging_mixin.py:190} INFO - [2025-02-22T20:33:51.681+0000] {override.py:1912} INFO - Created Permission View: can delete on DAG:dataset_s3_bucket_producer
[2025-02-22T20:33:51.693+0000] {logging_mixin.py:190} INFO - [2025-02-22T20:33:51.693+0000] {override.py:1912} INFO - Created Permission View: can read on DAG Run:dataset_s3_bucket_producer
[2025-02-22T20:33:51.705+0000] {logging_mixin.py:190} INFO - [2025-02-22T20:33:51.705+0000] {override.py:1912} INFO - Created Permission View: menu access on DAG Run:dataset_s3_bucket_producer
[2025-02-22T20:33:51.718+0000] {logging_mixin.py:190} INFO - [2025-02-22T20:33:51.717+0000] {override.py:1912} INFO - Created Permission View: can create on DAG Run:dataset_s3_bucket_producer
[2025-02-22T20:33:51.731+0000] {logging_mixin.py:190} INFO - [2025-02-22T20:33:51.730+0000] {override.py:1912} INFO - Created Permission View: can delete on DAG Run:dataset_s3_bucket_producer
[2025-02-22T20:33:51.757+0000] {logging_mixin.py:190} INFO - [2025-02-22T20:33:51.757+0000] {override.py:1912} INFO - Created Permission View: can edit on DAG:dataset_alias_example_alias_producer
[2025-02-22T20:33:51.769+0000] {logging_mixin.py:190} INFO - [2025-02-22T20:33:51.769+0000] {override.py:1912} INFO - Created Permission View: can read on DAG:dataset_alias_example_alias_producer
[2025-02-22T20:33:51.784+0000] {logging_mixin.py:190} INFO - [2025-02-22T20:33:51.784+0000] {override.py:1912} INFO - Created Permission View: can delete on DAG:dataset_alias_example_alias_producer
[2025-02-22T20:33:51.799+0000] {logging_mixin.py:190} INFO - [2025-02-22T20:33:51.799+0000] {override.py:1912} INFO - Created Permission View: can read on DAG Run:dataset_alias_example_alias_producer
[2025-02-22T20:33:51.812+0000] {logging_mixin.py:190} INFO - [2025-02-22T20:33:51.812+0000] {override.py:1912} INFO - Created Permission View: menu access on DAG Run:dataset_alias_example_alias_producer
[2025-02-22T20:33:51.823+0000] {logging_mixin.py:190} INFO - [2025-02-22T20:33:51.822+0000] {override.py:1912} INFO - Created Permission View: can create on DAG Run:dataset_alias_example_alias_producer
[2025-02-22T20:33:51.833+0000] {logging_mixin.py:190} INFO - [2025-02-22T20:33:51.832+0000] {override.py:1912} INFO - Created Permission View: can delete on DAG Run:dataset_alias_example_alias_producer
[2025-02-22T20:33:51.851+0000] {logging_mixin.py:190} INFO - [2025-02-22T20:33:51.851+0000] {override.py:1912} INFO - Created Permission View: can edit on DAG:dataset_s3_bucket_consumer
[2025-02-22T20:33:51.862+0000] {logging_mixin.py:190} INFO - [2025-02-22T20:33:51.861+0000] {override.py:1912} INFO - Created Permission View: can read on DAG:dataset_s3_bucket_consumer
[2025-02-22T20:33:51.872+0000] {logging_mixin.py:190} INFO - [2025-02-22T20:33:51.872+0000] {override.py:1912} INFO - Created Permission View: can delete on DAG:dataset_s3_bucket_consumer
[2025-02-22T20:33:51.883+0000] {logging_mixin.py:190} INFO - [2025-02-22T20:33:51.883+0000] {override.py:1912} INFO - Created Permission View: can read on DAG Run:dataset_s3_bucket_consumer
[2025-02-22T20:33:51.893+0000] {logging_mixin.py:190} INFO - [2025-02-22T20:33:51.893+0000] {override.py:1912} INFO - Created Permission View: menu access on DAG Run:dataset_s3_bucket_consumer
[2025-02-22T20:33:51.903+0000] {logging_mixin.py:190} INFO - [2025-02-22T20:33:51.903+0000] {override.py:1912} INFO - Created Permission View: can create on DAG Run:dataset_s3_bucket_consumer
[2025-02-22T20:33:51.915+0000] {logging_mixin.py:190} INFO - [2025-02-22T20:33:51.915+0000] {override.py:1912} INFO - Created Permission View: can delete on DAG Run:dataset_s3_bucket_consumer
[2025-02-22T20:33:51.933+0000] {logging_mixin.py:190} INFO - [2025-02-22T20:33:51.933+0000] {override.py:1912} INFO - Created Permission View: can edit on DAG:dataset_alias_example_alias_consumer
[2025-02-22T20:33:51.943+0000] {logging_mixin.py:190} INFO - [2025-02-22T20:33:51.943+0000] {override.py:1912} INFO - Created Permission View: can read on DAG:dataset_alias_example_alias_consumer
[2025-02-22T20:33:51.953+0000] {logging_mixin.py:190} INFO - [2025-02-22T20:33:51.952+0000] {override.py:1912} INFO - Created Permission View: can delete on DAG:dataset_alias_example_alias_consumer
[2025-02-22T20:33:51.964+0000] {logging_mixin.py:190} INFO - [2025-02-22T20:33:51.964+0000] {override.py:1912} INFO - Created Permission View: can read on DAG Run:dataset_alias_example_alias_consumer
[2025-02-22T20:33:51.975+0000] {logging_mixin.py:190} INFO - [2025-02-22T20:33:51.974+0000] {override.py:1912} INFO - Created Permission View: menu access on DAG Run:dataset_alias_example_alias_consumer
[2025-02-22T20:33:51.988+0000] {logging_mixin.py:190} INFO - [2025-02-22T20:33:51.987+0000] {override.py:1912} INFO - Created Permission View: can create on DAG Run:dataset_alias_example_alias_consumer
[2025-02-22T20:33:52.001+0000] {logging_mixin.py:190} INFO - [2025-02-22T20:33:52.000+0000] {override.py:1912} INFO - Created Permission View: can delete on DAG Run:dataset_alias_example_alias_consumer
[2025-02-22T20:33:52.003+0000] {logging_mixin.py:190} INFO - [2025-02-22T20:33:52.002+0000] {dag.py:3239} INFO - Sync 4 DAGs
[2025-02-22T20:33:52.031+0000] {logging_mixin.py:190} INFO - [2025-02-22T20:33:52.030+0000] {dag.py:3262} INFO - Creating ORM DAG for dataset_s3_bucket_consumer
[2025-02-22T20:33:52.032+0000] {logging_mixin.py:190} INFO - [2025-02-22T20:33:52.032+0000] {dag.py:3262} INFO - Creating ORM DAG for dataset_alias_example_alias_producer
[2025-02-22T20:33:52.034+0000] {logging_mixin.py:190} INFO - [2025-02-22T20:33:52.034+0000] {dag.py:3262} INFO - Creating ORM DAG for dataset_s3_bucket_producer
[2025-02-22T20:33:52.035+0000] {logging_mixin.py:190} INFO - [2025-02-22T20:33:52.035+0000] {dag.py:3262} INFO - Creating ORM DAG for dataset_alias_example_alias_consumer
[2025-02-22T20:33:52.051+0000] {logging_mixin.py:190} INFO - [2025-02-22T20:33:52.051+0000] {dag.py:4180} INFO - Setting next_dagrun for dataset_alias_example_alias_consumer to None, run_after=None
[2025-02-22T20:33:52.053+0000] {logging_mixin.py:190} INFO - [2025-02-22T20:33:52.053+0000] {dag.py:4180} INFO - Setting next_dagrun for dataset_alias_example_alias_producer to None, run_after=None
[2025-02-22T20:33:52.055+0000] {logging_mixin.py:190} INFO - [2025-02-22T20:33:52.055+0000] {dag.py:4180} INFO - Setting next_dagrun for dataset_s3_bucket_consumer to None, run_after=None
[2025-02-22T20:33:52.057+0000] {logging_mixin.py:190} INFO - [2025-02-22T20:33:52.056+0000] {dag.py:4180} INFO - Setting next_dagrun for dataset_s3_bucket_producer to None, run_after=None
[2025-02-22T20:33:52.103+0000] {processor.py:208} INFO - Processing /home/airflow/.local/lib/python3.12/site-packages/airflow/example_dags/example_dataset_alias.py took 1.835 seconds
[2025-02-22T20:34:22.427+0000] {processor.py:186} INFO - Started process (PID=160) to work on /home/airflow/.local/lib/python3.12/site-packages/airflow/example_dags/example_dataset_alias.py
[2025-02-22T20:34:22.428+0000] {processor.py:914} INFO - Processing file /home/airflow/.local/lib/python3.12/site-packages/airflow/example_dags/example_dataset_alias.py for tasks to queue
[2025-02-22T20:34:22.431+0000] {logging_mixin.py:190} INFO - [2025-02-22T20:34:22.430+0000] {dagbag.py:588} INFO - Filling up the DagBag from /home/airflow/.local/lib/python3.12/site-packages/airflow/example_dags/example_dataset_alias.py
[2025-02-22T20:34:23.090+0000] {processor.py:925} INFO - DAG(s) 'dataset_s3_bucket_consumer', 'dataset_alias_example_alias_consumer', 'dataset_alias_example_alias_producer', 'dataset_s3_bucket_producer' retrieved from /home/airflow/.local/lib/python3.12/site-packages/airflow/example_dags/example_dataset_alias.py
[2025-02-22T20:34:23.125+0000] {logging_mixin.py:190} INFO - [2025-02-22T20:34:23.124+0000] {dag.py:3239} INFO - Sync 4 DAGs
[2025-02-22T20:34:23.161+0000] {logging_mixin.py:190} INFO - [2025-02-22T20:34:23.161+0000] {dag.py:4180} INFO - Setting next_dagrun for dataset_alias_example_alias_consumer to None, run_after=None
[2025-02-22T20:34:23.165+0000] {logging_mixin.py:190} INFO - [2025-02-22T20:34:23.165+0000] {dag.py:4180} INFO - Setting next_dagrun for dataset_alias_example_alias_producer to None, run_after=None
[2025-02-22T20:34:23.168+0000] {logging_mixin.py:190} INFO - [2025-02-22T20:34:23.168+0000] {dag.py:4180} INFO - Setting next_dagrun for dataset_s3_bucket_consumer to None, run_after=None
[2025-02-22T20:34:23.171+0000] {logging_mixin.py:190} INFO - [2025-02-22T20:34:23.171+0000] {dag.py:4180} INFO - Setting next_dagrun for dataset_s3_bucket_producer to None, run_after=None
[2025-02-22T20:34:23.207+0000] {processor.py:208} INFO - Processing /home/airflow/.local/lib/python3.12/site-packages/airflow/example_dags/example_dataset_alias.py took 0.787 seconds
[2025-02-22T20:34:53.543+0000] {processor.py:186} INFO - Started process (PID=228) to work on /home/airflow/.local/lib/python3.12/site-packages/airflow/example_dags/example_dataset_alias.py
[2025-02-22T20:34:53.544+0000] {processor.py:914} INFO - Processing file /home/airflow/.local/lib/python3.12/site-packages/airflow/example_dags/example_dataset_alias.py for tasks to queue
[2025-02-22T20:34:53.547+0000] {logging_mixin.py:190} INFO - [2025-02-22T20:34:53.547+0000] {dagbag.py:588} INFO - Filling up the DagBag from /home/airflow/.local/lib/python3.12/site-packages/airflow/example_dags/example_dataset_alias.py
[2025-02-22T20:34:54.420+0000] {processor.py:925} INFO - DAG(s) 'dataset_s3_bucket_producer', 'dataset_alias_example_alias_consumer', 'dataset_alias_example_alias_producer', 'dataset_s3_bucket_consumer' retrieved from /home/airflow/.local/lib/python3.12/site-packages/airflow/example_dags/example_dataset_alias.py
[2025-02-22T20:34:54.447+0000] {logging_mixin.py:190} INFO - [2025-02-22T20:34:54.446+0000] {dag.py:3239} INFO - Sync 4 DAGs
[2025-02-22T20:34:54.480+0000] {logging_mixin.py:190} INFO - [2025-02-22T20:34:54.480+0000] {dag.py:4180} INFO - Setting next_dagrun for dataset_alias_example_alias_consumer to None, run_after=None
[2025-02-22T20:34:54.486+0000] {logging_mixin.py:190} INFO - [2025-02-22T20:34:54.485+0000] {dag.py:4180} INFO - Setting next_dagrun for dataset_alias_example_alias_producer to None, run_after=None
[2025-02-22T20:34:54.490+0000] {logging_mixin.py:190} INFO - [2025-02-22T20:34:54.489+0000] {dag.py:4180} INFO - Setting next_dagrun for dataset_s3_bucket_consumer to None, run_after=None
[2025-02-22T20:34:54.493+0000] {logging_mixin.py:190} INFO - [2025-02-22T20:34:54.492+0000] {dag.py:4180} INFO - Setting next_dagrun for dataset_s3_bucket_producer to None, run_after=None
[2025-02-22T20:34:54.533+0000] {processor.py:208} INFO - Processing /home/airflow/.local/lib/python3.12/site-packages/airflow/example_dags/example_dataset_alias.py took 0.998 seconds
[2025-02-22T20:35:25.292+0000] {processor.py:186} INFO - Started process (PID=292) to work on /home/airflow/.local/lib/python3.12/site-packages/airflow/example_dags/example_dataset_alias.py
[2025-02-22T20:35:25.294+0000] {processor.py:914} INFO - Processing file /home/airflow/.local/lib/python3.12/site-packages/airflow/example_dags/example_dataset_alias.py for tasks to queue
[2025-02-22T20:35:25.297+0000] {logging_mixin.py:190} INFO - [2025-02-22T20:35:25.297+0000] {dagbag.py:588} INFO - Filling up the DagBag from /home/airflow/.local/lib/python3.12/site-packages/airflow/example_dags/example_dataset_alias.py
[2025-02-22T20:35:26.426+0000] {processor.py:925} INFO - DAG(s) 'dataset_s3_bucket_consumer', 'dataset_alias_example_alias_consumer', 'dataset_alias_example_alias_producer', 'dataset_s3_bucket_producer' retrieved from /home/airflow/.local/lib/python3.12/site-packages/airflow/example_dags/example_dataset_alias.py
[2025-02-22T20:35:26.479+0000] {logging_mixin.py:190} INFO - [2025-02-22T20:35:26.477+0000] {dag.py:3239} INFO - Sync 4 DAGs
[2025-02-22T20:35:26.535+0000] {logging_mixin.py:190} INFO - [2025-02-22T20:35:26.534+0000] {dag.py:4180} INFO - Setting next_dagrun for dataset_alias_example_alias_consumer to None, run_after=None
[2025-02-22T20:35:26.541+0000] {logging_mixin.py:190} INFO - [2025-02-22T20:35:26.541+0000] {dag.py:4180} INFO - Setting next_dagrun for dataset_alias_example_alias_producer to None, run_after=None
[2025-02-22T20:35:26.552+0000] {logging_mixin.py:190} INFO - [2025-02-22T20:35:26.551+0000] {dag.py:4180} INFO - Setting next_dagrun for dataset_s3_bucket_consumer to None, run_after=None
[2025-02-22T20:35:26.555+0000] {logging_mixin.py:190} INFO - [2025-02-22T20:35:26.555+0000] {dag.py:4180} INFO - Setting next_dagrun for dataset_s3_bucket_producer to None, run_after=None
[2025-02-22T20:35:26.612+0000] {processor.py:208} INFO - Processing /home/airflow/.local/lib/python3.12/site-packages/airflow/example_dags/example_dataset_alias.py took 1.331 seconds
[2025-02-22T20:35:56.687+0000] {processor.py:186} INFO - Started process (PID=368) to work on /home/airflow/.local/lib/python3.12/site-packages/airflow/example_dags/example_dataset_alias.py
[2025-02-22T20:35:56.689+0000] {processor.py:914} INFO - Processing file /home/airflow/.local/lib/python3.12/site-packages/airflow/example_dags/example_dataset_alias.py for tasks to queue
[2025-02-22T20:35:56.692+0000] {logging_mixin.py:190} INFO - [2025-02-22T20:35:56.692+0000] {dagbag.py:588} INFO - Filling up the DagBag from /home/airflow/.local/lib/python3.12/site-packages/airflow/example_dags/example_dataset_alias.py
[2025-02-22T20:35:57.369+0000] {processor.py:925} INFO - DAG(s) 'dataset_alias_example_alias_consumer', 'dataset_alias_example_alias_producer', 'dataset_s3_bucket_producer', 'dataset_s3_bucket_consumer' retrieved from /home/airflow/.local/lib/python3.12/site-packages/airflow/example_dags/example_dataset_alias.py
[2025-02-22T20:35:57.393+0000] {logging_mixin.py:190} INFO - [2025-02-22T20:35:57.393+0000] {dag.py:3239} INFO - Sync 4 DAGs
[2025-02-22T20:35:57.418+0000] {logging_mixin.py:190} INFO - [2025-02-22T20:35:57.418+0000] {dag.py:4180} INFO - Setting next_dagrun for dataset_alias_example_alias_consumer to None, run_after=None
[2025-02-22T20:35:57.422+0000] {logging_mixin.py:190} INFO - [2025-02-22T20:35:57.421+0000] {dag.py:4180} INFO - Setting next_dagrun for dataset_alias_example_alias_producer to None, run_after=None
[2025-02-22T20:35:57.424+0000] {logging_mixin.py:190} INFO - [2025-02-22T20:35:57.423+0000] {dag.py:4180} INFO - Setting next_dagrun for dataset_s3_bucket_consumer to None, run_after=None
[2025-02-22T20:35:57.425+0000] {logging_mixin.py:190} INFO - [2025-02-22T20:35:57.425+0000] {dag.py:4180} INFO - Setting next_dagrun for dataset_s3_bucket_producer to None, run_after=None
[2025-02-22T20:35:57.451+0000] {processor.py:208} INFO - Processing /home/airflow/.local/lib/python3.12/site-packages/airflow/example_dags/example_dataset_alias.py took 0.773 seconds
[2025-02-22T20:36:28.081+0000] {processor.py:186} INFO - Started process (PID=431) to work on /home/airflow/.local/lib/python3.12/site-packages/airflow/example_dags/example_dataset_alias.py
[2025-02-22T20:36:28.082+0000] {processor.py:914} INFO - Processing file /home/airflow/.local/lib/python3.12/site-packages/airflow/example_dags/example_dataset_alias.py for tasks to queue
[2025-02-22T20:36:28.086+0000] {logging_mixin.py:190} INFO - [2025-02-22T20:36:28.086+0000] {dagbag.py:588} INFO - Filling up the DagBag from /home/airflow/.local/lib/python3.12/site-packages/airflow/example_dags/example_dataset_alias.py
[2025-02-22T20:36:28.860+0000] {processor.py:925} INFO - DAG(s) 'dataset_alias_example_alias_consumer', 'dataset_s3_bucket_producer', 'dataset_alias_example_alias_producer', 'dataset_s3_bucket_consumer' retrieved from /home/airflow/.local/lib/python3.12/site-packages/airflow/example_dags/example_dataset_alias.py
[2025-02-22T20:36:28.887+0000] {logging_mixin.py:190} INFO - [2025-02-22T20:36:28.886+0000] {dag.py:3239} INFO - Sync 4 DAGs
[2025-02-22T20:36:28.917+0000] {logging_mixin.py:190} INFO - [2025-02-22T20:36:28.917+0000] {dag.py:4180} INFO - Setting next_dagrun for dataset_alias_example_alias_consumer to None, run_after=None
[2025-02-22T20:36:28.921+0000] {logging_mixin.py:190} INFO - [2025-02-22T20:36:28.921+0000] {dag.py:4180} INFO - Setting next_dagrun for dataset_alias_example_alias_producer to None, run_after=None
[2025-02-22T20:36:28.924+0000] {logging_mixin.py:190} INFO - [2025-02-22T20:36:28.924+0000] {dag.py:4180} INFO - Setting next_dagrun for dataset_s3_bucket_consumer to None, run_after=None
[2025-02-22T20:36:28.927+0000] {logging_mixin.py:190} INFO - [2025-02-22T20:36:28.926+0000] {dag.py:4180} INFO - Setting next_dagrun for dataset_s3_bucket_producer to None, run_after=None
[2025-02-22T20:36:28.956+0000] {processor.py:208} INFO - Processing /home/airflow/.local/lib/python3.12/site-packages/airflow/example_dags/example_dataset_alias.py took 0.883 seconds
[2025-02-22T20:36:59.488+0000] {processor.py:186} INFO - Started process (PID=495) to work on /home/airflow/.local/lib/python3.12/site-packages/airflow/example_dags/example_dataset_alias.py
[2025-02-22T20:36:59.490+0000] {processor.py:914} INFO - Processing file /home/airflow/.local/lib/python3.12/site-packages/airflow/example_dags/example_dataset_alias.py for tasks to queue
[2025-02-22T20:36:59.492+0000] {logging_mixin.py:190} INFO - [2025-02-22T20:36:59.492+0000] {dagbag.py:588} INFO - Filling up the DagBag from /home/airflow/.local/lib/python3.12/site-packages/airflow/example_dags/example_dataset_alias.py
[2025-02-22T20:37:00.279+0000] {processor.py:925} INFO - DAG(s) 'dataset_s3_bucket_consumer', 'dataset_alias_example_alias_consumer', 'dataset_alias_example_alias_producer', 'dataset_s3_bucket_producer' retrieved from /home/airflow/.local/lib/python3.12/site-packages/airflow/example_dags/example_dataset_alias.py
[2025-02-22T20:37:00.313+0000] {logging_mixin.py:190} INFO - [2025-02-22T20:37:00.312+0000] {dag.py:3239} INFO - Sync 4 DAGs
[2025-02-22T20:37:00.337+0000] {logging_mixin.py:190} INFO - [2025-02-22T20:37:00.337+0000] {dag.py:4180} INFO - Setting next_dagrun for dataset_alias_example_alias_consumer to None, run_after=None
[2025-02-22T20:37:00.341+0000] {logging_mixin.py:190} INFO - [2025-02-22T20:37:00.341+0000] {dag.py:4180} INFO - Setting next_dagrun for dataset_alias_example_alias_producer to None, run_after=None
[2025-02-22T20:37:00.344+0000] {logging_mixin.py:190} INFO - [2025-02-22T20:37:00.343+0000] {dag.py:4180} INFO - Setting next_dagrun for dataset_s3_bucket_consumer to None, run_after=None
[2025-02-22T20:37:00.346+0000] {logging_mixin.py:190} INFO - [2025-02-22T20:37:00.345+0000] {dag.py:4180} INFO - Setting next_dagrun for dataset_s3_bucket_producer to None, run_after=None
[2025-02-22T20:37:00.381+0000] {processor.py:208} INFO - Processing /home/airflow/.local/lib/python3.12/site-packages/airflow/example_dags/example_dataset_alias.py took 0.900 seconds
[2025-02-22T20:37:31.052+0000] {processor.py:186} INFO - Started process (PID=561) to work on /home/airflow/.local/lib/python3.12/site-packages/airflow/example_dags/example_dataset_alias.py
[2025-02-22T20:37:31.053+0000] {processor.py:914} INFO - Processing file /home/airflow/.local/lib/python3.12/site-packages/airflow/example_dags/example_dataset_alias.py for tasks to queue
[2025-02-22T20:37:31.056+0000] {logging_mixin.py:190} INFO - [2025-02-22T20:37:31.056+0000] {dagbag.py:588} INFO - Filling up the DagBag from /home/airflow/.local/lib/python3.12/site-packages/airflow/example_dags/example_dataset_alias.py
[2025-02-22T20:37:31.820+0000] {processor.py:925} INFO - DAG(s) 'dataset_alias_example_alias_consumer', 'dataset_s3_bucket_producer', 'dataset_s3_bucket_consumer', 'dataset_alias_example_alias_producer' retrieved from /home/airflow/.local/lib/python3.12/site-packages/airflow/example_dags/example_dataset_alias.py
[2025-02-22T20:37:31.852+0000] {logging_mixin.py:190} INFO - [2025-02-22T20:37:31.851+0000] {dag.py:3239} INFO - Sync 4 DAGs
[2025-02-22T20:37:31.881+0000] {logging_mixin.py:190} INFO - [2025-02-22T20:37:31.880+0000] {dag.py:4180} INFO - Setting next_dagrun for dataset_alias_example_alias_consumer to None, run_after=None
[2025-02-22T20:37:31.884+0000] {logging_mixin.py:190} INFO - [2025-02-22T20:37:31.884+0000] {dag.py:4180} INFO - Setting next_dagrun for dataset_alias_example_alias_producer to None, run_after=None
[2025-02-22T20:37:31.887+0000] {logging_mixin.py:190} INFO - [2025-02-22T20:37:31.886+0000] {dag.py:4180} INFO - Setting next_dagrun for dataset_s3_bucket_consumer to None, run_after=None
[2025-02-22T20:37:31.889+0000] {logging_mixin.py:190} INFO - [2025-02-22T20:37:31.888+0000] {dag.py:4180} INFO - Setting next_dagrun for dataset_s3_bucket_producer to None, run_after=None
[2025-02-22T20:37:31.916+0000] {processor.py:208} INFO - Processing /home/airflow/.local/lib/python3.12/site-packages/airflow/example_dags/example_dataset_alias.py took 0.871 seconds
[2025-02-22T20:38:02.027+0000] {processor.py:186} INFO - Started process (PID=629) to work on /home/airflow/.local/lib/python3.12/site-packages/airflow/example_dags/example_dataset_alias.py
[2025-02-22T20:38:02.029+0000] {processor.py:914} INFO - Processing file /home/airflow/.local/lib/python3.12/site-packages/airflow/example_dags/example_dataset_alias.py for tasks to queue
[2025-02-22T20:38:02.031+0000] {logging_mixin.py:190} INFO - [2025-02-22T20:38:02.031+0000] {dagbag.py:588} INFO - Filling up the DagBag from /home/airflow/.local/lib/python3.12/site-packages/airflow/example_dags/example_dataset_alias.py
[2025-02-22T20:38:02.786+0000] {processor.py:925} INFO - DAG(s) 'dataset_s3_bucket_consumer', 'dataset_alias_example_alias_consumer', 'dataset_s3_bucket_producer', 'dataset_alias_example_alias_producer' retrieved from /home/airflow/.local/lib/python3.12/site-packages/airflow/example_dags/example_dataset_alias.py
[2025-02-22T20:38:02.813+0000] {logging_mixin.py:190} INFO - [2025-02-22T20:38:02.812+0000] {dag.py:3239} INFO - Sync 4 DAGs
[2025-02-22T20:38:02.839+0000] {logging_mixin.py:190} INFO - [2025-02-22T20:38:02.839+0000] {dag.py:4180} INFO - Setting next_dagrun for dataset_alias_example_alias_consumer to None, run_after=None
[2025-02-22T20:38:02.843+0000] {logging_mixin.py:190} INFO - [2025-02-22T20:38:02.843+0000] {dag.py:4180} INFO - Setting next_dagrun for dataset_alias_example_alias_producer to None, run_after=None
[2025-02-22T20:38:02.846+0000] {logging_mixin.py:190} INFO - [2025-02-22T20:38:02.845+0000] {dag.py:4180} INFO - Setting next_dagrun for dataset_s3_bucket_consumer to None, run_after=None
[2025-02-22T20:38:02.848+0000] {logging_mixin.py:190} INFO - [2025-02-22T20:38:02.848+0000] {dag.py:4180} INFO - Setting next_dagrun for dataset_s3_bucket_producer to None, run_after=None
[2025-02-22T20:38:02.876+0000] {processor.py:208} INFO - Processing /home/airflow/.local/lib/python3.12/site-packages/airflow/example_dags/example_dataset_alias.py took 0.855 seconds
[2025-02-22T20:38:33.144+0000] {processor.py:186} INFO - Started process (PID=696) to work on /home/airflow/.local/lib/python3.12/site-packages/airflow/example_dags/example_dataset_alias.py
[2025-02-22T20:38:33.146+0000] {processor.py:914} INFO - Processing file /home/airflow/.local/lib/python3.12/site-packages/airflow/example_dags/example_dataset_alias.py for tasks to queue
[2025-02-22T20:38:33.150+0000] {logging_mixin.py:190} INFO - [2025-02-22T20:38:33.150+0000] {dagbag.py:588} INFO - Filling up the DagBag from /home/airflow/.local/lib/python3.12/site-packages/airflow/example_dags/example_dataset_alias.py
[2025-02-22T20:38:34.909+0000] {processor.py:925} INFO - DAG(s) 'dataset_alias_example_alias_consumer', 'dataset_s3_bucket_consumer', 'dataset_alias_example_alias_producer', 'dataset_s3_bucket_producer' retrieved from /home/airflow/.local/lib/python3.12/site-packages/airflow/example_dags/example_dataset_alias.py
[2025-02-22T20:38:34.991+0000] {logging_mixin.py:190} INFO - [2025-02-22T20:38:34.990+0000] {dag.py:3239} INFO - Sync 4 DAGs
[2025-02-22T20:38:35.055+0000] {logging_mixin.py:190} INFO - [2025-02-22T20:38:35.054+0000] {dag.py:4180} INFO - Setting next_dagrun for dataset_alias_example_alias_consumer to None, run_after=None
[2025-02-22T20:38:35.063+0000] {logging_mixin.py:190} INFO - [2025-02-22T20:38:35.063+0000] {dag.py:4180} INFO - Setting next_dagrun for dataset_alias_example_alias_producer to None, run_after=None
[2025-02-22T20:38:35.066+0000] {logging_mixin.py:190} INFO - [2025-02-22T20:38:35.066+0000] {dag.py:4180} INFO - Setting next_dagrun for dataset_s3_bucket_consumer to None, run_after=None
[2025-02-22T20:38:35.069+0000] {logging_mixin.py:190} INFO - [2025-02-22T20:38:35.069+0000] {dag.py:4180} INFO - Setting next_dagrun for dataset_s3_bucket_producer to None, run_after=None
[2025-02-22T20:38:35.123+0000] {processor.py:208} INFO - Processing /home/airflow/.local/lib/python3.12/site-packages/airflow/example_dags/example_dataset_alias.py took 1.989 seconds
[2025-02-22T20:39:05.617+0000] {processor.py:186} INFO - Started process (PID=760) to work on /home/airflow/.local/lib/python3.12/site-packages/airflow/example_dags/example_dataset_alias.py
[2025-02-22T20:39:05.618+0000] {processor.py:914} INFO - Processing file /home/airflow/.local/lib/python3.12/site-packages/airflow/example_dags/example_dataset_alias.py for tasks to queue
[2025-02-22T20:39:05.622+0000] {logging_mixin.py:190} INFO - [2025-02-22T20:39:05.622+0000] {dagbag.py:588} INFO - Filling up the DagBag from /home/airflow/.local/lib/python3.12/site-packages/airflow/example_dags/example_dataset_alias.py
[2025-02-22T20:39:06.488+0000] {processor.py:925} INFO - DAG(s) 'dataset_s3_bucket_consumer', 'dataset_alias_example_alias_consumer', 'dataset_s3_bucket_producer', 'dataset_alias_example_alias_producer' retrieved from /home/airflow/.local/lib/python3.12/site-packages/airflow/example_dags/example_dataset_alias.py
[2025-02-22T20:39:06.523+0000] {logging_mixin.py:190} INFO - [2025-02-22T20:39:06.522+0000] {dag.py:3239} INFO - Sync 4 DAGs
[2025-02-22T20:39:06.576+0000] {logging_mixin.py:190} INFO - [2025-02-22T20:39:06.576+0000] {dag.py:4180} INFO - Setting next_dagrun for dataset_alias_example_alias_consumer to None, run_after=None
[2025-02-22T20:39:06.581+0000] {logging_mixin.py:190} INFO - [2025-02-22T20:39:06.581+0000] {dag.py:4180} INFO - Setting next_dagrun for dataset_alias_example_alias_producer to None, run_after=None
[2025-02-22T20:39:06.584+0000] {logging_mixin.py:190} INFO - [2025-02-22T20:39:06.583+0000] {dag.py:4180} INFO - Setting next_dagrun for dataset_s3_bucket_consumer to None, run_after=None
[2025-02-22T20:39:06.586+0000] {logging_mixin.py:190} INFO - [2025-02-22T20:39:06.586+0000] {dag.py:4180} INFO - Setting next_dagrun for dataset_s3_bucket_producer to None, run_after=None
[2025-02-22T20:39:06.622+0000] {processor.py:208} INFO - Processing /home/airflow/.local/lib/python3.12/site-packages/airflow/example_dags/example_dataset_alias.py took 1.012 seconds
[2025-02-22T20:39:36.704+0000] {processor.py:186} INFO - Started process (PID=831) to work on /home/airflow/.local/lib/python3.12/site-packages/airflow/example_dags/example_dataset_alias.py
[2025-02-22T20:39:36.705+0000] {processor.py:914} INFO - Processing file /home/airflow/.local/lib/python3.12/site-packages/airflow/example_dags/example_dataset_alias.py for tasks to queue
[2025-02-22T20:39:36.709+0000] {logging_mixin.py:190} INFO - [2025-02-22T20:39:36.708+0000] {dagbag.py:588} INFO - Filling up the DagBag from /home/airflow/.local/lib/python3.12/site-packages/airflow/example_dags/example_dataset_alias.py
[2025-02-22T20:39:37.355+0000] {processor.py:925} INFO - DAG(s) 'dataset_alias_example_alias_consumer', 'dataset_s3_bucket_producer', 'dataset_s3_bucket_consumer', 'dataset_alias_example_alias_producer' retrieved from /home/airflow/.local/lib/python3.12/site-packages/airflow/example_dags/example_dataset_alias.py
[2025-02-22T20:39:37.381+0000] {logging_mixin.py:190} INFO - [2025-02-22T20:39:37.380+0000] {dag.py:3239} INFO - Sync 4 DAGs
[2025-02-22T20:39:37.407+0000] {logging_mixin.py:190} INFO - [2025-02-22T20:39:37.407+0000] {dag.py:4180} INFO - Setting next_dagrun for dataset_alias_example_alias_consumer to None, run_after=None
[2025-02-22T20:39:37.411+0000] {logging_mixin.py:190} INFO - [2025-02-22T20:39:37.411+0000] {dag.py:4180} INFO - Setting next_dagrun for dataset_alias_example_alias_producer to None, run_after=None
[2025-02-22T20:39:37.413+0000] {logging_mixin.py:190} INFO - [2025-02-22T20:39:37.413+0000] {dag.py:4180} INFO - Setting next_dagrun for dataset_s3_bucket_consumer to None, run_after=None
[2025-02-22T20:39:37.415+0000] {logging_mixin.py:190} INFO - [2025-02-22T20:39:37.415+0000] {dag.py:4180} INFO - Setting next_dagrun for dataset_s3_bucket_producer to None, run_after=None
[2025-02-22T20:39:37.443+0000] {processor.py:208} INFO - Processing /home/airflow/.local/lib/python3.12/site-packages/airflow/example_dags/example_dataset_alias.py took 0.746 seconds
[2025-02-22T20:40:07.577+0000] {processor.py:186} INFO - Started process (PID=894) to work on /home/airflow/.local/lib/python3.12/site-packages/airflow/example_dags/example_dataset_alias.py
[2025-02-22T20:40:07.578+0000] {processor.py:914} INFO - Processing file /home/airflow/.local/lib/python3.12/site-packages/airflow/example_dags/example_dataset_alias.py for tasks to queue
[2025-02-22T20:40:07.581+0000] {logging_mixin.py:190} INFO - [2025-02-22T20:40:07.580+0000] {dagbag.py:588} INFO - Filling up the DagBag from /home/airflow/.local/lib/python3.12/site-packages/airflow/example_dags/example_dataset_alias.py
[2025-02-22T20:40:08.242+0000] {processor.py:925} INFO - DAG(s) 'dataset_s3_bucket_producer', 'dataset_alias_example_alias_consumer', 'dataset_alias_example_alias_producer', 'dataset_s3_bucket_consumer' retrieved from /home/airflow/.local/lib/python3.12/site-packages/airflow/example_dags/example_dataset_alias.py
[2025-02-22T20:40:08.267+0000] {logging_mixin.py:190} INFO - [2025-02-22T20:40:08.267+0000] {dag.py:3239} INFO - Sync 4 DAGs
[2025-02-22T20:40:08.291+0000] {logging_mixin.py:190} INFO - [2025-02-22T20:40:08.291+0000] {dag.py:4180} INFO - Setting next_dagrun for dataset_alias_example_alias_consumer to None, run_after=None
[2025-02-22T20:40:08.294+0000] {logging_mixin.py:190} INFO - [2025-02-22T20:40:08.294+0000] {dag.py:4180} INFO - Setting next_dagrun for dataset_alias_example_alias_producer to None, run_after=None
[2025-02-22T20:40:08.296+0000] {logging_mixin.py:190} INFO - [2025-02-22T20:40:08.296+0000] {dag.py:4180} INFO - Setting next_dagrun for dataset_s3_bucket_consumer to None, run_after=None
[2025-02-22T20:40:08.298+0000] {logging_mixin.py:190} INFO - [2025-02-22T20:40:08.298+0000] {dag.py:4180} INFO - Setting next_dagrun for dataset_s3_bucket_producer to None, run_after=None
[2025-02-22T20:40:08.324+0000] {processor.py:208} INFO - Processing /home/airflow/.local/lib/python3.12/site-packages/airflow/example_dags/example_dataset_alias.py took 0.754 seconds
[2025-02-22T20:40:38.955+0000] {processor.py:186} INFO - Started process (PID=949) to work on /home/airflow/.local/lib/python3.12/site-packages/airflow/example_dags/example_dataset_alias.py
[2025-02-22T20:40:38.957+0000] {processor.py:914} INFO - Processing file /home/airflow/.local/lib/python3.12/site-packages/airflow/example_dags/example_dataset_alias.py for tasks to queue
[2025-02-22T20:40:38.960+0000] {logging_mixin.py:190} INFO - [2025-02-22T20:40:38.960+0000] {dagbag.py:588} INFO - Filling up the DagBag from /home/airflow/.local/lib/python3.12/site-packages/airflow/example_dags/example_dataset_alias.py
[2025-02-22T20:40:39.772+0000] {processor.py:925} INFO - DAG(s) 'dataset_s3_bucket_producer', 'dataset_alias_example_alias_producer', 'dataset_s3_bucket_consumer', 'dataset_alias_example_alias_consumer' retrieved from /home/airflow/.local/lib/python3.12/site-packages/airflow/example_dags/example_dataset_alias.py
[2025-02-22T20:40:39.808+0000] {logging_mixin.py:190} INFO - [2025-02-22T20:40:39.808+0000] {dag.py:3239} INFO - Sync 4 DAGs
[2025-02-22T20:40:39.848+0000] {logging_mixin.py:190} INFO - [2025-02-22T20:40:39.848+0000] {dag.py:4180} INFO - Setting next_dagrun for dataset_alias_example_alias_consumer to None, run_after=None
[2025-02-22T20:40:39.853+0000] {logging_mixin.py:190} INFO - [2025-02-22T20:40:39.852+0000] {dag.py:4180} INFO - Setting next_dagrun for dataset_alias_example_alias_producer to None, run_after=None
[2025-02-22T20:40:39.856+0000] {logging_mixin.py:190} INFO - [2025-02-22T20:40:39.855+0000] {dag.py:4180} INFO - Setting next_dagrun for dataset_s3_bucket_consumer to None, run_after=None
[2025-02-22T20:40:39.859+0000] {logging_mixin.py:190} INFO - [2025-02-22T20:40:39.858+0000] {dag.py:4180} INFO - Setting next_dagrun for dataset_s3_bucket_producer to None, run_after=None
[2025-02-22T20:40:39.891+0000] {processor.py:208} INFO - Processing /home/airflow/.local/lib/python3.12/site-packages/airflow/example_dags/example_dataset_alias.py took 0.944 seconds
[2025-02-22T20:41:10.525+0000] {processor.py:186} INFO - Started process (PID=1014) to work on /home/airflow/.local/lib/python3.12/site-packages/airflow/example_dags/example_dataset_alias.py
[2025-02-22T20:41:10.527+0000] {processor.py:914} INFO - Processing file /home/airflow/.local/lib/python3.12/site-packages/airflow/example_dags/example_dataset_alias.py for tasks to queue
[2025-02-22T20:41:10.531+0000] {logging_mixin.py:190} INFO - [2025-02-22T20:41:10.531+0000] {dagbag.py:588} INFO - Filling up the DagBag from /home/airflow/.local/lib/python3.12/site-packages/airflow/example_dags/example_dataset_alias.py
[2025-02-22T20:41:11.623+0000] {processor.py:925} INFO - DAG(s) 'dataset_s3_bucket_producer', 'dataset_alias_example_alias_consumer', 'dataset_s3_bucket_consumer', 'dataset_alias_example_alias_producer' retrieved from /home/airflow/.local/lib/python3.12/site-packages/airflow/example_dags/example_dataset_alias.py
[2025-02-22T20:41:11.670+0000] {logging_mixin.py:190} INFO - [2025-02-22T20:41:11.669+0000] {dag.py:3239} INFO - Sync 4 DAGs
[2025-02-22T20:41:11.711+0000] {logging_mixin.py:190} INFO - [2025-02-22T20:41:11.711+0000] {dag.py:4180} INFO - Setting next_dagrun for dataset_alias_example_alias_consumer to None, run_after=None
[2025-02-22T20:41:11.721+0000] {logging_mixin.py:190} INFO - [2025-02-22T20:41:11.721+0000] {dag.py:4180} INFO - Setting next_dagrun for dataset_alias_example_alias_producer to None, run_after=None
[2025-02-22T20:41:11.724+0000] {logging_mixin.py:190} INFO - [2025-02-22T20:41:11.724+0000] {dag.py:4180} INFO - Setting next_dagrun for dataset_s3_bucket_consumer to None, run_after=None
[2025-02-22T20:41:11.727+0000] {logging_mixin.py:190} INFO - [2025-02-22T20:41:11.726+0000] {dag.py:4180} INFO - Setting next_dagrun for dataset_s3_bucket_producer to None, run_after=None
[2025-02-22T20:41:11.761+0000] {processor.py:208} INFO - Processing /home/airflow/.local/lib/python3.12/site-packages/airflow/example_dags/example_dataset_alias.py took 1.247 seconds
[2025-02-22T20:41:41.828+0000] {processor.py:186} INFO - Started process (PID=1085) to work on /home/airflow/.local/lib/python3.12/site-packages/airflow/example_dags/example_dataset_alias.py
[2025-02-22T20:41:41.829+0000] {processor.py:914} INFO - Processing file /home/airflow/.local/lib/python3.12/site-packages/airflow/example_dags/example_dataset_alias.py for tasks to queue
[2025-02-22T20:41:41.832+0000] {logging_mixin.py:190} INFO - [2025-02-22T20:41:41.832+0000] {dagbag.py:588} INFO - Filling up the DagBag from /home/airflow/.local/lib/python3.12/site-packages/airflow/example_dags/example_dataset_alias.py
[2025-02-22T20:41:42.519+0000] {processor.py:925} INFO - DAG(s) 'dataset_s3_bucket_producer', 'dataset_alias_example_alias_consumer', 'dataset_s3_bucket_consumer', 'dataset_alias_example_alias_producer' retrieved from /home/airflow/.local/lib/python3.12/site-packages/airflow/example_dags/example_dataset_alias.py
[2025-02-22T20:41:42.544+0000] {logging_mixin.py:190} INFO - [2025-02-22T20:41:42.544+0000] {dag.py:3239} INFO - Sync 4 DAGs
[2025-02-22T20:41:42.569+0000] {logging_mixin.py:190} INFO - [2025-02-22T20:41:42.569+0000] {dag.py:4180} INFO - Setting next_dagrun for dataset_alias_example_alias_consumer to None, run_after=None
[2025-02-22T20:41:42.572+0000] {logging_mixin.py:190} INFO - [2025-02-22T20:41:42.572+0000] {dag.py:4180} INFO - Setting next_dagrun for dataset_alias_example_alias_producer to None, run_after=None
[2025-02-22T20:41:42.574+0000] {logging_mixin.py:190} INFO - [2025-02-22T20:41:42.574+0000] {dag.py:4180} INFO - Setting next_dagrun for dataset_s3_bucket_consumer to None, run_after=None
[2025-02-22T20:41:42.576+0000] {logging_mixin.py:190} INFO - [2025-02-22T20:41:42.576+0000] {dag.py:4180} INFO - Setting next_dagrun for dataset_s3_bucket_producer to None, run_after=None
[2025-02-22T20:41:42.601+0000] {processor.py:208} INFO - Processing /home/airflow/.local/lib/python3.12/site-packages/airflow/example_dags/example_dataset_alias.py took 0.781 seconds
[2025-02-22T20:42:16.421+0000] {processor.py:186} INFO - Started process (PID=1147) to work on /home/airflow/.local/lib/python3.12/site-packages/airflow/example_dags/example_dataset_alias.py
[2025-02-22T20:42:16.423+0000] {processor.py:914} INFO - Processing file /home/airflow/.local/lib/python3.12/site-packages/airflow/example_dags/example_dataset_alias.py for tasks to queue
[2025-02-22T20:42:16.427+0000] {logging_mixin.py:190} INFO - [2025-02-22T20:42:16.426+0000] {dagbag.py:588} INFO - Filling up the DagBag from /home/airflow/.local/lib/python3.12/site-packages/airflow/example_dags/example_dataset_alias.py
[2025-02-22T20:42:17.605+0000] {processor.py:925} INFO - DAG(s) 'dataset_s3_bucket_producer', 'dataset_s3_bucket_consumer', 'dataset_alias_example_alias_consumer', 'dataset_alias_example_alias_producer' retrieved from /home/airflow/.local/lib/python3.12/site-packages/airflow/example_dags/example_dataset_alias.py
[2025-02-22T20:42:17.635+0000] {logging_mixin.py:190} INFO - [2025-02-22T20:42:17.635+0000] {dag.py:3239} INFO - Sync 4 DAGs
[2025-02-22T20:42:17.665+0000] {logging_mixin.py:190} INFO - [2025-02-22T20:42:17.665+0000] {dag.py:4180} INFO - Setting next_dagrun for dataset_alias_example_alias_consumer to None, run_after=None
[2025-02-22T20:42:17.669+0000] {logging_mixin.py:190} INFO - [2025-02-22T20:42:17.669+0000] {dag.py:4180} INFO - Setting next_dagrun for dataset_alias_example_alias_producer to None, run_after=None
[2025-02-22T20:42:17.672+0000] {logging_mixin.py:190} INFO - [2025-02-22T20:42:17.672+0000] {dag.py:4180} INFO - Setting next_dagrun for dataset_s3_bucket_consumer to None, run_after=None
[2025-02-22T20:42:17.674+0000] {logging_mixin.py:190} INFO - [2025-02-22T20:42:17.674+0000] {dag.py:4180} INFO - Setting next_dagrun for dataset_s3_bucket_producer to None, run_after=None
[2025-02-22T20:42:17.708+0000] {processor.py:208} INFO - Processing /home/airflow/.local/lib/python3.12/site-packages/airflow/example_dags/example_dataset_alias.py took 1.301 seconds
[2025-02-22T20:42:48.442+0000] {processor.py:186} INFO - Started process (PID=1213) to work on /home/airflow/.local/lib/python3.12/site-packages/airflow/example_dags/example_dataset_alias.py
[2025-02-22T20:42:48.444+0000] {processor.py:914} INFO - Processing file /home/airflow/.local/lib/python3.12/site-packages/airflow/example_dags/example_dataset_alias.py for tasks to queue
[2025-02-22T20:42:48.448+0000] {logging_mixin.py:190} INFO - [2025-02-22T20:42:48.447+0000] {dagbag.py:588} INFO - Filling up the DagBag from /home/airflow/.local/lib/python3.12/site-packages/airflow/example_dags/example_dataset_alias.py
[2025-02-22T20:42:49.309+0000] {processor.py:925} INFO - DAG(s) 'dataset_s3_bucket_producer', 'dataset_alias_example_alias_producer', 'dataset_s3_bucket_consumer', 'dataset_alias_example_alias_consumer' retrieved from /home/airflow/.local/lib/python3.12/site-packages/airflow/example_dags/example_dataset_alias.py
[2025-02-22T20:42:49.343+0000] {logging_mixin.py:190} INFO - [2025-02-22T20:42:49.342+0000] {dag.py:3239} INFO - Sync 4 DAGs
[2025-02-22T20:42:49.378+0000] {logging_mixin.py:190} INFO - [2025-02-22T20:42:49.377+0000] {dag.py:4180} INFO - Setting next_dagrun for dataset_alias_example_alias_consumer to None, run_after=None
[2025-02-22T20:42:49.383+0000] {logging_mixin.py:190} INFO - [2025-02-22T20:42:49.383+0000] {dag.py:4180} INFO - Setting next_dagrun for dataset_alias_example_alias_producer to None, run_after=None
[2025-02-22T20:42:49.387+0000] {logging_mixin.py:190} INFO - [2025-02-22T20:42:49.386+0000] {dag.py:4180} INFO - Setting next_dagrun for dataset_s3_bucket_consumer to None, run_after=None
[2025-02-22T20:42:49.390+0000] {logging_mixin.py:190} INFO - [2025-02-22T20:42:49.389+0000] {dag.py:4180} INFO - Setting next_dagrun for dataset_s3_bucket_producer to None, run_after=None
[2025-02-22T20:42:49.432+0000] {processor.py:208} INFO - Processing /home/airflow/.local/lib/python3.12/site-packages/airflow/example_dags/example_dataset_alias.py took 0.999 seconds
[2025-02-22T20:43:19.511+0000] {processor.py:186} INFO - Started process (PID=1277) to work on /home/airflow/.local/lib/python3.12/site-packages/airflow/example_dags/example_dataset_alias.py
[2025-02-22T20:43:19.512+0000] {processor.py:914} INFO - Processing file /home/airflow/.local/lib/python3.12/site-packages/airflow/example_dags/example_dataset_alias.py for tasks to queue
[2025-02-22T20:43:19.516+0000] {logging_mixin.py:190} INFO - [2025-02-22T20:43:19.516+0000] {dagbag.py:588} INFO - Filling up the DagBag from /home/airflow/.local/lib/python3.12/site-packages/airflow/example_dags/example_dataset_alias.py
[2025-02-22T20:43:20.655+0000] {processor.py:925} INFO - DAG(s) 'dataset_alias_example_alias_producer', 'dataset_s3_bucket_producer', 'dataset_s3_bucket_consumer', 'dataset_alias_example_alias_consumer' retrieved from /home/airflow/.local/lib/python3.12/site-packages/airflow/example_dags/example_dataset_alias.py
[2025-02-22T20:43:20.706+0000] {logging_mixin.py:190} INFO - [2025-02-22T20:43:20.705+0000] {dag.py:3239} INFO - Sync 4 DAGs
[2025-02-22T20:43:20.753+0000] {logging_mixin.py:190} INFO - [2025-02-22T20:43:20.752+0000] {dag.py:4180} INFO - Setting next_dagrun for dataset_alias_example_alias_consumer to None, run_after=None
[2025-02-22T20:43:20.757+0000] {logging_mixin.py:190} INFO - [2025-02-22T20:43:20.757+0000] {dag.py:4180} INFO - Setting next_dagrun for dataset_alias_example_alias_producer to None, run_after=None
[2025-02-22T20:43:20.760+0000] {logging_mixin.py:190} INFO - [2025-02-22T20:43:20.760+0000] {dag.py:4180} INFO - Setting next_dagrun for dataset_s3_bucket_consumer to None, run_after=None
[2025-02-22T20:43:20.762+0000] {logging_mixin.py:190} INFO - [2025-02-22T20:43:20.762+0000] {dag.py:4180} INFO - Setting next_dagrun for dataset_s3_bucket_producer to None, run_after=None
[2025-02-22T20:43:20.798+0000] {processor.py:208} INFO - Processing /home/airflow/.local/lib/python3.12/site-packages/airflow/example_dags/example_dataset_alias.py took 1.297 seconds
[2025-02-22T20:43:51.695+0000] {processor.py:186} INFO - Started process (PID=1340) to work on /home/airflow/.local/lib/python3.12/site-packages/airflow/example_dags/example_dataset_alias.py
[2025-02-22T20:43:51.697+0000] {processor.py:914} INFO - Processing file /home/airflow/.local/lib/python3.12/site-packages/airflow/example_dags/example_dataset_alias.py for tasks to queue
[2025-02-22T20:43:51.700+0000] {logging_mixin.py:190} INFO - [2025-02-22T20:43:51.700+0000] {dagbag.py:588} INFO - Filling up the DagBag from /home/airflow/.local/lib/python3.12/site-packages/airflow/example_dags/example_dataset_alias.py
[2025-02-22T20:43:52.351+0000] {processor.py:925} INFO - DAG(s) 'dataset_s3_bucket_consumer', 'dataset_s3_bucket_producer', 'dataset_alias_example_alias_consumer', 'dataset_alias_example_alias_producer' retrieved from /home/airflow/.local/lib/python3.12/site-packages/airflow/example_dags/example_dataset_alias.py
[2025-02-22T20:43:52.380+0000] {logging_mixin.py:190} INFO - [2025-02-22T20:43:52.380+0000] {dag.py:3239} INFO - Sync 4 DAGs
[2025-02-22T20:43:52.411+0000] {logging_mixin.py:190} INFO - [2025-02-22T20:43:52.411+0000] {dag.py:4180} INFO - Setting next_dagrun for dataset_alias_example_alias_consumer to None, run_after=None
[2025-02-22T20:43:52.416+0000] {logging_mixin.py:190} INFO - [2025-02-22T20:43:52.416+0000] {dag.py:4180} INFO - Setting next_dagrun for dataset_alias_example_alias_producer to None, run_after=None
[2025-02-22T20:43:52.419+0000] {logging_mixin.py:190} INFO - [2025-02-22T20:43:52.418+0000] {dag.py:4180} INFO - Setting next_dagrun for dataset_s3_bucket_consumer to None, run_after=None
[2025-02-22T20:43:52.421+0000] {logging_mixin.py:190} INFO - [2025-02-22T20:43:52.421+0000] {dag.py:4180} INFO - Setting next_dagrun for dataset_s3_bucket_producer to None, run_after=None
[2025-02-22T20:43:52.456+0000] {processor.py:208} INFO - Processing /home/airflow/.local/lib/python3.12/site-packages/airflow/example_dags/example_dataset_alias.py took 0.770 seconds
[2025-02-22T20:44:23.261+0000] {processor.py:186} INFO - Started process (PID=1403) to work on /home/airflow/.local/lib/python3.12/site-packages/airflow/example_dags/example_dataset_alias.py
[2025-02-22T20:44:23.262+0000] {processor.py:914} INFO - Processing file /home/airflow/.local/lib/python3.12/site-packages/airflow/example_dags/example_dataset_alias.py for tasks to queue
[2025-02-22T20:44:23.265+0000] {logging_mixin.py:190} INFO - [2025-02-22T20:44:23.265+0000] {dagbag.py:588} INFO - Filling up the DagBag from /home/airflow/.local/lib/python3.12/site-packages/airflow/example_dags/example_dataset_alias.py
[2025-02-22T20:44:24.024+0000] {processor.py:925} INFO - DAG(s) 'dataset_s3_bucket_producer', 'dataset_alias_example_alias_consumer', 'dataset_s3_bucket_consumer', 'dataset_alias_example_alias_producer' retrieved from /home/airflow/.local/lib/python3.12/site-packages/airflow/example_dags/example_dataset_alias.py
[2025-02-22T20:44:24.072+0000] {logging_mixin.py:190} INFO - [2025-02-22T20:44:24.072+0000] {dag.py:3239} INFO - Sync 4 DAGs
[2025-02-22T20:44:24.134+0000] {logging_mixin.py:190} INFO - [2025-02-22T20:44:24.133+0000] {dag.py:4180} INFO - Setting next_dagrun for dataset_alias_example_alias_consumer to None, run_after=None
[2025-02-22T20:44:24.151+0000] {logging_mixin.py:190} INFO - [2025-02-22T20:44:24.150+0000] {dag.py:4180} INFO - Setting next_dagrun for dataset_alias_example_alias_producer to None, run_after=None
[2025-02-22T20:44:24.160+0000] {logging_mixin.py:190} INFO - [2025-02-22T20:44:24.159+0000] {dag.py:4180} INFO - Setting next_dagrun for dataset_s3_bucket_consumer to None, run_after=None
[2025-02-22T20:44:24.164+0000] {logging_mixin.py:190} INFO - [2025-02-22T20:44:24.163+0000] {dag.py:4180} INFO - Setting next_dagrun for dataset_s3_bucket_producer to None, run_after=None
[2025-02-22T20:44:24.224+0000] {processor.py:208} INFO - Processing /home/airflow/.local/lib/python3.12/site-packages/airflow/example_dags/example_dataset_alias.py took 0.970 seconds
[2025-02-22T20:44:54.775+0000] {processor.py:186} INFO - Started process (PID=1466) to work on /home/airflow/.local/lib/python3.12/site-packages/airflow/example_dags/example_dataset_alias.py
[2025-02-22T20:44:54.777+0000] {processor.py:914} INFO - Processing file /home/airflow/.local/lib/python3.12/site-packages/airflow/example_dags/example_dataset_alias.py for tasks to queue
[2025-02-22T20:44:54.780+0000] {logging_mixin.py:190} INFO - [2025-02-22T20:44:54.780+0000] {dagbag.py:588} INFO - Filling up the DagBag from /home/airflow/.local/lib/python3.12/site-packages/airflow/example_dags/example_dataset_alias.py
[2025-02-22T20:44:55.450+0000] {processor.py:925} INFO - DAG(s) 'dataset_alias_example_alias_consumer', 'dataset_alias_example_alias_producer', 'dataset_s3_bucket_consumer', 'dataset_s3_bucket_producer' retrieved from /home/airflow/.local/lib/python3.12/site-packages/airflow/example_dags/example_dataset_alias.py
[2025-02-22T20:44:55.483+0000] {logging_mixin.py:190} INFO - [2025-02-22T20:44:55.482+0000] {dag.py:3239} INFO - Sync 4 DAGs
[2025-02-22T20:44:55.509+0000] {logging_mixin.py:190} INFO - [2025-02-22T20:44:55.509+0000] {dag.py:4180} INFO - Setting next_dagrun for dataset_alias_example_alias_consumer to None, run_after=None
[2025-02-22T20:44:55.513+0000] {logging_mixin.py:190} INFO - [2025-02-22T20:44:55.513+0000] {dag.py:4180} INFO - Setting next_dagrun for dataset_alias_example_alias_producer to None, run_after=None
[2025-02-22T20:44:55.515+0000] {logging_mixin.py:190} INFO - [2025-02-22T20:44:55.515+0000] {dag.py:4180} INFO - Setting next_dagrun for dataset_s3_bucket_consumer to None, run_after=None
[2025-02-22T20:44:55.521+0000] {logging_mixin.py:190} INFO - [2025-02-22T20:44:55.521+0000] {dag.py:4180} INFO - Setting next_dagrun for dataset_s3_bucket_producer to None, run_after=None
[2025-02-22T20:44:55.557+0000] {processor.py:208} INFO - Processing /home/airflow/.local/lib/python3.12/site-packages/airflow/example_dags/example_dataset_alias.py took 0.789 seconds
[2025-02-22T20:45:26.562+0000] {processor.py:186} INFO - Started process (PID=1529) to work on /home/airflow/.local/lib/python3.12/site-packages/airflow/example_dags/example_dataset_alias.py
[2025-02-22T20:45:26.564+0000] {processor.py:914} INFO - Processing file /home/airflow/.local/lib/python3.12/site-packages/airflow/example_dags/example_dataset_alias.py for tasks to queue
[2025-02-22T20:45:26.566+0000] {logging_mixin.py:190} INFO - [2025-02-22T20:45:26.566+0000] {dagbag.py:588} INFO - Filling up the DagBag from /home/airflow/.local/lib/python3.12/site-packages/airflow/example_dags/example_dataset_alias.py
[2025-02-22T20:45:27.317+0000] {processor.py:925} INFO - DAG(s) 'dataset_s3_bucket_producer', 'dataset_alias_example_alias_producer', 'dataset_alias_example_alias_consumer', 'dataset_s3_bucket_consumer' retrieved from /home/airflow/.local/lib/python3.12/site-packages/airflow/example_dags/example_dataset_alias.py
[2025-02-22T20:45:27.349+0000] {logging_mixin.py:190} INFO - [2025-02-22T20:45:27.349+0000] {dag.py:3239} INFO - Sync 4 DAGs
[2025-02-22T20:45:27.374+0000] {logging_mixin.py:190} INFO - [2025-02-22T20:45:27.374+0000] {dag.py:4180} INFO - Setting next_dagrun for dataset_alias_example_alias_consumer to None, run_after=None
[2025-02-22T20:45:27.377+0000] {logging_mixin.py:190} INFO - [2025-02-22T20:45:27.377+0000] {dag.py:4180} INFO - Setting next_dagrun for dataset_alias_example_alias_producer to None, run_after=None
[2025-02-22T20:45:27.379+0000] {logging_mixin.py:190} INFO - [2025-02-22T20:45:27.379+0000] {dag.py:4180} INFO - Setting next_dagrun for dataset_s3_bucket_consumer to None, run_after=None
[2025-02-22T20:45:27.381+0000] {logging_mixin.py:190} INFO - [2025-02-22T20:45:27.381+0000] {dag.py:4180} INFO - Setting next_dagrun for dataset_s3_bucket_producer to None, run_after=None
[2025-02-22T20:45:27.404+0000] {processor.py:208} INFO - Processing /home/airflow/.local/lib/python3.12/site-packages/airflow/example_dags/example_dataset_alias.py took 0.852 seconds
[2025-02-22T20:45:57.554+0000] {processor.py:186} INFO - Started process (PID=1598) to work on /home/airflow/.local/lib/python3.12/site-packages/airflow/example_dags/example_dataset_alias.py
[2025-02-22T20:45:57.555+0000] {processor.py:914} INFO - Processing file /home/airflow/.local/lib/python3.12/site-packages/airflow/example_dags/example_dataset_alias.py for tasks to queue
[2025-02-22T20:45:57.558+0000] {logging_mixin.py:190} INFO - [2025-02-22T20:45:57.558+0000] {dagbag.py:588} INFO - Filling up the DagBag from /home/airflow/.local/lib/python3.12/site-packages/airflow/example_dags/example_dataset_alias.py
[2025-02-22T20:45:58.251+0000] {processor.py:925} INFO - DAG(s) 'dataset_s3_bucket_consumer', 'dataset_alias_example_alias_consumer', 'dataset_s3_bucket_producer', 'dataset_alias_example_alias_producer' retrieved from /home/airflow/.local/lib/python3.12/site-packages/airflow/example_dags/example_dataset_alias.py
[2025-02-22T20:45:58.278+0000] {logging_mixin.py:190} INFO - [2025-02-22T20:45:58.277+0000] {dag.py:3239} INFO - Sync 4 DAGs
[2025-02-22T20:45:58.306+0000] {logging_mixin.py:190} INFO - [2025-02-22T20:45:58.305+0000] {dag.py:4180} INFO - Setting next_dagrun for dataset_alias_example_alias_consumer to None, run_after=None
[2025-02-22T20:45:58.309+0000] {logging_mixin.py:190} INFO - [2025-02-22T20:45:58.309+0000] {dag.py:4180} INFO - Setting next_dagrun for dataset_alias_example_alias_producer to None, run_after=None
[2025-02-22T20:45:58.312+0000] {logging_mixin.py:190} INFO - [2025-02-22T20:45:58.311+0000] {dag.py:4180} INFO - Setting next_dagrun for dataset_s3_bucket_consumer to None, run_after=None
[2025-02-22T20:45:58.313+0000] {logging_mixin.py:190} INFO - [2025-02-22T20:45:58.313+0000] {dag.py:4180} INFO - Setting next_dagrun for dataset_s3_bucket_producer to None, run_after=None
[2025-02-22T20:45:58.343+0000] {processor.py:208} INFO - Processing /home/airflow/.local/lib/python3.12/site-packages/airflow/example_dags/example_dataset_alias.py took 0.798 seconds
[2025-02-22T20:46:28.791+0000] {processor.py:186} INFO - Started process (PID=1661) to work on /home/airflow/.local/lib/python3.12/site-packages/airflow/example_dags/example_dataset_alias.py
[2025-02-22T20:46:28.792+0000] {processor.py:914} INFO - Processing file /home/airflow/.local/lib/python3.12/site-packages/airflow/example_dags/example_dataset_alias.py for tasks to queue
[2025-02-22T20:46:28.795+0000] {logging_mixin.py:190} INFO - [2025-02-22T20:46:28.795+0000] {dagbag.py:588} INFO - Filling up the DagBag from /home/airflow/.local/lib/python3.12/site-packages/airflow/example_dags/example_dataset_alias.py
[2025-02-22T20:46:29.425+0000] {processor.py:925} INFO - DAG(s) 'dataset_alias_example_alias_producer', 'dataset_alias_example_alias_consumer', 'dataset_s3_bucket_consumer', 'dataset_s3_bucket_producer' retrieved from /home/airflow/.local/lib/python3.12/site-packages/airflow/example_dags/example_dataset_alias.py
[2025-02-22T20:46:29.453+0000] {logging_mixin.py:190} INFO - [2025-02-22T20:46:29.453+0000] {dag.py:3239} INFO - Sync 4 DAGs
[2025-02-22T20:46:29.479+0000] {logging_mixin.py:190} INFO - [2025-02-22T20:46:29.478+0000] {dag.py:4180} INFO - Setting next_dagrun for dataset_alias_example_alias_consumer to None, run_after=None
[2025-02-22T20:46:29.482+0000] {logging_mixin.py:190} INFO - [2025-02-22T20:46:29.482+0000] {dag.py:4180} INFO - Setting next_dagrun for dataset_alias_example_alias_producer to None, run_after=None
[2025-02-22T20:46:29.484+0000] {logging_mixin.py:190} INFO - [2025-02-22T20:46:29.484+0000] {dag.py:4180} INFO - Setting next_dagrun for dataset_s3_bucket_consumer to None, run_after=None
[2025-02-22T20:46:29.486+0000] {logging_mixin.py:190} INFO - [2025-02-22T20:46:29.486+0000] {dag.py:4180} INFO - Setting next_dagrun for dataset_s3_bucket_producer to None, run_after=None
[2025-02-22T20:46:29.513+0000] {processor.py:208} INFO - Processing /home/airflow/.local/lib/python3.12/site-packages/airflow/example_dags/example_dataset_alias.py took 0.729 seconds
[2025-02-22T20:47:00.317+0000] {processor.py:186} INFO - Started process (PID=1724) to work on /home/airflow/.local/lib/python3.12/site-packages/airflow/example_dags/example_dataset_alias.py
[2025-02-22T20:47:00.318+0000] {processor.py:914} INFO - Processing file /home/airflow/.local/lib/python3.12/site-packages/airflow/example_dags/example_dataset_alias.py for tasks to queue
[2025-02-22T20:47:00.321+0000] {logging_mixin.py:190} INFO - [2025-02-22T20:47:00.320+0000] {dagbag.py:588} INFO - Filling up the DagBag from /home/airflow/.local/lib/python3.12/site-packages/airflow/example_dags/example_dataset_alias.py
[2025-02-22T20:47:00.961+0000] {processor.py:925} INFO - DAG(s) 'dataset_alias_example_alias_producer', 'dataset_s3_bucket_consumer', 'dataset_s3_bucket_producer', 'dataset_alias_example_alias_consumer' retrieved from /home/airflow/.local/lib/python3.12/site-packages/airflow/example_dags/example_dataset_alias.py
[2025-02-22T20:47:00.985+0000] {logging_mixin.py:190} INFO - [2025-02-22T20:47:00.984+0000] {dag.py:3239} INFO - Sync 4 DAGs
[2025-02-22T20:47:01.011+0000] {logging_mixin.py:190} INFO - [2025-02-22T20:47:01.011+0000] {dag.py:4180} INFO - Setting next_dagrun for dataset_alias_example_alias_consumer to None, run_after=None
[2025-02-22T20:47:01.014+0000] {logging_mixin.py:190} INFO - [2025-02-22T20:47:01.014+0000] {dag.py:4180} INFO - Setting next_dagrun for dataset_alias_example_alias_producer to None, run_after=None
[2025-02-22T20:47:01.016+0000] {logging_mixin.py:190} INFO - [2025-02-22T20:47:01.016+0000] {dag.py:4180} INFO - Setting next_dagrun for dataset_s3_bucket_consumer to None, run_after=None
[2025-02-22T20:47:01.018+0000] {logging_mixin.py:190} INFO - [2025-02-22T20:47:01.018+0000] {dag.py:4180} INFO - Setting next_dagrun for dataset_s3_bucket_producer to None, run_after=None
[2025-02-22T20:47:01.045+0000] {processor.py:208} INFO - Processing /home/airflow/.local/lib/python3.12/site-packages/airflow/example_dags/example_dataset_alias.py took 0.735 seconds
[2025-02-22T20:47:31.797+0000] {processor.py:186} INFO - Started process (PID=1791) to work on /home/airflow/.local/lib/python3.12/site-packages/airflow/example_dags/example_dataset_alias.py
[2025-02-22T20:47:31.798+0000] {processor.py:914} INFO - Processing file /home/airflow/.local/lib/python3.12/site-packages/airflow/example_dags/example_dataset_alias.py for tasks to queue
[2025-02-22T20:47:31.801+0000] {logging_mixin.py:190} INFO - [2025-02-22T20:47:31.801+0000] {dagbag.py:588} INFO - Filling up the DagBag from /home/airflow/.local/lib/python3.12/site-packages/airflow/example_dags/example_dataset_alias.py
[2025-02-22T20:47:32.413+0000] {processor.py:925} INFO - DAG(s) 'dataset_s3_bucket_consumer', 'dataset_s3_bucket_producer', 'dataset_alias_example_alias_producer', 'dataset_alias_example_alias_consumer' retrieved from /home/airflow/.local/lib/python3.12/site-packages/airflow/example_dags/example_dataset_alias.py
[2025-02-22T20:47:32.437+0000] {logging_mixin.py:190} INFO - [2025-02-22T20:47:32.436+0000] {dag.py:3239} INFO - Sync 4 DAGs
[2025-02-22T20:47:32.462+0000] {logging_mixin.py:190} INFO - [2025-02-22T20:47:32.462+0000] {dag.py:4180} INFO - Setting next_dagrun for dataset_alias_example_alias_consumer to None, run_after=None
[2025-02-22T20:47:32.465+0000] {logging_mixin.py:190} INFO - [2025-02-22T20:47:32.465+0000] {dag.py:4180} INFO - Setting next_dagrun for dataset_alias_example_alias_producer to None, run_after=None
[2025-02-22T20:47:32.467+0000] {logging_mixin.py:190} INFO - [2025-02-22T20:47:32.467+0000] {dag.py:4180} INFO - Setting next_dagrun for dataset_s3_bucket_consumer to None, run_after=None
[2025-02-22T20:47:32.469+0000] {logging_mixin.py:190} INFO - [2025-02-22T20:47:32.469+0000] {dag.py:4180} INFO - Setting next_dagrun for dataset_s3_bucket_producer to None, run_after=None
[2025-02-22T20:47:32.494+0000] {processor.py:208} INFO - Processing /home/airflow/.local/lib/python3.12/site-packages/airflow/example_dags/example_dataset_alias.py took 0.703 seconds
[2025-02-22T20:48:03.247+0000] {processor.py:186} INFO - Started process (PID=1854) to work on /home/airflow/.local/lib/python3.12/site-packages/airflow/example_dags/example_dataset_alias.py
[2025-02-22T20:48:03.248+0000] {processor.py:914} INFO - Processing file /home/airflow/.local/lib/python3.12/site-packages/airflow/example_dags/example_dataset_alias.py for tasks to queue
[2025-02-22T20:48:03.251+0000] {logging_mixin.py:190} INFO - [2025-02-22T20:48:03.251+0000] {dagbag.py:588} INFO - Filling up the DagBag from /home/airflow/.local/lib/python3.12/site-packages/airflow/example_dags/example_dataset_alias.py
[2025-02-22T20:48:03.853+0000] {processor.py:925} INFO - DAG(s) 'dataset_s3_bucket_producer', 'dataset_s3_bucket_consumer', 'dataset_alias_example_alias_consumer', 'dataset_alias_example_alias_producer' retrieved from /home/airflow/.local/lib/python3.12/site-packages/airflow/example_dags/example_dataset_alias.py
[2025-02-22T20:48:03.876+0000] {logging_mixin.py:190} INFO - [2025-02-22T20:48:03.876+0000] {dag.py:3239} INFO - Sync 4 DAGs
[2025-02-22T20:48:03.901+0000] {logging_mixin.py:190} INFO - [2025-02-22T20:48:03.901+0000] {dag.py:4180} INFO - Setting next_dagrun for dataset_alias_example_alias_consumer to None, run_after=None
[2025-02-22T20:48:03.905+0000] {logging_mixin.py:190} INFO - [2025-02-22T20:48:03.905+0000] {dag.py:4180} INFO - Setting next_dagrun for dataset_alias_example_alias_producer to None, run_after=None
[2025-02-22T20:48:03.907+0000] {logging_mixin.py:190} INFO - [2025-02-22T20:48:03.907+0000] {dag.py:4180} INFO - Setting next_dagrun for dataset_s3_bucket_consumer to None, run_after=None
[2025-02-22T20:48:03.908+0000] {logging_mixin.py:190} INFO - [2025-02-22T20:48:03.908+0000] {dag.py:4180} INFO - Setting next_dagrun for dataset_s3_bucket_producer to None, run_after=None
[2025-02-22T20:48:03.932+0000] {processor.py:208} INFO - Processing /home/airflow/.local/lib/python3.12/site-packages/airflow/example_dags/example_dataset_alias.py took 0.692 seconds
[2025-02-22T20:48:34.483+0000] {processor.py:186} INFO - Started process (PID=1917) to work on /home/airflow/.local/lib/python3.12/site-packages/airflow/example_dags/example_dataset_alias.py
[2025-02-22T20:48:34.485+0000] {processor.py:914} INFO - Processing file /home/airflow/.local/lib/python3.12/site-packages/airflow/example_dags/example_dataset_alias.py for tasks to queue
[2025-02-22T20:48:34.488+0000] {logging_mixin.py:190} INFO - [2025-02-22T20:48:34.487+0000] {dagbag.py:588} INFO - Filling up the DagBag from /home/airflow/.local/lib/python3.12/site-packages/airflow/example_dags/example_dataset_alias.py
[2025-02-22T20:48:35.127+0000] {processor.py:925} INFO - DAG(s) 'dataset_s3_bucket_consumer', 'dataset_s3_bucket_producer', 'dataset_alias_example_alias_consumer', 'dataset_alias_example_alias_producer' retrieved from /home/airflow/.local/lib/python3.12/site-packages/airflow/example_dags/example_dataset_alias.py
[2025-02-22T20:48:35.156+0000] {logging_mixin.py:190} INFO - [2025-02-22T20:48:35.156+0000] {dag.py:3239} INFO - Sync 4 DAGs
[2025-02-22T20:48:35.181+0000] {logging_mixin.py:190} INFO - [2025-02-22T20:48:35.181+0000] {dag.py:4180} INFO - Setting next_dagrun for dataset_alias_example_alias_consumer to None, run_after=None
[2025-02-22T20:48:35.185+0000] {logging_mixin.py:190} INFO - [2025-02-22T20:48:35.184+0000] {dag.py:4180} INFO - Setting next_dagrun for dataset_alias_example_alias_producer to None, run_after=None
[2025-02-22T20:48:35.187+0000] {logging_mixin.py:190} INFO - [2025-02-22T20:48:35.186+0000] {dag.py:4180} INFO - Setting next_dagrun for dataset_s3_bucket_consumer to None, run_after=None
[2025-02-22T20:48:35.188+0000] {logging_mixin.py:190} INFO - [2025-02-22T20:48:35.188+0000] {dag.py:4180} INFO - Setting next_dagrun for dataset_s3_bucket_producer to None, run_after=None
[2025-02-22T20:48:35.214+0000] {processor.py:208} INFO - Processing /home/airflow/.local/lib/python3.12/site-packages/airflow/example_dags/example_dataset_alias.py took 0.739 seconds
[2025-02-22T20:49:06.203+0000] {processor.py:186} INFO - Started process (PID=1980) to work on /home/airflow/.local/lib/python3.12/site-packages/airflow/example_dags/example_dataset_alias.py
[2025-02-22T20:49:06.211+0000] {processor.py:914} INFO - Processing file /home/airflow/.local/lib/python3.12/site-packages/airflow/example_dags/example_dataset_alias.py for tasks to queue
[2025-02-22T20:49:06.220+0000] {logging_mixin.py:190} INFO - [2025-02-22T20:49:06.219+0000] {dagbag.py:588} INFO - Filling up the DagBag from /home/airflow/.local/lib/python3.12/site-packages/airflow/example_dags/example_dataset_alias.py
[2025-02-22T20:49:08.868+0000] {processor.py:925} INFO - DAG(s) 'dataset_alias_example_alias_consumer', 'dataset_s3_bucket_producer', 'dataset_s3_bucket_consumer', 'dataset_alias_example_alias_producer' retrieved from /home/airflow/.local/lib/python3.12/site-packages/airflow/example_dags/example_dataset_alias.py
[2025-02-22T20:49:08.922+0000] {logging_mixin.py:190} INFO - [2025-02-22T20:49:08.921+0000] {dag.py:3239} INFO - Sync 4 DAGs
[2025-02-22T20:49:08.988+0000] {logging_mixin.py:190} INFO - [2025-02-22T20:49:08.988+0000] {dag.py:4180} INFO - Setting next_dagrun for dataset_alias_example_alias_consumer to None, run_after=None
[2025-02-22T20:49:09.000+0000] {logging_mixin.py:190} INFO - [2025-02-22T20:49:08.999+0000] {dag.py:4180} INFO - Setting next_dagrun for dataset_alias_example_alias_producer to None, run_after=None
[2025-02-22T20:49:09.015+0000] {logging_mixin.py:190} INFO - [2025-02-22T20:49:09.014+0000] {dag.py:4180} INFO - Setting next_dagrun for dataset_s3_bucket_consumer to None, run_after=None
[2025-02-22T20:49:09.020+0000] {logging_mixin.py:190} INFO - [2025-02-22T20:49:09.020+0000] {dag.py:4180} INFO - Setting next_dagrun for dataset_s3_bucket_producer to None, run_after=None
[2025-02-22T20:49:09.093+0000] {processor.py:208} INFO - Processing /home/airflow/.local/lib/python3.12/site-packages/airflow/example_dags/example_dataset_alias.py took 2.912 seconds
