[2025-02-22T20:33:58.147+0000] {processor.py:186} INFO - Started process (PID=129) to work on /home/airflow/.local/lib/python3.12/site-packages/airflow/example_dags/example_python_decorator.py
[2025-02-22T20:33:58.149+0000] {processor.py:914} INFO - Processing file /home/airflow/.local/lib/python3.12/site-packages/airflow/example_dags/example_python_decorator.py for tasks to queue
[2025-02-22T20:33:58.152+0000] {logging_mixin.py:190} INFO - [2025-02-22T20:33:58.152+0000] {dagbag.py:588} INFO - Filling up the DagBag from /home/airflow/.local/lib/python3.12/site-packages/airflow/example_dags/example_python_decorator.py
[2025-02-22T20:33:58.181+0000] {processor.py:925} INFO - DAG(s) 'example_python_decorator' retrieved from /home/airflow/.local/lib/python3.12/site-packages/airflow/example_dags/example_python_decorator.py
[2025-02-22T20:33:58.376+0000] {logging_mixin.py:190} INFO - [2025-02-22T20:33:58.375+0000] {override.py:1912} INFO - Created Permission View: can edit on DAG:example_python_decorator
[2025-02-22T20:33:58.391+0000] {logging_mixin.py:190} INFO - [2025-02-22T20:33:58.390+0000] {override.py:1912} INFO - Created Permission View: can read on DAG:example_python_decorator
[2025-02-22T20:33:58.400+0000] {logging_mixin.py:190} INFO - [2025-02-22T20:33:58.399+0000] {override.py:1912} INFO - Created Permission View: can delete on DAG:example_python_decorator
[2025-02-22T20:33:58.411+0000] {logging_mixin.py:190} INFO - [2025-02-22T20:33:58.411+0000] {override.py:1912} INFO - Created Permission View: can read on DAG Run:example_python_decorator
[2025-02-22T20:33:58.421+0000] {logging_mixin.py:190} INFO - [2025-02-22T20:33:58.420+0000] {override.py:1912} INFO - Created Permission View: menu access on DAG Run:example_python_decorator
[2025-02-22T20:33:58.431+0000] {logging_mixin.py:190} INFO - [2025-02-22T20:33:58.430+0000] {override.py:1912} INFO - Created Permission View: can create on DAG Run:example_python_decorator
[2025-02-22T20:33:58.441+0000] {logging_mixin.py:190} INFO - [2025-02-22T20:33:58.440+0000] {override.py:1912} INFO - Created Permission View: can delete on DAG Run:example_python_decorator
[2025-02-22T20:33:58.442+0000] {logging_mixin.py:190} INFO - [2025-02-22T20:33:58.442+0000] {dag.py:3239} INFO - Sync 1 DAGs
[2025-02-22T20:33:58.460+0000] {logging_mixin.py:190} INFO - [2025-02-22T20:33:58.460+0000] {dag.py:3262} INFO - Creating ORM DAG for example_python_decorator
[2025-02-22T20:33:58.462+0000] {logging_mixin.py:190} INFO - [2025-02-22T20:33:58.461+0000] {dag.py:4180} INFO - Setting next_dagrun for example_python_decorator to None, run_after=None
[2025-02-22T20:33:58.487+0000] {processor.py:208} INFO - Processing /home/airflow/.local/lib/python3.12/site-packages/airflow/example_dags/example_python_decorator.py took 0.350 seconds
[2025-02-22T20:34:29.374+0000] {processor.py:186} INFO - Started process (PID=192) to work on /home/airflow/.local/lib/python3.12/site-packages/airflow/example_dags/example_python_decorator.py
[2025-02-22T20:34:29.375+0000] {processor.py:914} INFO - Processing file /home/airflow/.local/lib/python3.12/site-packages/airflow/example_dags/example_python_decorator.py for tasks to queue
[2025-02-22T20:34:29.378+0000] {logging_mixin.py:190} INFO - [2025-02-22T20:34:29.377+0000] {dagbag.py:588} INFO - Filling up the DagBag from /home/airflow/.local/lib/python3.12/site-packages/airflow/example_dags/example_python_decorator.py
[2025-02-22T20:34:29.396+0000] {processor.py:925} INFO - DAG(s) 'example_python_decorator' retrieved from /home/airflow/.local/lib/python3.12/site-packages/airflow/example_dags/example_python_decorator.py
[2025-02-22T20:34:29.422+0000] {logging_mixin.py:190} INFO - [2025-02-22T20:34:29.422+0000] {dag.py:3239} INFO - Sync 1 DAGs
[2025-02-22T20:34:29.438+0000] {logging_mixin.py:190} INFO - [2025-02-22T20:34:29.438+0000] {dag.py:4180} INFO - Setting next_dagrun for example_python_decorator to None, run_after=None
[2025-02-22T20:34:29.459+0000] {processor.py:208} INFO - Processing /home/airflow/.local/lib/python3.12/site-packages/airflow/example_dags/example_python_decorator.py took 0.092 seconds
[2025-02-22T20:34:59.767+0000] {processor.py:186} INFO - Started process (PID=255) to work on /home/airflow/.local/lib/python3.12/site-packages/airflow/example_dags/example_python_decorator.py
[2025-02-22T20:34:59.768+0000] {processor.py:914} INFO - Processing file /home/airflow/.local/lib/python3.12/site-packages/airflow/example_dags/example_python_decorator.py for tasks to queue
[2025-02-22T20:34:59.771+0000] {logging_mixin.py:190} INFO - [2025-02-22T20:34:59.771+0000] {dagbag.py:588} INFO - Filling up the DagBag from /home/airflow/.local/lib/python3.12/site-packages/airflow/example_dags/example_python_decorator.py
[2025-02-22T20:34:59.787+0000] {processor.py:925} INFO - DAG(s) 'example_python_decorator' retrieved from /home/airflow/.local/lib/python3.12/site-packages/airflow/example_dags/example_python_decorator.py
[2025-02-22T20:34:59.813+0000] {logging_mixin.py:190} INFO - [2025-02-22T20:34:59.813+0000] {dag.py:3239} INFO - Sync 1 DAGs
[2025-02-22T20:34:59.829+0000] {logging_mixin.py:190} INFO - [2025-02-22T20:34:59.829+0000] {dag.py:4180} INFO - Setting next_dagrun for example_python_decorator to None, run_after=None
[2025-02-22T20:34:59.852+0000] {processor.py:208} INFO - Processing /home/airflow/.local/lib/python3.12/site-packages/airflow/example_dags/example_python_decorator.py took 0.092 seconds
[2025-02-22T20:35:30.665+0000] {processor.py:186} INFO - Started process (PID=318) to work on /home/airflow/.local/lib/python3.12/site-packages/airflow/example_dags/example_python_decorator.py
[2025-02-22T20:35:30.666+0000] {processor.py:914} INFO - Processing file /home/airflow/.local/lib/python3.12/site-packages/airflow/example_dags/example_python_decorator.py for tasks to queue
[2025-02-22T20:35:30.668+0000] {logging_mixin.py:190} INFO - [2025-02-22T20:35:30.668+0000] {dagbag.py:588} INFO - Filling up the DagBag from /home/airflow/.local/lib/python3.12/site-packages/airflow/example_dags/example_python_decorator.py
[2025-02-22T20:35:30.689+0000] {processor.py:925} INFO - DAG(s) 'example_python_decorator' retrieved from /home/airflow/.local/lib/python3.12/site-packages/airflow/example_dags/example_python_decorator.py
[2025-02-22T20:35:30.715+0000] {logging_mixin.py:190} INFO - [2025-02-22T20:35:30.715+0000] {dag.py:3239} INFO - Sync 1 DAGs
[2025-02-22T20:35:30.732+0000] {logging_mixin.py:190} INFO - [2025-02-22T20:35:30.731+0000] {dag.py:4180} INFO - Setting next_dagrun for example_python_decorator to None, run_after=None
[2025-02-22T20:35:30.752+0000] {processor.py:208} INFO - Processing /home/airflow/.local/lib/python3.12/site-packages/airflow/example_dags/example_python_decorator.py took 0.095 seconds
[2025-02-22T20:36:01.685+0000] {processor.py:186} INFO - Started process (PID=382) to work on /home/airflow/.local/lib/python3.12/site-packages/airflow/example_dags/example_python_decorator.py
[2025-02-22T20:36:01.686+0000] {processor.py:914} INFO - Processing file /home/airflow/.local/lib/python3.12/site-packages/airflow/example_dags/example_python_decorator.py for tasks to queue
[2025-02-22T20:36:01.689+0000] {logging_mixin.py:190} INFO - [2025-02-22T20:36:01.688+0000] {dagbag.py:588} INFO - Filling up the DagBag from /home/airflow/.local/lib/python3.12/site-packages/airflow/example_dags/example_python_decorator.py
[2025-02-22T20:36:01.708+0000] {processor.py:925} INFO - DAG(s) 'example_python_decorator' retrieved from /home/airflow/.local/lib/python3.12/site-packages/airflow/example_dags/example_python_decorator.py
[2025-02-22T20:36:01.734+0000] {logging_mixin.py:190} INFO - [2025-02-22T20:36:01.734+0000] {dag.py:3239} INFO - Sync 1 DAGs
[2025-02-22T20:36:01.752+0000] {logging_mixin.py:190} INFO - [2025-02-22T20:36:01.751+0000] {dag.py:4180} INFO - Setting next_dagrun for example_python_decorator to None, run_after=None
[2025-02-22T20:36:01.774+0000] {processor.py:208} INFO - Processing /home/airflow/.local/lib/python3.12/site-packages/airflow/example_dags/example_python_decorator.py took 0.100 seconds
[2025-02-22T20:36:32.016+0000] {processor.py:186} INFO - Started process (PID=445) to work on /home/airflow/.local/lib/python3.12/site-packages/airflow/example_dags/example_python_decorator.py
[2025-02-22T20:36:32.017+0000] {processor.py:914} INFO - Processing file /home/airflow/.local/lib/python3.12/site-packages/airflow/example_dags/example_python_decorator.py for tasks to queue
[2025-02-22T20:36:32.020+0000] {logging_mixin.py:190} INFO - [2025-02-22T20:36:32.020+0000] {dagbag.py:588} INFO - Filling up the DagBag from /home/airflow/.local/lib/python3.12/site-packages/airflow/example_dags/example_python_decorator.py
[2025-02-22T20:36:32.037+0000] {processor.py:925} INFO - DAG(s) 'example_python_decorator' retrieved from /home/airflow/.local/lib/python3.12/site-packages/airflow/example_dags/example_python_decorator.py
[2025-02-22T20:36:32.062+0000] {logging_mixin.py:190} INFO - [2025-02-22T20:36:32.062+0000] {dag.py:3239} INFO - Sync 1 DAGs
[2025-02-22T20:36:32.078+0000] {logging_mixin.py:190} INFO - [2025-02-22T20:36:32.078+0000] {dag.py:4180} INFO - Setting next_dagrun for example_python_decorator to None, run_after=None
[2025-02-22T20:36:32.100+0000] {processor.py:208} INFO - Processing /home/airflow/.local/lib/python3.12/site-packages/airflow/example_dags/example_python_decorator.py took 0.091 seconds
[2025-02-22T20:37:02.868+0000] {processor.py:186} INFO - Started process (PID=508) to work on /home/airflow/.local/lib/python3.12/site-packages/airflow/example_dags/example_python_decorator.py
[2025-02-22T20:37:02.869+0000] {processor.py:914} INFO - Processing file /home/airflow/.local/lib/python3.12/site-packages/airflow/example_dags/example_python_decorator.py for tasks to queue
[2025-02-22T20:37:02.872+0000] {logging_mixin.py:190} INFO - [2025-02-22T20:37:02.872+0000] {dagbag.py:588} INFO - Filling up the DagBag from /home/airflow/.local/lib/python3.12/site-packages/airflow/example_dags/example_python_decorator.py
[2025-02-22T20:37:02.895+0000] {processor.py:925} INFO - DAG(s) 'example_python_decorator' retrieved from /home/airflow/.local/lib/python3.12/site-packages/airflow/example_dags/example_python_decorator.py
[2025-02-22T20:37:02.923+0000] {logging_mixin.py:190} INFO - [2025-02-22T20:37:02.922+0000] {dag.py:3239} INFO - Sync 1 DAGs
[2025-02-22T20:37:02.943+0000] {logging_mixin.py:190} INFO - [2025-02-22T20:37:02.943+0000] {dag.py:4180} INFO - Setting next_dagrun for example_python_decorator to None, run_after=None
[2025-02-22T20:37:02.967+0000] {processor.py:208} INFO - Processing /home/airflow/.local/lib/python3.12/site-packages/airflow/example_dags/example_python_decorator.py took 0.105 seconds
[2025-02-22T20:37:33.126+0000] {processor.py:186} INFO - Started process (PID=571) to work on /home/airflow/.local/lib/python3.12/site-packages/airflow/example_dags/example_python_decorator.py
[2025-02-22T20:37:33.127+0000] {processor.py:914} INFO - Processing file /home/airflow/.local/lib/python3.12/site-packages/airflow/example_dags/example_python_decorator.py for tasks to queue
[2025-02-22T20:37:33.130+0000] {logging_mixin.py:190} INFO - [2025-02-22T20:37:33.130+0000] {dagbag.py:588} INFO - Filling up the DagBag from /home/airflow/.local/lib/python3.12/site-packages/airflow/example_dags/example_python_decorator.py
[2025-02-22T20:37:33.150+0000] {processor.py:925} INFO - DAG(s) 'example_python_decorator' retrieved from /home/airflow/.local/lib/python3.12/site-packages/airflow/example_dags/example_python_decorator.py
[2025-02-22T20:37:33.180+0000] {logging_mixin.py:190} INFO - [2025-02-22T20:37:33.180+0000] {dag.py:3239} INFO - Sync 1 DAGs
[2025-02-22T20:37:33.202+0000] {logging_mixin.py:190} INFO - [2025-02-22T20:37:33.202+0000] {dag.py:4180} INFO - Setting next_dagrun for example_python_decorator to None, run_after=None
[2025-02-22T20:37:33.235+0000] {processor.py:208} INFO - Processing /home/airflow/.local/lib/python3.12/site-packages/airflow/example_dags/example_python_decorator.py took 0.118 seconds
[2025-02-22T20:38:03.575+0000] {processor.py:186} INFO - Started process (PID=634) to work on /home/airflow/.local/lib/python3.12/site-packages/airflow/example_dags/example_python_decorator.py
[2025-02-22T20:38:03.577+0000] {processor.py:914} INFO - Processing file /home/airflow/.local/lib/python3.12/site-packages/airflow/example_dags/example_python_decorator.py for tasks to queue
[2025-02-22T20:38:03.581+0000] {logging_mixin.py:190} INFO - [2025-02-22T20:38:03.580+0000] {dagbag.py:588} INFO - Filling up the DagBag from /home/airflow/.local/lib/python3.12/site-packages/airflow/example_dags/example_python_decorator.py
[2025-02-22T20:38:03.602+0000] {processor.py:925} INFO - DAG(s) 'example_python_decorator' retrieved from /home/airflow/.local/lib/python3.12/site-packages/airflow/example_dags/example_python_decorator.py
[2025-02-22T20:38:03.632+0000] {logging_mixin.py:190} INFO - [2025-02-22T20:38:03.631+0000] {dag.py:3239} INFO - Sync 1 DAGs
[2025-02-22T20:38:03.653+0000] {logging_mixin.py:190} INFO - [2025-02-22T20:38:03.653+0000] {dag.py:4180} INFO - Setting next_dagrun for example_python_decorator to None, run_after=None
[2025-02-22T20:38:03.681+0000] {processor.py:208} INFO - Processing /home/airflow/.local/lib/python3.12/site-packages/airflow/example_dags/example_python_decorator.py took 0.112 seconds
[2025-02-22T20:38:34.051+0000] {processor.py:186} INFO - Started process (PID=697) to work on /home/airflow/.local/lib/python3.12/site-packages/airflow/example_dags/example_python_decorator.py
[2025-02-22T20:38:34.053+0000] {processor.py:914} INFO - Processing file /home/airflow/.local/lib/python3.12/site-packages/airflow/example_dags/example_python_decorator.py for tasks to queue
[2025-02-22T20:38:34.065+0000] {logging_mixin.py:190} INFO - [2025-02-22T20:38:34.064+0000] {dagbag.py:588} INFO - Filling up the DagBag from /home/airflow/.local/lib/python3.12/site-packages/airflow/example_dags/example_python_decorator.py
[2025-02-22T20:38:34.124+0000] {processor.py:925} INFO - DAG(s) 'example_python_decorator' retrieved from /home/airflow/.local/lib/python3.12/site-packages/airflow/example_dags/example_python_decorator.py
[2025-02-22T20:38:34.251+0000] {logging_mixin.py:190} INFO - [2025-02-22T20:38:34.250+0000] {dag.py:3239} INFO - Sync 1 DAGs
[2025-02-22T20:38:34.336+0000] {logging_mixin.py:190} INFO - [2025-02-22T20:38:34.336+0000] {dag.py:4180} INFO - Setting next_dagrun for example_python_decorator to None, run_after=None
[2025-02-22T20:38:34.416+0000] {processor.py:208} INFO - Processing /home/airflow/.local/lib/python3.12/site-packages/airflow/example_dags/example_python_decorator.py took 0.388 seconds
[2025-02-22T20:39:04.606+0000] {processor.py:186} INFO - Started process (PID=759) to work on /home/airflow/.local/lib/python3.12/site-packages/airflow/example_dags/example_python_decorator.py
[2025-02-22T20:39:04.608+0000] {processor.py:914} INFO - Processing file /home/airflow/.local/lib/python3.12/site-packages/airflow/example_dags/example_python_decorator.py for tasks to queue
[2025-02-22T20:39:04.611+0000] {logging_mixin.py:190} INFO - [2025-02-22T20:39:04.610+0000] {dagbag.py:588} INFO - Filling up the DagBag from /home/airflow/.local/lib/python3.12/site-packages/airflow/example_dags/example_python_decorator.py
[2025-02-22T20:39:04.630+0000] {processor.py:925} INFO - DAG(s) 'example_python_decorator' retrieved from /home/airflow/.local/lib/python3.12/site-packages/airflow/example_dags/example_python_decorator.py
[2025-02-22T20:39:04.656+0000] {logging_mixin.py:190} INFO - [2025-02-22T20:39:04.656+0000] {dag.py:3239} INFO - Sync 1 DAGs
[2025-02-22T20:39:04.673+0000] {logging_mixin.py:190} INFO - [2025-02-22T20:39:04.673+0000] {dag.py:4180} INFO - Setting next_dagrun for example_python_decorator to None, run_after=None
[2025-02-22T20:39:04.697+0000] {processor.py:208} INFO - Processing /home/airflow/.local/lib/python3.12/site-packages/airflow/example_dags/example_python_decorator.py took 0.098 seconds
[2025-02-22T20:39:35.280+0000] {processor.py:186} INFO - Started process (PID=822) to work on /home/airflow/.local/lib/python3.12/site-packages/airflow/example_dags/example_python_decorator.py
[2025-02-22T20:39:35.281+0000] {processor.py:914} INFO - Processing file /home/airflow/.local/lib/python3.12/site-packages/airflow/example_dags/example_python_decorator.py for tasks to queue
[2025-02-22T20:39:35.284+0000] {logging_mixin.py:190} INFO - [2025-02-22T20:39:35.284+0000] {dagbag.py:588} INFO - Filling up the DagBag from /home/airflow/.local/lib/python3.12/site-packages/airflow/example_dags/example_python_decorator.py
[2025-02-22T20:39:35.300+0000] {processor.py:925} INFO - DAG(s) 'example_python_decorator' retrieved from /home/airflow/.local/lib/python3.12/site-packages/airflow/example_dags/example_python_decorator.py
[2025-02-22T20:39:35.324+0000] {logging_mixin.py:190} INFO - [2025-02-22T20:39:35.324+0000] {dag.py:3239} INFO - Sync 1 DAGs
[2025-02-22T20:39:35.341+0000] {logging_mixin.py:190} INFO - [2025-02-22T20:39:35.340+0000] {dag.py:4180} INFO - Setting next_dagrun for example_python_decorator to None, run_after=None
[2025-02-22T20:39:35.362+0000] {processor.py:208} INFO - Processing /home/airflow/.local/lib/python3.12/site-packages/airflow/example_dags/example_python_decorator.py took 0.089 seconds
[2025-02-22T20:40:06.149+0000] {processor.py:186} INFO - Started process (PID=885) to work on /home/airflow/.local/lib/python3.12/site-packages/airflow/example_dags/example_python_decorator.py
[2025-02-22T20:40:06.151+0000] {processor.py:914} INFO - Processing file /home/airflow/.local/lib/python3.12/site-packages/airflow/example_dags/example_python_decorator.py for tasks to queue
[2025-02-22T20:40:06.154+0000] {logging_mixin.py:190} INFO - [2025-02-22T20:40:06.153+0000] {dagbag.py:588} INFO - Filling up the DagBag from /home/airflow/.local/lib/python3.12/site-packages/airflow/example_dags/example_python_decorator.py
[2025-02-22T20:40:06.174+0000] {processor.py:925} INFO - DAG(s) 'example_python_decorator' retrieved from /home/airflow/.local/lib/python3.12/site-packages/airflow/example_dags/example_python_decorator.py
[2025-02-22T20:40:06.206+0000] {logging_mixin.py:190} INFO - [2025-02-22T20:40:06.206+0000] {dag.py:3239} INFO - Sync 1 DAGs
[2025-02-22T20:40:06.232+0000] {logging_mixin.py:190} INFO - [2025-02-22T20:40:06.231+0000] {dag.py:4180} INFO - Setting next_dagrun for example_python_decorator to None, run_after=None
[2025-02-22T20:40:06.261+0000] {processor.py:208} INFO - Processing /home/airflow/.local/lib/python3.12/site-packages/airflow/example_dags/example_python_decorator.py took 0.119 seconds
[2025-02-22T20:40:38.929+0000] {processor.py:186} INFO - Started process (PID=948) to work on /home/airflow/.local/lib/python3.12/site-packages/airflow/example_dags/example_python_decorator.py
[2025-02-22T20:40:38.930+0000] {processor.py:914} INFO - Processing file /home/airflow/.local/lib/python3.12/site-packages/airflow/example_dags/example_python_decorator.py for tasks to queue
[2025-02-22T20:40:38.934+0000] {logging_mixin.py:190} INFO - [2025-02-22T20:40:38.933+0000] {dagbag.py:588} INFO - Filling up the DagBag from /home/airflow/.local/lib/python3.12/site-packages/airflow/example_dags/example_python_decorator.py
[2025-02-22T20:40:38.955+0000] {processor.py:925} INFO - DAG(s) 'example_python_decorator' retrieved from /home/airflow/.local/lib/python3.12/site-packages/airflow/example_dags/example_python_decorator.py
[2025-02-22T20:40:38.986+0000] {logging_mixin.py:190} INFO - [2025-02-22T20:40:38.986+0000] {dag.py:3239} INFO - Sync 1 DAGs
[2025-02-22T20:40:39.006+0000] {logging_mixin.py:190} INFO - [2025-02-22T20:40:39.006+0000] {dag.py:4180} INFO - Setting next_dagrun for example_python_decorator to None, run_after=None
[2025-02-22T20:40:39.033+0000] {processor.py:208} INFO - Processing /home/airflow/.local/lib/python3.12/site-packages/airflow/example_dags/example_python_decorator.py took 0.113 seconds
[2025-02-22T20:41:10.276+0000] {processor.py:186} INFO - Started process (PID=1011) to work on /home/airflow/.local/lib/python3.12/site-packages/airflow/example_dags/example_python_decorator.py
[2025-02-22T20:41:10.278+0000] {processor.py:914} INFO - Processing file /home/airflow/.local/lib/python3.12/site-packages/airflow/example_dags/example_python_decorator.py for tasks to queue
[2025-02-22T20:41:10.282+0000] {logging_mixin.py:190} INFO - [2025-02-22T20:41:10.281+0000] {dagbag.py:588} INFO - Filling up the DagBag from /home/airflow/.local/lib/python3.12/site-packages/airflow/example_dags/example_python_decorator.py
[2025-02-22T20:41:10.304+0000] {processor.py:925} INFO - DAG(s) 'example_python_decorator' retrieved from /home/airflow/.local/lib/python3.12/site-packages/airflow/example_dags/example_python_decorator.py
[2025-02-22T20:41:10.337+0000] {logging_mixin.py:190} INFO - [2025-02-22T20:41:10.337+0000] {dag.py:3239} INFO - Sync 1 DAGs
[2025-02-22T20:41:10.373+0000] {logging_mixin.py:190} INFO - [2025-02-22T20:41:10.373+0000] {dag.py:4180} INFO - Setting next_dagrun for example_python_decorator to None, run_after=None
[2025-02-22T20:41:10.412+0000] {processor.py:208} INFO - Processing /home/airflow/.local/lib/python3.12/site-packages/airflow/example_dags/example_python_decorator.py took 0.145 seconds
[2025-02-22T20:41:41.154+0000] {processor.py:186} INFO - Started process (PID=1076) to work on /home/airflow/.local/lib/python3.12/site-packages/airflow/example_dags/example_python_decorator.py
[2025-02-22T20:41:41.155+0000] {processor.py:914} INFO - Processing file /home/airflow/.local/lib/python3.12/site-packages/airflow/example_dags/example_python_decorator.py for tasks to queue
[2025-02-22T20:41:41.159+0000] {logging_mixin.py:190} INFO - [2025-02-22T20:41:41.159+0000] {dagbag.py:588} INFO - Filling up the DagBag from /home/airflow/.local/lib/python3.12/site-packages/airflow/example_dags/example_python_decorator.py
[2025-02-22T20:41:41.183+0000] {processor.py:925} INFO - DAG(s) 'example_python_decorator' retrieved from /home/airflow/.local/lib/python3.12/site-packages/airflow/example_dags/example_python_decorator.py
[2025-02-22T20:41:41.215+0000] {logging_mixin.py:190} INFO - [2025-02-22T20:41:41.215+0000] {dag.py:3239} INFO - Sync 1 DAGs
[2025-02-22T20:41:41.236+0000] {logging_mixin.py:190} INFO - [2025-02-22T20:41:41.236+0000] {dag.py:4180} INFO - Setting next_dagrun for example_python_decorator to None, run_after=None
[2025-02-22T20:41:41.264+0000] {processor.py:208} INFO - Processing /home/airflow/.local/lib/python3.12/site-packages/airflow/example_dags/example_python_decorator.py took 0.122 seconds
[2025-02-22T20:42:15.529+0000] {processor.py:186} INFO - Started process (PID=1139) to work on /home/airflow/.local/lib/python3.12/site-packages/airflow/example_dags/example_python_decorator.py
[2025-02-22T20:42:15.531+0000] {processor.py:914} INFO - Processing file /home/airflow/.local/lib/python3.12/site-packages/airflow/example_dags/example_python_decorator.py for tasks to queue
[2025-02-22T20:42:15.535+0000] {logging_mixin.py:190} INFO - [2025-02-22T20:42:15.535+0000] {dagbag.py:588} INFO - Filling up the DagBag from /home/airflow/.local/lib/python3.12/site-packages/airflow/example_dags/example_python_decorator.py
[2025-02-22T20:42:15.564+0000] {processor.py:925} INFO - DAG(s) 'example_python_decorator' retrieved from /home/airflow/.local/lib/python3.12/site-packages/airflow/example_dags/example_python_decorator.py
[2025-02-22T20:42:15.611+0000] {logging_mixin.py:190} INFO - [2025-02-22T20:42:15.610+0000] {dag.py:3239} INFO - Sync 1 DAGs
[2025-02-22T20:42:15.647+0000] {logging_mixin.py:190} INFO - [2025-02-22T20:42:15.647+0000] {dag.py:4180} INFO - Setting next_dagrun for example_python_decorator to None, run_after=None
[2025-02-22T20:42:15.685+0000] {processor.py:208} INFO - Processing /home/airflow/.local/lib/python3.12/site-packages/airflow/example_dags/example_python_decorator.py took 0.166 seconds
[2025-02-22T20:42:47.789+0000] {processor.py:186} INFO - Started process (PID=1205) to work on /home/airflow/.local/lib/python3.12/site-packages/airflow/example_dags/example_python_decorator.py
[2025-02-22T20:42:47.791+0000] {processor.py:914} INFO - Processing file /home/airflow/.local/lib/python3.12/site-packages/airflow/example_dags/example_python_decorator.py for tasks to queue
[2025-02-22T20:42:47.796+0000] {logging_mixin.py:190} INFO - [2025-02-22T20:42:47.795+0000] {dagbag.py:588} INFO - Filling up the DagBag from /home/airflow/.local/lib/python3.12/site-packages/airflow/example_dags/example_python_decorator.py
[2025-02-22T20:42:47.821+0000] {processor.py:925} INFO - DAG(s) 'example_python_decorator' retrieved from /home/airflow/.local/lib/python3.12/site-packages/airflow/example_dags/example_python_decorator.py
[2025-02-22T20:42:47.862+0000] {logging_mixin.py:190} INFO - [2025-02-22T20:42:47.861+0000] {dag.py:3239} INFO - Sync 1 DAGs
[2025-02-22T20:42:47.889+0000] {logging_mixin.py:190} INFO - [2025-02-22T20:42:47.889+0000] {dag.py:4180} INFO - Setting next_dagrun for example_python_decorator to None, run_after=None
[2025-02-22T20:42:47.922+0000] {processor.py:208} INFO - Processing /home/airflow/.local/lib/python3.12/site-packages/airflow/example_dags/example_python_decorator.py took 0.146 seconds
[2025-02-22T20:43:18.825+0000] {processor.py:186} INFO - Started process (PID=1268) to work on /home/airflow/.local/lib/python3.12/site-packages/airflow/example_dags/example_python_decorator.py
[2025-02-22T20:43:18.827+0000] {processor.py:914} INFO - Processing file /home/airflow/.local/lib/python3.12/site-packages/airflow/example_dags/example_python_decorator.py for tasks to queue
[2025-02-22T20:43:18.832+0000] {logging_mixin.py:190} INFO - [2025-02-22T20:43:18.831+0000] {dagbag.py:588} INFO - Filling up the DagBag from /home/airflow/.local/lib/python3.12/site-packages/airflow/example_dags/example_python_decorator.py
[2025-02-22T20:43:18.866+0000] {processor.py:925} INFO - DAG(s) 'example_python_decorator' retrieved from /home/airflow/.local/lib/python3.12/site-packages/airflow/example_dags/example_python_decorator.py
[2025-02-22T20:43:18.903+0000] {logging_mixin.py:190} INFO - [2025-02-22T20:43:18.903+0000] {dag.py:3239} INFO - Sync 1 DAGs
[2025-02-22T20:43:18.932+0000] {logging_mixin.py:190} INFO - [2025-02-22T20:43:18.932+0000] {dag.py:4180} INFO - Setting next_dagrun for example_python_decorator to None, run_after=None
[2025-02-22T20:43:18.973+0000] {processor.py:208} INFO - Processing /home/airflow/.local/lib/python3.12/site-packages/airflow/example_dags/example_python_decorator.py took 0.159 seconds
[2025-02-22T20:43:50.107+0000] {processor.py:186} INFO - Started process (PID=1331) to work on /home/airflow/.local/lib/python3.12/site-packages/airflow/example_dags/example_python_decorator.py
[2025-02-22T20:43:50.108+0000] {processor.py:914} INFO - Processing file /home/airflow/.local/lib/python3.12/site-packages/airflow/example_dags/example_python_decorator.py for tasks to queue
[2025-02-22T20:43:50.111+0000] {logging_mixin.py:190} INFO - [2025-02-22T20:43:50.111+0000] {dagbag.py:588} INFO - Filling up the DagBag from /home/airflow/.local/lib/python3.12/site-packages/airflow/example_dags/example_python_decorator.py
[2025-02-22T20:43:50.129+0000] {processor.py:925} INFO - DAG(s) 'example_python_decorator' retrieved from /home/airflow/.local/lib/python3.12/site-packages/airflow/example_dags/example_python_decorator.py
[2025-02-22T20:43:50.157+0000] {logging_mixin.py:190} INFO - [2025-02-22T20:43:50.157+0000] {dag.py:3239} INFO - Sync 1 DAGs
[2025-02-22T20:43:50.177+0000] {logging_mixin.py:190} INFO - [2025-02-22T20:43:50.176+0000] {dag.py:4180} INFO - Setting next_dagrun for example_python_decorator to None, run_after=None
[2025-02-22T20:43:50.201+0000] {processor.py:208} INFO - Processing /home/airflow/.local/lib/python3.12/site-packages/airflow/example_dags/example_python_decorator.py took 0.102 seconds
[2025-02-22T20:44:21.659+0000] {processor.py:186} INFO - Started process (PID=1394) to work on /home/airflow/.local/lib/python3.12/site-packages/airflow/example_dags/example_python_decorator.py
[2025-02-22T20:44:21.660+0000] {processor.py:914} INFO - Processing file /home/airflow/.local/lib/python3.12/site-packages/airflow/example_dags/example_python_decorator.py for tasks to queue
[2025-02-22T20:44:21.664+0000] {logging_mixin.py:190} INFO - [2025-02-22T20:44:21.663+0000] {dagbag.py:588} INFO - Filling up the DagBag from /home/airflow/.local/lib/python3.12/site-packages/airflow/example_dags/example_python_decorator.py
[2025-02-22T20:44:21.686+0000] {processor.py:925} INFO - DAG(s) 'example_python_decorator' retrieved from /home/airflow/.local/lib/python3.12/site-packages/airflow/example_dags/example_python_decorator.py
[2025-02-22T20:44:21.719+0000] {logging_mixin.py:190} INFO - [2025-02-22T20:44:21.719+0000] {dag.py:3239} INFO - Sync 1 DAGs
[2025-02-22T20:44:21.740+0000] {logging_mixin.py:190} INFO - [2025-02-22T20:44:21.739+0000] {dag.py:4180} INFO - Setting next_dagrun for example_python_decorator to None, run_after=None
[2025-02-22T20:44:21.766+0000] {processor.py:208} INFO - Processing /home/airflow/.local/lib/python3.12/site-packages/airflow/example_dags/example_python_decorator.py took 0.117 seconds
[2025-02-22T20:44:53.056+0000] {processor.py:186} INFO - Started process (PID=1457) to work on /home/airflow/.local/lib/python3.12/site-packages/airflow/example_dags/example_python_decorator.py
[2025-02-22T20:44:53.058+0000] {processor.py:914} INFO - Processing file /home/airflow/.local/lib/python3.12/site-packages/airflow/example_dags/example_python_decorator.py for tasks to queue
[2025-02-22T20:44:53.061+0000] {logging_mixin.py:190} INFO - [2025-02-22T20:44:53.061+0000] {dagbag.py:588} INFO - Filling up the DagBag from /home/airflow/.local/lib/python3.12/site-packages/airflow/example_dags/example_python_decorator.py
[2025-02-22T20:44:53.083+0000] {processor.py:925} INFO - DAG(s) 'example_python_decorator' retrieved from /home/airflow/.local/lib/python3.12/site-packages/airflow/example_dags/example_python_decorator.py
[2025-02-22T20:44:53.116+0000] {logging_mixin.py:190} INFO - [2025-02-22T20:44:53.116+0000] {dag.py:3239} INFO - Sync 1 DAGs
[2025-02-22T20:44:53.138+0000] {logging_mixin.py:190} INFO - [2025-02-22T20:44:53.138+0000] {dag.py:4180} INFO - Setting next_dagrun for example_python_decorator to None, run_after=None
[2025-02-22T20:44:53.164+0000] {processor.py:208} INFO - Processing /home/airflow/.local/lib/python3.12/site-packages/airflow/example_dags/example_python_decorator.py took 0.117 seconds
[2025-02-22T20:45:23.956+0000] {processor.py:186} INFO - Started process (PID=1520) to work on /home/airflow/.local/lib/python3.12/site-packages/airflow/example_dags/example_python_decorator.py
[2025-02-22T20:45:23.957+0000] {processor.py:914} INFO - Processing file /home/airflow/.local/lib/python3.12/site-packages/airflow/example_dags/example_python_decorator.py for tasks to queue
[2025-02-22T20:45:23.961+0000] {logging_mixin.py:190} INFO - [2025-02-22T20:45:23.960+0000] {dagbag.py:588} INFO - Filling up the DagBag from /home/airflow/.local/lib/python3.12/site-packages/airflow/example_dags/example_python_decorator.py
[2025-02-22T20:45:23.980+0000] {processor.py:925} INFO - DAG(s) 'example_python_decorator' retrieved from /home/airflow/.local/lib/python3.12/site-packages/airflow/example_dags/example_python_decorator.py
[2025-02-22T20:45:24.031+0000] {logging_mixin.py:190} INFO - [2025-02-22T20:45:24.031+0000] {dag.py:3239} INFO - Sync 1 DAGs
[2025-02-22T20:45:24.059+0000] {logging_mixin.py:190} INFO - [2025-02-22T20:45:24.058+0000] {dag.py:4180} INFO - Setting next_dagrun for example_python_decorator to None, run_after=None
[2025-02-22T20:45:24.086+0000] {processor.py:208} INFO - Processing /home/airflow/.local/lib/python3.12/site-packages/airflow/example_dags/example_python_decorator.py took 0.138 seconds
[2025-02-22T20:45:55.930+0000] {processor.py:186} INFO - Started process (PID=1583) to work on /home/airflow/.local/lib/python3.12/site-packages/airflow/example_dags/example_python_decorator.py
[2025-02-22T20:45:55.932+0000] {processor.py:914} INFO - Processing file /home/airflow/.local/lib/python3.12/site-packages/airflow/example_dags/example_python_decorator.py for tasks to queue
[2025-02-22T20:45:55.935+0000] {logging_mixin.py:190} INFO - [2025-02-22T20:45:55.935+0000] {dagbag.py:588} INFO - Filling up the DagBag from /home/airflow/.local/lib/python3.12/site-packages/airflow/example_dags/example_python_decorator.py
[2025-02-22T20:45:55.958+0000] {processor.py:925} INFO - DAG(s) 'example_python_decorator' retrieved from /home/airflow/.local/lib/python3.12/site-packages/airflow/example_dags/example_python_decorator.py
[2025-02-22T20:45:56.015+0000] {logging_mixin.py:190} INFO - [2025-02-22T20:45:56.015+0000] {dag.py:3239} INFO - Sync 1 DAGs
[2025-02-22T20:45:56.042+0000] {logging_mixin.py:190} INFO - [2025-02-22T20:45:56.042+0000] {dag.py:4180} INFO - Setting next_dagrun for example_python_decorator to None, run_after=None
[2025-02-22T20:45:56.089+0000] {processor.py:208} INFO - Processing /home/airflow/.local/lib/python3.12/site-packages/airflow/example_dags/example_python_decorator.py took 0.169 seconds
[2025-02-22T20:46:27.321+0000] {processor.py:186} INFO - Started process (PID=1646) to work on /home/airflow/.local/lib/python3.12/site-packages/airflow/example_dags/example_python_decorator.py
[2025-02-22T20:46:27.322+0000] {processor.py:914} INFO - Processing file /home/airflow/.local/lib/python3.12/site-packages/airflow/example_dags/example_python_decorator.py for tasks to queue
[2025-02-22T20:46:27.326+0000] {logging_mixin.py:190} INFO - [2025-02-22T20:46:27.326+0000] {dagbag.py:588} INFO - Filling up the DagBag from /home/airflow/.local/lib/python3.12/site-packages/airflow/example_dags/example_python_decorator.py
[2025-02-22T20:46:27.349+0000] {processor.py:925} INFO - DAG(s) 'example_python_decorator' retrieved from /home/airflow/.local/lib/python3.12/site-packages/airflow/example_dags/example_python_decorator.py
[2025-02-22T20:46:27.385+0000] {logging_mixin.py:190} INFO - [2025-02-22T20:46:27.383+0000] {dag.py:3239} INFO - Sync 1 DAGs
[2025-02-22T20:46:27.419+0000] {logging_mixin.py:190} INFO - [2025-02-22T20:46:27.419+0000] {dag.py:4180} INFO - Setting next_dagrun for example_python_decorator to None, run_after=None
[2025-02-22T20:46:27.453+0000] {processor.py:208} INFO - Processing /home/airflow/.local/lib/python3.12/site-packages/airflow/example_dags/example_python_decorator.py took 0.146 seconds
[2025-02-22T20:46:57.844+0000] {processor.py:186} INFO - Started process (PID=1715) to work on /home/airflow/.local/lib/python3.12/site-packages/airflow/example_dags/example_python_decorator.py
[2025-02-22T20:46:57.845+0000] {processor.py:914} INFO - Processing file /home/airflow/.local/lib/python3.12/site-packages/airflow/example_dags/example_python_decorator.py for tasks to queue
[2025-02-22T20:46:57.848+0000] {logging_mixin.py:190} INFO - [2025-02-22T20:46:57.847+0000] {dagbag.py:588} INFO - Filling up the DagBag from /home/airflow/.local/lib/python3.12/site-packages/airflow/example_dags/example_python_decorator.py
[2025-02-22T20:46:57.863+0000] {processor.py:925} INFO - DAG(s) 'example_python_decorator' retrieved from /home/airflow/.local/lib/python3.12/site-packages/airflow/example_dags/example_python_decorator.py
[2025-02-22T20:46:57.889+0000] {logging_mixin.py:190} INFO - [2025-02-22T20:46:57.889+0000] {dag.py:3239} INFO - Sync 1 DAGs
[2025-02-22T20:46:57.906+0000] {logging_mixin.py:190} INFO - [2025-02-22T20:46:57.905+0000] {dag.py:4180} INFO - Setting next_dagrun for example_python_decorator to None, run_after=None
[2025-02-22T20:46:57.928+0000] {processor.py:208} INFO - Processing /home/airflow/.local/lib/python3.12/site-packages/airflow/example_dags/example_python_decorator.py took 0.091 seconds
[2025-02-22T20:47:28.906+0000] {processor.py:186} INFO - Started process (PID=1778) to work on /home/airflow/.local/lib/python3.12/site-packages/airflow/example_dags/example_python_decorator.py
[2025-02-22T20:47:28.908+0000] {processor.py:914} INFO - Processing file /home/airflow/.local/lib/python3.12/site-packages/airflow/example_dags/example_python_decorator.py for tasks to queue
[2025-02-22T20:47:28.911+0000] {logging_mixin.py:190} INFO - [2025-02-22T20:47:28.911+0000] {dagbag.py:588} INFO - Filling up the DagBag from /home/airflow/.local/lib/python3.12/site-packages/airflow/example_dags/example_python_decorator.py
[2025-02-22T20:47:28.930+0000] {processor.py:925} INFO - DAG(s) 'example_python_decorator' retrieved from /home/airflow/.local/lib/python3.12/site-packages/airflow/example_dags/example_python_decorator.py
[2025-02-22T20:47:28.955+0000] {logging_mixin.py:190} INFO - [2025-02-22T20:47:28.954+0000] {dag.py:3239} INFO - Sync 1 DAGs
[2025-02-22T20:47:28.971+0000] {logging_mixin.py:190} INFO - [2025-02-22T20:47:28.970+0000] {dag.py:4180} INFO - Setting next_dagrun for example_python_decorator to None, run_after=None
[2025-02-22T20:47:28.992+0000] {processor.py:208} INFO - Processing /home/airflow/.local/lib/python3.12/site-packages/airflow/example_dags/example_python_decorator.py took 0.095 seconds
[2025-02-22T20:47:59.179+0000] {processor.py:186} INFO - Started process (PID=1840) to work on /home/airflow/.local/lib/python3.12/site-packages/airflow/example_dags/example_python_decorator.py
[2025-02-22T20:47:59.180+0000] {processor.py:914} INFO - Processing file /home/airflow/.local/lib/python3.12/site-packages/airflow/example_dags/example_python_decorator.py for tasks to queue
[2025-02-22T20:47:59.183+0000] {logging_mixin.py:190} INFO - [2025-02-22T20:47:59.183+0000] {dagbag.py:588} INFO - Filling up the DagBag from /home/airflow/.local/lib/python3.12/site-packages/airflow/example_dags/example_python_decorator.py
[2025-02-22T20:47:59.204+0000] {processor.py:925} INFO - DAG(s) 'example_python_decorator' retrieved from /home/airflow/.local/lib/python3.12/site-packages/airflow/example_dags/example_python_decorator.py
[2025-02-22T20:47:59.245+0000] {logging_mixin.py:190} INFO - [2025-02-22T20:47:59.244+0000] {dag.py:3239} INFO - Sync 1 DAGs
[2025-02-22T20:47:59.262+0000] {logging_mixin.py:190} INFO - [2025-02-22T20:47:59.262+0000] {dag.py:4180} INFO - Setting next_dagrun for example_python_decorator to None, run_after=None
[2025-02-22T20:47:59.281+0000] {processor.py:208} INFO - Processing /home/airflow/.local/lib/python3.12/site-packages/airflow/example_dags/example_python_decorator.py took 0.110 seconds
[2025-02-22T20:48:29.431+0000] {processor.py:186} INFO - Started process (PID=1903) to work on /home/airflow/.local/lib/python3.12/site-packages/airflow/example_dags/example_python_decorator.py
[2025-02-22T20:48:29.432+0000] {processor.py:914} INFO - Processing file /home/airflow/.local/lib/python3.12/site-packages/airflow/example_dags/example_python_decorator.py for tasks to queue
[2025-02-22T20:48:29.436+0000] {logging_mixin.py:190} INFO - [2025-02-22T20:48:29.435+0000] {dagbag.py:588} INFO - Filling up the DagBag from /home/airflow/.local/lib/python3.12/site-packages/airflow/example_dags/example_python_decorator.py
[2025-02-22T20:48:29.459+0000] {processor.py:925} INFO - DAG(s) 'example_python_decorator' retrieved from /home/airflow/.local/lib/python3.12/site-packages/airflow/example_dags/example_python_decorator.py
[2025-02-22T20:48:29.486+0000] {logging_mixin.py:190} INFO - [2025-02-22T20:48:29.485+0000] {dag.py:3239} INFO - Sync 1 DAGs
[2025-02-22T20:48:29.504+0000] {logging_mixin.py:190} INFO - [2025-02-22T20:48:29.504+0000] {dag.py:4180} INFO - Setting next_dagrun for example_python_decorator to None, run_after=None
[2025-02-22T20:48:29.531+0000] {processor.py:208} INFO - Processing /home/airflow/.local/lib/python3.12/site-packages/airflow/example_dags/example_python_decorator.py took 0.109 seconds
[2025-02-22T20:48:59.595+0000] {processor.py:186} INFO - Started process (PID=1965) to work on /home/airflow/.local/lib/python3.12/site-packages/airflow/example_dags/example_python_decorator.py
[2025-02-22T20:48:59.597+0000] {processor.py:914} INFO - Processing file /home/airflow/.local/lib/python3.12/site-packages/airflow/example_dags/example_python_decorator.py for tasks to queue
[2025-02-22T20:48:59.599+0000] {logging_mixin.py:190} INFO - [2025-02-22T20:48:59.599+0000] {dagbag.py:588} INFO - Filling up the DagBag from /home/airflow/.local/lib/python3.12/site-packages/airflow/example_dags/example_python_decorator.py
[2025-02-22T20:48:59.617+0000] {processor.py:925} INFO - DAG(s) 'example_python_decorator' retrieved from /home/airflow/.local/lib/python3.12/site-packages/airflow/example_dags/example_python_decorator.py
[2025-02-22T20:48:59.644+0000] {logging_mixin.py:190} INFO - [2025-02-22T20:48:59.644+0000] {dag.py:3239} INFO - Sync 1 DAGs
[2025-02-22T20:48:59.661+0000] {logging_mixin.py:190} INFO - [2025-02-22T20:48:59.661+0000] {dag.py:4180} INFO - Setting next_dagrun for example_python_decorator to None, run_after=None
[2025-02-22T20:48:59.685+0000] {processor.py:208} INFO - Processing /home/airflow/.local/lib/python3.12/site-packages/airflow/example_dags/example_python_decorator.py took 0.097 seconds
