[2025-02-22T20:33:54.831+0000] {processor.py:186} INFO - Started process (PID=111) to work on /home/airflow/.local/lib/python3.12/site-packages/airflow/example_dags/example_sla_dag.py
[2025-02-22T20:33:54.833+0000] {processor.py:914} INFO - Processing file /home/airflow/.local/lib/python3.12/site-packages/airflow/example_dags/example_sla_dag.py for tasks to queue
[2025-02-22T20:33:54.838+0000] {logging_mixin.py:190} INFO - [2025-02-22T20:33:54.838+0000] {dagbag.py:588} INFO - Filling up the DagBag from /home/airflow/.local/lib/python3.12/site-packages/airflow/example_dags/example_sla_dag.py
[2025-02-22T20:33:54.863+0000] {processor.py:925} INFO - DAG(s) 'example_sla_dag' retrieved from /home/airflow/.local/lib/python3.12/site-packages/airflow/example_dags/example_sla_dag.py
[2025-02-22T20:33:55.055+0000] {logging_mixin.py:190} INFO - [2025-02-22T20:33:55.054+0000] {override.py:1912} INFO - Created Permission View: can edit on DAG:example_sla_dag
[2025-02-22T20:33:55.072+0000] {logging_mixin.py:190} INFO - [2025-02-22T20:33:55.071+0000] {override.py:1912} INFO - Created Permission View: can read on DAG:example_sla_dag
[2025-02-22T20:33:55.083+0000] {logging_mixin.py:190} INFO - [2025-02-22T20:33:55.083+0000] {override.py:1912} INFO - Created Permission View: can delete on DAG:example_sla_dag
[2025-02-22T20:33:55.096+0000] {logging_mixin.py:190} INFO - [2025-02-22T20:33:55.095+0000] {override.py:1912} INFO - Created Permission View: can read on DAG Run:example_sla_dag
[2025-02-22T20:33:55.110+0000] {logging_mixin.py:190} INFO - [2025-02-22T20:33:55.109+0000] {override.py:1912} INFO - Created Permission View: menu access on DAG Run:example_sla_dag
[2025-02-22T20:33:55.125+0000] {logging_mixin.py:190} INFO - [2025-02-22T20:33:55.124+0000] {override.py:1912} INFO - Created Permission View: can create on DAG Run:example_sla_dag
[2025-02-22T20:33:55.139+0000] {logging_mixin.py:190} INFO - [2025-02-22T20:33:55.138+0000] {override.py:1912} INFO - Created Permission View: can delete on DAG Run:example_sla_dag
[2025-02-22T20:33:55.140+0000] {logging_mixin.py:190} INFO - [2025-02-22T20:33:55.140+0000] {dag.py:3239} INFO - Sync 1 DAGs
[2025-02-22T20:33:55.173+0000] {logging_mixin.py:190} INFO - [2025-02-22T20:33:55.173+0000] {dag.py:3262} INFO - Creating ORM DAG for example_sla_dag
[2025-02-22T20:33:55.193+0000] {logging_mixin.py:190} INFO - [2025-02-22T20:33:55.193+0000] {dag.py:4180} INFO - Setting next_dagrun for example_sla_dag to 2025-02-22 20:30:00+00:00, run_after=2025-02-22 20:32:00+00:00
[2025-02-22T20:33:55.223+0000] {processor.py:208} INFO - Processing /home/airflow/.local/lib/python3.12/site-packages/airflow/example_dags/example_sla_dag.py took 0.406 seconds
[2025-02-22T20:34:25.969+0000] {processor.py:186} INFO - Started process (PID=173) to work on /home/airflow/.local/lib/python3.12/site-packages/airflow/example_dags/example_sla_dag.py
[2025-02-22T20:34:25.971+0000] {processor.py:914} INFO - Processing file /home/airflow/.local/lib/python3.12/site-packages/airflow/example_dags/example_sla_dag.py for tasks to queue
[2025-02-22T20:34:25.976+0000] {logging_mixin.py:190} INFO - [2025-02-22T20:34:25.975+0000] {dagbag.py:588} INFO - Filling up the DagBag from /home/airflow/.local/lib/python3.12/site-packages/airflow/example_dags/example_sla_dag.py
[2025-02-22T20:34:26.006+0000] {processor.py:925} INFO - DAG(s) 'example_sla_dag' retrieved from /home/airflow/.local/lib/python3.12/site-packages/airflow/example_dags/example_sla_dag.py
[2025-02-22T20:34:26.053+0000] {logging_mixin.py:190} INFO - [2025-02-22T20:34:26.052+0000] {dag.py:3239} INFO - Sync 1 DAGs
[2025-02-22T20:34:26.136+0000] {logging_mixin.py:190} INFO - [2025-02-22T20:34:26.135+0000] {dag.py:4180} INFO - Setting next_dagrun for example_sla_dag to 2025-02-22 20:32:00+00:00, run_after=2025-02-22 20:34:00+00:00
[2025-02-22T20:34:26.191+0000] {processor.py:208} INFO - Processing /home/airflow/.local/lib/python3.12/site-packages/airflow/example_dags/example_sla_dag.py took 0.232 seconds
[2025-02-22T20:34:56.772+0000] {processor.py:186} INFO - Started process (PID=242) to work on /home/airflow/.local/lib/python3.12/site-packages/airflow/example_dags/example_sla_dag.py
[2025-02-22T20:34:56.774+0000] {processor.py:914} INFO - Processing file /home/airflow/.local/lib/python3.12/site-packages/airflow/example_dags/example_sla_dag.py for tasks to queue
[2025-02-22T20:34:56.776+0000] {logging_mixin.py:190} INFO - [2025-02-22T20:34:56.776+0000] {dagbag.py:588} INFO - Filling up the DagBag from /home/airflow/.local/lib/python3.12/site-packages/airflow/example_dags/example_sla_dag.py
[2025-02-22T20:34:56.788+0000] {processor.py:925} INFO - DAG(s) 'example_sla_dag' retrieved from /home/airflow/.local/lib/python3.12/site-packages/airflow/example_dags/example_sla_dag.py
[2025-02-22T20:34:56.810+0000] {logging_mixin.py:190} INFO - [2025-02-22T20:34:56.810+0000] {dag.py:3239} INFO - Sync 1 DAGs
[2025-02-22T20:34:56.839+0000] {logging_mixin.py:190} INFO - [2025-02-22T20:34:56.839+0000] {dag.py:4180} INFO - Setting next_dagrun for example_sla_dag to 2025-02-22 20:32:00+00:00, run_after=2025-02-22 20:34:00+00:00
[2025-02-22T20:34:56.863+0000] {processor.py:208} INFO - Processing /home/airflow/.local/lib/python3.12/site-packages/airflow/example_dags/example_sla_dag.py took 0.097 seconds
[2025-02-22T20:35:27.514+0000] {processor.py:186} INFO - Started process (PID=305) to work on /home/airflow/.local/lib/python3.12/site-packages/airflow/example_dags/example_sla_dag.py
[2025-02-22T20:35:27.515+0000] {processor.py:914} INFO - Processing file /home/airflow/.local/lib/python3.12/site-packages/airflow/example_dags/example_sla_dag.py for tasks to queue
[2025-02-22T20:35:27.518+0000] {logging_mixin.py:190} INFO - [2025-02-22T20:35:27.518+0000] {dagbag.py:588} INFO - Filling up the DagBag from /home/airflow/.local/lib/python3.12/site-packages/airflow/example_dags/example_sla_dag.py
[2025-02-22T20:35:27.531+0000] {processor.py:925} INFO - DAG(s) 'example_sla_dag' retrieved from /home/airflow/.local/lib/python3.12/site-packages/airflow/example_dags/example_sla_dag.py
[2025-02-22T20:35:27.556+0000] {logging_mixin.py:190} INFO - [2025-02-22T20:35:27.556+0000] {dag.py:3239} INFO - Sync 1 DAGs
[2025-02-22T20:35:27.599+0000] {logging_mixin.py:190} INFO - [2025-02-22T20:35:27.599+0000] {dag.py:4180} INFO - Setting next_dagrun for example_sla_dag to 2025-02-22 20:32:00+00:00, run_after=2025-02-22 20:34:00+00:00
[2025-02-22T20:35:27.631+0000] {processor.py:208} INFO - Processing /home/airflow/.local/lib/python3.12/site-packages/airflow/example_dags/example_sla_dag.py took 0.125 seconds
[2025-02-22T20:35:57.691+0000] {processor.py:186} INFO - Started process (PID=369) to work on /home/airflow/.local/lib/python3.12/site-packages/airflow/example_dags/example_sla_dag.py
[2025-02-22T20:35:57.692+0000] {processor.py:914} INFO - Processing file /home/airflow/.local/lib/python3.12/site-packages/airflow/example_dags/example_sla_dag.py for tasks to queue
[2025-02-22T20:35:57.695+0000] {logging_mixin.py:190} INFO - [2025-02-22T20:35:57.694+0000] {dagbag.py:588} INFO - Filling up the DagBag from /home/airflow/.local/lib/python3.12/site-packages/airflow/example_dags/example_sla_dag.py
[2025-02-22T20:35:57.717+0000] {processor.py:925} INFO - DAG(s) 'example_sla_dag' retrieved from /home/airflow/.local/lib/python3.12/site-packages/airflow/example_dags/example_sla_dag.py
[2025-02-22T20:35:57.739+0000] {logging_mixin.py:190} INFO - [2025-02-22T20:35:57.739+0000] {dag.py:3239} INFO - Sync 1 DAGs
[2025-02-22T20:35:57.771+0000] {logging_mixin.py:190} INFO - [2025-02-22T20:35:57.770+0000] {dag.py:4180} INFO - Setting next_dagrun for example_sla_dag to 2025-02-22 20:32:00+00:00, run_after=2025-02-22 20:34:00+00:00
[2025-02-22T20:35:57.794+0000] {processor.py:208} INFO - Processing /home/airflow/.local/lib/python3.12/site-packages/airflow/example_dags/example_sla_dag.py took 0.111 seconds
[2025-02-22T20:36:28.082+0000] {processor.py:186} INFO - Started process (PID=432) to work on /home/airflow/.local/lib/python3.12/site-packages/airflow/example_dags/example_sla_dag.py
[2025-02-22T20:36:28.084+0000] {processor.py:914} INFO - Processing file /home/airflow/.local/lib/python3.12/site-packages/airflow/example_dags/example_sla_dag.py for tasks to queue
[2025-02-22T20:36:28.088+0000] {logging_mixin.py:190} INFO - [2025-02-22T20:36:28.088+0000] {dagbag.py:588} INFO - Filling up the DagBag from /home/airflow/.local/lib/python3.12/site-packages/airflow/example_dags/example_sla_dag.py
[2025-02-22T20:36:28.101+0000] {processor.py:925} INFO - DAG(s) 'example_sla_dag' retrieved from /home/airflow/.local/lib/python3.12/site-packages/airflow/example_dags/example_sla_dag.py
[2025-02-22T20:36:28.127+0000] {logging_mixin.py:190} INFO - [2025-02-22T20:36:28.127+0000] {dag.py:3239} INFO - Sync 1 DAGs
[2025-02-22T20:36:28.165+0000] {logging_mixin.py:190} INFO - [2025-02-22T20:36:28.165+0000] {dag.py:4180} INFO - Setting next_dagrun for example_sla_dag to 2025-02-22 20:34:00+00:00, run_after=2025-02-22 20:36:00+00:00
[2025-02-22T20:36:28.190+0000] {processor.py:208} INFO - Processing /home/airflow/.local/lib/python3.12/site-packages/airflow/example_dags/example_sla_dag.py took 0.116 seconds
[2025-02-22T20:36:58.483+0000] {processor.py:186} INFO - Started process (PID=494) to work on /home/airflow/.local/lib/python3.12/site-packages/airflow/example_dags/example_sla_dag.py
[2025-02-22T20:36:58.484+0000] {processor.py:914} INFO - Processing file /home/airflow/.local/lib/python3.12/site-packages/airflow/example_dags/example_sla_dag.py for tasks to queue
[2025-02-22T20:36:58.487+0000] {logging_mixin.py:190} INFO - [2025-02-22T20:36:58.487+0000] {dagbag.py:588} INFO - Filling up the DagBag from /home/airflow/.local/lib/python3.12/site-packages/airflow/example_dags/example_sla_dag.py
[2025-02-22T20:36:58.498+0000] {processor.py:925} INFO - DAG(s) 'example_sla_dag' retrieved from /home/airflow/.local/lib/python3.12/site-packages/airflow/example_dags/example_sla_dag.py
[2025-02-22T20:36:58.520+0000] {logging_mixin.py:190} INFO - [2025-02-22T20:36:58.520+0000] {dag.py:3239} INFO - Sync 1 DAGs
[2025-02-22T20:36:58.549+0000] {logging_mixin.py:190} INFO - [2025-02-22T20:36:58.549+0000] {dag.py:4180} INFO - Setting next_dagrun for example_sla_dag to 2025-02-22 20:34:00+00:00, run_after=2025-02-22 20:36:00+00:00
[2025-02-22T20:36:58.569+0000] {processor.py:208} INFO - Processing /home/airflow/.local/lib/python3.12/site-packages/airflow/example_dags/example_sla_dag.py took 0.093 seconds
[2025-02-22T20:37:28.880+0000] {processor.py:186} INFO - Started process (PID=557) to work on /home/airflow/.local/lib/python3.12/site-packages/airflow/example_dags/example_sla_dag.py
[2025-02-22T20:37:28.882+0000] {processor.py:914} INFO - Processing file /home/airflow/.local/lib/python3.12/site-packages/airflow/example_dags/example_sla_dag.py for tasks to queue
[2025-02-22T20:37:28.884+0000] {logging_mixin.py:190} INFO - [2025-02-22T20:37:28.884+0000] {dagbag.py:588} INFO - Filling up the DagBag from /home/airflow/.local/lib/python3.12/site-packages/airflow/example_dags/example_sla_dag.py
[2025-02-22T20:37:28.896+0000] {processor.py:925} INFO - DAG(s) 'example_sla_dag' retrieved from /home/airflow/.local/lib/python3.12/site-packages/airflow/example_dags/example_sla_dag.py
[2025-02-22T20:37:28.917+0000] {logging_mixin.py:190} INFO - [2025-02-22T20:37:28.917+0000] {dag.py:3239} INFO - Sync 1 DAGs
[2025-02-22T20:37:28.945+0000] {logging_mixin.py:190} INFO - [2025-02-22T20:37:28.945+0000] {dag.py:4180} INFO - Setting next_dagrun for example_sla_dag to 2025-02-22 20:34:00+00:00, run_after=2025-02-22 20:36:00+00:00
[2025-02-22T20:37:28.967+0000] {processor.py:208} INFO - Processing /home/airflow/.local/lib/python3.12/site-packages/airflow/example_dags/example_sla_dag.py took 0.093 seconds
[2025-02-22T20:37:59.172+0000] {processor.py:186} INFO - Started process (PID=620) to work on /home/airflow/.local/lib/python3.12/site-packages/airflow/example_dags/example_sla_dag.py
[2025-02-22T20:37:59.174+0000] {processor.py:914} INFO - Processing file /home/airflow/.local/lib/python3.12/site-packages/airflow/example_dags/example_sla_dag.py for tasks to queue
[2025-02-22T20:37:59.176+0000] {logging_mixin.py:190} INFO - [2025-02-22T20:37:59.176+0000] {dagbag.py:588} INFO - Filling up the DagBag from /home/airflow/.local/lib/python3.12/site-packages/airflow/example_dags/example_sla_dag.py
[2025-02-22T20:37:59.192+0000] {processor.py:925} INFO - DAG(s) 'example_sla_dag' retrieved from /home/airflow/.local/lib/python3.12/site-packages/airflow/example_dags/example_sla_dag.py
[2025-02-22T20:37:59.215+0000] {logging_mixin.py:190} INFO - [2025-02-22T20:37:59.215+0000] {dag.py:3239} INFO - Sync 1 DAGs
[2025-02-22T20:37:59.246+0000] {logging_mixin.py:190} INFO - [2025-02-22T20:37:59.245+0000] {dag.py:4180} INFO - Setting next_dagrun for example_sla_dag to 2025-02-22 20:34:00+00:00, run_after=2025-02-22 20:36:00+00:00
[2025-02-22T20:37:59.266+0000] {processor.py:208} INFO - Processing /home/airflow/.local/lib/python3.12/site-packages/airflow/example_dags/example_sla_dag.py took 0.101 seconds
[2025-02-22T20:38:29.678+0000] {processor.py:186} INFO - Started process (PID=682) to work on /home/airflow/.local/lib/python3.12/site-packages/airflow/example_dags/example_sla_dag.py
[2025-02-22T20:38:29.679+0000] {processor.py:914} INFO - Processing file /home/airflow/.local/lib/python3.12/site-packages/airflow/example_dags/example_sla_dag.py for tasks to queue
[2025-02-22T20:38:29.682+0000] {logging_mixin.py:190} INFO - [2025-02-22T20:38:29.681+0000] {dagbag.py:588} INFO - Filling up the DagBag from /home/airflow/.local/lib/python3.12/site-packages/airflow/example_dags/example_sla_dag.py
[2025-02-22T20:38:29.693+0000] {processor.py:925} INFO - DAG(s) 'example_sla_dag' retrieved from /home/airflow/.local/lib/python3.12/site-packages/airflow/example_dags/example_sla_dag.py
[2025-02-22T20:38:29.716+0000] {logging_mixin.py:190} INFO - [2025-02-22T20:38:29.715+0000] {dag.py:3239} INFO - Sync 1 DAGs
[2025-02-22T20:38:29.745+0000] {logging_mixin.py:190} INFO - [2025-02-22T20:38:29.745+0000] {dag.py:4180} INFO - Setting next_dagrun for example_sla_dag to 2025-02-22 20:36:00+00:00, run_after=2025-02-22 20:38:00+00:00
[2025-02-22T20:38:29.767+0000] {processor.py:208} INFO - Processing /home/airflow/.local/lib/python3.12/site-packages/airflow/example_dags/example_sla_dag.py took 0.096 seconds
[2025-02-22T20:39:01.150+0000] {processor.py:186} INFO - Started process (PID=745) to work on /home/airflow/.local/lib/python3.12/site-packages/airflow/example_dags/example_sla_dag.py
[2025-02-22T20:39:01.152+0000] {processor.py:914} INFO - Processing file /home/airflow/.local/lib/python3.12/site-packages/airflow/example_dags/example_sla_dag.py for tasks to queue
[2025-02-22T20:39:01.156+0000] {logging_mixin.py:190} INFO - [2025-02-22T20:39:01.155+0000] {dagbag.py:588} INFO - Filling up the DagBag from /home/airflow/.local/lib/python3.12/site-packages/airflow/example_dags/example_sla_dag.py
[2025-02-22T20:39:01.174+0000] {processor.py:925} INFO - DAG(s) 'example_sla_dag' retrieved from /home/airflow/.local/lib/python3.12/site-packages/airflow/example_dags/example_sla_dag.py
[2025-02-22T20:39:01.205+0000] {logging_mixin.py:190} INFO - [2025-02-22T20:39:01.204+0000] {dag.py:3239} INFO - Sync 1 DAGs
[2025-02-22T20:39:01.254+0000] {logging_mixin.py:190} INFO - [2025-02-22T20:39:01.253+0000] {dag.py:4180} INFO - Setting next_dagrun for example_sla_dag to 2025-02-22 20:36:00+00:00, run_after=2025-02-22 20:38:00+00:00
[2025-02-22T20:39:01.279+0000] {processor.py:208} INFO - Processing /home/airflow/.local/lib/python3.12/site-packages/airflow/example_dags/example_sla_dag.py took 0.140 seconds
[2025-02-22T20:39:31.523+0000] {processor.py:186} INFO - Started process (PID=807) to work on /home/airflow/.local/lib/python3.12/site-packages/airflow/example_dags/example_sla_dag.py
[2025-02-22T20:39:31.524+0000] {processor.py:914} INFO - Processing file /home/airflow/.local/lib/python3.12/site-packages/airflow/example_dags/example_sla_dag.py for tasks to queue
[2025-02-22T20:39:31.527+0000] {logging_mixin.py:190} INFO - [2025-02-22T20:39:31.527+0000] {dagbag.py:588} INFO - Filling up the DagBag from /home/airflow/.local/lib/python3.12/site-packages/airflow/example_dags/example_sla_dag.py
[2025-02-22T20:39:31.544+0000] {processor.py:925} INFO - DAG(s) 'example_sla_dag' retrieved from /home/airflow/.local/lib/python3.12/site-packages/airflow/example_dags/example_sla_dag.py
[2025-02-22T20:39:31.567+0000] {logging_mixin.py:190} INFO - [2025-02-22T20:39:31.566+0000] {dag.py:3239} INFO - Sync 1 DAGs
[2025-02-22T20:39:31.596+0000] {logging_mixin.py:190} INFO - [2025-02-22T20:39:31.595+0000] {dag.py:4180} INFO - Setting next_dagrun for example_sla_dag to 2025-02-22 20:36:00+00:00, run_after=2025-02-22 20:38:00+00:00
[2025-02-22T20:39:31.617+0000] {processor.py:208} INFO - Processing /home/airflow/.local/lib/python3.12/site-packages/airflow/example_dags/example_sla_dag.py took 0.101 seconds
[2025-02-22T20:40:03.933+0000] {processor.py:186} INFO - Started process (PID=870) to work on /home/airflow/.local/lib/python3.12/site-packages/airflow/example_dags/example_sla_dag.py
[2025-02-22T20:40:03.934+0000] {processor.py:914} INFO - Processing file /home/airflow/.local/lib/python3.12/site-packages/airflow/example_dags/example_sla_dag.py for tasks to queue
[2025-02-22T20:40:03.937+0000] {logging_mixin.py:190} INFO - [2025-02-22T20:40:03.936+0000] {dagbag.py:588} INFO - Filling up the DagBag from /home/airflow/.local/lib/python3.12/site-packages/airflow/example_dags/example_sla_dag.py
[2025-02-22T20:40:03.950+0000] {processor.py:925} INFO - DAG(s) 'example_sla_dag' retrieved from /home/airflow/.local/lib/python3.12/site-packages/airflow/example_dags/example_sla_dag.py
[2025-02-22T20:40:03.973+0000] {logging_mixin.py:190} INFO - [2025-02-22T20:40:03.972+0000] {dag.py:3239} INFO - Sync 1 DAGs
[2025-02-22T20:40:04.018+0000] {logging_mixin.py:190} INFO - [2025-02-22T20:40:04.017+0000] {dag.py:4180} INFO - Setting next_dagrun for example_sla_dag to 2025-02-22 20:38:00+00:00, run_after=2025-02-22 20:40:00+00:00
[2025-02-22T20:40:04.052+0000] {processor.py:208} INFO - Processing /home/airflow/.local/lib/python3.12/site-packages/airflow/example_dags/example_sla_dag.py took 0.126 seconds
[2025-02-22T20:40:37.073+0000] {processor.py:186} INFO - Started process (PID=934) to work on /home/airflow/.local/lib/python3.12/site-packages/airflow/example_dags/example_sla_dag.py
[2025-02-22T20:40:37.074+0000] {processor.py:914} INFO - Processing file /home/airflow/.local/lib/python3.12/site-packages/airflow/example_dags/example_sla_dag.py for tasks to queue
[2025-02-22T20:40:37.077+0000] {logging_mixin.py:190} INFO - [2025-02-22T20:40:37.076+0000] {dagbag.py:588} INFO - Filling up the DagBag from /home/airflow/.local/lib/python3.12/site-packages/airflow/example_dags/example_sla_dag.py
[2025-02-22T20:40:37.088+0000] {processor.py:925} INFO - DAG(s) 'example_sla_dag' retrieved from /home/airflow/.local/lib/python3.12/site-packages/airflow/example_dags/example_sla_dag.py
[2025-02-22T20:40:37.112+0000] {logging_mixin.py:190} INFO - [2025-02-22T20:40:37.111+0000] {dag.py:3239} INFO - Sync 1 DAGs
[2025-02-22T20:40:37.142+0000] {logging_mixin.py:190} INFO - [2025-02-22T20:40:37.142+0000] {dag.py:4180} INFO - Setting next_dagrun for example_sla_dag to 2025-02-22 20:38:00+00:00, run_after=2025-02-22 20:40:00+00:00
[2025-02-22T20:40:37.165+0000] {processor.py:208} INFO - Processing /home/airflow/.local/lib/python3.12/site-packages/airflow/example_dags/example_sla_dag.py took 0.099 seconds
[2025-02-22T20:41:07.913+0000] {processor.py:186} INFO - Started process (PID=997) to work on /home/airflow/.local/lib/python3.12/site-packages/airflow/example_dags/example_sla_dag.py
[2025-02-22T20:41:07.915+0000] {processor.py:914} INFO - Processing file /home/airflow/.local/lib/python3.12/site-packages/airflow/example_dags/example_sla_dag.py for tasks to queue
[2025-02-22T20:41:07.919+0000] {logging_mixin.py:190} INFO - [2025-02-22T20:41:07.918+0000] {dagbag.py:588} INFO - Filling up the DagBag from /home/airflow/.local/lib/python3.12/site-packages/airflow/example_dags/example_sla_dag.py
[2025-02-22T20:41:07.937+0000] {processor.py:925} INFO - DAG(s) 'example_sla_dag' retrieved from /home/airflow/.local/lib/python3.12/site-packages/airflow/example_dags/example_sla_dag.py
[2025-02-22T20:41:07.978+0000] {logging_mixin.py:190} INFO - [2025-02-22T20:41:07.978+0000] {dag.py:3239} INFO - Sync 1 DAGs
[2025-02-22T20:41:08.055+0000] {logging_mixin.py:190} INFO - [2025-02-22T20:41:08.055+0000] {dag.py:4180} INFO - Setting next_dagrun for example_sla_dag to 2025-02-22 20:38:00+00:00, run_after=2025-02-22 20:40:00+00:00
[2025-02-22T20:41:08.106+0000] {processor.py:208} INFO - Processing /home/airflow/.local/lib/python3.12/site-packages/airflow/example_dags/example_sla_dag.py took 0.202 seconds
[2025-02-22T20:41:38.836+0000] {processor.py:186} INFO - Started process (PID=1060) to work on /home/airflow/.local/lib/python3.12/site-packages/airflow/example_dags/example_sla_dag.py
[2025-02-22T20:41:38.837+0000] {processor.py:914} INFO - Processing file /home/airflow/.local/lib/python3.12/site-packages/airflow/example_dags/example_sla_dag.py for tasks to queue
[2025-02-22T20:41:38.840+0000] {logging_mixin.py:190} INFO - [2025-02-22T20:41:38.839+0000] {dagbag.py:588} INFO - Filling up the DagBag from /home/airflow/.local/lib/python3.12/site-packages/airflow/example_dags/example_sla_dag.py
[2025-02-22T20:41:38.853+0000] {processor.py:925} INFO - DAG(s) 'example_sla_dag' retrieved from /home/airflow/.local/lib/python3.12/site-packages/airflow/example_dags/example_sla_dag.py
[2025-02-22T20:41:38.876+0000] {logging_mixin.py:190} INFO - [2025-02-22T20:41:38.876+0000] {dag.py:3239} INFO - Sync 1 DAGs
[2025-02-22T20:41:38.906+0000] {logging_mixin.py:190} INFO - [2025-02-22T20:41:38.906+0000] {dag.py:4180} INFO - Setting next_dagrun for example_sla_dag to 2025-02-22 20:38:00+00:00, run_after=2025-02-22 20:40:00+00:00
[2025-02-22T20:41:38.928+0000] {processor.py:208} INFO - Processing /home/airflow/.local/lib/python3.12/site-packages/airflow/example_dags/example_sla_dag.py took 0.101 seconds
[2025-02-22T20:42:11.361+0000] {processor.py:186} INFO - Started process (PID=1122) to work on /home/airflow/.local/lib/python3.12/site-packages/airflow/example_dags/example_sla_dag.py
[2025-02-22T20:42:11.363+0000] {processor.py:914} INFO - Processing file /home/airflow/.local/lib/python3.12/site-packages/airflow/example_dags/example_sla_dag.py for tasks to queue
[2025-02-22T20:42:11.369+0000] {logging_mixin.py:190} INFO - [2025-02-22T20:42:11.368+0000] {dagbag.py:588} INFO - Filling up the DagBag from /home/airflow/.local/lib/python3.12/site-packages/airflow/example_dags/example_sla_dag.py
[2025-02-22T20:42:11.393+0000] {processor.py:925} INFO - DAG(s) 'example_sla_dag' retrieved from /home/airflow/.local/lib/python3.12/site-packages/airflow/example_dags/example_sla_dag.py
[2025-02-22T20:42:11.445+0000] {logging_mixin.py:190} INFO - [2025-02-22T20:42:11.444+0000] {dag.py:3239} INFO - Sync 1 DAGs
[2025-02-22T20:42:11.542+0000] {logging_mixin.py:190} INFO - [2025-02-22T20:42:11.541+0000] {dag.py:4180} INFO - Setting next_dagrun for example_sla_dag to 2025-02-22 20:40:00+00:00, run_after=2025-02-22 20:42:00+00:00
[2025-02-22T20:42:11.589+0000] {processor.py:208} INFO - Processing /home/airflow/.local/lib/python3.12/site-packages/airflow/example_dags/example_sla_dag.py took 0.244 seconds
[2025-02-22T20:42:41.889+0000] {processor.py:186} INFO - Started process (PID=1185) to work on /home/airflow/.local/lib/python3.12/site-packages/airflow/example_dags/example_sla_dag.py
[2025-02-22T20:42:41.890+0000] {processor.py:914} INFO - Processing file /home/airflow/.local/lib/python3.12/site-packages/airflow/example_dags/example_sla_dag.py for tasks to queue
[2025-02-22T20:42:41.896+0000] {logging_mixin.py:190} INFO - [2025-02-22T20:42:41.895+0000] {dagbag.py:588} INFO - Filling up the DagBag from /home/airflow/.local/lib/python3.12/site-packages/airflow/example_dags/example_sla_dag.py
[2025-02-22T20:42:41.917+0000] {processor.py:925} INFO - DAG(s) 'example_sla_dag' retrieved from /home/airflow/.local/lib/python3.12/site-packages/airflow/example_dags/example_sla_dag.py
[2025-02-22T20:42:41.945+0000] {logging_mixin.py:190} INFO - [2025-02-22T20:42:41.945+0000] {dag.py:3239} INFO - Sync 1 DAGs
[2025-02-22T20:42:41.988+0000] {logging_mixin.py:190} INFO - [2025-02-22T20:42:41.987+0000] {dag.py:4180} INFO - Setting next_dagrun for example_sla_dag to 2025-02-22 20:40:00+00:00, run_after=2025-02-22 20:42:00+00:00
[2025-02-22T20:42:42.014+0000] {processor.py:208} INFO - Processing /home/airflow/.local/lib/python3.12/site-packages/airflow/example_dags/example_sla_dag.py took 0.135 seconds
[2025-02-22T20:43:12.076+0000] {processor.py:186} INFO - Started process (PID=1248) to work on /home/airflow/.local/lib/python3.12/site-packages/airflow/example_dags/example_sla_dag.py
[2025-02-22T20:43:12.077+0000] {processor.py:914} INFO - Processing file /home/airflow/.local/lib/python3.12/site-packages/airflow/example_dags/example_sla_dag.py for tasks to queue
[2025-02-22T20:43:12.081+0000] {logging_mixin.py:190} INFO - [2025-02-22T20:43:12.080+0000] {dagbag.py:588} INFO - Filling up the DagBag from /home/airflow/.local/lib/python3.12/site-packages/airflow/example_dags/example_sla_dag.py
[2025-02-22T20:43:12.092+0000] {processor.py:925} INFO - DAG(s) 'example_sla_dag' retrieved from /home/airflow/.local/lib/python3.12/site-packages/airflow/example_dags/example_sla_dag.py
[2025-02-22T20:43:12.114+0000] {logging_mixin.py:190} INFO - [2025-02-22T20:43:12.114+0000] {dag.py:3239} INFO - Sync 1 DAGs
[2025-02-22T20:43:12.142+0000] {logging_mixin.py:190} INFO - [2025-02-22T20:43:12.142+0000] {dag.py:4180} INFO - Setting next_dagrun for example_sla_dag to 2025-02-22 20:40:00+00:00, run_after=2025-02-22 20:42:00+00:00
[2025-02-22T20:43:12.166+0000] {processor.py:208} INFO - Processing /home/airflow/.local/lib/python3.12/site-packages/airflow/example_dags/example_sla_dag.py took 0.097 seconds
[2025-02-22T20:43:43.861+0000] {processor.py:186} INFO - Started process (PID=1313) to work on /home/airflow/.local/lib/python3.12/site-packages/airflow/example_dags/example_sla_dag.py
[2025-02-22T20:43:43.863+0000] {processor.py:914} INFO - Processing file /home/airflow/.local/lib/python3.12/site-packages/airflow/example_dags/example_sla_dag.py for tasks to queue
[2025-02-22T20:43:43.866+0000] {logging_mixin.py:190} INFO - [2025-02-22T20:43:43.866+0000] {dagbag.py:588} INFO - Filling up the DagBag from /home/airflow/.local/lib/python3.12/site-packages/airflow/example_dags/example_sla_dag.py
[2025-02-22T20:43:43.879+0000] {processor.py:925} INFO - DAG(s) 'example_sla_dag' retrieved from /home/airflow/.local/lib/python3.12/site-packages/airflow/example_dags/example_sla_dag.py
[2025-02-22T20:43:43.904+0000] {logging_mixin.py:190} INFO - [2025-02-22T20:43:43.903+0000] {dag.py:3239} INFO - Sync 1 DAGs
[2025-02-22T20:43:43.942+0000] {logging_mixin.py:190} INFO - [2025-02-22T20:43:43.941+0000] {dag.py:4180} INFO - Setting next_dagrun for example_sla_dag to 2025-02-22 20:40:00+00:00, run_after=2025-02-22 20:42:00+00:00
[2025-02-22T20:43:43.971+0000] {processor.py:208} INFO - Processing /home/airflow/.local/lib/python3.12/site-packages/airflow/example_dags/example_sla_dag.py took 0.118 seconds
[2025-02-22T20:44:15.447+0000] {processor.py:186} INFO - Started process (PID=1376) to work on /home/airflow/.local/lib/python3.12/site-packages/airflow/example_dags/example_sla_dag.py
[2025-02-22T20:44:15.448+0000] {processor.py:914} INFO - Processing file /home/airflow/.local/lib/python3.12/site-packages/airflow/example_dags/example_sla_dag.py for tasks to queue
[2025-02-22T20:44:15.452+0000] {logging_mixin.py:190} INFO - [2025-02-22T20:44:15.451+0000] {dagbag.py:588} INFO - Filling up the DagBag from /home/airflow/.local/lib/python3.12/site-packages/airflow/example_dags/example_sla_dag.py
[2025-02-22T20:44:15.467+0000] {processor.py:925} INFO - DAG(s) 'example_sla_dag' retrieved from /home/airflow/.local/lib/python3.12/site-packages/airflow/example_dags/example_sla_dag.py
[2025-02-22T20:44:15.493+0000] {logging_mixin.py:190} INFO - [2025-02-22T20:44:15.493+0000] {dag.py:3239} INFO - Sync 1 DAGs
[2025-02-22T20:44:15.527+0000] {logging_mixin.py:190} INFO - [2025-02-22T20:44:15.526+0000] {dag.py:4180} INFO - Setting next_dagrun for example_sla_dag to 2025-02-22 20:42:00+00:00, run_after=2025-02-22 20:44:00+00:00
[2025-02-22T20:44:15.551+0000] {processor.py:208} INFO - Processing /home/airflow/.local/lib/python3.12/site-packages/airflow/example_dags/example_sla_dag.py took 0.113 seconds
[2025-02-22T20:44:46.569+0000] {processor.py:186} INFO - Started process (PID=1439) to work on /home/airflow/.local/lib/python3.12/site-packages/airflow/example_dags/example_sla_dag.py
[2025-02-22T20:44:46.571+0000] {processor.py:914} INFO - Processing file /home/airflow/.local/lib/python3.12/site-packages/airflow/example_dags/example_sla_dag.py for tasks to queue
[2025-02-22T20:44:46.575+0000] {logging_mixin.py:190} INFO - [2025-02-22T20:44:46.574+0000] {dagbag.py:588} INFO - Filling up the DagBag from /home/airflow/.local/lib/python3.12/site-packages/airflow/example_dags/example_sla_dag.py
[2025-02-22T20:44:46.589+0000] {processor.py:925} INFO - DAG(s) 'example_sla_dag' retrieved from /home/airflow/.local/lib/python3.12/site-packages/airflow/example_dags/example_sla_dag.py
[2025-02-22T20:44:46.613+0000] {logging_mixin.py:190} INFO - [2025-02-22T20:44:46.612+0000] {dag.py:3239} INFO - Sync 1 DAGs
[2025-02-22T20:44:46.645+0000] {logging_mixin.py:190} INFO - [2025-02-22T20:44:46.645+0000] {dag.py:4180} INFO - Setting next_dagrun for example_sla_dag to 2025-02-22 20:42:00+00:00, run_after=2025-02-22 20:44:00+00:00
[2025-02-22T20:44:46.681+0000] {processor.py:208} INFO - Processing /home/airflow/.local/lib/python3.12/site-packages/airflow/example_dags/example_sla_dag.py took 0.121 seconds
[2025-02-22T20:45:18.032+0000] {processor.py:186} INFO - Started process (PID=1502) to work on /home/airflow/.local/lib/python3.12/site-packages/airflow/example_dags/example_sla_dag.py
[2025-02-22T20:45:18.034+0000] {processor.py:914} INFO - Processing file /home/airflow/.local/lib/python3.12/site-packages/airflow/example_dags/example_sla_dag.py for tasks to queue
[2025-02-22T20:45:18.037+0000] {logging_mixin.py:190} INFO - [2025-02-22T20:45:18.037+0000] {dagbag.py:588} INFO - Filling up the DagBag from /home/airflow/.local/lib/python3.12/site-packages/airflow/example_dags/example_sla_dag.py
[2025-02-22T20:45:18.052+0000] {processor.py:925} INFO - DAG(s) 'example_sla_dag' retrieved from /home/airflow/.local/lib/python3.12/site-packages/airflow/example_dags/example_sla_dag.py
[2025-02-22T20:45:18.078+0000] {logging_mixin.py:190} INFO - [2025-02-22T20:45:18.078+0000] {dag.py:3239} INFO - Sync 1 DAGs
[2025-02-22T20:45:18.115+0000] {logging_mixin.py:190} INFO - [2025-02-22T20:45:18.115+0000] {dag.py:4180} INFO - Setting next_dagrun for example_sla_dag to 2025-02-22 20:42:00+00:00, run_after=2025-02-22 20:44:00+00:00
[2025-02-22T20:45:18.166+0000] {processor.py:208} INFO - Processing /home/airflow/.local/lib/python3.12/site-packages/airflow/example_dags/example_sla_dag.py took 0.144 seconds
[2025-02-22T20:45:49.639+0000] {processor.py:186} INFO - Started process (PID=1566) to work on /home/airflow/.local/lib/python3.12/site-packages/airflow/example_dags/example_sla_dag.py
[2025-02-22T20:45:49.641+0000] {processor.py:914} INFO - Processing file /home/airflow/.local/lib/python3.12/site-packages/airflow/example_dags/example_sla_dag.py for tasks to queue
[2025-02-22T20:45:49.644+0000] {logging_mixin.py:190} INFO - [2025-02-22T20:45:49.644+0000] {dagbag.py:588} INFO - Filling up the DagBag from /home/airflow/.local/lib/python3.12/site-packages/airflow/example_dags/example_sla_dag.py
[2025-02-22T20:45:49.658+0000] {processor.py:925} INFO - DAG(s) 'example_sla_dag' retrieved from /home/airflow/.local/lib/python3.12/site-packages/airflow/example_dags/example_sla_dag.py
[2025-02-22T20:45:49.682+0000] {logging_mixin.py:190} INFO - [2025-02-22T20:45:49.682+0000] {dag.py:3239} INFO - Sync 1 DAGs
[2025-02-22T20:45:49.716+0000] {logging_mixin.py:190} INFO - [2025-02-22T20:45:49.716+0000] {dag.py:4180} INFO - Setting next_dagrun for example_sla_dag to 2025-02-22 20:42:00+00:00, run_after=2025-02-22 20:44:00+00:00
[2025-02-22T20:45:49.741+0000] {processor.py:208} INFO - Processing /home/airflow/.local/lib/python3.12/site-packages/airflow/example_dags/example_sla_dag.py took 0.113 seconds
[2025-02-22T20:46:20.677+0000] {processor.py:186} INFO - Started process (PID=1630) to work on /home/airflow/.local/lib/python3.12/site-packages/airflow/example_dags/example_sla_dag.py
[2025-02-22T20:46:20.679+0000] {processor.py:914} INFO - Processing file /home/airflow/.local/lib/python3.12/site-packages/airflow/example_dags/example_sla_dag.py for tasks to queue
[2025-02-22T20:46:20.681+0000] {logging_mixin.py:190} INFO - [2025-02-22T20:46:20.681+0000] {dagbag.py:588} INFO - Filling up the DagBag from /home/airflow/.local/lib/python3.12/site-packages/airflow/example_dags/example_sla_dag.py
[2025-02-22T20:46:20.694+0000] {processor.py:925} INFO - DAG(s) 'example_sla_dag' retrieved from /home/airflow/.local/lib/python3.12/site-packages/airflow/example_dags/example_sla_dag.py
[2025-02-22T20:46:20.719+0000] {logging_mixin.py:190} INFO - [2025-02-22T20:46:20.719+0000] {dag.py:3239} INFO - Sync 1 DAGs
[2025-02-22T20:46:20.749+0000] {logging_mixin.py:190} INFO - [2025-02-22T20:46:20.748+0000] {dag.py:4180} INFO - Setting next_dagrun for example_sla_dag to 2025-02-22 20:44:00+00:00, run_after=2025-02-22 20:46:00+00:00
[2025-02-22T20:46:20.770+0000] {processor.py:208} INFO - Processing /home/airflow/.local/lib/python3.12/site-packages/airflow/example_dags/example_sla_dag.py took 0.100 seconds
[2025-02-22T20:46:51.780+0000] {processor.py:186} INFO - Started process (PID=1693) to work on /home/airflow/.local/lib/python3.12/site-packages/airflow/example_dags/example_sla_dag.py
[2025-02-22T20:46:51.781+0000] {processor.py:914} INFO - Processing file /home/airflow/.local/lib/python3.12/site-packages/airflow/example_dags/example_sla_dag.py for tasks to queue
[2025-02-22T20:46:51.784+0000] {logging_mixin.py:190} INFO - [2025-02-22T20:46:51.784+0000] {dagbag.py:588} INFO - Filling up the DagBag from /home/airflow/.local/lib/python3.12/site-packages/airflow/example_dags/example_sla_dag.py
[2025-02-22T20:46:51.795+0000] {processor.py:925} INFO - DAG(s) 'example_sla_dag' retrieved from /home/airflow/.local/lib/python3.12/site-packages/airflow/example_dags/example_sla_dag.py
[2025-02-22T20:46:51.816+0000] {logging_mixin.py:190} INFO - [2025-02-22T20:46:51.816+0000] {dag.py:3239} INFO - Sync 1 DAGs
[2025-02-22T20:46:51.844+0000] {logging_mixin.py:190} INFO - [2025-02-22T20:46:51.843+0000] {dag.py:4180} INFO - Setting next_dagrun for example_sla_dag to 2025-02-22 20:44:00+00:00, run_after=2025-02-22 20:46:00+00:00
[2025-02-22T20:46:51.867+0000] {processor.py:208} INFO - Processing /home/airflow/.local/lib/python3.12/site-packages/airflow/example_dags/example_sla_dag.py took 0.093 seconds
[2025-02-22T20:47:22.282+0000] {processor.py:186} INFO - Started process (PID=1756) to work on /home/airflow/.local/lib/python3.12/site-packages/airflow/example_dags/example_sla_dag.py
[2025-02-22T20:47:22.283+0000] {processor.py:914} INFO - Processing file /home/airflow/.local/lib/python3.12/site-packages/airflow/example_dags/example_sla_dag.py for tasks to queue
[2025-02-22T20:47:22.287+0000] {logging_mixin.py:190} INFO - [2025-02-22T20:47:22.286+0000] {dagbag.py:588} INFO - Filling up the DagBag from /home/airflow/.local/lib/python3.12/site-packages/airflow/example_dags/example_sla_dag.py
[2025-02-22T20:47:22.299+0000] {processor.py:925} INFO - DAG(s) 'example_sla_dag' retrieved from /home/airflow/.local/lib/python3.12/site-packages/airflow/example_dags/example_sla_dag.py
[2025-02-22T20:47:22.323+0000] {logging_mixin.py:190} INFO - [2025-02-22T20:47:22.323+0000] {dag.py:3239} INFO - Sync 1 DAGs
[2025-02-22T20:47:22.351+0000] {logging_mixin.py:190} INFO - [2025-02-22T20:47:22.351+0000] {dag.py:4180} INFO - Setting next_dagrun for example_sla_dag to 2025-02-22 20:44:00+00:00, run_after=2025-02-22 20:46:00+00:00
[2025-02-22T20:47:22.372+0000] {processor.py:208} INFO - Processing /home/airflow/.local/lib/python3.12/site-packages/airflow/example_dags/example_sla_dag.py took 0.097 seconds
[2025-02-22T20:47:53.443+0000] {processor.py:186} INFO - Started process (PID=1819) to work on /home/airflow/.local/lib/python3.12/site-packages/airflow/example_dags/example_sla_dag.py
[2025-02-22T20:47:53.444+0000] {processor.py:914} INFO - Processing file /home/airflow/.local/lib/python3.12/site-packages/airflow/example_dags/example_sla_dag.py for tasks to queue
[2025-02-22T20:47:53.447+0000] {logging_mixin.py:190} INFO - [2025-02-22T20:47:53.447+0000] {dagbag.py:588} INFO - Filling up the DagBag from /home/airflow/.local/lib/python3.12/site-packages/airflow/example_dags/example_sla_dag.py
[2025-02-22T20:47:53.459+0000] {processor.py:925} INFO - DAG(s) 'example_sla_dag' retrieved from /home/airflow/.local/lib/python3.12/site-packages/airflow/example_dags/example_sla_dag.py
[2025-02-22T20:47:53.481+0000] {logging_mixin.py:190} INFO - [2025-02-22T20:47:53.481+0000] {dag.py:3239} INFO - Sync 1 DAGs
[2025-02-22T20:47:53.510+0000] {logging_mixin.py:190} INFO - [2025-02-22T20:47:53.509+0000] {dag.py:4180} INFO - Setting next_dagrun for example_sla_dag to 2025-02-22 20:44:00+00:00, run_after=2025-02-22 20:46:00+00:00
[2025-02-22T20:47:53.534+0000] {processor.py:208} INFO - Processing /home/airflow/.local/lib/python3.12/site-packages/airflow/example_dags/example_sla_dag.py took 0.099 seconds
[2025-02-22T20:48:25.001+0000] {processor.py:186} INFO - Started process (PID=1883) to work on /home/airflow/.local/lib/python3.12/site-packages/airflow/example_dags/example_sla_dag.py
[2025-02-22T20:48:25.002+0000] {processor.py:914} INFO - Processing file /home/airflow/.local/lib/python3.12/site-packages/airflow/example_dags/example_sla_dag.py for tasks to queue
[2025-02-22T20:48:25.005+0000] {logging_mixin.py:190} INFO - [2025-02-22T20:48:25.004+0000] {dagbag.py:588} INFO - Filling up the DagBag from /home/airflow/.local/lib/python3.12/site-packages/airflow/example_dags/example_sla_dag.py
[2025-02-22T20:48:25.017+0000] {processor.py:925} INFO - DAG(s) 'example_sla_dag' retrieved from /home/airflow/.local/lib/python3.12/site-packages/airflow/example_dags/example_sla_dag.py
[2025-02-22T20:48:25.038+0000] {logging_mixin.py:190} INFO - [2025-02-22T20:48:25.038+0000] {dag.py:3239} INFO - Sync 1 DAGs
[2025-02-22T20:48:25.068+0000] {logging_mixin.py:190} INFO - [2025-02-22T20:48:25.067+0000] {dag.py:4180} INFO - Setting next_dagrun for example_sla_dag to 2025-02-22 20:46:00+00:00, run_after=2025-02-22 20:48:00+00:00
[2025-02-22T20:48:25.089+0000] {processor.py:208} INFO - Processing /home/airflow/.local/lib/python3.12/site-packages/airflow/example_dags/example_sla_dag.py took 0.098 seconds
[2025-02-22T20:48:56.530+0000] {processor.py:186} INFO - Started process (PID=1946) to work on /home/airflow/.local/lib/python3.12/site-packages/airflow/example_dags/example_sla_dag.py
[2025-02-22T20:48:56.531+0000] {processor.py:914} INFO - Processing file /home/airflow/.local/lib/python3.12/site-packages/airflow/example_dags/example_sla_dag.py for tasks to queue
[2025-02-22T20:48:56.534+0000] {logging_mixin.py:190} INFO - [2025-02-22T20:48:56.534+0000] {dagbag.py:588} INFO - Filling up the DagBag from /home/airflow/.local/lib/python3.12/site-packages/airflow/example_dags/example_sla_dag.py
[2025-02-22T20:48:56.545+0000] {processor.py:925} INFO - DAG(s) 'example_sla_dag' retrieved from /home/airflow/.local/lib/python3.12/site-packages/airflow/example_dags/example_sla_dag.py
[2025-02-22T20:48:56.567+0000] {logging_mixin.py:190} INFO - [2025-02-22T20:48:56.567+0000] {dag.py:3239} INFO - Sync 1 DAGs
[2025-02-22T20:48:56.595+0000] {logging_mixin.py:190} INFO - [2025-02-22T20:48:56.595+0000] {dag.py:4180} INFO - Setting next_dagrun for example_sla_dag to 2025-02-22 20:46:00+00:00, run_after=2025-02-22 20:48:00+00:00
[2025-02-22T20:48:56.616+0000] {processor.py:208} INFO - Processing /home/airflow/.local/lib/python3.12/site-packages/airflow/example_dags/example_sla_dag.py took 0.093 seconds
