[2025-02-22T20:33:46.390+0000] {processor.py:186} INFO - Started process (PID=91) to work on /home/airflow/.local/lib/python3.12/site-packages/airflow/example_dags/example_bash_decorator.py
[2025-02-22T20:33:46.393+0000] {processor.py:914} INFO - Processing file /home/airflow/.local/lib/python3.12/site-packages/airflow/example_dags/example_bash_decorator.py for tasks to queue
[2025-02-22T20:33:46.397+0000] {logging_mixin.py:190} INFO - [2025-02-22T20:33:46.396+0000] {dagbag.py:588} INFO - Filling up the DagBag from /home/airflow/.local/lib/python3.12/site-packages/airflow/example_dags/example_bash_decorator.py
[2025-02-22T20:33:46.429+0000] {processor.py:925} INFO - DAG(s) 'example_bash_decorator' retrieved from /home/airflow/.local/lib/python3.12/site-packages/airflow/example_dags/example_bash_decorator.py
[2025-02-22T20:33:46.668+0000] {logging_mixin.py:190} INFO - [2025-02-22T20:33:46.667+0000] {override.py:1912} INFO - Created Permission View: can edit on DAG:example_bash_decorator
[2025-02-22T20:33:46.684+0000] {logging_mixin.py:190} INFO - [2025-02-22T20:33:46.683+0000] {override.py:1912} INFO - Created Permission View: can read on DAG:example_bash_decorator
[2025-02-22T20:33:46.695+0000] {logging_mixin.py:190} INFO - [2025-02-22T20:33:46.695+0000] {override.py:1912} INFO - Created Permission View: can delete on DAG:example_bash_decorator
[2025-02-22T20:33:46.707+0000] {logging_mixin.py:190} INFO - [2025-02-22T20:33:46.707+0000] {override.py:1912} INFO - Created Permission View: can read on DAG Run:example_bash_decorator
[2025-02-22T20:33:46.717+0000] {logging_mixin.py:190} INFO - [2025-02-22T20:33:46.716+0000] {override.py:1912} INFO - Created Permission View: menu access on DAG Run:example_bash_decorator
[2025-02-22T20:33:46.734+0000] {logging_mixin.py:190} INFO - [2025-02-22T20:33:46.733+0000] {override.py:1912} INFO - Created Permission View: can create on DAG Run:example_bash_decorator
[2025-02-22T20:33:46.751+0000] {logging_mixin.py:190} INFO - [2025-02-22T20:33:46.750+0000] {override.py:1912} INFO - Created Permission View: can delete on DAG Run:example_bash_decorator
[2025-02-22T20:33:46.753+0000] {logging_mixin.py:190} INFO - [2025-02-22T20:33:46.753+0000] {dag.py:3239} INFO - Sync 1 DAGs
[2025-02-22T20:33:46.785+0000] {logging_mixin.py:190} INFO - [2025-02-22T20:33:46.785+0000] {dag.py:3262} INFO - Creating ORM DAG for example_bash_decorator
[2025-02-22T20:33:46.787+0000] {logging_mixin.py:190} INFO - [2025-02-22T20:33:46.787+0000] {dag.py:4180} INFO - Setting next_dagrun for example_bash_decorator to None, run_after=None
[2025-02-22T20:33:46.819+0000] {processor.py:208} INFO - Processing /home/airflow/.local/lib/python3.12/site-packages/airflow/example_dags/example_bash_decorator.py took 0.441 seconds
[2025-02-22T20:34:17.434+0000] {processor.py:186} INFO - Started process (PID=153) to work on /home/airflow/.local/lib/python3.12/site-packages/airflow/example_dags/example_bash_decorator.py
[2025-02-22T20:34:17.435+0000] {processor.py:914} INFO - Processing file /home/airflow/.local/lib/python3.12/site-packages/airflow/example_dags/example_bash_decorator.py for tasks to queue
[2025-02-22T20:34:17.438+0000] {logging_mixin.py:190} INFO - [2025-02-22T20:34:17.437+0000] {dagbag.py:588} INFO - Filling up the DagBag from /home/airflow/.local/lib/python3.12/site-packages/airflow/example_dags/example_bash_decorator.py
[2025-02-22T20:34:17.454+0000] {processor.py:925} INFO - DAG(s) 'example_bash_decorator' retrieved from /home/airflow/.local/lib/python3.12/site-packages/airflow/example_dags/example_bash_decorator.py
[2025-02-22T20:34:17.481+0000] {logging_mixin.py:190} INFO - [2025-02-22T20:34:17.480+0000] {dag.py:3239} INFO - Sync 1 DAGs
[2025-02-22T20:34:17.498+0000] {logging_mixin.py:190} INFO - [2025-02-22T20:34:17.498+0000] {dag.py:4180} INFO - Setting next_dagrun for example_bash_decorator to None, run_after=None
[2025-02-22T20:34:17.521+0000] {processor.py:208} INFO - Processing /home/airflow/.local/lib/python3.12/site-packages/airflow/example_dags/example_bash_decorator.py took 0.093 seconds
[2025-02-22T20:34:48.345+0000] {processor.py:186} INFO - Started process (PID=216) to work on /home/airflow/.local/lib/python3.12/site-packages/airflow/example_dags/example_bash_decorator.py
[2025-02-22T20:34:48.346+0000] {processor.py:914} INFO - Processing file /home/airflow/.local/lib/python3.12/site-packages/airflow/example_dags/example_bash_decorator.py for tasks to queue
[2025-02-22T20:34:48.349+0000] {logging_mixin.py:190} INFO - [2025-02-22T20:34:48.348+0000] {dagbag.py:588} INFO - Filling up the DagBag from /home/airflow/.local/lib/python3.12/site-packages/airflow/example_dags/example_bash_decorator.py
[2025-02-22T20:34:48.369+0000] {processor.py:925} INFO - DAG(s) 'example_bash_decorator' retrieved from /home/airflow/.local/lib/python3.12/site-packages/airflow/example_dags/example_bash_decorator.py
[2025-02-22T20:34:48.401+0000] {logging_mixin.py:190} INFO - [2025-02-22T20:34:48.401+0000] {dag.py:3239} INFO - Sync 1 DAGs
[2025-02-22T20:34:48.421+0000] {logging_mixin.py:190} INFO - [2025-02-22T20:34:48.421+0000] {dag.py:4180} INFO - Setting next_dagrun for example_bash_decorator to None, run_after=None
[2025-02-22T20:34:48.445+0000] {processor.py:208} INFO - Processing /home/airflow/.local/lib/python3.12/site-packages/airflow/example_dags/example_bash_decorator.py took 0.107 seconds
[2025-02-22T20:35:19.071+0000] {processor.py:186} INFO - Started process (PID=279) to work on /home/airflow/.local/lib/python3.12/site-packages/airflow/example_dags/example_bash_decorator.py
[2025-02-22T20:35:19.072+0000] {processor.py:914} INFO - Processing file /home/airflow/.local/lib/python3.12/site-packages/airflow/example_dags/example_bash_decorator.py for tasks to queue
[2025-02-22T20:35:19.076+0000] {logging_mixin.py:190} INFO - [2025-02-22T20:35:19.075+0000] {dagbag.py:588} INFO - Filling up the DagBag from /home/airflow/.local/lib/python3.12/site-packages/airflow/example_dags/example_bash_decorator.py
[2025-02-22T20:35:19.098+0000] {processor.py:925} INFO - DAG(s) 'example_bash_decorator' retrieved from /home/airflow/.local/lib/python3.12/site-packages/airflow/example_dags/example_bash_decorator.py
[2025-02-22T20:35:19.142+0000] {logging_mixin.py:190} INFO - [2025-02-22T20:35:19.141+0000] {dag.py:3239} INFO - Sync 1 DAGs
[2025-02-22T20:35:19.166+0000] {logging_mixin.py:190} INFO - [2025-02-22T20:35:19.165+0000] {dag.py:4180} INFO - Setting next_dagrun for example_bash_decorator to None, run_after=None
[2025-02-22T20:35:19.198+0000] {processor.py:208} INFO - Processing /home/airflow/.local/lib/python3.12/site-packages/airflow/example_dags/example_bash_decorator.py took 0.136 seconds
[2025-02-22T20:35:49.940+0000] {processor.py:186} INFO - Started process (PID=341) to work on /home/airflow/.local/lib/python3.12/site-packages/airflow/example_dags/example_bash_decorator.py
[2025-02-22T20:35:49.942+0000] {processor.py:914} INFO - Processing file /home/airflow/.local/lib/python3.12/site-packages/airflow/example_dags/example_bash_decorator.py for tasks to queue
[2025-02-22T20:35:49.947+0000] {logging_mixin.py:190} INFO - [2025-02-22T20:35:49.946+0000] {dagbag.py:588} INFO - Filling up the DagBag from /home/airflow/.local/lib/python3.12/site-packages/airflow/example_dags/example_bash_decorator.py
[2025-02-22T20:35:49.975+0000] {processor.py:925} INFO - DAG(s) 'example_bash_decorator' retrieved from /home/airflow/.local/lib/python3.12/site-packages/airflow/example_dags/example_bash_decorator.py
[2025-02-22T20:35:50.021+0000] {logging_mixin.py:190} INFO - [2025-02-22T20:35:50.020+0000] {dag.py:3239} INFO - Sync 1 DAGs
[2025-02-22T20:35:50.052+0000] {logging_mixin.py:190} INFO - [2025-02-22T20:35:50.052+0000] {dag.py:4180} INFO - Setting next_dagrun for example_bash_decorator to None, run_after=None
[2025-02-22T20:35:50.088+0000] {processor.py:208} INFO - Processing /home/airflow/.local/lib/python3.12/site-packages/airflow/example_dags/example_bash_decorator.py took 0.161 seconds
[2025-02-22T20:36:20.958+0000] {processor.py:186} INFO - Started process (PID=405) to work on /home/airflow/.local/lib/python3.12/site-packages/airflow/example_dags/example_bash_decorator.py
[2025-02-22T20:36:20.959+0000] {processor.py:914} INFO - Processing file /home/airflow/.local/lib/python3.12/site-packages/airflow/example_dags/example_bash_decorator.py for tasks to queue
[2025-02-22T20:36:20.963+0000] {logging_mixin.py:190} INFO - [2025-02-22T20:36:20.962+0000] {dagbag.py:588} INFO - Filling up the DagBag from /home/airflow/.local/lib/python3.12/site-packages/airflow/example_dags/example_bash_decorator.py
[2025-02-22T20:36:20.984+0000] {processor.py:925} INFO - DAG(s) 'example_bash_decorator' retrieved from /home/airflow/.local/lib/python3.12/site-packages/airflow/example_dags/example_bash_decorator.py
[2025-02-22T20:36:21.013+0000] {logging_mixin.py:190} INFO - [2025-02-22T20:36:21.012+0000] {dag.py:3239} INFO - Sync 1 DAGs
[2025-02-22T20:36:21.030+0000] {logging_mixin.py:190} INFO - [2025-02-22T20:36:21.030+0000] {dag.py:4180} INFO - Setting next_dagrun for example_bash_decorator to None, run_after=None
[2025-02-22T20:36:21.051+0000] {processor.py:208} INFO - Processing /home/airflow/.local/lib/python3.12/site-packages/airflow/example_dags/example_bash_decorator.py took 0.105 seconds
[2025-02-22T20:36:52.277+0000] {processor.py:186} INFO - Started process (PID=469) to work on /home/airflow/.local/lib/python3.12/site-packages/airflow/example_dags/example_bash_decorator.py
[2025-02-22T20:36:52.278+0000] {processor.py:914} INFO - Processing file /home/airflow/.local/lib/python3.12/site-packages/airflow/example_dags/example_bash_decorator.py for tasks to queue
[2025-02-22T20:36:52.281+0000] {logging_mixin.py:190} INFO - [2025-02-22T20:36:52.281+0000] {dagbag.py:588} INFO - Filling up the DagBag from /home/airflow/.local/lib/python3.12/site-packages/airflow/example_dags/example_bash_decorator.py
[2025-02-22T20:36:52.298+0000] {processor.py:925} INFO - DAG(s) 'example_bash_decorator' retrieved from /home/airflow/.local/lib/python3.12/site-packages/airflow/example_dags/example_bash_decorator.py
[2025-02-22T20:36:52.323+0000] {logging_mixin.py:190} INFO - [2025-02-22T20:36:52.323+0000] {dag.py:3239} INFO - Sync 1 DAGs
[2025-02-22T20:36:52.340+0000] {logging_mixin.py:190} INFO - [2025-02-22T20:36:52.339+0000] {dag.py:4180} INFO - Setting next_dagrun for example_bash_decorator to None, run_after=None
[2025-02-22T20:36:52.361+0000] {processor.py:208} INFO - Processing /home/airflow/.local/lib/python3.12/site-packages/airflow/example_dags/example_bash_decorator.py took 0.091 seconds
[2025-02-22T20:37:23.601+0000] {processor.py:186} INFO - Started process (PID=532) to work on /home/airflow/.local/lib/python3.12/site-packages/airflow/example_dags/example_bash_decorator.py
[2025-02-22T20:37:23.602+0000] {processor.py:914} INFO - Processing file /home/airflow/.local/lib/python3.12/site-packages/airflow/example_dags/example_bash_decorator.py for tasks to queue
[2025-02-22T20:37:23.606+0000] {logging_mixin.py:190} INFO - [2025-02-22T20:37:23.605+0000] {dagbag.py:588} INFO - Filling up the DagBag from /home/airflow/.local/lib/python3.12/site-packages/airflow/example_dags/example_bash_decorator.py
[2025-02-22T20:37:23.627+0000] {processor.py:925} INFO - DAG(s) 'example_bash_decorator' retrieved from /home/airflow/.local/lib/python3.12/site-packages/airflow/example_dags/example_bash_decorator.py
[2025-02-22T20:37:23.662+0000] {logging_mixin.py:190} INFO - [2025-02-22T20:37:23.661+0000] {dag.py:3239} INFO - Sync 1 DAGs
[2025-02-22T20:37:23.679+0000] {logging_mixin.py:190} INFO - [2025-02-22T20:37:23.679+0000] {dag.py:4180} INFO - Setting next_dagrun for example_bash_decorator to None, run_after=None
[2025-02-22T20:37:23.704+0000] {processor.py:208} INFO - Processing /home/airflow/.local/lib/python3.12/site-packages/airflow/example_dags/example_bash_decorator.py took 0.113 seconds
[2025-02-22T20:37:54.858+0000] {processor.py:186} INFO - Started process (PID=595) to work on /home/airflow/.local/lib/python3.12/site-packages/airflow/example_dags/example_bash_decorator.py
[2025-02-22T20:37:54.860+0000] {processor.py:914} INFO - Processing file /home/airflow/.local/lib/python3.12/site-packages/airflow/example_dags/example_bash_decorator.py for tasks to queue
[2025-02-22T20:37:54.864+0000] {logging_mixin.py:190} INFO - [2025-02-22T20:37:54.863+0000] {dagbag.py:588} INFO - Filling up the DagBag from /home/airflow/.local/lib/python3.12/site-packages/airflow/example_dags/example_bash_decorator.py
[2025-02-22T20:37:54.896+0000] {processor.py:925} INFO - DAG(s) 'example_bash_decorator' retrieved from /home/airflow/.local/lib/python3.12/site-packages/airflow/example_dags/example_bash_decorator.py
[2025-02-22T20:37:54.940+0000] {logging_mixin.py:190} INFO - [2025-02-22T20:37:54.940+0000] {dag.py:3239} INFO - Sync 1 DAGs
[2025-02-22T20:37:54.965+0000] {logging_mixin.py:190} INFO - [2025-02-22T20:37:54.965+0000] {dag.py:4180} INFO - Setting next_dagrun for example_bash_decorator to None, run_after=None
[2025-02-22T20:37:54.986+0000] {processor.py:208} INFO - Processing /home/airflow/.local/lib/python3.12/site-packages/airflow/example_dags/example_bash_decorator.py took 0.140 seconds
[2025-02-22T20:38:26.069+0000] {processor.py:186} INFO - Started process (PID=658) to work on /home/airflow/.local/lib/python3.12/site-packages/airflow/example_dags/example_bash_decorator.py
[2025-02-22T20:38:26.070+0000] {processor.py:914} INFO - Processing file /home/airflow/.local/lib/python3.12/site-packages/airflow/example_dags/example_bash_decorator.py for tasks to queue
[2025-02-22T20:38:26.073+0000] {logging_mixin.py:190} INFO - [2025-02-22T20:38:26.072+0000] {dagbag.py:588} INFO - Filling up the DagBag from /home/airflow/.local/lib/python3.12/site-packages/airflow/example_dags/example_bash_decorator.py
[2025-02-22T20:38:26.090+0000] {processor.py:925} INFO - DAG(s) 'example_bash_decorator' retrieved from /home/airflow/.local/lib/python3.12/site-packages/airflow/example_dags/example_bash_decorator.py
[2025-02-22T20:38:26.117+0000] {logging_mixin.py:190} INFO - [2025-02-22T20:38:26.117+0000] {dag.py:3239} INFO - Sync 1 DAGs
[2025-02-22T20:38:26.134+0000] {logging_mixin.py:190} INFO - [2025-02-22T20:38:26.134+0000] {dag.py:4180} INFO - Setting next_dagrun for example_bash_decorator to None, run_after=None
[2025-02-22T20:38:26.159+0000] {processor.py:208} INFO - Processing /home/airflow/.local/lib/python3.12/site-packages/airflow/example_dags/example_bash_decorator.py took 0.097 seconds
[2025-02-22T20:38:58.998+0000] {processor.py:186} INFO - Started process (PID=727) to work on /home/airflow/.local/lib/python3.12/site-packages/airflow/example_dags/example_bash_decorator.py
[2025-02-22T20:38:59.000+0000] {processor.py:914} INFO - Processing file /home/airflow/.local/lib/python3.12/site-packages/airflow/example_dags/example_bash_decorator.py for tasks to queue
[2025-02-22T20:38:59.004+0000] {logging_mixin.py:190} INFO - [2025-02-22T20:38:59.003+0000] {dagbag.py:588} INFO - Filling up the DagBag from /home/airflow/.local/lib/python3.12/site-packages/airflow/example_dags/example_bash_decorator.py
[2025-02-22T20:38:59.028+0000] {processor.py:925} INFO - DAG(s) 'example_bash_decorator' retrieved from /home/airflow/.local/lib/python3.12/site-packages/airflow/example_dags/example_bash_decorator.py
[2025-02-22T20:38:59.065+0000] {logging_mixin.py:190} INFO - [2025-02-22T20:38:59.065+0000] {dag.py:3239} INFO - Sync 1 DAGs
[2025-02-22T20:38:59.092+0000] {logging_mixin.py:190} INFO - [2025-02-22T20:38:59.091+0000] {dag.py:4180} INFO - Setting next_dagrun for example_bash_decorator to None, run_after=None
[2025-02-22T20:38:59.139+0000] {processor.py:208} INFO - Processing /home/airflow/.local/lib/python3.12/site-packages/airflow/example_dags/example_bash_decorator.py took 0.164 seconds
[2025-02-22T20:39:30.100+0000] {processor.py:186} INFO - Started process (PID=789) to work on /home/airflow/.local/lib/python3.12/site-packages/airflow/example_dags/example_bash_decorator.py
[2025-02-22T20:39:30.101+0000] {processor.py:914} INFO - Processing file /home/airflow/.local/lib/python3.12/site-packages/airflow/example_dags/example_bash_decorator.py for tasks to queue
[2025-02-22T20:39:30.105+0000] {logging_mixin.py:190} INFO - [2025-02-22T20:39:30.104+0000] {dagbag.py:588} INFO - Filling up the DagBag from /home/airflow/.local/lib/python3.12/site-packages/airflow/example_dags/example_bash_decorator.py
[2025-02-22T20:39:30.121+0000] {processor.py:925} INFO - DAG(s) 'example_bash_decorator' retrieved from /home/airflow/.local/lib/python3.12/site-packages/airflow/example_dags/example_bash_decorator.py
[2025-02-22T20:39:30.149+0000] {logging_mixin.py:190} INFO - [2025-02-22T20:39:30.149+0000] {dag.py:3239} INFO - Sync 1 DAGs
[2025-02-22T20:39:30.167+0000] {logging_mixin.py:190} INFO - [2025-02-22T20:39:30.167+0000] {dag.py:4180} INFO - Setting next_dagrun for example_bash_decorator to None, run_after=None
[2025-02-22T20:39:30.187+0000] {processor.py:208} INFO - Processing /home/airflow/.local/lib/python3.12/site-packages/airflow/example_dags/example_bash_decorator.py took 0.095 seconds
[2025-02-22T20:40:02.201+0000] {processor.py:186} INFO - Started process (PID=852) to work on /home/airflow/.local/lib/python3.12/site-packages/airflow/example_dags/example_bash_decorator.py
[2025-02-22T20:40:02.202+0000] {processor.py:914} INFO - Processing file /home/airflow/.local/lib/python3.12/site-packages/airflow/example_dags/example_bash_decorator.py for tasks to queue
[2025-02-22T20:40:02.205+0000] {logging_mixin.py:190} INFO - [2025-02-22T20:40:02.204+0000] {dagbag.py:588} INFO - Filling up the DagBag from /home/airflow/.local/lib/python3.12/site-packages/airflow/example_dags/example_bash_decorator.py
[2025-02-22T20:40:02.231+0000] {processor.py:925} INFO - DAG(s) 'example_bash_decorator' retrieved from /home/airflow/.local/lib/python3.12/site-packages/airflow/example_dags/example_bash_decorator.py
[2025-02-22T20:40:02.271+0000] {logging_mixin.py:190} INFO - [2025-02-22T20:40:02.270+0000] {dag.py:3239} INFO - Sync 1 DAGs
[2025-02-22T20:40:02.294+0000] {logging_mixin.py:190} INFO - [2025-02-22T20:40:02.293+0000] {dag.py:4180} INFO - Setting next_dagrun for example_bash_decorator to None, run_after=None
[2025-02-22T20:40:02.324+0000] {processor.py:208} INFO - Processing /home/airflow/.local/lib/python3.12/site-packages/airflow/example_dags/example_bash_decorator.py took 0.131 seconds
[2025-02-22T20:40:33.624+0000] {processor.py:186} INFO - Started process (PID=915) to work on /home/airflow/.local/lib/python3.12/site-packages/airflow/example_dags/example_bash_decorator.py
[2025-02-22T20:40:33.625+0000] {processor.py:914} INFO - Processing file /home/airflow/.local/lib/python3.12/site-packages/airflow/example_dags/example_bash_decorator.py for tasks to queue
[2025-02-22T20:40:33.628+0000] {logging_mixin.py:190} INFO - [2025-02-22T20:40:33.627+0000] {dagbag.py:588} INFO - Filling up the DagBag from /home/airflow/.local/lib/python3.12/site-packages/airflow/example_dags/example_bash_decorator.py
[2025-02-22T20:40:33.644+0000] {processor.py:925} INFO - DAG(s) 'example_bash_decorator' retrieved from /home/airflow/.local/lib/python3.12/site-packages/airflow/example_dags/example_bash_decorator.py
[2025-02-22T20:40:33.671+0000] {logging_mixin.py:190} INFO - [2025-02-22T20:40:33.671+0000] {dag.py:3239} INFO - Sync 1 DAGs
[2025-02-22T20:40:33.688+0000] {logging_mixin.py:190} INFO - [2025-02-22T20:40:33.688+0000] {dag.py:4180} INFO - Setting next_dagrun for example_bash_decorator to None, run_after=None
[2025-02-22T20:40:33.711+0000] {processor.py:208} INFO - Processing /home/airflow/.local/lib/python3.12/site-packages/airflow/example_dags/example_bash_decorator.py took 0.095 seconds
[2025-02-22T20:41:04.780+0000] {processor.py:186} INFO - Started process (PID=979) to work on /home/airflow/.local/lib/python3.12/site-packages/airflow/example_dags/example_bash_decorator.py
[2025-02-22T20:41:04.781+0000] {processor.py:914} INFO - Processing file /home/airflow/.local/lib/python3.12/site-packages/airflow/example_dags/example_bash_decorator.py for tasks to queue
[2025-02-22T20:41:04.783+0000] {logging_mixin.py:190} INFO - [2025-02-22T20:41:04.783+0000] {dagbag.py:588} INFO - Filling up the DagBag from /home/airflow/.local/lib/python3.12/site-packages/airflow/example_dags/example_bash_decorator.py
[2025-02-22T20:41:04.801+0000] {processor.py:925} INFO - DAG(s) 'example_bash_decorator' retrieved from /home/airflow/.local/lib/python3.12/site-packages/airflow/example_dags/example_bash_decorator.py
[2025-02-22T20:41:04.834+0000] {logging_mixin.py:190} INFO - [2025-02-22T20:41:04.833+0000] {dag.py:3239} INFO - Sync 1 DAGs
[2025-02-22T20:41:04.851+0000] {logging_mixin.py:190} INFO - [2025-02-22T20:41:04.851+0000] {dag.py:4180} INFO - Setting next_dagrun for example_bash_decorator to None, run_after=None
[2025-02-22T20:41:04.872+0000] {processor.py:208} INFO - Processing /home/airflow/.local/lib/python3.12/site-packages/airflow/example_dags/example_bash_decorator.py took 0.099 seconds
[2025-02-22T20:41:35.905+0000] {processor.py:186} INFO - Started process (PID=1042) to work on /home/airflow/.local/lib/python3.12/site-packages/airflow/example_dags/example_bash_decorator.py
[2025-02-22T20:41:35.908+0000] {processor.py:914} INFO - Processing file /home/airflow/.local/lib/python3.12/site-packages/airflow/example_dags/example_bash_decorator.py for tasks to queue
[2025-02-22T20:41:35.911+0000] {logging_mixin.py:190} INFO - [2025-02-22T20:41:35.911+0000] {dagbag.py:588} INFO - Filling up the DagBag from /home/airflow/.local/lib/python3.12/site-packages/airflow/example_dags/example_bash_decorator.py
[2025-02-22T20:41:35.939+0000] {processor.py:925} INFO - DAG(s) 'example_bash_decorator' retrieved from /home/airflow/.local/lib/python3.12/site-packages/airflow/example_dags/example_bash_decorator.py
[2025-02-22T20:41:35.975+0000] {logging_mixin.py:190} INFO - [2025-02-22T20:41:35.975+0000] {dag.py:3239} INFO - Sync 1 DAGs
[2025-02-22T20:41:35.995+0000] {logging_mixin.py:190} INFO - [2025-02-22T20:41:35.995+0000] {dag.py:4180} INFO - Setting next_dagrun for example_bash_decorator to None, run_after=None
[2025-02-22T20:41:36.021+0000] {processor.py:208} INFO - Processing /home/airflow/.local/lib/python3.12/site-packages/airflow/example_dags/example_bash_decorator.py took 0.126 seconds
[2025-02-22T20:42:08.926+0000] {processor.py:186} INFO - Started process (PID=1105) to work on /home/airflow/.local/lib/python3.12/site-packages/airflow/example_dags/example_bash_decorator.py
[2025-02-22T20:42:08.928+0000] {processor.py:914} INFO - Processing file /home/airflow/.local/lib/python3.12/site-packages/airflow/example_dags/example_bash_decorator.py for tasks to queue
[2025-02-22T20:42:08.936+0000] {logging_mixin.py:190} INFO - [2025-02-22T20:42:08.935+0000] {dagbag.py:588} INFO - Filling up the DagBag from /home/airflow/.local/lib/python3.12/site-packages/airflow/example_dags/example_bash_decorator.py
[2025-02-22T20:42:08.974+0000] {processor.py:925} INFO - DAG(s) 'example_bash_decorator' retrieved from /home/airflow/.local/lib/python3.12/site-packages/airflow/example_dags/example_bash_decorator.py
[2025-02-22T20:42:09.035+0000] {logging_mixin.py:190} INFO - [2025-02-22T20:42:09.035+0000] {dag.py:3239} INFO - Sync 1 DAGs
[2025-02-22T20:42:09.073+0000] {logging_mixin.py:190} INFO - [2025-02-22T20:42:09.072+0000] {dag.py:4180} INFO - Setting next_dagrun for example_bash_decorator to None, run_after=None
[2025-02-22T20:42:09.116+0000] {processor.py:208} INFO - Processing /home/airflow/.local/lib/python3.12/site-packages/airflow/example_dags/example_bash_decorator.py took 0.201 seconds
[2025-02-22T20:42:40.187+0000] {processor.py:186} INFO - Started process (PID=1168) to work on /home/airflow/.local/lib/python3.12/site-packages/airflow/example_dags/example_bash_decorator.py
[2025-02-22T20:42:40.189+0000] {processor.py:914} INFO - Processing file /home/airflow/.local/lib/python3.12/site-packages/airflow/example_dags/example_bash_decorator.py for tasks to queue
[2025-02-22T20:42:40.192+0000] {logging_mixin.py:190} INFO - [2025-02-22T20:42:40.191+0000] {dagbag.py:588} INFO - Filling up the DagBag from /home/airflow/.local/lib/python3.12/site-packages/airflow/example_dags/example_bash_decorator.py
[2025-02-22T20:42:40.214+0000] {processor.py:925} INFO - DAG(s) 'example_bash_decorator' retrieved from /home/airflow/.local/lib/python3.12/site-packages/airflow/example_dags/example_bash_decorator.py
[2025-02-22T20:42:40.247+0000] {logging_mixin.py:190} INFO - [2025-02-22T20:42:40.247+0000] {dag.py:3239} INFO - Sync 1 DAGs
[2025-02-22T20:42:40.267+0000] {logging_mixin.py:190} INFO - [2025-02-22T20:42:40.267+0000] {dag.py:4180} INFO - Setting next_dagrun for example_bash_decorator to None, run_after=None
[2025-02-22T20:42:40.297+0000] {processor.py:208} INFO - Processing /home/airflow/.local/lib/python3.12/site-packages/airflow/example_dags/example_bash_decorator.py took 0.119 seconds
[2025-02-22T20:43:10.879+0000] {processor.py:186} INFO - Started process (PID=1231) to work on /home/airflow/.local/lib/python3.12/site-packages/airflow/example_dags/example_bash_decorator.py
[2025-02-22T20:43:10.881+0000] {processor.py:914} INFO - Processing file /home/airflow/.local/lib/python3.12/site-packages/airflow/example_dags/example_bash_decorator.py for tasks to queue
[2025-02-22T20:43:10.884+0000] {logging_mixin.py:190} INFO - [2025-02-22T20:43:10.883+0000] {dagbag.py:588} INFO - Filling up the DagBag from /home/airflow/.local/lib/python3.12/site-packages/airflow/example_dags/example_bash_decorator.py
[2025-02-22T20:43:10.902+0000] {processor.py:925} INFO - DAG(s) 'example_bash_decorator' retrieved from /home/airflow/.local/lib/python3.12/site-packages/airflow/example_dags/example_bash_decorator.py
[2025-02-22T20:43:10.929+0000] {logging_mixin.py:190} INFO - [2025-02-22T20:43:10.929+0000] {dag.py:3239} INFO - Sync 1 DAGs
[2025-02-22T20:43:10.946+0000] {logging_mixin.py:190} INFO - [2025-02-22T20:43:10.945+0000] {dag.py:4180} INFO - Setting next_dagrun for example_bash_decorator to None, run_after=None
[2025-02-22T20:43:10.967+0000] {processor.py:208} INFO - Processing /home/airflow/.local/lib/python3.12/site-packages/airflow/example_dags/example_bash_decorator.py took 0.095 seconds
[2025-02-22T20:43:42.401+0000] {processor.py:186} INFO - Started process (PID=1294) to work on /home/airflow/.local/lib/python3.12/site-packages/airflow/example_dags/example_bash_decorator.py
[2025-02-22T20:43:42.402+0000] {processor.py:914} INFO - Processing file /home/airflow/.local/lib/python3.12/site-packages/airflow/example_dags/example_bash_decorator.py for tasks to queue
[2025-02-22T20:43:42.406+0000] {logging_mixin.py:190} INFO - [2025-02-22T20:43:42.405+0000] {dagbag.py:588} INFO - Filling up the DagBag from /home/airflow/.local/lib/python3.12/site-packages/airflow/example_dags/example_bash_decorator.py
[2025-02-22T20:43:42.425+0000] {processor.py:925} INFO - DAG(s) 'example_bash_decorator' retrieved from /home/airflow/.local/lib/python3.12/site-packages/airflow/example_dags/example_bash_decorator.py
[2025-02-22T20:43:42.455+0000] {logging_mixin.py:190} INFO - [2025-02-22T20:43:42.455+0000] {dag.py:3239} INFO - Sync 1 DAGs
[2025-02-22T20:43:42.472+0000] {logging_mixin.py:190} INFO - [2025-02-22T20:43:42.472+0000] {dag.py:4180} INFO - Setting next_dagrun for example_bash_decorator to None, run_after=None
[2025-02-22T20:43:42.493+0000] {processor.py:208} INFO - Processing /home/airflow/.local/lib/python3.12/site-packages/airflow/example_dags/example_bash_decorator.py took 0.099 seconds
[2025-02-22T20:44:13.286+0000] {processor.py:186} INFO - Started process (PID=1357) to work on /home/airflow/.local/lib/python3.12/site-packages/airflow/example_dags/example_bash_decorator.py
[2025-02-22T20:44:13.287+0000] {processor.py:914} INFO - Processing file /home/airflow/.local/lib/python3.12/site-packages/airflow/example_dags/example_bash_decorator.py for tasks to queue
[2025-02-22T20:44:13.290+0000] {logging_mixin.py:190} INFO - [2025-02-22T20:44:13.290+0000] {dagbag.py:588} INFO - Filling up the DagBag from /home/airflow/.local/lib/python3.12/site-packages/airflow/example_dags/example_bash_decorator.py
[2025-02-22T20:44:13.309+0000] {processor.py:925} INFO - DAG(s) 'example_bash_decorator' retrieved from /home/airflow/.local/lib/python3.12/site-packages/airflow/example_dags/example_bash_decorator.py
[2025-02-22T20:44:13.338+0000] {logging_mixin.py:190} INFO - [2025-02-22T20:44:13.338+0000] {dag.py:3239} INFO - Sync 1 DAGs
[2025-02-22T20:44:13.354+0000] {logging_mixin.py:190} INFO - [2025-02-22T20:44:13.354+0000] {dag.py:4180} INFO - Setting next_dagrun for example_bash_decorator to None, run_after=None
[2025-02-22T20:44:13.379+0000] {processor.py:208} INFO - Processing /home/airflow/.local/lib/python3.12/site-packages/airflow/example_dags/example_bash_decorator.py took 0.100 seconds
[2025-02-22T20:44:45.091+0000] {processor.py:186} INFO - Started process (PID=1420) to work on /home/airflow/.local/lib/python3.12/site-packages/airflow/example_dags/example_bash_decorator.py
[2025-02-22T20:44:45.092+0000] {processor.py:914} INFO - Processing file /home/airflow/.local/lib/python3.12/site-packages/airflow/example_dags/example_bash_decorator.py for tasks to queue
[2025-02-22T20:44:45.095+0000] {logging_mixin.py:190} INFO - [2025-02-22T20:44:45.095+0000] {dagbag.py:588} INFO - Filling up the DagBag from /home/airflow/.local/lib/python3.12/site-packages/airflow/example_dags/example_bash_decorator.py
[2025-02-22T20:44:45.112+0000] {processor.py:925} INFO - DAG(s) 'example_bash_decorator' retrieved from /home/airflow/.local/lib/python3.12/site-packages/airflow/example_dags/example_bash_decorator.py
[2025-02-22T20:44:45.140+0000] {logging_mixin.py:190} INFO - [2025-02-22T20:44:45.140+0000] {dag.py:3239} INFO - Sync 1 DAGs
[2025-02-22T20:44:45.156+0000] {logging_mixin.py:190} INFO - [2025-02-22T20:44:45.156+0000] {dag.py:4180} INFO - Setting next_dagrun for example_bash_decorator to None, run_after=None
[2025-02-22T20:44:45.178+0000] {processor.py:208} INFO - Processing /home/airflow/.local/lib/python3.12/site-packages/airflow/example_dags/example_bash_decorator.py took 0.094 seconds
[2025-02-22T20:45:16.391+0000] {processor.py:186} INFO - Started process (PID=1485) to work on /home/airflow/.local/lib/python3.12/site-packages/airflow/example_dags/example_bash_decorator.py
[2025-02-22T20:45:16.392+0000] {processor.py:914} INFO - Processing file /home/airflow/.local/lib/python3.12/site-packages/airflow/example_dags/example_bash_decorator.py for tasks to queue
[2025-02-22T20:45:16.396+0000] {logging_mixin.py:190} INFO - [2025-02-22T20:45:16.395+0000] {dagbag.py:588} INFO - Filling up the DagBag from /home/airflow/.local/lib/python3.12/site-packages/airflow/example_dags/example_bash_decorator.py
[2025-02-22T20:45:16.425+0000] {processor.py:925} INFO - DAG(s) 'example_bash_decorator' retrieved from /home/airflow/.local/lib/python3.12/site-packages/airflow/example_dags/example_bash_decorator.py
[2025-02-22T20:45:16.461+0000] {logging_mixin.py:190} INFO - [2025-02-22T20:45:16.460+0000] {dag.py:3239} INFO - Sync 1 DAGs
[2025-02-22T20:45:16.485+0000] {logging_mixin.py:190} INFO - [2025-02-22T20:45:16.484+0000] {dag.py:4180} INFO - Setting next_dagrun for example_bash_decorator to None, run_after=None
[2025-02-22T20:45:16.510+0000] {processor.py:208} INFO - Processing /home/airflow/.local/lib/python3.12/site-packages/airflow/example_dags/example_bash_decorator.py took 0.127 seconds
[2025-02-22T20:45:47.748+0000] {processor.py:186} INFO - Started process (PID=1548) to work on /home/airflow/.local/lib/python3.12/site-packages/airflow/example_dags/example_bash_decorator.py
[2025-02-22T20:45:47.750+0000] {processor.py:914} INFO - Processing file /home/airflow/.local/lib/python3.12/site-packages/airflow/example_dags/example_bash_decorator.py for tasks to queue
[2025-02-22T20:45:47.753+0000] {logging_mixin.py:190} INFO - [2025-02-22T20:45:47.752+0000] {dagbag.py:588} INFO - Filling up the DagBag from /home/airflow/.local/lib/python3.12/site-packages/airflow/example_dags/example_bash_decorator.py
[2025-02-22T20:45:47.773+0000] {processor.py:925} INFO - DAG(s) 'example_bash_decorator' retrieved from /home/airflow/.local/lib/python3.12/site-packages/airflow/example_dags/example_bash_decorator.py
[2025-02-22T20:45:47.806+0000] {logging_mixin.py:190} INFO - [2025-02-22T20:45:47.805+0000] {dag.py:3239} INFO - Sync 1 DAGs
[2025-02-22T20:45:47.825+0000] {logging_mixin.py:190} INFO - [2025-02-22T20:45:47.825+0000] {dag.py:4180} INFO - Setting next_dagrun for example_bash_decorator to None, run_after=None
[2025-02-22T20:45:47.850+0000] {processor.py:208} INFO - Processing /home/airflow/.local/lib/python3.12/site-packages/airflow/example_dags/example_bash_decorator.py took 0.109 seconds
[2025-02-22T20:46:18.443+0000] {processor.py:186} INFO - Started process (PID=1611) to work on /home/airflow/.local/lib/python3.12/site-packages/airflow/example_dags/example_bash_decorator.py
[2025-02-22T20:46:18.445+0000] {processor.py:914} INFO - Processing file /home/airflow/.local/lib/python3.12/site-packages/airflow/example_dags/example_bash_decorator.py for tasks to queue
[2025-02-22T20:46:18.448+0000] {logging_mixin.py:190} INFO - [2025-02-22T20:46:18.447+0000] {dagbag.py:588} INFO - Filling up the DagBag from /home/airflow/.local/lib/python3.12/site-packages/airflow/example_dags/example_bash_decorator.py
[2025-02-22T20:46:18.464+0000] {processor.py:925} INFO - DAG(s) 'example_bash_decorator' retrieved from /home/airflow/.local/lib/python3.12/site-packages/airflow/example_dags/example_bash_decorator.py
[2025-02-22T20:46:18.490+0000] {logging_mixin.py:190} INFO - [2025-02-22T20:46:18.490+0000] {dag.py:3239} INFO - Sync 1 DAGs
[2025-02-22T20:46:18.506+0000] {logging_mixin.py:190} INFO - [2025-02-22T20:46:18.506+0000] {dag.py:4180} INFO - Setting next_dagrun for example_bash_decorator to None, run_after=None
[2025-02-22T20:46:18.528+0000] {processor.py:208} INFO - Processing /home/airflow/.local/lib/python3.12/site-packages/airflow/example_dags/example_bash_decorator.py took 0.091 seconds
[2025-02-22T20:46:50.089+0000] {processor.py:186} INFO - Started process (PID=1674) to work on /home/airflow/.local/lib/python3.12/site-packages/airflow/example_dags/example_bash_decorator.py
[2025-02-22T20:46:50.090+0000] {processor.py:914} INFO - Processing file /home/airflow/.local/lib/python3.12/site-packages/airflow/example_dags/example_bash_decorator.py for tasks to queue
[2025-02-22T20:46:50.093+0000] {logging_mixin.py:190} INFO - [2025-02-22T20:46:50.092+0000] {dagbag.py:588} INFO - Filling up the DagBag from /home/airflow/.local/lib/python3.12/site-packages/airflow/example_dags/example_bash_decorator.py
[2025-02-22T20:46:50.110+0000] {processor.py:925} INFO - DAG(s) 'example_bash_decorator' retrieved from /home/airflow/.local/lib/python3.12/site-packages/airflow/example_dags/example_bash_decorator.py
[2025-02-22T20:46:50.136+0000] {logging_mixin.py:190} INFO - [2025-02-22T20:46:50.136+0000] {dag.py:3239} INFO - Sync 1 DAGs
[2025-02-22T20:46:50.155+0000] {logging_mixin.py:190} INFO - [2025-02-22T20:46:50.154+0000] {dag.py:4180} INFO - Setting next_dagrun for example_bash_decorator to None, run_after=None
[2025-02-22T20:46:50.175+0000] {processor.py:208} INFO - Processing /home/airflow/.local/lib/python3.12/site-packages/airflow/example_dags/example_bash_decorator.py took 0.094 seconds
[2025-02-22T20:47:20.850+0000] {processor.py:186} INFO - Started process (PID=1737) to work on /home/airflow/.local/lib/python3.12/site-packages/airflow/example_dags/example_bash_decorator.py
[2025-02-22T20:47:20.851+0000] {processor.py:914} INFO - Processing file /home/airflow/.local/lib/python3.12/site-packages/airflow/example_dags/example_bash_decorator.py for tasks to queue
[2025-02-22T20:47:20.854+0000] {logging_mixin.py:190} INFO - [2025-02-22T20:47:20.854+0000] {dagbag.py:588} INFO - Filling up the DagBag from /home/airflow/.local/lib/python3.12/site-packages/airflow/example_dags/example_bash_decorator.py
[2025-02-22T20:47:20.871+0000] {processor.py:925} INFO - DAG(s) 'example_bash_decorator' retrieved from /home/airflow/.local/lib/python3.12/site-packages/airflow/example_dags/example_bash_decorator.py
[2025-02-22T20:47:20.897+0000] {logging_mixin.py:190} INFO - [2025-02-22T20:47:20.897+0000] {dag.py:3239} INFO - Sync 1 DAGs
[2025-02-22T20:47:20.914+0000] {logging_mixin.py:190} INFO - [2025-02-22T20:47:20.914+0000] {dag.py:4180} INFO - Setting next_dagrun for example_bash_decorator to None, run_after=None
[2025-02-22T20:47:20.935+0000] {processor.py:208} INFO - Processing /home/airflow/.local/lib/python3.12/site-packages/airflow/example_dags/example_bash_decorator.py took 0.093 seconds
[2025-02-22T20:47:51.876+0000] {processor.py:186} INFO - Started process (PID=1800) to work on /home/airflow/.local/lib/python3.12/site-packages/airflow/example_dags/example_bash_decorator.py
[2025-02-22T20:47:51.878+0000] {processor.py:914} INFO - Processing file /home/airflow/.local/lib/python3.12/site-packages/airflow/example_dags/example_bash_decorator.py for tasks to queue
[2025-02-22T20:47:51.882+0000] {logging_mixin.py:190} INFO - [2025-02-22T20:47:51.882+0000] {dagbag.py:588} INFO - Filling up the DagBag from /home/airflow/.local/lib/python3.12/site-packages/airflow/example_dags/example_bash_decorator.py
[2025-02-22T20:47:51.909+0000] {processor.py:925} INFO - DAG(s) 'example_bash_decorator' retrieved from /home/airflow/.local/lib/python3.12/site-packages/airflow/example_dags/example_bash_decorator.py
[2025-02-22T20:47:51.942+0000] {logging_mixin.py:190} INFO - [2025-02-22T20:47:51.942+0000] {dag.py:3239} INFO - Sync 1 DAGs
[2025-02-22T20:47:51.961+0000] {logging_mixin.py:190} INFO - [2025-02-22T20:47:51.961+0000] {dag.py:4180} INFO - Setting next_dagrun for example_bash_decorator to None, run_after=None
[2025-02-22T20:47:51.985+0000] {processor.py:208} INFO - Processing /home/airflow/.local/lib/python3.12/site-packages/airflow/example_dags/example_bash_decorator.py took 0.118 seconds
[2025-02-22T20:48:23.461+0000] {processor.py:186} INFO - Started process (PID=1864) to work on /home/airflow/.local/lib/python3.12/site-packages/airflow/example_dags/example_bash_decorator.py
[2025-02-22T20:48:23.463+0000] {processor.py:914} INFO - Processing file /home/airflow/.local/lib/python3.12/site-packages/airflow/example_dags/example_bash_decorator.py for tasks to queue
[2025-02-22T20:48:23.465+0000] {logging_mixin.py:190} INFO - [2025-02-22T20:48:23.465+0000] {dagbag.py:588} INFO - Filling up the DagBag from /home/airflow/.local/lib/python3.12/site-packages/airflow/example_dags/example_bash_decorator.py
[2025-02-22T20:48:23.481+0000] {processor.py:925} INFO - DAG(s) 'example_bash_decorator' retrieved from /home/airflow/.local/lib/python3.12/site-packages/airflow/example_dags/example_bash_decorator.py
[2025-02-22T20:48:23.508+0000] {logging_mixin.py:190} INFO - [2025-02-22T20:48:23.508+0000] {dag.py:3239} INFO - Sync 1 DAGs
[2025-02-22T20:48:23.526+0000] {logging_mixin.py:190} INFO - [2025-02-22T20:48:23.525+0000] {dag.py:4180} INFO - Setting next_dagrun for example_bash_decorator to None, run_after=None
[2025-02-22T20:48:23.548+0000] {processor.py:208} INFO - Processing /home/airflow/.local/lib/python3.12/site-packages/airflow/example_dags/example_bash_decorator.py took 0.094 seconds
[2025-02-22T20:48:55.098+0000] {processor.py:186} INFO - Started process (PID=1928) to work on /home/airflow/.local/lib/python3.12/site-packages/airflow/example_dags/example_bash_decorator.py
[2025-02-22T20:48:55.099+0000] {processor.py:914} INFO - Processing file /home/airflow/.local/lib/python3.12/site-packages/airflow/example_dags/example_bash_decorator.py for tasks to queue
[2025-02-22T20:48:55.103+0000] {logging_mixin.py:190} INFO - [2025-02-22T20:48:55.102+0000] {dagbag.py:588} INFO - Filling up the DagBag from /home/airflow/.local/lib/python3.12/site-packages/airflow/example_dags/example_bash_decorator.py
[2025-02-22T20:48:55.127+0000] {processor.py:925} INFO - DAG(s) 'example_bash_decorator' retrieved from /home/airflow/.local/lib/python3.12/site-packages/airflow/example_dags/example_bash_decorator.py
[2025-02-22T20:48:55.158+0000] {logging_mixin.py:190} INFO - [2025-02-22T20:48:55.158+0000] {dag.py:3239} INFO - Sync 1 DAGs
[2025-02-22T20:48:55.180+0000] {logging_mixin.py:190} INFO - [2025-02-22T20:48:55.180+0000] {dag.py:4180} INFO - Setting next_dagrun for example_bash_decorator to None, run_after=None
[2025-02-22T20:48:55.199+0000] {processor.py:208} INFO - Processing /home/airflow/.local/lib/python3.12/site-packages/airflow/example_dags/example_bash_decorator.py took 0.112 seconds
