[2025-02-22T20:33:54.923+0000] {processor.py:186} INFO - Started process (PID=112) to work on /home/airflow/.local/lib/python3.12/site-packages/airflow/example_dags/example_branch_operator.py
[2025-02-22T20:33:54.925+0000] {processor.py:914} INFO - Processing file /home/airflow/.local/lib/python3.12/site-packages/airflow/example_dags/example_branch_operator.py for tasks to queue
[2025-02-22T20:33:54.929+0000] {logging_mixin.py:190} INFO - [2025-02-22T20:33:54.928+0000] {dagbag.py:588} INFO - Filling up the DagBag from /home/airflow/.local/lib/python3.12/site-packages/airflow/example_dags/example_branch_operator.py
[2025-02-22T20:33:54.963+0000] {processor.py:925} INFO - DAG(s) 'example_branch_operator' retrieved from /home/airflow/.local/lib/python3.12/site-packages/airflow/example_dags/example_branch_operator.py
[2025-02-22T20:33:55.172+0000] {logging_mixin.py:190} INFO - [2025-02-22T20:33:55.170+0000] {override.py:1912} INFO - Created Permission View: can edit on DAG:example_branch_operator
[2025-02-22T20:33:55.188+0000] {logging_mixin.py:190} INFO - [2025-02-22T20:33:55.187+0000] {override.py:1912} INFO - Created Permission View: can read on DAG:example_branch_operator
[2025-02-22T20:33:55.202+0000] {logging_mixin.py:190} INFO - [2025-02-22T20:33:55.201+0000] {override.py:1912} INFO - Created Permission View: can delete on DAG:example_branch_operator
[2025-02-22T20:33:55.213+0000] {logging_mixin.py:190} INFO - [2025-02-22T20:33:55.213+0000] {override.py:1912} INFO - Created Permission View: can read on DAG Run:example_branch_operator
[2025-02-22T20:33:55.227+0000] {logging_mixin.py:190} INFO - [2025-02-22T20:33:55.226+0000] {override.py:1912} INFO - Created Permission View: menu access on DAG Run:example_branch_operator
[2025-02-22T20:33:55.241+0000] {logging_mixin.py:190} INFO - [2025-02-22T20:33:55.240+0000] {override.py:1912} INFO - Created Permission View: can create on DAG Run:example_branch_operator
[2025-02-22T20:33:55.256+0000] {logging_mixin.py:190} INFO - [2025-02-22T20:33:55.255+0000] {override.py:1912} INFO - Created Permission View: can delete on DAG Run:example_branch_operator
[2025-02-22T20:33:55.257+0000] {logging_mixin.py:190} INFO - [2025-02-22T20:33:55.257+0000] {dag.py:3239} INFO - Sync 1 DAGs
[2025-02-22T20:33:55.290+0000] {logging_mixin.py:190} INFO - [2025-02-22T20:33:55.290+0000] {dag.py:3262} INFO - Creating ORM DAG for example_branch_operator
[2025-02-22T20:33:55.330+0000] {logging_mixin.py:190} INFO - [2025-02-22T20:33:55.329+0000] {dag.py:4180} INFO - Setting next_dagrun for example_branch_operator to 2025-02-21 00:00:00+00:00, run_after=2025-02-22 00:00:00+00:00
[2025-02-22T20:33:55.370+0000] {processor.py:208} INFO - Processing /home/airflow/.local/lib/python3.12/site-packages/airflow/example_dags/example_branch_operator.py took 0.457 seconds
[2025-02-22T20:34:26.262+0000] {processor.py:186} INFO - Started process (PID=180) to work on /home/airflow/.local/lib/python3.12/site-packages/airflow/example_dags/example_branch_operator.py
[2025-02-22T20:34:26.264+0000] {processor.py:914} INFO - Processing file /home/airflow/.local/lib/python3.12/site-packages/airflow/example_dags/example_branch_operator.py for tasks to queue
[2025-02-22T20:34:26.270+0000] {logging_mixin.py:190} INFO - [2025-02-22T20:34:26.269+0000] {dagbag.py:588} INFO - Filling up the DagBag from /home/airflow/.local/lib/python3.12/site-packages/airflow/example_dags/example_branch_operator.py
[2025-02-22T20:34:26.303+0000] {processor.py:925} INFO - DAG(s) 'example_branch_operator' retrieved from /home/airflow/.local/lib/python3.12/site-packages/airflow/example_dags/example_branch_operator.py
[2025-02-22T20:34:26.354+0000] {logging_mixin.py:190} INFO - [2025-02-22T20:34:26.353+0000] {dag.py:3239} INFO - Sync 1 DAGs
[2025-02-22T20:34:26.412+0000] {logging_mixin.py:190} INFO - [2025-02-22T20:34:26.412+0000] {dag.py:4180} INFO - Setting next_dagrun for example_branch_operator to 2025-02-21 00:00:00+00:00, run_after=2025-02-22 00:00:00+00:00
[2025-02-22T20:34:26.443+0000] {processor.py:208} INFO - Processing /home/airflow/.local/lib/python3.12/site-packages/airflow/example_dags/example_branch_operator.py took 0.193 seconds
[2025-02-22T20:34:56.773+0000] {processor.py:186} INFO - Started process (PID=243) to work on /home/airflow/.local/lib/python3.12/site-packages/airflow/example_dags/example_branch_operator.py
[2025-02-22T20:34:56.774+0000] {processor.py:914} INFO - Processing file /home/airflow/.local/lib/python3.12/site-packages/airflow/example_dags/example_branch_operator.py for tasks to queue
[2025-02-22T20:34:56.777+0000] {logging_mixin.py:190} INFO - [2025-02-22T20:34:56.777+0000] {dagbag.py:588} INFO - Filling up the DagBag from /home/airflow/.local/lib/python3.12/site-packages/airflow/example_dags/example_branch_operator.py
[2025-02-22T20:34:56.797+0000] {processor.py:925} INFO - DAG(s) 'example_branch_operator' retrieved from /home/airflow/.local/lib/python3.12/site-packages/airflow/example_dags/example_branch_operator.py
[2025-02-22T20:34:56.833+0000] {logging_mixin.py:190} INFO - [2025-02-22T20:34:56.832+0000] {dag.py:3239} INFO - Sync 1 DAGs
[2025-02-22T20:34:56.861+0000] {logging_mixin.py:190} INFO - [2025-02-22T20:34:56.861+0000] {dag.py:4180} INFO - Setting next_dagrun for example_branch_operator to 2025-02-21 00:00:00+00:00, run_after=2025-02-22 00:00:00+00:00
[2025-02-22T20:34:56.884+0000] {processor.py:208} INFO - Processing /home/airflow/.local/lib/python3.12/site-packages/airflow/example_dags/example_branch_operator.py took 0.117 seconds
[2025-02-22T20:35:27.515+0000] {processor.py:186} INFO - Started process (PID=306) to work on /home/airflow/.local/lib/python3.12/site-packages/airflow/example_dags/example_branch_operator.py
[2025-02-22T20:35:27.517+0000] {processor.py:914} INFO - Processing file /home/airflow/.local/lib/python3.12/site-packages/airflow/example_dags/example_branch_operator.py for tasks to queue
[2025-02-22T20:35:27.520+0000] {logging_mixin.py:190} INFO - [2025-02-22T20:35:27.519+0000] {dagbag.py:588} INFO - Filling up the DagBag from /home/airflow/.local/lib/python3.12/site-packages/airflow/example_dags/example_branch_operator.py
[2025-02-22T20:35:27.544+0000] {processor.py:925} INFO - DAG(s) 'example_branch_operator' retrieved from /home/airflow/.local/lib/python3.12/site-packages/airflow/example_dags/example_branch_operator.py
[2025-02-22T20:35:27.589+0000] {logging_mixin.py:190} INFO - [2025-02-22T20:35:27.589+0000] {dag.py:3239} INFO - Sync 1 DAGs
[2025-02-22T20:35:27.632+0000] {logging_mixin.py:190} INFO - [2025-02-22T20:35:27.631+0000] {dag.py:4180} INFO - Setting next_dagrun for example_branch_operator to 2025-02-21 00:00:00+00:00, run_after=2025-02-22 00:00:00+00:00
[2025-02-22T20:35:27.666+0000] {processor.py:208} INFO - Processing /home/airflow/.local/lib/python3.12/site-packages/airflow/example_dags/example_branch_operator.py took 0.158 seconds
[2025-02-22T20:35:57.841+0000] {processor.py:186} INFO - Started process (PID=370) to work on /home/airflow/.local/lib/python3.12/site-packages/airflow/example_dags/example_branch_operator.py
[2025-02-22T20:35:57.842+0000] {processor.py:914} INFO - Processing file /home/airflow/.local/lib/python3.12/site-packages/airflow/example_dags/example_branch_operator.py for tasks to queue
[2025-02-22T20:35:57.845+0000] {logging_mixin.py:190} INFO - [2025-02-22T20:35:57.845+0000] {dagbag.py:588} INFO - Filling up the DagBag from /home/airflow/.local/lib/python3.12/site-packages/airflow/example_dags/example_branch_operator.py
[2025-02-22T20:35:57.865+0000] {processor.py:925} INFO - DAG(s) 'example_branch_operator' retrieved from /home/airflow/.local/lib/python3.12/site-packages/airflow/example_dags/example_branch_operator.py
[2025-02-22T20:35:57.899+0000] {logging_mixin.py:190} INFO - [2025-02-22T20:35:57.898+0000] {dag.py:3239} INFO - Sync 1 DAGs
[2025-02-22T20:35:57.926+0000] {logging_mixin.py:190} INFO - [2025-02-22T20:35:57.925+0000] {dag.py:4180} INFO - Setting next_dagrun for example_branch_operator to 2025-02-21 00:00:00+00:00, run_after=2025-02-22 00:00:00+00:00
[2025-02-22T20:35:57.948+0000] {processor.py:208} INFO - Processing /home/airflow/.local/lib/python3.12/site-packages/airflow/example_dags/example_branch_operator.py took 0.114 seconds
[2025-02-22T20:36:29.016+0000] {processor.py:186} INFO - Started process (PID=433) to work on /home/airflow/.local/lib/python3.12/site-packages/airflow/example_dags/example_branch_operator.py
[2025-02-22T20:36:29.018+0000] {processor.py:914} INFO - Processing file /home/airflow/.local/lib/python3.12/site-packages/airflow/example_dags/example_branch_operator.py for tasks to queue
[2025-02-22T20:36:29.021+0000] {logging_mixin.py:190} INFO - [2025-02-22T20:36:29.021+0000] {dagbag.py:588} INFO - Filling up the DagBag from /home/airflow/.local/lib/python3.12/site-packages/airflow/example_dags/example_branch_operator.py
[2025-02-22T20:36:29.045+0000] {processor.py:925} INFO - DAG(s) 'example_branch_operator' retrieved from /home/airflow/.local/lib/python3.12/site-packages/airflow/example_dags/example_branch_operator.py
[2025-02-22T20:36:29.084+0000] {logging_mixin.py:190} INFO - [2025-02-22T20:36:29.084+0000] {dag.py:3239} INFO - Sync 1 DAGs
[2025-02-22T20:36:29.118+0000] {logging_mixin.py:190} INFO - [2025-02-22T20:36:29.118+0000] {dag.py:4180} INFO - Setting next_dagrun for example_branch_operator to 2025-02-21 00:00:00+00:00, run_after=2025-02-22 00:00:00+00:00
[2025-02-22T20:36:29.145+0000] {processor.py:208} INFO - Processing /home/airflow/.local/lib/python3.12/site-packages/airflow/example_dags/example_branch_operator.py took 0.137 seconds
[2025-02-22T20:36:59.493+0000] {processor.py:186} INFO - Started process (PID=496) to work on /home/airflow/.local/lib/python3.12/site-packages/airflow/example_dags/example_branch_operator.py
[2025-02-22T20:36:59.494+0000] {processor.py:914} INFO - Processing file /home/airflow/.local/lib/python3.12/site-packages/airflow/example_dags/example_branch_operator.py for tasks to queue
[2025-02-22T20:36:59.497+0000] {logging_mixin.py:190} INFO - [2025-02-22T20:36:59.496+0000] {dagbag.py:588} INFO - Filling up the DagBag from /home/airflow/.local/lib/python3.12/site-packages/airflow/example_dags/example_branch_operator.py
[2025-02-22T20:36:59.518+0000] {processor.py:925} INFO - DAG(s) 'example_branch_operator' retrieved from /home/airflow/.local/lib/python3.12/site-packages/airflow/example_dags/example_branch_operator.py
[2025-02-22T20:36:59.568+0000] {logging_mixin.py:190} INFO - [2025-02-22T20:36:59.568+0000] {dag.py:3239} INFO - Sync 1 DAGs
[2025-02-22T20:36:59.607+0000] {logging_mixin.py:190} INFO - [2025-02-22T20:36:59.606+0000] {dag.py:4180} INFO - Setting next_dagrun for example_branch_operator to 2025-02-21 00:00:00+00:00, run_after=2025-02-22 00:00:00+00:00
[2025-02-22T20:36:59.630+0000] {processor.py:208} INFO - Processing /home/airflow/.local/lib/python3.12/site-packages/airflow/example_dags/example_branch_operator.py took 0.145 seconds
[2025-02-22T20:37:29.895+0000] {processor.py:186} INFO - Started process (PID=558) to work on /home/airflow/.local/lib/python3.12/site-packages/airflow/example_dags/example_branch_operator.py
[2025-02-22T20:37:29.896+0000] {processor.py:914} INFO - Processing file /home/airflow/.local/lib/python3.12/site-packages/airflow/example_dags/example_branch_operator.py for tasks to queue
[2025-02-22T20:37:29.899+0000] {logging_mixin.py:190} INFO - [2025-02-22T20:37:29.898+0000] {dagbag.py:588} INFO - Filling up the DagBag from /home/airflow/.local/lib/python3.12/site-packages/airflow/example_dags/example_branch_operator.py
[2025-02-22T20:37:29.919+0000] {processor.py:925} INFO - DAG(s) 'example_branch_operator' retrieved from /home/airflow/.local/lib/python3.12/site-packages/airflow/example_dags/example_branch_operator.py
[2025-02-22T20:37:29.953+0000] {logging_mixin.py:190} INFO - [2025-02-22T20:37:29.953+0000] {dag.py:3239} INFO - Sync 1 DAGs
[2025-02-22T20:37:29.979+0000] {logging_mixin.py:190} INFO - [2025-02-22T20:37:29.979+0000] {dag.py:4180} INFO - Setting next_dagrun for example_branch_operator to 2025-02-21 00:00:00+00:00, run_after=2025-02-22 00:00:00+00:00
[2025-02-22T20:37:30.001+0000] {processor.py:208} INFO - Processing /home/airflow/.local/lib/python3.12/site-packages/airflow/example_dags/example_branch_operator.py took 0.113 seconds
[2025-02-22T20:38:00.316+0000] {processor.py:186} INFO - Started process (PID=621) to work on /home/airflow/.local/lib/python3.12/site-packages/airflow/example_dags/example_branch_operator.py
[2025-02-22T20:38:00.318+0000] {processor.py:914} INFO - Processing file /home/airflow/.local/lib/python3.12/site-packages/airflow/example_dags/example_branch_operator.py for tasks to queue
[2025-02-22T20:38:00.321+0000] {logging_mixin.py:190} INFO - [2025-02-22T20:38:00.320+0000] {dagbag.py:588} INFO - Filling up the DagBag from /home/airflow/.local/lib/python3.12/site-packages/airflow/example_dags/example_branch_operator.py
[2025-02-22T20:38:00.340+0000] {processor.py:925} INFO - DAG(s) 'example_branch_operator' retrieved from /home/airflow/.local/lib/python3.12/site-packages/airflow/example_dags/example_branch_operator.py
[2025-02-22T20:38:00.374+0000] {logging_mixin.py:190} INFO - [2025-02-22T20:38:00.374+0000] {dag.py:3239} INFO - Sync 1 DAGs
[2025-02-22T20:38:00.401+0000] {logging_mixin.py:190} INFO - [2025-02-22T20:38:00.401+0000] {dag.py:4180} INFO - Setting next_dagrun for example_branch_operator to 2025-02-21 00:00:00+00:00, run_after=2025-02-22 00:00:00+00:00
[2025-02-22T20:38:00.424+0000] {processor.py:208} INFO - Processing /home/airflow/.local/lib/python3.12/site-packages/airflow/example_dags/example_branch_operator.py took 0.115 seconds
[2025-02-22T20:38:30.818+0000] {processor.py:186} INFO - Started process (PID=684) to work on /home/airflow/.local/lib/python3.12/site-packages/airflow/example_dags/example_branch_operator.py
[2025-02-22T20:38:30.820+0000] {processor.py:914} INFO - Processing file /home/airflow/.local/lib/python3.12/site-packages/airflow/example_dags/example_branch_operator.py for tasks to queue
[2025-02-22T20:38:30.823+0000] {logging_mixin.py:190} INFO - [2025-02-22T20:38:30.823+0000] {dagbag.py:588} INFO - Filling up the DagBag from /home/airflow/.local/lib/python3.12/site-packages/airflow/example_dags/example_branch_operator.py
[2025-02-22T20:38:30.847+0000] {processor.py:925} INFO - DAG(s) 'example_branch_operator' retrieved from /home/airflow/.local/lib/python3.12/site-packages/airflow/example_dags/example_branch_operator.py
[2025-02-22T20:38:30.893+0000] {logging_mixin.py:190} INFO - [2025-02-22T20:38:30.892+0000] {dag.py:3239} INFO - Sync 1 DAGs
[2025-02-22T20:38:30.937+0000] {logging_mixin.py:190} INFO - [2025-02-22T20:38:30.936+0000] {dag.py:4180} INFO - Setting next_dagrun for example_branch_operator to 2025-02-21 00:00:00+00:00, run_after=2025-02-22 00:00:00+00:00
[2025-02-22T20:38:30.965+0000] {processor.py:208} INFO - Processing /home/airflow/.local/lib/python3.12/site-packages/airflow/example_dags/example_branch_operator.py took 0.158 seconds
[2025-02-22T20:39:02.135+0000] {processor.py:186} INFO - Started process (PID=747) to work on /home/airflow/.local/lib/python3.12/site-packages/airflow/example_dags/example_branch_operator.py
[2025-02-22T20:39:02.137+0000] {processor.py:914} INFO - Processing file /home/airflow/.local/lib/python3.12/site-packages/airflow/example_dags/example_branch_operator.py for tasks to queue
[2025-02-22T20:39:02.140+0000] {logging_mixin.py:190} INFO - [2025-02-22T20:39:02.140+0000] {dagbag.py:588} INFO - Filling up the DagBag from /home/airflow/.local/lib/python3.12/site-packages/airflow/example_dags/example_branch_operator.py
[2025-02-22T20:39:02.178+0000] {processor.py:925} INFO - DAG(s) 'example_branch_operator' retrieved from /home/airflow/.local/lib/python3.12/site-packages/airflow/example_dags/example_branch_operator.py
[2025-02-22T20:39:02.226+0000] {logging_mixin.py:190} INFO - [2025-02-22T20:39:02.226+0000] {dag.py:3239} INFO - Sync 1 DAGs
[2025-02-22T20:39:02.266+0000] {logging_mixin.py:190} INFO - [2025-02-22T20:39:02.266+0000] {dag.py:4180} INFO - Setting next_dagrun for example_branch_operator to 2025-02-21 00:00:00+00:00, run_after=2025-02-22 00:00:00+00:00
[2025-02-22T20:39:02.291+0000] {processor.py:208} INFO - Processing /home/airflow/.local/lib/python3.12/site-packages/airflow/example_dags/example_branch_operator.py took 0.165 seconds
[2025-02-22T20:39:32.535+0000] {processor.py:186} INFO - Started process (PID=809) to work on /home/airflow/.local/lib/python3.12/site-packages/airflow/example_dags/example_branch_operator.py
[2025-02-22T20:39:32.537+0000] {processor.py:914} INFO - Processing file /home/airflow/.local/lib/python3.12/site-packages/airflow/example_dags/example_branch_operator.py for tasks to queue
[2025-02-22T20:39:32.539+0000] {logging_mixin.py:190} INFO - [2025-02-22T20:39:32.539+0000] {dagbag.py:588} INFO - Filling up the DagBag from /home/airflow/.local/lib/python3.12/site-packages/airflow/example_dags/example_branch_operator.py
[2025-02-22T20:39:32.559+0000] {processor.py:925} INFO - DAG(s) 'example_branch_operator' retrieved from /home/airflow/.local/lib/python3.12/site-packages/airflow/example_dags/example_branch_operator.py
[2025-02-22T20:39:32.593+0000] {logging_mixin.py:190} INFO - [2025-02-22T20:39:32.593+0000] {dag.py:3239} INFO - Sync 1 DAGs
[2025-02-22T20:39:32.620+0000] {logging_mixin.py:190} INFO - [2025-02-22T20:39:32.620+0000] {dag.py:4180} INFO - Setting next_dagrun for example_branch_operator to 2025-02-21 00:00:00+00:00, run_after=2025-02-22 00:00:00+00:00
[2025-02-22T20:39:32.652+0000] {processor.py:208} INFO - Processing /home/airflow/.local/lib/python3.12/site-packages/airflow/example_dags/example_branch_operator.py took 0.123 seconds
[2025-02-22T20:40:05.149+0000] {processor.py:186} INFO - Started process (PID=873) to work on /home/airflow/.local/lib/python3.12/site-packages/airflow/example_dags/example_branch_operator.py
[2025-02-22T20:40:05.151+0000] {processor.py:914} INFO - Processing file /home/airflow/.local/lib/python3.12/site-packages/airflow/example_dags/example_branch_operator.py for tasks to queue
[2025-02-22T20:40:05.155+0000] {logging_mixin.py:190} INFO - [2025-02-22T20:40:05.154+0000] {dagbag.py:588} INFO - Filling up the DagBag from /home/airflow/.local/lib/python3.12/site-packages/airflow/example_dags/example_branch_operator.py
[2025-02-22T20:40:05.184+0000] {processor.py:925} INFO - DAG(s) 'example_branch_operator' retrieved from /home/airflow/.local/lib/python3.12/site-packages/airflow/example_dags/example_branch_operator.py
[2025-02-22T20:40:05.221+0000] {logging_mixin.py:190} INFO - [2025-02-22T20:40:05.221+0000] {dag.py:3239} INFO - Sync 1 DAGs
[2025-02-22T20:40:05.250+0000] {logging_mixin.py:190} INFO - [2025-02-22T20:40:05.250+0000] {dag.py:4180} INFO - Setting next_dagrun for example_branch_operator to 2025-02-21 00:00:00+00:00, run_after=2025-02-22 00:00:00+00:00
[2025-02-22T20:40:05.271+0000] {processor.py:208} INFO - Processing /home/airflow/.local/lib/python3.12/site-packages/airflow/example_dags/example_branch_operator.py took 0.133 seconds
[2025-02-22T20:40:38.022+0000] {processor.py:186} INFO - Started process (PID=936) to work on /home/airflow/.local/lib/python3.12/site-packages/airflow/example_dags/example_branch_operator.py
[2025-02-22T20:40:38.024+0000] {processor.py:914} INFO - Processing file /home/airflow/.local/lib/python3.12/site-packages/airflow/example_dags/example_branch_operator.py for tasks to queue
[2025-02-22T20:40:38.026+0000] {logging_mixin.py:190} INFO - [2025-02-22T20:40:38.026+0000] {dagbag.py:588} INFO - Filling up the DagBag from /home/airflow/.local/lib/python3.12/site-packages/airflow/example_dags/example_branch_operator.py
[2025-02-22T20:40:38.047+0000] {processor.py:925} INFO - DAG(s) 'example_branch_operator' retrieved from /home/airflow/.local/lib/python3.12/site-packages/airflow/example_dags/example_branch_operator.py
[2025-02-22T20:40:38.084+0000] {logging_mixin.py:190} INFO - [2025-02-22T20:40:38.084+0000] {dag.py:3239} INFO - Sync 1 DAGs
[2025-02-22T20:40:38.116+0000] {logging_mixin.py:190} INFO - [2025-02-22T20:40:38.116+0000] {dag.py:4180} INFO - Setting next_dagrun for example_branch_operator to 2025-02-21 00:00:00+00:00, run_after=2025-02-22 00:00:00+00:00
[2025-02-22T20:40:38.140+0000] {processor.py:208} INFO - Processing /home/airflow/.local/lib/python3.12/site-packages/airflow/example_dags/example_branch_operator.py took 0.125 seconds
[2025-02-22T20:41:09.099+0000] {processor.py:186} INFO - Started process (PID=999) to work on /home/airflow/.local/lib/python3.12/site-packages/airflow/example_dags/example_branch_operator.py
[2025-02-22T20:41:09.100+0000] {processor.py:914} INFO - Processing file /home/airflow/.local/lib/python3.12/site-packages/airflow/example_dags/example_branch_operator.py for tasks to queue
[2025-02-22T20:41:09.104+0000] {logging_mixin.py:190} INFO - [2025-02-22T20:41:09.103+0000] {dagbag.py:588} INFO - Filling up the DagBag from /home/airflow/.local/lib/python3.12/site-packages/airflow/example_dags/example_branch_operator.py
[2025-02-22T20:41:09.130+0000] {processor.py:925} INFO - DAG(s) 'example_branch_operator' retrieved from /home/airflow/.local/lib/python3.12/site-packages/airflow/example_dags/example_branch_operator.py
[2025-02-22T20:41:09.172+0000] {logging_mixin.py:190} INFO - [2025-02-22T20:41:09.172+0000] {dag.py:3239} INFO - Sync 1 DAGs
[2025-02-22T20:41:09.205+0000] {logging_mixin.py:190} INFO - [2025-02-22T20:41:09.204+0000] {dag.py:4180} INFO - Setting next_dagrun for example_branch_operator to 2025-02-21 00:00:00+00:00, run_after=2025-02-22 00:00:00+00:00
[2025-02-22T20:41:09.232+0000] {processor.py:208} INFO - Processing /home/airflow/.local/lib/python3.12/site-packages/airflow/example_dags/example_branch_operator.py took 0.141 seconds
[2025-02-22T20:41:39.393+0000] {processor.py:186} INFO - Started process (PID=1062) to work on /home/airflow/.local/lib/python3.12/site-packages/airflow/example_dags/example_branch_operator.py
[2025-02-22T20:41:39.394+0000] {processor.py:914} INFO - Processing file /home/airflow/.local/lib/python3.12/site-packages/airflow/example_dags/example_branch_operator.py for tasks to queue
[2025-02-22T20:41:39.397+0000] {logging_mixin.py:190} INFO - [2025-02-22T20:41:39.396+0000] {dagbag.py:588} INFO - Filling up the DagBag from /home/airflow/.local/lib/python3.12/site-packages/airflow/example_dags/example_branch_operator.py
[2025-02-22T20:41:39.418+0000] {processor.py:925} INFO - DAG(s) 'example_branch_operator' retrieved from /home/airflow/.local/lib/python3.12/site-packages/airflow/example_dags/example_branch_operator.py
[2025-02-22T20:41:39.454+0000] {logging_mixin.py:190} INFO - [2025-02-22T20:41:39.454+0000] {dag.py:3239} INFO - Sync 1 DAGs
[2025-02-22T20:41:39.483+0000] {logging_mixin.py:190} INFO - [2025-02-22T20:41:39.483+0000] {dag.py:4180} INFO - Setting next_dagrun for example_branch_operator to 2025-02-21 00:00:00+00:00, run_after=2025-02-22 00:00:00+00:00
[2025-02-22T20:41:39.510+0000] {processor.py:208} INFO - Processing /home/airflow/.local/lib/python3.12/site-packages/airflow/example_dags/example_branch_operator.py took 0.124 seconds
[2025-02-22T20:42:14.084+0000] {processor.py:186} INFO - Started process (PID=1127) to work on /home/airflow/.local/lib/python3.12/site-packages/airflow/example_dags/example_branch_operator.py
[2025-02-22T20:42:14.090+0000] {processor.py:914} INFO - Processing file /home/airflow/.local/lib/python3.12/site-packages/airflow/example_dags/example_branch_operator.py for tasks to queue
[2025-02-22T20:42:14.104+0000] {logging_mixin.py:190} INFO - [2025-02-22T20:42:14.102+0000] {dagbag.py:588} INFO - Filling up the DagBag from /home/airflow/.local/lib/python3.12/site-packages/airflow/example_dags/example_branch_operator.py
[2025-02-22T20:42:14.197+0000] {processor.py:925} INFO - DAG(s) 'example_branch_operator' retrieved from /home/airflow/.local/lib/python3.12/site-packages/airflow/example_dags/example_branch_operator.py
[2025-02-22T20:42:14.364+0000] {logging_mixin.py:190} INFO - [2025-02-22T20:42:14.364+0000] {dag.py:3239} INFO - Sync 1 DAGs
[2025-02-22T20:42:14.406+0000] {logging_mixin.py:190} INFO - [2025-02-22T20:42:14.406+0000] {dag.py:4180} INFO - Setting next_dagrun for example_branch_operator to 2025-02-21 00:00:00+00:00, run_after=2025-02-22 00:00:00+00:00
[2025-02-22T20:42:14.439+0000] {processor.py:208} INFO - Processing /home/airflow/.local/lib/python3.12/site-packages/airflow/example_dags/example_branch_operator.py took 0.382 seconds
[2025-02-22T20:42:45.837+0000] {processor.py:186} INFO - Started process (PID=1190) to work on /home/airflow/.local/lib/python3.12/site-packages/airflow/example_dags/example_branch_operator.py
[2025-02-22T20:42:45.840+0000] {processor.py:914} INFO - Processing file /home/airflow/.local/lib/python3.12/site-packages/airflow/example_dags/example_branch_operator.py for tasks to queue
[2025-02-22T20:42:45.844+0000] {logging_mixin.py:190} INFO - [2025-02-22T20:42:45.843+0000] {dagbag.py:588} INFO - Filling up the DagBag from /home/airflow/.local/lib/python3.12/site-packages/airflow/example_dags/example_branch_operator.py
[2025-02-22T20:42:45.876+0000] {processor.py:925} INFO - DAG(s) 'example_branch_operator' retrieved from /home/airflow/.local/lib/python3.12/site-packages/airflow/example_dags/example_branch_operator.py
[2025-02-22T20:42:45.931+0000] {logging_mixin.py:190} INFO - [2025-02-22T20:42:45.930+0000] {dag.py:3239} INFO - Sync 1 DAGs
[2025-02-22T20:42:45.989+0000] {logging_mixin.py:190} INFO - [2025-02-22T20:42:45.989+0000] {dag.py:4180} INFO - Setting next_dagrun for example_branch_operator to 2025-02-21 00:00:00+00:00, run_after=2025-02-22 00:00:00+00:00
[2025-02-22T20:42:46.021+0000] {processor.py:208} INFO - Processing /home/airflow/.local/lib/python3.12/site-packages/airflow/example_dags/example_branch_operator.py took 0.194 seconds
[2025-02-22T20:43:17.347+0000] {processor.py:186} INFO - Started process (PID=1253) to work on /home/airflow/.local/lib/python3.12/site-packages/airflow/example_dags/example_branch_operator.py
[2025-02-22T20:43:17.349+0000] {processor.py:914} INFO - Processing file /home/airflow/.local/lib/python3.12/site-packages/airflow/example_dags/example_branch_operator.py for tasks to queue
[2025-02-22T20:43:17.353+0000] {logging_mixin.py:190} INFO - [2025-02-22T20:43:17.352+0000] {dagbag.py:588} INFO - Filling up the DagBag from /home/airflow/.local/lib/python3.12/site-packages/airflow/example_dags/example_branch_operator.py
[2025-02-22T20:43:17.383+0000] {processor.py:925} INFO - DAG(s) 'example_branch_operator' retrieved from /home/airflow/.local/lib/python3.12/site-packages/airflow/example_dags/example_branch_operator.py
[2025-02-22T20:43:17.446+0000] {logging_mixin.py:190} INFO - [2025-02-22T20:43:17.445+0000] {dag.py:3239} INFO - Sync 1 DAGs
[2025-02-22T20:43:17.477+0000] {logging_mixin.py:190} INFO - [2025-02-22T20:43:17.477+0000] {dag.py:4180} INFO - Setting next_dagrun for example_branch_operator to 2025-02-21 00:00:00+00:00, run_after=2025-02-22 00:00:00+00:00
[2025-02-22T20:43:17.498+0000] {processor.py:208} INFO - Processing /home/airflow/.local/lib/python3.12/site-packages/airflow/example_dags/example_branch_operator.py took 0.161 seconds
[2025-02-22T20:43:48.907+0000] {processor.py:186} INFO - Started process (PID=1318) to work on /home/airflow/.local/lib/python3.12/site-packages/airflow/example_dags/example_branch_operator.py
[2025-02-22T20:43:48.909+0000] {processor.py:914} INFO - Processing file /home/airflow/.local/lib/python3.12/site-packages/airflow/example_dags/example_branch_operator.py for tasks to queue
[2025-02-22T20:43:48.912+0000] {logging_mixin.py:190} INFO - [2025-02-22T20:43:48.912+0000] {dagbag.py:588} INFO - Filling up the DagBag from /home/airflow/.local/lib/python3.12/site-packages/airflow/example_dags/example_branch_operator.py
[2025-02-22T20:43:48.937+0000] {processor.py:925} INFO - DAG(s) 'example_branch_operator' retrieved from /home/airflow/.local/lib/python3.12/site-packages/airflow/example_dags/example_branch_operator.py
[2025-02-22T20:43:48.976+0000] {logging_mixin.py:190} INFO - [2025-02-22T20:43:48.975+0000] {dag.py:3239} INFO - Sync 1 DAGs
[2025-02-22T20:43:49.009+0000] {logging_mixin.py:190} INFO - [2025-02-22T20:43:49.009+0000] {dag.py:4180} INFO - Setting next_dagrun for example_branch_operator to 2025-02-21 00:00:00+00:00, run_after=2025-02-22 00:00:00+00:00
[2025-02-22T20:43:49.032+0000] {processor.py:208} INFO - Processing /home/airflow/.local/lib/python3.12/site-packages/airflow/example_dags/example_branch_operator.py took 0.134 seconds
[2025-02-22T20:44:20.523+0000] {processor.py:186} INFO - Started process (PID=1382) to work on /home/airflow/.local/lib/python3.12/site-packages/airflow/example_dags/example_branch_operator.py
[2025-02-22T20:44:20.524+0000] {processor.py:914} INFO - Processing file /home/airflow/.local/lib/python3.12/site-packages/airflow/example_dags/example_branch_operator.py for tasks to queue
[2025-02-22T20:44:20.528+0000] {logging_mixin.py:190} INFO - [2025-02-22T20:44:20.527+0000] {dagbag.py:588} INFO - Filling up the DagBag from /home/airflow/.local/lib/python3.12/site-packages/airflow/example_dags/example_branch_operator.py
[2025-02-22T20:44:20.566+0000] {processor.py:925} INFO - DAG(s) 'example_branch_operator' retrieved from /home/airflow/.local/lib/python3.12/site-packages/airflow/example_dags/example_branch_operator.py
[2025-02-22T20:44:20.630+0000] {logging_mixin.py:190} INFO - [2025-02-22T20:44:20.630+0000] {dag.py:3239} INFO - Sync 1 DAGs
[2025-02-22T20:44:20.688+0000] {logging_mixin.py:190} INFO - [2025-02-22T20:44:20.688+0000] {dag.py:4180} INFO - Setting next_dagrun for example_branch_operator to 2025-02-21 00:00:00+00:00, run_after=2025-02-22 00:00:00+00:00
[2025-02-22T20:44:20.724+0000] {processor.py:208} INFO - Processing /home/airflow/.local/lib/python3.12/site-packages/airflow/example_dags/example_branch_operator.py took 0.214 seconds
[2025-02-22T20:44:51.895+0000] {processor.py:186} INFO - Started process (PID=1445) to work on /home/airflow/.local/lib/python3.12/site-packages/airflow/example_dags/example_branch_operator.py
[2025-02-22T20:44:51.897+0000] {processor.py:914} INFO - Processing file /home/airflow/.local/lib/python3.12/site-packages/airflow/example_dags/example_branch_operator.py for tasks to queue
[2025-02-22T20:44:51.901+0000] {logging_mixin.py:190} INFO - [2025-02-22T20:44:51.901+0000] {dagbag.py:588} INFO - Filling up the DagBag from /home/airflow/.local/lib/python3.12/site-packages/airflow/example_dags/example_branch_operator.py
[2025-02-22T20:44:51.936+0000] {processor.py:925} INFO - DAG(s) 'example_branch_operator' retrieved from /home/airflow/.local/lib/python3.12/site-packages/airflow/example_dags/example_branch_operator.py
[2025-02-22T20:44:52.000+0000] {logging_mixin.py:190} INFO - [2025-02-22T20:44:52.000+0000] {dag.py:3239} INFO - Sync 1 DAGs
[2025-02-22T20:44:52.058+0000] {logging_mixin.py:190} INFO - [2025-02-22T20:44:52.058+0000] {dag.py:4180} INFO - Setting next_dagrun for example_branch_operator to 2025-02-21 00:00:00+00:00, run_after=2025-02-22 00:00:00+00:00
[2025-02-22T20:44:52.096+0000] {processor.py:208} INFO - Processing /home/airflow/.local/lib/python3.12/site-packages/airflow/example_dags/example_branch_operator.py took 0.213 seconds
[2025-02-22T20:45:23.119+0000] {processor.py:186} INFO - Started process (PID=1508) to work on /home/airflow/.local/lib/python3.12/site-packages/airflow/example_dags/example_branch_operator.py
[2025-02-22T20:45:23.120+0000] {processor.py:914} INFO - Processing file /home/airflow/.local/lib/python3.12/site-packages/airflow/example_dags/example_branch_operator.py for tasks to queue
[2025-02-22T20:45:23.123+0000] {logging_mixin.py:190} INFO - [2025-02-22T20:45:23.122+0000] {dagbag.py:588} INFO - Filling up the DagBag from /home/airflow/.local/lib/python3.12/site-packages/airflow/example_dags/example_branch_operator.py
[2025-02-22T20:45:23.144+0000] {processor.py:925} INFO - DAG(s) 'example_branch_operator' retrieved from /home/airflow/.local/lib/python3.12/site-packages/airflow/example_dags/example_branch_operator.py
[2025-02-22T20:45:23.185+0000] {logging_mixin.py:190} INFO - [2025-02-22T20:45:23.185+0000] {dag.py:3239} INFO - Sync 1 DAGs
[2025-02-22T20:45:23.215+0000] {logging_mixin.py:190} INFO - [2025-02-22T20:45:23.215+0000] {dag.py:4180} INFO - Setting next_dagrun for example_branch_operator to 2025-02-21 00:00:00+00:00, run_after=2025-02-22 00:00:00+00:00
[2025-02-22T20:45:23.237+0000] {processor.py:208} INFO - Processing /home/airflow/.local/lib/python3.12/site-packages/airflow/example_dags/example_branch_operator.py took 0.126 seconds
[2025-02-22T20:45:54.912+0000] {processor.py:186} INFO - Started process (PID=1571) to work on /home/airflow/.local/lib/python3.12/site-packages/airflow/example_dags/example_branch_operator.py
[2025-02-22T20:45:54.914+0000] {processor.py:914} INFO - Processing file /home/airflow/.local/lib/python3.12/site-packages/airflow/example_dags/example_branch_operator.py for tasks to queue
[2025-02-22T20:45:54.917+0000] {logging_mixin.py:190} INFO - [2025-02-22T20:45:54.916+0000] {dagbag.py:588} INFO - Filling up the DagBag from /home/airflow/.local/lib/python3.12/site-packages/airflow/example_dags/example_branch_operator.py
[2025-02-22T20:45:54.943+0000] {processor.py:925} INFO - DAG(s) 'example_branch_operator' retrieved from /home/airflow/.local/lib/python3.12/site-packages/airflow/example_dags/example_branch_operator.py
[2025-02-22T20:45:54.988+0000] {logging_mixin.py:190} INFO - [2025-02-22T20:45:54.987+0000] {dag.py:3239} INFO - Sync 1 DAGs
[2025-02-22T20:45:55.023+0000] {logging_mixin.py:190} INFO - [2025-02-22T20:45:55.023+0000] {dag.py:4180} INFO - Setting next_dagrun for example_branch_operator to 2025-02-21 00:00:00+00:00, run_after=2025-02-22 00:00:00+00:00
[2025-02-22T20:45:55.050+0000] {processor.py:208} INFO - Processing /home/airflow/.local/lib/python3.12/site-packages/airflow/example_dags/example_branch_operator.py took 0.147 seconds
[2025-02-22T20:46:25.771+0000] {processor.py:186} INFO - Started process (PID=1634) to work on /home/airflow/.local/lib/python3.12/site-packages/airflow/example_dags/example_branch_operator.py
[2025-02-22T20:46:25.772+0000] {processor.py:914} INFO - Processing file /home/airflow/.local/lib/python3.12/site-packages/airflow/example_dags/example_branch_operator.py for tasks to queue
[2025-02-22T20:46:25.775+0000] {logging_mixin.py:190} INFO - [2025-02-22T20:46:25.775+0000] {dagbag.py:588} INFO - Filling up the DagBag from /home/airflow/.local/lib/python3.12/site-packages/airflow/example_dags/example_branch_operator.py
[2025-02-22T20:46:25.806+0000] {processor.py:925} INFO - DAG(s) 'example_branch_operator' retrieved from /home/airflow/.local/lib/python3.12/site-packages/airflow/example_dags/example_branch_operator.py
[2025-02-22T20:46:25.848+0000] {logging_mixin.py:190} INFO - [2025-02-22T20:46:25.848+0000] {dag.py:3239} INFO - Sync 1 DAGs
[2025-02-22T20:46:25.883+0000] {logging_mixin.py:190} INFO - [2025-02-22T20:46:25.883+0000] {dag.py:4180} INFO - Setting next_dagrun for example_branch_operator to 2025-02-21 00:00:00+00:00, run_after=2025-02-22 00:00:00+00:00
[2025-02-22T20:46:25.909+0000] {processor.py:208} INFO - Processing /home/airflow/.local/lib/python3.12/site-packages/airflow/example_dags/example_branch_operator.py took 0.145 seconds
[2025-02-22T20:46:56.590+0000] {processor.py:186} INFO - Started process (PID=1696) to work on /home/airflow/.local/lib/python3.12/site-packages/airflow/example_dags/example_branch_operator.py
[2025-02-22T20:46:56.591+0000] {processor.py:914} INFO - Processing file /home/airflow/.local/lib/python3.12/site-packages/airflow/example_dags/example_branch_operator.py for tasks to queue
[2025-02-22T20:46:56.594+0000] {logging_mixin.py:190} INFO - [2025-02-22T20:46:56.593+0000] {dagbag.py:588} INFO - Filling up the DagBag from /home/airflow/.local/lib/python3.12/site-packages/airflow/example_dags/example_branch_operator.py
[2025-02-22T20:46:56.623+0000] {processor.py:925} INFO - DAG(s) 'example_branch_operator' retrieved from /home/airflow/.local/lib/python3.12/site-packages/airflow/example_dags/example_branch_operator.py
[2025-02-22T20:46:56.661+0000] {logging_mixin.py:190} INFO - [2025-02-22T20:46:56.661+0000] {dag.py:3239} INFO - Sync 1 DAGs
[2025-02-22T20:46:56.691+0000] {logging_mixin.py:190} INFO - [2025-02-22T20:46:56.691+0000] {dag.py:4180} INFO - Setting next_dagrun for example_branch_operator to 2025-02-21 00:00:00+00:00, run_after=2025-02-22 00:00:00+00:00
[2025-02-22T20:46:56.731+0000] {processor.py:208} INFO - Processing /home/airflow/.local/lib/python3.12/site-packages/airflow/example_dags/example_branch_operator.py took 0.148 seconds
[2025-02-22T20:47:27.449+0000] {processor.py:186} INFO - Started process (PID=1759) to work on /home/airflow/.local/lib/python3.12/site-packages/airflow/example_dags/example_branch_operator.py
[2025-02-22T20:47:27.451+0000] {processor.py:914} INFO - Processing file /home/airflow/.local/lib/python3.12/site-packages/airflow/example_dags/example_branch_operator.py for tasks to queue
[2025-02-22T20:47:27.453+0000] {logging_mixin.py:190} INFO - [2025-02-22T20:47:27.453+0000] {dagbag.py:588} INFO - Filling up the DagBag from /home/airflow/.local/lib/python3.12/site-packages/airflow/example_dags/example_branch_operator.py
[2025-02-22T20:47:27.474+0000] {processor.py:925} INFO - DAG(s) 'example_branch_operator' retrieved from /home/airflow/.local/lib/python3.12/site-packages/airflow/example_dags/example_branch_operator.py
[2025-02-22T20:47:27.533+0000] {logging_mixin.py:190} INFO - [2025-02-22T20:47:27.532+0000] {dag.py:3239} INFO - Sync 1 DAGs
[2025-02-22T20:47:27.574+0000] {logging_mixin.py:190} INFO - [2025-02-22T20:47:27.574+0000] {dag.py:4180} INFO - Setting next_dagrun for example_branch_operator to 2025-02-21 00:00:00+00:00, run_after=2025-02-22 00:00:00+00:00
[2025-02-22T20:47:27.596+0000] {processor.py:208} INFO - Processing /home/airflow/.local/lib/python3.12/site-packages/airflow/example_dags/example_branch_operator.py took 0.153 seconds
[2025-02-22T20:47:57.735+0000] {processor.py:186} INFO - Started process (PID=1827) to work on /home/airflow/.local/lib/python3.12/site-packages/airflow/example_dags/example_branch_operator.py
[2025-02-22T20:47:57.736+0000] {processor.py:914} INFO - Processing file /home/airflow/.local/lib/python3.12/site-packages/airflow/example_dags/example_branch_operator.py for tasks to queue
[2025-02-22T20:47:57.738+0000] {logging_mixin.py:190} INFO - [2025-02-22T20:47:57.738+0000] {dagbag.py:588} INFO - Filling up the DagBag from /home/airflow/.local/lib/python3.12/site-packages/airflow/example_dags/example_branch_operator.py
[2025-02-22T20:47:57.758+0000] {processor.py:925} INFO - DAG(s) 'example_branch_operator' retrieved from /home/airflow/.local/lib/python3.12/site-packages/airflow/example_dags/example_branch_operator.py
[2025-02-22T20:47:57.793+0000] {logging_mixin.py:190} INFO - [2025-02-22T20:47:57.793+0000] {dag.py:3239} INFO - Sync 1 DAGs
[2025-02-22T20:47:57.821+0000] {logging_mixin.py:190} INFO - [2025-02-22T20:47:57.821+0000] {dag.py:4180} INFO - Setting next_dagrun for example_branch_operator to 2025-02-21 00:00:00+00:00, run_after=2025-02-22 00:00:00+00:00
[2025-02-22T20:47:57.843+0000] {processor.py:208} INFO - Processing /home/airflow/.local/lib/python3.12/site-packages/airflow/example_dags/example_branch_operator.py took 0.115 seconds
[2025-02-22T20:48:28.085+0000] {processor.py:186} INFO - Started process (PID=1890) to work on /home/airflow/.local/lib/python3.12/site-packages/airflow/example_dags/example_branch_operator.py
[2025-02-22T20:48:28.086+0000] {processor.py:914} INFO - Processing file /home/airflow/.local/lib/python3.12/site-packages/airflow/example_dags/example_branch_operator.py for tasks to queue
[2025-02-22T20:48:28.088+0000] {logging_mixin.py:190} INFO - [2025-02-22T20:48:28.088+0000] {dagbag.py:588} INFO - Filling up the DagBag from /home/airflow/.local/lib/python3.12/site-packages/airflow/example_dags/example_branch_operator.py
[2025-02-22T20:48:28.108+0000] {processor.py:925} INFO - DAG(s) 'example_branch_operator' retrieved from /home/airflow/.local/lib/python3.12/site-packages/airflow/example_dags/example_branch_operator.py
[2025-02-22T20:48:28.144+0000] {logging_mixin.py:190} INFO - [2025-02-22T20:48:28.144+0000] {dag.py:3239} INFO - Sync 1 DAGs
[2025-02-22T20:48:28.171+0000] {logging_mixin.py:190} INFO - [2025-02-22T20:48:28.171+0000] {dag.py:4180} INFO - Setting next_dagrun for example_branch_operator to 2025-02-21 00:00:00+00:00, run_after=2025-02-22 00:00:00+00:00
[2025-02-22T20:48:28.193+0000] {processor.py:208} INFO - Processing /home/airflow/.local/lib/python3.12/site-packages/airflow/example_dags/example_branch_operator.py took 0.115 seconds
[2025-02-22T20:48:58.553+0000] {processor.py:186} INFO - Started process (PID=1953) to work on /home/airflow/.local/lib/python3.12/site-packages/airflow/example_dags/example_branch_operator.py
[2025-02-22T20:48:58.554+0000] {processor.py:914} INFO - Processing file /home/airflow/.local/lib/python3.12/site-packages/airflow/example_dags/example_branch_operator.py for tasks to queue
[2025-02-22T20:48:58.557+0000] {logging_mixin.py:190} INFO - [2025-02-22T20:48:58.557+0000] {dagbag.py:588} INFO - Filling up the DagBag from /home/airflow/.local/lib/python3.12/site-packages/airflow/example_dags/example_branch_operator.py
[2025-02-22T20:48:58.578+0000] {processor.py:925} INFO - DAG(s) 'example_branch_operator' retrieved from /home/airflow/.local/lib/python3.12/site-packages/airflow/example_dags/example_branch_operator.py
[2025-02-22T20:48:58.616+0000] {logging_mixin.py:190} INFO - [2025-02-22T20:48:58.615+0000] {dag.py:3239} INFO - Sync 1 DAGs
[2025-02-22T20:48:58.646+0000] {logging_mixin.py:190} INFO - [2025-02-22T20:48:58.645+0000] {dag.py:4180} INFO - Setting next_dagrun for example_branch_operator to 2025-02-21 00:00:00+00:00, run_after=2025-02-22 00:00:00+00:00
[2025-02-22T20:48:58.670+0000] {processor.py:208} INFO - Processing /home/airflow/.local/lib/python3.12/site-packages/airflow/example_dags/example_branch_operator.py took 0.124 seconds
