[2025-02-22T20:33:57.471+0000] {processor.py:186} INFO - Started process (PID=126) to work on /home/airflow/.local/lib/python3.12/site-packages/airflow/example_dags/example_dynamic_task_mapping.py
[2025-02-22T20:33:57.472+0000] {processor.py:914} INFO - Processing file /home/airflow/.local/lib/python3.12/site-packages/airflow/example_dags/example_dynamic_task_mapping.py for tasks to queue
[2025-02-22T20:33:57.476+0000] {logging_mixin.py:190} INFO - [2025-02-22T20:33:57.475+0000] {dagbag.py:588} INFO - Filling up the DagBag from /home/airflow/.local/lib/python3.12/site-packages/airflow/example_dags/example_dynamic_task_mapping.py
[2025-02-22T20:33:57.490+0000] {processor.py:925} INFO - DAG(s) 'example_dynamic_task_mapping' retrieved from /home/airflow/.local/lib/python3.12/site-packages/airflow/example_dags/example_dynamic_task_mapping.py
[2025-02-22T20:33:57.675+0000] {logging_mixin.py:190} INFO - [2025-02-22T20:33:57.674+0000] {override.py:1912} INFO - Created Permission View: can edit on DAG:example_dynamic_task_mapping
[2025-02-22T20:33:57.690+0000] {logging_mixin.py:190} INFO - [2025-02-22T20:33:57.690+0000] {override.py:1912} INFO - Created Permission View: can read on DAG:example_dynamic_task_mapping
[2025-02-22T20:33:57.700+0000] {logging_mixin.py:190} INFO - [2025-02-22T20:33:57.700+0000] {override.py:1912} INFO - Created Permission View: can delete on DAG:example_dynamic_task_mapping
[2025-02-22T20:33:57.712+0000] {logging_mixin.py:190} INFO - [2025-02-22T20:33:57.711+0000] {override.py:1912} INFO - Created Permission View: can read on DAG Run:example_dynamic_task_mapping
[2025-02-22T20:33:57.723+0000] {logging_mixin.py:190} INFO - [2025-02-22T20:33:57.723+0000] {override.py:1912} INFO - Created Permission View: menu access on DAG Run:example_dynamic_task_mapping
[2025-02-22T20:33:57.733+0000] {logging_mixin.py:190} INFO - [2025-02-22T20:33:57.732+0000] {override.py:1912} INFO - Created Permission View: can create on DAG Run:example_dynamic_task_mapping
[2025-02-22T20:33:57.743+0000] {logging_mixin.py:190} INFO - [2025-02-22T20:33:57.743+0000] {override.py:1912} INFO - Created Permission View: can delete on DAG Run:example_dynamic_task_mapping
[2025-02-22T20:33:57.744+0000] {logging_mixin.py:190} INFO - [2025-02-22T20:33:57.744+0000] {dag.py:3239} INFO - Sync 1 DAGs
[2025-02-22T20:33:57.764+0000] {logging_mixin.py:190} INFO - [2025-02-22T20:33:57.764+0000] {dag.py:3262} INFO - Creating ORM DAG for example_dynamic_task_mapping
[2025-02-22T20:33:57.766+0000] {logging_mixin.py:190} INFO - [2025-02-22T20:33:57.765+0000] {dag.py:4180} INFO - Setting next_dagrun for example_dynamic_task_mapping to None, run_after=None
[2025-02-22T20:33:57.789+0000] {processor.py:208} INFO - Processing /home/airflow/.local/lib/python3.12/site-packages/airflow/example_dags/example_dynamic_task_mapping.py took 0.328 seconds
[2025-02-22T20:34:28.098+0000] {processor.py:186} INFO - Started process (PID=189) to work on /home/airflow/.local/lib/python3.12/site-packages/airflow/example_dags/example_dynamic_task_mapping.py
[2025-02-22T20:34:28.099+0000] {processor.py:914} INFO - Processing file /home/airflow/.local/lib/python3.12/site-packages/airflow/example_dags/example_dynamic_task_mapping.py for tasks to queue
[2025-02-22T20:34:28.103+0000] {logging_mixin.py:190} INFO - [2025-02-22T20:34:28.103+0000] {dagbag.py:588} INFO - Filling up the DagBag from /home/airflow/.local/lib/python3.12/site-packages/airflow/example_dags/example_dynamic_task_mapping.py
[2025-02-22T20:34:28.112+0000] {processor.py:925} INFO - DAG(s) 'example_dynamic_task_mapping' retrieved from /home/airflow/.local/lib/python3.12/site-packages/airflow/example_dags/example_dynamic_task_mapping.py
[2025-02-22T20:34:28.134+0000] {logging_mixin.py:190} INFO - [2025-02-22T20:34:28.134+0000] {dag.py:3239} INFO - Sync 1 DAGs
[2025-02-22T20:34:28.151+0000] {logging_mixin.py:190} INFO - [2025-02-22T20:34:28.150+0000] {dag.py:4180} INFO - Setting next_dagrun for example_dynamic_task_mapping to None, run_after=None
[2025-02-22T20:34:28.174+0000] {processor.py:208} INFO - Processing /home/airflow/.local/lib/python3.12/site-packages/airflow/example_dags/example_dynamic_task_mapping.py took 0.082 seconds
[2025-02-22T20:34:58.483+0000] {processor.py:186} INFO - Started process (PID=252) to work on /home/airflow/.local/lib/python3.12/site-packages/airflow/example_dags/example_dynamic_task_mapping.py
[2025-02-22T20:34:58.484+0000] {processor.py:914} INFO - Processing file /home/airflow/.local/lib/python3.12/site-packages/airflow/example_dags/example_dynamic_task_mapping.py for tasks to queue
[2025-02-22T20:34:58.488+0000] {logging_mixin.py:190} INFO - [2025-02-22T20:34:58.488+0000] {dagbag.py:588} INFO - Filling up the DagBag from /home/airflow/.local/lib/python3.12/site-packages/airflow/example_dags/example_dynamic_task_mapping.py
[2025-02-22T20:34:58.498+0000] {processor.py:925} INFO - DAG(s) 'example_dynamic_task_mapping' retrieved from /home/airflow/.local/lib/python3.12/site-packages/airflow/example_dags/example_dynamic_task_mapping.py
[2025-02-22T20:34:58.522+0000] {logging_mixin.py:190} INFO - [2025-02-22T20:34:58.522+0000] {dag.py:3239} INFO - Sync 1 DAGs
[2025-02-22T20:34:58.540+0000] {logging_mixin.py:190} INFO - [2025-02-22T20:34:58.540+0000] {dag.py:4180} INFO - Setting next_dagrun for example_dynamic_task_mapping to None, run_after=None
[2025-02-22T20:34:58.565+0000] {processor.py:208} INFO - Processing /home/airflow/.local/lib/python3.12/site-packages/airflow/example_dags/example_dynamic_task_mapping.py took 0.090 seconds
[2025-02-22T20:35:29.377+0000] {processor.py:186} INFO - Started process (PID=315) to work on /home/airflow/.local/lib/python3.12/site-packages/airflow/example_dags/example_dynamic_task_mapping.py
[2025-02-22T20:35:29.379+0000] {processor.py:914} INFO - Processing file /home/airflow/.local/lib/python3.12/site-packages/airflow/example_dags/example_dynamic_task_mapping.py for tasks to queue
[2025-02-22T20:35:29.382+0000] {logging_mixin.py:190} INFO - [2025-02-22T20:35:29.382+0000] {dagbag.py:588} INFO - Filling up the DagBag from /home/airflow/.local/lib/python3.12/site-packages/airflow/example_dags/example_dynamic_task_mapping.py
[2025-02-22T20:35:29.394+0000] {processor.py:925} INFO - DAG(s) 'example_dynamic_task_mapping' retrieved from /home/airflow/.local/lib/python3.12/site-packages/airflow/example_dags/example_dynamic_task_mapping.py
[2025-02-22T20:35:29.420+0000] {logging_mixin.py:190} INFO - [2025-02-22T20:35:29.419+0000] {dag.py:3239} INFO - Sync 1 DAGs
[2025-02-22T20:35:29.438+0000] {logging_mixin.py:190} INFO - [2025-02-22T20:35:29.438+0000] {dag.py:4180} INFO - Setting next_dagrun for example_dynamic_task_mapping to None, run_after=None
[2025-02-22T20:35:29.461+0000] {processor.py:208} INFO - Processing /home/airflow/.local/lib/python3.12/site-packages/airflow/example_dags/example_dynamic_task_mapping.py took 0.093 seconds
[2025-02-22T20:35:59.524+0000] {processor.py:186} INFO - Started process (PID=379) to work on /home/airflow/.local/lib/python3.12/site-packages/airflow/example_dags/example_dynamic_task_mapping.py
[2025-02-22T20:35:59.525+0000] {processor.py:914} INFO - Processing file /home/airflow/.local/lib/python3.12/site-packages/airflow/example_dags/example_dynamic_task_mapping.py for tasks to queue
[2025-02-22T20:35:59.528+0000] {logging_mixin.py:190} INFO - [2025-02-22T20:35:59.527+0000] {dagbag.py:588} INFO - Filling up the DagBag from /home/airflow/.local/lib/python3.12/site-packages/airflow/example_dags/example_dynamic_task_mapping.py
[2025-02-22T20:35:59.539+0000] {processor.py:925} INFO - DAG(s) 'example_dynamic_task_mapping' retrieved from /home/airflow/.local/lib/python3.12/site-packages/airflow/example_dags/example_dynamic_task_mapping.py
[2025-02-22T20:35:59.562+0000] {logging_mixin.py:190} INFO - [2025-02-22T20:35:59.562+0000] {dag.py:3239} INFO - Sync 1 DAGs
[2025-02-22T20:35:59.580+0000] {logging_mixin.py:190} INFO - [2025-02-22T20:35:59.580+0000] {dag.py:4180} INFO - Setting next_dagrun for example_dynamic_task_mapping to None, run_after=None
[2025-02-22T20:35:59.604+0000] {processor.py:208} INFO - Processing /home/airflow/.local/lib/python3.12/site-packages/airflow/example_dags/example_dynamic_task_mapping.py took 0.087 seconds
[2025-02-22T20:36:29.818+0000] {processor.py:186} INFO - Started process (PID=442) to work on /home/airflow/.local/lib/python3.12/site-packages/airflow/example_dags/example_dynamic_task_mapping.py
[2025-02-22T20:36:29.819+0000] {processor.py:914} INFO - Processing file /home/airflow/.local/lib/python3.12/site-packages/airflow/example_dags/example_dynamic_task_mapping.py for tasks to queue
[2025-02-22T20:36:29.822+0000] {logging_mixin.py:190} INFO - [2025-02-22T20:36:29.822+0000] {dagbag.py:588} INFO - Filling up the DagBag from /home/airflow/.local/lib/python3.12/site-packages/airflow/example_dags/example_dynamic_task_mapping.py
[2025-02-22T20:36:29.835+0000] {processor.py:925} INFO - DAG(s) 'example_dynamic_task_mapping' retrieved from /home/airflow/.local/lib/python3.12/site-packages/airflow/example_dags/example_dynamic_task_mapping.py
[2025-02-22T20:36:29.859+0000] {logging_mixin.py:190} INFO - [2025-02-22T20:36:29.859+0000] {dag.py:3239} INFO - Sync 1 DAGs
[2025-02-22T20:36:29.878+0000] {logging_mixin.py:190} INFO - [2025-02-22T20:36:29.878+0000] {dag.py:4180} INFO - Setting next_dagrun for example_dynamic_task_mapping to None, run_after=None
[2025-02-22T20:36:29.902+0000] {processor.py:208} INFO - Processing /home/airflow/.local/lib/python3.12/site-packages/airflow/example_dags/example_dynamic_task_mapping.py took 0.092 seconds
[2025-02-22T20:37:00.718+0000] {processor.py:186} INFO - Started process (PID=505) to work on /home/airflow/.local/lib/python3.12/site-packages/airflow/example_dags/example_dynamic_task_mapping.py
[2025-02-22T20:37:00.719+0000] {processor.py:914} INFO - Processing file /home/airflow/.local/lib/python3.12/site-packages/airflow/example_dags/example_dynamic_task_mapping.py for tasks to queue
[2025-02-22T20:37:00.722+0000] {logging_mixin.py:190} INFO - [2025-02-22T20:37:00.721+0000] {dagbag.py:588} INFO - Filling up the DagBag from /home/airflow/.local/lib/python3.12/site-packages/airflow/example_dags/example_dynamic_task_mapping.py
[2025-02-22T20:37:00.732+0000] {processor.py:925} INFO - DAG(s) 'example_dynamic_task_mapping' retrieved from /home/airflow/.local/lib/python3.12/site-packages/airflow/example_dags/example_dynamic_task_mapping.py
[2025-02-22T20:37:00.755+0000] {logging_mixin.py:190} INFO - [2025-02-22T20:37:00.755+0000] {dag.py:3239} INFO - Sync 1 DAGs
[2025-02-22T20:37:00.772+0000] {logging_mixin.py:190} INFO - [2025-02-22T20:37:00.772+0000] {dag.py:4180} INFO - Setting next_dagrun for example_dynamic_task_mapping to None, run_after=None
[2025-02-22T20:37:00.795+0000] {processor.py:208} INFO - Processing /home/airflow/.local/lib/python3.12/site-packages/airflow/example_dags/example_dynamic_task_mapping.py took 0.085 seconds
[2025-02-22T20:37:31.931+0000] {processor.py:186} INFO - Started process (PID=568) to work on /home/airflow/.local/lib/python3.12/site-packages/airflow/example_dags/example_dynamic_task_mapping.py
[2025-02-22T20:37:31.933+0000] {processor.py:914} INFO - Processing file /home/airflow/.local/lib/python3.12/site-packages/airflow/example_dags/example_dynamic_task_mapping.py for tasks to queue
[2025-02-22T20:37:31.937+0000] {logging_mixin.py:190} INFO - [2025-02-22T20:37:31.936+0000] {dagbag.py:588} INFO - Filling up the DagBag from /home/airflow/.local/lib/python3.12/site-packages/airflow/example_dags/example_dynamic_task_mapping.py
[2025-02-22T20:37:31.948+0000] {processor.py:925} INFO - DAG(s) 'example_dynamic_task_mapping' retrieved from /home/airflow/.local/lib/python3.12/site-packages/airflow/example_dags/example_dynamic_task_mapping.py
[2025-02-22T20:37:31.980+0000] {logging_mixin.py:190} INFO - [2025-02-22T20:37:31.980+0000] {dag.py:3239} INFO - Sync 1 DAGs
[2025-02-22T20:37:32.001+0000] {logging_mixin.py:190} INFO - [2025-02-22T20:37:32.001+0000] {dag.py:4180} INFO - Setting next_dagrun for example_dynamic_task_mapping to None, run_after=None
[2025-02-22T20:37:32.026+0000] {processor.py:208} INFO - Processing /home/airflow/.local/lib/python3.12/site-packages/airflow/example_dags/example_dynamic_task_mapping.py took 0.103 seconds
[2025-02-22T20:38:02.153+0000] {processor.py:186} INFO - Started process (PID=631) to work on /home/airflow/.local/lib/python3.12/site-packages/airflow/example_dags/example_dynamic_task_mapping.py
[2025-02-22T20:38:02.154+0000] {processor.py:914} INFO - Processing file /home/airflow/.local/lib/python3.12/site-packages/airflow/example_dags/example_dynamic_task_mapping.py for tasks to queue
[2025-02-22T20:38:02.157+0000] {logging_mixin.py:190} INFO - [2025-02-22T20:38:02.156+0000] {dagbag.py:588} INFO - Filling up the DagBag from /home/airflow/.local/lib/python3.12/site-packages/airflow/example_dags/example_dynamic_task_mapping.py
[2025-02-22T20:38:02.166+0000] {processor.py:925} INFO - DAG(s) 'example_dynamic_task_mapping' retrieved from /home/airflow/.local/lib/python3.12/site-packages/airflow/example_dags/example_dynamic_task_mapping.py
[2025-02-22T20:38:02.199+0000] {logging_mixin.py:190} INFO - [2025-02-22T20:38:02.199+0000] {dag.py:3239} INFO - Sync 1 DAGs
[2025-02-22T20:38:02.224+0000] {logging_mixin.py:190} INFO - [2025-02-22T20:38:02.224+0000] {dag.py:4180} INFO - Setting next_dagrun for example_dynamic_task_mapping to None, run_after=None
[2025-02-22T20:38:02.254+0000] {processor.py:208} INFO - Processing /home/airflow/.local/lib/python3.12/site-packages/airflow/example_dags/example_dynamic_task_mapping.py took 0.108 seconds
[2025-02-22T20:38:32.811+0000] {processor.py:186} INFO - Started process (PID=693) to work on /home/airflow/.local/lib/python3.12/site-packages/airflow/example_dags/example_dynamic_task_mapping.py
[2025-02-22T20:38:32.813+0000] {processor.py:914} INFO - Processing file /home/airflow/.local/lib/python3.12/site-packages/airflow/example_dags/example_dynamic_task_mapping.py for tasks to queue
[2025-02-22T20:38:32.818+0000] {logging_mixin.py:190} INFO - [2025-02-22T20:38:32.817+0000] {dagbag.py:588} INFO - Filling up the DagBag from /home/airflow/.local/lib/python3.12/site-packages/airflow/example_dags/example_dynamic_task_mapping.py
[2025-02-22T20:38:32.829+0000] {processor.py:925} INFO - DAG(s) 'example_dynamic_task_mapping' retrieved from /home/airflow/.local/lib/python3.12/site-packages/airflow/example_dags/example_dynamic_task_mapping.py
[2025-02-22T20:38:32.860+0000] {logging_mixin.py:190} INFO - [2025-02-22T20:38:32.860+0000] {dag.py:3239} INFO - Sync 1 DAGs
[2025-02-22T20:38:32.883+0000] {logging_mixin.py:190} INFO - [2025-02-22T20:38:32.883+0000] {dag.py:4180} INFO - Setting next_dagrun for example_dynamic_task_mapping to None, run_after=None
[2025-02-22T20:38:32.911+0000] {processor.py:208} INFO - Processing /home/airflow/.local/lib/python3.12/site-packages/airflow/example_dags/example_dynamic_task_mapping.py took 0.110 seconds
[2025-02-22T20:39:03.258+0000] {processor.py:186} INFO - Started process (PID=756) to work on /home/airflow/.local/lib/python3.12/site-packages/airflow/example_dags/example_dynamic_task_mapping.py
[2025-02-22T20:39:03.259+0000] {processor.py:914} INFO - Processing file /home/airflow/.local/lib/python3.12/site-packages/airflow/example_dags/example_dynamic_task_mapping.py for tasks to queue
[2025-02-22T20:39:03.263+0000] {logging_mixin.py:190} INFO - [2025-02-22T20:39:03.262+0000] {dagbag.py:588} INFO - Filling up the DagBag from /home/airflow/.local/lib/python3.12/site-packages/airflow/example_dags/example_dynamic_task_mapping.py
[2025-02-22T20:39:03.275+0000] {processor.py:925} INFO - DAG(s) 'example_dynamic_task_mapping' retrieved from /home/airflow/.local/lib/python3.12/site-packages/airflow/example_dags/example_dynamic_task_mapping.py
[2025-02-22T20:39:03.301+0000] {logging_mixin.py:190} INFO - [2025-02-22T20:39:03.301+0000] {dag.py:3239} INFO - Sync 1 DAGs
[2025-02-22T20:39:03.321+0000] {logging_mixin.py:190} INFO - [2025-02-22T20:39:03.321+0000] {dag.py:4180} INFO - Setting next_dagrun for example_dynamic_task_mapping to None, run_after=None
[2025-02-22T20:39:03.348+0000] {processor.py:208} INFO - Processing /home/airflow/.local/lib/python3.12/site-packages/airflow/example_dags/example_dynamic_task_mapping.py took 0.099 seconds
[2025-02-22T20:39:33.996+0000] {processor.py:186} INFO - Started process (PID=819) to work on /home/airflow/.local/lib/python3.12/site-packages/airflow/example_dags/example_dynamic_task_mapping.py
[2025-02-22T20:39:33.998+0000] {processor.py:914} INFO - Processing file /home/airflow/.local/lib/python3.12/site-packages/airflow/example_dags/example_dynamic_task_mapping.py for tasks to queue
[2025-02-22T20:39:34.002+0000] {logging_mixin.py:190} INFO - [2025-02-22T20:39:34.002+0000] {dagbag.py:588} INFO - Filling up the DagBag from /home/airflow/.local/lib/python3.12/site-packages/airflow/example_dags/example_dynamic_task_mapping.py
[2025-02-22T20:39:34.017+0000] {processor.py:925} INFO - DAG(s) 'example_dynamic_task_mapping' retrieved from /home/airflow/.local/lib/python3.12/site-packages/airflow/example_dags/example_dynamic_task_mapping.py
[2025-02-22T20:39:34.073+0000] {logging_mixin.py:190} INFO - [2025-02-22T20:39:34.073+0000] {dag.py:3239} INFO - Sync 1 DAGs
[2025-02-22T20:39:34.097+0000] {logging_mixin.py:190} INFO - [2025-02-22T20:39:34.097+0000] {dag.py:4180} INFO - Setting next_dagrun for example_dynamic_task_mapping to None, run_after=None
[2025-02-22T20:39:34.121+0000] {processor.py:208} INFO - Processing /home/airflow/.local/lib/python3.12/site-packages/airflow/example_dags/example_dynamic_task_mapping.py took 0.136 seconds
[2025-02-22T20:40:05.937+0000] {processor.py:186} INFO - Started process (PID=882) to work on /home/airflow/.local/lib/python3.12/site-packages/airflow/example_dags/example_dynamic_task_mapping.py
[2025-02-22T20:40:05.938+0000] {processor.py:914} INFO - Processing file /home/airflow/.local/lib/python3.12/site-packages/airflow/example_dags/example_dynamic_task_mapping.py for tasks to queue
[2025-02-22T20:40:05.942+0000] {logging_mixin.py:190} INFO - [2025-02-22T20:40:05.941+0000] {dagbag.py:588} INFO - Filling up the DagBag from /home/airflow/.local/lib/python3.12/site-packages/airflow/example_dags/example_dynamic_task_mapping.py
[2025-02-22T20:40:05.952+0000] {processor.py:925} INFO - DAG(s) 'example_dynamic_task_mapping' retrieved from /home/airflow/.local/lib/python3.12/site-packages/airflow/example_dags/example_dynamic_task_mapping.py
[2025-02-22T20:40:05.979+0000] {logging_mixin.py:190} INFO - [2025-02-22T20:40:05.978+0000] {dag.py:3239} INFO - Sync 1 DAGs
[2025-02-22T20:40:05.998+0000] {logging_mixin.py:190} INFO - [2025-02-22T20:40:05.998+0000] {dag.py:4180} INFO - Setting next_dagrun for example_dynamic_task_mapping to None, run_after=None
[2025-02-22T20:40:06.024+0000] {processor.py:208} INFO - Processing /home/airflow/.local/lib/python3.12/site-packages/airflow/example_dags/example_dynamic_task_mapping.py took 0.097 seconds
[2025-02-22T20:40:38.673+0000] {processor.py:186} INFO - Started process (PID=945) to work on /home/airflow/.local/lib/python3.12/site-packages/airflow/example_dags/example_dynamic_task_mapping.py
[2025-02-22T20:40:38.674+0000] {processor.py:914} INFO - Processing file /home/airflow/.local/lib/python3.12/site-packages/airflow/example_dags/example_dynamic_task_mapping.py for tasks to queue
[2025-02-22T20:40:38.678+0000] {logging_mixin.py:190} INFO - [2025-02-22T20:40:38.677+0000] {dagbag.py:588} INFO - Filling up the DagBag from /home/airflow/.local/lib/python3.12/site-packages/airflow/example_dags/example_dynamic_task_mapping.py
[2025-02-22T20:40:38.689+0000] {processor.py:925} INFO - DAG(s) 'example_dynamic_task_mapping' retrieved from /home/airflow/.local/lib/python3.12/site-packages/airflow/example_dags/example_dynamic_task_mapping.py
[2025-02-22T20:40:38.718+0000] {logging_mixin.py:190} INFO - [2025-02-22T20:40:38.718+0000] {dag.py:3239} INFO - Sync 1 DAGs
[2025-02-22T20:40:38.739+0000] {logging_mixin.py:190} INFO - [2025-02-22T20:40:38.739+0000] {dag.py:4180} INFO - Setting next_dagrun for example_dynamic_task_mapping to None, run_after=None
[2025-02-22T20:40:38.767+0000] {processor.py:208} INFO - Processing /home/airflow/.local/lib/python3.12/site-packages/airflow/example_dags/example_dynamic_task_mapping.py took 0.104 seconds
[2025-02-22T20:41:09.938+0000] {processor.py:186} INFO - Started process (PID=1008) to work on /home/airflow/.local/lib/python3.12/site-packages/airflow/example_dags/example_dynamic_task_mapping.py
[2025-02-22T20:41:09.939+0000] {processor.py:914} INFO - Processing file /home/airflow/.local/lib/python3.12/site-packages/airflow/example_dags/example_dynamic_task_mapping.py for tasks to queue
[2025-02-22T20:41:09.943+0000] {logging_mixin.py:190} INFO - [2025-02-22T20:41:09.943+0000] {dagbag.py:588} INFO - Filling up the DagBag from /home/airflow/.local/lib/python3.12/site-packages/airflow/example_dags/example_dynamic_task_mapping.py
[2025-02-22T20:41:09.955+0000] {processor.py:925} INFO - DAG(s) 'example_dynamic_task_mapping' retrieved from /home/airflow/.local/lib/python3.12/site-packages/airflow/example_dags/example_dynamic_task_mapping.py
[2025-02-22T20:41:09.984+0000] {logging_mixin.py:190} INFO - [2025-02-22T20:41:09.984+0000] {dag.py:3239} INFO - Sync 1 DAGs
[2025-02-22T20:41:10.007+0000] {logging_mixin.py:190} INFO - [2025-02-22T20:41:10.007+0000] {dag.py:4180} INFO - Setting next_dagrun for example_dynamic_task_mapping to None, run_after=None
[2025-02-22T20:41:10.036+0000] {processor.py:208} INFO - Processing /home/airflow/.local/lib/python3.12/site-packages/airflow/example_dags/example_dynamic_task_mapping.py took 0.108 seconds
[2025-02-22T20:41:40.664+0000] {processor.py:186} INFO - Started process (PID=1071) to work on /home/airflow/.local/lib/python3.12/site-packages/airflow/example_dags/example_dynamic_task_mapping.py
[2025-02-22T20:41:40.666+0000] {processor.py:914} INFO - Processing file /home/airflow/.local/lib/python3.12/site-packages/airflow/example_dags/example_dynamic_task_mapping.py for tasks to queue
[2025-02-22T20:41:40.669+0000] {logging_mixin.py:190} INFO - [2025-02-22T20:41:40.668+0000] {dagbag.py:588} INFO - Filling up the DagBag from /home/airflow/.local/lib/python3.12/site-packages/airflow/example_dags/example_dynamic_task_mapping.py
[2025-02-22T20:41:40.680+0000] {processor.py:925} INFO - DAG(s) 'example_dynamic_task_mapping' retrieved from /home/airflow/.local/lib/python3.12/site-packages/airflow/example_dags/example_dynamic_task_mapping.py
[2025-02-22T20:41:40.704+0000] {logging_mixin.py:190} INFO - [2025-02-22T20:41:40.704+0000] {dag.py:3239} INFO - Sync 1 DAGs
[2025-02-22T20:41:40.728+0000] {logging_mixin.py:190} INFO - [2025-02-22T20:41:40.728+0000] {dag.py:4180} INFO - Setting next_dagrun for example_dynamic_task_mapping to None, run_after=None
[2025-02-22T20:41:40.755+0000] {processor.py:208} INFO - Processing /home/airflow/.local/lib/python3.12/site-packages/airflow/example_dags/example_dynamic_task_mapping.py took 0.100 seconds
[2025-02-22T20:42:15.265+0000] {processor.py:186} INFO - Started process (PID=1136) to work on /home/airflow/.local/lib/python3.12/site-packages/airflow/example_dags/example_dynamic_task_mapping.py
[2025-02-22T20:42:15.266+0000] {processor.py:914} INFO - Processing file /home/airflow/.local/lib/python3.12/site-packages/airflow/example_dags/example_dynamic_task_mapping.py for tasks to queue
[2025-02-22T20:42:15.270+0000] {logging_mixin.py:190} INFO - [2025-02-22T20:42:15.269+0000] {dagbag.py:588} INFO - Filling up the DagBag from /home/airflow/.local/lib/python3.12/site-packages/airflow/example_dags/example_dynamic_task_mapping.py
[2025-02-22T20:42:15.286+0000] {processor.py:925} INFO - DAG(s) 'example_dynamic_task_mapping' retrieved from /home/airflow/.local/lib/python3.12/site-packages/airflow/example_dags/example_dynamic_task_mapping.py
[2025-02-22T20:42:15.316+0000] {logging_mixin.py:190} INFO - [2025-02-22T20:42:15.316+0000] {dag.py:3239} INFO - Sync 1 DAGs
[2025-02-22T20:42:15.340+0000] {logging_mixin.py:190} INFO - [2025-02-22T20:42:15.340+0000] {dag.py:4180} INFO - Setting next_dagrun for example_dynamic_task_mapping to None, run_after=None
[2025-02-22T20:42:15.377+0000] {processor.py:208} INFO - Processing /home/airflow/.local/lib/python3.12/site-packages/airflow/example_dags/example_dynamic_task_mapping.py took 0.125 seconds
[2025-02-22T20:42:47.476+0000] {processor.py:186} INFO - Started process (PID=1202) to work on /home/airflow/.local/lib/python3.12/site-packages/airflow/example_dags/example_dynamic_task_mapping.py
[2025-02-22T20:42:47.478+0000] {processor.py:914} INFO - Processing file /home/airflow/.local/lib/python3.12/site-packages/airflow/example_dags/example_dynamic_task_mapping.py for tasks to queue
[2025-02-22T20:42:47.483+0000] {logging_mixin.py:190} INFO - [2025-02-22T20:42:47.483+0000] {dagbag.py:588} INFO - Filling up the DagBag from /home/airflow/.local/lib/python3.12/site-packages/airflow/example_dags/example_dynamic_task_mapping.py
[2025-02-22T20:42:47.501+0000] {processor.py:925} INFO - DAG(s) 'example_dynamic_task_mapping' retrieved from /home/airflow/.local/lib/python3.12/site-packages/airflow/example_dags/example_dynamic_task_mapping.py
[2025-02-22T20:42:47.532+0000] {logging_mixin.py:190} INFO - [2025-02-22T20:42:47.532+0000] {dag.py:3239} INFO - Sync 1 DAGs
[2025-02-22T20:42:47.558+0000] {logging_mixin.py:190} INFO - [2025-02-22T20:42:47.558+0000] {dag.py:4180} INFO - Setting next_dagrun for example_dynamic_task_mapping to None, run_after=None
[2025-02-22T20:42:47.590+0000] {processor.py:208} INFO - Processing /home/airflow/.local/lib/python3.12/site-packages/airflow/example_dags/example_dynamic_task_mapping.py took 0.129 seconds
[2025-02-22T20:43:18.494+0000] {processor.py:186} INFO - Started process (PID=1265) to work on /home/airflow/.local/lib/python3.12/site-packages/airflow/example_dags/example_dynamic_task_mapping.py
[2025-02-22T20:43:18.495+0000] {processor.py:914} INFO - Processing file /home/airflow/.local/lib/python3.12/site-packages/airflow/example_dags/example_dynamic_task_mapping.py for tasks to queue
[2025-02-22T20:43:18.502+0000] {logging_mixin.py:190} INFO - [2025-02-22T20:43:18.501+0000] {dagbag.py:588} INFO - Filling up the DagBag from /home/airflow/.local/lib/python3.12/site-packages/airflow/example_dags/example_dynamic_task_mapping.py
[2025-02-22T20:43:18.520+0000] {processor.py:925} INFO - DAG(s) 'example_dynamic_task_mapping' retrieved from /home/airflow/.local/lib/python3.12/site-packages/airflow/example_dags/example_dynamic_task_mapping.py
[2025-02-22T20:43:18.549+0000] {logging_mixin.py:190} INFO - [2025-02-22T20:43:18.548+0000] {dag.py:3239} INFO - Sync 1 DAGs
[2025-02-22T20:43:18.571+0000] {logging_mixin.py:190} INFO - [2025-02-22T20:43:18.571+0000] {dag.py:4180} INFO - Setting next_dagrun for example_dynamic_task_mapping to None, run_after=None
[2025-02-22T20:43:18.597+0000] {processor.py:208} INFO - Processing /home/airflow/.local/lib/python3.12/site-packages/airflow/example_dags/example_dynamic_task_mapping.py took 0.116 seconds
[2025-02-22T20:43:49.833+0000] {processor.py:186} INFO - Started process (PID=1328) to work on /home/airflow/.local/lib/python3.12/site-packages/airflow/example_dags/example_dynamic_task_mapping.py
[2025-02-22T20:43:49.834+0000] {processor.py:914} INFO - Processing file /home/airflow/.local/lib/python3.12/site-packages/airflow/example_dags/example_dynamic_task_mapping.py for tasks to queue
[2025-02-22T20:43:49.838+0000] {logging_mixin.py:190} INFO - [2025-02-22T20:43:49.837+0000] {dagbag.py:588} INFO - Filling up the DagBag from /home/airflow/.local/lib/python3.12/site-packages/airflow/example_dags/example_dynamic_task_mapping.py
[2025-02-22T20:43:49.848+0000] {processor.py:925} INFO - DAG(s) 'example_dynamic_task_mapping' retrieved from /home/airflow/.local/lib/python3.12/site-packages/airflow/example_dags/example_dynamic_task_mapping.py
[2025-02-22T20:43:49.874+0000] {logging_mixin.py:190} INFO - [2025-02-22T20:43:49.873+0000] {dag.py:3239} INFO - Sync 1 DAGs
[2025-02-22T20:43:49.893+0000] {logging_mixin.py:190} INFO - [2025-02-22T20:43:49.893+0000] {dag.py:4180} INFO - Setting next_dagrun for example_dynamic_task_mapping to None, run_after=None
[2025-02-22T20:43:49.918+0000] {processor.py:208} INFO - Processing /home/airflow/.local/lib/python3.12/site-packages/airflow/example_dags/example_dynamic_task_mapping.py took 0.093 seconds
[2025-02-22T20:44:21.430+0000] {processor.py:186} INFO - Started process (PID=1391) to work on /home/airflow/.local/lib/python3.12/site-packages/airflow/example_dags/example_dynamic_task_mapping.py
[2025-02-22T20:44:21.432+0000] {processor.py:914} INFO - Processing file /home/airflow/.local/lib/python3.12/site-packages/airflow/example_dags/example_dynamic_task_mapping.py for tasks to queue
[2025-02-22T20:44:21.437+0000] {logging_mixin.py:190} INFO - [2025-02-22T20:44:21.436+0000] {dagbag.py:588} INFO - Filling up the DagBag from /home/airflow/.local/lib/python3.12/site-packages/airflow/example_dags/example_dynamic_task_mapping.py
[2025-02-22T20:44:21.452+0000] {processor.py:925} INFO - DAG(s) 'example_dynamic_task_mapping' retrieved from /home/airflow/.local/lib/python3.12/site-packages/airflow/example_dags/example_dynamic_task_mapping.py
[2025-02-22T20:44:21.483+0000] {logging_mixin.py:190} INFO - [2025-02-22T20:44:21.482+0000] {dag.py:3239} INFO - Sync 1 DAGs
[2025-02-22T20:44:21.504+0000] {logging_mixin.py:190} INFO - [2025-02-22T20:44:21.504+0000] {dag.py:4180} INFO - Setting next_dagrun for example_dynamic_task_mapping to None, run_after=None
[2025-02-22T20:44:21.533+0000] {processor.py:208} INFO - Processing /home/airflow/.local/lib/python3.12/site-packages/airflow/example_dags/example_dynamic_task_mapping.py took 0.115 seconds
[2025-02-22T20:44:52.794+0000] {processor.py:186} INFO - Started process (PID=1454) to work on /home/airflow/.local/lib/python3.12/site-packages/airflow/example_dags/example_dynamic_task_mapping.py
[2025-02-22T20:44:52.795+0000] {processor.py:914} INFO - Processing file /home/airflow/.local/lib/python3.12/site-packages/airflow/example_dags/example_dynamic_task_mapping.py for tasks to queue
[2025-02-22T20:44:52.799+0000] {logging_mixin.py:190} INFO - [2025-02-22T20:44:52.799+0000] {dagbag.py:588} INFO - Filling up the DagBag from /home/airflow/.local/lib/python3.12/site-packages/airflow/example_dags/example_dynamic_task_mapping.py
[2025-02-22T20:44:52.811+0000] {processor.py:925} INFO - DAG(s) 'example_dynamic_task_mapping' retrieved from /home/airflow/.local/lib/python3.12/site-packages/airflow/example_dags/example_dynamic_task_mapping.py
[2025-02-22T20:44:52.840+0000] {logging_mixin.py:190} INFO - [2025-02-22T20:44:52.840+0000] {dag.py:3239} INFO - Sync 1 DAGs
[2025-02-22T20:44:52.864+0000] {logging_mixin.py:190} INFO - [2025-02-22T20:44:52.864+0000] {dag.py:4180} INFO - Setting next_dagrun for example_dynamic_task_mapping to None, run_after=None
[2025-02-22T20:44:52.894+0000] {processor.py:208} INFO - Processing /home/airflow/.local/lib/python3.12/site-packages/airflow/example_dags/example_dynamic_task_mapping.py took 0.110 seconds
[2025-02-22T20:45:23.706+0000] {processor.py:186} INFO - Started process (PID=1517) to work on /home/airflow/.local/lib/python3.12/site-packages/airflow/example_dags/example_dynamic_task_mapping.py
[2025-02-22T20:45:23.708+0000] {processor.py:914} INFO - Processing file /home/airflow/.local/lib/python3.12/site-packages/airflow/example_dags/example_dynamic_task_mapping.py for tasks to queue
[2025-02-22T20:45:23.711+0000] {logging_mixin.py:190} INFO - [2025-02-22T20:45:23.711+0000] {dagbag.py:588} INFO - Filling up the DagBag from /home/airflow/.local/lib/python3.12/site-packages/airflow/example_dags/example_dynamic_task_mapping.py
[2025-02-22T20:45:23.723+0000] {processor.py:925} INFO - DAG(s) 'example_dynamic_task_mapping' retrieved from /home/airflow/.local/lib/python3.12/site-packages/airflow/example_dags/example_dynamic_task_mapping.py
[2025-02-22T20:45:23.748+0000] {logging_mixin.py:190} INFO - [2025-02-22T20:45:23.748+0000] {dag.py:3239} INFO - Sync 1 DAGs
[2025-02-22T20:45:23.765+0000] {logging_mixin.py:190} INFO - [2025-02-22T20:45:23.765+0000] {dag.py:4180} INFO - Setting next_dagrun for example_dynamic_task_mapping to None, run_after=None
[2025-02-22T20:45:23.789+0000] {processor.py:208} INFO - Processing /home/airflow/.local/lib/python3.12/site-packages/airflow/example_dags/example_dynamic_task_mapping.py took 0.091 seconds
[2025-02-22T20:45:55.674+0000] {processor.py:186} INFO - Started process (PID=1580) to work on /home/airflow/.local/lib/python3.12/site-packages/airflow/example_dags/example_dynamic_task_mapping.py
[2025-02-22T20:45:55.675+0000] {processor.py:914} INFO - Processing file /home/airflow/.local/lib/python3.12/site-packages/airflow/example_dags/example_dynamic_task_mapping.py for tasks to queue
[2025-02-22T20:45:55.679+0000] {logging_mixin.py:190} INFO - [2025-02-22T20:45:55.678+0000] {dagbag.py:588} INFO - Filling up the DagBag from /home/airflow/.local/lib/python3.12/site-packages/airflow/example_dags/example_dynamic_task_mapping.py
[2025-02-22T20:45:55.691+0000] {processor.py:925} INFO - DAG(s) 'example_dynamic_task_mapping' retrieved from /home/airflow/.local/lib/python3.12/site-packages/airflow/example_dags/example_dynamic_task_mapping.py
[2025-02-22T20:45:55.718+0000] {logging_mixin.py:190} INFO - [2025-02-22T20:45:55.718+0000] {dag.py:3239} INFO - Sync 1 DAGs
[2025-02-22T20:45:55.741+0000] {logging_mixin.py:190} INFO - [2025-02-22T20:45:55.741+0000] {dag.py:4180} INFO - Setting next_dagrun for example_dynamic_task_mapping to None, run_after=None
[2025-02-22T20:45:55.770+0000] {processor.py:208} INFO - Processing /home/airflow/.local/lib/python3.12/site-packages/airflow/example_dags/example_dynamic_task_mapping.py took 0.106 seconds
[2025-02-22T20:46:27.039+0000] {processor.py:186} INFO - Started process (PID=1643) to work on /home/airflow/.local/lib/python3.12/site-packages/airflow/example_dags/example_dynamic_task_mapping.py
[2025-02-22T20:46:27.041+0000] {processor.py:914} INFO - Processing file /home/airflow/.local/lib/python3.12/site-packages/airflow/example_dags/example_dynamic_task_mapping.py for tasks to queue
[2025-02-22T20:46:27.055+0000] {logging_mixin.py:190} INFO - [2025-02-22T20:46:27.055+0000] {dagbag.py:588} INFO - Filling up the DagBag from /home/airflow/.local/lib/python3.12/site-packages/airflow/example_dags/example_dynamic_task_mapping.py
[2025-02-22T20:46:27.064+0000] {processor.py:925} INFO - DAG(s) 'example_dynamic_task_mapping' retrieved from /home/airflow/.local/lib/python3.12/site-packages/airflow/example_dags/example_dynamic_task_mapping.py
[2025-02-22T20:46:27.086+0000] {logging_mixin.py:190} INFO - [2025-02-22T20:46:27.086+0000] {dag.py:3239} INFO - Sync 1 DAGs
[2025-02-22T20:46:27.103+0000] {logging_mixin.py:190} INFO - [2025-02-22T20:46:27.103+0000] {dag.py:4180} INFO - Setting next_dagrun for example_dynamic_task_mapping to None, run_after=None
[2025-02-22T20:46:27.125+0000] {processor.py:208} INFO - Processing /home/airflow/.local/lib/python3.12/site-packages/airflow/example_dags/example_dynamic_task_mapping.py took 0.093 seconds
[2025-02-22T20:46:57.592+0000] {processor.py:186} INFO - Started process (PID=1712) to work on /home/airflow/.local/lib/python3.12/site-packages/airflow/example_dags/example_dynamic_task_mapping.py
[2025-02-22T20:46:57.593+0000] {processor.py:914} INFO - Processing file /home/airflow/.local/lib/python3.12/site-packages/airflow/example_dags/example_dynamic_task_mapping.py for tasks to queue
[2025-02-22T20:46:57.595+0000] {logging_mixin.py:190} INFO - [2025-02-22T20:46:57.595+0000] {dagbag.py:588} INFO - Filling up the DagBag from /home/airflow/.local/lib/python3.12/site-packages/airflow/example_dags/example_dynamic_task_mapping.py
[2025-02-22T20:46:57.606+0000] {processor.py:925} INFO - DAG(s) 'example_dynamic_task_mapping' retrieved from /home/airflow/.local/lib/python3.12/site-packages/airflow/example_dags/example_dynamic_task_mapping.py
[2025-02-22T20:46:57.627+0000] {logging_mixin.py:190} INFO - [2025-02-22T20:46:57.627+0000] {dag.py:3239} INFO - Sync 1 DAGs
[2025-02-22T20:46:57.642+0000] {logging_mixin.py:190} INFO - [2025-02-22T20:46:57.642+0000] {dag.py:4180} INFO - Setting next_dagrun for example_dynamic_task_mapping to None, run_after=None
[2025-02-22T20:46:57.664+0000] {processor.py:208} INFO - Processing /home/airflow/.local/lib/python3.12/site-packages/airflow/example_dags/example_dynamic_task_mapping.py took 0.079 seconds
[2025-02-22T20:47:28.543+0000] {processor.py:186} INFO - Started process (PID=1775) to work on /home/airflow/.local/lib/python3.12/site-packages/airflow/example_dags/example_dynamic_task_mapping.py
[2025-02-22T20:47:28.544+0000] {processor.py:914} INFO - Processing file /home/airflow/.local/lib/python3.12/site-packages/airflow/example_dags/example_dynamic_task_mapping.py for tasks to queue
[2025-02-22T20:47:28.547+0000] {logging_mixin.py:190} INFO - [2025-02-22T20:47:28.547+0000] {dagbag.py:588} INFO - Filling up the DagBag from /home/airflow/.local/lib/python3.12/site-packages/airflow/example_dags/example_dynamic_task_mapping.py
[2025-02-22T20:47:28.556+0000] {processor.py:925} INFO - DAG(s) 'example_dynamic_task_mapping' retrieved from /home/airflow/.local/lib/python3.12/site-packages/airflow/example_dags/example_dynamic_task_mapping.py
[2025-02-22T20:47:28.578+0000] {logging_mixin.py:190} INFO - [2025-02-22T20:47:28.578+0000] {dag.py:3239} INFO - Sync 1 DAGs
[2025-02-22T20:47:28.598+0000] {logging_mixin.py:190} INFO - [2025-02-22T20:47:28.598+0000] {dag.py:4180} INFO - Setting next_dagrun for example_dynamic_task_mapping to None, run_after=None
[2025-02-22T20:47:28.620+0000] {processor.py:208} INFO - Processing /home/airflow/.local/lib/python3.12/site-packages/airflow/example_dags/example_dynamic_task_mapping.py took 0.084 seconds
[2025-02-22T20:47:58.873+0000] {processor.py:186} INFO - Started process (PID=1837) to work on /home/airflow/.local/lib/python3.12/site-packages/airflow/example_dags/example_dynamic_task_mapping.py
[2025-02-22T20:47:58.874+0000] {processor.py:914} INFO - Processing file /home/airflow/.local/lib/python3.12/site-packages/airflow/example_dags/example_dynamic_task_mapping.py for tasks to queue
[2025-02-22T20:47:58.876+0000] {logging_mixin.py:190} INFO - [2025-02-22T20:47:58.876+0000] {dagbag.py:588} INFO - Filling up the DagBag from /home/airflow/.local/lib/python3.12/site-packages/airflow/example_dags/example_dynamic_task_mapping.py
[2025-02-22T20:47:58.887+0000] {processor.py:925} INFO - DAG(s) 'example_dynamic_task_mapping' retrieved from /home/airflow/.local/lib/python3.12/site-packages/airflow/example_dags/example_dynamic_task_mapping.py
[2025-02-22T20:47:58.908+0000] {logging_mixin.py:190} INFO - [2025-02-22T20:47:58.908+0000] {dag.py:3239} INFO - Sync 1 DAGs
[2025-02-22T20:47:58.925+0000] {logging_mixin.py:190} INFO - [2025-02-22T20:47:58.925+0000] {dag.py:4180} INFO - Setting next_dagrun for example_dynamic_task_mapping to None, run_after=None
[2025-02-22T20:47:58.946+0000] {processor.py:208} INFO - Processing /home/airflow/.local/lib/python3.12/site-packages/airflow/example_dags/example_dynamic_task_mapping.py took 0.080 seconds
[2025-02-22T20:48:29.054+0000] {processor.py:186} INFO - Started process (PID=1899) to work on /home/airflow/.local/lib/python3.12/site-packages/airflow/example_dags/example_dynamic_task_mapping.py
[2025-02-22T20:48:29.056+0000] {processor.py:914} INFO - Processing file /home/airflow/.local/lib/python3.12/site-packages/airflow/example_dags/example_dynamic_task_mapping.py for tasks to queue
[2025-02-22T20:48:29.059+0000] {logging_mixin.py:190} INFO - [2025-02-22T20:48:29.059+0000] {dagbag.py:588} INFO - Filling up the DagBag from /home/airflow/.local/lib/python3.12/site-packages/airflow/example_dags/example_dynamic_task_mapping.py
[2025-02-22T20:48:29.071+0000] {processor.py:925} INFO - DAG(s) 'example_dynamic_task_mapping' retrieved from /home/airflow/.local/lib/python3.12/site-packages/airflow/example_dags/example_dynamic_task_mapping.py
[2025-02-22T20:48:29.095+0000] {logging_mixin.py:190} INFO - [2025-02-22T20:48:29.095+0000] {dag.py:3239} INFO - Sync 1 DAGs
[2025-02-22T20:48:29.113+0000] {logging_mixin.py:190} INFO - [2025-02-22T20:48:29.113+0000] {dag.py:4180} INFO - Setting next_dagrun for example_dynamic_task_mapping to None, run_after=None
[2025-02-22T20:48:29.135+0000] {processor.py:208} INFO - Processing /home/airflow/.local/lib/python3.12/site-packages/airflow/example_dags/example_dynamic_task_mapping.py took 0.093 seconds
[2025-02-22T20:48:59.206+0000] {processor.py:186} INFO - Started process (PID=1962) to work on /home/airflow/.local/lib/python3.12/site-packages/airflow/example_dags/example_dynamic_task_mapping.py
[2025-02-22T20:48:59.208+0000] {processor.py:914} INFO - Processing file /home/airflow/.local/lib/python3.12/site-packages/airflow/example_dags/example_dynamic_task_mapping.py for tasks to queue
[2025-02-22T20:48:59.212+0000] {logging_mixin.py:190} INFO - [2025-02-22T20:48:59.211+0000] {dagbag.py:588} INFO - Filling up the DagBag from /home/airflow/.local/lib/python3.12/site-packages/airflow/example_dags/example_dynamic_task_mapping.py
[2025-02-22T20:48:59.231+0000] {processor.py:925} INFO - DAG(s) 'example_dynamic_task_mapping' retrieved from /home/airflow/.local/lib/python3.12/site-packages/airflow/example_dags/example_dynamic_task_mapping.py
[2025-02-22T20:48:59.262+0000] {logging_mixin.py:190} INFO - [2025-02-22T20:48:59.261+0000] {dag.py:3239} INFO - Sync 1 DAGs
[2025-02-22T20:48:59.284+0000] {logging_mixin.py:190} INFO - [2025-02-22T20:48:59.284+0000] {dag.py:4180} INFO - Setting next_dagrun for example_dynamic_task_mapping to None, run_after=None
[2025-02-22T20:48:59.307+0000] {processor.py:208} INFO - Processing /home/airflow/.local/lib/python3.12/site-packages/airflow/example_dags/example_dynamic_task_mapping.py took 0.113 seconds
