[2025-02-22T20:33:50.310+0000] {processor.py:186} INFO - Started process (PID=97) to work on /home/airflow/.local/lib/python3.12/site-packages/airflow/example_dags/example_skip_dag.py
[2025-02-22T20:33:50.313+0000] {processor.py:914} INFO - Processing file /home/airflow/.local/lib/python3.12/site-packages/airflow/example_dags/example_skip_dag.py for tasks to queue
[2025-02-22T20:33:50.317+0000] {logging_mixin.py:190} INFO - [2025-02-22T20:33:50.317+0000] {dagbag.py:588} INFO - Filling up the DagBag from /home/airflow/.local/lib/python3.12/site-packages/airflow/example_dags/example_skip_dag.py
[2025-02-22T20:33:50.338+0000] {processor.py:925} INFO - DAG(s) 'example_skip_dag' retrieved from /home/airflow/.local/lib/python3.12/site-packages/airflow/example_dags/example_skip_dag.py
[2025-02-22T20:33:50.588+0000] {logging_mixin.py:190} INFO - [2025-02-22T20:33:50.587+0000] {override.py:1912} INFO - Created Permission View: can edit on DAG:example_skip_dag
[2025-02-22T20:33:50.607+0000] {logging_mixin.py:190} INFO - [2025-02-22T20:33:50.607+0000] {override.py:1912} INFO - Created Permission View: can read on DAG:example_skip_dag
[2025-02-22T20:33:50.619+0000] {logging_mixin.py:190} INFO - [2025-02-22T20:33:50.618+0000] {override.py:1912} INFO - Created Permission View: can delete on DAG:example_skip_dag
[2025-02-22T20:33:50.631+0000] {logging_mixin.py:190} INFO - [2025-02-22T20:33:50.631+0000] {override.py:1912} INFO - Created Permission View: can read on DAG Run:example_skip_dag
[2025-02-22T20:33:50.643+0000] {logging_mixin.py:190} INFO - [2025-02-22T20:33:50.643+0000] {override.py:1912} INFO - Created Permission View: menu access on DAG Run:example_skip_dag
[2025-02-22T20:33:50.654+0000] {logging_mixin.py:190} INFO - [2025-02-22T20:33:50.654+0000] {override.py:1912} INFO - Created Permission View: can create on DAG Run:example_skip_dag
[2025-02-22T20:33:50.666+0000] {logging_mixin.py:190} INFO - [2025-02-22T20:33:50.666+0000] {override.py:1912} INFO - Created Permission View: can delete on DAG Run:example_skip_dag
[2025-02-22T20:33:50.667+0000] {logging_mixin.py:190} INFO - [2025-02-22T20:33:50.667+0000] {dag.py:3239} INFO - Sync 1 DAGs
[2025-02-22T20:33:50.690+0000] {logging_mixin.py:190} INFO - [2025-02-22T20:33:50.689+0000] {dag.py:3262} INFO - Creating ORM DAG for example_skip_dag
[2025-02-22T20:33:50.710+0000] {logging_mixin.py:190} INFO - [2025-02-22T20:33:50.709+0000] {dag.py:4180} INFO - Setting next_dagrun for example_skip_dag to 2025-02-21 00:00:00+00:00, run_after=2025-02-22 00:00:00+00:00
[2025-02-22T20:33:50.741+0000] {processor.py:208} INFO - Processing /home/airflow/.local/lib/python3.12/site-packages/airflow/example_dags/example_skip_dag.py took 0.444 seconds
[2025-02-22T20:34:21.401+0000] {processor.py:186} INFO - Started process (PID=158) to work on /home/airflow/.local/lib/python3.12/site-packages/airflow/example_dags/example_skip_dag.py
[2025-02-22T20:34:21.403+0000] {processor.py:914} INFO - Processing file /home/airflow/.local/lib/python3.12/site-packages/airflow/example_dags/example_skip_dag.py for tasks to queue
[2025-02-22T20:34:21.406+0000] {logging_mixin.py:190} INFO - [2025-02-22T20:34:21.405+0000] {dagbag.py:588} INFO - Filling up the DagBag from /home/airflow/.local/lib/python3.12/site-packages/airflow/example_dags/example_skip_dag.py
[2025-02-22T20:34:21.414+0000] {processor.py:925} INFO - DAG(s) 'example_skip_dag' retrieved from /home/airflow/.local/lib/python3.12/site-packages/airflow/example_dags/example_skip_dag.py
[2025-02-22T20:34:21.445+0000] {logging_mixin.py:190} INFO - [2025-02-22T20:34:21.445+0000] {dag.py:3239} INFO - Sync 1 DAGs
[2025-02-22T20:34:21.481+0000] {logging_mixin.py:190} INFO - [2025-02-22T20:34:21.481+0000] {dag.py:4180} INFO - Setting next_dagrun for example_skip_dag to 2025-02-21 00:00:00+00:00, run_after=2025-02-22 00:00:00+00:00
[2025-02-22T20:34:21.507+0000] {processor.py:208} INFO - Processing /home/airflow/.local/lib/python3.12/site-packages/airflow/example_dags/example_skip_dag.py took 0.112 seconds
[2025-02-22T20:34:51.882+0000] {processor.py:186} INFO - Started process (PID=221) to work on /home/airflow/.local/lib/python3.12/site-packages/airflow/example_dags/example_skip_dag.py
[2025-02-22T20:34:51.883+0000] {processor.py:914} INFO - Processing file /home/airflow/.local/lib/python3.12/site-packages/airflow/example_dags/example_skip_dag.py for tasks to queue
[2025-02-22T20:34:51.886+0000] {logging_mixin.py:190} INFO - [2025-02-22T20:34:51.885+0000] {dagbag.py:588} INFO - Filling up the DagBag from /home/airflow/.local/lib/python3.12/site-packages/airflow/example_dags/example_skip_dag.py
[2025-02-22T20:34:51.895+0000] {processor.py:925} INFO - DAG(s) 'example_skip_dag' retrieved from /home/airflow/.local/lib/python3.12/site-packages/airflow/example_dags/example_skip_dag.py
[2025-02-22T20:34:51.919+0000] {logging_mixin.py:190} INFO - [2025-02-22T20:34:51.919+0000] {dag.py:3239} INFO - Sync 1 DAGs
[2025-02-22T20:34:51.946+0000] {logging_mixin.py:190} INFO - [2025-02-22T20:34:51.946+0000] {dag.py:4180} INFO - Setting next_dagrun for example_skip_dag to 2025-02-21 00:00:00+00:00, run_after=2025-02-22 00:00:00+00:00
[2025-02-22T20:34:51.971+0000] {processor.py:208} INFO - Processing /home/airflow/.local/lib/python3.12/site-packages/airflow/example_dags/example_skip_dag.py took 0.096 seconds
[2025-02-22T20:35:22.349+0000] {processor.py:186} INFO - Started process (PID=284) to work on /home/airflow/.local/lib/python3.12/site-packages/airflow/example_dags/example_skip_dag.py
[2025-02-22T20:35:22.350+0000] {processor.py:914} INFO - Processing file /home/airflow/.local/lib/python3.12/site-packages/airflow/example_dags/example_skip_dag.py for tasks to queue
[2025-02-22T20:35:22.353+0000] {logging_mixin.py:190} INFO - [2025-02-22T20:35:22.353+0000] {dagbag.py:588} INFO - Filling up the DagBag from /home/airflow/.local/lib/python3.12/site-packages/airflow/example_dags/example_skip_dag.py
[2025-02-22T20:35:22.363+0000] {processor.py:925} INFO - DAG(s) 'example_skip_dag' retrieved from /home/airflow/.local/lib/python3.12/site-packages/airflow/example_dags/example_skip_dag.py
[2025-02-22T20:35:22.397+0000] {logging_mixin.py:190} INFO - [2025-02-22T20:35:22.396+0000] {dag.py:3239} INFO - Sync 1 DAGs
[2025-02-22T20:35:22.431+0000] {logging_mixin.py:190} INFO - [2025-02-22T20:35:22.431+0000] {dag.py:4180} INFO - Setting next_dagrun for example_skip_dag to 2025-02-21 00:00:00+00:00, run_after=2025-02-22 00:00:00+00:00
[2025-02-22T20:35:22.458+0000] {processor.py:208} INFO - Processing /home/airflow/.local/lib/python3.12/site-packages/airflow/example_dags/example_skip_dag.py took 0.117 seconds
[2025-02-22T20:35:52.643+0000] {processor.py:186} INFO - Started process (PID=346) to work on /home/airflow/.local/lib/python3.12/site-packages/airflow/example_dags/example_skip_dag.py
[2025-02-22T20:35:52.645+0000] {processor.py:914} INFO - Processing file /home/airflow/.local/lib/python3.12/site-packages/airflow/example_dags/example_skip_dag.py for tasks to queue
[2025-02-22T20:35:52.649+0000] {logging_mixin.py:190} INFO - [2025-02-22T20:35:52.648+0000] {dagbag.py:588} INFO - Filling up the DagBag from /home/airflow/.local/lib/python3.12/site-packages/airflow/example_dags/example_skip_dag.py
[2025-02-22T20:35:52.664+0000] {processor.py:925} INFO - DAG(s) 'example_skip_dag' retrieved from /home/airflow/.local/lib/python3.12/site-packages/airflow/example_dags/example_skip_dag.py
[2025-02-22T20:35:52.703+0000] {logging_mixin.py:190} INFO - [2025-02-22T20:35:52.703+0000] {dag.py:3239} INFO - Sync 1 DAGs
[2025-02-22T20:35:52.737+0000] {logging_mixin.py:190} INFO - [2025-02-22T20:35:52.737+0000] {dag.py:4180} INFO - Setting next_dagrun for example_skip_dag to 2025-02-21 00:00:00+00:00, run_after=2025-02-22 00:00:00+00:00
[2025-02-22T20:35:52.766+0000] {processor.py:208} INFO - Processing /home/airflow/.local/lib/python3.12/site-packages/airflow/example_dags/example_skip_dag.py took 0.131 seconds
[2025-02-22T20:36:23.142+0000] {processor.py:186} INFO - Started process (PID=409) to work on /home/airflow/.local/lib/python3.12/site-packages/airflow/example_dags/example_skip_dag.py
[2025-02-22T20:36:23.144+0000] {processor.py:914} INFO - Processing file /home/airflow/.local/lib/python3.12/site-packages/airflow/example_dags/example_skip_dag.py for tasks to queue
[2025-02-22T20:36:23.147+0000] {logging_mixin.py:190} INFO - [2025-02-22T20:36:23.146+0000] {dagbag.py:588} INFO - Filling up the DagBag from /home/airflow/.local/lib/python3.12/site-packages/airflow/example_dags/example_skip_dag.py
[2025-02-22T20:36:23.156+0000] {processor.py:925} INFO - DAG(s) 'example_skip_dag' retrieved from /home/airflow/.local/lib/python3.12/site-packages/airflow/example_dags/example_skip_dag.py
[2025-02-22T20:36:23.181+0000] {logging_mixin.py:190} INFO - [2025-02-22T20:36:23.181+0000] {dag.py:3239} INFO - Sync 1 DAGs
[2025-02-22T20:36:23.208+0000] {logging_mixin.py:190} INFO - [2025-02-22T20:36:23.207+0000] {dag.py:4180} INFO - Setting next_dagrun for example_skip_dag to 2025-02-21 00:00:00+00:00, run_after=2025-02-22 00:00:00+00:00
[2025-02-22T20:36:23.232+0000] {processor.py:208} INFO - Processing /home/airflow/.local/lib/python3.12/site-packages/airflow/example_dags/example_skip_dag.py took 0.097 seconds
[2025-02-22T20:36:53.549+0000] {processor.py:186} INFO - Started process (PID=472) to work on /home/airflow/.local/lib/python3.12/site-packages/airflow/example_dags/example_skip_dag.py
[2025-02-22T20:36:53.550+0000] {processor.py:914} INFO - Processing file /home/airflow/.local/lib/python3.12/site-packages/airflow/example_dags/example_skip_dag.py for tasks to queue
[2025-02-22T20:36:53.554+0000] {logging_mixin.py:190} INFO - [2025-02-22T20:36:53.553+0000] {dagbag.py:588} INFO - Filling up the DagBag from /home/airflow/.local/lib/python3.12/site-packages/airflow/example_dags/example_skip_dag.py
[2025-02-22T20:36:53.565+0000] {processor.py:925} INFO - DAG(s) 'example_skip_dag' retrieved from /home/airflow/.local/lib/python3.12/site-packages/airflow/example_dags/example_skip_dag.py
[2025-02-22T20:36:53.597+0000] {logging_mixin.py:190} INFO - [2025-02-22T20:36:53.596+0000] {dag.py:3239} INFO - Sync 1 DAGs
[2025-02-22T20:36:53.645+0000] {logging_mixin.py:190} INFO - [2025-02-22T20:36:53.645+0000] {dag.py:4180} INFO - Setting next_dagrun for example_skip_dag to 2025-02-21 00:00:00+00:00, run_after=2025-02-22 00:00:00+00:00
[2025-02-22T20:36:53.671+0000] {processor.py:208} INFO - Processing /home/airflow/.local/lib/python3.12/site-packages/airflow/example_dags/example_skip_dag.py took 0.131 seconds
[2025-02-22T20:37:23.896+0000] {processor.py:186} INFO - Started process (PID=535) to work on /home/airflow/.local/lib/python3.12/site-packages/airflow/example_dags/example_skip_dag.py
[2025-02-22T20:37:23.898+0000] {processor.py:914} INFO - Processing file /home/airflow/.local/lib/python3.12/site-packages/airflow/example_dags/example_skip_dag.py for tasks to queue
[2025-02-22T20:37:23.905+0000] {logging_mixin.py:190} INFO - [2025-02-22T20:37:23.905+0000] {dagbag.py:588} INFO - Filling up the DagBag from /home/airflow/.local/lib/python3.12/site-packages/airflow/example_dags/example_skip_dag.py
[2025-02-22T20:37:23.927+0000] {processor.py:925} INFO - DAG(s) 'example_skip_dag' retrieved from /home/airflow/.local/lib/python3.12/site-packages/airflow/example_dags/example_skip_dag.py
[2025-02-22T20:37:23.956+0000] {logging_mixin.py:190} INFO - [2025-02-22T20:37:23.956+0000] {dag.py:3239} INFO - Sync 1 DAGs
[2025-02-22T20:37:23.993+0000] {logging_mixin.py:190} INFO - [2025-02-22T20:37:23.992+0000] {dag.py:4180} INFO - Setting next_dagrun for example_skip_dag to 2025-02-21 00:00:00+00:00, run_after=2025-02-22 00:00:00+00:00
[2025-02-22T20:37:24.024+0000] {processor.py:208} INFO - Processing /home/airflow/.local/lib/python3.12/site-packages/airflow/example_dags/example_skip_dag.py took 0.139 seconds
[2025-02-22T20:37:55.055+0000] {processor.py:186} INFO - Started process (PID=598) to work on /home/airflow/.local/lib/python3.12/site-packages/airflow/example_dags/example_skip_dag.py
[2025-02-22T20:37:55.056+0000] {processor.py:914} INFO - Processing file /home/airflow/.local/lib/python3.12/site-packages/airflow/example_dags/example_skip_dag.py for tasks to queue
[2025-02-22T20:37:55.059+0000] {logging_mixin.py:190} INFO - [2025-02-22T20:37:55.058+0000] {dagbag.py:588} INFO - Filling up the DagBag from /home/airflow/.local/lib/python3.12/site-packages/airflow/example_dags/example_skip_dag.py
[2025-02-22T20:37:55.068+0000] {processor.py:925} INFO - DAG(s) 'example_skip_dag' retrieved from /home/airflow/.local/lib/python3.12/site-packages/airflow/example_dags/example_skip_dag.py
[2025-02-22T20:37:55.092+0000] {logging_mixin.py:190} INFO - [2025-02-22T20:37:55.092+0000] {dag.py:3239} INFO - Sync 1 DAGs
[2025-02-22T20:37:55.119+0000] {logging_mixin.py:190} INFO - [2025-02-22T20:37:55.119+0000] {dag.py:4180} INFO - Setting next_dagrun for example_skip_dag to 2025-02-21 00:00:00+00:00, run_after=2025-02-22 00:00:00+00:00
[2025-02-22T20:37:55.148+0000] {processor.py:208} INFO - Processing /home/airflow/.local/lib/python3.12/site-packages/airflow/example_dags/example_skip_dag.py took 0.101 seconds
[2025-02-22T20:38:26.379+0000] {processor.py:186} INFO - Started process (PID=661) to work on /home/airflow/.local/lib/python3.12/site-packages/airflow/example_dags/example_skip_dag.py
[2025-02-22T20:38:26.380+0000] {processor.py:914} INFO - Processing file /home/airflow/.local/lib/python3.12/site-packages/airflow/example_dags/example_skip_dag.py for tasks to queue
[2025-02-22T20:38:26.383+0000] {logging_mixin.py:190} INFO - [2025-02-22T20:38:26.382+0000] {dagbag.py:588} INFO - Filling up the DagBag from /home/airflow/.local/lib/python3.12/site-packages/airflow/example_dags/example_skip_dag.py
[2025-02-22T20:38:26.392+0000] {processor.py:925} INFO - DAG(s) 'example_skip_dag' retrieved from /home/airflow/.local/lib/python3.12/site-packages/airflow/example_dags/example_skip_dag.py
[2025-02-22T20:38:26.427+0000] {logging_mixin.py:190} INFO - [2025-02-22T20:38:26.427+0000] {dag.py:3239} INFO - Sync 1 DAGs
[2025-02-22T20:38:26.461+0000] {logging_mixin.py:190} INFO - [2025-02-22T20:38:26.461+0000] {dag.py:4180} INFO - Setting next_dagrun for example_skip_dag to 2025-02-21 00:00:00+00:00, run_after=2025-02-22 00:00:00+00:00
[2025-02-22T20:38:26.499+0000] {processor.py:208} INFO - Processing /home/airflow/.local/lib/python3.12/site-packages/airflow/example_dags/example_skip_dag.py took 0.134 seconds
[2025-02-22T20:38:59.380+0000] {processor.py:186} INFO - Started process (PID=730) to work on /home/airflow/.local/lib/python3.12/site-packages/airflow/example_dags/example_skip_dag.py
[2025-02-22T20:38:59.382+0000] {processor.py:914} INFO - Processing file /home/airflow/.local/lib/python3.12/site-packages/airflow/example_dags/example_skip_dag.py for tasks to queue
[2025-02-22T20:38:59.386+0000] {logging_mixin.py:190} INFO - [2025-02-22T20:38:59.385+0000] {dagbag.py:588} INFO - Filling up the DagBag from /home/airflow/.local/lib/python3.12/site-packages/airflow/example_dags/example_skip_dag.py
[2025-02-22T20:38:59.400+0000] {processor.py:925} INFO - DAG(s) 'example_skip_dag' retrieved from /home/airflow/.local/lib/python3.12/site-packages/airflow/example_dags/example_skip_dag.py
[2025-02-22T20:38:59.451+0000] {logging_mixin.py:190} INFO - [2025-02-22T20:38:59.451+0000] {dag.py:3239} INFO - Sync 1 DAGs
[2025-02-22T20:38:59.531+0000] {logging_mixin.py:190} INFO - [2025-02-22T20:38:59.530+0000] {dag.py:4180} INFO - Setting next_dagrun for example_skip_dag to 2025-02-21 00:00:00+00:00, run_after=2025-02-22 00:00:00+00:00
[2025-02-22T20:38:59.582+0000] {processor.py:208} INFO - Processing /home/airflow/.local/lib/python3.12/site-packages/airflow/example_dags/example_skip_dag.py took 0.212 seconds
[2025-02-22T20:39:30.486+0000] {processor.py:186} INFO - Started process (PID=793) to work on /home/airflow/.local/lib/python3.12/site-packages/airflow/example_dags/example_skip_dag.py
[2025-02-22T20:39:30.487+0000] {processor.py:914} INFO - Processing file /home/airflow/.local/lib/python3.12/site-packages/airflow/example_dags/example_skip_dag.py for tasks to queue
[2025-02-22T20:39:30.490+0000] {logging_mixin.py:190} INFO - [2025-02-22T20:39:30.490+0000] {dagbag.py:588} INFO - Filling up the DagBag from /home/airflow/.local/lib/python3.12/site-packages/airflow/example_dags/example_skip_dag.py
[2025-02-22T20:39:30.500+0000] {processor.py:925} INFO - DAG(s) 'example_skip_dag' retrieved from /home/airflow/.local/lib/python3.12/site-packages/airflow/example_dags/example_skip_dag.py
[2025-02-22T20:39:30.523+0000] {logging_mixin.py:190} INFO - [2025-02-22T20:39:30.523+0000] {dag.py:3239} INFO - Sync 1 DAGs
[2025-02-22T20:39:30.549+0000] {logging_mixin.py:190} INFO - [2025-02-22T20:39:30.549+0000] {dag.py:4180} INFO - Setting next_dagrun for example_skip_dag to 2025-02-21 00:00:00+00:00, run_after=2025-02-22 00:00:00+00:00
[2025-02-22T20:39:30.570+0000] {processor.py:208} INFO - Processing /home/airflow/.local/lib/python3.12/site-packages/airflow/example_dags/example_skip_dag.py took 0.091 seconds
[2025-02-22T20:40:02.672+0000] {processor.py:186} INFO - Started process (PID=856) to work on /home/airflow/.local/lib/python3.12/site-packages/airflow/example_dags/example_skip_dag.py
[2025-02-22T20:40:02.673+0000] {processor.py:914} INFO - Processing file /home/airflow/.local/lib/python3.12/site-packages/airflow/example_dags/example_skip_dag.py for tasks to queue
[2025-02-22T20:40:02.677+0000] {logging_mixin.py:190} INFO - [2025-02-22T20:40:02.676+0000] {dagbag.py:588} INFO - Filling up the DagBag from /home/airflow/.local/lib/python3.12/site-packages/airflow/example_dags/example_skip_dag.py
[2025-02-22T20:40:02.686+0000] {processor.py:925} INFO - DAG(s) 'example_skip_dag' retrieved from /home/airflow/.local/lib/python3.12/site-packages/airflow/example_dags/example_skip_dag.py
[2025-02-22T20:40:02.710+0000] {logging_mixin.py:190} INFO - [2025-02-22T20:40:02.710+0000] {dag.py:3239} INFO - Sync 1 DAGs
[2025-02-22T20:40:02.736+0000] {logging_mixin.py:190} INFO - [2025-02-22T20:40:02.736+0000] {dag.py:4180} INFO - Setting next_dagrun for example_skip_dag to 2025-02-21 00:00:00+00:00, run_after=2025-02-22 00:00:00+00:00
[2025-02-22T20:40:02.764+0000] {processor.py:208} INFO - Processing /home/airflow/.local/lib/python3.12/site-packages/airflow/example_dags/example_skip_dag.py took 0.099 seconds
[2025-02-22T20:40:34.111+0000] {processor.py:186} INFO - Started process (PID=919) to work on /home/airflow/.local/lib/python3.12/site-packages/airflow/example_dags/example_skip_dag.py
[2025-02-22T20:40:34.112+0000] {processor.py:914} INFO - Processing file /home/airflow/.local/lib/python3.12/site-packages/airflow/example_dags/example_skip_dag.py for tasks to queue
[2025-02-22T20:40:34.118+0000] {logging_mixin.py:190} INFO - [2025-02-22T20:40:34.116+0000] {dagbag.py:588} INFO - Filling up the DagBag from /home/airflow/.local/lib/python3.12/site-packages/airflow/example_dags/example_skip_dag.py
[2025-02-22T20:40:34.132+0000] {processor.py:925} INFO - DAG(s) 'example_skip_dag' retrieved from /home/airflow/.local/lib/python3.12/site-packages/airflow/example_dags/example_skip_dag.py
[2025-02-22T20:40:34.178+0000] {logging_mixin.py:190} INFO - [2025-02-22T20:40:34.178+0000] {dag.py:3239} INFO - Sync 1 DAGs
[2025-02-22T20:40:34.219+0000] {logging_mixin.py:190} INFO - [2025-02-22T20:40:34.219+0000] {dag.py:4180} INFO - Setting next_dagrun for example_skip_dag to 2025-02-21 00:00:00+00:00, run_after=2025-02-22 00:00:00+00:00
[2025-02-22T20:40:34.241+0000] {processor.py:208} INFO - Processing /home/airflow/.local/lib/python3.12/site-packages/airflow/example_dags/example_skip_dag.py took 0.138 seconds
[2025-02-22T20:41:05.172+0000] {processor.py:186} INFO - Started process (PID=982) to work on /home/airflow/.local/lib/python3.12/site-packages/airflow/example_dags/example_skip_dag.py
[2025-02-22T20:41:05.174+0000] {processor.py:914} INFO - Processing file /home/airflow/.local/lib/python3.12/site-packages/airflow/example_dags/example_skip_dag.py for tasks to queue
[2025-02-22T20:41:05.178+0000] {logging_mixin.py:190} INFO - [2025-02-22T20:41:05.177+0000] {dagbag.py:588} INFO - Filling up the DagBag from /home/airflow/.local/lib/python3.12/site-packages/airflow/example_dags/example_skip_dag.py
[2025-02-22T20:41:05.193+0000] {processor.py:925} INFO - DAG(s) 'example_skip_dag' retrieved from /home/airflow/.local/lib/python3.12/site-packages/airflow/example_dags/example_skip_dag.py
[2025-02-22T20:41:05.230+0000] {logging_mixin.py:190} INFO - [2025-02-22T20:41:05.229+0000] {dag.py:3239} INFO - Sync 1 DAGs
[2025-02-22T20:41:05.266+0000] {logging_mixin.py:190} INFO - [2025-02-22T20:41:05.266+0000] {dag.py:4180} INFO - Setting next_dagrun for example_skip_dag to 2025-02-21 00:00:00+00:00, run_after=2025-02-22 00:00:00+00:00
[2025-02-22T20:41:05.295+0000] {processor.py:208} INFO - Processing /home/airflow/.local/lib/python3.12/site-packages/airflow/example_dags/example_skip_dag.py took 0.133 seconds
[2025-02-22T20:41:36.244+0000] {processor.py:186} INFO - Started process (PID=1045) to work on /home/airflow/.local/lib/python3.12/site-packages/airflow/example_dags/example_skip_dag.py
[2025-02-22T20:41:36.245+0000] {processor.py:914} INFO - Processing file /home/airflow/.local/lib/python3.12/site-packages/airflow/example_dags/example_skip_dag.py for tasks to queue
[2025-02-22T20:41:36.250+0000] {logging_mixin.py:190} INFO - [2025-02-22T20:41:36.250+0000] {dagbag.py:588} INFO - Filling up the DagBag from /home/airflow/.local/lib/python3.12/site-packages/airflow/example_dags/example_skip_dag.py
[2025-02-22T20:41:36.262+0000] {processor.py:925} INFO - DAG(s) 'example_skip_dag' retrieved from /home/airflow/.local/lib/python3.12/site-packages/airflow/example_dags/example_skip_dag.py
[2025-02-22T20:41:36.292+0000] {logging_mixin.py:190} INFO - [2025-02-22T20:41:36.292+0000] {dag.py:3239} INFO - Sync 1 DAGs
[2025-02-22T20:41:36.325+0000] {logging_mixin.py:190} INFO - [2025-02-22T20:41:36.324+0000] {dag.py:4180} INFO - Setting next_dagrun for example_skip_dag to 2025-02-21 00:00:00+00:00, run_after=2025-02-22 00:00:00+00:00
[2025-02-22T20:41:36.351+0000] {processor.py:208} INFO - Processing /home/airflow/.local/lib/python3.12/site-packages/airflow/example_dags/example_skip_dag.py took 0.119 seconds
[2025-02-22T20:42:09.426+0000] {processor.py:186} INFO - Started process (PID=1108) to work on /home/airflow/.local/lib/python3.12/site-packages/airflow/example_dags/example_skip_dag.py
[2025-02-22T20:42:09.427+0000] {processor.py:914} INFO - Processing file /home/airflow/.local/lib/python3.12/site-packages/airflow/example_dags/example_skip_dag.py for tasks to queue
[2025-02-22T20:42:09.435+0000] {logging_mixin.py:190} INFO - [2025-02-22T20:42:09.434+0000] {dagbag.py:588} INFO - Filling up the DagBag from /home/airflow/.local/lib/python3.12/site-packages/airflow/example_dags/example_skip_dag.py
[2025-02-22T20:42:09.454+0000] {processor.py:925} INFO - DAG(s) 'example_skip_dag' retrieved from /home/airflow/.local/lib/python3.12/site-packages/airflow/example_dags/example_skip_dag.py
[2025-02-22T20:42:09.500+0000] {logging_mixin.py:190} INFO - [2025-02-22T20:42:09.499+0000] {dag.py:3239} INFO - Sync 1 DAGs
[2025-02-22T20:42:09.549+0000] {logging_mixin.py:190} INFO - [2025-02-22T20:42:09.549+0000] {dag.py:4180} INFO - Setting next_dagrun for example_skip_dag to 2025-02-21 00:00:00+00:00, run_after=2025-02-22 00:00:00+00:00
[2025-02-22T20:42:09.589+0000] {processor.py:208} INFO - Processing /home/airflow/.local/lib/python3.12/site-packages/airflow/example_dags/example_skip_dag.py took 0.174 seconds
[2025-02-22T20:42:40.482+0000] {processor.py:186} INFO - Started process (PID=1171) to work on /home/airflow/.local/lib/python3.12/site-packages/airflow/example_dags/example_skip_dag.py
[2025-02-22T20:42:40.484+0000] {processor.py:914} INFO - Processing file /home/airflow/.local/lib/python3.12/site-packages/airflow/example_dags/example_skip_dag.py for tasks to queue
[2025-02-22T20:42:40.487+0000] {logging_mixin.py:190} INFO - [2025-02-22T20:42:40.486+0000] {dagbag.py:588} INFO - Filling up the DagBag from /home/airflow/.local/lib/python3.12/site-packages/airflow/example_dags/example_skip_dag.py
[2025-02-22T20:42:40.499+0000] {processor.py:925} INFO - DAG(s) 'example_skip_dag' retrieved from /home/airflow/.local/lib/python3.12/site-packages/airflow/example_dags/example_skip_dag.py
[2025-02-22T20:42:40.530+0000] {logging_mixin.py:190} INFO - [2025-02-22T20:42:40.530+0000] {dag.py:3239} INFO - Sync 1 DAGs
[2025-02-22T20:42:40.566+0000] {logging_mixin.py:190} INFO - [2025-02-22T20:42:40.566+0000] {dag.py:4180} INFO - Setting next_dagrun for example_skip_dag to 2025-02-21 00:00:00+00:00, run_after=2025-02-22 00:00:00+00:00
[2025-02-22T20:42:40.593+0000] {processor.py:208} INFO - Processing /home/airflow/.local/lib/python3.12/site-packages/airflow/example_dags/example_skip_dag.py took 0.121 seconds
[2025-02-22T20:43:11.127+0000] {processor.py:186} INFO - Started process (PID=1234) to work on /home/airflow/.local/lib/python3.12/site-packages/airflow/example_dags/example_skip_dag.py
[2025-02-22T20:43:11.128+0000] {processor.py:914} INFO - Processing file /home/airflow/.local/lib/python3.12/site-packages/airflow/example_dags/example_skip_dag.py for tasks to queue
[2025-02-22T20:43:11.131+0000] {logging_mixin.py:190} INFO - [2025-02-22T20:43:11.131+0000] {dagbag.py:588} INFO - Filling up the DagBag from /home/airflow/.local/lib/python3.12/site-packages/airflow/example_dags/example_skip_dag.py
[2025-02-22T20:43:11.140+0000] {processor.py:925} INFO - DAG(s) 'example_skip_dag' retrieved from /home/airflow/.local/lib/python3.12/site-packages/airflow/example_dags/example_skip_dag.py
[2025-02-22T20:43:11.168+0000] {logging_mixin.py:190} INFO - [2025-02-22T20:43:11.168+0000] {dag.py:3239} INFO - Sync 1 DAGs
[2025-02-22T20:43:11.197+0000] {logging_mixin.py:190} INFO - [2025-02-22T20:43:11.197+0000] {dag.py:4180} INFO - Setting next_dagrun for example_skip_dag to 2025-02-21 00:00:00+00:00, run_after=2025-02-22 00:00:00+00:00
[2025-02-22T20:43:11.225+0000] {processor.py:208} INFO - Processing /home/airflow/.local/lib/python3.12/site-packages/airflow/example_dags/example_skip_dag.py took 0.105 seconds
[2025-02-22T20:43:42.673+0000] {processor.py:186} INFO - Started process (PID=1297) to work on /home/airflow/.local/lib/python3.12/site-packages/airflow/example_dags/example_skip_dag.py
[2025-02-22T20:43:42.674+0000] {processor.py:914} INFO - Processing file /home/airflow/.local/lib/python3.12/site-packages/airflow/example_dags/example_skip_dag.py for tasks to queue
[2025-02-22T20:43:42.677+0000] {logging_mixin.py:190} INFO - [2025-02-22T20:43:42.677+0000] {dagbag.py:588} INFO - Filling up the DagBag from /home/airflow/.local/lib/python3.12/site-packages/airflow/example_dags/example_skip_dag.py
[2025-02-22T20:43:42.688+0000] {processor.py:925} INFO - DAG(s) 'example_skip_dag' retrieved from /home/airflow/.local/lib/python3.12/site-packages/airflow/example_dags/example_skip_dag.py
[2025-02-22T20:43:42.714+0000] {logging_mixin.py:190} INFO - [2025-02-22T20:43:42.713+0000] {dag.py:3239} INFO - Sync 1 DAGs
[2025-02-22T20:43:42.739+0000] {logging_mixin.py:190} INFO - [2025-02-22T20:43:42.739+0000] {dag.py:4180} INFO - Setting next_dagrun for example_skip_dag to 2025-02-21 00:00:00+00:00, run_after=2025-02-22 00:00:00+00:00
[2025-02-22T20:43:42.760+0000] {processor.py:208} INFO - Processing /home/airflow/.local/lib/python3.12/site-packages/airflow/example_dags/example_skip_dag.py took 0.096 seconds
[2025-02-22T20:44:13.705+0000] {processor.py:186} INFO - Started process (PID=1360) to work on /home/airflow/.local/lib/python3.12/site-packages/airflow/example_dags/example_skip_dag.py
[2025-02-22T20:44:13.707+0000] {processor.py:914} INFO - Processing file /home/airflow/.local/lib/python3.12/site-packages/airflow/example_dags/example_skip_dag.py for tasks to queue
[2025-02-22T20:44:13.710+0000] {logging_mixin.py:190} INFO - [2025-02-22T20:44:13.710+0000] {dagbag.py:588} INFO - Filling up the DagBag from /home/airflow/.local/lib/python3.12/site-packages/airflow/example_dags/example_skip_dag.py
[2025-02-22T20:44:13.719+0000] {processor.py:925} INFO - DAG(s) 'example_skip_dag' retrieved from /home/airflow/.local/lib/python3.12/site-packages/airflow/example_dags/example_skip_dag.py
[2025-02-22T20:44:13.746+0000] {logging_mixin.py:190} INFO - [2025-02-22T20:44:13.745+0000] {dag.py:3239} INFO - Sync 1 DAGs
[2025-02-22T20:44:13.773+0000] {logging_mixin.py:190} INFO - [2025-02-22T20:44:13.773+0000] {dag.py:4180} INFO - Setting next_dagrun for example_skip_dag to 2025-02-21 00:00:00+00:00, run_after=2025-02-22 00:00:00+00:00
[2025-02-22T20:44:13.795+0000] {processor.py:208} INFO - Processing /home/airflow/.local/lib/python3.12/site-packages/airflow/example_dags/example_skip_dag.py took 0.098 seconds
[2025-02-22T20:44:45.482+0000] {processor.py:186} INFO - Started process (PID=1425) to work on /home/airflow/.local/lib/python3.12/site-packages/airflow/example_dags/example_skip_dag.py
[2025-02-22T20:44:45.483+0000] {processor.py:914} INFO - Processing file /home/airflow/.local/lib/python3.12/site-packages/airflow/example_dags/example_skip_dag.py for tasks to queue
[2025-02-22T20:44:45.486+0000] {logging_mixin.py:190} INFO - [2025-02-22T20:44:45.486+0000] {dagbag.py:588} INFO - Filling up the DagBag from /home/airflow/.local/lib/python3.12/site-packages/airflow/example_dags/example_skip_dag.py
[2025-02-22T20:44:45.496+0000] {processor.py:925} INFO - DAG(s) 'example_skip_dag' retrieved from /home/airflow/.local/lib/python3.12/site-packages/airflow/example_dags/example_skip_dag.py
[2025-02-22T20:44:45.530+0000] {logging_mixin.py:190} INFO - [2025-02-22T20:44:45.530+0000] {dag.py:3239} INFO - Sync 1 DAGs
[2025-02-22T20:44:45.556+0000] {logging_mixin.py:190} INFO - [2025-02-22T20:44:45.555+0000] {dag.py:4180} INFO - Setting next_dagrun for example_skip_dag to 2025-02-21 00:00:00+00:00, run_after=2025-02-22 00:00:00+00:00
[2025-02-22T20:44:45.574+0000] {processor.py:208} INFO - Processing /home/airflow/.local/lib/python3.12/site-packages/airflow/example_dags/example_skip_dag.py took 0.099 seconds
[2025-02-22T20:45:16.821+0000] {processor.py:186} INFO - Started process (PID=1488) to work on /home/airflow/.local/lib/python3.12/site-packages/airflow/example_dags/example_skip_dag.py
[2025-02-22T20:45:16.823+0000] {processor.py:914} INFO - Processing file /home/airflow/.local/lib/python3.12/site-packages/airflow/example_dags/example_skip_dag.py for tasks to queue
[2025-02-22T20:45:16.827+0000] {logging_mixin.py:190} INFO - [2025-02-22T20:45:16.826+0000] {dagbag.py:588} INFO - Filling up the DagBag from /home/airflow/.local/lib/python3.12/site-packages/airflow/example_dags/example_skip_dag.py
[2025-02-22T20:45:16.840+0000] {processor.py:925} INFO - DAG(s) 'example_skip_dag' retrieved from /home/airflow/.local/lib/python3.12/site-packages/airflow/example_dags/example_skip_dag.py
[2025-02-22T20:45:16.880+0000] {logging_mixin.py:190} INFO - [2025-02-22T20:45:16.880+0000] {dag.py:3239} INFO - Sync 1 DAGs
[2025-02-22T20:45:16.922+0000] {logging_mixin.py:190} INFO - [2025-02-22T20:45:16.922+0000] {dag.py:4180} INFO - Setting next_dagrun for example_skip_dag to 2025-02-21 00:00:00+00:00, run_after=2025-02-22 00:00:00+00:00
[2025-02-22T20:45:16.957+0000] {processor.py:208} INFO - Processing /home/airflow/.local/lib/python3.12/site-packages/airflow/example_dags/example_skip_dag.py took 0.149 seconds
[2025-02-22T20:45:48.027+0000] {processor.py:186} INFO - Started process (PID=1551) to work on /home/airflow/.local/lib/python3.12/site-packages/airflow/example_dags/example_skip_dag.py
[2025-02-22T20:45:48.029+0000] {processor.py:914} INFO - Processing file /home/airflow/.local/lib/python3.12/site-packages/airflow/example_dags/example_skip_dag.py for tasks to queue
[2025-02-22T20:45:48.033+0000] {logging_mixin.py:190} INFO - [2025-02-22T20:45:48.032+0000] {dagbag.py:588} INFO - Filling up the DagBag from /home/airflow/.local/lib/python3.12/site-packages/airflow/example_dags/example_skip_dag.py
[2025-02-22T20:45:48.044+0000] {processor.py:925} INFO - DAG(s) 'example_skip_dag' retrieved from /home/airflow/.local/lib/python3.12/site-packages/airflow/example_dags/example_skip_dag.py
[2025-02-22T20:45:48.076+0000] {logging_mixin.py:190} INFO - [2025-02-22T20:45:48.076+0000] {dag.py:3239} INFO - Sync 1 DAGs
[2025-02-22T20:45:48.110+0000] {logging_mixin.py:190} INFO - [2025-02-22T20:45:48.110+0000] {dag.py:4180} INFO - Setting next_dagrun for example_skip_dag to 2025-02-21 00:00:00+00:00, run_after=2025-02-22 00:00:00+00:00
[2025-02-22T20:45:48.134+0000] {processor.py:208} INFO - Processing /home/airflow/.local/lib/python3.12/site-packages/airflow/example_dags/example_skip_dag.py took 0.115 seconds
[2025-02-22T20:46:18.684+0000] {processor.py:186} INFO - Started process (PID=1614) to work on /home/airflow/.local/lib/python3.12/site-packages/airflow/example_dags/example_skip_dag.py
[2025-02-22T20:46:18.685+0000] {processor.py:914} INFO - Processing file /home/airflow/.local/lib/python3.12/site-packages/airflow/example_dags/example_skip_dag.py for tasks to queue
[2025-02-22T20:46:18.688+0000] {logging_mixin.py:190} INFO - [2025-02-22T20:46:18.688+0000] {dagbag.py:588} INFO - Filling up the DagBag from /home/airflow/.local/lib/python3.12/site-packages/airflow/example_dags/example_skip_dag.py
[2025-02-22T20:46:18.698+0000] {processor.py:925} INFO - DAG(s) 'example_skip_dag' retrieved from /home/airflow/.local/lib/python3.12/site-packages/airflow/example_dags/example_skip_dag.py
[2025-02-22T20:46:18.724+0000] {logging_mixin.py:190} INFO - [2025-02-22T20:46:18.724+0000] {dag.py:3239} INFO - Sync 1 DAGs
[2025-02-22T20:46:18.757+0000] {logging_mixin.py:190} INFO - [2025-02-22T20:46:18.756+0000] {dag.py:4180} INFO - Setting next_dagrun for example_skip_dag to 2025-02-21 00:00:00+00:00, run_after=2025-02-22 00:00:00+00:00
[2025-02-22T20:46:18.785+0000] {processor.py:208} INFO - Processing /home/airflow/.local/lib/python3.12/site-packages/airflow/example_dags/example_skip_dag.py took 0.108 seconds
[2025-02-22T20:46:50.340+0000] {processor.py:186} INFO - Started process (PID=1677) to work on /home/airflow/.local/lib/python3.12/site-packages/airflow/example_dags/example_skip_dag.py
[2025-02-22T20:46:50.342+0000] {processor.py:914} INFO - Processing file /home/airflow/.local/lib/python3.12/site-packages/airflow/example_dags/example_skip_dag.py for tasks to queue
[2025-02-22T20:46:50.345+0000] {logging_mixin.py:190} INFO - [2025-02-22T20:46:50.344+0000] {dagbag.py:588} INFO - Filling up the DagBag from /home/airflow/.local/lib/python3.12/site-packages/airflow/example_dags/example_skip_dag.py
[2025-02-22T20:46:50.354+0000] {processor.py:925} INFO - DAG(s) 'example_skip_dag' retrieved from /home/airflow/.local/lib/python3.12/site-packages/airflow/example_dags/example_skip_dag.py
[2025-02-22T20:46:50.381+0000] {logging_mixin.py:190} INFO - [2025-02-22T20:46:50.381+0000] {dag.py:3239} INFO - Sync 1 DAGs
[2025-02-22T20:46:50.409+0000] {logging_mixin.py:190} INFO - [2025-02-22T20:46:50.408+0000] {dag.py:4180} INFO - Setting next_dagrun for example_skip_dag to 2025-02-21 00:00:00+00:00, run_after=2025-02-22 00:00:00+00:00
[2025-02-22T20:46:50.434+0000] {processor.py:208} INFO - Processing /home/airflow/.local/lib/python3.12/site-packages/airflow/example_dags/example_skip_dag.py took 0.100 seconds
[2025-02-22T20:47:21.168+0000] {processor.py:186} INFO - Started process (PID=1740) to work on /home/airflow/.local/lib/python3.12/site-packages/airflow/example_dags/example_skip_dag.py
[2025-02-22T20:47:21.170+0000] {processor.py:914} INFO - Processing file /home/airflow/.local/lib/python3.12/site-packages/airflow/example_dags/example_skip_dag.py for tasks to queue
[2025-02-22T20:47:21.173+0000] {logging_mixin.py:190} INFO - [2025-02-22T20:47:21.172+0000] {dagbag.py:588} INFO - Filling up the DagBag from /home/airflow/.local/lib/python3.12/site-packages/airflow/example_dags/example_skip_dag.py
[2025-02-22T20:47:21.183+0000] {processor.py:925} INFO - DAG(s) 'example_skip_dag' retrieved from /home/airflow/.local/lib/python3.12/site-packages/airflow/example_dags/example_skip_dag.py
[2025-02-22T20:47:21.208+0000] {logging_mixin.py:190} INFO - [2025-02-22T20:47:21.208+0000] {dag.py:3239} INFO - Sync 1 DAGs
[2025-02-22T20:47:21.236+0000] {logging_mixin.py:190} INFO - [2025-02-22T20:47:21.236+0000] {dag.py:4180} INFO - Setting next_dagrun for example_skip_dag to 2025-02-21 00:00:00+00:00, run_after=2025-02-22 00:00:00+00:00
[2025-02-22T20:47:21.257+0000] {processor.py:208} INFO - Processing /home/airflow/.local/lib/python3.12/site-packages/airflow/example_dags/example_skip_dag.py took 0.098 seconds
[2025-02-22T20:47:52.288+0000] {processor.py:186} INFO - Started process (PID=1803) to work on /home/airflow/.local/lib/python3.12/site-packages/airflow/example_dags/example_skip_dag.py
[2025-02-22T20:47:52.289+0000] {processor.py:914} INFO - Processing file /home/airflow/.local/lib/python3.12/site-packages/airflow/example_dags/example_skip_dag.py for tasks to queue
[2025-02-22T20:47:52.293+0000] {logging_mixin.py:190} INFO - [2025-02-22T20:47:52.292+0000] {dagbag.py:588} INFO - Filling up the DagBag from /home/airflow/.local/lib/python3.12/site-packages/airflow/example_dags/example_skip_dag.py
[2025-02-22T20:47:52.306+0000] {processor.py:925} INFO - DAG(s) 'example_skip_dag' retrieved from /home/airflow/.local/lib/python3.12/site-packages/airflow/example_dags/example_skip_dag.py
[2025-02-22T20:47:52.333+0000] {logging_mixin.py:190} INFO - [2025-02-22T20:47:52.333+0000] {dag.py:3239} INFO - Sync 1 DAGs
[2025-02-22T20:47:52.360+0000] {logging_mixin.py:190} INFO - [2025-02-22T20:47:52.360+0000] {dag.py:4180} INFO - Setting next_dagrun for example_skip_dag to 2025-02-21 00:00:00+00:00, run_after=2025-02-22 00:00:00+00:00
[2025-02-22T20:47:52.385+0000] {processor.py:208} INFO - Processing /home/airflow/.local/lib/python3.12/site-packages/airflow/example_dags/example_skip_dag.py took 0.106 seconds
[2025-02-22T20:48:23.705+0000] {processor.py:186} INFO - Started process (PID=1867) to work on /home/airflow/.local/lib/python3.12/site-packages/airflow/example_dags/example_skip_dag.py
[2025-02-22T20:48:23.707+0000] {processor.py:914} INFO - Processing file /home/airflow/.local/lib/python3.12/site-packages/airflow/example_dags/example_skip_dag.py for tasks to queue
[2025-02-22T20:48:23.712+0000] {logging_mixin.py:190} INFO - [2025-02-22T20:48:23.711+0000] {dagbag.py:588} INFO - Filling up the DagBag from /home/airflow/.local/lib/python3.12/site-packages/airflow/example_dags/example_skip_dag.py
[2025-02-22T20:48:23.727+0000] {processor.py:925} INFO - DAG(s) 'example_skip_dag' retrieved from /home/airflow/.local/lib/python3.12/site-packages/airflow/example_dags/example_skip_dag.py
[2025-02-22T20:48:23.759+0000] {logging_mixin.py:190} INFO - [2025-02-22T20:48:23.758+0000] {dag.py:3239} INFO - Sync 1 DAGs
[2025-02-22T20:48:23.788+0000] {logging_mixin.py:190} INFO - [2025-02-22T20:48:23.788+0000] {dag.py:4180} INFO - Setting next_dagrun for example_skip_dag to 2025-02-21 00:00:00+00:00, run_after=2025-02-22 00:00:00+00:00
[2025-02-22T20:48:23.814+0000] {processor.py:208} INFO - Processing /home/airflow/.local/lib/python3.12/site-packages/airflow/example_dags/example_skip_dag.py took 0.123 seconds
[2025-02-22T20:48:55.365+0000] {processor.py:186} INFO - Started process (PID=1931) to work on /home/airflow/.local/lib/python3.12/site-packages/airflow/example_dags/example_skip_dag.py
[2025-02-22T20:48:55.367+0000] {processor.py:914} INFO - Processing file /home/airflow/.local/lib/python3.12/site-packages/airflow/example_dags/example_skip_dag.py for tasks to queue
[2025-02-22T20:48:55.369+0000] {logging_mixin.py:190} INFO - [2025-02-22T20:48:55.369+0000] {dagbag.py:588} INFO - Filling up the DagBag from /home/airflow/.local/lib/python3.12/site-packages/airflow/example_dags/example_skip_dag.py
[2025-02-22T20:48:55.378+0000] {processor.py:925} INFO - DAG(s) 'example_skip_dag' retrieved from /home/airflow/.local/lib/python3.12/site-packages/airflow/example_dags/example_skip_dag.py
[2025-02-22T20:48:55.404+0000] {logging_mixin.py:190} INFO - [2025-02-22T20:48:55.404+0000] {dag.py:3239} INFO - Sync 1 DAGs
[2025-02-22T20:48:55.431+0000] {logging_mixin.py:190} INFO - [2025-02-22T20:48:55.430+0000] {dag.py:4180} INFO - Setting next_dagrun for example_skip_dag to 2025-02-21 00:00:00+00:00, run_after=2025-02-22 00:00:00+00:00
[2025-02-22T20:48:55.454+0000] {processor.py:208} INFO - Processing /home/airflow/.local/lib/python3.12/site-packages/airflow/example_dags/example_skip_dag.py took 0.095 seconds
