[2025-02-22T20:33:44.467+0000] {processor.py:186} INFO - Started process (PID=85) to work on /home/airflow/.local/lib/python3.12/site-packages/airflow/example_dags/example_branch_labels.py
[2025-02-22T20:33:44.470+0000] {processor.py:914} INFO - Processing file /home/airflow/.local/lib/python3.12/site-packages/airflow/example_dags/example_branch_labels.py for tasks to queue
[2025-02-22T20:33:44.475+0000] {logging_mixin.py:190} INFO - [2025-02-22T20:33:44.474+0000] {dagbag.py:588} INFO - Filling up the DagBag from /home/airflow/.local/lib/python3.12/site-packages/airflow/example_dags/example_branch_labels.py
[2025-02-22T20:33:44.499+0000] {processor.py:925} INFO - DAG(s) 'example_branch_labels' retrieved from /home/airflow/.local/lib/python3.12/site-packages/airflow/example_dags/example_branch_labels.py
[2025-02-22T20:33:44.812+0000] {logging_mixin.py:190} INFO - [2025-02-22T20:33:44.811+0000] {override.py:1912} INFO - Created Permission View: can edit on DAG:example_branch_labels
[2025-02-22T20:33:44.831+0000] {logging_mixin.py:190} INFO - [2025-02-22T20:33:44.831+0000] {override.py:1912} INFO - Created Permission View: can read on DAG:example_branch_labels
[2025-02-22T20:33:44.846+0000] {logging_mixin.py:190} INFO - [2025-02-22T20:33:44.845+0000] {override.py:1912} INFO - Created Permission View: can delete on DAG:example_branch_labels
[2025-02-22T20:33:44.863+0000] {logging_mixin.py:190} INFO - [2025-02-22T20:33:44.862+0000] {override.py:1912} INFO - Created Permission View: can read on DAG Run:example_branch_labels
[2025-02-22T20:33:44.880+0000] {logging_mixin.py:190} INFO - [2025-02-22T20:33:44.879+0000] {override.py:1912} INFO - Created Permission View: menu access on DAG Run:example_branch_labels
[2025-02-22T20:33:44.895+0000] {logging_mixin.py:190} INFO - [2025-02-22T20:33:44.894+0000] {override.py:1912} INFO - Created Permission View: can create on DAG Run:example_branch_labels
[2025-02-22T20:33:44.911+0000] {logging_mixin.py:190} INFO - [2025-02-22T20:33:44.910+0000] {override.py:1912} INFO - Created Permission View: can delete on DAG Run:example_branch_labels
[2025-02-22T20:33:44.912+0000] {logging_mixin.py:190} INFO - [2025-02-22T20:33:44.912+0000] {dag.py:3239} INFO - Sync 1 DAGs
[2025-02-22T20:33:44.947+0000] {logging_mixin.py:190} INFO - [2025-02-22T20:33:44.947+0000] {dag.py:3262} INFO - Creating ORM DAG for example_branch_labels
[2025-02-22T20:33:44.976+0000] {logging_mixin.py:190} INFO - [2025-02-22T20:33:44.976+0000] {dag.py:4180} INFO - Setting next_dagrun for example_branch_labels to 2025-02-21 00:00:00+00:00, run_after=2025-02-22 00:00:00+00:00
[2025-02-22T20:33:45.007+0000] {processor.py:208} INFO - Processing /home/airflow/.local/lib/python3.12/site-packages/airflow/example_dags/example_branch_labels.py took 0.550 seconds
[2025-02-22T20:34:15.227+0000] {processor.py:186} INFO - Started process (PID=147) to work on /home/airflow/.local/lib/python3.12/site-packages/airflow/example_dags/example_branch_labels.py
[2025-02-22T20:34:15.229+0000] {processor.py:914} INFO - Processing file /home/airflow/.local/lib/python3.12/site-packages/airflow/example_dags/example_branch_labels.py for tasks to queue
[2025-02-22T20:34:15.234+0000] {logging_mixin.py:190} INFO - [2025-02-22T20:34:15.233+0000] {dagbag.py:588} INFO - Filling up the DagBag from /home/airflow/.local/lib/python3.12/site-packages/airflow/example_dags/example_branch_labels.py
[2025-02-22T20:34:15.247+0000] {processor.py:925} INFO - DAG(s) 'example_branch_labels' retrieved from /home/airflow/.local/lib/python3.12/site-packages/airflow/example_dags/example_branch_labels.py
[2025-02-22T20:34:15.275+0000] {logging_mixin.py:190} INFO - [2025-02-22T20:34:15.275+0000] {dag.py:3239} INFO - Sync 1 DAGs
[2025-02-22T20:34:15.315+0000] {logging_mixin.py:190} INFO - [2025-02-22T20:34:15.315+0000] {dag.py:4180} INFO - Setting next_dagrun for example_branch_labels to 2025-02-21 00:00:00+00:00, run_after=2025-02-22 00:00:00+00:00
[2025-02-22T20:34:15.344+0000] {processor.py:208} INFO - Processing /home/airflow/.local/lib/python3.12/site-packages/airflow/example_dags/example_branch_labels.py took 0.128 seconds
[2025-02-22T20:34:46.803+0000] {processor.py:186} INFO - Started process (PID=210) to work on /home/airflow/.local/lib/python3.12/site-packages/airflow/example_dags/example_branch_labels.py
[2025-02-22T20:34:46.804+0000] {processor.py:914} INFO - Processing file /home/airflow/.local/lib/python3.12/site-packages/airflow/example_dags/example_branch_labels.py for tasks to queue
[2025-02-22T20:34:46.808+0000] {logging_mixin.py:190} INFO - [2025-02-22T20:34:46.807+0000] {dagbag.py:588} INFO - Filling up the DagBag from /home/airflow/.local/lib/python3.12/site-packages/airflow/example_dags/example_branch_labels.py
[2025-02-22T20:34:46.823+0000] {processor.py:925} INFO - DAG(s) 'example_branch_labels' retrieved from /home/airflow/.local/lib/python3.12/site-packages/airflow/example_dags/example_branch_labels.py
[2025-02-22T20:34:46.853+0000] {logging_mixin.py:190} INFO - [2025-02-22T20:34:46.853+0000] {dag.py:3239} INFO - Sync 1 DAGs
[2025-02-22T20:34:46.888+0000] {logging_mixin.py:190} INFO - [2025-02-22T20:34:46.887+0000] {dag.py:4180} INFO - Setting next_dagrun for example_branch_labels to 2025-02-21 00:00:00+00:00, run_after=2025-02-22 00:00:00+00:00
[2025-02-22T20:34:46.916+0000] {processor.py:208} INFO - Processing /home/airflow/.local/lib/python3.12/site-packages/airflow/example_dags/example_branch_labels.py took 0.123 seconds
[2025-02-22T20:35:18.472+0000] {processor.py:186} INFO - Started process (PID=273) to work on /home/airflow/.local/lib/python3.12/site-packages/airflow/example_dags/example_branch_labels.py
[2025-02-22T20:35:18.474+0000] {processor.py:914} INFO - Processing file /home/airflow/.local/lib/python3.12/site-packages/airflow/example_dags/example_branch_labels.py for tasks to queue
[2025-02-22T20:35:18.478+0000] {logging_mixin.py:190} INFO - [2025-02-22T20:35:18.477+0000] {dagbag.py:588} INFO - Filling up the DagBag from /home/airflow/.local/lib/python3.12/site-packages/airflow/example_dags/example_branch_labels.py
[2025-02-22T20:35:18.495+0000] {processor.py:925} INFO - DAG(s) 'example_branch_labels' retrieved from /home/airflow/.local/lib/python3.12/site-packages/airflow/example_dags/example_branch_labels.py
[2025-02-22T20:35:18.534+0000] {logging_mixin.py:190} INFO - [2025-02-22T20:35:18.533+0000] {dag.py:3239} INFO - Sync 1 DAGs
[2025-02-22T20:35:18.592+0000] {logging_mixin.py:190} INFO - [2025-02-22T20:35:18.591+0000] {dag.py:4180} INFO - Setting next_dagrun for example_branch_labels to 2025-02-21 00:00:00+00:00, run_after=2025-02-22 00:00:00+00:00
[2025-02-22T20:35:18.620+0000] {processor.py:208} INFO - Processing /home/airflow/.local/lib/python3.12/site-packages/airflow/example_dags/example_branch_labels.py took 0.159 seconds
[2025-02-22T20:35:49.532+0000] {processor.py:186} INFO - Started process (PID=336) to work on /home/airflow/.local/lib/python3.12/site-packages/airflow/example_dags/example_branch_labels.py
[2025-02-22T20:35:49.533+0000] {processor.py:914} INFO - Processing file /home/airflow/.local/lib/python3.12/site-packages/airflow/example_dags/example_branch_labels.py for tasks to queue
[2025-02-22T20:35:49.538+0000] {logging_mixin.py:190} INFO - [2025-02-22T20:35:49.537+0000] {dagbag.py:588} INFO - Filling up the DagBag from /home/airflow/.local/lib/python3.12/site-packages/airflow/example_dags/example_branch_labels.py
[2025-02-22T20:35:49.556+0000] {processor.py:925} INFO - DAG(s) 'example_branch_labels' retrieved from /home/airflow/.local/lib/python3.12/site-packages/airflow/example_dags/example_branch_labels.py
[2025-02-22T20:35:49.594+0000] {logging_mixin.py:190} INFO - [2025-02-22T20:35:49.594+0000] {dag.py:3239} INFO - Sync 1 DAGs
[2025-02-22T20:35:49.636+0000] {logging_mixin.py:190} INFO - [2025-02-22T20:35:49.636+0000] {dag.py:4180} INFO - Setting next_dagrun for example_branch_labels to 2025-02-21 00:00:00+00:00, run_after=2025-02-22 00:00:00+00:00
[2025-02-22T20:35:49.667+0000] {processor.py:208} INFO - Processing /home/airflow/.local/lib/python3.12/site-packages/airflow/example_dags/example_branch_labels.py took 0.144 seconds
[2025-02-22T20:36:20.588+0000] {processor.py:186} INFO - Started process (PID=400) to work on /home/airflow/.local/lib/python3.12/site-packages/airflow/example_dags/example_branch_labels.py
[2025-02-22T20:36:20.589+0000] {processor.py:914} INFO - Processing file /home/airflow/.local/lib/python3.12/site-packages/airflow/example_dags/example_branch_labels.py for tasks to queue
[2025-02-22T20:36:20.592+0000] {logging_mixin.py:190} INFO - [2025-02-22T20:36:20.592+0000] {dagbag.py:588} INFO - Filling up the DagBag from /home/airflow/.local/lib/python3.12/site-packages/airflow/example_dags/example_branch_labels.py
[2025-02-22T20:36:20.603+0000] {processor.py:925} INFO - DAG(s) 'example_branch_labels' retrieved from /home/airflow/.local/lib/python3.12/site-packages/airflow/example_dags/example_branch_labels.py
[2025-02-22T20:36:20.626+0000] {logging_mixin.py:190} INFO - [2025-02-22T20:36:20.626+0000] {dag.py:3239} INFO - Sync 1 DAGs
[2025-02-22T20:36:20.653+0000] {logging_mixin.py:190} INFO - [2025-02-22T20:36:20.652+0000] {dag.py:4180} INFO - Setting next_dagrun for example_branch_labels to 2025-02-21 00:00:00+00:00, run_after=2025-02-22 00:00:00+00:00
[2025-02-22T20:36:20.674+0000] {processor.py:208} INFO - Processing /home/airflow/.local/lib/python3.12/site-packages/airflow/example_dags/example_branch_labels.py took 0.093 seconds
[2025-02-22T20:36:51.854+0000] {processor.py:186} INFO - Started process (PID=463) to work on /home/airflow/.local/lib/python3.12/site-packages/airflow/example_dags/example_branch_labels.py
[2025-02-22T20:36:51.856+0000] {processor.py:914} INFO - Processing file /home/airflow/.local/lib/python3.12/site-packages/airflow/example_dags/example_branch_labels.py for tasks to queue
[2025-02-22T20:36:51.859+0000] {logging_mixin.py:190} INFO - [2025-02-22T20:36:51.858+0000] {dagbag.py:588} INFO - Filling up the DagBag from /home/airflow/.local/lib/python3.12/site-packages/airflow/example_dags/example_branch_labels.py
[2025-02-22T20:36:51.870+0000] {processor.py:925} INFO - DAG(s) 'example_branch_labels' retrieved from /home/airflow/.local/lib/python3.12/site-packages/airflow/example_dags/example_branch_labels.py
[2025-02-22T20:36:51.894+0000] {logging_mixin.py:190} INFO - [2025-02-22T20:36:51.894+0000] {dag.py:3239} INFO - Sync 1 DAGs
[2025-02-22T20:36:51.922+0000] {logging_mixin.py:190} INFO - [2025-02-22T20:36:51.921+0000] {dag.py:4180} INFO - Setting next_dagrun for example_branch_labels to 2025-02-21 00:00:00+00:00, run_after=2025-02-22 00:00:00+00:00
[2025-02-22T20:36:51.944+0000] {processor.py:208} INFO - Processing /home/airflow/.local/lib/python3.12/site-packages/airflow/example_dags/example_branch_labels.py took 0.097 seconds
[2025-02-22T20:37:22.725+0000] {processor.py:186} INFO - Started process (PID=526) to work on /home/airflow/.local/lib/python3.12/site-packages/airflow/example_dags/example_branch_labels.py
[2025-02-22T20:37:22.727+0000] {processor.py:914} INFO - Processing file /home/airflow/.local/lib/python3.12/site-packages/airflow/example_dags/example_branch_labels.py for tasks to queue
[2025-02-22T20:37:22.730+0000] {logging_mixin.py:190} INFO - [2025-02-22T20:37:22.729+0000] {dagbag.py:588} INFO - Filling up the DagBag from /home/airflow/.local/lib/python3.12/site-packages/airflow/example_dags/example_branch_labels.py
[2025-02-22T20:37:22.741+0000] {processor.py:925} INFO - DAG(s) 'example_branch_labels' retrieved from /home/airflow/.local/lib/python3.12/site-packages/airflow/example_dags/example_branch_labels.py
[2025-02-22T20:37:22.765+0000] {logging_mixin.py:190} INFO - [2025-02-22T20:37:22.764+0000] {dag.py:3239} INFO - Sync 1 DAGs
[2025-02-22T20:37:22.792+0000] {logging_mixin.py:190} INFO - [2025-02-22T20:37:22.791+0000] {dag.py:4180} INFO - Setting next_dagrun for example_branch_labels to 2025-02-21 00:00:00+00:00, run_after=2025-02-22 00:00:00+00:00
[2025-02-22T20:37:22.815+0000] {processor.py:208} INFO - Processing /home/airflow/.local/lib/python3.12/site-packages/airflow/example_dags/example_branch_labels.py took 0.097 seconds
[2025-02-22T20:37:53.351+0000] {processor.py:186} INFO - Started process (PID=588) to work on /home/airflow/.local/lib/python3.12/site-packages/airflow/example_dags/example_branch_labels.py
[2025-02-22T20:37:53.352+0000] {processor.py:914} INFO - Processing file /home/airflow/.local/lib/python3.12/site-packages/airflow/example_dags/example_branch_labels.py for tasks to queue
[2025-02-22T20:37:53.355+0000] {logging_mixin.py:190} INFO - [2025-02-22T20:37:53.355+0000] {dagbag.py:588} INFO - Filling up the DagBag from /home/airflow/.local/lib/python3.12/site-packages/airflow/example_dags/example_branch_labels.py
[2025-02-22T20:37:53.367+0000] {processor.py:925} INFO - DAG(s) 'example_branch_labels' retrieved from /home/airflow/.local/lib/python3.12/site-packages/airflow/example_dags/example_branch_labels.py
[2025-02-22T20:37:53.388+0000] {logging_mixin.py:190} INFO - [2025-02-22T20:37:53.388+0000] {dag.py:3239} INFO - Sync 1 DAGs
[2025-02-22T20:37:53.414+0000] {logging_mixin.py:190} INFO - [2025-02-22T20:37:53.414+0000] {dag.py:4180} INFO - Setting next_dagrun for example_branch_labels to 2025-02-21 00:00:00+00:00, run_after=2025-02-22 00:00:00+00:00
[2025-02-22T20:37:53.437+0000] {processor.py:208} INFO - Processing /home/airflow/.local/lib/python3.12/site-packages/airflow/example_dags/example_branch_labels.py took 0.096 seconds
[2025-02-22T20:38:23.656+0000] {processor.py:186} INFO - Started process (PID=650) to work on /home/airflow/.local/lib/python3.12/site-packages/airflow/example_dags/example_branch_labels.py
[2025-02-22T20:38:23.657+0000] {processor.py:914} INFO - Processing file /home/airflow/.local/lib/python3.12/site-packages/airflow/example_dags/example_branch_labels.py for tasks to queue
[2025-02-22T20:38:23.661+0000] {logging_mixin.py:190} INFO - [2025-02-22T20:38:23.661+0000] {dagbag.py:588} INFO - Filling up the DagBag from /home/airflow/.local/lib/python3.12/site-packages/airflow/example_dags/example_branch_labels.py
[2025-02-22T20:38:23.673+0000] {processor.py:925} INFO - DAG(s) 'example_branch_labels' retrieved from /home/airflow/.local/lib/python3.12/site-packages/airflow/example_dags/example_branch_labels.py
[2025-02-22T20:38:23.706+0000] {logging_mixin.py:190} INFO - [2025-02-22T20:38:23.706+0000] {dag.py:3239} INFO - Sync 1 DAGs
[2025-02-22T20:38:23.740+0000] {logging_mixin.py:190} INFO - [2025-02-22T20:38:23.740+0000] {dag.py:4180} INFO - Setting next_dagrun for example_branch_labels to 2025-02-21 00:00:00+00:00, run_after=2025-02-22 00:00:00+00:00
[2025-02-22T20:38:23.767+0000] {processor.py:208} INFO - Processing /home/airflow/.local/lib/python3.12/site-packages/airflow/example_dags/example_branch_labels.py took 0.119 seconds
[2025-02-22T20:38:54.385+0000] {processor.py:186} INFO - Started process (PID=713) to work on /home/airflow/.local/lib/python3.12/site-packages/airflow/example_dags/example_branch_labels.py
[2025-02-22T20:38:54.387+0000] {processor.py:914} INFO - Processing file /home/airflow/.local/lib/python3.12/site-packages/airflow/example_dags/example_branch_labels.py for tasks to queue
[2025-02-22T20:38:54.393+0000] {logging_mixin.py:190} INFO - [2025-02-22T20:38:54.392+0000] {dagbag.py:588} INFO - Filling up the DagBag from /home/airflow/.local/lib/python3.12/site-packages/airflow/example_dags/example_branch_labels.py
[2025-02-22T20:38:54.411+0000] {processor.py:925} INFO - DAG(s) 'example_branch_labels' retrieved from /home/airflow/.local/lib/python3.12/site-packages/airflow/example_dags/example_branch_labels.py
[2025-02-22T20:38:54.450+0000] {logging_mixin.py:190} INFO - [2025-02-22T20:38:54.449+0000] {dag.py:3239} INFO - Sync 1 DAGs
[2025-02-22T20:38:54.502+0000] {logging_mixin.py:190} INFO - [2025-02-22T20:38:54.501+0000] {dag.py:4180} INFO - Setting next_dagrun for example_branch_labels to 2025-02-21 00:00:00+00:00, run_after=2025-02-22 00:00:00+00:00
[2025-02-22T20:38:54.537+0000] {processor.py:208} INFO - Processing /home/airflow/.local/lib/python3.12/site-packages/airflow/example_dags/example_branch_labels.py took 0.164 seconds
[2025-02-22T20:39:25.043+0000] {processor.py:186} INFO - Started process (PID=776) to work on /home/airflow/.local/lib/python3.12/site-packages/airflow/example_dags/example_branch_labels.py
[2025-02-22T20:39:25.044+0000] {processor.py:914} INFO - Processing file /home/airflow/.local/lib/python3.12/site-packages/airflow/example_dags/example_branch_labels.py for tasks to queue
[2025-02-22T20:39:25.047+0000] {logging_mixin.py:190} INFO - [2025-02-22T20:39:25.047+0000] {dagbag.py:588} INFO - Filling up the DagBag from /home/airflow/.local/lib/python3.12/site-packages/airflow/example_dags/example_branch_labels.py
[2025-02-22T20:39:25.058+0000] {processor.py:925} INFO - DAG(s) 'example_branch_labels' retrieved from /home/airflow/.local/lib/python3.12/site-packages/airflow/example_dags/example_branch_labels.py
[2025-02-22T20:39:25.081+0000] {logging_mixin.py:190} INFO - [2025-02-22T20:39:25.081+0000] {dag.py:3239} INFO - Sync 1 DAGs
[2025-02-22T20:39:25.108+0000] {logging_mixin.py:190} INFO - [2025-02-22T20:39:25.108+0000] {dag.py:4180} INFO - Setting next_dagrun for example_branch_labels to 2025-02-21 00:00:00+00:00, run_after=2025-02-22 00:00:00+00:00
[2025-02-22T20:39:25.130+0000] {processor.py:208} INFO - Processing /home/airflow/.local/lib/python3.12/site-packages/airflow/example_dags/example_branch_labels.py took 0.093 seconds
[2025-02-22T20:39:55.296+0000] {processor.py:186} INFO - Started process (PID=839) to work on /home/airflow/.local/lib/python3.12/site-packages/airflow/example_dags/example_branch_labels.py
[2025-02-22T20:39:55.298+0000] {processor.py:914} INFO - Processing file /home/airflow/.local/lib/python3.12/site-packages/airflow/example_dags/example_branch_labels.py for tasks to queue
[2025-02-22T20:39:55.300+0000] {logging_mixin.py:190} INFO - [2025-02-22T20:39:55.300+0000] {dagbag.py:588} INFO - Filling up the DagBag from /home/airflow/.local/lib/python3.12/site-packages/airflow/example_dags/example_branch_labels.py
[2025-02-22T20:39:55.316+0000] {processor.py:925} INFO - DAG(s) 'example_branch_labels' retrieved from /home/airflow/.local/lib/python3.12/site-packages/airflow/example_dags/example_branch_labels.py
[2025-02-22T20:39:55.342+0000] {logging_mixin.py:190} INFO - [2025-02-22T20:39:55.341+0000] {dag.py:3239} INFO - Sync 1 DAGs
[2025-02-22T20:39:55.370+0000] {logging_mixin.py:190} INFO - [2025-02-22T20:39:55.370+0000] {dag.py:4180} INFO - Setting next_dagrun for example_branch_labels to 2025-02-21 00:00:00+00:00, run_after=2025-02-22 00:00:00+00:00
[2025-02-22T20:39:55.391+0000] {processor.py:208} INFO - Processing /home/airflow/.local/lib/python3.12/site-packages/airflow/example_dags/example_branch_labels.py took 0.102 seconds
[2025-02-22T20:40:26.001+0000] {processor.py:186} INFO - Started process (PID=902) to work on /home/airflow/.local/lib/python3.12/site-packages/airflow/example_dags/example_branch_labels.py
[2025-02-22T20:40:26.002+0000] {processor.py:914} INFO - Processing file /home/airflow/.local/lib/python3.12/site-packages/airflow/example_dags/example_branch_labels.py for tasks to queue
[2025-02-22T20:40:26.007+0000] {logging_mixin.py:190} INFO - [2025-02-22T20:40:26.006+0000] {dagbag.py:588} INFO - Filling up the DagBag from /home/airflow/.local/lib/python3.12/site-packages/airflow/example_dags/example_branch_labels.py
[2025-02-22T20:40:26.029+0000] {processor.py:925} INFO - DAG(s) 'example_branch_labels' retrieved from /home/airflow/.local/lib/python3.12/site-packages/airflow/example_dags/example_branch_labels.py
[2025-02-22T20:40:26.062+0000] {logging_mixin.py:190} INFO - [2025-02-22T20:40:26.062+0000] {dag.py:3239} INFO - Sync 1 DAGs
[2025-02-22T20:40:26.331+0000] {logging_mixin.py:190} INFO - [2025-02-22T20:40:26.330+0000] {dag.py:4180} INFO - Setting next_dagrun for example_branch_labels to 2025-02-21 00:00:00+00:00, run_after=2025-02-22 00:00:00+00:00
[2025-02-22T20:40:26.400+0000] {processor.py:208} INFO - Processing /home/airflow/.local/lib/python3.12/site-packages/airflow/example_dags/example_branch_labels.py took 0.411 seconds
[2025-02-22T20:40:56.539+0000] {processor.py:186} INFO - Started process (PID=965) to work on /home/airflow/.local/lib/python3.12/site-packages/airflow/example_dags/example_branch_labels.py
[2025-02-22T20:40:56.540+0000] {processor.py:914} INFO - Processing file /home/airflow/.local/lib/python3.12/site-packages/airflow/example_dags/example_branch_labels.py for tasks to queue
[2025-02-22T20:40:56.543+0000] {logging_mixin.py:190} INFO - [2025-02-22T20:40:56.543+0000] {dagbag.py:588} INFO - Filling up the DagBag from /home/airflow/.local/lib/python3.12/site-packages/airflow/example_dags/example_branch_labels.py
[2025-02-22T20:40:56.558+0000] {processor.py:925} INFO - DAG(s) 'example_branch_labels' retrieved from /home/airflow/.local/lib/python3.12/site-packages/airflow/example_dags/example_branch_labels.py
[2025-02-22T20:40:56.587+0000] {logging_mixin.py:190} INFO - [2025-02-22T20:40:56.586+0000] {dag.py:3239} INFO - Sync 1 DAGs
[2025-02-22T20:40:56.630+0000] {logging_mixin.py:190} INFO - [2025-02-22T20:40:56.630+0000] {dag.py:4180} INFO - Setting next_dagrun for example_branch_labels to 2025-02-21 00:00:00+00:00, run_after=2025-02-22 00:00:00+00:00
[2025-02-22T20:40:56.659+0000] {processor.py:208} INFO - Processing /home/airflow/.local/lib/python3.12/site-packages/airflow/example_dags/example_branch_labels.py took 0.127 seconds
[2025-02-22T20:41:27.221+0000] {processor.py:186} INFO - Started process (PID=1034) to work on /home/airflow/.local/lib/python3.12/site-packages/airflow/example_dags/example_branch_labels.py
[2025-02-22T20:41:27.222+0000] {processor.py:914} INFO - Processing file /home/airflow/.local/lib/python3.12/site-packages/airflow/example_dags/example_branch_labels.py for tasks to queue
[2025-02-22T20:41:27.225+0000] {logging_mixin.py:190} INFO - [2025-02-22T20:41:27.225+0000] {dagbag.py:588} INFO - Filling up the DagBag from /home/airflow/.local/lib/python3.12/site-packages/airflow/example_dags/example_branch_labels.py
[2025-02-22T20:41:27.238+0000] {processor.py:925} INFO - DAG(s) 'example_branch_labels' retrieved from /home/airflow/.local/lib/python3.12/site-packages/airflow/example_dags/example_branch_labels.py
[2025-02-22T20:41:27.262+0000] {logging_mixin.py:190} INFO - [2025-02-22T20:41:27.262+0000] {dag.py:3239} INFO - Sync 1 DAGs
[2025-02-22T20:41:27.293+0000] {logging_mixin.py:190} INFO - [2025-02-22T20:41:27.292+0000] {dag.py:4180} INFO - Setting next_dagrun for example_branch_labels to 2025-02-21 00:00:00+00:00, run_after=2025-02-22 00:00:00+00:00
[2025-02-22T20:41:27.315+0000] {processor.py:208} INFO - Processing /home/airflow/.local/lib/python3.12/site-packages/airflow/example_dags/example_branch_labels.py took 0.101 seconds
[2025-02-22T20:41:58.009+0000] {processor.py:186} INFO - Started process (PID=1097) to work on /home/airflow/.local/lib/python3.12/site-packages/airflow/example_dags/example_branch_labels.py
[2025-02-22T20:41:58.010+0000] {processor.py:914} INFO - Processing file /home/airflow/.local/lib/python3.12/site-packages/airflow/example_dags/example_branch_labels.py for tasks to queue
[2025-02-22T20:41:58.013+0000] {logging_mixin.py:190} INFO - [2025-02-22T20:41:58.013+0000] {dagbag.py:588} INFO - Filling up the DagBag from /home/airflow/.local/lib/python3.12/site-packages/airflow/example_dags/example_branch_labels.py
[2025-02-22T20:41:58.024+0000] {processor.py:925} INFO - DAG(s) 'example_branch_labels' retrieved from /home/airflow/.local/lib/python3.12/site-packages/airflow/example_dags/example_branch_labels.py
[2025-02-22T20:41:58.048+0000] {logging_mixin.py:190} INFO - [2025-02-22T20:41:58.048+0000] {dag.py:3239} INFO - Sync 1 DAGs
[2025-02-22T20:41:58.077+0000] {logging_mixin.py:190} INFO - [2025-02-22T20:41:58.077+0000] {dag.py:4180} INFO - Setting next_dagrun for example_branch_labels to 2025-02-21 00:00:00+00:00, run_after=2025-02-22 00:00:00+00:00
[2025-02-22T20:41:58.100+0000] {processor.py:208} INFO - Processing /home/airflow/.local/lib/python3.12/site-packages/airflow/example_dags/example_branch_labels.py took 0.098 seconds
[2025-02-22T20:42:28.316+0000] {processor.py:186} INFO - Started process (PID=1160) to work on /home/airflow/.local/lib/python3.12/site-packages/airflow/example_dags/example_branch_labels.py
[2025-02-22T20:42:28.317+0000] {processor.py:914} INFO - Processing file /home/airflow/.local/lib/python3.12/site-packages/airflow/example_dags/example_branch_labels.py for tasks to queue
[2025-02-22T20:42:28.320+0000] {logging_mixin.py:190} INFO - [2025-02-22T20:42:28.320+0000] {dagbag.py:588} INFO - Filling up the DagBag from /home/airflow/.local/lib/python3.12/site-packages/airflow/example_dags/example_branch_labels.py
[2025-02-22T20:42:28.333+0000] {processor.py:925} INFO - DAG(s) 'example_branch_labels' retrieved from /home/airflow/.local/lib/python3.12/site-packages/airflow/example_dags/example_branch_labels.py
[2025-02-22T20:42:28.359+0000] {logging_mixin.py:190} INFO - [2025-02-22T20:42:28.359+0000] {dag.py:3239} INFO - Sync 1 DAGs
[2025-02-22T20:42:28.388+0000] {logging_mixin.py:190} INFO - [2025-02-22T20:42:28.388+0000] {dag.py:4180} INFO - Setting next_dagrun for example_branch_labels to 2025-02-21 00:00:00+00:00, run_after=2025-02-22 00:00:00+00:00
[2025-02-22T20:42:28.411+0000] {processor.py:208} INFO - Processing /home/airflow/.local/lib/python3.12/site-packages/airflow/example_dags/example_branch_labels.py took 0.104 seconds
[2025-02-22T20:42:58.615+0000] {processor.py:186} INFO - Started process (PID=1223) to work on /home/airflow/.local/lib/python3.12/site-packages/airflow/example_dags/example_branch_labels.py
[2025-02-22T20:42:58.617+0000] {processor.py:914} INFO - Processing file /home/airflow/.local/lib/python3.12/site-packages/airflow/example_dags/example_branch_labels.py for tasks to queue
[2025-02-22T20:42:58.619+0000] {logging_mixin.py:190} INFO - [2025-02-22T20:42:58.619+0000] {dagbag.py:588} INFO - Filling up the DagBag from /home/airflow/.local/lib/python3.12/site-packages/airflow/example_dags/example_branch_labels.py
[2025-02-22T20:42:58.631+0000] {processor.py:925} INFO - DAG(s) 'example_branch_labels' retrieved from /home/airflow/.local/lib/python3.12/site-packages/airflow/example_dags/example_branch_labels.py
[2025-02-22T20:42:58.654+0000] {logging_mixin.py:190} INFO - [2025-02-22T20:42:58.654+0000] {dag.py:3239} INFO - Sync 1 DAGs
[2025-02-22T20:42:58.682+0000] {logging_mixin.py:190} INFO - [2025-02-22T20:42:58.681+0000] {dag.py:4180} INFO - Setting next_dagrun for example_branch_labels to 2025-02-21 00:00:00+00:00, run_after=2025-02-22 00:00:00+00:00
[2025-02-22T20:42:58.704+0000] {processor.py:208} INFO - Processing /home/airflow/.local/lib/python3.12/site-packages/airflow/example_dags/example_branch_labels.py took 0.095 seconds
[2025-02-22T20:43:28.747+0000] {processor.py:186} INFO - Started process (PID=1286) to work on /home/airflow/.local/lib/python3.12/site-packages/airflow/example_dags/example_branch_labels.py
[2025-02-22T20:43:28.748+0000] {processor.py:914} INFO - Processing file /home/airflow/.local/lib/python3.12/site-packages/airflow/example_dags/example_branch_labels.py for tasks to queue
[2025-02-22T20:43:28.751+0000] {logging_mixin.py:190} INFO - [2025-02-22T20:43:28.750+0000] {dagbag.py:588} INFO - Filling up the DagBag from /home/airflow/.local/lib/python3.12/site-packages/airflow/example_dags/example_branch_labels.py
[2025-02-22T20:43:28.762+0000] {processor.py:925} INFO - DAG(s) 'example_branch_labels' retrieved from /home/airflow/.local/lib/python3.12/site-packages/airflow/example_dags/example_branch_labels.py
[2025-02-22T20:43:28.785+0000] {logging_mixin.py:190} INFO - [2025-02-22T20:43:28.784+0000] {dag.py:3239} INFO - Sync 1 DAGs
[2025-02-22T20:43:28.811+0000] {logging_mixin.py:190} INFO - [2025-02-22T20:43:28.811+0000] {dag.py:4180} INFO - Setting next_dagrun for example_branch_labels to 2025-02-21 00:00:00+00:00, run_after=2025-02-22 00:00:00+00:00
[2025-02-22T20:43:28.834+0000] {processor.py:208} INFO - Processing /home/airflow/.local/lib/python3.12/site-packages/airflow/example_dags/example_branch_labels.py took 0.093 seconds
[2025-02-22T20:43:58.931+0000] {processor.py:186} INFO - Started process (PID=1349) to work on /home/airflow/.local/lib/python3.12/site-packages/airflow/example_dags/example_branch_labels.py
[2025-02-22T20:43:58.932+0000] {processor.py:914} INFO - Processing file /home/airflow/.local/lib/python3.12/site-packages/airflow/example_dags/example_branch_labels.py for tasks to queue
[2025-02-22T20:43:58.935+0000] {logging_mixin.py:190} INFO - [2025-02-22T20:43:58.935+0000] {dagbag.py:588} INFO - Filling up the DagBag from /home/airflow/.local/lib/python3.12/site-packages/airflow/example_dags/example_branch_labels.py
[2025-02-22T20:43:58.954+0000] {processor.py:925} INFO - DAG(s) 'example_branch_labels' retrieved from /home/airflow/.local/lib/python3.12/site-packages/airflow/example_dags/example_branch_labels.py
[2025-02-22T20:43:58.986+0000] {logging_mixin.py:190} INFO - [2025-02-22T20:43:58.985+0000] {dag.py:3239} INFO - Sync 1 DAGs
[2025-02-22T20:43:59.020+0000] {logging_mixin.py:190} INFO - [2025-02-22T20:43:59.020+0000] {dag.py:4180} INFO - Setting next_dagrun for example_branch_labels to 2025-02-21 00:00:00+00:00, run_after=2025-02-22 00:00:00+00:00
[2025-02-22T20:43:59.050+0000] {processor.py:208} INFO - Processing /home/airflow/.local/lib/python3.12/site-packages/airflow/example_dags/example_branch_labels.py took 0.127 seconds
[2025-02-22T20:44:29.478+0000] {processor.py:186} INFO - Started process (PID=1412) to work on /home/airflow/.local/lib/python3.12/site-packages/airflow/example_dags/example_branch_labels.py
[2025-02-22T20:44:29.479+0000] {processor.py:914} INFO - Processing file /home/airflow/.local/lib/python3.12/site-packages/airflow/example_dags/example_branch_labels.py for tasks to queue
[2025-02-22T20:44:29.483+0000] {logging_mixin.py:190} INFO - [2025-02-22T20:44:29.482+0000] {dagbag.py:588} INFO - Filling up the DagBag from /home/airflow/.local/lib/python3.12/site-packages/airflow/example_dags/example_branch_labels.py
[2025-02-22T20:44:29.497+0000] {processor.py:925} INFO - DAG(s) 'example_branch_labels' retrieved from /home/airflow/.local/lib/python3.12/site-packages/airflow/example_dags/example_branch_labels.py
[2025-02-22T20:44:29.525+0000] {logging_mixin.py:190} INFO - [2025-02-22T20:44:29.525+0000] {dag.py:3239} INFO - Sync 1 DAGs
[2025-02-22T20:44:29.559+0000] {logging_mixin.py:190} INFO - [2025-02-22T20:44:29.558+0000] {dag.py:4180} INFO - Setting next_dagrun for example_branch_labels to 2025-02-21 00:00:00+00:00, run_after=2025-02-22 00:00:00+00:00
[2025-02-22T20:44:29.586+0000] {processor.py:208} INFO - Processing /home/airflow/.local/lib/python3.12/site-packages/airflow/example_dags/example_branch_labels.py took 0.117 seconds
[2025-02-22T20:44:59.762+0000] {processor.py:186} INFO - Started process (PID=1475) to work on /home/airflow/.local/lib/python3.12/site-packages/airflow/example_dags/example_branch_labels.py
[2025-02-22T20:44:59.764+0000] {processor.py:914} INFO - Processing file /home/airflow/.local/lib/python3.12/site-packages/airflow/example_dags/example_branch_labels.py for tasks to queue
[2025-02-22T20:44:59.767+0000] {logging_mixin.py:190} INFO - [2025-02-22T20:44:59.766+0000] {dagbag.py:588} INFO - Filling up the DagBag from /home/airflow/.local/lib/python3.12/site-packages/airflow/example_dags/example_branch_labels.py
[2025-02-22T20:44:59.778+0000] {processor.py:925} INFO - DAG(s) 'example_branch_labels' retrieved from /home/airflow/.local/lib/python3.12/site-packages/airflow/example_dags/example_branch_labels.py
[2025-02-22T20:44:59.802+0000] {logging_mixin.py:190} INFO - [2025-02-22T20:44:59.802+0000] {dag.py:3239} INFO - Sync 1 DAGs
[2025-02-22T20:44:59.832+0000] {logging_mixin.py:190} INFO - [2025-02-22T20:44:59.831+0000] {dag.py:4180} INFO - Setting next_dagrun for example_branch_labels to 2025-02-21 00:00:00+00:00, run_after=2025-02-22 00:00:00+00:00
[2025-02-22T20:44:59.852+0000] {processor.py:208} INFO - Processing /home/airflow/.local/lib/python3.12/site-packages/airflow/example_dags/example_branch_labels.py took 0.097 seconds
[2025-02-22T20:45:30.626+0000] {processor.py:186} INFO - Started process (PID=1538) to work on /home/airflow/.local/lib/python3.12/site-packages/airflow/example_dags/example_branch_labels.py
[2025-02-22T20:45:30.627+0000] {processor.py:914} INFO - Processing file /home/airflow/.local/lib/python3.12/site-packages/airflow/example_dags/example_branch_labels.py for tasks to queue
[2025-02-22T20:45:30.631+0000] {logging_mixin.py:190} INFO - [2025-02-22T20:45:30.630+0000] {dagbag.py:588} INFO - Filling up the DagBag from /home/airflow/.local/lib/python3.12/site-packages/airflow/example_dags/example_branch_labels.py
[2025-02-22T20:45:30.645+0000] {processor.py:925} INFO - DAG(s) 'example_branch_labels' retrieved from /home/airflow/.local/lib/python3.12/site-packages/airflow/example_dags/example_branch_labels.py
[2025-02-22T20:45:30.672+0000] {logging_mixin.py:190} INFO - [2025-02-22T20:45:30.672+0000] {dag.py:3239} INFO - Sync 1 DAGs
[2025-02-22T20:45:30.701+0000] {logging_mixin.py:190} INFO - [2025-02-22T20:45:30.701+0000] {dag.py:4180} INFO - Setting next_dagrun for example_branch_labels to 2025-02-21 00:00:00+00:00, run_after=2025-02-22 00:00:00+00:00
[2025-02-22T20:45:30.724+0000] {processor.py:208} INFO - Processing /home/airflow/.local/lib/python3.12/site-packages/airflow/example_dags/example_branch_labels.py took 0.106 seconds
[2025-02-22T20:46:00.777+0000] {processor.py:186} INFO - Started process (PID=1601) to work on /home/airflow/.local/lib/python3.12/site-packages/airflow/example_dags/example_branch_labels.py
[2025-02-22T20:46:00.778+0000] {processor.py:914} INFO - Processing file /home/airflow/.local/lib/python3.12/site-packages/airflow/example_dags/example_branch_labels.py for tasks to queue
[2025-02-22T20:46:00.781+0000] {logging_mixin.py:190} INFO - [2025-02-22T20:46:00.780+0000] {dagbag.py:588} INFO - Filling up the DagBag from /home/airflow/.local/lib/python3.12/site-packages/airflow/example_dags/example_branch_labels.py
[2025-02-22T20:46:00.793+0000] {processor.py:925} INFO - DAG(s) 'example_branch_labels' retrieved from /home/airflow/.local/lib/python3.12/site-packages/airflow/example_dags/example_branch_labels.py
[2025-02-22T20:46:00.816+0000] {logging_mixin.py:190} INFO - [2025-02-22T20:46:00.815+0000] {dag.py:3239} INFO - Sync 1 DAGs
[2025-02-22T20:46:00.842+0000] {logging_mixin.py:190} INFO - [2025-02-22T20:46:00.842+0000] {dag.py:4180} INFO - Setting next_dagrun for example_branch_labels to 2025-02-21 00:00:00+00:00, run_after=2025-02-22 00:00:00+00:00
[2025-02-22T20:46:00.864+0000] {processor.py:208} INFO - Processing /home/airflow/.local/lib/python3.12/site-packages/airflow/example_dags/example_branch_labels.py took 0.094 seconds
[2025-02-22T20:46:30.952+0000] {processor.py:186} INFO - Started process (PID=1664) to work on /home/airflow/.local/lib/python3.12/site-packages/airflow/example_dags/example_branch_labels.py
[2025-02-22T20:46:30.953+0000] {processor.py:914} INFO - Processing file /home/airflow/.local/lib/python3.12/site-packages/airflow/example_dags/example_branch_labels.py for tasks to queue
[2025-02-22T20:46:30.955+0000] {logging_mixin.py:190} INFO - [2025-02-22T20:46:30.955+0000] {dagbag.py:588} INFO - Filling up the DagBag from /home/airflow/.local/lib/python3.12/site-packages/airflow/example_dags/example_branch_labels.py
[2025-02-22T20:46:30.967+0000] {processor.py:925} INFO - DAG(s) 'example_branch_labels' retrieved from /home/airflow/.local/lib/python3.12/site-packages/airflow/example_dags/example_branch_labels.py
[2025-02-22T20:46:30.991+0000] {logging_mixin.py:190} INFO - [2025-02-22T20:46:30.990+0000] {dag.py:3239} INFO - Sync 1 DAGs
[2025-02-22T20:46:31.018+0000] {logging_mixin.py:190} INFO - [2025-02-22T20:46:31.018+0000] {dag.py:4180} INFO - Setting next_dagrun for example_branch_labels to 2025-02-21 00:00:00+00:00, run_after=2025-02-22 00:00:00+00:00
[2025-02-22T20:46:31.041+0000] {processor.py:208} INFO - Processing /home/airflow/.local/lib/python3.12/site-packages/airflow/example_dags/example_branch_labels.py took 0.097 seconds
[2025-02-22T20:47:01.225+0000] {processor.py:186} INFO - Started process (PID=1727) to work on /home/airflow/.local/lib/python3.12/site-packages/airflow/example_dags/example_branch_labels.py
[2025-02-22T20:47:01.226+0000] {processor.py:914} INFO - Processing file /home/airflow/.local/lib/python3.12/site-packages/airflow/example_dags/example_branch_labels.py for tasks to queue
[2025-02-22T20:47:01.229+0000] {logging_mixin.py:190} INFO - [2025-02-22T20:47:01.229+0000] {dagbag.py:588} INFO - Filling up the DagBag from /home/airflow/.local/lib/python3.12/site-packages/airflow/example_dags/example_branch_labels.py
[2025-02-22T20:47:01.240+0000] {processor.py:925} INFO - DAG(s) 'example_branch_labels' retrieved from /home/airflow/.local/lib/python3.12/site-packages/airflow/example_dags/example_branch_labels.py
[2025-02-22T20:47:01.264+0000] {logging_mixin.py:190} INFO - [2025-02-22T20:47:01.263+0000] {dag.py:3239} INFO - Sync 1 DAGs
[2025-02-22T20:47:01.290+0000] {logging_mixin.py:190} INFO - [2025-02-22T20:47:01.289+0000] {dag.py:4180} INFO - Setting next_dagrun for example_branch_labels to 2025-02-21 00:00:00+00:00, run_after=2025-02-22 00:00:00+00:00
[2025-02-22T20:47:01.312+0000] {processor.py:208} INFO - Processing /home/airflow/.local/lib/python3.12/site-packages/airflow/example_dags/example_branch_labels.py took 0.094 seconds
[2025-02-22T20:47:31.665+0000] {processor.py:186} INFO - Started process (PID=1789) to work on /home/airflow/.local/lib/python3.12/site-packages/airflow/example_dags/example_branch_labels.py
[2025-02-22T20:47:31.666+0000] {processor.py:914} INFO - Processing file /home/airflow/.local/lib/python3.12/site-packages/airflow/example_dags/example_branch_labels.py for tasks to queue
[2025-02-22T20:47:31.669+0000] {logging_mixin.py:190} INFO - [2025-02-22T20:47:31.668+0000] {dagbag.py:588} INFO - Filling up the DagBag from /home/airflow/.local/lib/python3.12/site-packages/airflow/example_dags/example_branch_labels.py
[2025-02-22T20:47:31.679+0000] {processor.py:925} INFO - DAG(s) 'example_branch_labels' retrieved from /home/airflow/.local/lib/python3.12/site-packages/airflow/example_dags/example_branch_labels.py
[2025-02-22T20:47:31.701+0000] {logging_mixin.py:190} INFO - [2025-02-22T20:47:31.701+0000] {dag.py:3239} INFO - Sync 1 DAGs
[2025-02-22T20:47:31.730+0000] {logging_mixin.py:190} INFO - [2025-02-22T20:47:31.729+0000] {dag.py:4180} INFO - Setting next_dagrun for example_branch_labels to 2025-02-21 00:00:00+00:00, run_after=2025-02-22 00:00:00+00:00
[2025-02-22T20:47:31.753+0000] {processor.py:208} INFO - Processing /home/airflow/.local/lib/python3.12/site-packages/airflow/example_dags/example_branch_labels.py took 0.094 seconds
[2025-02-22T20:48:02.098+0000] {processor.py:186} INFO - Started process (PID=1852) to work on /home/airflow/.local/lib/python3.12/site-packages/airflow/example_dags/example_branch_labels.py
[2025-02-22T20:48:02.099+0000] {processor.py:914} INFO - Processing file /home/airflow/.local/lib/python3.12/site-packages/airflow/example_dags/example_branch_labels.py for tasks to queue
[2025-02-22T20:48:02.102+0000] {logging_mixin.py:190} INFO - [2025-02-22T20:48:02.102+0000] {dagbag.py:588} INFO - Filling up the DagBag from /home/airflow/.local/lib/python3.12/site-packages/airflow/example_dags/example_branch_labels.py
[2025-02-22T20:48:02.113+0000] {processor.py:925} INFO - DAG(s) 'example_branch_labels' retrieved from /home/airflow/.local/lib/python3.12/site-packages/airflow/example_dags/example_branch_labels.py
[2025-02-22T20:48:02.136+0000] {logging_mixin.py:190} INFO - [2025-02-22T20:48:02.136+0000] {dag.py:3239} INFO - Sync 1 DAGs
[2025-02-22T20:48:02.162+0000] {logging_mixin.py:190} INFO - [2025-02-22T20:48:02.162+0000] {dag.py:4180} INFO - Setting next_dagrun for example_branch_labels to 2025-02-21 00:00:00+00:00, run_after=2025-02-22 00:00:00+00:00
[2025-02-22T20:48:02.185+0000] {processor.py:208} INFO - Processing /home/airflow/.local/lib/python3.12/site-packages/airflow/example_dags/example_branch_labels.py took 0.094 seconds
[2025-02-22T20:48:32.320+0000] {processor.py:186} INFO - Started process (PID=1915) to work on /home/airflow/.local/lib/python3.12/site-packages/airflow/example_dags/example_branch_labels.py
[2025-02-22T20:48:32.322+0000] {processor.py:914} INFO - Processing file /home/airflow/.local/lib/python3.12/site-packages/airflow/example_dags/example_branch_labels.py for tasks to queue
[2025-02-22T20:48:32.324+0000] {logging_mixin.py:190} INFO - [2025-02-22T20:48:32.324+0000] {dagbag.py:588} INFO - Filling up the DagBag from /home/airflow/.local/lib/python3.12/site-packages/airflow/example_dags/example_branch_labels.py
[2025-02-22T20:48:32.336+0000] {processor.py:925} INFO - DAG(s) 'example_branch_labels' retrieved from /home/airflow/.local/lib/python3.12/site-packages/airflow/example_dags/example_branch_labels.py
[2025-02-22T20:48:32.359+0000] {logging_mixin.py:190} INFO - [2025-02-22T20:48:32.359+0000] {dag.py:3239} INFO - Sync 1 DAGs
[2025-02-22T20:48:32.387+0000] {logging_mixin.py:190} INFO - [2025-02-22T20:48:32.387+0000] {dag.py:4180} INFO - Setting next_dagrun for example_branch_labels to 2025-02-21 00:00:00+00:00, run_after=2025-02-22 00:00:00+00:00
[2025-02-22T20:48:32.413+0000] {processor.py:208} INFO - Processing /home/airflow/.local/lib/python3.12/site-packages/airflow/example_dags/example_branch_labels.py took 0.102 seconds
[2025-02-22T20:49:04.187+0000] {processor.py:186} INFO - Started process (PID=1977) to work on /home/airflow/.local/lib/python3.12/site-packages/airflow/example_dags/example_branch_labels.py
[2025-02-22T20:49:04.189+0000] {processor.py:914} INFO - Processing file /home/airflow/.local/lib/python3.12/site-packages/airflow/example_dags/example_branch_labels.py for tasks to queue
[2025-02-22T20:49:04.195+0000] {logging_mixin.py:190} INFO - [2025-02-22T20:49:04.194+0000] {dagbag.py:588} INFO - Filling up the DagBag from /home/airflow/.local/lib/python3.12/site-packages/airflow/example_dags/example_branch_labels.py
[2025-02-22T20:49:04.245+0000] {processor.py:925} INFO - DAG(s) 'example_branch_labels' retrieved from /home/airflow/.local/lib/python3.12/site-packages/airflow/example_dags/example_branch_labels.py
[2025-02-22T20:49:04.315+0000] {logging_mixin.py:190} INFO - [2025-02-22T20:49:04.315+0000] {dag.py:3239} INFO - Sync 1 DAGs
[2025-02-22T20:49:04.400+0000] {logging_mixin.py:190} INFO - [2025-02-22T20:49:04.400+0000] {dag.py:4180} INFO - Setting next_dagrun for example_branch_labels to 2025-02-21 00:00:00+00:00, run_after=2025-02-22 00:00:00+00:00
[2025-02-22T20:49:04.495+0000] {processor.py:208} INFO - Processing /home/airflow/.local/lib/python3.12/site-packages/airflow/example_dags/example_branch_labels.py took 0.328 seconds
