[2025-02-22T20:33:54.364+0000] {processor.py:186} INFO - Started process (PID=109) to work on /home/airflow/.local/lib/python3.12/site-packages/airflow/example_dags/example_latest_only.py
[2025-02-22T20:33:54.366+0000] {processor.py:914} INFO - Processing file /home/airflow/.local/lib/python3.12/site-packages/airflow/example_dags/example_latest_only.py for tasks to queue
[2025-02-22T20:33:54.372+0000] {logging_mixin.py:190} INFO - [2025-02-22T20:33:54.371+0000] {dagbag.py:588} INFO - Filling up the DagBag from /home/airflow/.local/lib/python3.12/site-packages/airflow/example_dags/example_latest_only.py
[2025-02-22T20:33:54.385+0000] {processor.py:925} INFO - DAG(s) 'latest_only' retrieved from /home/airflow/.local/lib/python3.12/site-packages/airflow/example_dags/example_latest_only.py
[2025-02-22T20:33:54.616+0000] {logging_mixin.py:190} INFO - [2025-02-22T20:33:54.616+0000] {override.py:1912} INFO - Created Permission View: can edit on DAG:latest_only
[2025-02-22T20:33:54.634+0000] {logging_mixin.py:190} INFO - [2025-02-22T20:33:54.633+0000] {override.py:1912} INFO - Created Permission View: can read on DAG:latest_only
[2025-02-22T20:33:54.646+0000] {logging_mixin.py:190} INFO - [2025-02-22T20:33:54.645+0000] {override.py:1912} INFO - Created Permission View: can delete on DAG:latest_only
[2025-02-22T20:33:54.658+0000] {logging_mixin.py:190} INFO - [2025-02-22T20:33:54.658+0000] {override.py:1912} INFO - Created Permission View: can read on DAG Run:latest_only
[2025-02-22T20:33:54.669+0000] {logging_mixin.py:190} INFO - [2025-02-22T20:33:54.669+0000] {override.py:1912} INFO - Created Permission View: menu access on DAG Run:latest_only
[2025-02-22T20:33:54.681+0000] {logging_mixin.py:190} INFO - [2025-02-22T20:33:54.681+0000] {override.py:1912} INFO - Created Permission View: can create on DAG Run:latest_only
[2025-02-22T20:33:54.693+0000] {logging_mixin.py:190} INFO - [2025-02-22T20:33:54.693+0000] {override.py:1912} INFO - Created Permission View: can delete on DAG Run:latest_only
[2025-02-22T20:33:54.695+0000] {logging_mixin.py:190} INFO - [2025-02-22T20:33:54.694+0000] {dag.py:3239} INFO - Sync 1 DAGs
[2025-02-22T20:33:54.721+0000] {logging_mixin.py:190} INFO - [2025-02-22T20:33:54.721+0000] {dag.py:3262} INFO - Creating ORM DAG for latest_only
[2025-02-22T20:33:54.740+0000] {logging_mixin.py:190} INFO - [2025-02-22T20:33:54.740+0000] {dag.py:4180} INFO - Setting next_dagrun for latest_only to 2025-02-22 16:00:00+00:00, run_after=2025-02-22 20:00:00+00:00
[2025-02-22T20:33:54.769+0000] {processor.py:208} INFO - Processing /home/airflow/.local/lib/python3.12/site-packages/airflow/example_dags/example_latest_only.py took 0.415 seconds
[2025-02-22T20:34:25.552+0000] {processor.py:186} INFO - Started process (PID=171) to work on /home/airflow/.local/lib/python3.12/site-packages/airflow/example_dags/example_latest_only.py
[2025-02-22T20:34:25.553+0000] {processor.py:914} INFO - Processing file /home/airflow/.local/lib/python3.12/site-packages/airflow/example_dags/example_latest_only.py for tasks to queue
[2025-02-22T20:34:25.557+0000] {logging_mixin.py:190} INFO - [2025-02-22T20:34:25.556+0000] {dagbag.py:588} INFO - Filling up the DagBag from /home/airflow/.local/lib/python3.12/site-packages/airflow/example_dags/example_latest_only.py
[2025-02-22T20:34:25.567+0000] {processor.py:925} INFO - DAG(s) 'latest_only' retrieved from /home/airflow/.local/lib/python3.12/site-packages/airflow/example_dags/example_latest_only.py
[2025-02-22T20:34:25.593+0000] {logging_mixin.py:190} INFO - [2025-02-22T20:34:25.593+0000] {dag.py:3239} INFO - Sync 1 DAGs
[2025-02-22T20:34:25.626+0000] {logging_mixin.py:190} INFO - [2025-02-22T20:34:25.626+0000] {dag.py:4180} INFO - Setting next_dagrun for latest_only to 2025-02-22 16:00:00+00:00, run_after=2025-02-22 20:00:00+00:00
[2025-02-22T20:34:25.656+0000] {processor.py:208} INFO - Processing /home/airflow/.local/lib/python3.12/site-packages/airflow/example_dags/example_latest_only.py took 0.110 seconds
[2025-02-22T20:34:55.751+0000] {processor.py:186} INFO - Started process (PID=234) to work on /home/airflow/.local/lib/python3.12/site-packages/airflow/example_dags/example_latest_only.py
[2025-02-22T20:34:55.752+0000] {processor.py:914} INFO - Processing file /home/airflow/.local/lib/python3.12/site-packages/airflow/example_dags/example_latest_only.py for tasks to queue
[2025-02-22T20:34:55.755+0000] {logging_mixin.py:190} INFO - [2025-02-22T20:34:55.755+0000] {dagbag.py:588} INFO - Filling up the DagBag from /home/airflow/.local/lib/python3.12/site-packages/airflow/example_dags/example_latest_only.py
[2025-02-22T20:34:55.763+0000] {processor.py:925} INFO - DAG(s) 'latest_only' retrieved from /home/airflow/.local/lib/python3.12/site-packages/airflow/example_dags/example_latest_only.py
[2025-02-22T20:34:55.785+0000] {logging_mixin.py:190} INFO - [2025-02-22T20:34:55.785+0000] {dag.py:3239} INFO - Sync 1 DAGs
[2025-02-22T20:34:55.811+0000] {logging_mixin.py:190} INFO - [2025-02-22T20:34:55.811+0000] {dag.py:4180} INFO - Setting next_dagrun for latest_only to 2025-02-22 16:00:00+00:00, run_after=2025-02-22 20:00:00+00:00
[2025-02-22T20:34:55.834+0000] {processor.py:208} INFO - Processing /home/airflow/.local/lib/python3.12/site-packages/airflow/example_dags/example_latest_only.py took 0.090 seconds
[2025-02-22T20:35:26.023+0000] {processor.py:186} INFO - Started process (PID=297) to work on /home/airflow/.local/lib/python3.12/site-packages/airflow/example_dags/example_latest_only.py
[2025-02-22T20:35:26.024+0000] {processor.py:914} INFO - Processing file /home/airflow/.local/lib/python3.12/site-packages/airflow/example_dags/example_latest_only.py for tasks to queue
[2025-02-22T20:35:26.029+0000] {logging_mixin.py:190} INFO - [2025-02-22T20:35:26.028+0000] {dagbag.py:588} INFO - Filling up the DagBag from /home/airflow/.local/lib/python3.12/site-packages/airflow/example_dags/example_latest_only.py
[2025-02-22T20:35:26.040+0000] {processor.py:925} INFO - DAG(s) 'latest_only' retrieved from /home/airflow/.local/lib/python3.12/site-packages/airflow/example_dags/example_latest_only.py
[2025-02-22T20:35:26.075+0000] {logging_mixin.py:190} INFO - [2025-02-22T20:35:26.075+0000] {dag.py:3239} INFO - Sync 1 DAGs
[2025-02-22T20:35:26.119+0000] {logging_mixin.py:190} INFO - [2025-02-22T20:35:26.119+0000] {dag.py:4180} INFO - Setting next_dagrun for latest_only to 2025-02-22 16:00:00+00:00, run_after=2025-02-22 20:00:00+00:00
[2025-02-22T20:35:26.165+0000] {processor.py:208} INFO - Processing /home/airflow/.local/lib/python3.12/site-packages/airflow/example_dags/example_latest_only.py took 0.153 seconds
[2025-02-22T20:35:56.313+0000] {processor.py:186} INFO - Started process (PID=360) to work on /home/airflow/.local/lib/python3.12/site-packages/airflow/example_dags/example_latest_only.py
[2025-02-22T20:35:56.316+0000] {processor.py:914} INFO - Processing file /home/airflow/.local/lib/python3.12/site-packages/airflow/example_dags/example_latest_only.py for tasks to queue
[2025-02-22T20:35:56.322+0000] {logging_mixin.py:190} INFO - [2025-02-22T20:35:56.322+0000] {dagbag.py:588} INFO - Filling up the DagBag from /home/airflow/.local/lib/python3.12/site-packages/airflow/example_dags/example_latest_only.py
[2025-02-22T20:35:56.335+0000] {processor.py:925} INFO - DAG(s) 'latest_only' retrieved from /home/airflow/.local/lib/python3.12/site-packages/airflow/example_dags/example_latest_only.py
[2025-02-22T20:35:56.364+0000] {logging_mixin.py:190} INFO - [2025-02-22T20:35:56.363+0000] {dag.py:3239} INFO - Sync 1 DAGs
[2025-02-22T20:35:56.420+0000] {logging_mixin.py:190} INFO - [2025-02-22T20:35:56.420+0000] {dag.py:4180} INFO - Setting next_dagrun for latest_only to 2025-02-22 16:00:00+00:00, run_after=2025-02-22 20:00:00+00:00
[2025-02-22T20:35:56.456+0000] {processor.py:208} INFO - Processing /home/airflow/.local/lib/python3.12/site-packages/airflow/example_dags/example_latest_only.py took 0.154 seconds
[2025-02-22T20:36:26.886+0000] {processor.py:186} INFO - Started process (PID=429) to work on /home/airflow/.local/lib/python3.12/site-packages/airflow/example_dags/example_latest_only.py
[2025-02-22T20:36:26.888+0000] {processor.py:914} INFO - Processing file /home/airflow/.local/lib/python3.12/site-packages/airflow/example_dags/example_latest_only.py for tasks to queue
[2025-02-22T20:36:26.891+0000] {logging_mixin.py:190} INFO - [2025-02-22T20:36:26.891+0000] {dagbag.py:588} INFO - Filling up the DagBag from /home/airflow/.local/lib/python3.12/site-packages/airflow/example_dags/example_latest_only.py
[2025-02-22T20:36:26.906+0000] {processor.py:925} INFO - DAG(s) 'latest_only' retrieved from /home/airflow/.local/lib/python3.12/site-packages/airflow/example_dags/example_latest_only.py
[2025-02-22T20:36:26.941+0000] {logging_mixin.py:190} INFO - [2025-02-22T20:36:26.941+0000] {dag.py:3239} INFO - Sync 1 DAGs
[2025-02-22T20:36:26.980+0000] {logging_mixin.py:190} INFO - [2025-02-22T20:36:26.979+0000] {dag.py:4180} INFO - Setting next_dagrun for latest_only to 2025-02-22 16:00:00+00:00, run_after=2025-02-22 20:00:00+00:00
[2025-02-22T20:36:27.008+0000] {processor.py:208} INFO - Processing /home/airflow/.local/lib/python3.12/site-packages/airflow/example_dags/example_latest_only.py took 0.132 seconds
[2025-02-22T20:36:57.175+0000] {processor.py:186} INFO - Started process (PID=492) to work on /home/airflow/.local/lib/python3.12/site-packages/airflow/example_dags/example_latest_only.py
[2025-02-22T20:36:57.177+0000] {processor.py:914} INFO - Processing file /home/airflow/.local/lib/python3.12/site-packages/airflow/example_dags/example_latest_only.py for tasks to queue
[2025-02-22T20:36:57.181+0000] {logging_mixin.py:190} INFO - [2025-02-22T20:36:57.180+0000] {dagbag.py:588} INFO - Filling up the DagBag from /home/airflow/.local/lib/python3.12/site-packages/airflow/example_dags/example_latest_only.py
[2025-02-22T20:36:57.192+0000] {processor.py:925} INFO - DAG(s) 'latest_only' retrieved from /home/airflow/.local/lib/python3.12/site-packages/airflow/example_dags/example_latest_only.py
[2025-02-22T20:36:57.216+0000] {logging_mixin.py:190} INFO - [2025-02-22T20:36:57.216+0000] {dag.py:3239} INFO - Sync 1 DAGs
[2025-02-22T20:36:57.248+0000] {logging_mixin.py:190} INFO - [2025-02-22T20:36:57.247+0000] {dag.py:4180} INFO - Setting next_dagrun for latest_only to 2025-02-22 16:00:00+00:00, run_after=2025-02-22 20:00:00+00:00
[2025-02-22T20:36:57.270+0000] {processor.py:208} INFO - Processing /home/airflow/.local/lib/python3.12/site-packages/airflow/example_dags/example_latest_only.py took 0.103 seconds
[2025-02-22T20:37:27.912+0000] {processor.py:186} INFO - Started process (PID=554) to work on /home/airflow/.local/lib/python3.12/site-packages/airflow/example_dags/example_latest_only.py
[2025-02-22T20:37:27.914+0000] {processor.py:914} INFO - Processing file /home/airflow/.local/lib/python3.12/site-packages/airflow/example_dags/example_latest_only.py for tasks to queue
[2025-02-22T20:37:27.917+0000] {logging_mixin.py:190} INFO - [2025-02-22T20:37:27.917+0000] {dagbag.py:588} INFO - Filling up the DagBag from /home/airflow/.local/lib/python3.12/site-packages/airflow/example_dags/example_latest_only.py
[2025-02-22T20:37:27.926+0000] {processor.py:925} INFO - DAG(s) 'latest_only' retrieved from /home/airflow/.local/lib/python3.12/site-packages/airflow/example_dags/example_latest_only.py
[2025-02-22T20:37:27.949+0000] {logging_mixin.py:190} INFO - [2025-02-22T20:37:27.949+0000] {dag.py:3239} INFO - Sync 1 DAGs
[2025-02-22T20:37:27.976+0000] {logging_mixin.py:190} INFO - [2025-02-22T20:37:27.976+0000] {dag.py:4180} INFO - Setting next_dagrun for latest_only to 2025-02-22 16:00:00+00:00, run_after=2025-02-22 20:00:00+00:00
[2025-02-22T20:37:27.997+0000] {processor.py:208} INFO - Processing /home/airflow/.local/lib/python3.12/site-packages/airflow/example_dags/example_latest_only.py took 0.091 seconds
[2025-02-22T20:37:58.156+0000] {processor.py:186} INFO - Started process (PID=616) to work on /home/airflow/.local/lib/python3.12/site-packages/airflow/example_dags/example_latest_only.py
[2025-02-22T20:37:58.157+0000] {processor.py:914} INFO - Processing file /home/airflow/.local/lib/python3.12/site-packages/airflow/example_dags/example_latest_only.py for tasks to queue
[2025-02-22T20:37:58.161+0000] {logging_mixin.py:190} INFO - [2025-02-22T20:37:58.160+0000] {dagbag.py:588} INFO - Filling up the DagBag from /home/airflow/.local/lib/python3.12/site-packages/airflow/example_dags/example_latest_only.py
[2025-02-22T20:37:58.168+0000] {processor.py:925} INFO - DAG(s) 'latest_only' retrieved from /home/airflow/.local/lib/python3.12/site-packages/airflow/example_dags/example_latest_only.py
[2025-02-22T20:37:58.190+0000] {logging_mixin.py:190} INFO - [2025-02-22T20:37:58.189+0000] {dag.py:3239} INFO - Sync 1 DAGs
[2025-02-22T20:37:58.216+0000] {logging_mixin.py:190} INFO - [2025-02-22T20:37:58.215+0000] {dag.py:4180} INFO - Setting next_dagrun for latest_only to 2025-02-22 16:00:00+00:00, run_after=2025-02-22 20:00:00+00:00
[2025-02-22T20:37:58.239+0000] {processor.py:208} INFO - Processing /home/airflow/.local/lib/python3.12/site-packages/airflow/example_dags/example_latest_only.py took 0.090 seconds
[2025-02-22T20:38:28.400+0000] {processor.py:186} INFO - Started process (PID=679) to work on /home/airflow/.local/lib/python3.12/site-packages/airflow/example_dags/example_latest_only.py
[2025-02-22T20:38:28.401+0000] {processor.py:914} INFO - Processing file /home/airflow/.local/lib/python3.12/site-packages/airflow/example_dags/example_latest_only.py for tasks to queue
[2025-02-22T20:38:28.404+0000] {logging_mixin.py:190} INFO - [2025-02-22T20:38:28.404+0000] {dagbag.py:588} INFO - Filling up the DagBag from /home/airflow/.local/lib/python3.12/site-packages/airflow/example_dags/example_latest_only.py
[2025-02-22T20:38:28.412+0000] {processor.py:925} INFO - DAG(s) 'latest_only' retrieved from /home/airflow/.local/lib/python3.12/site-packages/airflow/example_dags/example_latest_only.py
[2025-02-22T20:38:28.435+0000] {logging_mixin.py:190} INFO - [2025-02-22T20:38:28.435+0000] {dag.py:3239} INFO - Sync 1 DAGs
[2025-02-22T20:38:28.462+0000] {logging_mixin.py:190} INFO - [2025-02-22T20:38:28.462+0000] {dag.py:4180} INFO - Setting next_dagrun for latest_only to 2025-02-22 16:00:00+00:00, run_after=2025-02-22 20:00:00+00:00
[2025-02-22T20:38:28.483+0000] {processor.py:208} INFO - Processing /home/airflow/.local/lib/python3.12/site-packages/airflow/example_dags/example_latest_only.py took 0.090 seconds
[2025-02-22T20:39:00.785+0000] {processor.py:186} INFO - Started process (PID=742) to work on /home/airflow/.local/lib/python3.12/site-packages/airflow/example_dags/example_latest_only.py
[2025-02-22T20:39:00.786+0000] {processor.py:914} INFO - Processing file /home/airflow/.local/lib/python3.12/site-packages/airflow/example_dags/example_latest_only.py for tasks to queue
[2025-02-22T20:39:00.790+0000] {logging_mixin.py:190} INFO - [2025-02-22T20:39:00.790+0000] {dagbag.py:588} INFO - Filling up the DagBag from /home/airflow/.local/lib/python3.12/site-packages/airflow/example_dags/example_latest_only.py
[2025-02-22T20:39:00.800+0000] {processor.py:925} INFO - DAG(s) 'latest_only' retrieved from /home/airflow/.local/lib/python3.12/site-packages/airflow/example_dags/example_latest_only.py
[2025-02-22T20:39:00.827+0000] {logging_mixin.py:190} INFO - [2025-02-22T20:39:00.826+0000] {dag.py:3239} INFO - Sync 1 DAGs
[2025-02-22T20:39:00.862+0000] {logging_mixin.py:190} INFO - [2025-02-22T20:39:00.862+0000] {dag.py:4180} INFO - Setting next_dagrun for latest_only to 2025-02-22 16:00:00+00:00, run_after=2025-02-22 20:00:00+00:00
[2025-02-22T20:39:00.891+0000] {processor.py:208} INFO - Processing /home/airflow/.local/lib/python3.12/site-packages/airflow/example_dags/example_latest_only.py took 0.115 seconds
[2025-02-22T20:39:31.391+0000] {processor.py:186} INFO - Started process (PID=805) to work on /home/airflow/.local/lib/python3.12/site-packages/airflow/example_dags/example_latest_only.py
[2025-02-22T20:39:31.392+0000] {processor.py:914} INFO - Processing file /home/airflow/.local/lib/python3.12/site-packages/airflow/example_dags/example_latest_only.py for tasks to queue
[2025-02-22T20:39:31.395+0000] {logging_mixin.py:190} INFO - [2025-02-22T20:39:31.394+0000] {dagbag.py:588} INFO - Filling up the DagBag from /home/airflow/.local/lib/python3.12/site-packages/airflow/example_dags/example_latest_only.py
[2025-02-22T20:39:31.402+0000] {processor.py:925} INFO - DAG(s) 'latest_only' retrieved from /home/airflow/.local/lib/python3.12/site-packages/airflow/example_dags/example_latest_only.py
[2025-02-22T20:39:31.426+0000] {logging_mixin.py:190} INFO - [2025-02-22T20:39:31.426+0000] {dag.py:3239} INFO - Sync 1 DAGs
[2025-02-22T20:39:31.454+0000] {logging_mixin.py:190} INFO - [2025-02-22T20:39:31.454+0000] {dag.py:4180} INFO - Setting next_dagrun for latest_only to 2025-02-22 16:00:00+00:00, run_after=2025-02-22 20:00:00+00:00
[2025-02-22T20:39:31.478+0000] {processor.py:208} INFO - Processing /home/airflow/.local/lib/python3.12/site-packages/airflow/example_dags/example_latest_only.py took 0.093 seconds
[2025-02-22T20:40:03.795+0000] {processor.py:186} INFO - Started process (PID=868) to work on /home/airflow/.local/lib/python3.12/site-packages/airflow/example_dags/example_latest_only.py
[2025-02-22T20:40:03.796+0000] {processor.py:914} INFO - Processing file /home/airflow/.local/lib/python3.12/site-packages/airflow/example_dags/example_latest_only.py for tasks to queue
[2025-02-22T20:40:03.800+0000] {logging_mixin.py:190} INFO - [2025-02-22T20:40:03.798+0000] {dagbag.py:588} INFO - Filling up the DagBag from /home/airflow/.local/lib/python3.12/site-packages/airflow/example_dags/example_latest_only.py
[2025-02-22T20:40:03.808+0000] {processor.py:925} INFO - DAG(s) 'latest_only' retrieved from /home/airflow/.local/lib/python3.12/site-packages/airflow/example_dags/example_latest_only.py
[2025-02-22T20:40:03.833+0000] {logging_mixin.py:190} INFO - [2025-02-22T20:40:03.833+0000] {dag.py:3239} INFO - Sync 1 DAGs
[2025-02-22T20:40:03.863+0000] {logging_mixin.py:190} INFO - [2025-02-22T20:40:03.862+0000] {dag.py:4180} INFO - Setting next_dagrun for latest_only to 2025-02-22 16:00:00+00:00, run_after=2025-02-22 20:00:00+00:00
[2025-02-22T20:40:03.888+0000] {processor.py:208} INFO - Processing /home/airflow/.local/lib/python3.12/site-packages/airflow/example_dags/example_latest_only.py took 0.100 seconds
[2025-02-22T20:40:36.055+0000] {processor.py:186} INFO - Started process (PID=932) to work on /home/airflow/.local/lib/python3.12/site-packages/airflow/example_dags/example_latest_only.py
[2025-02-22T20:40:36.056+0000] {processor.py:914} INFO - Processing file /home/airflow/.local/lib/python3.12/site-packages/airflow/example_dags/example_latest_only.py for tasks to queue
[2025-02-22T20:40:36.060+0000] {logging_mixin.py:190} INFO - [2025-02-22T20:40:36.060+0000] {dagbag.py:588} INFO - Filling up the DagBag from /home/airflow/.local/lib/python3.12/site-packages/airflow/example_dags/example_latest_only.py
[2025-02-22T20:40:36.069+0000] {processor.py:925} INFO - DAG(s) 'latest_only' retrieved from /home/airflow/.local/lib/python3.12/site-packages/airflow/example_dags/example_latest_only.py
[2025-02-22T20:40:36.093+0000] {logging_mixin.py:190} INFO - [2025-02-22T20:40:36.093+0000] {dag.py:3239} INFO - Sync 1 DAGs
[2025-02-22T20:40:36.127+0000] {logging_mixin.py:190} INFO - [2025-02-22T20:40:36.127+0000] {dag.py:4180} INFO - Setting next_dagrun for latest_only to 2025-02-22 16:00:00+00:00, run_after=2025-02-22 20:00:00+00:00
[2025-02-22T20:40:36.156+0000] {processor.py:208} INFO - Processing /home/airflow/.local/lib/python3.12/site-packages/airflow/example_dags/example_latest_only.py took 0.109 seconds
[2025-02-22T20:41:07.510+0000] {processor.py:186} INFO - Started process (PID=995) to work on /home/airflow/.local/lib/python3.12/site-packages/airflow/example_dags/example_latest_only.py
[2025-02-22T20:41:07.512+0000] {processor.py:914} INFO - Processing file /home/airflow/.local/lib/python3.12/site-packages/airflow/example_dags/example_latest_only.py for tasks to queue
[2025-02-22T20:41:07.516+0000] {logging_mixin.py:190} INFO - [2025-02-22T20:41:07.516+0000] {dagbag.py:588} INFO - Filling up the DagBag from /home/airflow/.local/lib/python3.12/site-packages/airflow/example_dags/example_latest_only.py
[2025-02-22T20:41:07.526+0000] {processor.py:925} INFO - DAG(s) 'latest_only' retrieved from /home/airflow/.local/lib/python3.12/site-packages/airflow/example_dags/example_latest_only.py
[2025-02-22T20:41:07.560+0000] {logging_mixin.py:190} INFO - [2025-02-22T20:41:07.559+0000] {dag.py:3239} INFO - Sync 1 DAGs
[2025-02-22T20:41:07.617+0000] {logging_mixin.py:190} INFO - [2025-02-22T20:41:07.617+0000] {dag.py:4180} INFO - Setting next_dagrun for latest_only to 2025-02-22 16:00:00+00:00, run_after=2025-02-22 20:00:00+00:00
[2025-02-22T20:41:07.673+0000] {processor.py:208} INFO - Processing /home/airflow/.local/lib/python3.12/site-packages/airflow/example_dags/example_latest_only.py took 0.171 seconds
[2025-02-22T20:41:38.592+0000] {processor.py:186} INFO - Started process (PID=1058) to work on /home/airflow/.local/lib/python3.12/site-packages/airflow/example_dags/example_latest_only.py
[2025-02-22T20:41:38.593+0000] {processor.py:914} INFO - Processing file /home/airflow/.local/lib/python3.12/site-packages/airflow/example_dags/example_latest_only.py for tasks to queue
[2025-02-22T20:41:38.596+0000] {logging_mixin.py:190} INFO - [2025-02-22T20:41:38.596+0000] {dagbag.py:588} INFO - Filling up the DagBag from /home/airflow/.local/lib/python3.12/site-packages/airflow/example_dags/example_latest_only.py
[2025-02-22T20:41:38.606+0000] {processor.py:925} INFO - DAG(s) 'latest_only' retrieved from /home/airflow/.local/lib/python3.12/site-packages/airflow/example_dags/example_latest_only.py
[2025-02-22T20:41:38.629+0000] {logging_mixin.py:190} INFO - [2025-02-22T20:41:38.629+0000] {dag.py:3239} INFO - Sync 1 DAGs
[2025-02-22T20:41:38.657+0000] {logging_mixin.py:190} INFO - [2025-02-22T20:41:38.656+0000] {dag.py:4180} INFO - Setting next_dagrun for latest_only to 2025-02-22 16:00:00+00:00, run_after=2025-02-22 20:00:00+00:00
[2025-02-22T20:41:38.678+0000] {processor.py:208} INFO - Processing /home/airflow/.local/lib/python3.12/site-packages/airflow/example_dags/example_latest_only.py took 0.096 seconds
[2025-02-22T20:42:11.088+0000] {processor.py:186} INFO - Started process (PID=1120) to work on /home/airflow/.local/lib/python3.12/site-packages/airflow/example_dags/example_latest_only.py
[2025-02-22T20:42:11.090+0000] {processor.py:914} INFO - Processing file /home/airflow/.local/lib/python3.12/site-packages/airflow/example_dags/example_latest_only.py for tasks to queue
[2025-02-22T20:42:11.096+0000] {logging_mixin.py:190} INFO - [2025-02-22T20:42:11.095+0000] {dagbag.py:588} INFO - Filling up the DagBag from /home/airflow/.local/lib/python3.12/site-packages/airflow/example_dags/example_latest_only.py
[2025-02-22T20:42:11.113+0000] {processor.py:925} INFO - DAG(s) 'latest_only' retrieved from /home/airflow/.local/lib/python3.12/site-packages/airflow/example_dags/example_latest_only.py
[2025-02-22T20:42:11.161+0000] {logging_mixin.py:190} INFO - [2025-02-22T20:42:11.160+0000] {dag.py:3239} INFO - Sync 1 DAGs
[2025-02-22T20:42:11.226+0000] {logging_mixin.py:190} INFO - [2025-02-22T20:42:11.225+0000] {dag.py:4180} INFO - Setting next_dagrun for latest_only to 2025-02-22 16:00:00+00:00, run_after=2025-02-22 20:00:00+00:00
[2025-02-22T20:42:11.269+0000] {processor.py:208} INFO - Processing /home/airflow/.local/lib/python3.12/site-packages/airflow/example_dags/example_latest_only.py took 0.193 seconds
[2025-02-22T20:42:41.703+0000] {processor.py:186} INFO - Started process (PID=1183) to work on /home/airflow/.local/lib/python3.12/site-packages/airflow/example_dags/example_latest_only.py
[2025-02-22T20:42:41.704+0000] {processor.py:914} INFO - Processing file /home/airflow/.local/lib/python3.12/site-packages/airflow/example_dags/example_latest_only.py for tasks to queue
[2025-02-22T20:42:41.709+0000] {logging_mixin.py:190} INFO - [2025-02-22T20:42:41.709+0000] {dagbag.py:588} INFO - Filling up the DagBag from /home/airflow/.local/lib/python3.12/site-packages/airflow/example_dags/example_latest_only.py
[2025-02-22T20:42:41.722+0000] {processor.py:925} INFO - DAG(s) 'latest_only' retrieved from /home/airflow/.local/lib/python3.12/site-packages/airflow/example_dags/example_latest_only.py
[2025-02-22T20:42:41.755+0000] {logging_mixin.py:190} INFO - [2025-02-22T20:42:41.754+0000] {dag.py:3239} INFO - Sync 1 DAGs
[2025-02-22T20:42:41.803+0000] {logging_mixin.py:190} INFO - [2025-02-22T20:42:41.803+0000] {dag.py:4180} INFO - Setting next_dagrun for latest_only to 2025-02-22 16:00:00+00:00, run_after=2025-02-22 20:00:00+00:00
[2025-02-22T20:42:41.834+0000] {processor.py:208} INFO - Processing /home/airflow/.local/lib/python3.12/site-packages/airflow/example_dags/example_latest_only.py took 0.142 seconds
[2025-02-22T20:43:11.919+0000] {processor.py:186} INFO - Started process (PID=1246) to work on /home/airflow/.local/lib/python3.12/site-packages/airflow/example_dags/example_latest_only.py
[2025-02-22T20:43:11.920+0000] {processor.py:914} INFO - Processing file /home/airflow/.local/lib/python3.12/site-packages/airflow/example_dags/example_latest_only.py for tasks to queue
[2025-02-22T20:43:11.924+0000] {logging_mixin.py:190} INFO - [2025-02-22T20:43:11.923+0000] {dagbag.py:588} INFO - Filling up the DagBag from /home/airflow/.local/lib/python3.12/site-packages/airflow/example_dags/example_latest_only.py
[2025-02-22T20:43:11.931+0000] {processor.py:925} INFO - DAG(s) 'latest_only' retrieved from /home/airflow/.local/lib/python3.12/site-packages/airflow/example_dags/example_latest_only.py
[2025-02-22T20:43:11.955+0000] {logging_mixin.py:190} INFO - [2025-02-22T20:43:11.955+0000] {dag.py:3239} INFO - Sync 1 DAGs
[2025-02-22T20:43:11.987+0000] {logging_mixin.py:190} INFO - [2025-02-22T20:43:11.986+0000] {dag.py:4180} INFO - Setting next_dagrun for latest_only to 2025-02-22 16:00:00+00:00, run_after=2025-02-22 20:00:00+00:00
[2025-02-22T20:43:12.010+0000] {processor.py:208} INFO - Processing /home/airflow/.local/lib/python3.12/site-packages/airflow/example_dags/example_latest_only.py took 0.100 seconds
[2025-02-22T20:43:43.591+0000] {processor.py:186} INFO - Started process (PID=1309) to work on /home/airflow/.local/lib/python3.12/site-packages/airflow/example_dags/example_latest_only.py
[2025-02-22T20:43:43.592+0000] {processor.py:914} INFO - Processing file /home/airflow/.local/lib/python3.12/site-packages/airflow/example_dags/example_latest_only.py for tasks to queue
[2025-02-22T20:43:43.596+0000] {logging_mixin.py:190} INFO - [2025-02-22T20:43:43.595+0000] {dagbag.py:588} INFO - Filling up the DagBag from /home/airflow/.local/lib/python3.12/site-packages/airflow/example_dags/example_latest_only.py
[2025-02-22T20:43:43.605+0000] {processor.py:925} INFO - DAG(s) 'latest_only' retrieved from /home/airflow/.local/lib/python3.12/site-packages/airflow/example_dags/example_latest_only.py
[2025-02-22T20:43:43.627+0000] {logging_mixin.py:190} INFO - [2025-02-22T20:43:43.626+0000] {dag.py:3239} INFO - Sync 1 DAGs
[2025-02-22T20:43:43.656+0000] {logging_mixin.py:190} INFO - [2025-02-22T20:43:43.656+0000] {dag.py:4180} INFO - Setting next_dagrun for latest_only to 2025-02-22 16:00:00+00:00, run_after=2025-02-22 20:00:00+00:00
[2025-02-22T20:43:43.677+0000] {processor.py:208} INFO - Processing /home/airflow/.local/lib/python3.12/site-packages/airflow/example_dags/example_latest_only.py took 0.093 seconds
[2025-02-22T20:44:15.051+0000] {processor.py:186} INFO - Started process (PID=1374) to work on /home/airflow/.local/lib/python3.12/site-packages/airflow/example_dags/example_latest_only.py
[2025-02-22T20:44:15.065+0000] {processor.py:914} INFO - Processing file /home/airflow/.local/lib/python3.12/site-packages/airflow/example_dags/example_latest_only.py for tasks to queue
[2025-02-22T20:44:15.069+0000] {logging_mixin.py:190} INFO - [2025-02-22T20:44:15.069+0000] {dagbag.py:588} INFO - Filling up the DagBag from /home/airflow/.local/lib/python3.12/site-packages/airflow/example_dags/example_latest_only.py
[2025-02-22T20:44:15.083+0000] {processor.py:925} INFO - DAG(s) 'latest_only' retrieved from /home/airflow/.local/lib/python3.12/site-packages/airflow/example_dags/example_latest_only.py
[2025-02-22T20:44:15.109+0000] {logging_mixin.py:190} INFO - [2025-02-22T20:44:15.109+0000] {dag.py:3239} INFO - Sync 1 DAGs
[2025-02-22T20:44:15.141+0000] {logging_mixin.py:190} INFO - [2025-02-22T20:44:15.141+0000] {dag.py:4180} INFO - Setting next_dagrun for latest_only to 2025-02-22 16:00:00+00:00, run_after=2025-02-22 20:00:00+00:00
[2025-02-22T20:44:15.206+0000] {processor.py:208} INFO - Processing /home/airflow/.local/lib/python3.12/site-packages/airflow/example_dags/example_latest_only.py took 0.165 seconds
[2025-02-22T20:44:46.429+0000] {processor.py:186} INFO - Started process (PID=1437) to work on /home/airflow/.local/lib/python3.12/site-packages/airflow/example_dags/example_latest_only.py
[2025-02-22T20:44:46.431+0000] {processor.py:914} INFO - Processing file /home/airflow/.local/lib/python3.12/site-packages/airflow/example_dags/example_latest_only.py for tasks to queue
[2025-02-22T20:44:46.433+0000] {logging_mixin.py:190} INFO - [2025-02-22T20:44:46.433+0000] {dagbag.py:588} INFO - Filling up the DagBag from /home/airflow/.local/lib/python3.12/site-packages/airflow/example_dags/example_latest_only.py
[2025-02-22T20:44:46.441+0000] {processor.py:925} INFO - DAG(s) 'latest_only' retrieved from /home/airflow/.local/lib/python3.12/site-packages/airflow/example_dags/example_latest_only.py
[2025-02-22T20:44:46.464+0000] {logging_mixin.py:190} INFO - [2025-02-22T20:44:46.464+0000] {dag.py:3239} INFO - Sync 1 DAGs
[2025-02-22T20:44:46.491+0000] {logging_mixin.py:190} INFO - [2025-02-22T20:44:46.490+0000] {dag.py:4180} INFO - Setting next_dagrun for latest_only to 2025-02-22 16:00:00+00:00, run_after=2025-02-22 20:00:00+00:00
[2025-02-22T20:44:46.511+0000] {processor.py:208} INFO - Processing /home/airflow/.local/lib/python3.12/site-packages/airflow/example_dags/example_latest_only.py took 0.088 seconds
[2025-02-22T20:45:17.879+0000] {processor.py:186} INFO - Started process (PID=1500) to work on /home/airflow/.local/lib/python3.12/site-packages/airflow/example_dags/example_latest_only.py
[2025-02-22T20:45:17.880+0000] {processor.py:914} INFO - Processing file /home/airflow/.local/lib/python3.12/site-packages/airflow/example_dags/example_latest_only.py for tasks to queue
[2025-02-22T20:45:17.884+0000] {logging_mixin.py:190} INFO - [2025-02-22T20:45:17.883+0000] {dagbag.py:588} INFO - Filling up the DagBag from /home/airflow/.local/lib/python3.12/site-packages/airflow/example_dags/example_latest_only.py
[2025-02-22T20:45:17.894+0000] {processor.py:925} INFO - DAG(s) 'latest_only' retrieved from /home/airflow/.local/lib/python3.12/site-packages/airflow/example_dags/example_latest_only.py
[2025-02-22T20:45:17.921+0000] {logging_mixin.py:190} INFO - [2025-02-22T20:45:17.920+0000] {dag.py:3239} INFO - Sync 1 DAGs
[2025-02-22T20:45:17.954+0000] {logging_mixin.py:190} INFO - [2025-02-22T20:45:17.954+0000] {dag.py:4180} INFO - Setting next_dagrun for latest_only to 2025-02-22 16:00:00+00:00, run_after=2025-02-22 20:00:00+00:00
[2025-02-22T20:45:17.982+0000] {processor.py:208} INFO - Processing /home/airflow/.local/lib/python3.12/site-packages/airflow/example_dags/example_latest_only.py took 0.114 seconds
[2025-02-22T20:45:49.353+0000] {processor.py:186} INFO - Started process (PID=1564) to work on /home/airflow/.local/lib/python3.12/site-packages/airflow/example_dags/example_latest_only.py
[2025-02-22T20:45:49.355+0000] {processor.py:914} INFO - Processing file /home/airflow/.local/lib/python3.12/site-packages/airflow/example_dags/example_latest_only.py for tasks to queue
[2025-02-22T20:45:49.358+0000] {logging_mixin.py:190} INFO - [2025-02-22T20:45:49.358+0000] {dagbag.py:588} INFO - Filling up the DagBag from /home/airflow/.local/lib/python3.12/site-packages/airflow/example_dags/example_latest_only.py
[2025-02-22T20:45:49.367+0000] {processor.py:925} INFO - DAG(s) 'latest_only' retrieved from /home/airflow/.local/lib/python3.12/site-packages/airflow/example_dags/example_latest_only.py
[2025-02-22T20:45:49.395+0000] {logging_mixin.py:190} INFO - [2025-02-22T20:45:49.394+0000] {dag.py:3239} INFO - Sync 1 DAGs
[2025-02-22T20:45:49.425+0000] {logging_mixin.py:190} INFO - [2025-02-22T20:45:49.425+0000] {dag.py:4180} INFO - Setting next_dagrun for latest_only to 2025-02-22 16:00:00+00:00, run_after=2025-02-22 20:00:00+00:00
[2025-02-22T20:45:49.451+0000] {processor.py:208} INFO - Processing /home/airflow/.local/lib/python3.12/site-packages/airflow/example_dags/example_latest_only.py took 0.105 seconds
[2025-02-22T20:46:19.537+0000] {processor.py:186} INFO - Started process (PID=1627) to work on /home/airflow/.local/lib/python3.12/site-packages/airflow/example_dags/example_latest_only.py
[2025-02-22T20:46:19.538+0000] {processor.py:914} INFO - Processing file /home/airflow/.local/lib/python3.12/site-packages/airflow/example_dags/example_latest_only.py for tasks to queue
[2025-02-22T20:46:19.541+0000] {logging_mixin.py:190} INFO - [2025-02-22T20:46:19.541+0000] {dagbag.py:588} INFO - Filling up the DagBag from /home/airflow/.local/lib/python3.12/site-packages/airflow/example_dags/example_latest_only.py
[2025-02-22T20:46:19.550+0000] {processor.py:925} INFO - DAG(s) 'latest_only' retrieved from /home/airflow/.local/lib/python3.12/site-packages/airflow/example_dags/example_latest_only.py
[2025-02-22T20:46:19.572+0000] {logging_mixin.py:190} INFO - [2025-02-22T20:46:19.571+0000] {dag.py:3239} INFO - Sync 1 DAGs
[2025-02-22T20:46:19.602+0000] {logging_mixin.py:190} INFO - [2025-02-22T20:46:19.602+0000] {dag.py:4180} INFO - Setting next_dagrun for latest_only to 2025-02-22 16:00:00+00:00, run_after=2025-02-22 20:00:00+00:00
[2025-02-22T20:46:19.624+0000] {processor.py:208} INFO - Processing /home/airflow/.local/lib/python3.12/site-packages/airflow/example_dags/example_latest_only.py took 0.094 seconds
[2025-02-22T20:46:51.529+0000] {processor.py:186} INFO - Started process (PID=1691) to work on /home/airflow/.local/lib/python3.12/site-packages/airflow/example_dags/example_latest_only.py
[2025-02-22T20:46:51.530+0000] {processor.py:914} INFO - Processing file /home/airflow/.local/lib/python3.12/site-packages/airflow/example_dags/example_latest_only.py for tasks to queue
[2025-02-22T20:46:51.533+0000] {logging_mixin.py:190} INFO - [2025-02-22T20:46:51.532+0000] {dagbag.py:588} INFO - Filling up the DagBag from /home/airflow/.local/lib/python3.12/site-packages/airflow/example_dags/example_latest_only.py
[2025-02-22T20:46:51.541+0000] {processor.py:925} INFO - DAG(s) 'latest_only' retrieved from /home/airflow/.local/lib/python3.12/site-packages/airflow/example_dags/example_latest_only.py
[2025-02-22T20:46:51.562+0000] {logging_mixin.py:190} INFO - [2025-02-22T20:46:51.562+0000] {dag.py:3239} INFO - Sync 1 DAGs
[2025-02-22T20:46:51.590+0000] {logging_mixin.py:190} INFO - [2025-02-22T20:46:51.590+0000] {dag.py:4180} INFO - Setting next_dagrun for latest_only to 2025-02-22 16:00:00+00:00, run_after=2025-02-22 20:00:00+00:00
[2025-02-22T20:46:51.616+0000] {processor.py:208} INFO - Processing /home/airflow/.local/lib/python3.12/site-packages/airflow/example_dags/example_latest_only.py took 0.095 seconds
[2025-02-22T20:47:22.153+0000] {processor.py:186} INFO - Started process (PID=1754) to work on /home/airflow/.local/lib/python3.12/site-packages/airflow/example_dags/example_latest_only.py
[2025-02-22T20:47:22.154+0000] {processor.py:914} INFO - Processing file /home/airflow/.local/lib/python3.12/site-packages/airflow/example_dags/example_latest_only.py for tasks to queue
[2025-02-22T20:47:22.157+0000] {logging_mixin.py:190} INFO - [2025-02-22T20:47:22.157+0000] {dagbag.py:588} INFO - Filling up the DagBag from /home/airflow/.local/lib/python3.12/site-packages/airflow/example_dags/example_latest_only.py
[2025-02-22T20:47:22.166+0000] {processor.py:925} INFO - DAG(s) 'latest_only' retrieved from /home/airflow/.local/lib/python3.12/site-packages/airflow/example_dags/example_latest_only.py
[2025-02-22T20:47:22.191+0000] {logging_mixin.py:190} INFO - [2025-02-22T20:47:22.191+0000] {dag.py:3239} INFO - Sync 1 DAGs
[2025-02-22T20:47:22.220+0000] {logging_mixin.py:190} INFO - [2025-02-22T20:47:22.220+0000] {dag.py:4180} INFO - Setting next_dagrun for latest_only to 2025-02-22 16:00:00+00:00, run_after=2025-02-22 20:00:00+00:00
[2025-02-22T20:47:22.243+0000] {processor.py:208} INFO - Processing /home/airflow/.local/lib/python3.12/site-packages/airflow/example_dags/example_latest_only.py took 0.097 seconds
[2025-02-22T20:47:53.310+0000] {processor.py:186} INFO - Started process (PID=1817) to work on /home/airflow/.local/lib/python3.12/site-packages/airflow/example_dags/example_latest_only.py
[2025-02-22T20:47:53.312+0000] {processor.py:914} INFO - Processing file /home/airflow/.local/lib/python3.12/site-packages/airflow/example_dags/example_latest_only.py for tasks to queue
[2025-02-22T20:47:53.315+0000] {logging_mixin.py:190} INFO - [2025-02-22T20:47:53.315+0000] {dagbag.py:588} INFO - Filling up the DagBag from /home/airflow/.local/lib/python3.12/site-packages/airflow/example_dags/example_latest_only.py
[2025-02-22T20:47:53.323+0000] {processor.py:925} INFO - DAG(s) 'latest_only' retrieved from /home/airflow/.local/lib/python3.12/site-packages/airflow/example_dags/example_latest_only.py
[2025-02-22T20:47:53.344+0000] {logging_mixin.py:190} INFO - [2025-02-22T20:47:53.344+0000] {dag.py:3239} INFO - Sync 1 DAGs
[2025-02-22T20:47:53.374+0000] {logging_mixin.py:190} INFO - [2025-02-22T20:47:53.374+0000] {dag.py:4180} INFO - Setting next_dagrun for latest_only to 2025-02-22 16:00:00+00:00, run_after=2025-02-22 20:00:00+00:00
[2025-02-22T20:47:53.397+0000] {processor.py:208} INFO - Processing /home/airflow/.local/lib/python3.12/site-packages/airflow/example_dags/example_latest_only.py took 0.095 seconds
[2025-02-22T20:48:24.877+0000] {processor.py:186} INFO - Started process (PID=1881) to work on /home/airflow/.local/lib/python3.12/site-packages/airflow/example_dags/example_latest_only.py
[2025-02-22T20:48:24.878+0000] {processor.py:914} INFO - Processing file /home/airflow/.local/lib/python3.12/site-packages/airflow/example_dags/example_latest_only.py for tasks to queue
[2025-02-22T20:48:24.881+0000] {logging_mixin.py:190} INFO - [2025-02-22T20:48:24.880+0000] {dagbag.py:588} INFO - Filling up the DagBag from /home/airflow/.local/lib/python3.12/site-packages/airflow/example_dags/example_latest_only.py
[2025-02-22T20:48:24.888+0000] {processor.py:925} INFO - DAG(s) 'latest_only' retrieved from /home/airflow/.local/lib/python3.12/site-packages/airflow/example_dags/example_latest_only.py
[2025-02-22T20:48:24.910+0000] {logging_mixin.py:190} INFO - [2025-02-22T20:48:24.910+0000] {dag.py:3239} INFO - Sync 1 DAGs
[2025-02-22T20:48:24.937+0000] {logging_mixin.py:190} INFO - [2025-02-22T20:48:24.937+0000] {dag.py:4180} INFO - Setting next_dagrun for latest_only to 2025-02-22 16:00:00+00:00, run_after=2025-02-22 20:00:00+00:00
[2025-02-22T20:48:24.960+0000] {processor.py:208} INFO - Processing /home/airflow/.local/lib/python3.12/site-packages/airflow/example_dags/example_latest_only.py took 0.092 seconds
[2025-02-22T20:48:56.402+0000] {processor.py:186} INFO - Started process (PID=1944) to work on /home/airflow/.local/lib/python3.12/site-packages/airflow/example_dags/example_latest_only.py
[2025-02-22T20:48:56.404+0000] {processor.py:914} INFO - Processing file /home/airflow/.local/lib/python3.12/site-packages/airflow/example_dags/example_latest_only.py for tasks to queue
[2025-02-22T20:48:56.406+0000] {logging_mixin.py:190} INFO - [2025-02-22T20:48:56.406+0000] {dagbag.py:588} INFO - Filling up the DagBag from /home/airflow/.local/lib/python3.12/site-packages/airflow/example_dags/example_latest_only.py
[2025-02-22T20:48:56.414+0000] {processor.py:925} INFO - DAG(s) 'latest_only' retrieved from /home/airflow/.local/lib/python3.12/site-packages/airflow/example_dags/example_latest_only.py
[2025-02-22T20:48:56.437+0000] {logging_mixin.py:190} INFO - [2025-02-22T20:48:56.437+0000] {dag.py:3239} INFO - Sync 1 DAGs
[2025-02-22T20:48:56.464+0000] {logging_mixin.py:190} INFO - [2025-02-22T20:48:56.463+0000] {dag.py:4180} INFO - Setting next_dagrun for latest_only to 2025-02-22 16:00:00+00:00, run_after=2025-02-22 20:00:00+00:00
[2025-02-22T20:48:56.487+0000] {processor.py:208} INFO - Processing /home/airflow/.local/lib/python3.12/site-packages/airflow/example_dags/example_latest_only.py took 0.091 seconds
