[2025-02-22T20:33:58.541+0000] {processor.py:186} INFO - Started process (PID=131) to work on /home/airflow/.local/lib/python3.12/site-packages/airflow/example_dags/example_external_task_marker_dag.py
[2025-02-22T20:33:58.544+0000] {processor.py:914} INFO - Processing file /home/airflow/.local/lib/python3.12/site-packages/airflow/example_dags/example_external_task_marker_dag.py for tasks to queue
[2025-02-22T20:33:58.550+0000] {logging_mixin.py:190} INFO - [2025-02-22T20:33:58.548+0000] {dagbag.py:588} INFO - Filling up the DagBag from /home/airflow/.local/lib/python3.12/site-packages/airflow/example_dags/example_external_task_marker_dag.py
[2025-02-22T20:33:58.563+0000] {processor.py:925} INFO - DAG(s) 'example_external_task_marker_parent', 'example_external_task_marker_child' retrieved from /home/airflow/.local/lib/python3.12/site-packages/airflow/example_dags/example_external_task_marker_dag.py
[2025-02-22T20:33:58.750+0000] {logging_mixin.py:190} INFO - [2025-02-22T20:33:58.749+0000] {override.py:1912} INFO - Created Permission View: can edit on DAG:example_external_task_marker_parent
[2025-02-22T20:33:58.765+0000] {logging_mixin.py:190} INFO - [2025-02-22T20:33:58.765+0000] {override.py:1912} INFO - Created Permission View: can read on DAG:example_external_task_marker_parent
[2025-02-22T20:33:58.777+0000] {logging_mixin.py:190} INFO - [2025-02-22T20:33:58.776+0000] {override.py:1912} INFO - Created Permission View: can delete on DAG:example_external_task_marker_parent
[2025-02-22T20:33:58.790+0000] {logging_mixin.py:190} INFO - [2025-02-22T20:33:58.790+0000] {override.py:1912} INFO - Created Permission View: can read on DAG Run:example_external_task_marker_parent
[2025-02-22T20:33:58.802+0000] {logging_mixin.py:190} INFO - [2025-02-22T20:33:58.802+0000] {override.py:1912} INFO - Created Permission View: menu access on DAG Run:example_external_task_marker_parent
[2025-02-22T20:33:58.814+0000] {logging_mixin.py:190} INFO - [2025-02-22T20:33:58.813+0000] {override.py:1912} INFO - Created Permission View: can create on DAG Run:example_external_task_marker_parent
[2025-02-22T20:33:58.824+0000] {logging_mixin.py:190} INFO - [2025-02-22T20:33:58.824+0000] {override.py:1912} INFO - Created Permission View: can delete on DAG Run:example_external_task_marker_parent
[2025-02-22T20:33:58.846+0000] {logging_mixin.py:190} INFO - [2025-02-22T20:33:58.846+0000] {override.py:1912} INFO - Created Permission View: can edit on DAG:example_external_task_marker_child
[2025-02-22T20:33:58.856+0000] {logging_mixin.py:190} INFO - [2025-02-22T20:33:58.856+0000] {override.py:1912} INFO - Created Permission View: can read on DAG:example_external_task_marker_child
[2025-02-22T20:33:58.866+0000] {logging_mixin.py:190} INFO - [2025-02-22T20:33:58.865+0000] {override.py:1912} INFO - Created Permission View: can delete on DAG:example_external_task_marker_child
[2025-02-22T20:33:58.880+0000] {logging_mixin.py:190} INFO - [2025-02-22T20:33:58.879+0000] {override.py:1912} INFO - Created Permission View: can read on DAG Run:example_external_task_marker_child
[2025-02-22T20:33:58.890+0000] {logging_mixin.py:190} INFO - [2025-02-22T20:33:58.890+0000] {override.py:1912} INFO - Created Permission View: menu access on DAG Run:example_external_task_marker_child
[2025-02-22T20:33:58.901+0000] {logging_mixin.py:190} INFO - [2025-02-22T20:33:58.901+0000] {override.py:1912} INFO - Created Permission View: can create on DAG Run:example_external_task_marker_child
[2025-02-22T20:33:58.911+0000] {logging_mixin.py:190} INFO - [2025-02-22T20:33:58.911+0000] {override.py:1912} INFO - Created Permission View: can delete on DAG Run:example_external_task_marker_child
[2025-02-22T20:33:58.912+0000] {logging_mixin.py:190} INFO - [2025-02-22T20:33:58.912+0000] {dag.py:3239} INFO - Sync 2 DAGs
[2025-02-22T20:33:58.937+0000] {logging_mixin.py:190} INFO - [2025-02-22T20:33:58.936+0000] {dag.py:3262} INFO - Creating ORM DAG for example_external_task_marker_parent
[2025-02-22T20:33:58.938+0000] {logging_mixin.py:190} INFO - [2025-02-22T20:33:58.938+0000] {dag.py:3262} INFO - Creating ORM DAG for example_external_task_marker_child
[2025-02-22T20:33:58.940+0000] {logging_mixin.py:190} INFO - [2025-02-22T20:33:58.940+0000] {dag.py:4180} INFO - Setting next_dagrun for example_external_task_marker_child to None, run_after=None
[2025-02-22T20:33:58.941+0000] {logging_mixin.py:190} INFO - [2025-02-22T20:33:58.941+0000] {dag.py:4180} INFO - Setting next_dagrun for example_external_task_marker_parent to None, run_after=None
[2025-02-22T20:33:58.969+0000] {processor.py:208} INFO - Processing /home/airflow/.local/lib/python3.12/site-packages/airflow/example_dags/example_external_task_marker_dag.py took 0.438 seconds
[2025-02-22T20:34:29.497+0000] {processor.py:186} INFO - Started process (PID=194) to work on /home/airflow/.local/lib/python3.12/site-packages/airflow/example_dags/example_external_task_marker_dag.py
[2025-02-22T20:34:29.498+0000] {processor.py:914} INFO - Processing file /home/airflow/.local/lib/python3.12/site-packages/airflow/example_dags/example_external_task_marker_dag.py for tasks to queue
[2025-02-22T20:34:29.502+0000] {logging_mixin.py:190} INFO - [2025-02-22T20:34:29.501+0000] {dagbag.py:588} INFO - Filling up the DagBag from /home/airflow/.local/lib/python3.12/site-packages/airflow/example_dags/example_external_task_marker_dag.py
[2025-02-22T20:34:29.514+0000] {processor.py:925} INFO - DAG(s) 'example_external_task_marker_parent', 'example_external_task_marker_child' retrieved from /home/airflow/.local/lib/python3.12/site-packages/airflow/example_dags/example_external_task_marker_dag.py
[2025-02-22T20:34:29.541+0000] {logging_mixin.py:190} INFO - [2025-02-22T20:34:29.541+0000] {dag.py:3239} INFO - Sync 2 DAGs
[2025-02-22T20:34:29.563+0000] {logging_mixin.py:190} INFO - [2025-02-22T20:34:29.563+0000] {dag.py:4180} INFO - Setting next_dagrun for example_external_task_marker_child to None, run_after=None
[2025-02-22T20:34:29.568+0000] {logging_mixin.py:190} INFO - [2025-02-22T20:34:29.568+0000] {dag.py:4180} INFO - Setting next_dagrun for example_external_task_marker_parent to None, run_after=None
[2025-02-22T20:34:29.589+0000] {processor.py:208} INFO - Processing /home/airflow/.local/lib/python3.12/site-packages/airflow/example_dags/example_external_task_marker_dag.py took 0.100 seconds
[2025-02-22T20:34:59.890+0000] {processor.py:186} INFO - Started process (PID=257) to work on /home/airflow/.local/lib/python3.12/site-packages/airflow/example_dags/example_external_task_marker_dag.py
[2025-02-22T20:34:59.891+0000] {processor.py:914} INFO - Processing file /home/airflow/.local/lib/python3.12/site-packages/airflow/example_dags/example_external_task_marker_dag.py for tasks to queue
[2025-02-22T20:34:59.894+0000] {logging_mixin.py:190} INFO - [2025-02-22T20:34:59.894+0000] {dagbag.py:588} INFO - Filling up the DagBag from /home/airflow/.local/lib/python3.12/site-packages/airflow/example_dags/example_external_task_marker_dag.py
[2025-02-22T20:34:59.904+0000] {processor.py:925} INFO - DAG(s) 'example_external_task_marker_parent', 'example_external_task_marker_child' retrieved from /home/airflow/.local/lib/python3.12/site-packages/airflow/example_dags/example_external_task_marker_dag.py
[2025-02-22T20:34:59.930+0000] {logging_mixin.py:190} INFO - [2025-02-22T20:34:59.930+0000] {dag.py:3239} INFO - Sync 2 DAGs
[2025-02-22T20:34:59.947+0000] {logging_mixin.py:190} INFO - [2025-02-22T20:34:59.947+0000] {dag.py:4180} INFO - Setting next_dagrun for example_external_task_marker_child to None, run_after=None
[2025-02-22T20:34:59.952+0000] {logging_mixin.py:190} INFO - [2025-02-22T20:34:59.951+0000] {dag.py:4180} INFO - Setting next_dagrun for example_external_task_marker_parent to None, run_after=None
[2025-02-22T20:34:59.972+0000] {processor.py:208} INFO - Processing /home/airflow/.local/lib/python3.12/site-packages/airflow/example_dags/example_external_task_marker_dag.py took 0.089 seconds
[2025-02-22T20:35:30.792+0000] {processor.py:186} INFO - Started process (PID=320) to work on /home/airflow/.local/lib/python3.12/site-packages/airflow/example_dags/example_external_task_marker_dag.py
[2025-02-22T20:35:30.794+0000] {processor.py:914} INFO - Processing file /home/airflow/.local/lib/python3.12/site-packages/airflow/example_dags/example_external_task_marker_dag.py for tasks to queue
[2025-02-22T20:35:30.797+0000] {logging_mixin.py:190} INFO - [2025-02-22T20:35:30.796+0000] {dagbag.py:588} INFO - Filling up the DagBag from /home/airflow/.local/lib/python3.12/site-packages/airflow/example_dags/example_external_task_marker_dag.py
[2025-02-22T20:35:30.806+0000] {processor.py:925} INFO - DAG(s) 'example_external_task_marker_child', 'example_external_task_marker_parent' retrieved from /home/airflow/.local/lib/python3.12/site-packages/airflow/example_dags/example_external_task_marker_dag.py
[2025-02-22T20:35:30.833+0000] {logging_mixin.py:190} INFO - [2025-02-22T20:35:30.833+0000] {dag.py:3239} INFO - Sync 2 DAGs
[2025-02-22T20:35:30.865+0000] {logging_mixin.py:190} INFO - [2025-02-22T20:35:30.865+0000] {dag.py:4180} INFO - Setting next_dagrun for example_external_task_marker_child to None, run_after=None
[2025-02-22T20:35:30.871+0000] {logging_mixin.py:190} INFO - [2025-02-22T20:35:30.871+0000] {dag.py:4180} INFO - Setting next_dagrun for example_external_task_marker_parent to None, run_after=None
[2025-02-22T20:35:30.896+0000] {processor.py:208} INFO - Processing /home/airflow/.local/lib/python3.12/site-packages/airflow/example_dags/example_external_task_marker_dag.py took 0.111 seconds
[2025-02-22T20:36:01.811+0000] {processor.py:186} INFO - Started process (PID=384) to work on /home/airflow/.local/lib/python3.12/site-packages/airflow/example_dags/example_external_task_marker_dag.py
[2025-02-22T20:36:01.812+0000] {processor.py:914} INFO - Processing file /home/airflow/.local/lib/python3.12/site-packages/airflow/example_dags/example_external_task_marker_dag.py for tasks to queue
[2025-02-22T20:36:01.815+0000] {logging_mixin.py:190} INFO - [2025-02-22T20:36:01.815+0000] {dagbag.py:588} INFO - Filling up the DagBag from /home/airflow/.local/lib/python3.12/site-packages/airflow/example_dags/example_external_task_marker_dag.py
[2025-02-22T20:36:01.824+0000] {processor.py:925} INFO - DAG(s) 'example_external_task_marker_parent', 'example_external_task_marker_child' retrieved from /home/airflow/.local/lib/python3.12/site-packages/airflow/example_dags/example_external_task_marker_dag.py
[2025-02-22T20:36:01.851+0000] {logging_mixin.py:190} INFO - [2025-02-22T20:36:01.851+0000] {dag.py:3239} INFO - Sync 2 DAGs
[2025-02-22T20:36:01.870+0000] {logging_mixin.py:190} INFO - [2025-02-22T20:36:01.870+0000] {dag.py:4180} INFO - Setting next_dagrun for example_external_task_marker_child to None, run_after=None
[2025-02-22T20:36:01.875+0000] {logging_mixin.py:190} INFO - [2025-02-22T20:36:01.875+0000] {dag.py:4180} INFO - Setting next_dagrun for example_external_task_marker_parent to None, run_after=None
[2025-02-22T20:36:01.894+0000] {processor.py:208} INFO - Processing /home/airflow/.local/lib/python3.12/site-packages/airflow/example_dags/example_external_task_marker_dag.py took 0.090 seconds
[2025-02-22T20:36:32.137+0000] {processor.py:186} INFO - Started process (PID=447) to work on /home/airflow/.local/lib/python3.12/site-packages/airflow/example_dags/example_external_task_marker_dag.py
[2025-02-22T20:36:32.139+0000] {processor.py:914} INFO - Processing file /home/airflow/.local/lib/python3.12/site-packages/airflow/example_dags/example_external_task_marker_dag.py for tasks to queue
[2025-02-22T20:36:32.142+0000] {logging_mixin.py:190} INFO - [2025-02-22T20:36:32.141+0000] {dagbag.py:588} INFO - Filling up the DagBag from /home/airflow/.local/lib/python3.12/site-packages/airflow/example_dags/example_external_task_marker_dag.py
[2025-02-22T20:36:32.152+0000] {processor.py:925} INFO - DAG(s) 'example_external_task_marker_parent', 'example_external_task_marker_child' retrieved from /home/airflow/.local/lib/python3.12/site-packages/airflow/example_dags/example_external_task_marker_dag.py
[2025-02-22T20:36:32.179+0000] {logging_mixin.py:190} INFO - [2025-02-22T20:36:32.179+0000] {dag.py:3239} INFO - Sync 2 DAGs
[2025-02-22T20:36:32.199+0000] {logging_mixin.py:190} INFO - [2025-02-22T20:36:32.198+0000] {dag.py:4180} INFO - Setting next_dagrun for example_external_task_marker_child to None, run_after=None
[2025-02-22T20:36:32.203+0000] {logging_mixin.py:190} INFO - [2025-02-22T20:36:32.203+0000] {dag.py:4180} INFO - Setting next_dagrun for example_external_task_marker_parent to None, run_after=None
[2025-02-22T20:36:32.228+0000] {processor.py:208} INFO - Processing /home/airflow/.local/lib/python3.12/site-packages/airflow/example_dags/example_external_task_marker_dag.py took 0.098 seconds
[2025-02-22T20:37:03.003+0000] {processor.py:186} INFO - Started process (PID=510) to work on /home/airflow/.local/lib/python3.12/site-packages/airflow/example_dags/example_external_task_marker_dag.py
[2025-02-22T20:37:03.004+0000] {processor.py:914} INFO - Processing file /home/airflow/.local/lib/python3.12/site-packages/airflow/example_dags/example_external_task_marker_dag.py for tasks to queue
[2025-02-22T20:37:03.007+0000] {logging_mixin.py:190} INFO - [2025-02-22T20:37:03.007+0000] {dagbag.py:588} INFO - Filling up the DagBag from /home/airflow/.local/lib/python3.12/site-packages/airflow/example_dags/example_external_task_marker_dag.py
[2025-02-22T20:37:03.017+0000] {processor.py:925} INFO - DAG(s) 'example_external_task_marker_child', 'example_external_task_marker_parent' retrieved from /home/airflow/.local/lib/python3.12/site-packages/airflow/example_dags/example_external_task_marker_dag.py
[2025-02-22T20:37:03.045+0000] {logging_mixin.py:190} INFO - [2025-02-22T20:37:03.045+0000] {dag.py:3239} INFO - Sync 2 DAGs
[2025-02-22T20:37:03.064+0000] {logging_mixin.py:190} INFO - [2025-02-22T20:37:03.064+0000] {dag.py:4180} INFO - Setting next_dagrun for example_external_task_marker_child to None, run_after=None
[2025-02-22T20:37:03.075+0000] {logging_mixin.py:190} INFO - [2025-02-22T20:37:03.075+0000] {dag.py:4180} INFO - Setting next_dagrun for example_external_task_marker_parent to None, run_after=None
[2025-02-22T20:37:03.096+0000] {processor.py:208} INFO - Processing /home/airflow/.local/lib/python3.12/site-packages/airflow/example_dags/example_external_task_marker_dag.py took 0.100 seconds
[2025-02-22T20:37:33.281+0000] {processor.py:186} INFO - Started process (PID=573) to work on /home/airflow/.local/lib/python3.12/site-packages/airflow/example_dags/example_external_task_marker_dag.py
[2025-02-22T20:37:33.282+0000] {processor.py:914} INFO - Processing file /home/airflow/.local/lib/python3.12/site-packages/airflow/example_dags/example_external_task_marker_dag.py for tasks to queue
[2025-02-22T20:37:33.286+0000] {logging_mixin.py:190} INFO - [2025-02-22T20:37:33.285+0000] {dagbag.py:588} INFO - Filling up the DagBag from /home/airflow/.local/lib/python3.12/site-packages/airflow/example_dags/example_external_task_marker_dag.py
[2025-02-22T20:37:33.297+0000] {processor.py:925} INFO - DAG(s) 'example_external_task_marker_child', 'example_external_task_marker_parent' retrieved from /home/airflow/.local/lib/python3.12/site-packages/airflow/example_dags/example_external_task_marker_dag.py
[2025-02-22T20:37:33.329+0000] {logging_mixin.py:190} INFO - [2025-02-22T20:37:33.329+0000] {dag.py:3239} INFO - Sync 2 DAGs
[2025-02-22T20:37:33.351+0000] {logging_mixin.py:190} INFO - [2025-02-22T20:37:33.350+0000] {dag.py:4180} INFO - Setting next_dagrun for example_external_task_marker_child to None, run_after=None
[2025-02-22T20:37:33.356+0000] {logging_mixin.py:190} INFO - [2025-02-22T20:37:33.356+0000] {dag.py:4180} INFO - Setting next_dagrun for example_external_task_marker_parent to None, run_after=None
[2025-02-22T20:37:33.377+0000] {processor.py:208} INFO - Processing /home/airflow/.local/lib/python3.12/site-packages/airflow/example_dags/example_external_task_marker_dag.py took 0.106 seconds
[2025-02-22T20:38:03.724+0000] {processor.py:186} INFO - Started process (PID=636) to work on /home/airflow/.local/lib/python3.12/site-packages/airflow/example_dags/example_external_task_marker_dag.py
[2025-02-22T20:38:03.725+0000] {processor.py:914} INFO - Processing file /home/airflow/.local/lib/python3.12/site-packages/airflow/example_dags/example_external_task_marker_dag.py for tasks to queue
[2025-02-22T20:38:03.728+0000] {logging_mixin.py:190} INFO - [2025-02-22T20:38:03.728+0000] {dagbag.py:588} INFO - Filling up the DagBag from /home/airflow/.local/lib/python3.12/site-packages/airflow/example_dags/example_external_task_marker_dag.py
[2025-02-22T20:38:03.741+0000] {processor.py:925} INFO - DAG(s) 'example_external_task_marker_child', 'example_external_task_marker_parent' retrieved from /home/airflow/.local/lib/python3.12/site-packages/airflow/example_dags/example_external_task_marker_dag.py
[2025-02-22T20:38:03.771+0000] {logging_mixin.py:190} INFO - [2025-02-22T20:38:03.771+0000] {dag.py:3239} INFO - Sync 2 DAGs
[2025-02-22T20:38:03.790+0000] {logging_mixin.py:190} INFO - [2025-02-22T20:38:03.790+0000] {dag.py:4180} INFO - Setting next_dagrun for example_external_task_marker_child to None, run_after=None
[2025-02-22T20:38:03.797+0000] {logging_mixin.py:190} INFO - [2025-02-22T20:38:03.796+0000] {dag.py:4180} INFO - Setting next_dagrun for example_external_task_marker_parent to None, run_after=None
[2025-02-22T20:38:03.818+0000] {processor.py:208} INFO - Processing /home/airflow/.local/lib/python3.12/site-packages/airflow/example_dags/example_external_task_marker_dag.py took 0.102 seconds
[2025-02-22T20:38:34.811+0000] {processor.py:186} INFO - Started process (PID=699) to work on /home/airflow/.local/lib/python3.12/site-packages/airflow/example_dags/example_external_task_marker_dag.py
[2025-02-22T20:38:34.813+0000] {processor.py:914} INFO - Processing file /home/airflow/.local/lib/python3.12/site-packages/airflow/example_dags/example_external_task_marker_dag.py for tasks to queue
[2025-02-22T20:38:34.818+0000] {logging_mixin.py:190} INFO - [2025-02-22T20:38:34.817+0000] {dagbag.py:588} INFO - Filling up the DagBag from /home/airflow/.local/lib/python3.12/site-packages/airflow/example_dags/example_external_task_marker_dag.py
[2025-02-22T20:38:34.839+0000] {processor.py:925} INFO - DAG(s) 'example_external_task_marker_parent', 'example_external_task_marker_child' retrieved from /home/airflow/.local/lib/python3.12/site-packages/airflow/example_dags/example_external_task_marker_dag.py
[2025-02-22T20:38:34.953+0000] {logging_mixin.py:190} INFO - [2025-02-22T20:38:34.952+0000] {dag.py:3239} INFO - Sync 2 DAGs
[2025-02-22T20:38:34.996+0000] {logging_mixin.py:190} INFO - [2025-02-22T20:38:34.996+0000] {dag.py:4180} INFO - Setting next_dagrun for example_external_task_marker_child to None, run_after=None
[2025-02-22T20:38:35.010+0000] {logging_mixin.py:190} INFO - [2025-02-22T20:38:35.010+0000] {dag.py:4180} INFO - Setting next_dagrun for example_external_task_marker_parent to None, run_after=None
[2025-02-22T20:38:35.047+0000] {processor.py:208} INFO - Processing /home/airflow/.local/lib/python3.12/site-packages/airflow/example_dags/example_external_task_marker_dag.py took 0.249 seconds
[2025-02-22T20:39:05.797+0000] {processor.py:186} INFO - Started process (PID=762) to work on /home/airflow/.local/lib/python3.12/site-packages/airflow/example_dags/example_external_task_marker_dag.py
[2025-02-22T20:39:05.799+0000] {processor.py:914} INFO - Processing file /home/airflow/.local/lib/python3.12/site-packages/airflow/example_dags/example_external_task_marker_dag.py for tasks to queue
[2025-02-22T20:39:05.802+0000] {logging_mixin.py:190} INFO - [2025-02-22T20:39:05.801+0000] {dagbag.py:588} INFO - Filling up the DagBag from /home/airflow/.local/lib/python3.12/site-packages/airflow/example_dags/example_external_task_marker_dag.py
[2025-02-22T20:39:05.811+0000] {processor.py:925} INFO - DAG(s) 'example_external_task_marker_child', 'example_external_task_marker_parent' retrieved from /home/airflow/.local/lib/python3.12/site-packages/airflow/example_dags/example_external_task_marker_dag.py
[2025-02-22T20:39:05.839+0000] {logging_mixin.py:190} INFO - [2025-02-22T20:39:05.839+0000] {dag.py:3239} INFO - Sync 2 DAGs
[2025-02-22T20:39:05.862+0000] {logging_mixin.py:190} INFO - [2025-02-22T20:39:05.862+0000] {dag.py:4180} INFO - Setting next_dagrun for example_external_task_marker_child to None, run_after=None
[2025-02-22T20:39:05.867+0000] {logging_mixin.py:190} INFO - [2025-02-22T20:39:05.867+0000] {dag.py:4180} INFO - Setting next_dagrun for example_external_task_marker_parent to None, run_after=None
[2025-02-22T20:39:05.893+0000] {processor.py:208} INFO - Processing /home/airflow/.local/lib/python3.12/site-packages/airflow/example_dags/example_external_task_marker_dag.py took 0.104 seconds
[2025-02-22T20:39:36.326+0000] {processor.py:186} INFO - Started process (PID=824) to work on /home/airflow/.local/lib/python3.12/site-packages/airflow/example_dags/example_external_task_marker_dag.py
[2025-02-22T20:39:36.327+0000] {processor.py:914} INFO - Processing file /home/airflow/.local/lib/python3.12/site-packages/airflow/example_dags/example_external_task_marker_dag.py for tasks to queue
[2025-02-22T20:39:36.330+0000] {logging_mixin.py:190} INFO - [2025-02-22T20:39:36.329+0000] {dagbag.py:588} INFO - Filling up the DagBag from /home/airflow/.local/lib/python3.12/site-packages/airflow/example_dags/example_external_task_marker_dag.py
[2025-02-22T20:39:36.340+0000] {processor.py:925} INFO - DAG(s) 'example_external_task_marker_child', 'example_external_task_marker_parent' retrieved from /home/airflow/.local/lib/python3.12/site-packages/airflow/example_dags/example_external_task_marker_dag.py
[2025-02-22T20:39:36.371+0000] {logging_mixin.py:190} INFO - [2025-02-22T20:39:36.370+0000] {dag.py:3239} INFO - Sync 2 DAGs
[2025-02-22T20:39:36.391+0000] {logging_mixin.py:190} INFO - [2025-02-22T20:39:36.391+0000] {dag.py:4180} INFO - Setting next_dagrun for example_external_task_marker_child to None, run_after=None
[2025-02-22T20:39:36.396+0000] {logging_mixin.py:190} INFO - [2025-02-22T20:39:36.396+0000] {dag.py:4180} INFO - Setting next_dagrun for example_external_task_marker_parent to None, run_after=None
[2025-02-22T20:39:36.433+0000] {processor.py:208} INFO - Processing /home/airflow/.local/lib/python3.12/site-packages/airflow/example_dags/example_external_task_marker_dag.py took 0.118 seconds
[2025-02-22T20:40:07.200+0000] {processor.py:186} INFO - Started process (PID=887) to work on /home/airflow/.local/lib/python3.12/site-packages/airflow/example_dags/example_external_task_marker_dag.py
[2025-02-22T20:40:07.202+0000] {processor.py:914} INFO - Processing file /home/airflow/.local/lib/python3.12/site-packages/airflow/example_dags/example_external_task_marker_dag.py for tasks to queue
[2025-02-22T20:40:07.204+0000] {logging_mixin.py:190} INFO - [2025-02-22T20:40:07.204+0000] {dagbag.py:588} INFO - Filling up the DagBag from /home/airflow/.local/lib/python3.12/site-packages/airflow/example_dags/example_external_task_marker_dag.py
[2025-02-22T20:40:07.213+0000] {processor.py:925} INFO - DAG(s) 'example_external_task_marker_child', 'example_external_task_marker_parent' retrieved from /home/airflow/.local/lib/python3.12/site-packages/airflow/example_dags/example_external_task_marker_dag.py
[2025-02-22T20:40:07.240+0000] {logging_mixin.py:190} INFO - [2025-02-22T20:40:07.240+0000] {dag.py:3239} INFO - Sync 2 DAGs
[2025-02-22T20:40:07.262+0000] {logging_mixin.py:190} INFO - [2025-02-22T20:40:07.261+0000] {dag.py:4180} INFO - Setting next_dagrun for example_external_task_marker_child to None, run_after=None
[2025-02-22T20:40:07.268+0000] {logging_mixin.py:190} INFO - [2025-02-22T20:40:07.267+0000] {dag.py:4180} INFO - Setting next_dagrun for example_external_task_marker_parent to None, run_after=None
[2025-02-22T20:40:07.298+0000] {processor.py:208} INFO - Processing /home/airflow/.local/lib/python3.12/site-packages/airflow/example_dags/example_external_task_marker_dag.py took 0.105 seconds
[2025-02-22T20:40:39.259+0000] {processor.py:186} INFO - Started process (PID=951) to work on /home/airflow/.local/lib/python3.12/site-packages/airflow/example_dags/example_external_task_marker_dag.py
[2025-02-22T20:40:39.260+0000] {processor.py:914} INFO - Processing file /home/airflow/.local/lib/python3.12/site-packages/airflow/example_dags/example_external_task_marker_dag.py for tasks to queue
[2025-02-22T20:40:39.263+0000] {logging_mixin.py:190} INFO - [2025-02-22T20:40:39.263+0000] {dagbag.py:588} INFO - Filling up the DagBag from /home/airflow/.local/lib/python3.12/site-packages/airflow/example_dags/example_external_task_marker_dag.py
[2025-02-22T20:40:39.276+0000] {processor.py:925} INFO - DAG(s) 'example_external_task_marker_parent', 'example_external_task_marker_child' retrieved from /home/airflow/.local/lib/python3.12/site-packages/airflow/example_dags/example_external_task_marker_dag.py
[2025-02-22T20:40:39.308+0000] {logging_mixin.py:190} INFO - [2025-02-22T20:40:39.307+0000] {dag.py:3239} INFO - Sync 2 DAGs
[2025-02-22T20:40:39.327+0000] {logging_mixin.py:190} INFO - [2025-02-22T20:40:39.327+0000] {dag.py:4180} INFO - Setting next_dagrun for example_external_task_marker_child to None, run_after=None
[2025-02-22T20:40:39.333+0000] {logging_mixin.py:190} INFO - [2025-02-22T20:40:39.333+0000] {dag.py:4180} INFO - Setting next_dagrun for example_external_task_marker_parent to None, run_after=None
[2025-02-22T20:40:39.356+0000] {processor.py:208} INFO - Processing /home/airflow/.local/lib/python3.12/site-packages/airflow/example_dags/example_external_task_marker_dag.py took 0.106 seconds
[2025-02-22T20:41:10.966+0000] {processor.py:186} INFO - Started process (PID=1016) to work on /home/airflow/.local/lib/python3.12/site-packages/airflow/example_dags/example_external_task_marker_dag.py
[2025-02-22T20:41:10.968+0000] {processor.py:914} INFO - Processing file /home/airflow/.local/lib/python3.12/site-packages/airflow/example_dags/example_external_task_marker_dag.py for tasks to queue
[2025-02-22T20:41:10.974+0000] {logging_mixin.py:190} INFO - [2025-02-22T20:41:10.973+0000] {dagbag.py:588} INFO - Filling up the DagBag from /home/airflow/.local/lib/python3.12/site-packages/airflow/example_dags/example_external_task_marker_dag.py
[2025-02-22T20:41:10.993+0000] {processor.py:925} INFO - DAG(s) 'example_external_task_marker_child', 'example_external_task_marker_parent' retrieved from /home/airflow/.local/lib/python3.12/site-packages/airflow/example_dags/example_external_task_marker_dag.py
[2025-02-22T20:41:11.040+0000] {logging_mixin.py:190} INFO - [2025-02-22T20:41:11.039+0000] {dag.py:3239} INFO - Sync 2 DAGs
[2025-02-22T20:41:11.076+0000] {logging_mixin.py:190} INFO - [2025-02-22T20:41:11.075+0000] {dag.py:4180} INFO - Setting next_dagrun for example_external_task_marker_child to None, run_after=None
[2025-02-22T20:41:11.083+0000] {logging_mixin.py:190} INFO - [2025-02-22T20:41:11.083+0000] {dag.py:4180} INFO - Setting next_dagrun for example_external_task_marker_parent to None, run_after=None
[2025-02-22T20:41:11.113+0000] {processor.py:208} INFO - Processing /home/airflow/.local/lib/python3.12/site-packages/airflow/example_dags/example_external_task_marker_dag.py took 0.160 seconds
[2025-02-22T20:41:41.318+0000] {processor.py:186} INFO - Started process (PID=1078) to work on /home/airflow/.local/lib/python3.12/site-packages/airflow/example_dags/example_external_task_marker_dag.py
[2025-02-22T20:41:41.320+0000] {processor.py:914} INFO - Processing file /home/airflow/.local/lib/python3.12/site-packages/airflow/example_dags/example_external_task_marker_dag.py for tasks to queue
[2025-02-22T20:41:41.323+0000] {logging_mixin.py:190} INFO - [2025-02-22T20:41:41.323+0000] {dagbag.py:588} INFO - Filling up the DagBag from /home/airflow/.local/lib/python3.12/site-packages/airflow/example_dags/example_external_task_marker_dag.py
[2025-02-22T20:41:41.338+0000] {processor.py:925} INFO - DAG(s) 'example_external_task_marker_child', 'example_external_task_marker_parent' retrieved from /home/airflow/.local/lib/python3.12/site-packages/airflow/example_dags/example_external_task_marker_dag.py
[2025-02-22T20:41:41.374+0000] {logging_mixin.py:190} INFO - [2025-02-22T20:41:41.373+0000] {dag.py:3239} INFO - Sync 2 DAGs
[2025-02-22T20:41:41.399+0000] {logging_mixin.py:190} INFO - [2025-02-22T20:41:41.399+0000] {dag.py:4180} INFO - Setting next_dagrun for example_external_task_marker_child to None, run_after=None
[2025-02-22T20:41:41.406+0000] {logging_mixin.py:190} INFO - [2025-02-22T20:41:41.406+0000] {dag.py:4180} INFO - Setting next_dagrun for example_external_task_marker_parent to None, run_after=None
[2025-02-22T20:41:41.436+0000] {processor.py:208} INFO - Processing /home/airflow/.local/lib/python3.12/site-packages/airflow/example_dags/example_external_task_marker_dag.py took 0.126 seconds
[2025-02-22T20:42:15.759+0000] {processor.py:186} INFO - Started process (PID=1141) to work on /home/airflow/.local/lib/python3.12/site-packages/airflow/example_dags/example_external_task_marker_dag.py
[2025-02-22T20:42:15.761+0000] {processor.py:914} INFO - Processing file /home/airflow/.local/lib/python3.12/site-packages/airflow/example_dags/example_external_task_marker_dag.py for tasks to queue
[2025-02-22T20:42:15.768+0000] {logging_mixin.py:190} INFO - [2025-02-22T20:42:15.767+0000] {dagbag.py:588} INFO - Filling up the DagBag from /home/airflow/.local/lib/python3.12/site-packages/airflow/example_dags/example_external_task_marker_dag.py
[2025-02-22T20:42:15.784+0000] {processor.py:925} INFO - DAG(s) 'example_external_task_marker_parent', 'example_external_task_marker_child' retrieved from /home/airflow/.local/lib/python3.12/site-packages/airflow/example_dags/example_external_task_marker_dag.py
[2025-02-22T20:42:15.834+0000] {logging_mixin.py:190} INFO - [2025-02-22T20:42:15.833+0000] {dag.py:3239} INFO - Sync 2 DAGs
[2025-02-22T20:42:15.864+0000] {logging_mixin.py:190} INFO - [2025-02-22T20:42:15.864+0000] {dag.py:4180} INFO - Setting next_dagrun for example_external_task_marker_child to None, run_after=None
[2025-02-22T20:42:15.871+0000] {logging_mixin.py:190} INFO - [2025-02-22T20:42:15.871+0000] {dag.py:4180} INFO - Setting next_dagrun for example_external_task_marker_parent to None, run_after=None
[2025-02-22T20:42:15.898+0000] {processor.py:208} INFO - Processing /home/airflow/.local/lib/python3.12/site-packages/airflow/example_dags/example_external_task_marker_dag.py took 0.152 seconds
[2025-02-22T20:42:47.975+0000] {processor.py:186} INFO - Started process (PID=1207) to work on /home/airflow/.local/lib/python3.12/site-packages/airflow/example_dags/example_external_task_marker_dag.py
[2025-02-22T20:42:47.977+0000] {processor.py:914} INFO - Processing file /home/airflow/.local/lib/python3.12/site-packages/airflow/example_dags/example_external_task_marker_dag.py for tasks to queue
[2025-02-22T20:42:47.981+0000] {logging_mixin.py:190} INFO - [2025-02-22T20:42:47.980+0000] {dagbag.py:588} INFO - Filling up the DagBag from /home/airflow/.local/lib/python3.12/site-packages/airflow/example_dags/example_external_task_marker_dag.py
[2025-02-22T20:42:47.994+0000] {processor.py:925} INFO - DAG(s) 'example_external_task_marker_child', 'example_external_task_marker_parent' retrieved from /home/airflow/.local/lib/python3.12/site-packages/airflow/example_dags/example_external_task_marker_dag.py
[2025-02-22T20:42:48.035+0000] {logging_mixin.py:190} INFO - [2025-02-22T20:42:48.034+0000] {dag.py:3239} INFO - Sync 2 DAGs
[2025-02-22T20:42:48.062+0000] {logging_mixin.py:190} INFO - [2025-02-22T20:42:48.061+0000] {dag.py:4180} INFO - Setting next_dagrun for example_external_task_marker_child to None, run_after=None
[2025-02-22T20:42:48.068+0000] {logging_mixin.py:190} INFO - [2025-02-22T20:42:48.068+0000] {dag.py:4180} INFO - Setting next_dagrun for example_external_task_marker_parent to None, run_after=None
[2025-02-22T20:42:48.097+0000] {processor.py:208} INFO - Processing /home/airflow/.local/lib/python3.12/site-packages/airflow/example_dags/example_external_task_marker_dag.py took 0.132 seconds
[2025-02-22T20:43:19.052+0000] {processor.py:186} INFO - Started process (PID=1270) to work on /home/airflow/.local/lib/python3.12/site-packages/airflow/example_dags/example_external_task_marker_dag.py
[2025-02-22T20:43:19.054+0000] {processor.py:914} INFO - Processing file /home/airflow/.local/lib/python3.12/site-packages/airflow/example_dags/example_external_task_marker_dag.py for tasks to queue
[2025-02-22T20:43:19.058+0000] {logging_mixin.py:190} INFO - [2025-02-22T20:43:19.057+0000] {dagbag.py:588} INFO - Filling up the DagBag from /home/airflow/.local/lib/python3.12/site-packages/airflow/example_dags/example_external_task_marker_dag.py
[2025-02-22T20:43:19.074+0000] {processor.py:925} INFO - DAG(s) 'example_external_task_marker_parent', 'example_external_task_marker_child' retrieved from /home/airflow/.local/lib/python3.12/site-packages/airflow/example_dags/example_external_task_marker_dag.py
[2025-02-22T20:43:19.116+0000] {logging_mixin.py:190} INFO - [2025-02-22T20:43:19.116+0000] {dag.py:3239} INFO - Sync 2 DAGs
[2025-02-22T20:43:19.142+0000] {logging_mixin.py:190} INFO - [2025-02-22T20:43:19.141+0000] {dag.py:4180} INFO - Setting next_dagrun for example_external_task_marker_child to None, run_after=None
[2025-02-22T20:43:19.149+0000] {logging_mixin.py:190} INFO - [2025-02-22T20:43:19.149+0000] {dag.py:4180} INFO - Setting next_dagrun for example_external_task_marker_parent to None, run_after=None
[2025-02-22T20:43:19.177+0000] {processor.py:208} INFO - Processing /home/airflow/.local/lib/python3.12/site-packages/airflow/example_dags/example_external_task_marker_dag.py took 0.142 seconds
[2025-02-22T20:43:50.251+0000] {processor.py:186} INFO - Started process (PID=1333) to work on /home/airflow/.local/lib/python3.12/site-packages/airflow/example_dags/example_external_task_marker_dag.py
[2025-02-22T20:43:50.253+0000] {processor.py:914} INFO - Processing file /home/airflow/.local/lib/python3.12/site-packages/airflow/example_dags/example_external_task_marker_dag.py for tasks to queue
[2025-02-22T20:43:50.256+0000] {logging_mixin.py:190} INFO - [2025-02-22T20:43:50.256+0000] {dagbag.py:588} INFO - Filling up the DagBag from /home/airflow/.local/lib/python3.12/site-packages/airflow/example_dags/example_external_task_marker_dag.py
[2025-02-22T20:43:50.267+0000] {processor.py:925} INFO - DAG(s) 'example_external_task_marker_parent', 'example_external_task_marker_child' retrieved from /home/airflow/.local/lib/python3.12/site-packages/airflow/example_dags/example_external_task_marker_dag.py
[2025-02-22T20:43:50.297+0000] {logging_mixin.py:190} INFO - [2025-02-22T20:43:50.297+0000] {dag.py:3239} INFO - Sync 2 DAGs
[2025-02-22T20:43:50.322+0000] {logging_mixin.py:190} INFO - [2025-02-22T20:43:50.322+0000] {dag.py:4180} INFO - Setting next_dagrun for example_external_task_marker_child to None, run_after=None
[2025-02-22T20:43:50.328+0000] {logging_mixin.py:190} INFO - [2025-02-22T20:43:50.328+0000] {dag.py:4180} INFO - Setting next_dagrun for example_external_task_marker_parent to None, run_after=None
[2025-02-22T20:43:50.355+0000] {processor.py:208} INFO - Processing /home/airflow/.local/lib/python3.12/site-packages/airflow/example_dags/example_external_task_marker_dag.py took 0.111 seconds
[2025-02-22T20:44:21.812+0000] {processor.py:186} INFO - Started process (PID=1396) to work on /home/airflow/.local/lib/python3.12/site-packages/airflow/example_dags/example_external_task_marker_dag.py
[2025-02-22T20:44:21.813+0000] {processor.py:914} INFO - Processing file /home/airflow/.local/lib/python3.12/site-packages/airflow/example_dags/example_external_task_marker_dag.py for tasks to queue
[2025-02-22T20:44:21.817+0000] {logging_mixin.py:190} INFO - [2025-02-22T20:44:21.816+0000] {dagbag.py:588} INFO - Filling up the DagBag from /home/airflow/.local/lib/python3.12/site-packages/airflow/example_dags/example_external_task_marker_dag.py
[2025-02-22T20:44:21.828+0000] {processor.py:925} INFO - DAG(s) 'example_external_task_marker_child', 'example_external_task_marker_parent' retrieved from /home/airflow/.local/lib/python3.12/site-packages/airflow/example_dags/example_external_task_marker_dag.py
[2025-02-22T20:44:21.861+0000] {logging_mixin.py:190} INFO - [2025-02-22T20:44:21.860+0000] {dag.py:3239} INFO - Sync 2 DAGs
[2025-02-22T20:44:21.886+0000] {logging_mixin.py:190} INFO - [2025-02-22T20:44:21.886+0000] {dag.py:4180} INFO - Setting next_dagrun for example_external_task_marker_child to None, run_after=None
[2025-02-22T20:44:21.893+0000] {logging_mixin.py:190} INFO - [2025-02-22T20:44:21.893+0000] {dag.py:4180} INFO - Setting next_dagrun for example_external_task_marker_parent to None, run_after=None
[2025-02-22T20:44:21.923+0000] {processor.py:208} INFO - Processing /home/airflow/.local/lib/python3.12/site-packages/airflow/example_dags/example_external_task_marker_dag.py took 0.120 seconds
[2025-02-22T20:44:53.209+0000] {processor.py:186} INFO - Started process (PID=1459) to work on /home/airflow/.local/lib/python3.12/site-packages/airflow/example_dags/example_external_task_marker_dag.py
[2025-02-22T20:44:53.211+0000] {processor.py:914} INFO - Processing file /home/airflow/.local/lib/python3.12/site-packages/airflow/example_dags/example_external_task_marker_dag.py for tasks to queue
[2025-02-22T20:44:53.214+0000] {logging_mixin.py:190} INFO - [2025-02-22T20:44:53.214+0000] {dagbag.py:588} INFO - Filling up the DagBag from /home/airflow/.local/lib/python3.12/site-packages/airflow/example_dags/example_external_task_marker_dag.py
[2025-02-22T20:44:53.225+0000] {processor.py:925} INFO - DAG(s) 'example_external_task_marker_parent', 'example_external_task_marker_child' retrieved from /home/airflow/.local/lib/python3.12/site-packages/airflow/example_dags/example_external_task_marker_dag.py
[2025-02-22T20:44:53.266+0000] {logging_mixin.py:190} INFO - [2025-02-22T20:44:53.265+0000] {dag.py:3239} INFO - Sync 2 DAGs
[2025-02-22T20:44:53.290+0000] {logging_mixin.py:190} INFO - [2025-02-22T20:44:53.290+0000] {dag.py:4180} INFO - Setting next_dagrun for example_external_task_marker_child to None, run_after=None
[2025-02-22T20:44:53.296+0000] {logging_mixin.py:190} INFO - [2025-02-22T20:44:53.296+0000] {dag.py:4180} INFO - Setting next_dagrun for example_external_task_marker_parent to None, run_after=None
[2025-02-22T20:44:53.321+0000] {processor.py:208} INFO - Processing /home/airflow/.local/lib/python3.12/site-packages/airflow/example_dags/example_external_task_marker_dag.py took 0.121 seconds
[2025-02-22T20:45:24.123+0000] {processor.py:186} INFO - Started process (PID=1522) to work on /home/airflow/.local/lib/python3.12/site-packages/airflow/example_dags/example_external_task_marker_dag.py
[2025-02-22T20:45:24.125+0000] {processor.py:914} INFO - Processing file /home/airflow/.local/lib/python3.12/site-packages/airflow/example_dags/example_external_task_marker_dag.py for tasks to queue
[2025-02-22T20:45:24.128+0000] {logging_mixin.py:190} INFO - [2025-02-22T20:45:24.127+0000] {dagbag.py:588} INFO - Filling up the DagBag from /home/airflow/.local/lib/python3.12/site-packages/airflow/example_dags/example_external_task_marker_dag.py
[2025-02-22T20:45:24.138+0000] {processor.py:925} INFO - DAG(s) 'example_external_task_marker_child', 'example_external_task_marker_parent' retrieved from /home/airflow/.local/lib/python3.12/site-packages/airflow/example_dags/example_external_task_marker_dag.py
[2025-02-22T20:45:24.170+0000] {logging_mixin.py:190} INFO - [2025-02-22T20:45:24.169+0000] {dag.py:3239} INFO - Sync 2 DAGs
[2025-02-22T20:45:24.188+0000] {logging_mixin.py:190} INFO - [2025-02-22T20:45:24.188+0000] {dag.py:4180} INFO - Setting next_dagrun for example_external_task_marker_child to None, run_after=None
[2025-02-22T20:45:24.193+0000] {logging_mixin.py:190} INFO - [2025-02-22T20:45:24.193+0000] {dag.py:4180} INFO - Setting next_dagrun for example_external_task_marker_parent to None, run_after=None
[2025-02-22T20:45:24.219+0000] {processor.py:208} INFO - Processing /home/airflow/.local/lib/python3.12/site-packages/airflow/example_dags/example_external_task_marker_dag.py took 0.104 seconds
[2025-02-22T20:45:56.142+0000] {processor.py:186} INFO - Started process (PID=1585) to work on /home/airflow/.local/lib/python3.12/site-packages/airflow/example_dags/example_external_task_marker_dag.py
[2025-02-22T20:45:56.143+0000] {processor.py:914} INFO - Processing file /home/airflow/.local/lib/python3.12/site-packages/airflow/example_dags/example_external_task_marker_dag.py for tasks to queue
[2025-02-22T20:45:56.146+0000] {logging_mixin.py:190} INFO - [2025-02-22T20:45:56.146+0000] {dagbag.py:588} INFO - Filling up the DagBag from /home/airflow/.local/lib/python3.12/site-packages/airflow/example_dags/example_external_task_marker_dag.py
[2025-02-22T20:45:56.158+0000] {processor.py:925} INFO - DAG(s) 'example_external_task_marker_parent', 'example_external_task_marker_child' retrieved from /home/airflow/.local/lib/python3.12/site-packages/airflow/example_dags/example_external_task_marker_dag.py
[2025-02-22T20:45:56.192+0000] {logging_mixin.py:190} INFO - [2025-02-22T20:45:56.191+0000] {dag.py:3239} INFO - Sync 2 DAGs
[2025-02-22T20:45:56.215+0000] {logging_mixin.py:190} INFO - [2025-02-22T20:45:56.215+0000] {dag.py:4180} INFO - Setting next_dagrun for example_external_task_marker_child to None, run_after=None
[2025-02-22T20:45:56.221+0000] {logging_mixin.py:190} INFO - [2025-02-22T20:45:56.221+0000] {dag.py:4180} INFO - Setting next_dagrun for example_external_task_marker_parent to None, run_after=None
[2025-02-22T20:45:56.248+0000] {processor.py:208} INFO - Processing /home/airflow/.local/lib/python3.12/site-packages/airflow/example_dags/example_external_task_marker_dag.py took 0.115 seconds
[2025-02-22T20:46:27.492+0000] {processor.py:186} INFO - Started process (PID=1654) to work on /home/airflow/.local/lib/python3.12/site-packages/airflow/example_dags/example_external_task_marker_dag.py
[2025-02-22T20:46:27.494+0000] {processor.py:914} INFO - Processing file /home/airflow/.local/lib/python3.12/site-packages/airflow/example_dags/example_external_task_marker_dag.py for tasks to queue
[2025-02-22T20:46:27.496+0000] {logging_mixin.py:190} INFO - [2025-02-22T20:46:27.496+0000] {dagbag.py:588} INFO - Filling up the DagBag from /home/airflow/.local/lib/python3.12/site-packages/airflow/example_dags/example_external_task_marker_dag.py
[2025-02-22T20:46:27.506+0000] {processor.py:925} INFO - DAG(s) 'example_external_task_marker_parent', 'example_external_task_marker_child' retrieved from /home/airflow/.local/lib/python3.12/site-packages/airflow/example_dags/example_external_task_marker_dag.py
[2025-02-22T20:46:27.534+0000] {logging_mixin.py:190} INFO - [2025-02-22T20:46:27.534+0000] {dag.py:3239} INFO - Sync 2 DAGs
[2025-02-22T20:46:27.552+0000] {logging_mixin.py:190} INFO - [2025-02-22T20:46:27.552+0000] {dag.py:4180} INFO - Setting next_dagrun for example_external_task_marker_child to None, run_after=None
[2025-02-22T20:46:27.556+0000] {logging_mixin.py:190} INFO - [2025-02-22T20:46:27.556+0000] {dag.py:4180} INFO - Setting next_dagrun for example_external_task_marker_parent to None, run_after=None
[2025-02-22T20:46:27.575+0000] {processor.py:208} INFO - Processing /home/airflow/.local/lib/python3.12/site-packages/airflow/example_dags/example_external_task_marker_dag.py took 0.092 seconds
[2025-02-22T20:46:57.966+0000] {processor.py:186} INFO - Started process (PID=1717) to work on /home/airflow/.local/lib/python3.12/site-packages/airflow/example_dags/example_external_task_marker_dag.py
[2025-02-22T20:46:57.967+0000] {processor.py:914} INFO - Processing file /home/airflow/.local/lib/python3.12/site-packages/airflow/example_dags/example_external_task_marker_dag.py for tasks to queue
[2025-02-22T20:46:57.970+0000] {logging_mixin.py:190} INFO - [2025-02-22T20:46:57.970+0000] {dagbag.py:588} INFO - Filling up the DagBag from /home/airflow/.local/lib/python3.12/site-packages/airflow/example_dags/example_external_task_marker_dag.py
[2025-02-22T20:46:57.978+0000] {processor.py:925} INFO - DAG(s) 'example_external_task_marker_child', 'example_external_task_marker_parent' retrieved from /home/airflow/.local/lib/python3.12/site-packages/airflow/example_dags/example_external_task_marker_dag.py
[2025-02-22T20:46:58.004+0000] {logging_mixin.py:190} INFO - [2025-02-22T20:46:58.004+0000] {dag.py:3239} INFO - Sync 2 DAGs
[2025-02-22T20:46:58.021+0000] {logging_mixin.py:190} INFO - [2025-02-22T20:46:58.021+0000] {dag.py:4180} INFO - Setting next_dagrun for example_external_task_marker_child to None, run_after=None
[2025-02-22T20:46:58.026+0000] {logging_mixin.py:190} INFO - [2025-02-22T20:46:58.025+0000] {dag.py:4180} INFO - Setting next_dagrun for example_external_task_marker_parent to None, run_after=None
[2025-02-22T20:46:58.047+0000] {processor.py:208} INFO - Processing /home/airflow/.local/lib/python3.12/site-packages/airflow/example_dags/example_external_task_marker_dag.py took 0.088 seconds
[2025-02-22T20:47:29.177+0000] {processor.py:186} INFO - Started process (PID=1780) to work on /home/airflow/.local/lib/python3.12/site-packages/airflow/example_dags/example_external_task_marker_dag.py
[2025-02-22T20:47:29.185+0000] {processor.py:914} INFO - Processing file /home/airflow/.local/lib/python3.12/site-packages/airflow/example_dags/example_external_task_marker_dag.py for tasks to queue
[2025-02-22T20:47:29.188+0000] {logging_mixin.py:190} INFO - [2025-02-22T20:47:29.188+0000] {dagbag.py:588} INFO - Filling up the DagBag from /home/airflow/.local/lib/python3.12/site-packages/airflow/example_dags/example_external_task_marker_dag.py
[2025-02-22T20:47:29.198+0000] {processor.py:925} INFO - DAG(s) 'example_external_task_marker_parent', 'example_external_task_marker_child' retrieved from /home/airflow/.local/lib/python3.12/site-packages/airflow/example_dags/example_external_task_marker_dag.py
[2025-02-22T20:47:29.228+0000] {logging_mixin.py:190} INFO - [2025-02-22T20:47:29.228+0000] {dag.py:3239} INFO - Sync 2 DAGs
[2025-02-22T20:47:29.252+0000] {logging_mixin.py:190} INFO - [2025-02-22T20:47:29.252+0000] {dag.py:4180} INFO - Setting next_dagrun for example_external_task_marker_child to None, run_after=None
[2025-02-22T20:47:29.257+0000] {logging_mixin.py:190} INFO - [2025-02-22T20:47:29.257+0000] {dag.py:4180} INFO - Setting next_dagrun for example_external_task_marker_parent to None, run_after=None
[2025-02-22T20:47:29.276+0000] {processor.py:208} INFO - Processing /home/airflow/.local/lib/python3.12/site-packages/airflow/example_dags/example_external_task_marker_dag.py took 0.106 seconds
[2025-02-22T20:47:59.393+0000] {processor.py:186} INFO - Started process (PID=1843) to work on /home/airflow/.local/lib/python3.12/site-packages/airflow/example_dags/example_external_task_marker_dag.py
[2025-02-22T20:47:59.394+0000] {processor.py:914} INFO - Processing file /home/airflow/.local/lib/python3.12/site-packages/airflow/example_dags/example_external_task_marker_dag.py for tasks to queue
[2025-02-22T20:47:59.397+0000] {logging_mixin.py:190} INFO - [2025-02-22T20:47:59.396+0000] {dagbag.py:588} INFO - Filling up the DagBag from /home/airflow/.local/lib/python3.12/site-packages/airflow/example_dags/example_external_task_marker_dag.py
[2025-02-22T20:47:59.405+0000] {processor.py:925} INFO - DAG(s) 'example_external_task_marker_child', 'example_external_task_marker_parent' retrieved from /home/airflow/.local/lib/python3.12/site-packages/airflow/example_dags/example_external_task_marker_dag.py
[2025-02-22T20:47:59.430+0000] {logging_mixin.py:190} INFO - [2025-02-22T20:47:59.430+0000] {dag.py:3239} INFO - Sync 2 DAGs
[2025-02-22T20:47:59.447+0000] {logging_mixin.py:190} INFO - [2025-02-22T20:47:59.446+0000] {dag.py:4180} INFO - Setting next_dagrun for example_external_task_marker_child to None, run_after=None
[2025-02-22T20:47:59.451+0000] {logging_mixin.py:190} INFO - [2025-02-22T20:47:59.450+0000] {dag.py:4180} INFO - Setting next_dagrun for example_external_task_marker_parent to None, run_after=None
[2025-02-22T20:47:59.470+0000] {processor.py:208} INFO - Processing /home/airflow/.local/lib/python3.12/site-packages/airflow/example_dags/example_external_task_marker_dag.py took 0.084 seconds
[2025-02-22T20:48:29.735+0000] {processor.py:186} INFO - Started process (PID=1905) to work on /home/airflow/.local/lib/python3.12/site-packages/airflow/example_dags/example_external_task_marker_dag.py
[2025-02-22T20:48:29.736+0000] {processor.py:914} INFO - Processing file /home/airflow/.local/lib/python3.12/site-packages/airflow/example_dags/example_external_task_marker_dag.py for tasks to queue
[2025-02-22T20:48:29.738+0000] {logging_mixin.py:190} INFO - [2025-02-22T20:48:29.738+0000] {dagbag.py:588} INFO - Filling up the DagBag from /home/airflow/.local/lib/python3.12/site-packages/airflow/example_dags/example_external_task_marker_dag.py
[2025-02-22T20:48:29.748+0000] {processor.py:925} INFO - DAG(s) 'example_external_task_marker_child', 'example_external_task_marker_parent' retrieved from /home/airflow/.local/lib/python3.12/site-packages/airflow/example_dags/example_external_task_marker_dag.py
[2025-02-22T20:48:29.774+0000] {logging_mixin.py:190} INFO - [2025-02-22T20:48:29.773+0000] {dag.py:3239} INFO - Sync 2 DAGs
[2025-02-22T20:48:29.793+0000] {logging_mixin.py:190} INFO - [2025-02-22T20:48:29.792+0000] {dag.py:4180} INFO - Setting next_dagrun for example_external_task_marker_child to None, run_after=None
[2025-02-22T20:48:29.797+0000] {logging_mixin.py:190} INFO - [2025-02-22T20:48:29.797+0000] {dag.py:4180} INFO - Setting next_dagrun for example_external_task_marker_parent to None, run_after=None
[2025-02-22T20:48:29.820+0000] {processor.py:208} INFO - Processing /home/airflow/.local/lib/python3.12/site-packages/airflow/example_dags/example_external_task_marker_dag.py took 0.093 seconds
[2025-02-22T20:49:00.772+0000] {processor.py:186} INFO - Started process (PID=1968) to work on /home/airflow/.local/lib/python3.12/site-packages/airflow/example_dags/example_external_task_marker_dag.py
[2025-02-22T20:49:00.773+0000] {processor.py:914} INFO - Processing file /home/airflow/.local/lib/python3.12/site-packages/airflow/example_dags/example_external_task_marker_dag.py for tasks to queue
[2025-02-22T20:49:00.776+0000] {logging_mixin.py:190} INFO - [2025-02-22T20:49:00.775+0000] {dagbag.py:588} INFO - Filling up the DagBag from /home/airflow/.local/lib/python3.12/site-packages/airflow/example_dags/example_external_task_marker_dag.py
[2025-02-22T20:49:00.789+0000] {processor.py:925} INFO - DAG(s) 'example_external_task_marker_parent', 'example_external_task_marker_child' retrieved from /home/airflow/.local/lib/python3.12/site-packages/airflow/example_dags/example_external_task_marker_dag.py
[2025-02-22T20:49:00.817+0000] {logging_mixin.py:190} INFO - [2025-02-22T20:49:00.817+0000] {dag.py:3239} INFO - Sync 2 DAGs
[2025-02-22T20:49:00.835+0000] {logging_mixin.py:190} INFO - [2025-02-22T20:49:00.835+0000] {dag.py:4180} INFO - Setting next_dagrun for example_external_task_marker_child to None, run_after=None
[2025-02-22T20:49:00.840+0000] {logging_mixin.py:190} INFO - [2025-02-22T20:49:00.839+0000] {dag.py:4180} INFO - Setting next_dagrun for example_external_task_marker_parent to None, run_after=None
[2025-02-22T20:49:00.867+0000] {processor.py:208} INFO - Processing /home/airflow/.local/lib/python3.12/site-packages/airflow/example_dags/example_external_task_marker_dag.py took 0.102 seconds
