[2025-02-22T20:33:56.441+0000] {processor.py:186} INFO - Started process (PID=122) to work on /home/airflow/.local/lib/python3.12/site-packages/airflow/example_dags/example_task_group_decorator.py
[2025-02-22T20:33:56.443+0000] {processor.py:914} INFO - Processing file /home/airflow/.local/lib/python3.12/site-packages/airflow/example_dags/example_task_group_decorator.py for tasks to queue
[2025-02-22T20:33:56.448+0000] {logging_mixin.py:190} INFO - [2025-02-22T20:33:56.447+0000] {dagbag.py:588} INFO - Filling up the DagBag from /home/airflow/.local/lib/python3.12/site-packages/airflow/example_dags/example_task_group_decorator.py
[2025-02-22T20:33:56.505+0000] {processor.py:925} INFO - DAG(s) 'example_task_group_decorator' retrieved from /home/airflow/.local/lib/python3.12/site-packages/airflow/example_dags/example_task_group_decorator.py
[2025-02-22T20:33:56.744+0000] {logging_mixin.py:190} INFO - [2025-02-22T20:33:56.743+0000] {override.py:1912} INFO - Created Permission View: can edit on DAG:example_task_group_decorator
[2025-02-22T20:33:56.786+0000] {logging_mixin.py:190} INFO - [2025-02-22T20:33:56.785+0000] {override.py:1912} INFO - Created Permission View: can read on DAG:example_task_group_decorator
[2025-02-22T20:33:56.809+0000] {logging_mixin.py:190} INFO - [2025-02-22T20:33:56.809+0000] {override.py:1912} INFO - Created Permission View: can delete on DAG:example_task_group_decorator
[2025-02-22T20:33:56.839+0000] {logging_mixin.py:190} INFO - [2025-02-22T20:33:56.838+0000] {override.py:1912} INFO - Created Permission View: can read on DAG Run:example_task_group_decorator
[2025-02-22T20:33:56.864+0000] {logging_mixin.py:190} INFO - [2025-02-22T20:33:56.863+0000] {override.py:1912} INFO - Created Permission View: menu access on DAG Run:example_task_group_decorator
[2025-02-22T20:33:56.895+0000] {logging_mixin.py:190} INFO - [2025-02-22T20:33:56.895+0000] {override.py:1912} INFO - Created Permission View: can create on DAG Run:example_task_group_decorator
[2025-02-22T20:33:56.918+0000] {logging_mixin.py:190} INFO - [2025-02-22T20:33:56.918+0000] {override.py:1912} INFO - Created Permission View: can delete on DAG Run:example_task_group_decorator
[2025-02-22T20:33:56.920+0000] {logging_mixin.py:190} INFO - [2025-02-22T20:33:56.919+0000] {dag.py:3239} INFO - Sync 1 DAGs
[2025-02-22T20:33:56.952+0000] {logging_mixin.py:190} INFO - [2025-02-22T20:33:56.951+0000] {dag.py:3262} INFO - Creating ORM DAG for example_task_group_decorator
[2025-02-22T20:33:56.954+0000] {logging_mixin.py:190} INFO - [2025-02-22T20:33:56.953+0000] {dag.py:4180} INFO - Setting next_dagrun for example_task_group_decorator to None, run_after=None
[2025-02-22T20:33:56.983+0000] {processor.py:208} INFO - Processing /home/airflow/.local/lib/python3.12/site-packages/airflow/example_dags/example_task_group_decorator.py took 0.556 seconds
[2025-02-22T20:34:27.818+0000] {processor.py:186} INFO - Started process (PID=185) to work on /home/airflow/.local/lib/python3.12/site-packages/airflow/example_dags/example_task_group_decorator.py
[2025-02-22T20:34:27.819+0000] {processor.py:914} INFO - Processing file /home/airflow/.local/lib/python3.12/site-packages/airflow/example_dags/example_task_group_decorator.py for tasks to queue
[2025-02-22T20:34:27.822+0000] {logging_mixin.py:190} INFO - [2025-02-22T20:34:27.822+0000] {dagbag.py:588} INFO - Filling up the DagBag from /home/airflow/.local/lib/python3.12/site-packages/airflow/example_dags/example_task_group_decorator.py
[2025-02-22T20:34:27.842+0000] {processor.py:925} INFO - DAG(s) 'example_task_group_decorator' retrieved from /home/airflow/.local/lib/python3.12/site-packages/airflow/example_dags/example_task_group_decorator.py
[2025-02-22T20:34:27.873+0000] {logging_mixin.py:190} INFO - [2025-02-22T20:34:27.873+0000] {dag.py:3239} INFO - Sync 1 DAGs
[2025-02-22T20:34:27.890+0000] {logging_mixin.py:190} INFO - [2025-02-22T20:34:27.889+0000] {dag.py:4180} INFO - Setting next_dagrun for example_task_group_decorator to None, run_after=None
[2025-02-22T20:34:27.911+0000] {processor.py:208} INFO - Processing /home/airflow/.local/lib/python3.12/site-packages/airflow/example_dags/example_task_group_decorator.py took 0.100 seconds
[2025-02-22T20:34:58.219+0000] {processor.py:186} INFO - Started process (PID=248) to work on /home/airflow/.local/lib/python3.12/site-packages/airflow/example_dags/example_task_group_decorator.py
[2025-02-22T20:34:58.221+0000] {processor.py:914} INFO - Processing file /home/airflow/.local/lib/python3.12/site-packages/airflow/example_dags/example_task_group_decorator.py for tasks to queue
[2025-02-22T20:34:58.224+0000] {logging_mixin.py:190} INFO - [2025-02-22T20:34:58.223+0000] {dagbag.py:588} INFO - Filling up the DagBag from /home/airflow/.local/lib/python3.12/site-packages/airflow/example_dags/example_task_group_decorator.py
[2025-02-22T20:34:58.242+0000] {processor.py:925} INFO - DAG(s) 'example_task_group_decorator' retrieved from /home/airflow/.local/lib/python3.12/site-packages/airflow/example_dags/example_task_group_decorator.py
[2025-02-22T20:34:58.273+0000] {logging_mixin.py:190} INFO - [2025-02-22T20:34:58.273+0000] {dag.py:3239} INFO - Sync 1 DAGs
[2025-02-22T20:34:58.289+0000] {logging_mixin.py:190} INFO - [2025-02-22T20:34:58.288+0000] {dag.py:4180} INFO - Setting next_dagrun for example_task_group_decorator to None, run_after=None
[2025-02-22T20:34:58.312+0000] {processor.py:208} INFO - Processing /home/airflow/.local/lib/python3.12/site-packages/airflow/example_dags/example_task_group_decorator.py took 0.099 seconds
[2025-02-22T20:35:29.082+0000] {processor.py:186} INFO - Started process (PID=311) to work on /home/airflow/.local/lib/python3.12/site-packages/airflow/example_dags/example_task_group_decorator.py
[2025-02-22T20:35:29.083+0000] {processor.py:914} INFO - Processing file /home/airflow/.local/lib/python3.12/site-packages/airflow/example_dags/example_task_group_decorator.py for tasks to queue
[2025-02-22T20:35:29.086+0000] {logging_mixin.py:190} INFO - [2025-02-22T20:35:29.086+0000] {dagbag.py:588} INFO - Filling up the DagBag from /home/airflow/.local/lib/python3.12/site-packages/airflow/example_dags/example_task_group_decorator.py
[2025-02-22T20:35:29.105+0000] {processor.py:925} INFO - DAG(s) 'example_task_group_decorator' retrieved from /home/airflow/.local/lib/python3.12/site-packages/airflow/example_dags/example_task_group_decorator.py
[2025-02-22T20:35:29.136+0000] {logging_mixin.py:190} INFO - [2025-02-22T20:35:29.135+0000] {dag.py:3239} INFO - Sync 1 DAGs
[2025-02-22T20:35:29.154+0000] {logging_mixin.py:190} INFO - [2025-02-22T20:35:29.153+0000] {dag.py:4180} INFO - Setting next_dagrun for example_task_group_decorator to None, run_after=None
[2025-02-22T20:35:29.182+0000] {processor.py:208} INFO - Processing /home/airflow/.local/lib/python3.12/site-packages/airflow/example_dags/example_task_group_decorator.py took 0.108 seconds
[2025-02-22T20:35:59.273+0000] {processor.py:186} INFO - Started process (PID=375) to work on /home/airflow/.local/lib/python3.12/site-packages/airflow/example_dags/example_task_group_decorator.py
[2025-02-22T20:35:59.274+0000] {processor.py:914} INFO - Processing file /home/airflow/.local/lib/python3.12/site-packages/airflow/example_dags/example_task_group_decorator.py for tasks to queue
[2025-02-22T20:35:59.277+0000] {logging_mixin.py:190} INFO - [2025-02-22T20:35:59.277+0000] {dagbag.py:588} INFO - Filling up the DagBag from /home/airflow/.local/lib/python3.12/site-packages/airflow/example_dags/example_task_group_decorator.py
[2025-02-22T20:35:59.294+0000] {processor.py:925} INFO - DAG(s) 'example_task_group_decorator' retrieved from /home/airflow/.local/lib/python3.12/site-packages/airflow/example_dags/example_task_group_decorator.py
[2025-02-22T20:35:59.324+0000] {logging_mixin.py:190} INFO - [2025-02-22T20:35:59.324+0000] {dag.py:3239} INFO - Sync 1 DAGs
[2025-02-22T20:35:59.340+0000] {logging_mixin.py:190} INFO - [2025-02-22T20:35:59.340+0000] {dag.py:4180} INFO - Setting next_dagrun for example_task_group_decorator to None, run_after=None
[2025-02-22T20:35:59.361+0000] {processor.py:208} INFO - Processing /home/airflow/.local/lib/python3.12/site-packages/airflow/example_dags/example_task_group_decorator.py took 0.095 seconds
[2025-02-22T20:36:29.541+0000] {processor.py:186} INFO - Started process (PID=438) to work on /home/airflow/.local/lib/python3.12/site-packages/airflow/example_dags/example_task_group_decorator.py
[2025-02-22T20:36:29.543+0000] {processor.py:914} INFO - Processing file /home/airflow/.local/lib/python3.12/site-packages/airflow/example_dags/example_task_group_decorator.py for tasks to queue
[2025-02-22T20:36:29.546+0000] {logging_mixin.py:190} INFO - [2025-02-22T20:36:29.546+0000] {dagbag.py:588} INFO - Filling up the DagBag from /home/airflow/.local/lib/python3.12/site-packages/airflow/example_dags/example_task_group_decorator.py
[2025-02-22T20:36:29.568+0000] {processor.py:925} INFO - DAG(s) 'example_task_group_decorator' retrieved from /home/airflow/.local/lib/python3.12/site-packages/airflow/example_dags/example_task_group_decorator.py
[2025-02-22T20:36:29.602+0000] {logging_mixin.py:190} INFO - [2025-02-22T20:36:29.601+0000] {dag.py:3239} INFO - Sync 1 DAGs
[2025-02-22T20:36:29.621+0000] {logging_mixin.py:190} INFO - [2025-02-22T20:36:29.621+0000] {dag.py:4180} INFO - Setting next_dagrun for example_task_group_decorator to None, run_after=None
[2025-02-22T20:36:29.646+0000] {processor.py:208} INFO - Processing /home/airflow/.local/lib/python3.12/site-packages/airflow/example_dags/example_task_group_decorator.py took 0.114 seconds
[2025-02-22T20:37:00.307+0000] {processor.py:186} INFO - Started process (PID=501) to work on /home/airflow/.local/lib/python3.12/site-packages/airflow/example_dags/example_task_group_decorator.py
[2025-02-22T20:37:00.308+0000] {processor.py:914} INFO - Processing file /home/airflow/.local/lib/python3.12/site-packages/airflow/example_dags/example_task_group_decorator.py for tasks to queue
[2025-02-22T20:37:00.311+0000] {logging_mixin.py:190} INFO - [2025-02-22T20:37:00.310+0000] {dagbag.py:588} INFO - Filling up the DagBag from /home/airflow/.local/lib/python3.12/site-packages/airflow/example_dags/example_task_group_decorator.py
[2025-02-22T20:37:00.335+0000] {processor.py:925} INFO - DAG(s) 'example_task_group_decorator' retrieved from /home/airflow/.local/lib/python3.12/site-packages/airflow/example_dags/example_task_group_decorator.py
[2025-02-22T20:37:00.364+0000] {logging_mixin.py:190} INFO - [2025-02-22T20:37:00.364+0000] {dag.py:3239} INFO - Sync 1 DAGs
[2025-02-22T20:37:00.383+0000] {logging_mixin.py:190} INFO - [2025-02-22T20:37:00.382+0000] {dag.py:4180} INFO - Setting next_dagrun for example_task_group_decorator to None, run_after=None
[2025-02-22T20:37:00.410+0000] {processor.py:208} INFO - Processing /home/airflow/.local/lib/python3.12/site-packages/airflow/example_dags/example_task_group_decorator.py took 0.111 seconds
[2025-02-22T20:37:31.376+0000] {processor.py:186} INFO - Started process (PID=564) to work on /home/airflow/.local/lib/python3.12/site-packages/airflow/example_dags/example_task_group_decorator.py
[2025-02-22T20:37:31.377+0000] {processor.py:914} INFO - Processing file /home/airflow/.local/lib/python3.12/site-packages/airflow/example_dags/example_task_group_decorator.py for tasks to queue
[2025-02-22T20:37:31.381+0000] {logging_mixin.py:190} INFO - [2025-02-22T20:37:31.380+0000] {dagbag.py:588} INFO - Filling up the DagBag from /home/airflow/.local/lib/python3.12/site-packages/airflow/example_dags/example_task_group_decorator.py
[2025-02-22T20:37:31.406+0000] {processor.py:925} INFO - DAG(s) 'example_task_group_decorator' retrieved from /home/airflow/.local/lib/python3.12/site-packages/airflow/example_dags/example_task_group_decorator.py
[2025-02-22T20:37:31.438+0000] {logging_mixin.py:190} INFO - [2025-02-22T20:37:31.438+0000] {dag.py:3239} INFO - Sync 1 DAGs
[2025-02-22T20:37:31.457+0000] {logging_mixin.py:190} INFO - [2025-02-22T20:37:31.457+0000] {dag.py:4180} INFO - Setting next_dagrun for example_task_group_decorator to None, run_after=None
[2025-02-22T20:37:31.479+0000] {processor.py:208} INFO - Processing /home/airflow/.local/lib/python3.12/site-packages/airflow/example_dags/example_task_group_decorator.py took 0.110 seconds
[2025-02-22T20:38:01.617+0000] {processor.py:186} INFO - Started process (PID=626) to work on /home/airflow/.local/lib/python3.12/site-packages/airflow/example_dags/example_task_group_decorator.py
[2025-02-22T20:38:01.619+0000] {processor.py:914} INFO - Processing file /home/airflow/.local/lib/python3.12/site-packages/airflow/example_dags/example_task_group_decorator.py for tasks to queue
[2025-02-22T20:38:01.621+0000] {logging_mixin.py:190} INFO - [2025-02-22T20:38:01.621+0000] {dagbag.py:588} INFO - Filling up the DagBag from /home/airflow/.local/lib/python3.12/site-packages/airflow/example_dags/example_task_group_decorator.py
[2025-02-22T20:38:01.638+0000] {processor.py:925} INFO - DAG(s) 'example_task_group_decorator' retrieved from /home/airflow/.local/lib/python3.12/site-packages/airflow/example_dags/example_task_group_decorator.py
[2025-02-22T20:38:01.669+0000] {logging_mixin.py:190} INFO - [2025-02-22T20:38:01.669+0000] {dag.py:3239} INFO - Sync 1 DAGs
[2025-02-22T20:38:01.685+0000] {logging_mixin.py:190} INFO - [2025-02-22T20:38:01.685+0000] {dag.py:4180} INFO - Setting next_dagrun for example_task_group_decorator to None, run_after=None
[2025-02-22T20:38:01.706+0000] {processor.py:208} INFO - Processing /home/airflow/.local/lib/python3.12/site-packages/airflow/example_dags/example_task_group_decorator.py took 0.096 seconds
[2025-02-22T20:38:32.474+0000] {processor.py:186} INFO - Started process (PID=689) to work on /home/airflow/.local/lib/python3.12/site-packages/airflow/example_dags/example_task_group_decorator.py
[2025-02-22T20:38:32.475+0000] {processor.py:914} INFO - Processing file /home/airflow/.local/lib/python3.12/site-packages/airflow/example_dags/example_task_group_decorator.py for tasks to queue
[2025-02-22T20:38:32.479+0000] {logging_mixin.py:190} INFO - [2025-02-22T20:38:32.478+0000] {dagbag.py:588} INFO - Filling up the DagBag from /home/airflow/.local/lib/python3.12/site-packages/airflow/example_dags/example_task_group_decorator.py
[2025-02-22T20:38:32.500+0000] {processor.py:925} INFO - DAG(s) 'example_task_group_decorator' retrieved from /home/airflow/.local/lib/python3.12/site-packages/airflow/example_dags/example_task_group_decorator.py
[2025-02-22T20:38:32.535+0000] {logging_mixin.py:190} INFO - [2025-02-22T20:38:32.535+0000] {dag.py:3239} INFO - Sync 1 DAGs
[2025-02-22T20:38:32.555+0000] {logging_mixin.py:190} INFO - [2025-02-22T20:38:32.555+0000] {dag.py:4180} INFO - Setting next_dagrun for example_task_group_decorator to None, run_after=None
[2025-02-22T20:38:32.584+0000] {processor.py:208} INFO - Processing /home/airflow/.local/lib/python3.12/site-packages/airflow/example_dags/example_task_group_decorator.py took 0.119 seconds
[2025-02-22T20:39:02.901+0000] {processor.py:186} INFO - Started process (PID=752) to work on /home/airflow/.local/lib/python3.12/site-packages/airflow/example_dags/example_task_group_decorator.py
[2025-02-22T20:39:02.902+0000] {processor.py:914} INFO - Processing file /home/airflow/.local/lib/python3.12/site-packages/airflow/example_dags/example_task_group_decorator.py for tasks to queue
[2025-02-22T20:39:02.905+0000] {logging_mixin.py:190} INFO - [2025-02-22T20:39:02.905+0000] {dagbag.py:588} INFO - Filling up the DagBag from /home/airflow/.local/lib/python3.12/site-packages/airflow/example_dags/example_task_group_decorator.py
[2025-02-22T20:39:02.926+0000] {processor.py:925} INFO - DAG(s) 'example_task_group_decorator' retrieved from /home/airflow/.local/lib/python3.12/site-packages/airflow/example_dags/example_task_group_decorator.py
[2025-02-22T20:39:02.960+0000] {logging_mixin.py:190} INFO - [2025-02-22T20:39:02.960+0000] {dag.py:3239} INFO - Sync 1 DAGs
[2025-02-22T20:39:02.979+0000] {logging_mixin.py:190} INFO - [2025-02-22T20:39:02.979+0000] {dag.py:4180} INFO - Setting next_dagrun for example_task_group_decorator to None, run_after=None
[2025-02-22T20:39:03.001+0000] {processor.py:208} INFO - Processing /home/airflow/.local/lib/python3.12/site-packages/airflow/example_dags/example_task_group_decorator.py took 0.108 seconds
[2025-02-22T20:39:33.700+0000] {processor.py:186} INFO - Started process (PID=815) to work on /home/airflow/.local/lib/python3.12/site-packages/airflow/example_dags/example_task_group_decorator.py
[2025-02-22T20:39:33.701+0000] {processor.py:914} INFO - Processing file /home/airflow/.local/lib/python3.12/site-packages/airflow/example_dags/example_task_group_decorator.py for tasks to queue
[2025-02-22T20:39:33.706+0000] {logging_mixin.py:190} INFO - [2025-02-22T20:39:33.706+0000] {dagbag.py:588} INFO - Filling up the DagBag from /home/airflow/.local/lib/python3.12/site-packages/airflow/example_dags/example_task_group_decorator.py
[2025-02-22T20:39:33.733+0000] {processor.py:925} INFO - DAG(s) 'example_task_group_decorator' retrieved from /home/airflow/.local/lib/python3.12/site-packages/airflow/example_dags/example_task_group_decorator.py
[2025-02-22T20:39:33.770+0000] {logging_mixin.py:190} INFO - [2025-02-22T20:39:33.770+0000] {dag.py:3239} INFO - Sync 1 DAGs
[2025-02-22T20:39:33.789+0000] {logging_mixin.py:190} INFO - [2025-02-22T20:39:33.789+0000] {dag.py:4180} INFO - Setting next_dagrun for example_task_group_decorator to None, run_after=None
[2025-02-22T20:39:33.816+0000] {processor.py:208} INFO - Processing /home/airflow/.local/lib/python3.12/site-packages/airflow/example_dags/example_task_group_decorator.py took 0.125 seconds
[2025-02-22T20:40:05.589+0000] {processor.py:186} INFO - Started process (PID=878) to work on /home/airflow/.local/lib/python3.12/site-packages/airflow/example_dags/example_task_group_decorator.py
[2025-02-22T20:40:05.590+0000] {processor.py:914} INFO - Processing file /home/airflow/.local/lib/python3.12/site-packages/airflow/example_dags/example_task_group_decorator.py for tasks to queue
[2025-02-22T20:40:05.593+0000] {logging_mixin.py:190} INFO - [2025-02-22T20:40:05.592+0000] {dagbag.py:588} INFO - Filling up the DagBag from /home/airflow/.local/lib/python3.12/site-packages/airflow/example_dags/example_task_group_decorator.py
[2025-02-22T20:40:05.613+0000] {processor.py:925} INFO - DAG(s) 'example_task_group_decorator' retrieved from /home/airflow/.local/lib/python3.12/site-packages/airflow/example_dags/example_task_group_decorator.py
[2025-02-22T20:40:05.647+0000] {logging_mixin.py:190} INFO - [2025-02-22T20:40:05.647+0000] {dag.py:3239} INFO - Sync 1 DAGs
[2025-02-22T20:40:05.665+0000] {logging_mixin.py:190} INFO - [2025-02-22T20:40:05.665+0000] {dag.py:4180} INFO - Setting next_dagrun for example_task_group_decorator to None, run_after=None
[2025-02-22T20:40:05.689+0000] {processor.py:208} INFO - Processing /home/airflow/.local/lib/python3.12/site-packages/airflow/example_dags/example_task_group_decorator.py took 0.109 seconds
[2025-02-22T20:40:38.361+0000] {processor.py:186} INFO - Started process (PID=941) to work on /home/airflow/.local/lib/python3.12/site-packages/airflow/example_dags/example_task_group_decorator.py
[2025-02-22T20:40:38.363+0000] {processor.py:914} INFO - Processing file /home/airflow/.local/lib/python3.12/site-packages/airflow/example_dags/example_task_group_decorator.py for tasks to queue
[2025-02-22T20:40:38.366+0000] {logging_mixin.py:190} INFO - [2025-02-22T20:40:38.365+0000] {dagbag.py:588} INFO - Filling up the DagBag from /home/airflow/.local/lib/python3.12/site-packages/airflow/example_dags/example_task_group_decorator.py
[2025-02-22T20:40:38.387+0000] {processor.py:925} INFO - DAG(s) 'example_task_group_decorator' retrieved from /home/airflow/.local/lib/python3.12/site-packages/airflow/example_dags/example_task_group_decorator.py
[2025-02-22T20:40:38.422+0000] {logging_mixin.py:190} INFO - [2025-02-22T20:40:38.422+0000] {dag.py:3239} INFO - Sync 1 DAGs
[2025-02-22T20:40:38.443+0000] {logging_mixin.py:190} INFO - [2025-02-22T20:40:38.443+0000] {dag.py:4180} INFO - Setting next_dagrun for example_task_group_decorator to None, run_after=None
[2025-02-22T20:40:38.468+0000] {processor.py:208} INFO - Processing /home/airflow/.local/lib/python3.12/site-packages/airflow/example_dags/example_task_group_decorator.py took 0.115 seconds
[2025-02-22T20:41:09.543+0000] {processor.py:186} INFO - Started process (PID=1004) to work on /home/airflow/.local/lib/python3.12/site-packages/airflow/example_dags/example_task_group_decorator.py
[2025-02-22T20:41:09.545+0000] {processor.py:914} INFO - Processing file /home/airflow/.local/lib/python3.12/site-packages/airflow/example_dags/example_task_group_decorator.py for tasks to queue
[2025-02-22T20:41:09.550+0000] {logging_mixin.py:190} INFO - [2025-02-22T20:41:09.549+0000] {dagbag.py:588} INFO - Filling up the DagBag from /home/airflow/.local/lib/python3.12/site-packages/airflow/example_dags/example_task_group_decorator.py
[2025-02-22T20:41:09.588+0000] {processor.py:925} INFO - DAG(s) 'example_task_group_decorator' retrieved from /home/airflow/.local/lib/python3.12/site-packages/airflow/example_dags/example_task_group_decorator.py
[2025-02-22T20:41:09.629+0000] {logging_mixin.py:190} INFO - [2025-02-22T20:41:09.629+0000] {dag.py:3239} INFO - Sync 1 DAGs
[2025-02-22T20:41:09.653+0000] {logging_mixin.py:190} INFO - [2025-02-22T20:41:09.652+0000] {dag.py:4180} INFO - Setting next_dagrun for example_task_group_decorator to None, run_after=None
[2025-02-22T20:41:09.679+0000] {processor.py:208} INFO - Processing /home/airflow/.local/lib/python3.12/site-packages/airflow/example_dags/example_task_group_decorator.py took 0.147 seconds
[2025-02-22T20:41:40.186+0000] {processor.py:186} INFO - Started process (PID=1067) to work on /home/airflow/.local/lib/python3.12/site-packages/airflow/example_dags/example_task_group_decorator.py
[2025-02-22T20:41:40.188+0000] {processor.py:914} INFO - Processing file /home/airflow/.local/lib/python3.12/site-packages/airflow/example_dags/example_task_group_decorator.py for tasks to queue
[2025-02-22T20:41:40.192+0000] {logging_mixin.py:190} INFO - [2025-02-22T20:41:40.191+0000] {dagbag.py:588} INFO - Filling up the DagBag from /home/airflow/.local/lib/python3.12/site-packages/airflow/example_dags/example_task_group_decorator.py
[2025-02-22T20:41:40.218+0000] {processor.py:925} INFO - DAG(s) 'example_task_group_decorator' retrieved from /home/airflow/.local/lib/python3.12/site-packages/airflow/example_dags/example_task_group_decorator.py
[2025-02-22T20:41:40.259+0000] {logging_mixin.py:190} INFO - [2025-02-22T20:41:40.259+0000] {dag.py:3239} INFO - Sync 1 DAGs
[2025-02-22T20:41:40.283+0000] {logging_mixin.py:190} INFO - [2025-02-22T20:41:40.282+0000] {dag.py:4180} INFO - Setting next_dagrun for example_task_group_decorator to None, run_after=None
[2025-02-22T20:41:40.311+0000] {processor.py:208} INFO - Processing /home/airflow/.local/lib/python3.12/site-packages/airflow/example_dags/example_task_group_decorator.py took 0.139 seconds
[2025-02-22T20:42:14.870+0000] {processor.py:186} INFO - Started process (PID=1132) to work on /home/airflow/.local/lib/python3.12/site-packages/airflow/example_dags/example_task_group_decorator.py
[2025-02-22T20:42:14.873+0000] {processor.py:914} INFO - Processing file /home/airflow/.local/lib/python3.12/site-packages/airflow/example_dags/example_task_group_decorator.py for tasks to queue
[2025-02-22T20:42:14.877+0000] {logging_mixin.py:190} INFO - [2025-02-22T20:42:14.877+0000] {dagbag.py:588} INFO - Filling up the DagBag from /home/airflow/.local/lib/python3.12/site-packages/airflow/example_dags/example_task_group_decorator.py
[2025-02-22T20:42:14.914+0000] {processor.py:925} INFO - DAG(s) 'example_task_group_decorator' retrieved from /home/airflow/.local/lib/python3.12/site-packages/airflow/example_dags/example_task_group_decorator.py
[2025-02-22T20:42:14.956+0000] {logging_mixin.py:190} INFO - [2025-02-22T20:42:14.955+0000] {dag.py:3239} INFO - Sync 1 DAGs
[2025-02-22T20:42:14.978+0000] {logging_mixin.py:190} INFO - [2025-02-22T20:42:14.978+0000] {dag.py:4180} INFO - Setting next_dagrun for example_task_group_decorator to None, run_after=None
[2025-02-22T20:42:15.004+0000] {processor.py:208} INFO - Processing /home/airflow/.local/lib/python3.12/site-packages/airflow/example_dags/example_task_group_decorator.py took 0.150 seconds
[2025-02-22T20:42:46.518+0000] {processor.py:186} INFO - Started process (PID=1195) to work on /home/airflow/.local/lib/python3.12/site-packages/airflow/example_dags/example_task_group_decorator.py
[2025-02-22T20:42:46.520+0000] {processor.py:914} INFO - Processing file /home/airflow/.local/lib/python3.12/site-packages/airflow/example_dags/example_task_group_decorator.py for tasks to queue
[2025-02-22T20:42:46.524+0000] {logging_mixin.py:190} INFO - [2025-02-22T20:42:46.524+0000] {dagbag.py:588} INFO - Filling up the DagBag from /home/airflow/.local/lib/python3.12/site-packages/airflow/example_dags/example_task_group_decorator.py
[2025-02-22T20:42:46.554+0000] {processor.py:925} INFO - DAG(s) 'example_task_group_decorator' retrieved from /home/airflow/.local/lib/python3.12/site-packages/airflow/example_dags/example_task_group_decorator.py
[2025-02-22T20:42:46.612+0000] {logging_mixin.py:190} INFO - [2025-02-22T20:42:46.612+0000] {dag.py:3239} INFO - Sync 1 DAGs
[2025-02-22T20:42:46.654+0000] {logging_mixin.py:190} INFO - [2025-02-22T20:42:46.654+0000] {dag.py:4180} INFO - Setting next_dagrun for example_task_group_decorator to None, run_after=None
[2025-02-22T20:42:46.691+0000] {processor.py:208} INFO - Processing /home/airflow/.local/lib/python3.12/site-packages/airflow/example_dags/example_task_group_decorator.py took 0.188 seconds
[2025-02-22T20:43:18.108+0000] {processor.py:186} INFO - Started process (PID=1261) to work on /home/airflow/.local/lib/python3.12/site-packages/airflow/example_dags/example_task_group_decorator.py
[2025-02-22T20:43:18.110+0000] {processor.py:914} INFO - Processing file /home/airflow/.local/lib/python3.12/site-packages/airflow/example_dags/example_task_group_decorator.py for tasks to queue
[2025-02-22T20:43:18.113+0000] {logging_mixin.py:190} INFO - [2025-02-22T20:43:18.113+0000] {dagbag.py:588} INFO - Filling up the DagBag from /home/airflow/.local/lib/python3.12/site-packages/airflow/example_dags/example_task_group_decorator.py
[2025-02-22T20:43:18.135+0000] {processor.py:925} INFO - DAG(s) 'example_task_group_decorator' retrieved from /home/airflow/.local/lib/python3.12/site-packages/airflow/example_dags/example_task_group_decorator.py
[2025-02-22T20:43:18.170+0000] {logging_mixin.py:190} INFO - [2025-02-22T20:43:18.170+0000] {dag.py:3239} INFO - Sync 1 DAGs
[2025-02-22T20:43:18.191+0000] {logging_mixin.py:190} INFO - [2025-02-22T20:43:18.191+0000] {dag.py:4180} INFO - Setting next_dagrun for example_task_group_decorator to None, run_after=None
[2025-02-22T20:43:18.220+0000] {processor.py:208} INFO - Processing /home/airflow/.local/lib/python3.12/site-packages/airflow/example_dags/example_task_group_decorator.py took 0.120 seconds
[2025-02-22T20:43:49.527+0000] {processor.py:186} INFO - Started process (PID=1324) to work on /home/airflow/.local/lib/python3.12/site-packages/airflow/example_dags/example_task_group_decorator.py
[2025-02-22T20:43:49.528+0000] {processor.py:914} INFO - Processing file /home/airflow/.local/lib/python3.12/site-packages/airflow/example_dags/example_task_group_decorator.py for tasks to queue
[2025-02-22T20:43:49.531+0000] {logging_mixin.py:190} INFO - [2025-02-22T20:43:49.531+0000] {dagbag.py:588} INFO - Filling up the DagBag from /home/airflow/.local/lib/python3.12/site-packages/airflow/example_dags/example_task_group_decorator.py
[2025-02-22T20:43:49.555+0000] {processor.py:925} INFO - DAG(s) 'example_task_group_decorator' retrieved from /home/airflow/.local/lib/python3.12/site-packages/airflow/example_dags/example_task_group_decorator.py
[2025-02-22T20:43:49.590+0000] {logging_mixin.py:190} INFO - [2025-02-22T20:43:49.590+0000] {dag.py:3239} INFO - Sync 1 DAGs
[2025-02-22T20:43:49.610+0000] {logging_mixin.py:190} INFO - [2025-02-22T20:43:49.609+0000] {dag.py:4180} INFO - Setting next_dagrun for example_task_group_decorator to None, run_after=None
[2025-02-22T20:43:49.637+0000] {processor.py:208} INFO - Processing /home/airflow/.local/lib/python3.12/site-packages/airflow/example_dags/example_task_group_decorator.py took 0.118 seconds
[2025-02-22T20:44:21.053+0000] {processor.py:186} INFO - Started process (PID=1387) to work on /home/airflow/.local/lib/python3.12/site-packages/airflow/example_dags/example_task_group_decorator.py
[2025-02-22T20:44:21.055+0000] {processor.py:914} INFO - Processing file /home/airflow/.local/lib/python3.12/site-packages/airflow/example_dags/example_task_group_decorator.py for tasks to queue
[2025-02-22T20:44:21.059+0000] {logging_mixin.py:190} INFO - [2025-02-22T20:44:21.058+0000] {dagbag.py:588} INFO - Filling up the DagBag from /home/airflow/.local/lib/python3.12/site-packages/airflow/example_dags/example_task_group_decorator.py
[2025-02-22T20:44:21.087+0000] {processor.py:925} INFO - DAG(s) 'example_task_group_decorator' retrieved from /home/airflow/.local/lib/python3.12/site-packages/airflow/example_dags/example_task_group_decorator.py
[2025-02-22T20:44:21.142+0000] {logging_mixin.py:190} INFO - [2025-02-22T20:44:21.142+0000] {dag.py:3239} INFO - Sync 1 DAGs
[2025-02-22T20:44:21.173+0000] {logging_mixin.py:190} INFO - [2025-02-22T20:44:21.173+0000] {dag.py:4180} INFO - Setting next_dagrun for example_task_group_decorator to None, run_after=None
[2025-02-22T20:44:21.207+0000] {processor.py:208} INFO - Processing /home/airflow/.local/lib/python3.12/site-packages/airflow/example_dags/example_task_group_decorator.py took 0.167 seconds
[2025-02-22T20:44:52.399+0000] {processor.py:186} INFO - Started process (PID=1450) to work on /home/airflow/.local/lib/python3.12/site-packages/airflow/example_dags/example_task_group_decorator.py
[2025-02-22T20:44:52.400+0000] {processor.py:914} INFO - Processing file /home/airflow/.local/lib/python3.12/site-packages/airflow/example_dags/example_task_group_decorator.py for tasks to queue
[2025-02-22T20:44:52.404+0000] {logging_mixin.py:190} INFO - [2025-02-22T20:44:52.404+0000] {dagbag.py:588} INFO - Filling up the DagBag from /home/airflow/.local/lib/python3.12/site-packages/airflow/example_dags/example_task_group_decorator.py
[2025-02-22T20:44:52.429+0000] {processor.py:925} INFO - DAG(s) 'example_task_group_decorator' retrieved from /home/airflow/.local/lib/python3.12/site-packages/airflow/example_dags/example_task_group_decorator.py
[2025-02-22T20:44:52.474+0000] {logging_mixin.py:190} INFO - [2025-02-22T20:44:52.474+0000] {dag.py:3239} INFO - Sync 1 DAGs
[2025-02-22T20:44:52.512+0000] {logging_mixin.py:190} INFO - [2025-02-22T20:44:52.511+0000] {dag.py:4180} INFO - Setting next_dagrun for example_task_group_decorator to None, run_after=None
[2025-02-22T20:44:52.557+0000] {processor.py:208} INFO - Processing /home/airflow/.local/lib/python3.12/site-packages/airflow/example_dags/example_task_group_decorator.py took 0.167 seconds
[2025-02-22T20:45:23.449+0000] {processor.py:186} INFO - Started process (PID=1513) to work on /home/airflow/.local/lib/python3.12/site-packages/airflow/example_dags/example_task_group_decorator.py
[2025-02-22T20:45:23.450+0000] {processor.py:914} INFO - Processing file /home/airflow/.local/lib/python3.12/site-packages/airflow/example_dags/example_task_group_decorator.py for tasks to queue
[2025-02-22T20:45:23.453+0000] {logging_mixin.py:190} INFO - [2025-02-22T20:45:23.453+0000] {dagbag.py:588} INFO - Filling up the DagBag from /home/airflow/.local/lib/python3.12/site-packages/airflow/example_dags/example_task_group_decorator.py
[2025-02-22T20:45:23.472+0000] {processor.py:925} INFO - DAG(s) 'example_task_group_decorator' retrieved from /home/airflow/.local/lib/python3.12/site-packages/airflow/example_dags/example_task_group_decorator.py
[2025-02-22T20:45:23.502+0000] {logging_mixin.py:190} INFO - [2025-02-22T20:45:23.502+0000] {dag.py:3239} INFO - Sync 1 DAGs
[2025-02-22T20:45:23.520+0000] {logging_mixin.py:190} INFO - [2025-02-22T20:45:23.519+0000] {dag.py:4180} INFO - Setting next_dagrun for example_task_group_decorator to None, run_after=None
[2025-02-22T20:45:23.540+0000] {processor.py:208} INFO - Processing /home/airflow/.local/lib/python3.12/site-packages/airflow/example_dags/example_task_group_decorator.py took 0.099 seconds
[2025-02-22T20:45:55.340+0000] {processor.py:186} INFO - Started process (PID=1576) to work on /home/airflow/.local/lib/python3.12/site-packages/airflow/example_dags/example_task_group_decorator.py
[2025-02-22T20:45:55.341+0000] {processor.py:914} INFO - Processing file /home/airflow/.local/lib/python3.12/site-packages/airflow/example_dags/example_task_group_decorator.py for tasks to queue
[2025-02-22T20:45:55.345+0000] {logging_mixin.py:190} INFO - [2025-02-22T20:45:55.344+0000] {dagbag.py:588} INFO - Filling up the DagBag from /home/airflow/.local/lib/python3.12/site-packages/airflow/example_dags/example_task_group_decorator.py
[2025-02-22T20:45:55.367+0000] {processor.py:925} INFO - DAG(s) 'example_task_group_decorator' retrieved from /home/airflow/.local/lib/python3.12/site-packages/airflow/example_dags/example_task_group_decorator.py
[2025-02-22T20:45:55.408+0000] {logging_mixin.py:190} INFO - [2025-02-22T20:45:55.408+0000] {dag.py:3239} INFO - Sync 1 DAGs
[2025-02-22T20:45:55.433+0000] {logging_mixin.py:190} INFO - [2025-02-22T20:45:55.432+0000] {dag.py:4180} INFO - Setting next_dagrun for example_task_group_decorator to None, run_after=None
[2025-02-22T20:45:55.460+0000] {processor.py:208} INFO - Processing /home/airflow/.local/lib/python3.12/site-packages/airflow/example_dags/example_task_group_decorator.py took 0.129 seconds
[2025-02-22T20:46:26.574+0000] {processor.py:186} INFO - Started process (PID=1639) to work on /home/airflow/.local/lib/python3.12/site-packages/airflow/example_dags/example_task_group_decorator.py
[2025-02-22T20:46:26.575+0000] {processor.py:914} INFO - Processing file /home/airflow/.local/lib/python3.12/site-packages/airflow/example_dags/example_task_group_decorator.py for tasks to queue
[2025-02-22T20:46:26.578+0000] {logging_mixin.py:190} INFO - [2025-02-22T20:46:26.578+0000] {dagbag.py:588} INFO - Filling up the DagBag from /home/airflow/.local/lib/python3.12/site-packages/airflow/example_dags/example_task_group_decorator.py
[2025-02-22T20:46:26.596+0000] {processor.py:925} INFO - DAG(s) 'example_task_group_decorator' retrieved from /home/airflow/.local/lib/python3.12/site-packages/airflow/example_dags/example_task_group_decorator.py
[2025-02-22T20:46:26.638+0000] {logging_mixin.py:190} INFO - [2025-02-22T20:46:26.638+0000] {dag.py:3239} INFO - Sync 1 DAGs
[2025-02-22T20:46:26.657+0000] {logging_mixin.py:190} INFO - [2025-02-22T20:46:26.657+0000] {dag.py:4180} INFO - Setting next_dagrun for example_task_group_decorator to None, run_after=None
[2025-02-22T20:46:26.684+0000] {processor.py:208} INFO - Processing /home/airflow/.local/lib/python3.12/site-packages/airflow/example_dags/example_task_group_decorator.py took 0.117 seconds
[2025-02-22T20:46:57.011+0000] {processor.py:186} INFO - Started process (PID=1702) to work on /home/airflow/.local/lib/python3.12/site-packages/airflow/example_dags/example_task_group_decorator.py
[2025-02-22T20:46:57.013+0000] {processor.py:914} INFO - Processing file /home/airflow/.local/lib/python3.12/site-packages/airflow/example_dags/example_task_group_decorator.py for tasks to queue
[2025-02-22T20:46:57.016+0000] {logging_mixin.py:190} INFO - [2025-02-22T20:46:57.015+0000] {dagbag.py:588} INFO - Filling up the DagBag from /home/airflow/.local/lib/python3.12/site-packages/airflow/example_dags/example_task_group_decorator.py
[2025-02-22T20:46:57.033+0000] {processor.py:925} INFO - DAG(s) 'example_task_group_decorator' retrieved from /home/airflow/.local/lib/python3.12/site-packages/airflow/example_dags/example_task_group_decorator.py
[2025-02-22T20:46:57.062+0000] {logging_mixin.py:190} INFO - [2025-02-22T20:46:57.062+0000] {dag.py:3239} INFO - Sync 1 DAGs
[2025-02-22T20:46:57.078+0000] {logging_mixin.py:190} INFO - [2025-02-22T20:46:57.078+0000] {dag.py:4180} INFO - Setting next_dagrun for example_task_group_decorator to None, run_after=None
[2025-02-22T20:46:57.100+0000] {processor.py:208} INFO - Processing /home/airflow/.local/lib/python3.12/site-packages/airflow/example_dags/example_task_group_decorator.py took 0.095 seconds
[2025-02-22T20:47:28.170+0000] {processor.py:186} INFO - Started process (PID=1770) to work on /home/airflow/.local/lib/python3.12/site-packages/airflow/example_dags/example_task_group_decorator.py
[2025-02-22T20:47:28.172+0000] {processor.py:914} INFO - Processing file /home/airflow/.local/lib/python3.12/site-packages/airflow/example_dags/example_task_group_decorator.py for tasks to queue
[2025-02-22T20:47:28.174+0000] {logging_mixin.py:190} INFO - [2025-02-22T20:47:28.174+0000] {dagbag.py:588} INFO - Filling up the DagBag from /home/airflow/.local/lib/python3.12/site-packages/airflow/example_dags/example_task_group_decorator.py
[2025-02-22T20:47:28.192+0000] {processor.py:925} INFO - DAG(s) 'example_task_group_decorator' retrieved from /home/airflow/.local/lib/python3.12/site-packages/airflow/example_dags/example_task_group_decorator.py
[2025-02-22T20:47:28.222+0000] {logging_mixin.py:190} INFO - [2025-02-22T20:47:28.222+0000] {dag.py:3239} INFO - Sync 1 DAGs
[2025-02-22T20:47:28.239+0000] {logging_mixin.py:190} INFO - [2025-02-22T20:47:28.239+0000] {dag.py:4180} INFO - Setting next_dagrun for example_task_group_decorator to None, run_after=None
[2025-02-22T20:47:28.262+0000] {processor.py:208} INFO - Processing /home/airflow/.local/lib/python3.12/site-packages/airflow/example_dags/example_task_group_decorator.py took 0.098 seconds
[2025-02-22T20:47:58.358+0000] {processor.py:186} INFO - Started process (PID=1833) to work on /home/airflow/.local/lib/python3.12/site-packages/airflow/example_dags/example_task_group_decorator.py
[2025-02-22T20:47:58.359+0000] {processor.py:914} INFO - Processing file /home/airflow/.local/lib/python3.12/site-packages/airflow/example_dags/example_task_group_decorator.py for tasks to queue
[2025-02-22T20:47:58.362+0000] {logging_mixin.py:190} INFO - [2025-02-22T20:47:58.362+0000] {dagbag.py:588} INFO - Filling up the DagBag from /home/airflow/.local/lib/python3.12/site-packages/airflow/example_dags/example_task_group_decorator.py
[2025-02-22T20:47:58.380+0000] {processor.py:925} INFO - DAG(s) 'example_task_group_decorator' retrieved from /home/airflow/.local/lib/python3.12/site-packages/airflow/example_dags/example_task_group_decorator.py
[2025-02-22T20:47:58.411+0000] {logging_mixin.py:190} INFO - [2025-02-22T20:47:58.410+0000] {dag.py:3239} INFO - Sync 1 DAGs
[2025-02-22T20:47:58.429+0000] {logging_mixin.py:190} INFO - [2025-02-22T20:47:58.429+0000] {dag.py:4180} INFO - Setting next_dagrun for example_task_group_decorator to None, run_after=None
[2025-02-22T20:47:58.453+0000] {processor.py:208} INFO - Processing /home/airflow/.local/lib/python3.12/site-packages/airflow/example_dags/example_task_group_decorator.py took 0.103 seconds
[2025-02-22T20:48:28.526+0000] {processor.py:186} INFO - Started process (PID=1895) to work on /home/airflow/.local/lib/python3.12/site-packages/airflow/example_dags/example_task_group_decorator.py
[2025-02-22T20:48:28.527+0000] {processor.py:914} INFO - Processing file /home/airflow/.local/lib/python3.12/site-packages/airflow/example_dags/example_task_group_decorator.py for tasks to queue
[2025-02-22T20:48:28.530+0000] {logging_mixin.py:190} INFO - [2025-02-22T20:48:28.529+0000] {dagbag.py:588} INFO - Filling up the DagBag from /home/airflow/.local/lib/python3.12/site-packages/airflow/example_dags/example_task_group_decorator.py
[2025-02-22T20:48:28.547+0000] {processor.py:925} INFO - DAG(s) 'example_task_group_decorator' retrieved from /home/airflow/.local/lib/python3.12/site-packages/airflow/example_dags/example_task_group_decorator.py
[2025-02-22T20:48:28.576+0000] {logging_mixin.py:190} INFO - [2025-02-22T20:48:28.575+0000] {dag.py:3239} INFO - Sync 1 DAGs
[2025-02-22T20:48:28.591+0000] {logging_mixin.py:190} INFO - [2025-02-22T20:48:28.591+0000] {dag.py:4180} INFO - Setting next_dagrun for example_task_group_decorator to None, run_after=None
[2025-02-22T20:48:28.613+0000] {processor.py:208} INFO - Processing /home/airflow/.local/lib/python3.12/site-packages/airflow/example_dags/example_task_group_decorator.py took 0.093 seconds
[2025-02-22T20:48:58.854+0000] {processor.py:186} INFO - Started process (PID=1958) to work on /home/airflow/.local/lib/python3.12/site-packages/airflow/example_dags/example_task_group_decorator.py
[2025-02-22T20:48:58.855+0000] {processor.py:914} INFO - Processing file /home/airflow/.local/lib/python3.12/site-packages/airflow/example_dags/example_task_group_decorator.py for tasks to queue
[2025-02-22T20:48:58.858+0000] {logging_mixin.py:190} INFO - [2025-02-22T20:48:58.857+0000] {dagbag.py:588} INFO - Filling up the DagBag from /home/airflow/.local/lib/python3.12/site-packages/airflow/example_dags/example_task_group_decorator.py
[2025-02-22T20:48:58.877+0000] {processor.py:925} INFO - DAG(s) 'example_task_group_decorator' retrieved from /home/airflow/.local/lib/python3.12/site-packages/airflow/example_dags/example_task_group_decorator.py
[2025-02-22T20:48:58.908+0000] {logging_mixin.py:190} INFO - [2025-02-22T20:48:58.908+0000] {dag.py:3239} INFO - Sync 1 DAGs
[2025-02-22T20:48:58.927+0000] {logging_mixin.py:190} INFO - [2025-02-22T20:48:58.927+0000] {dag.py:4180} INFO - Setting next_dagrun for example_task_group_decorator to None, run_after=None
[2025-02-22T20:48:58.950+0000] {processor.py:208} INFO - Processing /home/airflow/.local/lib/python3.12/site-packages/airflow/example_dags/example_task_group_decorator.py took 0.103 seconds
