[2025-02-22T20:33:55.792+0000] {processor.py:186} INFO - Started process (PID=115) to work on /home/airflow/.local/lib/python3.12/site-packages/airflow/example_dags/example_bash_operator.py
[2025-02-22T20:33:55.794+0000] {processor.py:914} INFO - Processing file /home/airflow/.local/lib/python3.12/site-packages/airflow/example_dags/example_bash_operator.py for tasks to queue
[2025-02-22T20:33:55.799+0000] {logging_mixin.py:190} INFO - [2025-02-22T20:33:55.799+0000] {dagbag.py:588} INFO - Filling up the DagBag from /home/airflow/.local/lib/python3.12/site-packages/airflow/example_dags/example_bash_operator.py
[2025-02-22T20:33:55.832+0000] {processor.py:925} INFO - DAG(s) 'example_bash_operator' retrieved from /home/airflow/.local/lib/python3.12/site-packages/airflow/example_dags/example_bash_operator.py
[2025-02-22T20:33:56.174+0000] {logging_mixin.py:190} INFO - [2025-02-22T20:33:56.173+0000] {override.py:1912} INFO - Created Permission View: can edit on DAG:example_bash_operator
[2025-02-22T20:33:56.197+0000] {logging_mixin.py:190} INFO - [2025-02-22T20:33:56.196+0000] {override.py:1912} INFO - Created Permission View: can read on DAG:example_bash_operator
[2025-02-22T20:33:56.212+0000] {logging_mixin.py:190} INFO - [2025-02-22T20:33:56.211+0000] {override.py:1912} INFO - Created Permission View: can delete on DAG:example_bash_operator
[2025-02-22T20:33:56.226+0000] {logging_mixin.py:190} INFO - [2025-02-22T20:33:56.226+0000] {override.py:1912} INFO - Created Permission View: can read on DAG Run:example_bash_operator
[2025-02-22T20:33:56.240+0000] {logging_mixin.py:190} INFO - [2025-02-22T20:33:56.239+0000] {override.py:1912} INFO - Created Permission View: menu access on DAG Run:example_bash_operator
[2025-02-22T20:33:56.254+0000] {logging_mixin.py:190} INFO - [2025-02-22T20:33:56.253+0000] {override.py:1912} INFO - Created Permission View: can create on DAG Run:example_bash_operator
[2025-02-22T20:33:56.273+0000] {logging_mixin.py:190} INFO - [2025-02-22T20:33:56.272+0000] {override.py:1912} INFO - Created Permission View: can delete on DAG Run:example_bash_operator
[2025-02-22T20:33:56.274+0000] {logging_mixin.py:190} INFO - [2025-02-22T20:33:56.274+0000] {dag.py:3239} INFO - Sync 1 DAGs
[2025-02-22T20:33:56.322+0000] {logging_mixin.py:190} INFO - [2025-02-22T20:33:56.322+0000] {dag.py:3262} INFO - Creating ORM DAG for example_bash_operator
[2025-02-22T20:33:56.344+0000] {logging_mixin.py:190} INFO - [2025-02-22T20:33:56.343+0000] {dag.py:4180} INFO - Setting next_dagrun for example_bash_operator to 2025-02-21 00:00:00+00:00, run_after=2025-02-22 00:00:00+00:00
[2025-02-22T20:33:56.379+0000] {processor.py:208} INFO - Processing /home/airflow/.local/lib/python3.12/site-packages/airflow/example_dags/example_bash_operator.py took 0.604 seconds
[2025-02-22T20:34:26.638+0000] {processor.py:186} INFO - Started process (PID=183) to work on /home/airflow/.local/lib/python3.12/site-packages/airflow/example_dags/example_bash_operator.py
[2025-02-22T20:34:26.640+0000] {processor.py:914} INFO - Processing file /home/airflow/.local/lib/python3.12/site-packages/airflow/example_dags/example_bash_operator.py for tasks to queue
[2025-02-22T20:34:26.643+0000] {logging_mixin.py:190} INFO - [2025-02-22T20:34:26.643+0000] {dagbag.py:588} INFO - Filling up the DagBag from /home/airflow/.local/lib/python3.12/site-packages/airflow/example_dags/example_bash_operator.py
[2025-02-22T20:34:26.662+0000] {processor.py:925} INFO - DAG(s) 'example_bash_operator' retrieved from /home/airflow/.local/lib/python3.12/site-packages/airflow/example_dags/example_bash_operator.py
[2025-02-22T20:34:26.700+0000] {logging_mixin.py:190} INFO - [2025-02-22T20:34:26.700+0000] {dag.py:3239} INFO - Sync 1 DAGs
[2025-02-22T20:34:26.733+0000] {logging_mixin.py:190} INFO - [2025-02-22T20:34:26.733+0000] {dag.py:4180} INFO - Setting next_dagrun for example_bash_operator to 2025-02-21 00:00:00+00:00, run_after=2025-02-22 00:00:00+00:00
[2025-02-22T20:34:26.760+0000] {processor.py:208} INFO - Processing /home/airflow/.local/lib/python3.12/site-packages/airflow/example_dags/example_bash_operator.py took 0.130 seconds
[2025-02-22T20:34:57.054+0000] {processor.py:186} INFO - Started process (PID=246) to work on /home/airflow/.local/lib/python3.12/site-packages/airflow/example_dags/example_bash_operator.py
[2025-02-22T20:34:57.055+0000] {processor.py:914} INFO - Processing file /home/airflow/.local/lib/python3.12/site-packages/airflow/example_dags/example_bash_operator.py for tasks to queue
[2025-02-22T20:34:57.058+0000] {logging_mixin.py:190} INFO - [2025-02-22T20:34:57.058+0000] {dagbag.py:588} INFO - Filling up the DagBag from /home/airflow/.local/lib/python3.12/site-packages/airflow/example_dags/example_bash_operator.py
[2025-02-22T20:34:57.074+0000] {processor.py:925} INFO - DAG(s) 'example_bash_operator' retrieved from /home/airflow/.local/lib/python3.12/site-packages/airflow/example_dags/example_bash_operator.py
[2025-02-22T20:34:57.110+0000] {logging_mixin.py:190} INFO - [2025-02-22T20:34:57.110+0000] {dag.py:3239} INFO - Sync 1 DAGs
[2025-02-22T20:34:57.140+0000] {logging_mixin.py:190} INFO - [2025-02-22T20:34:57.140+0000] {dag.py:4180} INFO - Setting next_dagrun for example_bash_operator to 2025-02-21 00:00:00+00:00, run_after=2025-02-22 00:00:00+00:00
[2025-02-22T20:34:57.164+0000] {processor.py:208} INFO - Processing /home/airflow/.local/lib/python3.12/site-packages/airflow/example_dags/example_bash_operator.py took 0.117 seconds
[2025-02-22T20:35:27.888+0000] {processor.py:186} INFO - Started process (PID=309) to work on /home/airflow/.local/lib/python3.12/site-packages/airflow/example_dags/example_bash_operator.py
[2025-02-22T20:35:27.890+0000] {processor.py:914} INFO - Processing file /home/airflow/.local/lib/python3.12/site-packages/airflow/example_dags/example_bash_operator.py for tasks to queue
[2025-02-22T20:35:27.894+0000] {logging_mixin.py:190} INFO - [2025-02-22T20:35:27.893+0000] {dagbag.py:588} INFO - Filling up the DagBag from /home/airflow/.local/lib/python3.12/site-packages/airflow/example_dags/example_bash_operator.py
[2025-02-22T20:35:27.916+0000] {processor.py:925} INFO - DAG(s) 'example_bash_operator' retrieved from /home/airflow/.local/lib/python3.12/site-packages/airflow/example_dags/example_bash_operator.py
[2025-02-22T20:35:27.957+0000] {logging_mixin.py:190} INFO - [2025-02-22T20:35:27.957+0000] {dag.py:3239} INFO - Sync 1 DAGs
[2025-02-22T20:35:27.992+0000] {logging_mixin.py:190} INFO - [2025-02-22T20:35:27.992+0000] {dag.py:4180} INFO - Setting next_dagrun for example_bash_operator to 2025-02-21 00:00:00+00:00, run_after=2025-02-22 00:00:00+00:00
[2025-02-22T20:35:28.017+0000] {processor.py:208} INFO - Processing /home/airflow/.local/lib/python3.12/site-packages/airflow/example_dags/example_bash_operator.py took 0.138 seconds
[2025-02-22T20:35:58.110+0000] {processor.py:186} INFO - Started process (PID=373) to work on /home/airflow/.local/lib/python3.12/site-packages/airflow/example_dags/example_bash_operator.py
[2025-02-22T20:35:58.111+0000] {processor.py:914} INFO - Processing file /home/airflow/.local/lib/python3.12/site-packages/airflow/example_dags/example_bash_operator.py for tasks to queue
[2025-02-22T20:35:58.114+0000] {logging_mixin.py:190} INFO - [2025-02-22T20:35:58.114+0000] {dagbag.py:588} INFO - Filling up the DagBag from /home/airflow/.local/lib/python3.12/site-packages/airflow/example_dags/example_bash_operator.py
[2025-02-22T20:35:58.130+0000] {processor.py:925} INFO - DAG(s) 'example_bash_operator' retrieved from /home/airflow/.local/lib/python3.12/site-packages/airflow/example_dags/example_bash_operator.py
[2025-02-22T20:35:58.164+0000] {logging_mixin.py:190} INFO - [2025-02-22T20:35:58.163+0000] {dag.py:3239} INFO - Sync 1 DAGs
[2025-02-22T20:35:58.193+0000] {logging_mixin.py:190} INFO - [2025-02-22T20:35:58.193+0000] {dag.py:4180} INFO - Setting next_dagrun for example_bash_operator to 2025-02-21 00:00:00+00:00, run_after=2025-02-22 00:00:00+00:00
[2025-02-22T20:35:58.216+0000] {processor.py:208} INFO - Processing /home/airflow/.local/lib/python3.12/site-packages/airflow/example_dags/example_bash_operator.py took 0.114 seconds
[2025-02-22T20:36:29.357+0000] {processor.py:186} INFO - Started process (PID=436) to work on /home/airflow/.local/lib/python3.12/site-packages/airflow/example_dags/example_bash_operator.py
[2025-02-22T20:36:29.359+0000] {processor.py:914} INFO - Processing file /home/airflow/.local/lib/python3.12/site-packages/airflow/example_dags/example_bash_operator.py for tasks to queue
[2025-02-22T20:36:29.362+0000] {logging_mixin.py:190} INFO - [2025-02-22T20:36:29.361+0000] {dagbag.py:588} INFO - Filling up the DagBag from /home/airflow/.local/lib/python3.12/site-packages/airflow/example_dags/example_bash_operator.py
[2025-02-22T20:36:29.381+0000] {processor.py:925} INFO - DAG(s) 'example_bash_operator' retrieved from /home/airflow/.local/lib/python3.12/site-packages/airflow/example_dags/example_bash_operator.py
[2025-02-22T20:36:29.422+0000] {logging_mixin.py:190} INFO - [2025-02-22T20:36:29.422+0000] {dag.py:3239} INFO - Sync 1 DAGs
[2025-02-22T20:36:29.462+0000] {logging_mixin.py:190} INFO - [2025-02-22T20:36:29.462+0000] {dag.py:4180} INFO - Setting next_dagrun for example_bash_operator to 2025-02-21 00:00:00+00:00, run_after=2025-02-22 00:00:00+00:00
[2025-02-22T20:36:29.491+0000] {processor.py:208} INFO - Processing /home/airflow/.local/lib/python3.12/site-packages/airflow/example_dags/example_bash_operator.py took 0.142 seconds
[2025-02-22T20:36:59.953+0000] {processor.py:186} INFO - Started process (PID=499) to work on /home/airflow/.local/lib/python3.12/site-packages/airflow/example_dags/example_bash_operator.py
[2025-02-22T20:36:59.954+0000] {processor.py:914} INFO - Processing file /home/airflow/.local/lib/python3.12/site-packages/airflow/example_dags/example_bash_operator.py for tasks to queue
[2025-02-22T20:36:59.958+0000] {logging_mixin.py:190} INFO - [2025-02-22T20:36:59.958+0000] {dagbag.py:588} INFO - Filling up the DagBag from /home/airflow/.local/lib/python3.12/site-packages/airflow/example_dags/example_bash_operator.py
[2025-02-22T20:36:59.979+0000] {processor.py:925} INFO - DAG(s) 'example_bash_operator' retrieved from /home/airflow/.local/lib/python3.12/site-packages/airflow/example_dags/example_bash_operator.py
[2025-02-22T20:37:00.038+0000] {logging_mixin.py:190} INFO - [2025-02-22T20:37:00.037+0000] {dag.py:3239} INFO - Sync 1 DAGs
[2025-02-22T20:37:00.080+0000] {logging_mixin.py:190} INFO - [2025-02-22T20:37:00.079+0000] {dag.py:4180} INFO - Setting next_dagrun for example_bash_operator to 2025-02-21 00:00:00+00:00, run_after=2025-02-22 00:00:00+00:00
[2025-02-22T20:37:00.105+0000] {processor.py:208} INFO - Processing /home/airflow/.local/lib/python3.12/site-packages/airflow/example_dags/example_bash_operator.py took 0.163 seconds
[2025-02-22T20:37:31.055+0000] {processor.py:186} INFO - Started process (PID=562) to work on /home/airflow/.local/lib/python3.12/site-packages/airflow/example_dags/example_bash_operator.py
[2025-02-22T20:37:31.056+0000] {processor.py:914} INFO - Processing file /home/airflow/.local/lib/python3.12/site-packages/airflow/example_dags/example_bash_operator.py for tasks to queue
[2025-02-22T20:37:31.059+0000] {logging_mixin.py:190} INFO - [2025-02-22T20:37:31.059+0000] {dagbag.py:588} INFO - Filling up the DagBag from /home/airflow/.local/lib/python3.12/site-packages/airflow/example_dags/example_bash_operator.py
[2025-02-22T20:37:31.075+0000] {processor.py:925} INFO - DAG(s) 'example_bash_operator' retrieved from /home/airflow/.local/lib/python3.12/site-packages/airflow/example_dags/example_bash_operator.py
[2025-02-22T20:37:31.117+0000] {logging_mixin.py:190} INFO - [2025-02-22T20:37:31.117+0000] {dag.py:3239} INFO - Sync 1 DAGs
[2025-02-22T20:37:31.145+0000] {logging_mixin.py:190} INFO - [2025-02-22T20:37:31.145+0000] {dag.py:4180} INFO - Setting next_dagrun for example_bash_operator to 2025-02-21 00:00:00+00:00, run_after=2025-02-22 00:00:00+00:00
[2025-02-22T20:37:31.175+0000] {processor.py:208} INFO - Processing /home/airflow/.local/lib/python3.12/site-packages/airflow/example_dags/example_bash_operator.py took 0.129 seconds
[2025-02-22T20:38:01.476+0000] {processor.py:186} INFO - Started process (PID=624) to work on /home/airflow/.local/lib/python3.12/site-packages/airflow/example_dags/example_bash_operator.py
[2025-02-22T20:38:01.477+0000] {processor.py:914} INFO - Processing file /home/airflow/.local/lib/python3.12/site-packages/airflow/example_dags/example_bash_operator.py for tasks to queue
[2025-02-22T20:38:01.480+0000] {logging_mixin.py:190} INFO - [2025-02-22T20:38:01.479+0000] {dagbag.py:588} INFO - Filling up the DagBag from /home/airflow/.local/lib/python3.12/site-packages/airflow/example_dags/example_bash_operator.py
[2025-02-22T20:38:01.494+0000] {processor.py:925} INFO - DAG(s) 'example_bash_operator' retrieved from /home/airflow/.local/lib/python3.12/site-packages/airflow/example_dags/example_bash_operator.py
[2025-02-22T20:38:01.525+0000] {logging_mixin.py:190} INFO - [2025-02-22T20:38:01.525+0000] {dag.py:3239} INFO - Sync 1 DAGs
[2025-02-22T20:38:01.552+0000] {logging_mixin.py:190} INFO - [2025-02-22T20:38:01.551+0000] {dag.py:4180} INFO - Setting next_dagrun for example_bash_operator to 2025-02-21 00:00:00+00:00, run_after=2025-02-22 00:00:00+00:00
[2025-02-22T20:38:01.574+0000] {processor.py:208} INFO - Processing /home/airflow/.local/lib/python3.12/site-packages/airflow/example_dags/example_bash_operator.py took 0.105 seconds
[2025-02-22T20:38:32.297+0000] {processor.py:186} INFO - Started process (PID=687) to work on /home/airflow/.local/lib/python3.12/site-packages/airflow/example_dags/example_bash_operator.py
[2025-02-22T20:38:32.298+0000] {processor.py:914} INFO - Processing file /home/airflow/.local/lib/python3.12/site-packages/airflow/example_dags/example_bash_operator.py for tasks to queue
[2025-02-22T20:38:32.301+0000] {logging_mixin.py:190} INFO - [2025-02-22T20:38:32.301+0000] {dagbag.py:588} INFO - Filling up the DagBag from /home/airflow/.local/lib/python3.12/site-packages/airflow/example_dags/example_bash_operator.py
[2025-02-22T20:38:32.319+0000] {processor.py:925} INFO - DAG(s) 'example_bash_operator' retrieved from /home/airflow/.local/lib/python3.12/site-packages/airflow/example_dags/example_bash_operator.py
[2025-02-22T20:38:32.357+0000] {logging_mixin.py:190} INFO - [2025-02-22T20:38:32.357+0000] {dag.py:3239} INFO - Sync 1 DAGs
[2025-02-22T20:38:32.388+0000] {logging_mixin.py:190} INFO - [2025-02-22T20:38:32.388+0000] {dag.py:4180} INFO - Setting next_dagrun for example_bash_operator to 2025-02-21 00:00:00+00:00, run_after=2025-02-22 00:00:00+00:00
[2025-02-22T20:38:32.414+0000] {processor.py:208} INFO - Processing /home/airflow/.local/lib/python3.12/site-packages/airflow/example_dags/example_bash_operator.py took 0.126 seconds
[2025-02-22T20:39:02.721+0000] {processor.py:186} INFO - Started process (PID=750) to work on /home/airflow/.local/lib/python3.12/site-packages/airflow/example_dags/example_bash_operator.py
[2025-02-22T20:39:02.723+0000] {processor.py:914} INFO - Processing file /home/airflow/.local/lib/python3.12/site-packages/airflow/example_dags/example_bash_operator.py for tasks to queue
[2025-02-22T20:39:02.726+0000] {logging_mixin.py:190} INFO - [2025-02-22T20:39:02.726+0000] {dagbag.py:588} INFO - Filling up the DagBag from /home/airflow/.local/lib/python3.12/site-packages/airflow/example_dags/example_bash_operator.py
[2025-02-22T20:39:02.745+0000] {processor.py:925} INFO - DAG(s) 'example_bash_operator' retrieved from /home/airflow/.local/lib/python3.12/site-packages/airflow/example_dags/example_bash_operator.py
[2025-02-22T20:39:02.787+0000] {logging_mixin.py:190} INFO - [2025-02-22T20:39:02.787+0000] {dag.py:3239} INFO - Sync 1 DAGs
[2025-02-22T20:39:02.821+0000] {logging_mixin.py:190} INFO - [2025-02-22T20:39:02.821+0000] {dag.py:4180} INFO - Setting next_dagrun for example_bash_operator to 2025-02-21 00:00:00+00:00, run_after=2025-02-22 00:00:00+00:00
[2025-02-22T20:39:02.851+0000] {processor.py:208} INFO - Processing /home/airflow/.local/lib/python3.12/site-packages/airflow/example_dags/example_bash_operator.py took 0.139 seconds
[2025-02-22T20:39:33.552+0000] {processor.py:186} INFO - Started process (PID=813) to work on /home/airflow/.local/lib/python3.12/site-packages/airflow/example_dags/example_bash_operator.py
[2025-02-22T20:39:33.553+0000] {processor.py:914} INFO - Processing file /home/airflow/.local/lib/python3.12/site-packages/airflow/example_dags/example_bash_operator.py for tasks to queue
[2025-02-22T20:39:33.556+0000] {logging_mixin.py:190} INFO - [2025-02-22T20:39:33.555+0000] {dagbag.py:588} INFO - Filling up the DagBag from /home/airflow/.local/lib/python3.12/site-packages/airflow/example_dags/example_bash_operator.py
[2025-02-22T20:39:33.572+0000] {processor.py:925} INFO - DAG(s) 'example_bash_operator' retrieved from /home/airflow/.local/lib/python3.12/site-packages/airflow/example_dags/example_bash_operator.py
[2025-02-22T20:39:33.604+0000] {logging_mixin.py:190} INFO - [2025-02-22T20:39:33.603+0000] {dag.py:3239} INFO - Sync 1 DAGs
[2025-02-22T20:39:33.631+0000] {logging_mixin.py:190} INFO - [2025-02-22T20:39:33.631+0000] {dag.py:4180} INFO - Setting next_dagrun for example_bash_operator to 2025-02-21 00:00:00+00:00, run_after=2025-02-22 00:00:00+00:00
[2025-02-22T20:39:33.656+0000] {processor.py:208} INFO - Processing /home/airflow/.local/lib/python3.12/site-packages/airflow/example_dags/example_bash_operator.py took 0.112 seconds
[2025-02-22T20:40:05.374+0000] {processor.py:186} INFO - Started process (PID=876) to work on /home/airflow/.local/lib/python3.12/site-packages/airflow/example_dags/example_bash_operator.py
[2025-02-22T20:40:05.375+0000] {processor.py:914} INFO - Processing file /home/airflow/.local/lib/python3.12/site-packages/airflow/example_dags/example_bash_operator.py for tasks to queue
[2025-02-22T20:40:05.380+0000] {logging_mixin.py:190} INFO - [2025-02-22T20:40:05.379+0000] {dagbag.py:588} INFO - Filling up the DagBag from /home/airflow/.local/lib/python3.12/site-packages/airflow/example_dags/example_bash_operator.py
[2025-02-22T20:40:05.406+0000] {processor.py:925} INFO - DAG(s) 'example_bash_operator' retrieved from /home/airflow/.local/lib/python3.12/site-packages/airflow/example_dags/example_bash_operator.py
[2025-02-22T20:40:05.467+0000] {logging_mixin.py:190} INFO - [2025-02-22T20:40:05.467+0000] {dag.py:3239} INFO - Sync 1 DAGs
[2025-02-22T20:40:05.513+0000] {logging_mixin.py:190} INFO - [2025-02-22T20:40:05.513+0000] {dag.py:4180} INFO - Setting next_dagrun for example_bash_operator to 2025-02-21 00:00:00+00:00, run_after=2025-02-22 00:00:00+00:00
[2025-02-22T20:40:05.535+0000] {processor.py:208} INFO - Processing /home/airflow/.local/lib/python3.12/site-packages/airflow/example_dags/example_bash_operator.py took 0.173 seconds
[2025-02-22T20:40:38.182+0000] {processor.py:186} INFO - Started process (PID=939) to work on /home/airflow/.local/lib/python3.12/site-packages/airflow/example_dags/example_bash_operator.py
[2025-02-22T20:40:38.184+0000] {processor.py:914} INFO - Processing file /home/airflow/.local/lib/python3.12/site-packages/airflow/example_dags/example_bash_operator.py for tasks to queue
[2025-02-22T20:40:38.187+0000] {logging_mixin.py:190} INFO - [2025-02-22T20:40:38.187+0000] {dagbag.py:588} INFO - Filling up the DagBag from /home/airflow/.local/lib/python3.12/site-packages/airflow/example_dags/example_bash_operator.py
[2025-02-22T20:40:38.204+0000] {processor.py:925} INFO - DAG(s) 'example_bash_operator' retrieved from /home/airflow/.local/lib/python3.12/site-packages/airflow/example_dags/example_bash_operator.py
[2025-02-22T20:40:38.248+0000] {logging_mixin.py:190} INFO - [2025-02-22T20:40:38.248+0000] {dag.py:3239} INFO - Sync 1 DAGs
[2025-02-22T20:40:38.290+0000] {logging_mixin.py:190} INFO - [2025-02-22T20:40:38.290+0000] {dag.py:4180} INFO - Setting next_dagrun for example_bash_operator to 2025-02-21 00:00:00+00:00, run_after=2025-02-22 00:00:00+00:00
[2025-02-22T20:40:38.318+0000] {processor.py:208} INFO - Processing /home/airflow/.local/lib/python3.12/site-packages/airflow/example_dags/example_bash_operator.py took 0.144 seconds
[2025-02-22T20:41:09.336+0000] {processor.py:186} INFO - Started process (PID=1002) to work on /home/airflow/.local/lib/python3.12/site-packages/airflow/example_dags/example_bash_operator.py
[2025-02-22T20:41:09.337+0000] {processor.py:914} INFO - Processing file /home/airflow/.local/lib/python3.12/site-packages/airflow/example_dags/example_bash_operator.py for tasks to queue
[2025-02-22T20:41:09.341+0000] {logging_mixin.py:190} INFO - [2025-02-22T20:41:09.340+0000] {dagbag.py:588} INFO - Filling up the DagBag from /home/airflow/.local/lib/python3.12/site-packages/airflow/example_dags/example_bash_operator.py
[2025-02-22T20:41:09.361+0000] {processor.py:925} INFO - DAG(s) 'example_bash_operator' retrieved from /home/airflow/.local/lib/python3.12/site-packages/airflow/example_dags/example_bash_operator.py
[2025-02-22T20:41:09.407+0000] {logging_mixin.py:190} INFO - [2025-02-22T20:41:09.407+0000] {dag.py:3239} INFO - Sync 1 DAGs
[2025-02-22T20:41:09.453+0000] {logging_mixin.py:190} INFO - [2025-02-22T20:41:09.453+0000] {dag.py:4180} INFO - Setting next_dagrun for example_bash_operator to 2025-02-21 00:00:00+00:00, run_after=2025-02-22 00:00:00+00:00
[2025-02-22T20:41:09.486+0000] {processor.py:208} INFO - Processing /home/airflow/.local/lib/python3.12/site-packages/airflow/example_dags/example_bash_operator.py took 0.159 seconds
[2025-02-22T20:41:39.829+0000] {processor.py:186} INFO - Started process (PID=1065) to work on /home/airflow/.local/lib/python3.12/site-packages/airflow/example_dags/example_bash_operator.py
[2025-02-22T20:41:39.831+0000] {processor.py:914} INFO - Processing file /home/airflow/.local/lib/python3.12/site-packages/airflow/example_dags/example_bash_operator.py for tasks to queue
[2025-02-22T20:41:39.834+0000] {logging_mixin.py:190} INFO - [2025-02-22T20:41:39.834+0000] {dagbag.py:588} INFO - Filling up the DagBag from /home/airflow/.local/lib/python3.12/site-packages/airflow/example_dags/example_bash_operator.py
[2025-02-22T20:41:39.853+0000] {processor.py:925} INFO - DAG(s) 'example_bash_operator' retrieved from /home/airflow/.local/lib/python3.12/site-packages/airflow/example_dags/example_bash_operator.py
[2025-02-22T20:41:39.893+0000] {logging_mixin.py:190} INFO - [2025-02-22T20:41:39.893+0000] {dag.py:3239} INFO - Sync 1 DAGs
[2025-02-22T20:41:39.925+0000] {logging_mixin.py:190} INFO - [2025-02-22T20:41:39.925+0000] {dag.py:4180} INFO - Setting next_dagrun for example_bash_operator to 2025-02-21 00:00:00+00:00, run_after=2025-02-22 00:00:00+00:00
[2025-02-22T20:41:39.953+0000] {processor.py:208} INFO - Processing /home/airflow/.local/lib/python3.12/site-packages/airflow/example_dags/example_bash_operator.py took 0.132 seconds
[2025-02-22T20:42:14.656+0000] {processor.py:186} INFO - Started process (PID=1130) to work on /home/airflow/.local/lib/python3.12/site-packages/airflow/example_dags/example_bash_operator.py
[2025-02-22T20:42:14.657+0000] {processor.py:914} INFO - Processing file /home/airflow/.local/lib/python3.12/site-packages/airflow/example_dags/example_bash_operator.py for tasks to queue
[2025-02-22T20:42:14.661+0000] {logging_mixin.py:190} INFO - [2025-02-22T20:42:14.661+0000] {dagbag.py:588} INFO - Filling up the DagBag from /home/airflow/.local/lib/python3.12/site-packages/airflow/example_dags/example_bash_operator.py
[2025-02-22T20:42:14.685+0000] {processor.py:925} INFO - DAG(s) 'example_bash_operator' retrieved from /home/airflow/.local/lib/python3.12/site-packages/airflow/example_dags/example_bash_operator.py
[2025-02-22T20:42:14.728+0000] {logging_mixin.py:190} INFO - [2025-02-22T20:42:14.728+0000] {dag.py:3239} INFO - Sync 1 DAGs
[2025-02-22T20:42:14.767+0000] {logging_mixin.py:190} INFO - [2025-02-22T20:42:14.767+0000] {dag.py:4180} INFO - Setting next_dagrun for example_bash_operator to 2025-02-21 00:00:00+00:00, run_after=2025-02-22 00:00:00+00:00
[2025-02-22T20:42:14.806+0000] {processor.py:208} INFO - Processing /home/airflow/.local/lib/python3.12/site-packages/airflow/example_dags/example_bash_operator.py took 0.159 seconds
[2025-02-22T20:42:46.248+0000] {processor.py:186} INFO - Started process (PID=1193) to work on /home/airflow/.local/lib/python3.12/site-packages/airflow/example_dags/example_bash_operator.py
[2025-02-22T20:42:46.250+0000] {processor.py:914} INFO - Processing file /home/airflow/.local/lib/python3.12/site-packages/airflow/example_dags/example_bash_operator.py for tasks to queue
[2025-02-22T20:42:46.254+0000] {logging_mixin.py:190} INFO - [2025-02-22T20:42:46.253+0000] {dagbag.py:588} INFO - Filling up the DagBag from /home/airflow/.local/lib/python3.12/site-packages/airflow/example_dags/example_bash_operator.py
[2025-02-22T20:42:46.281+0000] {processor.py:925} INFO - DAG(s) 'example_bash_operator' retrieved from /home/airflow/.local/lib/python3.12/site-packages/airflow/example_dags/example_bash_operator.py
[2025-02-22T20:42:46.327+0000] {logging_mixin.py:190} INFO - [2025-02-22T20:42:46.327+0000] {dag.py:3239} INFO - Sync 1 DAGs
[2025-02-22T20:42:46.369+0000] {logging_mixin.py:190} INFO - [2025-02-22T20:42:46.368+0000] {dag.py:4180} INFO - Setting next_dagrun for example_bash_operator to 2025-02-21 00:00:00+00:00, run_after=2025-02-22 00:00:00+00:00
[2025-02-22T20:42:46.403+0000] {processor.py:208} INFO - Processing /home/airflow/.local/lib/python3.12/site-packages/airflow/example_dags/example_bash_operator.py took 0.166 seconds
[2025-02-22T20:43:17.941+0000] {processor.py:186} INFO - Started process (PID=1259) to work on /home/airflow/.local/lib/python3.12/site-packages/airflow/example_dags/example_bash_operator.py
[2025-02-22T20:43:17.942+0000] {processor.py:914} INFO - Processing file /home/airflow/.local/lib/python3.12/site-packages/airflow/example_dags/example_bash_operator.py for tasks to queue
[2025-02-22T20:43:17.945+0000] {logging_mixin.py:190} INFO - [2025-02-22T20:43:17.945+0000] {dagbag.py:588} INFO - Filling up the DagBag from /home/airflow/.local/lib/python3.12/site-packages/airflow/example_dags/example_bash_operator.py
[2025-02-22T20:43:17.962+0000] {processor.py:925} INFO - DAG(s) 'example_bash_operator' retrieved from /home/airflow/.local/lib/python3.12/site-packages/airflow/example_dags/example_bash_operator.py
[2025-02-22T20:43:18.000+0000] {logging_mixin.py:190} INFO - [2025-02-22T20:43:18.000+0000] {dag.py:3239} INFO - Sync 1 DAGs
[2025-02-22T20:43:18.031+0000] {logging_mixin.py:190} INFO - [2025-02-22T20:43:18.031+0000] {dag.py:4180} INFO - Setting next_dagrun for example_bash_operator to 2025-02-21 00:00:00+00:00, run_after=2025-02-22 00:00:00+00:00
[2025-02-22T20:43:18.056+0000] {processor.py:208} INFO - Processing /home/airflow/.local/lib/python3.12/site-packages/airflow/example_dags/example_bash_operator.py took 0.125 seconds
[2025-02-22T20:43:49.211+0000] {processor.py:186} INFO - Started process (PID=1322) to work on /home/airflow/.local/lib/python3.12/site-packages/airflow/example_dags/example_bash_operator.py
[2025-02-22T20:43:49.212+0000] {processor.py:914} INFO - Processing file /home/airflow/.local/lib/python3.12/site-packages/airflow/example_dags/example_bash_operator.py for tasks to queue
[2025-02-22T20:43:49.216+0000] {logging_mixin.py:190} INFO - [2025-02-22T20:43:49.216+0000] {dagbag.py:588} INFO - Filling up the DagBag from /home/airflow/.local/lib/python3.12/site-packages/airflow/example_dags/example_bash_operator.py
[2025-02-22T20:43:49.233+0000] {processor.py:925} INFO - DAG(s) 'example_bash_operator' retrieved from /home/airflow/.local/lib/python3.12/site-packages/airflow/example_dags/example_bash_operator.py
[2025-02-22T20:43:49.268+0000] {logging_mixin.py:190} INFO - [2025-02-22T20:43:49.268+0000] {dag.py:3239} INFO - Sync 1 DAGs
[2025-02-22T20:43:49.298+0000] {logging_mixin.py:190} INFO - [2025-02-22T20:43:49.298+0000] {dag.py:4180} INFO - Setting next_dagrun for example_bash_operator to 2025-02-21 00:00:00+00:00, run_after=2025-02-22 00:00:00+00:00
[2025-02-22T20:43:49.323+0000] {processor.py:208} INFO - Processing /home/airflow/.local/lib/python3.12/site-packages/airflow/example_dags/example_bash_operator.py took 0.120 seconds
[2025-02-22T20:44:20.867+0000] {processor.py:186} INFO - Started process (PID=1385) to work on /home/airflow/.local/lib/python3.12/site-packages/airflow/example_dags/example_bash_operator.py
[2025-02-22T20:44:20.868+0000] {processor.py:914} INFO - Processing file /home/airflow/.local/lib/python3.12/site-packages/airflow/example_dags/example_bash_operator.py for tasks to queue
[2025-02-22T20:44:20.871+0000] {logging_mixin.py:190} INFO - [2025-02-22T20:44:20.871+0000] {dagbag.py:588} INFO - Filling up the DagBag from /home/airflow/.local/lib/python3.12/site-packages/airflow/example_dags/example_bash_operator.py
[2025-02-22T20:44:20.894+0000] {processor.py:925} INFO - DAG(s) 'example_bash_operator' retrieved from /home/airflow/.local/lib/python3.12/site-packages/airflow/example_dags/example_bash_operator.py
[2025-02-22T20:44:20.933+0000] {logging_mixin.py:190} INFO - [2025-02-22T20:44:20.933+0000] {dag.py:3239} INFO - Sync 1 DAGs
[2025-02-22T20:44:20.968+0000] {logging_mixin.py:190} INFO - [2025-02-22T20:44:20.968+0000] {dag.py:4180} INFO - Setting next_dagrun for example_bash_operator to 2025-02-21 00:00:00+00:00, run_after=2025-02-22 00:00:00+00:00
[2025-02-22T20:44:20.995+0000] {processor.py:208} INFO - Processing /home/airflow/.local/lib/python3.12/site-packages/airflow/example_dags/example_bash_operator.py took 0.137 seconds
[2025-02-22T20:44:52.199+0000] {processor.py:186} INFO - Started process (PID=1448) to work on /home/airflow/.local/lib/python3.12/site-packages/airflow/example_dags/example_bash_operator.py
[2025-02-22T20:44:52.201+0000] {processor.py:914} INFO - Processing file /home/airflow/.local/lib/python3.12/site-packages/airflow/example_dags/example_bash_operator.py for tasks to queue
[2025-02-22T20:44:52.207+0000] {logging_mixin.py:190} INFO - [2025-02-22T20:44:52.206+0000] {dagbag.py:588} INFO - Filling up the DagBag from /home/airflow/.local/lib/python3.12/site-packages/airflow/example_dags/example_bash_operator.py
[2025-02-22T20:44:52.236+0000] {processor.py:925} INFO - DAG(s) 'example_bash_operator' retrieved from /home/airflow/.local/lib/python3.12/site-packages/airflow/example_dags/example_bash_operator.py
[2025-02-22T20:44:52.279+0000] {logging_mixin.py:190} INFO - [2025-02-22T20:44:52.279+0000] {dag.py:3239} INFO - Sync 1 DAGs
[2025-02-22T20:44:52.321+0000] {logging_mixin.py:190} INFO - [2025-02-22T20:44:52.320+0000] {dag.py:4180} INFO - Setting next_dagrun for example_bash_operator to 2025-02-21 00:00:00+00:00, run_after=2025-02-22 00:00:00+00:00
[2025-02-22T20:44:52.348+0000] {processor.py:208} INFO - Processing /home/airflow/.local/lib/python3.12/site-packages/airflow/example_dags/example_bash_operator.py took 0.164 seconds
[2025-02-22T20:45:23.309+0000] {processor.py:186} INFO - Started process (PID=1511) to work on /home/airflow/.local/lib/python3.12/site-packages/airflow/example_dags/example_bash_operator.py
[2025-02-22T20:45:23.311+0000] {processor.py:914} INFO - Processing file /home/airflow/.local/lib/python3.12/site-packages/airflow/example_dags/example_bash_operator.py for tasks to queue
[2025-02-22T20:45:23.314+0000] {logging_mixin.py:190} INFO - [2025-02-22T20:45:23.313+0000] {dagbag.py:588} INFO - Filling up the DagBag from /home/airflow/.local/lib/python3.12/site-packages/airflow/example_dags/example_bash_operator.py
[2025-02-22T20:45:23.328+0000] {processor.py:925} INFO - DAG(s) 'example_bash_operator' retrieved from /home/airflow/.local/lib/python3.12/site-packages/airflow/example_dags/example_bash_operator.py
[2025-02-22T20:45:23.362+0000] {logging_mixin.py:190} INFO - [2025-02-22T20:45:23.362+0000] {dag.py:3239} INFO - Sync 1 DAGs
[2025-02-22T20:45:23.391+0000] {logging_mixin.py:190} INFO - [2025-02-22T20:45:23.390+0000] {dag.py:4180} INFO - Setting next_dagrun for example_bash_operator to 2025-02-21 00:00:00+00:00, run_after=2025-02-22 00:00:00+00:00
[2025-02-22T20:45:23.410+0000] {processor.py:208} INFO - Processing /home/airflow/.local/lib/python3.12/site-packages/airflow/example_dags/example_bash_operator.py took 0.109 seconds
[2025-02-22T20:45:55.161+0000] {processor.py:186} INFO - Started process (PID=1574) to work on /home/airflow/.local/lib/python3.12/site-packages/airflow/example_dags/example_bash_operator.py
[2025-02-22T20:45:55.163+0000] {processor.py:914} INFO - Processing file /home/airflow/.local/lib/python3.12/site-packages/airflow/example_dags/example_bash_operator.py for tasks to queue
[2025-02-22T20:45:55.166+0000] {logging_mixin.py:190} INFO - [2025-02-22T20:45:55.166+0000] {dagbag.py:588} INFO - Filling up the DagBag from /home/airflow/.local/lib/python3.12/site-packages/airflow/example_dags/example_bash_operator.py
[2025-02-22T20:45:55.185+0000] {processor.py:925} INFO - DAG(s) 'example_bash_operator' retrieved from /home/airflow/.local/lib/python3.12/site-packages/airflow/example_dags/example_bash_operator.py
[2025-02-22T20:45:55.229+0000] {logging_mixin.py:190} INFO - [2025-02-22T20:45:55.229+0000] {dag.py:3239} INFO - Sync 1 DAGs
[2025-02-22T20:45:55.263+0000] {logging_mixin.py:190} INFO - [2025-02-22T20:45:55.262+0000] {dag.py:4180} INFO - Setting next_dagrun for example_bash_operator to 2025-02-21 00:00:00+00:00, run_after=2025-02-22 00:00:00+00:00
[2025-02-22T20:45:55.292+0000] {processor.py:208} INFO - Processing /home/airflow/.local/lib/python3.12/site-packages/airflow/example_dags/example_bash_operator.py took 0.140 seconds
[2025-02-22T20:46:26.286+0000] {processor.py:186} INFO - Started process (PID=1637) to work on /home/airflow/.local/lib/python3.12/site-packages/airflow/example_dags/example_bash_operator.py
[2025-02-22T20:46:26.288+0000] {processor.py:914} INFO - Processing file /home/airflow/.local/lib/python3.12/site-packages/airflow/example_dags/example_bash_operator.py for tasks to queue
[2025-02-22T20:46:26.290+0000] {logging_mixin.py:190} INFO - [2025-02-22T20:46:26.290+0000] {dagbag.py:588} INFO - Filling up the DagBag from /home/airflow/.local/lib/python3.12/site-packages/airflow/example_dags/example_bash_operator.py
[2025-02-22T20:46:26.306+0000] {processor.py:925} INFO - DAG(s) 'example_bash_operator' retrieved from /home/airflow/.local/lib/python3.12/site-packages/airflow/example_dags/example_bash_operator.py
[2025-02-22T20:46:26.342+0000] {logging_mixin.py:190} INFO - [2025-02-22T20:46:26.342+0000] {dag.py:3239} INFO - Sync 1 DAGs
[2025-02-22T20:46:26.369+0000] {logging_mixin.py:190} INFO - [2025-02-22T20:46:26.369+0000] {dag.py:4180} INFO - Setting next_dagrun for example_bash_operator to 2025-02-21 00:00:00+00:00, run_after=2025-02-22 00:00:00+00:00
[2025-02-22T20:46:26.391+0000] {processor.py:208} INFO - Processing /home/airflow/.local/lib/python3.12/site-packages/airflow/example_dags/example_bash_operator.py took 0.111 seconds
[2025-02-22T20:46:56.776+0000] {processor.py:186} INFO - Started process (PID=1699) to work on /home/airflow/.local/lib/python3.12/site-packages/airflow/example_dags/example_bash_operator.py
[2025-02-22T20:46:56.778+0000] {processor.py:914} INFO - Processing file /home/airflow/.local/lib/python3.12/site-packages/airflow/example_dags/example_bash_operator.py for tasks to queue
[2025-02-22T20:46:56.780+0000] {logging_mixin.py:190} INFO - [2025-02-22T20:46:56.780+0000] {dagbag.py:588} INFO - Filling up the DagBag from /home/airflow/.local/lib/python3.12/site-packages/airflow/example_dags/example_bash_operator.py
[2025-02-22T20:46:56.798+0000] {processor.py:925} INFO - DAG(s) 'example_bash_operator' retrieved from /home/airflow/.local/lib/python3.12/site-packages/airflow/example_dags/example_bash_operator.py
[2025-02-22T20:46:56.832+0000] {logging_mixin.py:190} INFO - [2025-02-22T20:46:56.832+0000] {dag.py:3239} INFO - Sync 1 DAGs
[2025-02-22T20:46:56.863+0000] {logging_mixin.py:190} INFO - [2025-02-22T20:46:56.863+0000] {dag.py:4180} INFO - Setting next_dagrun for example_bash_operator to 2025-02-21 00:00:00+00:00, run_after=2025-02-22 00:00:00+00:00
[2025-02-22T20:46:56.882+0000] {processor.py:208} INFO - Processing /home/airflow/.local/lib/python3.12/site-packages/airflow/example_dags/example_bash_operator.py took 0.114 seconds
[2025-02-22T20:47:27.878+0000] {processor.py:186} INFO - Started process (PID=1768) to work on /home/airflow/.local/lib/python3.12/site-packages/airflow/example_dags/example_bash_operator.py
[2025-02-22T20:47:27.879+0000] {processor.py:914} INFO - Processing file /home/airflow/.local/lib/python3.12/site-packages/airflow/example_dags/example_bash_operator.py for tasks to queue
[2025-02-22T20:47:27.883+0000] {logging_mixin.py:190} INFO - [2025-02-22T20:47:27.882+0000] {dagbag.py:588} INFO - Filling up the DagBag from /home/airflow/.local/lib/python3.12/site-packages/airflow/example_dags/example_bash_operator.py
[2025-02-22T20:47:27.898+0000] {processor.py:925} INFO - DAG(s) 'example_bash_operator' retrieved from /home/airflow/.local/lib/python3.12/site-packages/airflow/example_dags/example_bash_operator.py
[2025-02-22T20:47:27.931+0000] {logging_mixin.py:190} INFO - [2025-02-22T20:47:27.931+0000] {dag.py:3239} INFO - Sync 1 DAGs
[2025-02-22T20:47:27.960+0000] {logging_mixin.py:190} INFO - [2025-02-22T20:47:27.960+0000] {dag.py:4180} INFO - Setting next_dagrun for example_bash_operator to 2025-02-21 00:00:00+00:00, run_after=2025-02-22 00:00:00+00:00
[2025-02-22T20:47:27.984+0000] {processor.py:208} INFO - Processing /home/airflow/.local/lib/python3.12/site-packages/airflow/example_dags/example_bash_operator.py took 0.113 seconds
[2025-02-22T20:47:58.036+0000] {processor.py:186} INFO - Started process (PID=1830) to work on /home/airflow/.local/lib/python3.12/site-packages/airflow/example_dags/example_bash_operator.py
[2025-02-22T20:47:58.038+0000] {processor.py:914} INFO - Processing file /home/airflow/.local/lib/python3.12/site-packages/airflow/example_dags/example_bash_operator.py for tasks to queue
[2025-02-22T20:47:58.041+0000] {logging_mixin.py:190} INFO - [2025-02-22T20:47:58.040+0000] {dagbag.py:588} INFO - Filling up the DagBag from /home/airflow/.local/lib/python3.12/site-packages/airflow/example_dags/example_bash_operator.py
[2025-02-22T20:47:58.057+0000] {processor.py:925} INFO - DAG(s) 'example_bash_operator' retrieved from /home/airflow/.local/lib/python3.12/site-packages/airflow/example_dags/example_bash_operator.py
[2025-02-22T20:47:58.090+0000] {logging_mixin.py:190} INFO - [2025-02-22T20:47:58.090+0000] {dag.py:3239} INFO - Sync 1 DAGs
[2025-02-22T20:47:58.119+0000] {logging_mixin.py:190} INFO - [2025-02-22T20:47:58.118+0000] {dag.py:4180} INFO - Setting next_dagrun for example_bash_operator to 2025-02-21 00:00:00+00:00, run_after=2025-02-22 00:00:00+00:00
[2025-02-22T20:47:58.140+0000] {processor.py:208} INFO - Processing /home/airflow/.local/lib/python3.12/site-packages/airflow/example_dags/example_bash_operator.py took 0.110 seconds
[2025-02-22T20:48:28.235+0000] {processor.py:186} INFO - Started process (PID=1893) to work on /home/airflow/.local/lib/python3.12/site-packages/airflow/example_dags/example_bash_operator.py
[2025-02-22T20:48:28.237+0000] {processor.py:914} INFO - Processing file /home/airflow/.local/lib/python3.12/site-packages/airflow/example_dags/example_bash_operator.py for tasks to queue
[2025-02-22T20:48:28.240+0000] {logging_mixin.py:190} INFO - [2025-02-22T20:48:28.239+0000] {dagbag.py:588} INFO - Filling up the DagBag from /home/airflow/.local/lib/python3.12/site-packages/airflow/example_dags/example_bash_operator.py
[2025-02-22T20:48:28.255+0000] {processor.py:925} INFO - DAG(s) 'example_bash_operator' retrieved from /home/airflow/.local/lib/python3.12/site-packages/airflow/example_dags/example_bash_operator.py
[2025-02-22T20:48:28.285+0000] {logging_mixin.py:190} INFO - [2025-02-22T20:48:28.285+0000] {dag.py:3239} INFO - Sync 1 DAGs
[2025-02-22T20:48:28.314+0000] {logging_mixin.py:190} INFO - [2025-02-22T20:48:28.313+0000] {dag.py:4180} INFO - Setting next_dagrun for example_bash_operator to 2025-02-21 00:00:00+00:00, run_after=2025-02-22 00:00:00+00:00
[2025-02-22T20:48:28.334+0000] {processor.py:208} INFO - Processing /home/airflow/.local/lib/python3.12/site-packages/airflow/example_dags/example_bash_operator.py took 0.105 seconds
[2025-02-22T20:48:58.708+0000] {processor.py:186} INFO - Started process (PID=1956) to work on /home/airflow/.local/lib/python3.12/site-packages/airflow/example_dags/example_bash_operator.py
[2025-02-22T20:48:58.709+0000] {processor.py:914} INFO - Processing file /home/airflow/.local/lib/python3.12/site-packages/airflow/example_dags/example_bash_operator.py for tasks to queue
[2025-02-22T20:48:58.712+0000] {logging_mixin.py:190} INFO - [2025-02-22T20:48:58.711+0000] {dagbag.py:588} INFO - Filling up the DagBag from /home/airflow/.local/lib/python3.12/site-packages/airflow/example_dags/example_bash_operator.py
[2025-02-22T20:48:58.727+0000] {processor.py:925} INFO - DAG(s) 'example_bash_operator' retrieved from /home/airflow/.local/lib/python3.12/site-packages/airflow/example_dags/example_bash_operator.py
[2025-02-22T20:48:58.762+0000] {logging_mixin.py:190} INFO - [2025-02-22T20:48:58.762+0000] {dag.py:3239} INFO - Sync 1 DAGs
[2025-02-22T20:48:58.791+0000] {logging_mixin.py:190} INFO - [2025-02-22T20:48:58.790+0000] {dag.py:4180} INFO - Setting next_dagrun for example_bash_operator to 2025-02-21 00:00:00+00:00, run_after=2025-02-22 00:00:00+00:00
[2025-02-22T20:48:58.813+0000] {processor.py:208} INFO - Processing /home/airflow/.local/lib/python3.12/site-packages/airflow/example_dags/example_bash_operator.py took 0.113 seconds
