[2025-02-22T20:33:55.287+0000] {processor.py:186} INFO - Started process (PID=113) to work on /home/airflow/.local/lib/python3.12/site-packages/airflow/example_dags/example_nested_branch_dag.py
[2025-02-22T20:33:55.289+0000] {processor.py:914} INFO - Processing file /home/airflow/.local/lib/python3.12/site-packages/airflow/example_dags/example_nested_branch_dag.py for tasks to queue
[2025-02-22T20:33:55.296+0000] {logging_mixin.py:190} INFO - [2025-02-22T20:33:55.296+0000] {dagbag.py:588} INFO - Filling up the DagBag from /home/airflow/.local/lib/python3.12/site-packages/airflow/example_dags/example_nested_branch_dag.py
[2025-02-22T20:33:55.333+0000] {processor.py:925} INFO - DAG(s) 'example_nested_branch_dag' retrieved from /home/airflow/.local/lib/python3.12/site-packages/airflow/example_dags/example_nested_branch_dag.py
[2025-02-22T20:33:55.564+0000] {logging_mixin.py:190} INFO - [2025-02-22T20:33:55.562+0000] {override.py:1912} INFO - Created Permission View: can edit on DAG:example_nested_branch_dag
[2025-02-22T20:33:55.586+0000] {logging_mixin.py:190} INFO - [2025-02-22T20:33:55.586+0000] {override.py:1912} INFO - Created Permission View: can read on DAG:example_nested_branch_dag
[2025-02-22T20:33:55.597+0000] {logging_mixin.py:190} INFO - [2025-02-22T20:33:55.597+0000] {override.py:1912} INFO - Created Permission View: can delete on DAG:example_nested_branch_dag
[2025-02-22T20:33:55.610+0000] {logging_mixin.py:190} INFO - [2025-02-22T20:33:55.609+0000] {override.py:1912} INFO - Created Permission View: can read on DAG Run:example_nested_branch_dag
[2025-02-22T20:33:55.622+0000] {logging_mixin.py:190} INFO - [2025-02-22T20:33:55.621+0000] {override.py:1912} INFO - Created Permission View: menu access on DAG Run:example_nested_branch_dag
[2025-02-22T20:33:55.634+0000] {logging_mixin.py:190} INFO - [2025-02-22T20:33:55.633+0000] {override.py:1912} INFO - Created Permission View: can create on DAG Run:example_nested_branch_dag
[2025-02-22T20:33:55.643+0000] {logging_mixin.py:190} INFO - [2025-02-22T20:33:55.643+0000] {override.py:1912} INFO - Created Permission View: can delete on DAG Run:example_nested_branch_dag
[2025-02-22T20:33:55.644+0000] {logging_mixin.py:190} INFO - [2025-02-22T20:33:55.644+0000] {dag.py:3239} INFO - Sync 1 DAGs
[2025-02-22T20:33:55.669+0000] {logging_mixin.py:190} INFO - [2025-02-22T20:33:55.668+0000] {dag.py:3262} INFO - Creating ORM DAG for example_nested_branch_dag
[2025-02-22T20:33:55.690+0000] {logging_mixin.py:190} INFO - [2025-02-22T20:33:55.689+0000] {dag.py:4180} INFO - Setting next_dagrun for example_nested_branch_dag to 2025-02-21 00:00:00+00:00, run_after=2025-02-22 00:00:00+00:00
[2025-02-22T20:33:55.721+0000] {processor.py:208} INFO - Processing /home/airflow/.local/lib/python3.12/site-packages/airflow/example_dags/example_nested_branch_dag.py took 0.448 seconds
[2025-02-22T20:34:26.500+0000] {processor.py:186} INFO - Started process (PID=181) to work on /home/airflow/.local/lib/python3.12/site-packages/airflow/example_dags/example_nested_branch_dag.py
[2025-02-22T20:34:26.502+0000] {processor.py:914} INFO - Processing file /home/airflow/.local/lib/python3.12/site-packages/airflow/example_dags/example_nested_branch_dag.py for tasks to queue
[2025-02-22T20:34:26.506+0000] {logging_mixin.py:190} INFO - [2025-02-22T20:34:26.506+0000] {dagbag.py:588} INFO - Filling up the DagBag from /home/airflow/.local/lib/python3.12/site-packages/airflow/example_dags/example_nested_branch_dag.py
[2025-02-22T20:34:26.524+0000] {processor.py:925} INFO - DAG(s) 'example_nested_branch_dag' retrieved from /home/airflow/.local/lib/python3.12/site-packages/airflow/example_dags/example_nested_branch_dag.py
[2025-02-22T20:34:26.556+0000] {logging_mixin.py:190} INFO - [2025-02-22T20:34:26.556+0000] {dag.py:3239} INFO - Sync 1 DAGs
[2025-02-22T20:34:26.591+0000] {logging_mixin.py:190} INFO - [2025-02-22T20:34:26.591+0000] {dag.py:4180} INFO - Setting next_dagrun for example_nested_branch_dag to 2025-02-21 00:00:00+00:00, run_after=2025-02-22 00:00:00+00:00
[2025-02-22T20:34:26.618+0000] {processor.py:208} INFO - Processing /home/airflow/.local/lib/python3.12/site-packages/airflow/example_dags/example_nested_branch_dag.py took 0.126 seconds
[2025-02-22T20:34:56.901+0000] {processor.py:186} INFO - Started process (PID=244) to work on /home/airflow/.local/lib/python3.12/site-packages/airflow/example_dags/example_nested_branch_dag.py
[2025-02-22T20:34:56.903+0000] {processor.py:914} INFO - Processing file /home/airflow/.local/lib/python3.12/site-packages/airflow/example_dags/example_nested_branch_dag.py for tasks to queue
[2025-02-22T20:34:56.906+0000] {logging_mixin.py:190} INFO - [2025-02-22T20:34:56.905+0000] {dagbag.py:588} INFO - Filling up the DagBag from /home/airflow/.local/lib/python3.12/site-packages/airflow/example_dags/example_nested_branch_dag.py
[2025-02-22T20:34:56.921+0000] {processor.py:925} INFO - DAG(s) 'example_nested_branch_dag' retrieved from /home/airflow/.local/lib/python3.12/site-packages/airflow/example_dags/example_nested_branch_dag.py
[2025-02-22T20:34:56.948+0000] {logging_mixin.py:190} INFO - [2025-02-22T20:34:56.947+0000] {dag.py:3239} INFO - Sync 1 DAGs
[2025-02-22T20:34:56.978+0000] {logging_mixin.py:190} INFO - [2025-02-22T20:34:56.978+0000] {dag.py:4180} INFO - Setting next_dagrun for example_nested_branch_dag to 2025-02-21 00:00:00+00:00, run_after=2025-02-22 00:00:00+00:00
[2025-02-22T20:34:57.002+0000] {processor.py:208} INFO - Processing /home/airflow/.local/lib/python3.12/site-packages/airflow/example_dags/example_nested_branch_dag.py took 0.108 seconds
[2025-02-22T20:35:27.683+0000] {processor.py:186} INFO - Started process (PID=307) to work on /home/airflow/.local/lib/python3.12/site-packages/airflow/example_dags/example_nested_branch_dag.py
[2025-02-22T20:35:27.685+0000] {processor.py:914} INFO - Processing file /home/airflow/.local/lib/python3.12/site-packages/airflow/example_dags/example_nested_branch_dag.py for tasks to queue
[2025-02-22T20:35:27.690+0000] {logging_mixin.py:190} INFO - [2025-02-22T20:35:27.690+0000] {dagbag.py:588} INFO - Filling up the DagBag from /home/airflow/.local/lib/python3.12/site-packages/airflow/example_dags/example_nested_branch_dag.py
[2025-02-22T20:35:27.712+0000] {processor.py:925} INFO - DAG(s) 'example_nested_branch_dag' retrieved from /home/airflow/.local/lib/python3.12/site-packages/airflow/example_dags/example_nested_branch_dag.py
[2025-02-22T20:35:27.752+0000] {logging_mixin.py:190} INFO - [2025-02-22T20:35:27.751+0000] {dag.py:3239} INFO - Sync 1 DAGs
[2025-02-22T20:35:27.794+0000] {logging_mixin.py:190} INFO - [2025-02-22T20:35:27.793+0000] {dag.py:4180} INFO - Setting next_dagrun for example_nested_branch_dag to 2025-02-21 00:00:00+00:00, run_after=2025-02-22 00:00:00+00:00
[2025-02-22T20:35:27.823+0000] {processor.py:208} INFO - Processing /home/airflow/.local/lib/python3.12/site-packages/airflow/example_dags/example_nested_branch_dag.py took 0.150 seconds
[2025-02-22T20:35:57.990+0000] {processor.py:186} INFO - Started process (PID=371) to work on /home/airflow/.local/lib/python3.12/site-packages/airflow/example_dags/example_nested_branch_dag.py
[2025-02-22T20:35:57.991+0000] {processor.py:914} INFO - Processing file /home/airflow/.local/lib/python3.12/site-packages/airflow/example_dags/example_nested_branch_dag.py for tasks to queue
[2025-02-22T20:35:57.994+0000] {logging_mixin.py:190} INFO - [2025-02-22T20:35:57.994+0000] {dagbag.py:588} INFO - Filling up the DagBag from /home/airflow/.local/lib/python3.12/site-packages/airflow/example_dags/example_nested_branch_dag.py
[2025-02-22T20:35:58.008+0000] {processor.py:925} INFO - DAG(s) 'example_nested_branch_dag' retrieved from /home/airflow/.local/lib/python3.12/site-packages/airflow/example_dags/example_nested_branch_dag.py
[2025-02-22T20:35:58.034+0000] {logging_mixin.py:190} INFO - [2025-02-22T20:35:58.034+0000] {dag.py:3239} INFO - Sync 1 DAGs
[2025-02-22T20:35:58.066+0000] {logging_mixin.py:190} INFO - [2025-02-22T20:35:58.066+0000] {dag.py:4180} INFO - Setting next_dagrun for example_nested_branch_dag to 2025-02-21 00:00:00+00:00, run_after=2025-02-22 00:00:00+00:00
[2025-02-22T20:35:58.090+0000] {processor.py:208} INFO - Processing /home/airflow/.local/lib/python3.12/site-packages/airflow/example_dags/example_nested_branch_dag.py took 0.107 seconds
[2025-02-22T20:36:29.197+0000] {processor.py:186} INFO - Started process (PID=434) to work on /home/airflow/.local/lib/python3.12/site-packages/airflow/example_dags/example_nested_branch_dag.py
[2025-02-22T20:36:29.199+0000] {processor.py:914} INFO - Processing file /home/airflow/.local/lib/python3.12/site-packages/airflow/example_dags/example_nested_branch_dag.py for tasks to queue
[2025-02-22T20:36:29.202+0000] {logging_mixin.py:190} INFO - [2025-02-22T20:36:29.202+0000] {dagbag.py:588} INFO - Filling up the DagBag from /home/airflow/.local/lib/python3.12/site-packages/airflow/example_dags/example_nested_branch_dag.py
[2025-02-22T20:36:29.218+0000] {processor.py:925} INFO - DAG(s) 'example_nested_branch_dag' retrieved from /home/airflow/.local/lib/python3.12/site-packages/airflow/example_dags/example_nested_branch_dag.py
[2025-02-22T20:36:29.250+0000] {logging_mixin.py:190} INFO - [2025-02-22T20:36:29.249+0000] {dag.py:3239} INFO - Sync 1 DAGs
[2025-02-22T20:36:29.286+0000] {logging_mixin.py:190} INFO - [2025-02-22T20:36:29.285+0000] {dag.py:4180} INFO - Setting next_dagrun for example_nested_branch_dag to 2025-02-21 00:00:00+00:00, run_after=2025-02-22 00:00:00+00:00
[2025-02-22T20:36:29.315+0000] {processor.py:208} INFO - Processing /home/airflow/.local/lib/python3.12/site-packages/airflow/example_dags/example_nested_branch_dag.py took 0.126 seconds
[2025-02-22T20:36:59.666+0000] {processor.py:186} INFO - Started process (PID=497) to work on /home/airflow/.local/lib/python3.12/site-packages/airflow/example_dags/example_nested_branch_dag.py
[2025-02-22T20:36:59.667+0000] {processor.py:914} INFO - Processing file /home/airflow/.local/lib/python3.12/site-packages/airflow/example_dags/example_nested_branch_dag.py for tasks to queue
[2025-02-22T20:36:59.671+0000] {logging_mixin.py:190} INFO - [2025-02-22T20:36:59.670+0000] {dagbag.py:588} INFO - Filling up the DagBag from /home/airflow/.local/lib/python3.12/site-packages/airflow/example_dags/example_nested_branch_dag.py
[2025-02-22T20:36:59.684+0000] {processor.py:925} INFO - DAG(s) 'example_nested_branch_dag' retrieved from /home/airflow/.local/lib/python3.12/site-packages/airflow/example_dags/example_nested_branch_dag.py
[2025-02-22T20:36:59.711+0000] {logging_mixin.py:190} INFO - [2025-02-22T20:36:59.711+0000] {dag.py:3239} INFO - Sync 1 DAGs
[2025-02-22T20:36:59.745+0000] {logging_mixin.py:190} INFO - [2025-02-22T20:36:59.745+0000] {dag.py:4180} INFO - Setting next_dagrun for example_nested_branch_dag to 2025-02-21 00:00:00+00:00, run_after=2025-02-22 00:00:00+00:00
[2025-02-22T20:36:59.770+0000] {processor.py:208} INFO - Processing /home/airflow/.local/lib/python3.12/site-packages/airflow/example_dags/example_nested_branch_dag.py took 0.111 seconds
[2025-02-22T20:37:29.895+0000] {processor.py:186} INFO - Started process (PID=559) to work on /home/airflow/.local/lib/python3.12/site-packages/airflow/example_dags/example_nested_branch_dag.py
[2025-02-22T20:37:29.896+0000] {processor.py:914} INFO - Processing file /home/airflow/.local/lib/python3.12/site-packages/airflow/example_dags/example_nested_branch_dag.py for tasks to queue
[2025-02-22T20:37:29.899+0000] {logging_mixin.py:190} INFO - [2025-02-22T20:37:29.898+0000] {dagbag.py:588} INFO - Filling up the DagBag from /home/airflow/.local/lib/python3.12/site-packages/airflow/example_dags/example_nested_branch_dag.py
[2025-02-22T20:37:29.911+0000] {processor.py:925} INFO - DAG(s) 'example_nested_branch_dag' retrieved from /home/airflow/.local/lib/python3.12/site-packages/airflow/example_dags/example_nested_branch_dag.py
[2025-02-22T20:37:29.936+0000] {logging_mixin.py:190} INFO - [2025-02-22T20:37:29.936+0000] {dag.py:3239} INFO - Sync 1 DAGs
[2025-02-22T20:37:29.964+0000] {logging_mixin.py:190} INFO - [2025-02-22T20:37:29.964+0000] {dag.py:4180} INFO - Setting next_dagrun for example_nested_branch_dag to 2025-02-21 00:00:00+00:00, run_after=2025-02-22 00:00:00+00:00
[2025-02-22T20:37:29.986+0000] {processor.py:208} INFO - Processing /home/airflow/.local/lib/python3.12/site-packages/airflow/example_dags/example_nested_branch_dag.py took 0.098 seconds
[2025-02-22T20:38:00.316+0000] {processor.py:186} INFO - Started process (PID=622) to work on /home/airflow/.local/lib/python3.12/site-packages/airflow/example_dags/example_nested_branch_dag.py
[2025-02-22T20:38:00.318+0000] {processor.py:914} INFO - Processing file /home/airflow/.local/lib/python3.12/site-packages/airflow/example_dags/example_nested_branch_dag.py for tasks to queue
[2025-02-22T20:38:00.321+0000] {logging_mixin.py:190} INFO - [2025-02-22T20:38:00.320+0000] {dagbag.py:588} INFO - Filling up the DagBag from /home/airflow/.local/lib/python3.12/site-packages/airflow/example_dags/example_nested_branch_dag.py
[2025-02-22T20:38:00.333+0000] {processor.py:925} INFO - DAG(s) 'example_nested_branch_dag' retrieved from /home/airflow/.local/lib/python3.12/site-packages/airflow/example_dags/example_nested_branch_dag.py
[2025-02-22T20:38:00.358+0000] {logging_mixin.py:190} INFO - [2025-02-22T20:38:00.358+0000] {dag.py:3239} INFO - Sync 1 DAGs
[2025-02-22T20:38:00.384+0000] {logging_mixin.py:190} INFO - [2025-02-22T20:38:00.384+0000] {dag.py:4180} INFO - Setting next_dagrun for example_nested_branch_dag to 2025-02-21 00:00:00+00:00, run_after=2025-02-22 00:00:00+00:00
[2025-02-22T20:38:00.406+0000] {processor.py:208} INFO - Processing /home/airflow/.local/lib/python3.12/site-packages/airflow/example_dags/example_nested_branch_dag.py took 0.097 seconds
[2025-02-22T20:38:31.008+0000] {processor.py:186} INFO - Started process (PID=685) to work on /home/airflow/.local/lib/python3.12/site-packages/airflow/example_dags/example_nested_branch_dag.py
[2025-02-22T20:38:31.010+0000] {processor.py:914} INFO - Processing file /home/airflow/.local/lib/python3.12/site-packages/airflow/example_dags/example_nested_branch_dag.py for tasks to queue
[2025-02-22T20:38:31.013+0000] {logging_mixin.py:190} INFO - [2025-02-22T20:38:31.012+0000] {dagbag.py:588} INFO - Filling up the DagBag from /home/airflow/.local/lib/python3.12/site-packages/airflow/example_dags/example_nested_branch_dag.py
[2025-02-22T20:38:31.027+0000] {processor.py:925} INFO - DAG(s) 'example_nested_branch_dag' retrieved from /home/airflow/.local/lib/python3.12/site-packages/airflow/example_dags/example_nested_branch_dag.py
[2025-02-22T20:38:31.053+0000] {logging_mixin.py:190} INFO - [2025-02-22T20:38:31.053+0000] {dag.py:3239} INFO - Sync 1 DAGs
[2025-02-22T20:38:31.084+0000] {logging_mixin.py:190} INFO - [2025-02-22T20:38:31.083+0000] {dag.py:4180} INFO - Setting next_dagrun for example_nested_branch_dag to 2025-02-21 00:00:00+00:00, run_after=2025-02-22 00:00:00+00:00
[2025-02-22T20:38:31.110+0000] {processor.py:208} INFO - Processing /home/airflow/.local/lib/python3.12/site-packages/airflow/example_dags/example_nested_branch_dag.py took 0.110 seconds
[2025-02-22T20:39:02.340+0000] {processor.py:186} INFO - Started process (PID=748) to work on /home/airflow/.local/lib/python3.12/site-packages/airflow/example_dags/example_nested_branch_dag.py
[2025-02-22T20:39:02.341+0000] {processor.py:914} INFO - Processing file /home/airflow/.local/lib/python3.12/site-packages/airflow/example_dags/example_nested_branch_dag.py for tasks to queue
[2025-02-22T20:39:02.345+0000] {logging_mixin.py:190} INFO - [2025-02-22T20:39:02.344+0000] {dagbag.py:588} INFO - Filling up the DagBag from /home/airflow/.local/lib/python3.12/site-packages/airflow/example_dags/example_nested_branch_dag.py
[2025-02-22T20:39:02.362+0000] {processor.py:925} INFO - DAG(s) 'example_nested_branch_dag' retrieved from /home/airflow/.local/lib/python3.12/site-packages/airflow/example_dags/example_nested_branch_dag.py
[2025-02-22T20:39:02.393+0000] {logging_mixin.py:190} INFO - [2025-02-22T20:39:02.393+0000] {dag.py:3239} INFO - Sync 1 DAGs
[2025-02-22T20:39:02.449+0000] {logging_mixin.py:190} INFO - [2025-02-22T20:39:02.449+0000] {dag.py:4180} INFO - Setting next_dagrun for example_nested_branch_dag to 2025-02-21 00:00:00+00:00, run_after=2025-02-22 00:00:00+00:00
[2025-02-22T20:39:02.492+0000] {processor.py:208} INFO - Processing /home/airflow/.local/lib/python3.12/site-packages/airflow/example_dags/example_nested_branch_dag.py took 0.163 seconds
[2025-02-22T20:39:33.356+0000] {processor.py:186} INFO - Started process (PID=811) to work on /home/airflow/.local/lib/python3.12/site-packages/airflow/example_dags/example_nested_branch_dag.py
[2025-02-22T20:39:33.357+0000] {processor.py:914} INFO - Processing file /home/airflow/.local/lib/python3.12/site-packages/airflow/example_dags/example_nested_branch_dag.py for tasks to queue
[2025-02-22T20:39:33.360+0000] {logging_mixin.py:190} INFO - [2025-02-22T20:39:33.360+0000] {dagbag.py:588} INFO - Filling up the DagBag from /home/airflow/.local/lib/python3.12/site-packages/airflow/example_dags/example_nested_branch_dag.py
[2025-02-22T20:39:33.373+0000] {processor.py:925} INFO - DAG(s) 'example_nested_branch_dag' retrieved from /home/airflow/.local/lib/python3.12/site-packages/airflow/example_dags/example_nested_branch_dag.py
[2025-02-22T20:39:33.399+0000] {logging_mixin.py:190} INFO - [2025-02-22T20:39:33.399+0000] {dag.py:3239} INFO - Sync 1 DAGs
[2025-02-22T20:39:33.427+0000] {logging_mixin.py:190} INFO - [2025-02-22T20:39:33.426+0000] {dag.py:4180} INFO - Setting next_dagrun for example_nested_branch_dag to 2025-02-21 00:00:00+00:00, run_after=2025-02-22 00:00:00+00:00
[2025-02-22T20:39:33.447+0000] {processor.py:208} INFO - Processing /home/airflow/.local/lib/python3.12/site-packages/airflow/example_dags/example_nested_branch_dag.py took 0.098 seconds
[2025-02-22T20:40:05.229+0000] {processor.py:186} INFO - Started process (PID=874) to work on /home/airflow/.local/lib/python3.12/site-packages/airflow/example_dags/example_nested_branch_dag.py
[2025-02-22T20:40:05.230+0000] {processor.py:914} INFO - Processing file /home/airflow/.local/lib/python3.12/site-packages/airflow/example_dags/example_nested_branch_dag.py for tasks to queue
[2025-02-22T20:40:05.233+0000] {logging_mixin.py:190} INFO - [2025-02-22T20:40:05.233+0000] {dagbag.py:588} INFO - Filling up the DagBag from /home/airflow/.local/lib/python3.12/site-packages/airflow/example_dags/example_nested_branch_dag.py
[2025-02-22T20:40:05.247+0000] {processor.py:925} INFO - DAG(s) 'example_nested_branch_dag' retrieved from /home/airflow/.local/lib/python3.12/site-packages/airflow/example_dags/example_nested_branch_dag.py
[2025-02-22T20:40:05.273+0000] {logging_mixin.py:190} INFO - [2025-02-22T20:40:05.273+0000] {dag.py:3239} INFO - Sync 1 DAGs
[2025-02-22T20:40:05.304+0000] {logging_mixin.py:190} INFO - [2025-02-22T20:40:05.304+0000] {dag.py:4180} INFO - Setting next_dagrun for example_nested_branch_dag to 2025-02-21 00:00:00+00:00, run_after=2025-02-22 00:00:00+00:00
[2025-02-22T20:40:05.325+0000] {processor.py:208} INFO - Processing /home/airflow/.local/lib/python3.12/site-packages/airflow/example_dags/example_nested_branch_dag.py took 0.104 seconds
[2025-02-22T20:40:38.022+0000] {processor.py:186} INFO - Started process (PID=937) to work on /home/airflow/.local/lib/python3.12/site-packages/airflow/example_dags/example_nested_branch_dag.py
[2025-02-22T20:40:38.023+0000] {processor.py:914} INFO - Processing file /home/airflow/.local/lib/python3.12/site-packages/airflow/example_dags/example_nested_branch_dag.py for tasks to queue
[2025-02-22T20:40:38.026+0000] {logging_mixin.py:190} INFO - [2025-02-22T20:40:38.026+0000] {dagbag.py:588} INFO - Filling up the DagBag from /home/airflow/.local/lib/python3.12/site-packages/airflow/example_dags/example_nested_branch_dag.py
[2025-02-22T20:40:38.039+0000] {processor.py:925} INFO - DAG(s) 'example_nested_branch_dag' retrieved from /home/airflow/.local/lib/python3.12/site-packages/airflow/example_dags/example_nested_branch_dag.py
[2025-02-22T20:40:38.066+0000] {logging_mixin.py:190} INFO - [2025-02-22T20:40:38.066+0000] {dag.py:3239} INFO - Sync 1 DAGs
[2025-02-22T20:40:38.094+0000] {logging_mixin.py:190} INFO - [2025-02-22T20:40:38.094+0000] {dag.py:4180} INFO - Setting next_dagrun for example_nested_branch_dag to 2025-02-21 00:00:00+00:00, run_after=2025-02-22 00:00:00+00:00
[2025-02-22T20:40:38.117+0000] {processor.py:208} INFO - Processing /home/airflow/.local/lib/python3.12/site-packages/airflow/example_dags/example_nested_branch_dag.py took 0.102 seconds
[2025-02-22T20:41:09.178+0000] {processor.py:186} INFO - Started process (PID=1000) to work on /home/airflow/.local/lib/python3.12/site-packages/airflow/example_dags/example_nested_branch_dag.py
[2025-02-22T20:41:09.179+0000] {processor.py:914} INFO - Processing file /home/airflow/.local/lib/python3.12/site-packages/airflow/example_dags/example_nested_branch_dag.py for tasks to queue
[2025-02-22T20:41:09.182+0000] {logging_mixin.py:190} INFO - [2025-02-22T20:41:09.182+0000] {dagbag.py:588} INFO - Filling up the DagBag from /home/airflow/.local/lib/python3.12/site-packages/airflow/example_dags/example_nested_branch_dag.py
[2025-02-22T20:41:09.198+0000] {processor.py:925} INFO - DAG(s) 'example_nested_branch_dag' retrieved from /home/airflow/.local/lib/python3.12/site-packages/airflow/example_dags/example_nested_branch_dag.py
[2025-02-22T20:41:09.228+0000] {logging_mixin.py:190} INFO - [2025-02-22T20:41:09.227+0000] {dag.py:3239} INFO - Sync 1 DAGs
[2025-02-22T20:41:09.264+0000] {logging_mixin.py:190} INFO - [2025-02-22T20:41:09.263+0000] {dag.py:4180} INFO - Setting next_dagrun for example_nested_branch_dag to 2025-02-21 00:00:00+00:00, run_after=2025-02-22 00:00:00+00:00
[2025-02-22T20:41:09.289+0000] {processor.py:208} INFO - Processing /home/airflow/.local/lib/python3.12/site-packages/airflow/example_dags/example_nested_branch_dag.py took 0.120 seconds
[2025-02-22T20:41:39.550+0000] {processor.py:186} INFO - Started process (PID=1063) to work on /home/airflow/.local/lib/python3.12/site-packages/airflow/example_dags/example_nested_branch_dag.py
[2025-02-22T20:41:39.551+0000] {processor.py:914} INFO - Processing file /home/airflow/.local/lib/python3.12/site-packages/airflow/example_dags/example_nested_branch_dag.py for tasks to queue
[2025-02-22T20:41:39.554+0000] {logging_mixin.py:190} INFO - [2025-02-22T20:41:39.554+0000] {dagbag.py:588} INFO - Filling up the DagBag from /home/airflow/.local/lib/python3.12/site-packages/airflow/example_dags/example_nested_branch_dag.py
[2025-02-22T20:41:39.569+0000] {processor.py:925} INFO - DAG(s) 'example_nested_branch_dag' retrieved from /home/airflow/.local/lib/python3.12/site-packages/airflow/example_dags/example_nested_branch_dag.py
[2025-02-22T20:41:39.596+0000] {logging_mixin.py:190} INFO - [2025-02-22T20:41:39.596+0000] {dag.py:3239} INFO - Sync 1 DAGs
[2025-02-22T20:41:39.628+0000] {logging_mixin.py:190} INFO - [2025-02-22T20:41:39.628+0000] {dag.py:4180} INFO - Setting next_dagrun for example_nested_branch_dag to 2025-02-21 00:00:00+00:00, run_after=2025-02-22 00:00:00+00:00
[2025-02-22T20:41:39.653+0000] {processor.py:208} INFO - Processing /home/airflow/.local/lib/python3.12/site-packages/airflow/example_dags/example_nested_branch_dag.py took 0.111 seconds
[2025-02-22T20:42:14.503+0000] {processor.py:186} INFO - Started process (PID=1128) to work on /home/airflow/.local/lib/python3.12/site-packages/airflow/example_dags/example_nested_branch_dag.py
[2025-02-22T20:42:14.505+0000] {processor.py:914} INFO - Processing file /home/airflow/.local/lib/python3.12/site-packages/airflow/example_dags/example_nested_branch_dag.py for tasks to queue
[2025-02-22T20:42:14.508+0000] {logging_mixin.py:190} INFO - [2025-02-22T20:42:14.508+0000] {dagbag.py:588} INFO - Filling up the DagBag from /home/airflow/.local/lib/python3.12/site-packages/airflow/example_dags/example_nested_branch_dag.py
[2025-02-22T20:42:14.527+0000] {processor.py:925} INFO - DAG(s) 'example_nested_branch_dag' retrieved from /home/airflow/.local/lib/python3.12/site-packages/airflow/example_dags/example_nested_branch_dag.py
[2025-02-22T20:42:14.562+0000] {logging_mixin.py:190} INFO - [2025-02-22T20:42:14.562+0000] {dag.py:3239} INFO - Sync 1 DAGs
[2025-02-22T20:42:14.600+0000] {logging_mixin.py:190} INFO - [2025-02-22T20:42:14.600+0000] {dag.py:4180} INFO - Setting next_dagrun for example_nested_branch_dag to 2025-02-21 00:00:00+00:00, run_after=2025-02-22 00:00:00+00:00
[2025-02-22T20:42:14.629+0000] {processor.py:208} INFO - Processing /home/airflow/.local/lib/python3.12/site-packages/airflow/example_dags/example_nested_branch_dag.py took 0.136 seconds
[2025-02-22T20:42:45.862+0000] {processor.py:186} INFO - Started process (PID=1191) to work on /home/airflow/.local/lib/python3.12/site-packages/airflow/example_dags/example_nested_branch_dag.py
[2025-02-22T20:42:45.864+0000] {processor.py:914} INFO - Processing file /home/airflow/.local/lib/python3.12/site-packages/airflow/example_dags/example_nested_branch_dag.py for tasks to queue
[2025-02-22T20:42:45.867+0000] {logging_mixin.py:190} INFO - [2025-02-22T20:42:45.867+0000] {dagbag.py:588} INFO - Filling up the DagBag from /home/airflow/.local/lib/python3.12/site-packages/airflow/example_dags/example_nested_branch_dag.py
[2025-02-22T20:42:45.887+0000] {processor.py:925} INFO - DAG(s) 'example_nested_branch_dag' retrieved from /home/airflow/.local/lib/python3.12/site-packages/airflow/example_dags/example_nested_branch_dag.py
[2025-02-22T20:42:45.927+0000] {logging_mixin.py:190} INFO - [2025-02-22T20:42:45.927+0000] {dag.py:3239} INFO - Sync 1 DAGs
[2025-02-22T20:42:45.996+0000] {logging_mixin.py:190} INFO - [2025-02-22T20:42:45.995+0000] {dag.py:4180} INFO - Setting next_dagrun for example_nested_branch_dag to 2025-02-21 00:00:00+00:00, run_after=2025-02-22 00:00:00+00:00
[2025-02-22T20:42:46.025+0000] {processor.py:208} INFO - Processing /home/airflow/.local/lib/python3.12/site-packages/airflow/example_dags/example_nested_branch_dag.py took 0.173 seconds
[2025-02-22T20:43:17.441+0000] {processor.py:186} INFO - Started process (PID=1254) to work on /home/airflow/.local/lib/python3.12/site-packages/airflow/example_dags/example_nested_branch_dag.py
[2025-02-22T20:43:17.443+0000] {processor.py:914} INFO - Processing file /home/airflow/.local/lib/python3.12/site-packages/airflow/example_dags/example_nested_branch_dag.py for tasks to queue
[2025-02-22T20:43:17.446+0000] {logging_mixin.py:190} INFO - [2025-02-22T20:43:17.445+0000] {dagbag.py:588} INFO - Filling up the DagBag from /home/airflow/.local/lib/python3.12/site-packages/airflow/example_dags/example_nested_branch_dag.py
[2025-02-22T20:43:17.460+0000] {processor.py:925} INFO - DAG(s) 'example_nested_branch_dag' retrieved from /home/airflow/.local/lib/python3.12/site-packages/airflow/example_dags/example_nested_branch_dag.py
[2025-02-22T20:43:17.486+0000] {logging_mixin.py:190} INFO - [2025-02-22T20:43:17.486+0000] {dag.py:3239} INFO - Sync 1 DAGs
[2025-02-22T20:43:17.517+0000] {logging_mixin.py:190} INFO - [2025-02-22T20:43:17.517+0000] {dag.py:4180} INFO - Setting next_dagrun for example_nested_branch_dag to 2025-02-21 00:00:00+00:00, run_after=2025-02-22 00:00:00+00:00
[2025-02-22T20:43:17.540+0000] {processor.py:208} INFO - Processing /home/airflow/.local/lib/python3.12/site-packages/airflow/example_dags/example_nested_branch_dag.py took 0.108 seconds
[2025-02-22T20:43:48.937+0000] {processor.py:186} INFO - Started process (PID=1319) to work on /home/airflow/.local/lib/python3.12/site-packages/airflow/example_dags/example_nested_branch_dag.py
[2025-02-22T20:43:48.938+0000] {processor.py:914} INFO - Processing file /home/airflow/.local/lib/python3.12/site-packages/airflow/example_dags/example_nested_branch_dag.py for tasks to queue
[2025-02-22T20:43:48.942+0000] {logging_mixin.py:190} INFO - [2025-02-22T20:43:48.941+0000] {dagbag.py:588} INFO - Filling up the DagBag from /home/airflow/.local/lib/python3.12/site-packages/airflow/example_dags/example_nested_branch_dag.py
[2025-02-22T20:43:48.957+0000] {processor.py:925} INFO - DAG(s) 'example_nested_branch_dag' retrieved from /home/airflow/.local/lib/python3.12/site-packages/airflow/example_dags/example_nested_branch_dag.py
[2025-02-22T20:43:48.985+0000] {logging_mixin.py:190} INFO - [2025-02-22T20:43:48.984+0000] {dag.py:3239} INFO - Sync 1 DAGs
[2025-02-22T20:43:49.018+0000] {logging_mixin.py:190} INFO - [2025-02-22T20:43:49.017+0000] {dag.py:4180} INFO - Setting next_dagrun for example_nested_branch_dag to 2025-02-21 00:00:00+00:00, run_after=2025-02-22 00:00:00+00:00
[2025-02-22T20:43:49.043+0000] {processor.py:208} INFO - Processing /home/airflow/.local/lib/python3.12/site-packages/airflow/example_dags/example_nested_branch_dag.py took 0.113 seconds
[2025-02-22T20:44:20.690+0000] {processor.py:186} INFO - Started process (PID=1383) to work on /home/airflow/.local/lib/python3.12/site-packages/airflow/example_dags/example_nested_branch_dag.py
[2025-02-22T20:44:20.692+0000] {processor.py:914} INFO - Processing file /home/airflow/.local/lib/python3.12/site-packages/airflow/example_dags/example_nested_branch_dag.py for tasks to queue
[2025-02-22T20:44:20.697+0000] {logging_mixin.py:190} INFO - [2025-02-22T20:44:20.696+0000] {dagbag.py:588} INFO - Filling up the DagBag from /home/airflow/.local/lib/python3.12/site-packages/airflow/example_dags/example_nested_branch_dag.py
[2025-02-22T20:44:20.720+0000] {processor.py:925} INFO - DAG(s) 'example_nested_branch_dag' retrieved from /home/airflow/.local/lib/python3.12/site-packages/airflow/example_dags/example_nested_branch_dag.py
[2025-02-22T20:44:20.755+0000] {logging_mixin.py:190} INFO - [2025-02-22T20:44:20.755+0000] {dag.py:3239} INFO - Sync 1 DAGs
[2025-02-22T20:44:20.796+0000] {logging_mixin.py:190} INFO - [2025-02-22T20:44:20.796+0000] {dag.py:4180} INFO - Setting next_dagrun for example_nested_branch_dag to 2025-02-21 00:00:00+00:00, run_after=2025-02-22 00:00:00+00:00
[2025-02-22T20:44:20.821+0000] {processor.py:208} INFO - Processing /home/airflow/.local/lib/python3.12/site-packages/airflow/example_dags/example_nested_branch_dag.py took 0.142 seconds
[2025-02-22T20:44:51.953+0000] {processor.py:186} INFO - Started process (PID=1446) to work on /home/airflow/.local/lib/python3.12/site-packages/airflow/example_dags/example_nested_branch_dag.py
[2025-02-22T20:44:51.955+0000] {processor.py:914} INFO - Processing file /home/airflow/.local/lib/python3.12/site-packages/airflow/example_dags/example_nested_branch_dag.py for tasks to queue
[2025-02-22T20:44:51.961+0000] {logging_mixin.py:190} INFO - [2025-02-22T20:44:51.960+0000] {dagbag.py:588} INFO - Filling up the DagBag from /home/airflow/.local/lib/python3.12/site-packages/airflow/example_dags/example_nested_branch_dag.py
[2025-02-22T20:44:51.988+0000] {processor.py:925} INFO - DAG(s) 'example_nested_branch_dag' retrieved from /home/airflow/.local/lib/python3.12/site-packages/airflow/example_dags/example_nested_branch_dag.py
[2025-02-22T20:44:52.038+0000] {logging_mixin.py:190} INFO - [2025-02-22T20:44:52.037+0000] {dag.py:3239} INFO - Sync 1 DAGs
[2025-02-22T20:44:52.097+0000] {logging_mixin.py:190} INFO - [2025-02-22T20:44:52.096+0000] {dag.py:4180} INFO - Setting next_dagrun for example_nested_branch_dag to 2025-02-21 00:00:00+00:00, run_after=2025-02-22 00:00:00+00:00
[2025-02-22T20:44:52.140+0000] {processor.py:208} INFO - Processing /home/airflow/.local/lib/python3.12/site-packages/airflow/example_dags/example_nested_branch_dag.py took 0.201 seconds
[2025-02-22T20:45:23.173+0000] {processor.py:186} INFO - Started process (PID=1509) to work on /home/airflow/.local/lib/python3.12/site-packages/airflow/example_dags/example_nested_branch_dag.py
[2025-02-22T20:45:23.175+0000] {processor.py:914} INFO - Processing file /home/airflow/.local/lib/python3.12/site-packages/airflow/example_dags/example_nested_branch_dag.py for tasks to queue
[2025-02-22T20:45:23.177+0000] {logging_mixin.py:190} INFO - [2025-02-22T20:45:23.177+0000] {dagbag.py:588} INFO - Filling up the DagBag from /home/airflow/.local/lib/python3.12/site-packages/airflow/example_dags/example_nested_branch_dag.py
[2025-02-22T20:45:23.191+0000] {processor.py:925} INFO - DAG(s) 'example_nested_branch_dag' retrieved from /home/airflow/.local/lib/python3.12/site-packages/airflow/example_dags/example_nested_branch_dag.py
[2025-02-22T20:45:23.216+0000] {logging_mixin.py:190} INFO - [2025-02-22T20:45:23.216+0000] {dag.py:3239} INFO - Sync 1 DAGs
[2025-02-22T20:45:23.243+0000] {logging_mixin.py:190} INFO - [2025-02-22T20:45:23.243+0000] {dag.py:4180} INFO - Setting next_dagrun for example_nested_branch_dag to 2025-02-21 00:00:00+00:00, run_after=2025-02-22 00:00:00+00:00
[2025-02-22T20:45:23.266+0000] {processor.py:208} INFO - Processing /home/airflow/.local/lib/python3.12/site-packages/airflow/example_dags/example_nested_branch_dag.py took 0.100 seconds
[2025-02-22T20:45:54.987+0000] {processor.py:186} INFO - Started process (PID=1572) to work on /home/airflow/.local/lib/python3.12/site-packages/airflow/example_dags/example_nested_branch_dag.py
[2025-02-22T20:45:54.989+0000] {processor.py:914} INFO - Processing file /home/airflow/.local/lib/python3.12/site-packages/airflow/example_dags/example_nested_branch_dag.py for tasks to queue
[2025-02-22T20:45:54.992+0000] {logging_mixin.py:190} INFO - [2025-02-22T20:45:54.991+0000] {dagbag.py:588} INFO - Filling up the DagBag from /home/airflow/.local/lib/python3.12/site-packages/airflow/example_dags/example_nested_branch_dag.py
[2025-02-22T20:45:55.008+0000] {processor.py:925} INFO - DAG(s) 'example_nested_branch_dag' retrieved from /home/airflow/.local/lib/python3.12/site-packages/airflow/example_dags/example_nested_branch_dag.py
[2025-02-22T20:45:55.040+0000] {logging_mixin.py:190} INFO - [2025-02-22T20:45:55.040+0000] {dag.py:3239} INFO - Sync 1 DAGs
[2025-02-22T20:45:55.085+0000] {logging_mixin.py:190} INFO - [2025-02-22T20:45:55.085+0000] {dag.py:4180} INFO - Setting next_dagrun for example_nested_branch_dag to 2025-02-21 00:00:00+00:00, run_after=2025-02-22 00:00:00+00:00
[2025-02-22T20:45:55.115+0000] {processor.py:208} INFO - Processing /home/airflow/.local/lib/python3.12/site-packages/airflow/example_dags/example_nested_branch_dag.py took 0.136 seconds
[2025-02-22T20:46:25.952+0000] {processor.py:186} INFO - Started process (PID=1635) to work on /home/airflow/.local/lib/python3.12/site-packages/airflow/example_dags/example_nested_branch_dag.py
[2025-02-22T20:46:25.953+0000] {processor.py:914} INFO - Processing file /home/airflow/.local/lib/python3.12/site-packages/airflow/example_dags/example_nested_branch_dag.py for tasks to queue
[2025-02-22T20:46:25.956+0000] {logging_mixin.py:190} INFO - [2025-02-22T20:46:25.955+0000] {dagbag.py:588} INFO - Filling up the DagBag from /home/airflow/.local/lib/python3.12/site-packages/airflow/example_dags/example_nested_branch_dag.py
[2025-02-22T20:46:25.970+0000] {processor.py:925} INFO - DAG(s) 'example_nested_branch_dag' retrieved from /home/airflow/.local/lib/python3.12/site-packages/airflow/example_dags/example_nested_branch_dag.py
[2025-02-22T20:46:25.996+0000] {logging_mixin.py:190} INFO - [2025-02-22T20:46:25.995+0000] {dag.py:3239} INFO - Sync 1 DAGs
[2025-02-22T20:46:26.028+0000] {logging_mixin.py:190} INFO - [2025-02-22T20:46:26.027+0000] {dag.py:4180} INFO - Setting next_dagrun for example_nested_branch_dag to 2025-02-21 00:00:00+00:00, run_after=2025-02-22 00:00:00+00:00
[2025-02-22T20:46:26.066+0000] {processor.py:208} INFO - Processing /home/airflow/.local/lib/python3.12/site-packages/airflow/example_dags/example_nested_branch_dag.py took 0.123 seconds
[2025-02-22T20:46:56.591+0000] {processor.py:186} INFO - Started process (PID=1697) to work on /home/airflow/.local/lib/python3.12/site-packages/airflow/example_dags/example_nested_branch_dag.py
[2025-02-22T20:46:56.592+0000] {processor.py:914} INFO - Processing file /home/airflow/.local/lib/python3.12/site-packages/airflow/example_dags/example_nested_branch_dag.py for tasks to queue
[2025-02-22T20:46:56.595+0000] {logging_mixin.py:190} INFO - [2025-02-22T20:46:56.595+0000] {dagbag.py:588} INFO - Filling up the DagBag from /home/airflow/.local/lib/python3.12/site-packages/airflow/example_dags/example_nested_branch_dag.py
[2025-02-22T20:46:56.610+0000] {processor.py:925} INFO - DAG(s) 'example_nested_branch_dag' retrieved from /home/airflow/.local/lib/python3.12/site-packages/airflow/example_dags/example_nested_branch_dag.py
[2025-02-22T20:46:56.643+0000] {logging_mixin.py:190} INFO - [2025-02-22T20:46:56.643+0000] {dag.py:3239} INFO - Sync 1 DAGs
[2025-02-22T20:46:56.672+0000] {logging_mixin.py:190} INFO - [2025-02-22T20:46:56.672+0000] {dag.py:4180} INFO - Setting next_dagrun for example_nested_branch_dag to 2025-02-21 00:00:00+00:00, run_after=2025-02-22 00:00:00+00:00
[2025-02-22T20:46:56.698+0000] {processor.py:208} INFO - Processing /home/airflow/.local/lib/python3.12/site-packages/airflow/example_dags/example_nested_branch_dag.py took 0.113 seconds
[2025-02-22T20:47:27.634+0000] {processor.py:186} INFO - Started process (PID=1766) to work on /home/airflow/.local/lib/python3.12/site-packages/airflow/example_dags/example_nested_branch_dag.py
[2025-02-22T20:47:27.635+0000] {processor.py:914} INFO - Processing file /home/airflow/.local/lib/python3.12/site-packages/airflow/example_dags/example_nested_branch_dag.py for tasks to queue
[2025-02-22T20:47:27.638+0000] {logging_mixin.py:190} INFO - [2025-02-22T20:47:27.637+0000] {dagbag.py:588} INFO - Filling up the DagBag from /home/airflow/.local/lib/python3.12/site-packages/airflow/example_dags/example_nested_branch_dag.py
[2025-02-22T20:47:27.653+0000] {processor.py:925} INFO - DAG(s) 'example_nested_branch_dag' retrieved from /home/airflow/.local/lib/python3.12/site-packages/airflow/example_dags/example_nested_branch_dag.py
[2025-02-22T20:47:27.677+0000] {logging_mixin.py:190} INFO - [2025-02-22T20:47:27.677+0000] {dag.py:3239} INFO - Sync 1 DAGs
[2025-02-22T20:47:27.704+0000] {logging_mixin.py:190} INFO - [2025-02-22T20:47:27.704+0000] {dag.py:4180} INFO - Setting next_dagrun for example_nested_branch_dag to 2025-02-21 00:00:00+00:00, run_after=2025-02-22 00:00:00+00:00
[2025-02-22T20:47:27.726+0000] {processor.py:208} INFO - Processing /home/airflow/.local/lib/python3.12/site-packages/airflow/example_dags/example_nested_branch_dag.py took 0.101 seconds
[2025-02-22T20:47:57.888+0000] {processor.py:186} INFO - Started process (PID=1828) to work on /home/airflow/.local/lib/python3.12/site-packages/airflow/example_dags/example_nested_branch_dag.py
[2025-02-22T20:47:57.889+0000] {processor.py:914} INFO - Processing file /home/airflow/.local/lib/python3.12/site-packages/airflow/example_dags/example_nested_branch_dag.py for tasks to queue
[2025-02-22T20:47:57.892+0000] {logging_mixin.py:190} INFO - [2025-02-22T20:47:57.891+0000] {dagbag.py:588} INFO - Filling up the DagBag from /home/airflow/.local/lib/python3.12/site-packages/airflow/example_dags/example_nested_branch_dag.py
[2025-02-22T20:47:57.905+0000] {processor.py:925} INFO - DAG(s) 'example_nested_branch_dag' retrieved from /home/airflow/.local/lib/python3.12/site-packages/airflow/example_dags/example_nested_branch_dag.py
[2025-02-22T20:47:57.930+0000] {logging_mixin.py:190} INFO - [2025-02-22T20:47:57.930+0000] {dag.py:3239} INFO - Sync 1 DAGs
[2025-02-22T20:47:57.957+0000] {logging_mixin.py:190} INFO - [2025-02-22T20:47:57.957+0000] {dag.py:4180} INFO - Setting next_dagrun for example_nested_branch_dag to 2025-02-21 00:00:00+00:00, run_after=2025-02-22 00:00:00+00:00
[2025-02-22T20:47:57.981+0000] {processor.py:208} INFO - Processing /home/airflow/.local/lib/python3.12/site-packages/airflow/example_dags/example_nested_branch_dag.py took 0.101 seconds
[2025-02-22T20:48:28.085+0000] {processor.py:186} INFO - Started process (PID=1891) to work on /home/airflow/.local/lib/python3.12/site-packages/airflow/example_dags/example_nested_branch_dag.py
[2025-02-22T20:48:28.086+0000] {processor.py:914} INFO - Processing file /home/airflow/.local/lib/python3.12/site-packages/airflow/example_dags/example_nested_branch_dag.py for tasks to queue
[2025-02-22T20:48:28.088+0000] {logging_mixin.py:190} INFO - [2025-02-22T20:48:28.088+0000] {dagbag.py:588} INFO - Filling up the DagBag from /home/airflow/.local/lib/python3.12/site-packages/airflow/example_dags/example_nested_branch_dag.py
[2025-02-22T20:48:28.101+0000] {processor.py:925} INFO - DAG(s) 'example_nested_branch_dag' retrieved from /home/airflow/.local/lib/python3.12/site-packages/airflow/example_dags/example_nested_branch_dag.py
[2025-02-22T20:48:28.126+0000] {logging_mixin.py:190} INFO - [2025-02-22T20:48:28.126+0000] {dag.py:3239} INFO - Sync 1 DAGs
[2025-02-22T20:48:28.154+0000] {logging_mixin.py:190} INFO - [2025-02-22T20:48:28.154+0000] {dag.py:4180} INFO - Setting next_dagrun for example_nested_branch_dag to 2025-02-21 00:00:00+00:00, run_after=2025-02-22 00:00:00+00:00
[2025-02-22T20:48:28.177+0000] {processor.py:208} INFO - Processing /home/airflow/.local/lib/python3.12/site-packages/airflow/example_dags/example_nested_branch_dag.py took 0.099 seconds
[2025-02-22T20:48:58.555+0000] {processor.py:186} INFO - Started process (PID=1954) to work on /home/airflow/.local/lib/python3.12/site-packages/airflow/example_dags/example_nested_branch_dag.py
[2025-02-22T20:48:58.556+0000] {processor.py:914} INFO - Processing file /home/airflow/.local/lib/python3.12/site-packages/airflow/example_dags/example_nested_branch_dag.py for tasks to queue
[2025-02-22T20:48:58.559+0000] {logging_mixin.py:190} INFO - [2025-02-22T20:48:58.559+0000] {dagbag.py:588} INFO - Filling up the DagBag from /home/airflow/.local/lib/python3.12/site-packages/airflow/example_dags/example_nested_branch_dag.py
[2025-02-22T20:48:58.572+0000] {processor.py:925} INFO - DAG(s) 'example_nested_branch_dag' retrieved from /home/airflow/.local/lib/python3.12/site-packages/airflow/example_dags/example_nested_branch_dag.py
[2025-02-22T20:48:58.598+0000] {logging_mixin.py:190} INFO - [2025-02-22T20:48:58.598+0000] {dag.py:3239} INFO - Sync 1 DAGs
[2025-02-22T20:48:58.626+0000] {logging_mixin.py:190} INFO - [2025-02-22T20:48:58.626+0000] {dag.py:4180} INFO - Setting next_dagrun for example_nested_branch_dag to 2025-02-21 00:00:00+00:00, run_after=2025-02-22 00:00:00+00:00
[2025-02-22T20:48:58.651+0000] {processor.py:208} INFO - Processing /home/airflow/.local/lib/python3.12/site-packages/airflow/example_dags/example_nested_branch_dag.py took 0.104 seconds
