[2025-02-22T20:33:45.899+0000] {processor.py:186} INFO - Started process (PID=90) to work on /home/airflow/.local/lib/python3.12/site-packages/airflow/example_dags/example_display_name.py
[2025-02-22T20:33:45.900+0000] {processor.py:914} INFO - Processing file /home/airflow/.local/lib/python3.12/site-packages/airflow/example_dags/example_display_name.py for tasks to queue
[2025-02-22T20:33:45.905+0000] {logging_mixin.py:190} INFO - [2025-02-22T20:33:45.904+0000] {dagbag.py:588} INFO - Filling up the DagBag from /home/airflow/.local/lib/python3.12/site-packages/airflow/example_dags/example_display_name.py
[2025-02-22T20:33:45.921+0000] {processor.py:925} INFO - DAG(s) 'example_display_name' retrieved from /home/airflow/.local/lib/python3.12/site-packages/airflow/example_dags/example_display_name.py
[2025-02-22T20:33:46.129+0000] {logging_mixin.py:190} INFO - [2025-02-22T20:33:46.128+0000] {override.py:1912} INFO - Created Permission View: can edit on DAG:example_display_name
[2025-02-22T20:33:46.166+0000] {logging_mixin.py:190} INFO - [2025-02-22T20:33:46.165+0000] {override.py:1912} INFO - Created Permission View: can read on DAG:example_display_name
[2025-02-22T20:33:46.183+0000] {logging_mixin.py:190} INFO - [2025-02-22T20:33:46.182+0000] {override.py:1912} INFO - Created Permission View: can delete on DAG:example_display_name
[2025-02-22T20:33:46.199+0000] {logging_mixin.py:190} INFO - [2025-02-22T20:33:46.198+0000] {override.py:1912} INFO - Created Permission View: can read on DAG Run:example_display_name
[2025-02-22T20:33:46.213+0000] {logging_mixin.py:190} INFO - [2025-02-22T20:33:46.212+0000] {override.py:1912} INFO - Created Permission View: menu access on DAG Run:example_display_name
[2025-02-22T20:33:46.226+0000] {logging_mixin.py:190} INFO - [2025-02-22T20:33:46.225+0000] {override.py:1912} INFO - Created Permission View: can create on DAG Run:example_display_name
[2025-02-22T20:33:46.237+0000] {logging_mixin.py:190} INFO - [2025-02-22T20:33:46.236+0000] {override.py:1912} INFO - Created Permission View: can delete on DAG Run:example_display_name
[2025-02-22T20:33:46.238+0000] {logging_mixin.py:190} INFO - [2025-02-22T20:33:46.238+0000] {dag.py:3239} INFO - Sync 1 DAGs
[2025-02-22T20:33:46.265+0000] {logging_mixin.py:190} INFO - [2025-02-22T20:33:46.264+0000] {dag.py:3262} INFO - Creating ORM DAG for example_display_name
[2025-02-22T20:33:46.268+0000] {logging_mixin.py:190} INFO - [2025-02-22T20:33:46.267+0000] {dag.py:4180} INFO - Setting next_dagrun for example_display_name to None, run_after=None
[2025-02-22T20:33:46.321+0000] {processor.py:208} INFO - Processing /home/airflow/.local/lib/python3.12/site-packages/airflow/example_dags/example_display_name.py took 0.433 seconds
[2025-02-22T20:34:16.380+0000] {processor.py:186} INFO - Started process (PID=151) to work on /home/airflow/.local/lib/python3.12/site-packages/airflow/example_dags/example_display_name.py
[2025-02-22T20:34:16.381+0000] {processor.py:914} INFO - Processing file /home/airflow/.local/lib/python3.12/site-packages/airflow/example_dags/example_display_name.py for tasks to queue
[2025-02-22T20:34:16.384+0000] {logging_mixin.py:190} INFO - [2025-02-22T20:34:16.384+0000] {dagbag.py:588} INFO - Filling up the DagBag from /home/airflow/.local/lib/python3.12/site-packages/airflow/example_dags/example_display_name.py
[2025-02-22T20:34:16.396+0000] {processor.py:925} INFO - DAG(s) 'example_display_name' retrieved from /home/airflow/.local/lib/python3.12/site-packages/airflow/example_dags/example_display_name.py
[2025-02-22T20:34:16.422+0000] {logging_mixin.py:190} INFO - [2025-02-22T20:34:16.422+0000] {dag.py:3239} INFO - Sync 1 DAGs
[2025-02-22T20:34:16.440+0000] {logging_mixin.py:190} INFO - [2025-02-22T20:34:16.440+0000] {dag.py:4180} INFO - Setting next_dagrun for example_display_name to None, run_after=None
[2025-02-22T20:34:16.463+0000] {processor.py:208} INFO - Processing /home/airflow/.local/lib/python3.12/site-packages/airflow/example_dags/example_display_name.py took 0.092 seconds
[2025-02-22T20:34:47.278+0000] {processor.py:186} INFO - Started process (PID=214) to work on /home/airflow/.local/lib/python3.12/site-packages/airflow/example_dags/example_display_name.py
[2025-02-22T20:34:47.280+0000] {processor.py:914} INFO - Processing file /home/airflow/.local/lib/python3.12/site-packages/airflow/example_dags/example_display_name.py for tasks to queue
[2025-02-22T20:34:47.283+0000] {logging_mixin.py:190} INFO - [2025-02-22T20:34:47.283+0000] {dagbag.py:588} INFO - Filling up the DagBag from /home/airflow/.local/lib/python3.12/site-packages/airflow/example_dags/example_display_name.py
[2025-02-22T20:34:47.298+0000] {processor.py:925} INFO - DAG(s) 'example_display_name' retrieved from /home/airflow/.local/lib/python3.12/site-packages/airflow/example_dags/example_display_name.py
[2025-02-22T20:34:47.324+0000] {logging_mixin.py:190} INFO - [2025-02-22T20:34:47.324+0000] {dag.py:3239} INFO - Sync 1 DAGs
[2025-02-22T20:34:47.345+0000] {logging_mixin.py:190} INFO - [2025-02-22T20:34:47.344+0000] {dag.py:4180} INFO - Setting next_dagrun for example_display_name to None, run_after=None
[2025-02-22T20:34:47.371+0000] {processor.py:208} INFO - Processing /home/airflow/.local/lib/python3.12/site-packages/airflow/example_dags/example_display_name.py took 0.101 seconds
[2025-02-22T20:35:18.913+0000] {processor.py:186} INFO - Started process (PID=277) to work on /home/airflow/.local/lib/python3.12/site-packages/airflow/example_dags/example_display_name.py
[2025-02-22T20:35:18.914+0000] {processor.py:914} INFO - Processing file /home/airflow/.local/lib/python3.12/site-packages/airflow/example_dags/example_display_name.py for tasks to queue
[2025-02-22T20:35:18.918+0000] {logging_mixin.py:190} INFO - [2025-02-22T20:35:18.918+0000] {dagbag.py:588} INFO - Filling up the DagBag from /home/airflow/.local/lib/python3.12/site-packages/airflow/example_dags/example_display_name.py
[2025-02-22T20:35:18.930+0000] {processor.py:925} INFO - DAG(s) 'example_display_name' retrieved from /home/airflow/.local/lib/python3.12/site-packages/airflow/example_dags/example_display_name.py
[2025-02-22T20:35:18.960+0000] {logging_mixin.py:190} INFO - [2025-02-22T20:35:18.959+0000] {dag.py:3239} INFO - Sync 1 DAGs
[2025-02-22T20:35:18.984+0000] {logging_mixin.py:190} INFO - [2025-02-22T20:35:18.984+0000] {dag.py:4180} INFO - Setting next_dagrun for example_display_name to None, run_after=None
[2025-02-22T20:35:19.014+0000] {processor.py:208} INFO - Processing /home/airflow/.local/lib/python3.12/site-packages/airflow/example_dags/example_display_name.py took 0.111 seconds
[2025-02-22T20:35:49.899+0000] {processor.py:186} INFO - Started process (PID=340) to work on /home/airflow/.local/lib/python3.12/site-packages/airflow/example_dags/example_display_name.py
[2025-02-22T20:35:49.900+0000] {processor.py:914} INFO - Processing file /home/airflow/.local/lib/python3.12/site-packages/airflow/example_dags/example_display_name.py for tasks to queue
[2025-02-22T20:35:49.920+0000] {logging_mixin.py:190} INFO - [2025-02-22T20:35:49.919+0000] {dagbag.py:588} INFO - Filling up the DagBag from /home/airflow/.local/lib/python3.12/site-packages/airflow/example_dags/example_display_name.py
[2025-02-22T20:35:49.933+0000] {processor.py:925} INFO - DAG(s) 'example_display_name' retrieved from /home/airflow/.local/lib/python3.12/site-packages/airflow/example_dags/example_display_name.py
[2025-02-22T20:35:49.963+0000] {logging_mixin.py:190} INFO - [2025-02-22T20:35:49.963+0000] {dag.py:3239} INFO - Sync 1 DAGs
[2025-02-22T20:35:49.991+0000] {logging_mixin.py:190} INFO - [2025-02-22T20:35:49.991+0000] {dag.py:4180} INFO - Setting next_dagrun for example_display_name to None, run_after=None
[2025-02-22T20:35:50.026+0000] {processor.py:208} INFO - Processing /home/airflow/.local/lib/python3.12/site-packages/airflow/example_dags/example_display_name.py took 0.140 seconds
[2025-02-22T20:36:20.874+0000] {processor.py:186} INFO - Started process (PID=404) to work on /home/airflow/.local/lib/python3.12/site-packages/airflow/example_dags/example_display_name.py
[2025-02-22T20:36:20.875+0000] {processor.py:914} INFO - Processing file /home/airflow/.local/lib/python3.12/site-packages/airflow/example_dags/example_display_name.py for tasks to queue
[2025-02-22T20:36:20.878+0000] {logging_mixin.py:190} INFO - [2025-02-22T20:36:20.877+0000] {dagbag.py:588} INFO - Filling up the DagBag from /home/airflow/.local/lib/python3.12/site-packages/airflow/example_dags/example_display_name.py
[2025-02-22T20:36:20.886+0000] {processor.py:925} INFO - DAG(s) 'example_display_name' retrieved from /home/airflow/.local/lib/python3.12/site-packages/airflow/example_dags/example_display_name.py
[2025-02-22T20:36:20.908+0000] {logging_mixin.py:190} INFO - [2025-02-22T20:36:20.908+0000] {dag.py:3239} INFO - Sync 1 DAGs
[2025-02-22T20:36:20.928+0000] {logging_mixin.py:190} INFO - [2025-02-22T20:36:20.928+0000] {dag.py:4180} INFO - Setting next_dagrun for example_display_name to None, run_after=None
[2025-02-22T20:36:20.954+0000] {processor.py:208} INFO - Processing /home/airflow/.local/lib/python3.12/site-packages/airflow/example_dags/example_display_name.py took 0.088 seconds
[2025-02-22T20:36:52.171+0000] {processor.py:186} INFO - Started process (PID=468) to work on /home/airflow/.local/lib/python3.12/site-packages/airflow/example_dags/example_display_name.py
[2025-02-22T20:36:52.173+0000] {processor.py:914} INFO - Processing file /home/airflow/.local/lib/python3.12/site-packages/airflow/example_dags/example_display_name.py for tasks to queue
[2025-02-22T20:36:52.175+0000] {logging_mixin.py:190} INFO - [2025-02-22T20:36:52.175+0000] {dagbag.py:588} INFO - Filling up the DagBag from /home/airflow/.local/lib/python3.12/site-packages/airflow/example_dags/example_display_name.py
[2025-02-22T20:36:52.184+0000] {processor.py:925} INFO - DAG(s) 'example_display_name' retrieved from /home/airflow/.local/lib/python3.12/site-packages/airflow/example_dags/example_display_name.py
[2025-02-22T20:36:52.204+0000] {logging_mixin.py:190} INFO - [2025-02-22T20:36:52.204+0000] {dag.py:3239} INFO - Sync 1 DAGs
[2025-02-22T20:36:52.220+0000] {logging_mixin.py:190} INFO - [2025-02-22T20:36:52.220+0000] {dag.py:4180} INFO - Setting next_dagrun for example_display_name to None, run_after=None
[2025-02-22T20:36:52.242+0000] {processor.py:208} INFO - Processing /home/airflow/.local/lib/python3.12/site-packages/airflow/example_dags/example_display_name.py took 0.078 seconds
[2025-02-22T20:37:23.600+0000] {processor.py:186} INFO - Started process (PID=531) to work on /home/airflow/.local/lib/python3.12/site-packages/airflow/example_dags/example_display_name.py
[2025-02-22T20:37:23.602+0000] {processor.py:914} INFO - Processing file /home/airflow/.local/lib/python3.12/site-packages/airflow/example_dags/example_display_name.py for tasks to queue
[2025-02-22T20:37:23.606+0000] {logging_mixin.py:190} INFO - [2025-02-22T20:37:23.605+0000] {dagbag.py:588} INFO - Filling up the DagBag from /home/airflow/.local/lib/python3.12/site-packages/airflow/example_dags/example_display_name.py
[2025-02-22T20:37:23.619+0000] {processor.py:925} INFO - DAG(s) 'example_display_name' retrieved from /home/airflow/.local/lib/python3.12/site-packages/airflow/example_dags/example_display_name.py
[2025-02-22T20:37:23.647+0000] {logging_mixin.py:190} INFO - [2025-02-22T20:37:23.647+0000] {dag.py:3239} INFO - Sync 1 DAGs
[2025-02-22T20:37:23.666+0000] {logging_mixin.py:190} INFO - [2025-02-22T20:37:23.665+0000] {dag.py:4180} INFO - Setting next_dagrun for example_display_name to None, run_after=None
[2025-02-22T20:37:23.691+0000] {processor.py:208} INFO - Processing /home/airflow/.local/lib/python3.12/site-packages/airflow/example_dags/example_display_name.py took 0.101 seconds
[2025-02-22T20:37:54.765+0000] {processor.py:186} INFO - Started process (PID=594) to work on /home/airflow/.local/lib/python3.12/site-packages/airflow/example_dags/example_display_name.py
[2025-02-22T20:37:54.766+0000] {processor.py:914} INFO - Processing file /home/airflow/.local/lib/python3.12/site-packages/airflow/example_dags/example_display_name.py for tasks to queue
[2025-02-22T20:37:54.769+0000] {logging_mixin.py:190} INFO - [2025-02-22T20:37:54.768+0000] {dagbag.py:588} INFO - Filling up the DagBag from /home/airflow/.local/lib/python3.12/site-packages/airflow/example_dags/example_display_name.py
[2025-02-22T20:37:54.778+0000] {processor.py:925} INFO - DAG(s) 'example_display_name' retrieved from /home/airflow/.local/lib/python3.12/site-packages/airflow/example_dags/example_display_name.py
[2025-02-22T20:37:54.806+0000] {logging_mixin.py:190} INFO - [2025-02-22T20:37:54.806+0000] {dag.py:3239} INFO - Sync 1 DAGs
[2025-02-22T20:37:54.836+0000] {logging_mixin.py:190} INFO - [2025-02-22T20:37:54.836+0000] {dag.py:4180} INFO - Setting next_dagrun for example_display_name to None, run_after=None
[2025-02-22T20:37:54.873+0000] {processor.py:208} INFO - Processing /home/airflow/.local/lib/python3.12/site-packages/airflow/example_dags/example_display_name.py took 0.115 seconds
[2025-02-22T20:38:25.949+0000] {processor.py:186} INFO - Started process (PID=657) to work on /home/airflow/.local/lib/python3.12/site-packages/airflow/example_dags/example_display_name.py
[2025-02-22T20:38:25.950+0000] {processor.py:914} INFO - Processing file /home/airflow/.local/lib/python3.12/site-packages/airflow/example_dags/example_display_name.py for tasks to queue
[2025-02-22T20:38:25.954+0000] {logging_mixin.py:190} INFO - [2025-02-22T20:38:25.953+0000] {dagbag.py:588} INFO - Filling up the DagBag from /home/airflow/.local/lib/python3.12/site-packages/airflow/example_dags/example_display_name.py
[2025-02-22T20:38:25.965+0000] {processor.py:925} INFO - DAG(s) 'example_display_name' retrieved from /home/airflow/.local/lib/python3.12/site-packages/airflow/example_dags/example_display_name.py
[2025-02-22T20:38:25.988+0000] {logging_mixin.py:190} INFO - [2025-02-22T20:38:25.988+0000] {dag.py:3239} INFO - Sync 1 DAGs
[2025-02-22T20:38:26.006+0000] {logging_mixin.py:190} INFO - [2025-02-22T20:38:26.006+0000] {dag.py:4180} INFO - Setting next_dagrun for example_display_name to None, run_after=None
[2025-02-22T20:38:26.029+0000] {processor.py:208} INFO - Processing /home/airflow/.local/lib/python3.12/site-packages/airflow/example_dags/example_display_name.py took 0.088 seconds
[2025-02-22T20:38:58.769+0000] {processor.py:186} INFO - Started process (PID=726) to work on /home/airflow/.local/lib/python3.12/site-packages/airflow/example_dags/example_display_name.py
[2025-02-22T20:38:58.771+0000] {processor.py:914} INFO - Processing file /home/airflow/.local/lib/python3.12/site-packages/airflow/example_dags/example_display_name.py for tasks to queue
[2025-02-22T20:38:58.775+0000] {logging_mixin.py:190} INFO - [2025-02-22T20:38:58.775+0000] {dagbag.py:588} INFO - Filling up the DagBag from /home/airflow/.local/lib/python3.12/site-packages/airflow/example_dags/example_display_name.py
[2025-02-22T20:38:58.788+0000] {processor.py:925} INFO - DAG(s) 'example_display_name' retrieved from /home/airflow/.local/lib/python3.12/site-packages/airflow/example_dags/example_display_name.py
[2025-02-22T20:38:58.826+0000] {logging_mixin.py:190} INFO - [2025-02-22T20:38:58.826+0000] {dag.py:3239} INFO - Sync 1 DAGs
[2025-02-22T20:38:58.875+0000] {logging_mixin.py:190} INFO - [2025-02-22T20:38:58.875+0000] {dag.py:4180} INFO - Setting next_dagrun for example_display_name to None, run_after=None
[2025-02-22T20:38:58.923+0000] {processor.py:208} INFO - Processing /home/airflow/.local/lib/python3.12/site-packages/airflow/example_dags/example_display_name.py took 0.167 seconds
[2025-02-22T20:39:30.076+0000] {processor.py:186} INFO - Started process (PID=788) to work on /home/airflow/.local/lib/python3.12/site-packages/airflow/example_dags/example_display_name.py
[2025-02-22T20:39:30.077+0000] {processor.py:914} INFO - Processing file /home/airflow/.local/lib/python3.12/site-packages/airflow/example_dags/example_display_name.py for tasks to queue
[2025-02-22T20:39:30.080+0000] {logging_mixin.py:190} INFO - [2025-02-22T20:39:30.080+0000] {dagbag.py:588} INFO - Filling up the DagBag from /home/airflow/.local/lib/python3.12/site-packages/airflow/example_dags/example_display_name.py
[2025-02-22T20:39:30.089+0000] {processor.py:925} INFO - DAG(s) 'example_display_name' retrieved from /home/airflow/.local/lib/python3.12/site-packages/airflow/example_dags/example_display_name.py
[2025-02-22T20:39:30.110+0000] {logging_mixin.py:190} INFO - [2025-02-22T20:39:30.110+0000] {dag.py:3239} INFO - Sync 1 DAGs
[2025-02-22T20:39:30.127+0000] {logging_mixin.py:190} INFO - [2025-02-22T20:39:30.126+0000] {dag.py:4180} INFO - Setting next_dagrun for example_display_name to None, run_after=None
[2025-02-22T20:39:30.149+0000] {processor.py:208} INFO - Processing /home/airflow/.local/lib/python3.12/site-packages/airflow/example_dags/example_display_name.py took 0.080 seconds
[2025-02-22T20:40:02.062+0000] {processor.py:186} INFO - Started process (PID=851) to work on /home/airflow/.local/lib/python3.12/site-packages/airflow/example_dags/example_display_name.py
[2025-02-22T20:40:02.063+0000] {processor.py:914} INFO - Processing file /home/airflow/.local/lib/python3.12/site-packages/airflow/example_dags/example_display_name.py for tasks to queue
[2025-02-22T20:40:02.066+0000] {logging_mixin.py:190} INFO - [2025-02-22T20:40:02.066+0000] {dagbag.py:588} INFO - Filling up the DagBag from /home/airflow/.local/lib/python3.12/site-packages/airflow/example_dags/example_display_name.py
[2025-02-22T20:40:02.078+0000] {processor.py:925} INFO - DAG(s) 'example_display_name' retrieved from /home/airflow/.local/lib/python3.12/site-packages/airflow/example_dags/example_display_name.py
[2025-02-22T20:40:02.105+0000] {logging_mixin.py:190} INFO - [2025-02-22T20:40:02.105+0000] {dag.py:3239} INFO - Sync 1 DAGs
[2025-02-22T20:40:02.126+0000] {logging_mixin.py:190} INFO - [2025-02-22T20:40:02.125+0000] {dag.py:4180} INFO - Setting next_dagrun for example_display_name to None, run_after=None
[2025-02-22T20:40:02.151+0000] {processor.py:208} INFO - Processing /home/airflow/.local/lib/python3.12/site-packages/airflow/example_dags/example_display_name.py took 0.096 seconds
[2025-02-22T20:40:33.496+0000] {processor.py:186} INFO - Started process (PID=914) to work on /home/airflow/.local/lib/python3.12/site-packages/airflow/example_dags/example_display_name.py
[2025-02-22T20:40:33.498+0000] {processor.py:914} INFO - Processing file /home/airflow/.local/lib/python3.12/site-packages/airflow/example_dags/example_display_name.py for tasks to queue
[2025-02-22T20:40:33.500+0000] {logging_mixin.py:190} INFO - [2025-02-22T20:40:33.500+0000] {dagbag.py:588} INFO - Filling up the DagBag from /home/airflow/.local/lib/python3.12/site-packages/airflow/example_dags/example_display_name.py
[2025-02-22T20:40:33.509+0000] {processor.py:925} INFO - DAG(s) 'example_display_name' retrieved from /home/airflow/.local/lib/python3.12/site-packages/airflow/example_dags/example_display_name.py
[2025-02-22T20:40:33.532+0000] {logging_mixin.py:190} INFO - [2025-02-22T20:40:33.532+0000] {dag.py:3239} INFO - Sync 1 DAGs
[2025-02-22T20:40:33.550+0000] {logging_mixin.py:190} INFO - [2025-02-22T20:40:33.550+0000] {dag.py:4180} INFO - Setting next_dagrun for example_display_name to None, run_after=None
[2025-02-22T20:40:33.574+0000] {processor.py:208} INFO - Processing /home/airflow/.local/lib/python3.12/site-packages/airflow/example_dags/example_display_name.py took 0.084 seconds
[2025-02-22T20:41:04.656+0000] {processor.py:186} INFO - Started process (PID=977) to work on /home/airflow/.local/lib/python3.12/site-packages/airflow/example_dags/example_display_name.py
[2025-02-22T20:41:04.660+0000] {processor.py:914} INFO - Processing file /home/airflow/.local/lib/python3.12/site-packages/airflow/example_dags/example_display_name.py for tasks to queue
[2025-02-22T20:41:04.662+0000] {logging_mixin.py:190} INFO - [2025-02-22T20:41:04.662+0000] {dagbag.py:588} INFO - Filling up the DagBag from /home/airflow/.local/lib/python3.12/site-packages/airflow/example_dags/example_display_name.py
[2025-02-22T20:41:04.671+0000] {processor.py:925} INFO - DAG(s) 'example_display_name' retrieved from /home/airflow/.local/lib/python3.12/site-packages/airflow/example_dags/example_display_name.py
[2025-02-22T20:41:04.692+0000] {logging_mixin.py:190} INFO - [2025-02-22T20:41:04.691+0000] {dag.py:3239} INFO - Sync 1 DAGs
[2025-02-22T20:41:04.708+0000] {logging_mixin.py:190} INFO - [2025-02-22T20:41:04.708+0000] {dag.py:4180} INFO - Setting next_dagrun for example_display_name to None, run_after=None
[2025-02-22T20:41:04.731+0000] {processor.py:208} INFO - Processing /home/airflow/.local/lib/python3.12/site-packages/airflow/example_dags/example_display_name.py took 0.082 seconds
[2025-02-22T20:41:35.757+0000] {processor.py:186} INFO - Started process (PID=1041) to work on /home/airflow/.local/lib/python3.12/site-packages/airflow/example_dags/example_display_name.py
[2025-02-22T20:41:35.759+0000] {processor.py:914} INFO - Processing file /home/airflow/.local/lib/python3.12/site-packages/airflow/example_dags/example_display_name.py for tasks to queue
[2025-02-22T20:41:35.762+0000] {logging_mixin.py:190} INFO - [2025-02-22T20:41:35.761+0000] {dagbag.py:588} INFO - Filling up the DagBag from /home/airflow/.local/lib/python3.12/site-packages/airflow/example_dags/example_display_name.py
[2025-02-22T20:41:35.772+0000] {processor.py:925} INFO - DAG(s) 'example_display_name' retrieved from /home/airflow/.local/lib/python3.12/site-packages/airflow/example_dags/example_display_name.py
[2025-02-22T20:41:35.801+0000] {logging_mixin.py:190} INFO - [2025-02-22T20:41:35.801+0000] {dag.py:3239} INFO - Sync 1 DAGs
[2025-02-22T20:41:35.822+0000] {logging_mixin.py:190} INFO - [2025-02-22T20:41:35.822+0000] {dag.py:4180} INFO - Setting next_dagrun for example_display_name to None, run_after=None
[2025-02-22T20:41:35.848+0000] {processor.py:208} INFO - Processing /home/airflow/.local/lib/python3.12/site-packages/airflow/example_dags/example_display_name.py took 0.100 seconds
[2025-02-22T20:42:08.726+0000] {processor.py:186} INFO - Started process (PID=1104) to work on /home/airflow/.local/lib/python3.12/site-packages/airflow/example_dags/example_display_name.py
[2025-02-22T20:42:08.728+0000] {processor.py:914} INFO - Processing file /home/airflow/.local/lib/python3.12/site-packages/airflow/example_dags/example_display_name.py for tasks to queue
[2025-02-22T20:42:08.733+0000] {logging_mixin.py:190} INFO - [2025-02-22T20:42:08.732+0000] {dagbag.py:588} INFO - Filling up the DagBag from /home/airflow/.local/lib/python3.12/site-packages/airflow/example_dags/example_display_name.py
[2025-02-22T20:42:08.748+0000] {processor.py:925} INFO - DAG(s) 'example_display_name' retrieved from /home/airflow/.local/lib/python3.12/site-packages/airflow/example_dags/example_display_name.py
[2025-02-22T20:42:08.783+0000] {logging_mixin.py:190} INFO - [2025-02-22T20:42:08.783+0000] {dag.py:3239} INFO - Sync 1 DAGs
[2025-02-22T20:42:08.825+0000] {logging_mixin.py:190} INFO - [2025-02-22T20:42:08.824+0000] {dag.py:4180} INFO - Setting next_dagrun for example_display_name to None, run_after=None
[2025-02-22T20:42:08.863+0000] {processor.py:208} INFO - Processing /home/airflow/.local/lib/python3.12/site-packages/airflow/example_dags/example_display_name.py took 0.152 seconds
[2025-02-22T20:42:40.185+0000] {processor.py:186} INFO - Started process (PID=1167) to work on /home/airflow/.local/lib/python3.12/site-packages/airflow/example_dags/example_display_name.py
[2025-02-22T20:42:40.186+0000] {processor.py:914} INFO - Processing file /home/airflow/.local/lib/python3.12/site-packages/airflow/example_dags/example_display_name.py for tasks to queue
[2025-02-22T20:42:40.190+0000] {logging_mixin.py:190} INFO - [2025-02-22T20:42:40.189+0000] {dagbag.py:588} INFO - Filling up the DagBag from /home/airflow/.local/lib/python3.12/site-packages/airflow/example_dags/example_display_name.py
[2025-02-22T20:42:40.201+0000] {processor.py:925} INFO - DAG(s) 'example_display_name' retrieved from /home/airflow/.local/lib/python3.12/site-packages/airflow/example_dags/example_display_name.py
[2025-02-22T20:42:40.228+0000] {logging_mixin.py:190} INFO - [2025-02-22T20:42:40.228+0000] {dag.py:3239} INFO - Sync 1 DAGs
[2025-02-22T20:42:40.250+0000] {logging_mixin.py:190} INFO - [2025-02-22T20:42:40.250+0000] {dag.py:4180} INFO - Setting next_dagrun for example_display_name to None, run_after=None
[2025-02-22T20:42:40.275+0000] {processor.py:208} INFO - Processing /home/airflow/.local/lib/python3.12/site-packages/airflow/example_dags/example_display_name.py took 0.098 seconds
[2025-02-22T20:43:10.766+0000] {processor.py:186} INFO - Started process (PID=1230) to work on /home/airflow/.local/lib/python3.12/site-packages/airflow/example_dags/example_display_name.py
[2025-02-22T20:43:10.767+0000] {processor.py:914} INFO - Processing file /home/airflow/.local/lib/python3.12/site-packages/airflow/example_dags/example_display_name.py for tasks to queue
[2025-02-22T20:43:10.770+0000] {logging_mixin.py:190} INFO - [2025-02-22T20:43:10.769+0000] {dagbag.py:588} INFO - Filling up the DagBag from /home/airflow/.local/lib/python3.12/site-packages/airflow/example_dags/example_display_name.py
[2025-02-22T20:43:10.778+0000] {processor.py:925} INFO - DAG(s) 'example_display_name' retrieved from /home/airflow/.local/lib/python3.12/site-packages/airflow/example_dags/example_display_name.py
[2025-02-22T20:43:10.800+0000] {logging_mixin.py:190} INFO - [2025-02-22T20:43:10.800+0000] {dag.py:3239} INFO - Sync 1 DAGs
[2025-02-22T20:43:10.817+0000] {logging_mixin.py:190} INFO - [2025-02-22T20:43:10.816+0000] {dag.py:4180} INFO - Setting next_dagrun for example_display_name to None, run_after=None
[2025-02-22T20:43:10.839+0000] {processor.py:208} INFO - Processing /home/airflow/.local/lib/python3.12/site-packages/airflow/example_dags/example_display_name.py took 0.080 seconds
[2025-02-22T20:43:41.942+0000] {processor.py:186} INFO - Started process (PID=1292) to work on /home/airflow/.local/lib/python3.12/site-packages/airflow/example_dags/example_display_name.py
[2025-02-22T20:43:41.944+0000] {processor.py:914} INFO - Processing file /home/airflow/.local/lib/python3.12/site-packages/airflow/example_dags/example_display_name.py for tasks to queue
[2025-02-22T20:43:41.947+0000] {logging_mixin.py:190} INFO - [2025-02-22T20:43:41.947+0000] {dagbag.py:588} INFO - Filling up the DagBag from /home/airflow/.local/lib/python3.12/site-packages/airflow/example_dags/example_display_name.py
[2025-02-22T20:43:41.957+0000] {processor.py:925} INFO - DAG(s) 'example_display_name' retrieved from /home/airflow/.local/lib/python3.12/site-packages/airflow/example_dags/example_display_name.py
[2025-02-22T20:43:41.980+0000] {logging_mixin.py:190} INFO - [2025-02-22T20:43:41.979+0000] {dag.py:3239} INFO - Sync 1 DAGs
[2025-02-22T20:43:41.999+0000] {logging_mixin.py:190} INFO - [2025-02-22T20:43:41.998+0000] {dag.py:4180} INFO - Setting next_dagrun for example_display_name to None, run_after=None
[2025-02-22T20:43:42.025+0000] {processor.py:208} INFO - Processing /home/airflow/.local/lib/python3.12/site-packages/airflow/example_dags/example_display_name.py took 0.091 seconds
[2025-02-22T20:44:13.176+0000] {processor.py:186} INFO - Started process (PID=1355) to work on /home/airflow/.local/lib/python3.12/site-packages/airflow/example_dags/example_display_name.py
[2025-02-22T20:44:13.177+0000] {processor.py:914} INFO - Processing file /home/airflow/.local/lib/python3.12/site-packages/airflow/example_dags/example_display_name.py for tasks to queue
[2025-02-22T20:44:13.180+0000] {logging_mixin.py:190} INFO - [2025-02-22T20:44:13.179+0000] {dagbag.py:588} INFO - Filling up the DagBag from /home/airflow/.local/lib/python3.12/site-packages/airflow/example_dags/example_display_name.py
[2025-02-22T20:44:13.188+0000] {processor.py:925} INFO - DAG(s) 'example_display_name' retrieved from /home/airflow/.local/lib/python3.12/site-packages/airflow/example_dags/example_display_name.py
[2025-02-22T20:44:13.208+0000] {logging_mixin.py:190} INFO - [2025-02-22T20:44:13.208+0000] {dag.py:3239} INFO - Sync 1 DAGs
[2025-02-22T20:44:13.224+0000] {logging_mixin.py:190} INFO - [2025-02-22T20:44:13.224+0000] {dag.py:4180} INFO - Setting next_dagrun for example_display_name to None, run_after=None
[2025-02-22T20:44:13.245+0000] {processor.py:208} INFO - Processing /home/airflow/.local/lib/python3.12/site-packages/airflow/example_dags/example_display_name.py took 0.077 seconds
[2025-02-22T20:44:45.089+0000] {processor.py:186} INFO - Started process (PID=1419) to work on /home/airflow/.local/lib/python3.12/site-packages/airflow/example_dags/example_display_name.py
[2025-02-22T20:44:45.091+0000] {processor.py:914} INFO - Processing file /home/airflow/.local/lib/python3.12/site-packages/airflow/example_dags/example_display_name.py for tasks to queue
[2025-02-22T20:44:45.094+0000] {logging_mixin.py:190} INFO - [2025-02-22T20:44:45.093+0000] {dagbag.py:588} INFO - Filling up the DagBag from /home/airflow/.local/lib/python3.12/site-packages/airflow/example_dags/example_display_name.py
[2025-02-22T20:44:45.102+0000] {processor.py:925} INFO - DAG(s) 'example_display_name' retrieved from /home/airflow/.local/lib/python3.12/site-packages/airflow/example_dags/example_display_name.py
[2025-02-22T20:44:45.124+0000] {logging_mixin.py:190} INFO - [2025-02-22T20:44:45.124+0000] {dag.py:3239} INFO - Sync 1 DAGs
[2025-02-22T20:44:45.142+0000] {logging_mixin.py:190} INFO - [2025-02-22T20:44:45.142+0000] {dag.py:4180} INFO - Setting next_dagrun for example_display_name to None, run_after=None
[2025-02-22T20:44:45.162+0000] {processor.py:208} INFO - Processing /home/airflow/.local/lib/python3.12/site-packages/airflow/example_dags/example_display_name.py took 0.080 seconds
[2025-02-22T20:45:16.275+0000] {processor.py:186} INFO - Started process (PID=1484) to work on /home/airflow/.local/lib/python3.12/site-packages/airflow/example_dags/example_display_name.py
[2025-02-22T20:45:16.277+0000] {processor.py:914} INFO - Processing file /home/airflow/.local/lib/python3.12/site-packages/airflow/example_dags/example_display_name.py for tasks to queue
[2025-02-22T20:45:16.279+0000] {logging_mixin.py:190} INFO - [2025-02-22T20:45:16.279+0000] {dagbag.py:588} INFO - Filling up the DagBag from /home/airflow/.local/lib/python3.12/site-packages/airflow/example_dags/example_display_name.py
[2025-02-22T20:45:16.288+0000] {processor.py:925} INFO - DAG(s) 'example_display_name' retrieved from /home/airflow/.local/lib/python3.12/site-packages/airflow/example_dags/example_display_name.py
[2025-02-22T20:45:16.309+0000] {logging_mixin.py:190} INFO - [2025-02-22T20:45:16.309+0000] {dag.py:3239} INFO - Sync 1 DAGs
[2025-02-22T20:45:16.326+0000] {logging_mixin.py:190} INFO - [2025-02-22T20:45:16.326+0000] {dag.py:4180} INFO - Setting next_dagrun for example_display_name to None, run_after=None
[2025-02-22T20:45:16.349+0000] {processor.py:208} INFO - Processing /home/airflow/.local/lib/python3.12/site-packages/airflow/example_dags/example_display_name.py took 0.081 seconds
[2025-02-22T20:45:47.748+0000] {processor.py:186} INFO - Started process (PID=1547) to work on /home/airflow/.local/lib/python3.12/site-packages/airflow/example_dags/example_display_name.py
[2025-02-22T20:45:47.750+0000] {processor.py:914} INFO - Processing file /home/airflow/.local/lib/python3.12/site-packages/airflow/example_dags/example_display_name.py for tasks to queue
[2025-02-22T20:45:47.753+0000] {logging_mixin.py:190} INFO - [2025-02-22T20:45:47.752+0000] {dagbag.py:588} INFO - Filling up the DagBag from /home/airflow/.local/lib/python3.12/site-packages/airflow/example_dags/example_display_name.py
[2025-02-22T20:45:47.763+0000] {processor.py:925} INFO - DAG(s) 'example_display_name' retrieved from /home/airflow/.local/lib/python3.12/site-packages/airflow/example_dags/example_display_name.py
[2025-02-22T20:45:47.788+0000] {logging_mixin.py:190} INFO - [2025-02-22T20:45:47.788+0000] {dag.py:3239} INFO - Sync 1 DAGs
[2025-02-22T20:45:47.809+0000] {logging_mixin.py:190} INFO - [2025-02-22T20:45:47.809+0000] {dag.py:4180} INFO - Setting next_dagrun for example_display_name to None, run_after=None
[2025-02-22T20:45:47.833+0000] {processor.py:208} INFO - Processing /home/airflow/.local/lib/python3.12/site-packages/airflow/example_dags/example_display_name.py took 0.092 seconds
[2025-02-22T20:46:18.330+0000] {processor.py:186} INFO - Started process (PID=1610) to work on /home/airflow/.local/lib/python3.12/site-packages/airflow/example_dags/example_display_name.py
[2025-02-22T20:46:18.331+0000] {processor.py:914} INFO - Processing file /home/airflow/.local/lib/python3.12/site-packages/airflow/example_dags/example_display_name.py for tasks to queue
[2025-02-22T20:46:18.334+0000] {logging_mixin.py:190} INFO - [2025-02-22T20:46:18.334+0000] {dagbag.py:588} INFO - Filling up the DagBag from /home/airflow/.local/lib/python3.12/site-packages/airflow/example_dags/example_display_name.py
[2025-02-22T20:46:18.343+0000] {processor.py:925} INFO - DAG(s) 'example_display_name' retrieved from /home/airflow/.local/lib/python3.12/site-packages/airflow/example_dags/example_display_name.py
[2025-02-22T20:46:18.364+0000] {logging_mixin.py:190} INFO - [2025-02-22T20:46:18.364+0000] {dag.py:3239} INFO - Sync 1 DAGs
[2025-02-22T20:46:18.384+0000] {logging_mixin.py:190} INFO - [2025-02-22T20:46:18.384+0000] {dag.py:4180} INFO - Setting next_dagrun for example_display_name to None, run_after=None
[2025-02-22T20:46:18.407+0000] {processor.py:208} INFO - Processing /home/airflow/.local/lib/python3.12/site-packages/airflow/example_dags/example_display_name.py took 0.084 seconds
[2025-02-22T20:46:49.947+0000] {processor.py:186} INFO - Started process (PID=1673) to work on /home/airflow/.local/lib/python3.12/site-packages/airflow/example_dags/example_display_name.py
[2025-02-22T20:46:49.948+0000] {processor.py:914} INFO - Processing file /home/airflow/.local/lib/python3.12/site-packages/airflow/example_dags/example_display_name.py for tasks to queue
[2025-02-22T20:46:49.951+0000] {logging_mixin.py:190} INFO - [2025-02-22T20:46:49.950+0000] {dagbag.py:588} INFO - Filling up the DagBag from /home/airflow/.local/lib/python3.12/site-packages/airflow/example_dags/example_display_name.py
[2025-02-22T20:46:49.960+0000] {processor.py:925} INFO - DAG(s) 'example_display_name' retrieved from /home/airflow/.local/lib/python3.12/site-packages/airflow/example_dags/example_display_name.py
[2025-02-22T20:46:49.984+0000] {logging_mixin.py:190} INFO - [2025-02-22T20:46:49.983+0000] {dag.py:3239} INFO - Sync 1 DAGs
[2025-02-22T20:46:50.003+0000] {logging_mixin.py:190} INFO - [2025-02-22T20:46:50.002+0000] {dag.py:4180} INFO - Setting next_dagrun for example_display_name to None, run_after=None
[2025-02-22T20:46:50.034+0000] {processor.py:208} INFO - Processing /home/airflow/.local/lib/python3.12/site-packages/airflow/example_dags/example_display_name.py took 0.096 seconds
[2025-02-22T20:47:20.733+0000] {processor.py:186} INFO - Started process (PID=1736) to work on /home/airflow/.local/lib/python3.12/site-packages/airflow/example_dags/example_display_name.py
[2025-02-22T20:47:20.734+0000] {processor.py:914} INFO - Processing file /home/airflow/.local/lib/python3.12/site-packages/airflow/example_dags/example_display_name.py for tasks to queue
[2025-02-22T20:47:20.737+0000] {logging_mixin.py:190} INFO - [2025-02-22T20:47:20.737+0000] {dagbag.py:588} INFO - Filling up the DagBag from /home/airflow/.local/lib/python3.12/site-packages/airflow/example_dags/example_display_name.py
[2025-02-22T20:47:20.746+0000] {processor.py:925} INFO - DAG(s) 'example_display_name' retrieved from /home/airflow/.local/lib/python3.12/site-packages/airflow/example_dags/example_display_name.py
[2025-02-22T20:47:20.768+0000] {logging_mixin.py:190} INFO - [2025-02-22T20:47:20.768+0000] {dag.py:3239} INFO - Sync 1 DAGs
[2025-02-22T20:47:20.786+0000] {logging_mixin.py:190} INFO - [2025-02-22T20:47:20.786+0000] {dag.py:4180} INFO - Setting next_dagrun for example_display_name to None, run_after=None
[2025-02-22T20:47:20.810+0000] {processor.py:208} INFO - Processing /home/airflow/.local/lib/python3.12/site-packages/airflow/example_dags/example_display_name.py took 0.084 seconds
[2025-02-22T20:47:51.324+0000] {processor.py:186} INFO - Started process (PID=1798) to work on /home/airflow/.local/lib/python3.12/site-packages/airflow/example_dags/example_display_name.py
[2025-02-22T20:47:51.326+0000] {processor.py:914} INFO - Processing file /home/airflow/.local/lib/python3.12/site-packages/airflow/example_dags/example_display_name.py for tasks to queue
[2025-02-22T20:47:51.329+0000] {logging_mixin.py:190} INFO - [2025-02-22T20:47:51.328+0000] {dagbag.py:588} INFO - Filling up the DagBag from /home/airflow/.local/lib/python3.12/site-packages/airflow/example_dags/example_display_name.py
[2025-02-22T20:47:51.343+0000] {processor.py:925} INFO - DAG(s) 'example_display_name' retrieved from /home/airflow/.local/lib/python3.12/site-packages/airflow/example_dags/example_display_name.py
[2025-02-22T20:47:51.380+0000] {logging_mixin.py:190} INFO - [2025-02-22T20:47:51.379+0000] {dag.py:3239} INFO - Sync 1 DAGs
[2025-02-22T20:47:51.407+0000] {logging_mixin.py:190} INFO - [2025-02-22T20:47:51.406+0000] {dag.py:4180} INFO - Setting next_dagrun for example_display_name to None, run_after=None
[2025-02-22T20:47:51.433+0000] {processor.py:208} INFO - Processing /home/airflow/.local/lib/python3.12/site-packages/airflow/example_dags/example_display_name.py took 0.119 seconds
[2025-02-22T20:48:21.681+0000] {processor.py:186} INFO - Started process (PID=1860) to work on /home/airflow/.local/lib/python3.12/site-packages/airflow/example_dags/example_display_name.py
[2025-02-22T20:48:21.682+0000] {processor.py:914} INFO - Processing file /home/airflow/.local/lib/python3.12/site-packages/airflow/example_dags/example_display_name.py for tasks to queue
[2025-02-22T20:48:21.685+0000] {logging_mixin.py:190} INFO - [2025-02-22T20:48:21.685+0000] {dagbag.py:588} INFO - Filling up the DagBag from /home/airflow/.local/lib/python3.12/site-packages/airflow/example_dags/example_display_name.py
[2025-02-22T20:48:21.693+0000] {processor.py:925} INFO - DAG(s) 'example_display_name' retrieved from /home/airflow/.local/lib/python3.12/site-packages/airflow/example_dags/example_display_name.py
[2025-02-22T20:48:21.715+0000] {logging_mixin.py:190} INFO - [2025-02-22T20:48:21.714+0000] {dag.py:3239} INFO - Sync 1 DAGs
[2025-02-22T20:48:21.731+0000] {logging_mixin.py:190} INFO - [2025-02-22T20:48:21.731+0000] {dag.py:4180} INFO - Setting next_dagrun for example_display_name to None, run_after=None
[2025-02-22T20:48:21.753+0000] {processor.py:208} INFO - Processing /home/airflow/.local/lib/python3.12/site-packages/airflow/example_dags/example_display_name.py took 0.078 seconds
[2025-02-22T20:48:51.950+0000] {processor.py:186} INFO - Started process (PID=1923) to work on /home/airflow/.local/lib/python3.12/site-packages/airflow/example_dags/example_display_name.py
[2025-02-22T20:48:51.952+0000] {processor.py:914} INFO - Processing file /home/airflow/.local/lib/python3.12/site-packages/airflow/example_dags/example_display_name.py for tasks to queue
[2025-02-22T20:48:51.955+0000] {logging_mixin.py:190} INFO - [2025-02-22T20:48:51.954+0000] {dagbag.py:588} INFO - Filling up the DagBag from /home/airflow/.local/lib/python3.12/site-packages/airflow/example_dags/example_display_name.py
[2025-02-22T20:48:51.964+0000] {processor.py:925} INFO - DAG(s) 'example_display_name' retrieved from /home/airflow/.local/lib/python3.12/site-packages/airflow/example_dags/example_display_name.py
[2025-02-22T20:48:51.987+0000] {logging_mixin.py:190} INFO - [2025-02-22T20:48:51.987+0000] {dag.py:3239} INFO - Sync 1 DAGs
[2025-02-22T20:48:52.007+0000] {logging_mixin.py:190} INFO - [2025-02-22T20:48:52.007+0000] {dag.py:4180} INFO - Setting next_dagrun for example_display_name to None, run_after=None
[2025-02-22T20:48:52.030+0000] {processor.py:208} INFO - Processing /home/airflow/.local/lib/python3.12/site-packages/airflow/example_dags/example_display_name.py took 0.087 seconds
