[2025-02-22T20:33:49.719+0000] {processor.py:186} INFO - Started process (PID=95) to work on /home/airflow/.local/lib/python3.12/site-packages/airflow/example_dags/example_complex.py
[2025-02-22T20:33:49.721+0000] {processor.py:914} INFO - Processing file /home/airflow/.local/lib/python3.12/site-packages/airflow/example_dags/example_complex.py for tasks to queue
[2025-02-22T20:33:49.725+0000] {logging_mixin.py:190} INFO - [2025-02-22T20:33:49.724+0000] {dagbag.py:588} INFO - Filling up the DagBag from /home/airflow/.local/lib/python3.12/site-packages/airflow/example_dags/example_complex.py
[2025-02-22T20:33:49.755+0000] {processor.py:925} INFO - DAG(s) 'example_complex' retrieved from /home/airflow/.local/lib/python3.12/site-packages/airflow/example_dags/example_complex.py
[2025-02-22T20:33:50.058+0000] {logging_mixin.py:190} INFO - [2025-02-22T20:33:50.057+0000] {override.py:1912} INFO - Created Permission View: can edit on DAG:example_complex
[2025-02-22T20:33:50.078+0000] {logging_mixin.py:190} INFO - [2025-02-22T20:33:50.078+0000] {override.py:1912} INFO - Created Permission View: can read on DAG:example_complex
[2025-02-22T20:33:50.090+0000] {logging_mixin.py:190} INFO - [2025-02-22T20:33:50.090+0000] {override.py:1912} INFO - Created Permission View: can delete on DAG:example_complex
[2025-02-22T20:33:50.105+0000] {logging_mixin.py:190} INFO - [2025-02-22T20:33:50.104+0000] {override.py:1912} INFO - Created Permission View: can read on DAG Run:example_complex
[2025-02-22T20:33:50.118+0000] {logging_mixin.py:190} INFO - [2025-02-22T20:33:50.117+0000] {override.py:1912} INFO - Created Permission View: menu access on DAG Run:example_complex
[2025-02-22T20:33:50.131+0000] {logging_mixin.py:190} INFO - [2025-02-22T20:33:50.131+0000] {override.py:1912} INFO - Created Permission View: can create on DAG Run:example_complex
[2025-02-22T20:33:50.148+0000] {logging_mixin.py:190} INFO - [2025-02-22T20:33:50.148+0000] {override.py:1912} INFO - Created Permission View: can delete on DAG Run:example_complex
[2025-02-22T20:33:50.150+0000] {logging_mixin.py:190} INFO - [2025-02-22T20:33:50.149+0000] {dag.py:3239} INFO - Sync 1 DAGs
[2025-02-22T20:33:50.193+0000] {logging_mixin.py:190} INFO - [2025-02-22T20:33:50.193+0000] {dag.py:3262} INFO - Creating ORM DAG for example_complex
[2025-02-22T20:33:50.195+0000] {logging_mixin.py:190} INFO - [2025-02-22T20:33:50.195+0000] {dag.py:4180} INFO - Setting next_dagrun for example_complex to None, run_after=None
[2025-02-22T20:33:50.237+0000] {processor.py:208} INFO - Processing /home/airflow/.local/lib/python3.12/site-packages/airflow/example_dags/example_complex.py took 0.532 seconds
[2025-02-22T20:34:20.556+0000] {processor.py:186} INFO - Started process (PID=157) to work on /home/airflow/.local/lib/python3.12/site-packages/airflow/example_dags/example_complex.py
[2025-02-22T20:34:20.557+0000] {processor.py:914} INFO - Processing file /home/airflow/.local/lib/python3.12/site-packages/airflow/example_dags/example_complex.py for tasks to queue
[2025-02-22T20:34:20.559+0000] {logging_mixin.py:190} INFO - [2025-02-22T20:34:20.559+0000] {dagbag.py:588} INFO - Filling up the DagBag from /home/airflow/.local/lib/python3.12/site-packages/airflow/example_dags/example_complex.py
[2025-02-22T20:34:20.573+0000] {processor.py:925} INFO - DAG(s) 'example_complex' retrieved from /home/airflow/.local/lib/python3.12/site-packages/airflow/example_dags/example_complex.py
[2025-02-22T20:34:20.624+0000] {logging_mixin.py:190} INFO - [2025-02-22T20:34:20.624+0000] {dag.py:3239} INFO - Sync 1 DAGs
[2025-02-22T20:34:20.646+0000] {logging_mixin.py:190} INFO - [2025-02-22T20:34:20.645+0000] {dag.py:4180} INFO - Setting next_dagrun for example_complex to None, run_after=None
[2025-02-22T20:34:20.668+0000] {processor.py:208} INFO - Processing /home/airflow/.local/lib/python3.12/site-packages/airflow/example_dags/example_complex.py took 0.121 seconds
[2025-02-22T20:34:50.730+0000] {processor.py:186} INFO - Started process (PID=219) to work on /home/airflow/.local/lib/python3.12/site-packages/airflow/example_dags/example_complex.py
[2025-02-22T20:34:50.731+0000] {processor.py:914} INFO - Processing file /home/airflow/.local/lib/python3.12/site-packages/airflow/example_dags/example_complex.py for tasks to queue
[2025-02-22T20:34:50.740+0000] {logging_mixin.py:190} INFO - [2025-02-22T20:34:50.740+0000] {dagbag.py:588} INFO - Filling up the DagBag from /home/airflow/.local/lib/python3.12/site-packages/airflow/example_dags/example_complex.py
[2025-02-22T20:34:50.755+0000] {processor.py:925} INFO - DAG(s) 'example_complex' retrieved from /home/airflow/.local/lib/python3.12/site-packages/airflow/example_dags/example_complex.py
[2025-02-22T20:34:50.794+0000] {logging_mixin.py:190} INFO - [2025-02-22T20:34:50.794+0000] {dag.py:3239} INFO - Sync 1 DAGs
[2025-02-22T20:34:50.812+0000] {logging_mixin.py:190} INFO - [2025-02-22T20:34:50.812+0000] {dag.py:4180} INFO - Setting next_dagrun for example_complex to None, run_after=None
[2025-02-22T20:34:50.836+0000] {processor.py:208} INFO - Processing /home/airflow/.local/lib/python3.12/site-packages/airflow/example_dags/example_complex.py took 0.113 seconds
[2025-02-22T20:35:21.447+0000] {processor.py:186} INFO - Started process (PID=282) to work on /home/airflow/.local/lib/python3.12/site-packages/airflow/example_dags/example_complex.py
[2025-02-22T20:35:21.448+0000] {processor.py:914} INFO - Processing file /home/airflow/.local/lib/python3.12/site-packages/airflow/example_dags/example_complex.py for tasks to queue
[2025-02-22T20:35:21.451+0000] {logging_mixin.py:190} INFO - [2025-02-22T20:35:21.450+0000] {dagbag.py:588} INFO - Filling up the DagBag from /home/airflow/.local/lib/python3.12/site-packages/airflow/example_dags/example_complex.py
[2025-02-22T20:35:21.466+0000] {processor.py:925} INFO - DAG(s) 'example_complex' retrieved from /home/airflow/.local/lib/python3.12/site-packages/airflow/example_dags/example_complex.py
[2025-02-22T20:35:21.520+0000] {logging_mixin.py:190} INFO - [2025-02-22T20:35:21.520+0000] {dag.py:3239} INFO - Sync 1 DAGs
[2025-02-22T20:35:21.538+0000] {logging_mixin.py:190} INFO - [2025-02-22T20:35:21.538+0000] {dag.py:4180} INFO - Setting next_dagrun for example_complex to None, run_after=None
[2025-02-22T20:35:21.568+0000] {processor.py:208} INFO - Processing /home/airflow/.local/lib/python3.12/site-packages/airflow/example_dags/example_complex.py took 0.128 seconds
[2025-02-22T20:35:51.625+0000] {processor.py:186} INFO - Started process (PID=344) to work on /home/airflow/.local/lib/python3.12/site-packages/airflow/example_dags/example_complex.py
[2025-02-22T20:35:51.627+0000] {processor.py:914} INFO - Processing file /home/airflow/.local/lib/python3.12/site-packages/airflow/example_dags/example_complex.py for tasks to queue
[2025-02-22T20:35:51.631+0000] {logging_mixin.py:190} INFO - [2025-02-22T20:35:51.630+0000] {dagbag.py:588} INFO - Filling up the DagBag from /home/airflow/.local/lib/python3.12/site-packages/airflow/example_dags/example_complex.py
[2025-02-22T20:35:51.658+0000] {processor.py:925} INFO - DAG(s) 'example_complex' retrieved from /home/airflow/.local/lib/python3.12/site-packages/airflow/example_dags/example_complex.py
[2025-02-22T20:35:51.710+0000] {logging_mixin.py:190} INFO - [2025-02-22T20:35:51.710+0000] {dag.py:3239} INFO - Sync 1 DAGs
[2025-02-22T20:35:51.735+0000] {logging_mixin.py:190} INFO - [2025-02-22T20:35:51.735+0000] {dag.py:4180} INFO - Setting next_dagrun for example_complex to None, run_after=None
[2025-02-22T20:35:51.765+0000] {processor.py:208} INFO - Processing /home/airflow/.local/lib/python3.12/site-packages/airflow/example_dags/example_complex.py took 0.151 seconds
[2025-02-22T20:36:22.133+0000] {processor.py:186} INFO - Started process (PID=408) to work on /home/airflow/.local/lib/python3.12/site-packages/airflow/example_dags/example_complex.py
[2025-02-22T20:36:22.134+0000] {processor.py:914} INFO - Processing file /home/airflow/.local/lib/python3.12/site-packages/airflow/example_dags/example_complex.py for tasks to queue
[2025-02-22T20:36:22.136+0000] {logging_mixin.py:190} INFO - [2025-02-22T20:36:22.136+0000] {dagbag.py:588} INFO - Filling up the DagBag from /home/airflow/.local/lib/python3.12/site-packages/airflow/example_dags/example_complex.py
[2025-02-22T20:36:22.151+0000] {processor.py:925} INFO - DAG(s) 'example_complex' retrieved from /home/airflow/.local/lib/python3.12/site-packages/airflow/example_dags/example_complex.py
[2025-02-22T20:36:22.196+0000] {logging_mixin.py:190} INFO - [2025-02-22T20:36:22.196+0000] {dag.py:3239} INFO - Sync 1 DAGs
[2025-02-22T20:36:22.213+0000] {logging_mixin.py:190} INFO - [2025-02-22T20:36:22.213+0000] {dag.py:4180} INFO - Setting next_dagrun for example_complex to None, run_after=None
[2025-02-22T20:36:22.235+0000] {processor.py:208} INFO - Processing /home/airflow/.local/lib/python3.12/site-packages/airflow/example_dags/example_complex.py took 0.109 seconds
[2025-02-22T20:36:52.474+0000] {processor.py:186} INFO - Started process (PID=471) to work on /home/airflow/.local/lib/python3.12/site-packages/airflow/example_dags/example_complex.py
[2025-02-22T20:36:52.475+0000] {processor.py:914} INFO - Processing file /home/airflow/.local/lib/python3.12/site-packages/airflow/example_dags/example_complex.py for tasks to queue
[2025-02-22T20:36:52.478+0000] {logging_mixin.py:190} INFO - [2025-02-22T20:36:52.477+0000] {dagbag.py:588} INFO - Filling up the DagBag from /home/airflow/.local/lib/python3.12/site-packages/airflow/example_dags/example_complex.py
[2025-02-22T20:36:52.500+0000] {processor.py:925} INFO - DAG(s) 'example_complex' retrieved from /home/airflow/.local/lib/python3.12/site-packages/airflow/example_dags/example_complex.py
[2025-02-22T20:36:52.538+0000] {logging_mixin.py:190} INFO - [2025-02-22T20:36:52.538+0000] {dag.py:3239} INFO - Sync 1 DAGs
[2025-02-22T20:36:52.554+0000] {logging_mixin.py:190} INFO - [2025-02-22T20:36:52.553+0000] {dag.py:4180} INFO - Setting next_dagrun for example_complex to None, run_after=None
[2025-02-22T20:36:52.573+0000] {processor.py:208} INFO - Processing /home/airflow/.local/lib/python3.12/site-packages/airflow/example_dags/example_complex.py took 0.106 seconds
[2025-02-22T20:37:23.892+0000] {processor.py:186} INFO - Started process (PID=534) to work on /home/airflow/.local/lib/python3.12/site-packages/airflow/example_dags/example_complex.py
[2025-02-22T20:37:23.894+0000] {processor.py:914} INFO - Processing file /home/airflow/.local/lib/python3.12/site-packages/airflow/example_dags/example_complex.py for tasks to queue
[2025-02-22T20:37:23.899+0000] {logging_mixin.py:190} INFO - [2025-02-22T20:37:23.898+0000] {dagbag.py:588} INFO - Filling up the DagBag from /home/airflow/.local/lib/python3.12/site-packages/airflow/example_dags/example_complex.py
[2025-02-22T20:37:23.930+0000] {processor.py:925} INFO - DAG(s) 'example_complex' retrieved from /home/airflow/.local/lib/python3.12/site-packages/airflow/example_dags/example_complex.py
[2025-02-22T20:37:23.983+0000] {logging_mixin.py:190} INFO - [2025-02-22T20:37:23.983+0000] {dag.py:3239} INFO - Sync 1 DAGs
[2025-02-22T20:37:24.013+0000] {logging_mixin.py:190} INFO - [2025-02-22T20:37:24.011+0000] {dag.py:4180} INFO - Setting next_dagrun for example_complex to None, run_after=None
[2025-02-22T20:37:24.039+0000] {processor.py:208} INFO - Processing /home/airflow/.local/lib/python3.12/site-packages/airflow/example_dags/example_complex.py took 0.155 seconds
[2025-02-22T20:37:55.020+0000] {processor.py:186} INFO - Started process (PID=597) to work on /home/airflow/.local/lib/python3.12/site-packages/airflow/example_dags/example_complex.py
[2025-02-22T20:37:55.021+0000] {processor.py:914} INFO - Processing file /home/airflow/.local/lib/python3.12/site-packages/airflow/example_dags/example_complex.py for tasks to queue
[2025-02-22T20:37:55.025+0000] {logging_mixin.py:190} INFO - [2025-02-22T20:37:55.024+0000] {dagbag.py:588} INFO - Filling up the DagBag from /home/airflow/.local/lib/python3.12/site-packages/airflow/example_dags/example_complex.py
[2025-02-22T20:37:55.039+0000] {processor.py:925} INFO - DAG(s) 'example_complex' retrieved from /home/airflow/.local/lib/python3.12/site-packages/airflow/example_dags/example_complex.py
[2025-02-22T20:37:55.079+0000] {logging_mixin.py:190} INFO - [2025-02-22T20:37:55.079+0000] {dag.py:3239} INFO - Sync 1 DAGs
[2025-02-22T20:37:55.097+0000] {logging_mixin.py:190} INFO - [2025-02-22T20:37:55.097+0000] {dag.py:4180} INFO - Setting next_dagrun for example_complex to None, run_after=None
[2025-02-22T20:37:55.117+0000] {processor.py:208} INFO - Processing /home/airflow/.local/lib/python3.12/site-packages/airflow/example_dags/example_complex.py took 0.104 seconds
[2025-02-22T20:38:26.341+0000] {processor.py:186} INFO - Started process (PID=660) to work on /home/airflow/.local/lib/python3.12/site-packages/airflow/example_dags/example_complex.py
[2025-02-22T20:38:26.342+0000] {processor.py:914} INFO - Processing file /home/airflow/.local/lib/python3.12/site-packages/airflow/example_dags/example_complex.py for tasks to queue
[2025-02-22T20:38:26.346+0000] {logging_mixin.py:190} INFO - [2025-02-22T20:38:26.345+0000] {dagbag.py:588} INFO - Filling up the DagBag from /home/airflow/.local/lib/python3.12/site-packages/airflow/example_dags/example_complex.py
[2025-02-22T20:38:26.365+0000] {processor.py:925} INFO - DAG(s) 'example_complex' retrieved from /home/airflow/.local/lib/python3.12/site-packages/airflow/example_dags/example_complex.py
[2025-02-22T20:38:26.421+0000] {logging_mixin.py:190} INFO - [2025-02-22T20:38:26.420+0000] {dag.py:3239} INFO - Sync 1 DAGs
[2025-02-22T20:38:26.443+0000] {logging_mixin.py:190} INFO - [2025-02-22T20:38:26.443+0000] {dag.py:4180} INFO - Setting next_dagrun for example_complex to None, run_after=None
[2025-02-22T20:38:26.466+0000] {processor.py:208} INFO - Processing /home/airflow/.local/lib/python3.12/site-packages/airflow/example_dags/example_complex.py took 0.139 seconds
[2025-02-22T20:38:59.344+0000] {processor.py:186} INFO - Started process (PID=729) to work on /home/airflow/.local/lib/python3.12/site-packages/airflow/example_dags/example_complex.py
[2025-02-22T20:38:59.346+0000] {processor.py:914} INFO - Processing file /home/airflow/.local/lib/python3.12/site-packages/airflow/example_dags/example_complex.py for tasks to queue
[2025-02-22T20:38:59.355+0000] {logging_mixin.py:190} INFO - [2025-02-22T20:38:59.355+0000] {dagbag.py:588} INFO - Filling up the DagBag from /home/airflow/.local/lib/python3.12/site-packages/airflow/example_dags/example_complex.py
[2025-02-22T20:38:59.376+0000] {processor.py:925} INFO - DAG(s) 'example_complex' retrieved from /home/airflow/.local/lib/python3.12/site-packages/airflow/example_dags/example_complex.py
[2025-02-22T20:38:59.456+0000] {logging_mixin.py:190} INFO - [2025-02-22T20:38:59.455+0000] {dag.py:3239} INFO - Sync 1 DAGs
[2025-02-22T20:38:59.515+0000] {logging_mixin.py:190} INFO - [2025-02-22T20:38:59.514+0000] {dag.py:4180} INFO - Setting next_dagrun for example_complex to None, run_after=None
[2025-02-22T20:38:59.561+0000] {processor.py:208} INFO - Processing /home/airflow/.local/lib/python3.12/site-packages/airflow/example_dags/example_complex.py took 0.226 seconds
[2025-02-22T20:39:30.343+0000] {processor.py:186} INFO - Started process (PID=792) to work on /home/airflow/.local/lib/python3.12/site-packages/airflow/example_dags/example_complex.py
[2025-02-22T20:39:30.345+0000] {processor.py:914} INFO - Processing file /home/airflow/.local/lib/python3.12/site-packages/airflow/example_dags/example_complex.py for tasks to queue
[2025-02-22T20:39:30.348+0000] {logging_mixin.py:190} INFO - [2025-02-22T20:39:30.347+0000] {dagbag.py:588} INFO - Filling up the DagBag from /home/airflow/.local/lib/python3.12/site-packages/airflow/example_dags/example_complex.py
[2025-02-22T20:39:30.369+0000] {processor.py:925} INFO - DAG(s) 'example_complex' retrieved from /home/airflow/.local/lib/python3.12/site-packages/airflow/example_dags/example_complex.py
[2025-02-22T20:39:30.409+0000] {logging_mixin.py:190} INFO - [2025-02-22T20:39:30.408+0000] {dag.py:3239} INFO - Sync 1 DAGs
[2025-02-22T20:39:30.425+0000] {logging_mixin.py:190} INFO - [2025-02-22T20:39:30.425+0000] {dag.py:4180} INFO - Setting next_dagrun for example_complex to None, run_after=None
[2025-02-22T20:39:30.448+0000] {processor.py:208} INFO - Processing /home/airflow/.local/lib/python3.12/site-packages/airflow/example_dags/example_complex.py took 0.112 seconds
[2025-02-22T20:40:02.524+0000] {processor.py:186} INFO - Started process (PID=855) to work on /home/airflow/.local/lib/python3.12/site-packages/airflow/example_dags/example_complex.py
[2025-02-22T20:40:02.525+0000] {processor.py:914} INFO - Processing file /home/airflow/.local/lib/python3.12/site-packages/airflow/example_dags/example_complex.py for tasks to queue
[2025-02-22T20:40:02.529+0000] {logging_mixin.py:190} INFO - [2025-02-22T20:40:02.528+0000] {dagbag.py:588} INFO - Filling up the DagBag from /home/airflow/.local/lib/python3.12/site-packages/airflow/example_dags/example_complex.py
[2025-02-22T20:40:02.549+0000] {processor.py:925} INFO - DAG(s) 'example_complex' retrieved from /home/airflow/.local/lib/python3.12/site-packages/airflow/example_dags/example_complex.py
[2025-02-22T20:40:02.598+0000] {logging_mixin.py:190} INFO - [2025-02-22T20:40:02.598+0000] {dag.py:3239} INFO - Sync 1 DAGs
[2025-02-22T20:40:02.614+0000] {logging_mixin.py:190} INFO - [2025-02-22T20:40:02.614+0000] {dag.py:4180} INFO - Setting next_dagrun for example_complex to None, run_after=None
[2025-02-22T20:40:02.636+0000] {processor.py:208} INFO - Processing /home/airflow/.local/lib/python3.12/site-packages/airflow/example_dags/example_complex.py took 0.120 seconds
[2025-02-22T20:40:33.918+0000] {processor.py:186} INFO - Started process (PID=918) to work on /home/airflow/.local/lib/python3.12/site-packages/airflow/example_dags/example_complex.py
[2025-02-22T20:40:33.920+0000] {processor.py:914} INFO - Processing file /home/airflow/.local/lib/python3.12/site-packages/airflow/example_dags/example_complex.py for tasks to queue
[2025-02-22T20:40:33.922+0000] {logging_mixin.py:190} INFO - [2025-02-22T20:40:33.922+0000] {dagbag.py:588} INFO - Filling up the DagBag from /home/airflow/.local/lib/python3.12/site-packages/airflow/example_dags/example_complex.py
[2025-02-22T20:40:33.938+0000] {processor.py:925} INFO - DAG(s) 'example_complex' retrieved from /home/airflow/.local/lib/python3.12/site-packages/airflow/example_dags/example_complex.py
[2025-02-22T20:40:33.985+0000] {logging_mixin.py:190} INFO - [2025-02-22T20:40:33.985+0000] {dag.py:3239} INFO - Sync 1 DAGs
[2025-02-22T20:40:34.019+0000] {logging_mixin.py:190} INFO - [2025-02-22T20:40:34.018+0000] {dag.py:4180} INFO - Setting next_dagrun for example_complex to None, run_after=None
[2025-02-22T20:40:34.058+0000] {processor.py:208} INFO - Processing /home/airflow/.local/lib/python3.12/site-packages/airflow/example_dags/example_complex.py took 0.148 seconds
[2025-02-22T20:41:05.041+0000] {processor.py:186} INFO - Started process (PID=981) to work on /home/airflow/.local/lib/python3.12/site-packages/airflow/example_dags/example_complex.py
[2025-02-22T20:41:05.042+0000] {processor.py:914} INFO - Processing file /home/airflow/.local/lib/python3.12/site-packages/airflow/example_dags/example_complex.py for tasks to queue
[2025-02-22T20:41:05.046+0000] {logging_mixin.py:190} INFO - [2025-02-22T20:41:05.046+0000] {dagbag.py:588} INFO - Filling up the DagBag from /home/airflow/.local/lib/python3.12/site-packages/airflow/example_dags/example_complex.py
[2025-02-22T20:41:05.069+0000] {processor.py:925} INFO - DAG(s) 'example_complex' retrieved from /home/airflow/.local/lib/python3.12/site-packages/airflow/example_dags/example_complex.py
[2025-02-22T20:41:05.140+0000] {logging_mixin.py:190} INFO - [2025-02-22T20:41:05.139+0000] {dag.py:3239} INFO - Sync 1 DAGs
[2025-02-22T20:41:05.172+0000] {logging_mixin.py:190} INFO - [2025-02-22T20:41:05.172+0000] {dag.py:4180} INFO - Setting next_dagrun for example_complex to None, run_after=None
[2025-02-22T20:41:05.204+0000] {processor.py:208} INFO - Processing /home/airflow/.local/lib/python3.12/site-packages/airflow/example_dags/example_complex.py took 0.173 seconds
[2025-02-22T20:41:36.218+0000] {processor.py:186} INFO - Started process (PID=1044) to work on /home/airflow/.local/lib/python3.12/site-packages/airflow/example_dags/example_complex.py
[2025-02-22T20:41:36.220+0000] {processor.py:914} INFO - Processing file /home/airflow/.local/lib/python3.12/site-packages/airflow/example_dags/example_complex.py for tasks to queue
[2025-02-22T20:41:36.223+0000] {logging_mixin.py:190} INFO - [2025-02-22T20:41:36.223+0000] {dagbag.py:588} INFO - Filling up the DagBag from /home/airflow/.local/lib/python3.12/site-packages/airflow/example_dags/example_complex.py
[2025-02-22T20:41:36.243+0000] {processor.py:925} INFO - DAG(s) 'example_complex' retrieved from /home/airflow/.local/lib/python3.12/site-packages/airflow/example_dags/example_complex.py
[2025-02-22T20:41:36.292+0000] {logging_mixin.py:190} INFO - [2025-02-22T20:41:36.292+0000] {dag.py:3239} INFO - Sync 1 DAGs
[2025-02-22T20:41:36.313+0000] {logging_mixin.py:190} INFO - [2025-02-22T20:41:36.312+0000] {dag.py:4180} INFO - Setting next_dagrun for example_complex to None, run_after=None
[2025-02-22T20:41:36.341+0000] {processor.py:208} INFO - Processing /home/airflow/.local/lib/python3.12/site-packages/airflow/example_dags/example_complex.py took 0.132 seconds
[2025-02-22T20:42:09.407+0000] {processor.py:186} INFO - Started process (PID=1107) to work on /home/airflow/.local/lib/python3.12/site-packages/airflow/example_dags/example_complex.py
[2025-02-22T20:42:09.409+0000] {processor.py:914} INFO - Processing file /home/airflow/.local/lib/python3.12/site-packages/airflow/example_dags/example_complex.py for tasks to queue
[2025-02-22T20:42:09.415+0000] {logging_mixin.py:190} INFO - [2025-02-22T20:42:09.414+0000] {dagbag.py:588} INFO - Filling up the DagBag from /home/airflow/.local/lib/python3.12/site-packages/airflow/example_dags/example_complex.py
[2025-02-22T20:42:09.444+0000] {processor.py:925} INFO - DAG(s) 'example_complex' retrieved from /home/airflow/.local/lib/python3.12/site-packages/airflow/example_dags/example_complex.py
[2025-02-22T20:42:09.518+0000] {logging_mixin.py:190} INFO - [2025-02-22T20:42:09.517+0000] {dag.py:3239} INFO - Sync 1 DAGs
[2025-02-22T20:42:09.550+0000] {logging_mixin.py:190} INFO - [2025-02-22T20:42:09.549+0000] {dag.py:4180} INFO - Setting next_dagrun for example_complex to None, run_after=None
[2025-02-22T20:42:09.592+0000] {processor.py:208} INFO - Processing /home/airflow/.local/lib/python3.12/site-packages/airflow/example_dags/example_complex.py took 0.198 seconds
[2025-02-22T20:42:40.357+0000] {processor.py:186} INFO - Started process (PID=1170) to work on /home/airflow/.local/lib/python3.12/site-packages/airflow/example_dags/example_complex.py
[2025-02-22T20:42:40.359+0000] {processor.py:914} INFO - Processing file /home/airflow/.local/lib/python3.12/site-packages/airflow/example_dags/example_complex.py for tasks to queue
[2025-02-22T20:42:40.362+0000] {logging_mixin.py:190} INFO - [2025-02-22T20:42:40.362+0000] {dagbag.py:588} INFO - Filling up the DagBag from /home/airflow/.local/lib/python3.12/site-packages/airflow/example_dags/example_complex.py
[2025-02-22T20:42:40.384+0000] {processor.py:925} INFO - DAG(s) 'example_complex' retrieved from /home/airflow/.local/lib/python3.12/site-packages/airflow/example_dags/example_complex.py
[2025-02-22T20:42:40.440+0000] {logging_mixin.py:190} INFO - [2025-02-22T20:42:40.439+0000] {dag.py:3239} INFO - Sync 1 DAGs
[2025-02-22T20:42:40.469+0000] {logging_mixin.py:190} INFO - [2025-02-22T20:42:40.469+0000] {dag.py:4180} INFO - Setting next_dagrun for example_complex to None, run_after=None
[2025-02-22T20:42:40.498+0000] {processor.py:208} INFO - Processing /home/airflow/.local/lib/python3.12/site-packages/airflow/example_dags/example_complex.py took 0.154 seconds
[2025-02-22T20:43:11.086+0000] {processor.py:186} INFO - Started process (PID=1233) to work on /home/airflow/.local/lib/python3.12/site-packages/airflow/example_dags/example_complex.py
[2025-02-22T20:43:11.087+0000] {processor.py:914} INFO - Processing file /home/airflow/.local/lib/python3.12/site-packages/airflow/example_dags/example_complex.py for tasks to queue
[2025-02-22T20:43:11.090+0000] {logging_mixin.py:190} INFO - [2025-02-22T20:43:11.090+0000] {dagbag.py:588} INFO - Filling up the DagBag from /home/airflow/.local/lib/python3.12/site-packages/airflow/example_dags/example_complex.py
[2025-02-22T20:43:11.110+0000] {processor.py:925} INFO - DAG(s) 'example_complex' retrieved from /home/airflow/.local/lib/python3.12/site-packages/airflow/example_dags/example_complex.py
[2025-02-22T20:43:11.149+0000] {logging_mixin.py:190} INFO - [2025-02-22T20:43:11.149+0000] {dag.py:3239} INFO - Sync 1 DAGs
[2025-02-22T20:43:11.169+0000] {logging_mixin.py:190} INFO - [2025-02-22T20:43:11.169+0000] {dag.py:4180} INFO - Setting next_dagrun for example_complex to None, run_after=None
[2025-02-22T20:43:11.193+0000] {processor.py:208} INFO - Processing /home/airflow/.local/lib/python3.12/site-packages/airflow/example_dags/example_complex.py took 0.114 seconds
[2025-02-22T20:43:42.534+0000] {processor.py:186} INFO - Started process (PID=1296) to work on /home/airflow/.local/lib/python3.12/site-packages/airflow/example_dags/example_complex.py
[2025-02-22T20:43:42.535+0000] {processor.py:914} INFO - Processing file /home/airflow/.local/lib/python3.12/site-packages/airflow/example_dags/example_complex.py for tasks to queue
[2025-02-22T20:43:42.538+0000] {logging_mixin.py:190} INFO - [2025-02-22T20:43:42.538+0000] {dagbag.py:588} INFO - Filling up the DagBag from /home/airflow/.local/lib/python3.12/site-packages/airflow/example_dags/example_complex.py
[2025-02-22T20:43:42.552+0000] {processor.py:925} INFO - DAG(s) 'example_complex' retrieved from /home/airflow/.local/lib/python3.12/site-packages/airflow/example_dags/example_complex.py
[2025-02-22T20:43:42.590+0000] {logging_mixin.py:190} INFO - [2025-02-22T20:43:42.590+0000] {dag.py:3239} INFO - Sync 1 DAGs
[2025-02-22T20:43:42.606+0000] {logging_mixin.py:190} INFO - [2025-02-22T20:43:42.605+0000] {dag.py:4180} INFO - Setting next_dagrun for example_complex to None, run_after=None
[2025-02-22T20:43:42.629+0000] {processor.py:208} INFO - Processing /home/airflow/.local/lib/python3.12/site-packages/airflow/example_dags/example_complex.py took 0.101 seconds
[2025-02-22T20:44:13.562+0000] {processor.py:186} INFO - Started process (PID=1359) to work on /home/airflow/.local/lib/python3.12/site-packages/airflow/example_dags/example_complex.py
[2025-02-22T20:44:13.563+0000] {processor.py:914} INFO - Processing file /home/airflow/.local/lib/python3.12/site-packages/airflow/example_dags/example_complex.py for tasks to queue
[2025-02-22T20:44:13.566+0000] {logging_mixin.py:190} INFO - [2025-02-22T20:44:13.565+0000] {dagbag.py:588} INFO - Filling up the DagBag from /home/airflow/.local/lib/python3.12/site-packages/airflow/example_dags/example_complex.py
[2025-02-22T20:44:13.587+0000] {processor.py:925} INFO - DAG(s) 'example_complex' retrieved from /home/airflow/.local/lib/python3.12/site-packages/airflow/example_dags/example_complex.py
[2025-02-22T20:44:13.623+0000] {logging_mixin.py:190} INFO - [2025-02-22T20:44:13.623+0000] {dag.py:3239} INFO - Sync 1 DAGs
[2025-02-22T20:44:13.639+0000] {logging_mixin.py:190} INFO - [2025-02-22T20:44:13.639+0000] {dag.py:4180} INFO - Setting next_dagrun for example_complex to None, run_after=None
[2025-02-22T20:44:13.662+0000] {processor.py:208} INFO - Processing /home/airflow/.local/lib/python3.12/site-packages/airflow/example_dags/example_complex.py took 0.107 seconds
[2025-02-22T20:44:45.221+0000] {processor.py:186} INFO - Started process (PID=1422) to work on /home/airflow/.local/lib/python3.12/site-packages/airflow/example_dags/example_complex.py
[2025-02-22T20:44:45.223+0000] {processor.py:914} INFO - Processing file /home/airflow/.local/lib/python3.12/site-packages/airflow/example_dags/example_complex.py for tasks to queue
[2025-02-22T20:44:45.226+0000] {logging_mixin.py:190} INFO - [2025-02-22T20:44:45.226+0000] {dagbag.py:588} INFO - Filling up the DagBag from /home/airflow/.local/lib/python3.12/site-packages/airflow/example_dags/example_complex.py
[2025-02-22T20:44:45.242+0000] {processor.py:925} INFO - DAG(s) 'example_complex' retrieved from /home/airflow/.local/lib/python3.12/site-packages/airflow/example_dags/example_complex.py
[2025-02-22T20:44:45.284+0000] {logging_mixin.py:190} INFO - [2025-02-22T20:44:45.284+0000] {dag.py:3239} INFO - Sync 1 DAGs
[2025-02-22T20:44:45.301+0000] {logging_mixin.py:190} INFO - [2025-02-22T20:44:45.301+0000] {dag.py:4180} INFO - Setting next_dagrun for example_complex to None, run_after=None
[2025-02-22T20:44:45.325+0000] {processor.py:208} INFO - Processing /home/airflow/.local/lib/python3.12/site-packages/airflow/example_dags/example_complex.py took 0.113 seconds
[2025-02-22T20:45:16.716+0000] {processor.py:186} INFO - Started process (PID=1487) to work on /home/airflow/.local/lib/python3.12/site-packages/airflow/example_dags/example_complex.py
[2025-02-22T20:45:16.718+0000] {processor.py:914} INFO - Processing file /home/airflow/.local/lib/python3.12/site-packages/airflow/example_dags/example_complex.py for tasks to queue
[2025-02-22T20:45:16.723+0000] {logging_mixin.py:190} INFO - [2025-02-22T20:45:16.723+0000] {dagbag.py:588} INFO - Filling up the DagBag from /home/airflow/.local/lib/python3.12/site-packages/airflow/example_dags/example_complex.py
[2025-02-22T20:45:16.775+0000] {processor.py:925} INFO - DAG(s) 'example_complex' retrieved from /home/airflow/.local/lib/python3.12/site-packages/airflow/example_dags/example_complex.py
[2025-02-22T20:45:16.844+0000] {logging_mixin.py:190} INFO - [2025-02-22T20:45:16.844+0000] {dag.py:3239} INFO - Sync 1 DAGs
[2025-02-22T20:45:16.877+0000] {logging_mixin.py:190} INFO - [2025-02-22T20:45:16.876+0000] {dag.py:4180} INFO - Setting next_dagrun for example_complex to None, run_after=None
[2025-02-22T20:45:16.907+0000] {processor.py:208} INFO - Processing /home/airflow/.local/lib/python3.12/site-packages/airflow/example_dags/example_complex.py took 0.212 seconds
[2025-02-22T20:45:47.898+0000] {processor.py:186} INFO - Started process (PID=1550) to work on /home/airflow/.local/lib/python3.12/site-packages/airflow/example_dags/example_complex.py
[2025-02-22T20:45:47.899+0000] {processor.py:914} INFO - Processing file /home/airflow/.local/lib/python3.12/site-packages/airflow/example_dags/example_complex.py for tasks to queue
[2025-02-22T20:45:47.903+0000] {logging_mixin.py:190} INFO - [2025-02-22T20:45:47.902+0000] {dagbag.py:588} INFO - Filling up the DagBag from /home/airflow/.local/lib/python3.12/site-packages/airflow/example_dags/example_complex.py
[2025-02-22T20:45:47.921+0000] {processor.py:925} INFO - DAG(s) 'example_complex' retrieved from /home/airflow/.local/lib/python3.12/site-packages/airflow/example_dags/example_complex.py
[2025-02-22T20:45:47.973+0000] {logging_mixin.py:190} INFO - [2025-02-22T20:45:47.973+0000] {dag.py:3239} INFO - Sync 1 DAGs
[2025-02-22T20:45:48.003+0000] {logging_mixin.py:190} INFO - [2025-02-22T20:45:48.002+0000] {dag.py:4180} INFO - Setting next_dagrun for example_complex to None, run_after=None
[2025-02-22T20:45:48.028+0000] {processor.py:208} INFO - Processing /home/airflow/.local/lib/python3.12/site-packages/airflow/example_dags/example_complex.py took 0.138 seconds
[2025-02-22T20:46:18.628+0000] {processor.py:186} INFO - Started process (PID=1613) to work on /home/airflow/.local/lib/python3.12/site-packages/airflow/example_dags/example_complex.py
[2025-02-22T20:46:18.629+0000] {processor.py:914} INFO - Processing file /home/airflow/.local/lib/python3.12/site-packages/airflow/example_dags/example_complex.py for tasks to queue
[2025-02-22T20:46:18.632+0000] {logging_mixin.py:190} INFO - [2025-02-22T20:46:18.632+0000] {dagbag.py:588} INFO - Filling up the DagBag from /home/airflow/.local/lib/python3.12/site-packages/airflow/example_dags/example_complex.py
[2025-02-22T20:46:18.648+0000] {processor.py:925} INFO - DAG(s) 'example_complex' retrieved from /home/airflow/.local/lib/python3.12/site-packages/airflow/example_dags/example_complex.py
[2025-02-22T20:46:18.690+0000] {logging_mixin.py:190} INFO - [2025-02-22T20:46:18.690+0000] {dag.py:3239} INFO - Sync 1 DAGs
[2025-02-22T20:46:18.708+0000] {logging_mixin.py:190} INFO - [2025-02-22T20:46:18.708+0000] {dag.py:4180} INFO - Setting next_dagrun for example_complex to None, run_after=None
[2025-02-22T20:46:18.734+0000] {processor.py:208} INFO - Processing /home/airflow/.local/lib/python3.12/site-packages/airflow/example_dags/example_complex.py took 0.113 seconds
[2025-02-22T20:46:50.221+0000] {processor.py:186} INFO - Started process (PID=1676) to work on /home/airflow/.local/lib/python3.12/site-packages/airflow/example_dags/example_complex.py
[2025-02-22T20:46:50.222+0000] {processor.py:914} INFO - Processing file /home/airflow/.local/lib/python3.12/site-packages/airflow/example_dags/example_complex.py for tasks to queue
[2025-02-22T20:46:50.225+0000] {logging_mixin.py:190} INFO - [2025-02-22T20:46:50.224+0000] {dagbag.py:588} INFO - Filling up the DagBag from /home/airflow/.local/lib/python3.12/site-packages/airflow/example_dags/example_complex.py
[2025-02-22T20:46:50.239+0000] {processor.py:925} INFO - DAG(s) 'example_complex' retrieved from /home/airflow/.local/lib/python3.12/site-packages/airflow/example_dags/example_complex.py
[2025-02-22T20:46:50.279+0000] {logging_mixin.py:190} INFO - [2025-02-22T20:46:50.279+0000] {dag.py:3239} INFO - Sync 1 DAGs
[2025-02-22T20:46:50.297+0000] {logging_mixin.py:190} INFO - [2025-02-22T20:46:50.297+0000] {dag.py:4180} INFO - Setting next_dagrun for example_complex to None, run_after=None
[2025-02-22T20:46:50.322+0000] {processor.py:208} INFO - Processing /home/airflow/.local/lib/python3.12/site-packages/airflow/example_dags/example_complex.py took 0.108 seconds
[2025-02-22T20:47:21.088+0000] {processor.py:186} INFO - Started process (PID=1739) to work on /home/airflow/.local/lib/python3.12/site-packages/airflow/example_dags/example_complex.py
[2025-02-22T20:47:21.089+0000] {processor.py:914} INFO - Processing file /home/airflow/.local/lib/python3.12/site-packages/airflow/example_dags/example_complex.py for tasks to queue
[2025-02-22T20:47:21.092+0000] {logging_mixin.py:190} INFO - [2025-02-22T20:47:21.091+0000] {dagbag.py:588} INFO - Filling up the DagBag from /home/airflow/.local/lib/python3.12/site-packages/airflow/example_dags/example_complex.py
[2025-02-22T20:47:21.106+0000] {processor.py:925} INFO - DAG(s) 'example_complex' retrieved from /home/airflow/.local/lib/python3.12/site-packages/airflow/example_dags/example_complex.py
[2025-02-22T20:47:21.159+0000] {logging_mixin.py:190} INFO - [2025-02-22T20:47:21.158+0000] {dag.py:3239} INFO - Sync 1 DAGs
[2025-02-22T20:47:21.183+0000] {logging_mixin.py:190} INFO - [2025-02-22T20:47:21.183+0000] {dag.py:4180} INFO - Setting next_dagrun for example_complex to None, run_after=None
[2025-02-22T20:47:21.203+0000] {processor.py:208} INFO - Processing /home/airflow/.local/lib/python3.12/site-packages/airflow/example_dags/example_complex.py took 0.123 seconds
[2025-02-22T20:47:52.141+0000] {processor.py:186} INFO - Started process (PID=1802) to work on /home/airflow/.local/lib/python3.12/site-packages/airflow/example_dags/example_complex.py
[2025-02-22T20:47:52.143+0000] {processor.py:914} INFO - Processing file /home/airflow/.local/lib/python3.12/site-packages/airflow/example_dags/example_complex.py for tasks to queue
[2025-02-22T20:47:52.147+0000] {logging_mixin.py:190} INFO - [2025-02-22T20:47:52.146+0000] {dagbag.py:588} INFO - Filling up the DagBag from /home/airflow/.local/lib/python3.12/site-packages/airflow/example_dags/example_complex.py
[2025-02-22T20:47:52.167+0000] {processor.py:925} INFO - DAG(s) 'example_complex' retrieved from /home/airflow/.local/lib/python3.12/site-packages/airflow/example_dags/example_complex.py
[2025-02-22T20:47:52.208+0000] {logging_mixin.py:190} INFO - [2025-02-22T20:47:52.208+0000] {dag.py:3239} INFO - Sync 1 DAGs
[2025-02-22T20:47:52.225+0000] {logging_mixin.py:190} INFO - [2025-02-22T20:47:52.225+0000] {dag.py:4180} INFO - Setting next_dagrun for example_complex to None, run_after=None
[2025-02-22T20:47:52.248+0000] {processor.py:208} INFO - Processing /home/airflow/.local/lib/python3.12/site-packages/airflow/example_dags/example_complex.py took 0.113 seconds
[2025-02-22T20:48:23.613+0000] {processor.py:186} INFO - Started process (PID=1866) to work on /home/airflow/.local/lib/python3.12/site-packages/airflow/example_dags/example_complex.py
[2025-02-22T20:48:23.614+0000] {processor.py:914} INFO - Processing file /home/airflow/.local/lib/python3.12/site-packages/airflow/example_dags/example_complex.py for tasks to queue
[2025-02-22T20:48:23.617+0000] {logging_mixin.py:190} INFO - [2025-02-22T20:48:23.616+0000] {dagbag.py:588} INFO - Filling up the DagBag from /home/airflow/.local/lib/python3.12/site-packages/airflow/example_dags/example_complex.py
[2025-02-22T20:48:23.631+0000] {processor.py:925} INFO - DAG(s) 'example_complex' retrieved from /home/airflow/.local/lib/python3.12/site-packages/airflow/example_dags/example_complex.py
[2025-02-22T20:48:23.669+0000] {logging_mixin.py:190} INFO - [2025-02-22T20:48:23.669+0000] {dag.py:3239} INFO - Sync 1 DAGs
[2025-02-22T20:48:23.689+0000] {logging_mixin.py:190} INFO - [2025-02-22T20:48:23.689+0000] {dag.py:4180} INFO - Setting next_dagrun for example_complex to None, run_after=None
[2025-02-22T20:48:23.721+0000] {processor.py:208} INFO - Processing /home/airflow/.local/lib/python3.12/site-packages/airflow/example_dags/example_complex.py took 0.115 seconds
[2025-02-22T20:48:55.365+0000] {processor.py:186} INFO - Started process (PID=1930) to work on /home/airflow/.local/lib/python3.12/site-packages/airflow/example_dags/example_complex.py
[2025-02-22T20:48:55.367+0000] {processor.py:914} INFO - Processing file /home/airflow/.local/lib/python3.12/site-packages/airflow/example_dags/example_complex.py for tasks to queue
[2025-02-22T20:48:55.369+0000] {logging_mixin.py:190} INFO - [2025-02-22T20:48:55.369+0000] {dagbag.py:588} INFO - Filling up the DagBag from /home/airflow/.local/lib/python3.12/site-packages/airflow/example_dags/example_complex.py
[2025-02-22T20:48:55.384+0000] {processor.py:925} INFO - DAG(s) 'example_complex' retrieved from /home/airflow/.local/lib/python3.12/site-packages/airflow/example_dags/example_complex.py
[2025-02-22T20:48:55.425+0000] {logging_mixin.py:190} INFO - [2025-02-22T20:48:55.425+0000] {dag.py:3239} INFO - Sync 1 DAGs
[2025-02-22T20:48:55.443+0000] {logging_mixin.py:190} INFO - [2025-02-22T20:48:55.443+0000] {dag.py:4180} INFO - Setting next_dagrun for example_complex to None, run_after=None
[2025-02-22T20:48:55.466+0000] {processor.py:208} INFO - Processing /home/airflow/.local/lib/python3.12/site-packages/airflow/example_dags/example_complex.py took 0.109 seconds
