[2025-02-22T20:33:57.681+0000] {processor.py:186} INFO - Started process (PID=127) to work on /home/airflow/.local/lib/python3.12/site-packages/airflow/example_dags/example_latest_only_with_trigger.py
[2025-02-22T20:33:57.683+0000] {processor.py:914} INFO - Processing file /home/airflow/.local/lib/python3.12/site-packages/airflow/example_dags/example_latest_only_with_trigger.py for tasks to queue
[2025-02-22T20:33:57.686+0000] {logging_mixin.py:190} INFO - [2025-02-22T20:33:57.686+0000] {dagbag.py:588} INFO - Filling up the DagBag from /home/airflow/.local/lib/python3.12/site-packages/airflow/example_dags/example_latest_only_with_trigger.py
[2025-02-22T20:33:57.699+0000] {processor.py:925} INFO - DAG(s) 'latest_only_with_trigger' retrieved from /home/airflow/.local/lib/python3.12/site-packages/airflow/example_dags/example_latest_only_with_trigger.py
[2025-02-22T20:33:57.928+0000] {logging_mixin.py:190} INFO - [2025-02-22T20:33:57.927+0000] {override.py:1912} INFO - Created Permission View: can edit on DAG:latest_only_with_trigger
[2025-02-22T20:33:57.951+0000] {logging_mixin.py:190} INFO - [2025-02-22T20:33:57.950+0000] {override.py:1912} INFO - Created Permission View: can read on DAG:latest_only_with_trigger
[2025-02-22T20:33:57.965+0000] {logging_mixin.py:190} INFO - [2025-02-22T20:33:57.965+0000] {override.py:1912} INFO - Created Permission View: can delete on DAG:latest_only_with_trigger
[2025-02-22T20:33:57.980+0000] {logging_mixin.py:190} INFO - [2025-02-22T20:33:57.979+0000] {override.py:1912} INFO - Created Permission View: can read on DAG Run:latest_only_with_trigger
[2025-02-22T20:33:57.993+0000] {logging_mixin.py:190} INFO - [2025-02-22T20:33:57.992+0000] {override.py:1912} INFO - Created Permission View: menu access on DAG Run:latest_only_with_trigger
[2025-02-22T20:33:58.005+0000] {logging_mixin.py:190} INFO - [2025-02-22T20:33:58.005+0000] {override.py:1912} INFO - Created Permission View: can create on DAG Run:latest_only_with_trigger
[2025-02-22T20:33:58.018+0000] {logging_mixin.py:190} INFO - [2025-02-22T20:33:58.018+0000] {override.py:1912} INFO - Created Permission View: can delete on DAG Run:latest_only_with_trigger
[2025-02-22T20:33:58.019+0000] {logging_mixin.py:190} INFO - [2025-02-22T20:33:58.019+0000] {dag.py:3239} INFO - Sync 1 DAGs
[2025-02-22T20:33:58.045+0000] {logging_mixin.py:190} INFO - [2025-02-22T20:33:58.045+0000] {dag.py:3262} INFO - Creating ORM DAG for latest_only_with_trigger
[2025-02-22T20:33:58.062+0000] {logging_mixin.py:190} INFO - [2025-02-22T20:33:58.062+0000] {dag.py:4180} INFO - Setting next_dagrun for latest_only_with_trigger to 2025-02-22 16:00:00+00:00, run_after=2025-02-22 20:00:00+00:00
[2025-02-22T20:33:58.089+0000] {processor.py:208} INFO - Processing /home/airflow/.local/lib/python3.12/site-packages/airflow/example_dags/example_latest_only_with_trigger.py took 0.418 seconds
[2025-02-22T20:34:28.217+0000] {processor.py:186} INFO - Started process (PID=190) to work on /home/airflow/.local/lib/python3.12/site-packages/airflow/example_dags/example_latest_only_with_trigger.py
[2025-02-22T20:34:28.218+0000] {processor.py:914} INFO - Processing file /home/airflow/.local/lib/python3.12/site-packages/airflow/example_dags/example_latest_only_with_trigger.py for tasks to queue
[2025-02-22T20:34:28.222+0000] {logging_mixin.py:190} INFO - [2025-02-22T20:34:28.221+0000] {dagbag.py:588} INFO - Filling up the DagBag from /home/airflow/.local/lib/python3.12/site-packages/airflow/example_dags/example_latest_only_with_trigger.py
[2025-02-22T20:34:28.229+0000] {processor.py:925} INFO - DAG(s) 'latest_only_with_trigger' retrieved from /home/airflow/.local/lib/python3.12/site-packages/airflow/example_dags/example_latest_only_with_trigger.py
[2025-02-22T20:34:28.252+0000] {logging_mixin.py:190} INFO - [2025-02-22T20:34:28.251+0000] {dag.py:3239} INFO - Sync 1 DAGs
[2025-02-22T20:34:28.278+0000] {logging_mixin.py:190} INFO - [2025-02-22T20:34:28.278+0000] {dag.py:4180} INFO - Setting next_dagrun for latest_only_with_trigger to 2025-02-22 16:00:00+00:00, run_after=2025-02-22 20:00:00+00:00
[2025-02-22T20:34:28.301+0000] {processor.py:208} INFO - Processing /home/airflow/.local/lib/python3.12/site-packages/airflow/example_dags/example_latest_only_with_trigger.py took 0.091 seconds
[2025-02-22T20:34:58.615+0000] {processor.py:186} INFO - Started process (PID=253) to work on /home/airflow/.local/lib/python3.12/site-packages/airflow/example_dags/example_latest_only_with_trigger.py
[2025-02-22T20:34:58.616+0000] {processor.py:914} INFO - Processing file /home/airflow/.local/lib/python3.12/site-packages/airflow/example_dags/example_latest_only_with_trigger.py for tasks to queue
[2025-02-22T20:34:58.620+0000] {logging_mixin.py:190} INFO - [2025-02-22T20:34:58.619+0000] {dagbag.py:588} INFO - Filling up the DagBag from /home/airflow/.local/lib/python3.12/site-packages/airflow/example_dags/example_latest_only_with_trigger.py
[2025-02-22T20:34:58.629+0000] {processor.py:925} INFO - DAG(s) 'latest_only_with_trigger' retrieved from /home/airflow/.local/lib/python3.12/site-packages/airflow/example_dags/example_latest_only_with_trigger.py
[2025-02-22T20:34:58.655+0000] {logging_mixin.py:190} INFO - [2025-02-22T20:34:58.655+0000] {dag.py:3239} INFO - Sync 1 DAGs
[2025-02-22T20:34:58.684+0000] {logging_mixin.py:190} INFO - [2025-02-22T20:34:58.684+0000] {dag.py:4180} INFO - Setting next_dagrun for latest_only_with_trigger to 2025-02-22 16:00:00+00:00, run_after=2025-02-22 20:00:00+00:00
[2025-02-22T20:34:58.709+0000] {processor.py:208} INFO - Processing /home/airflow/.local/lib/python3.12/site-packages/airflow/example_dags/example_latest_only_with_trigger.py took 0.102 seconds
[2025-02-22T20:35:29.509+0000] {processor.py:186} INFO - Started process (PID=316) to work on /home/airflow/.local/lib/python3.12/site-packages/airflow/example_dags/example_latest_only_with_trigger.py
[2025-02-22T20:35:29.510+0000] {processor.py:914} INFO - Processing file /home/airflow/.local/lib/python3.12/site-packages/airflow/example_dags/example_latest_only_with_trigger.py for tasks to queue
[2025-02-22T20:35:29.513+0000] {logging_mixin.py:190} INFO - [2025-02-22T20:35:29.513+0000] {dagbag.py:588} INFO - Filling up the DagBag from /home/airflow/.local/lib/python3.12/site-packages/airflow/example_dags/example_latest_only_with_trigger.py
[2025-02-22T20:35:29.523+0000] {processor.py:925} INFO - DAG(s) 'latest_only_with_trigger' retrieved from /home/airflow/.local/lib/python3.12/site-packages/airflow/example_dags/example_latest_only_with_trigger.py
[2025-02-22T20:35:29.547+0000] {logging_mixin.py:190} INFO - [2025-02-22T20:35:29.547+0000] {dag.py:3239} INFO - Sync 1 DAGs
[2025-02-22T20:35:29.576+0000] {logging_mixin.py:190} INFO - [2025-02-22T20:35:29.576+0000] {dag.py:4180} INFO - Setting next_dagrun for latest_only_with_trigger to 2025-02-22 16:00:00+00:00, run_after=2025-02-22 20:00:00+00:00
[2025-02-22T20:35:29.602+0000] {processor.py:208} INFO - Processing /home/airflow/.local/lib/python3.12/site-packages/airflow/example_dags/example_latest_only_with_trigger.py took 0.100 seconds
[2025-02-22T20:35:59.650+0000] {processor.py:186} INFO - Started process (PID=380) to work on /home/airflow/.local/lib/python3.12/site-packages/airflow/example_dags/example_latest_only_with_trigger.py
[2025-02-22T20:35:59.651+0000] {processor.py:914} INFO - Processing file /home/airflow/.local/lib/python3.12/site-packages/airflow/example_dags/example_latest_only_with_trigger.py for tasks to queue
[2025-02-22T20:35:59.654+0000] {logging_mixin.py:190} INFO - [2025-02-22T20:35:59.653+0000] {dagbag.py:588} INFO - Filling up the DagBag from /home/airflow/.local/lib/python3.12/site-packages/airflow/example_dags/example_latest_only_with_trigger.py
[2025-02-22T20:35:59.663+0000] {processor.py:925} INFO - DAG(s) 'latest_only_with_trigger' retrieved from /home/airflow/.local/lib/python3.12/site-packages/airflow/example_dags/example_latest_only_with_trigger.py
[2025-02-22T20:35:59.688+0000] {logging_mixin.py:190} INFO - [2025-02-22T20:35:59.688+0000] {dag.py:3239} INFO - Sync 1 DAGs
[2025-02-22T20:35:59.716+0000] {logging_mixin.py:190} INFO - [2025-02-22T20:35:59.716+0000] {dag.py:4180} INFO - Setting next_dagrun for latest_only_with_trigger to 2025-02-22 16:00:00+00:00, run_after=2025-02-22 20:00:00+00:00
[2025-02-22T20:35:59.737+0000] {processor.py:208} INFO - Processing /home/airflow/.local/lib/python3.12/site-packages/airflow/example_dags/example_latest_only_with_trigger.py took 0.095 seconds
[2025-02-22T20:36:29.861+0000] {processor.py:186} INFO - Started process (PID=443) to work on /home/airflow/.local/lib/python3.12/site-packages/airflow/example_dags/example_latest_only_with_trigger.py
[2025-02-22T20:36:29.862+0000] {processor.py:914} INFO - Processing file /home/airflow/.local/lib/python3.12/site-packages/airflow/example_dags/example_latest_only_with_trigger.py for tasks to queue
[2025-02-22T20:36:29.865+0000] {logging_mixin.py:190} INFO - [2025-02-22T20:36:29.865+0000] {dagbag.py:588} INFO - Filling up the DagBag from /home/airflow/.local/lib/python3.12/site-packages/airflow/example_dags/example_latest_only_with_trigger.py
[2025-02-22T20:36:29.875+0000] {processor.py:925} INFO - DAG(s) 'latest_only_with_trigger' retrieved from /home/airflow/.local/lib/python3.12/site-packages/airflow/example_dags/example_latest_only_with_trigger.py
[2025-02-22T20:36:29.901+0000] {logging_mixin.py:190} INFO - [2025-02-22T20:36:29.901+0000] {dag.py:3239} INFO - Sync 1 DAGs
[2025-02-22T20:36:29.933+0000] {logging_mixin.py:190} INFO - [2025-02-22T20:36:29.933+0000] {dag.py:4180} INFO - Setting next_dagrun for latest_only_with_trigger to 2025-02-22 16:00:00+00:00, run_after=2025-02-22 20:00:00+00:00
[2025-02-22T20:36:29.958+0000] {processor.py:208} INFO - Processing /home/airflow/.local/lib/python3.12/site-packages/airflow/example_dags/example_latest_only_with_trigger.py took 0.105 seconds
[2025-02-22T20:37:00.842+0000] {processor.py:186} INFO - Started process (PID=506) to work on /home/airflow/.local/lib/python3.12/site-packages/airflow/example_dags/example_latest_only_with_trigger.py
[2025-02-22T20:37:00.843+0000] {processor.py:914} INFO - Processing file /home/airflow/.local/lib/python3.12/site-packages/airflow/example_dags/example_latest_only_with_trigger.py for tasks to queue
[2025-02-22T20:37:00.847+0000] {logging_mixin.py:190} INFO - [2025-02-22T20:37:00.846+0000] {dagbag.py:588} INFO - Filling up the DagBag from /home/airflow/.local/lib/python3.12/site-packages/airflow/example_dags/example_latest_only_with_trigger.py
[2025-02-22T20:37:00.856+0000] {processor.py:925} INFO - DAG(s) 'latest_only_with_trigger' retrieved from /home/airflow/.local/lib/python3.12/site-packages/airflow/example_dags/example_latest_only_with_trigger.py
[2025-02-22T20:37:00.879+0000] {logging_mixin.py:190} INFO - [2025-02-22T20:37:00.879+0000] {dag.py:3239} INFO - Sync 1 DAGs
[2025-02-22T20:37:00.917+0000] {logging_mixin.py:190} INFO - [2025-02-22T20:37:00.917+0000] {dag.py:4180} INFO - Setting next_dagrun for latest_only_with_trigger to 2025-02-22 16:00:00+00:00, run_after=2025-02-22 20:00:00+00:00
[2025-02-22T20:37:00.939+0000] {processor.py:208} INFO - Processing /home/airflow/.local/lib/python3.12/site-packages/airflow/example_dags/example_latest_only_with_trigger.py took 0.104 seconds
[2025-02-22T20:37:31.970+0000] {processor.py:186} INFO - Started process (PID=569) to work on /home/airflow/.local/lib/python3.12/site-packages/airflow/example_dags/example_latest_only_with_trigger.py
[2025-02-22T20:37:31.971+0000] {processor.py:914} INFO - Processing file /home/airflow/.local/lib/python3.12/site-packages/airflow/example_dags/example_latest_only_with_trigger.py for tasks to queue
[2025-02-22T20:37:31.976+0000] {logging_mixin.py:190} INFO - [2025-02-22T20:37:31.975+0000] {dagbag.py:588} INFO - Filling up the DagBag from /home/airflow/.local/lib/python3.12/site-packages/airflow/example_dags/example_latest_only_with_trigger.py
[2025-02-22T20:37:31.986+0000] {processor.py:925} INFO - DAG(s) 'latest_only_with_trigger' retrieved from /home/airflow/.local/lib/python3.12/site-packages/airflow/example_dags/example_latest_only_with_trigger.py
[2025-02-22T20:37:32.012+0000] {logging_mixin.py:190} INFO - [2025-02-22T20:37:32.012+0000] {dag.py:3239} INFO - Sync 1 DAGs
[2025-02-22T20:37:32.044+0000] {logging_mixin.py:190} INFO - [2025-02-22T20:37:32.044+0000] {dag.py:4180} INFO - Setting next_dagrun for latest_only_with_trigger to 2025-02-22 16:00:00+00:00, run_after=2025-02-22 20:00:00+00:00
[2025-02-22T20:37:32.071+0000] {processor.py:208} INFO - Processing /home/airflow/.local/lib/python3.12/site-packages/airflow/example_dags/example_latest_only_with_trigger.py took 0.113 seconds
[2025-02-22T20:38:02.307+0000] {processor.py:186} INFO - Started process (PID=632) to work on /home/airflow/.local/lib/python3.12/site-packages/airflow/example_dags/example_latest_only_with_trigger.py
[2025-02-22T20:38:02.308+0000] {processor.py:914} INFO - Processing file /home/airflow/.local/lib/python3.12/site-packages/airflow/example_dags/example_latest_only_with_trigger.py for tasks to queue
[2025-02-22T20:38:02.312+0000] {logging_mixin.py:190} INFO - [2025-02-22T20:38:02.311+0000] {dagbag.py:588} INFO - Filling up the DagBag from /home/airflow/.local/lib/python3.12/site-packages/airflow/example_dags/example_latest_only_with_trigger.py
[2025-02-22T20:38:02.322+0000] {processor.py:925} INFO - DAG(s) 'latest_only_with_trigger' retrieved from /home/airflow/.local/lib/python3.12/site-packages/airflow/example_dags/example_latest_only_with_trigger.py
[2025-02-22T20:38:02.355+0000] {logging_mixin.py:190} INFO - [2025-02-22T20:38:02.354+0000] {dag.py:3239} INFO - Sync 1 DAGs
[2025-02-22T20:38:02.385+0000] {logging_mixin.py:190} INFO - [2025-02-22T20:38:02.385+0000] {dag.py:4180} INFO - Setting next_dagrun for latest_only_with_trigger to 2025-02-22 16:00:00+00:00, run_after=2025-02-22 20:00:00+00:00
[2025-02-22T20:38:02.407+0000] {processor.py:208} INFO - Processing /home/airflow/.local/lib/python3.12/site-packages/airflow/example_dags/example_latest_only_with_trigger.py took 0.109 seconds
[2025-02-22T20:38:32.955+0000] {processor.py:186} INFO - Started process (PID=694) to work on /home/airflow/.local/lib/python3.12/site-packages/airflow/example_dags/example_latest_only_with_trigger.py
[2025-02-22T20:38:32.957+0000] {processor.py:914} INFO - Processing file /home/airflow/.local/lib/python3.12/site-packages/airflow/example_dags/example_latest_only_with_trigger.py for tasks to queue
[2025-02-22T20:38:32.963+0000] {logging_mixin.py:190} INFO - [2025-02-22T20:38:32.962+0000] {dagbag.py:588} INFO - Filling up the DagBag from /home/airflow/.local/lib/python3.12/site-packages/airflow/example_dags/example_latest_only_with_trigger.py
[2025-02-22T20:38:32.977+0000] {processor.py:925} INFO - DAG(s) 'latest_only_with_trigger' retrieved from /home/airflow/.local/lib/python3.12/site-packages/airflow/example_dags/example_latest_only_with_trigger.py
[2025-02-22T20:38:33.010+0000] {logging_mixin.py:190} INFO - [2025-02-22T20:38:33.010+0000] {dag.py:3239} INFO - Sync 1 DAGs
[2025-02-22T20:38:33.052+0000] {logging_mixin.py:190} INFO - [2025-02-22T20:38:33.052+0000] {dag.py:4180} INFO - Setting next_dagrun for latest_only_with_trigger to 2025-02-22 16:00:00+00:00, run_after=2025-02-22 20:00:00+00:00
[2025-02-22T20:38:33.086+0000] {processor.py:208} INFO - Processing /home/airflow/.local/lib/python3.12/site-packages/airflow/example_dags/example_latest_only_with_trigger.py took 0.140 seconds
[2025-02-22T20:39:03.433+0000] {processor.py:186} INFO - Started process (PID=757) to work on /home/airflow/.local/lib/python3.12/site-packages/airflow/example_dags/example_latest_only_with_trigger.py
[2025-02-22T20:39:03.434+0000] {processor.py:914} INFO - Processing file /home/airflow/.local/lib/python3.12/site-packages/airflow/example_dags/example_latest_only_with_trigger.py for tasks to queue
[2025-02-22T20:39:03.438+0000] {logging_mixin.py:190} INFO - [2025-02-22T20:39:03.437+0000] {dagbag.py:588} INFO - Filling up the DagBag from /home/airflow/.local/lib/python3.12/site-packages/airflow/example_dags/example_latest_only_with_trigger.py
[2025-02-22T20:39:03.449+0000] {processor.py:925} INFO - DAG(s) 'latest_only_with_trigger' retrieved from /home/airflow/.local/lib/python3.12/site-packages/airflow/example_dags/example_latest_only_with_trigger.py
[2025-02-22T20:39:03.478+0000] {logging_mixin.py:190} INFO - [2025-02-22T20:39:03.477+0000] {dag.py:3239} INFO - Sync 1 DAGs
[2025-02-22T20:39:03.512+0000] {logging_mixin.py:190} INFO - [2025-02-22T20:39:03.512+0000] {dag.py:4180} INFO - Setting next_dagrun for latest_only_with_trigger to 2025-02-22 16:00:00+00:00, run_after=2025-02-22 20:00:00+00:00
[2025-02-22T20:39:03.539+0000] {processor.py:208} INFO - Processing /home/airflow/.local/lib/python3.12/site-packages/airflow/example_dags/example_latest_only_with_trigger.py took 0.116 seconds
[2025-02-22T20:39:34.121+0000] {processor.py:186} INFO - Started process (PID=820) to work on /home/airflow/.local/lib/python3.12/site-packages/airflow/example_dags/example_latest_only_with_trigger.py
[2025-02-22T20:39:34.122+0000] {processor.py:914} INFO - Processing file /home/airflow/.local/lib/python3.12/site-packages/airflow/example_dags/example_latest_only_with_trigger.py for tasks to queue
[2025-02-22T20:39:34.125+0000] {logging_mixin.py:190} INFO - [2025-02-22T20:39:34.125+0000] {dagbag.py:588} INFO - Filling up the DagBag from /home/airflow/.local/lib/python3.12/site-packages/airflow/example_dags/example_latest_only_with_trigger.py
[2025-02-22T20:39:34.138+0000] {processor.py:925} INFO - DAG(s) 'latest_only_with_trigger' retrieved from /home/airflow/.local/lib/python3.12/site-packages/airflow/example_dags/example_latest_only_with_trigger.py
[2025-02-22T20:39:34.164+0000] {logging_mixin.py:190} INFO - [2025-02-22T20:39:34.164+0000] {dag.py:3239} INFO - Sync 1 DAGs
[2025-02-22T20:39:34.199+0000] {logging_mixin.py:190} INFO - [2025-02-22T20:39:34.199+0000] {dag.py:4180} INFO - Setting next_dagrun for latest_only_with_trigger to 2025-02-22 16:00:00+00:00, run_after=2025-02-22 20:00:00+00:00
[2025-02-22T20:39:34.224+0000] {processor.py:208} INFO - Processing /home/airflow/.local/lib/python3.12/site-packages/airflow/example_dags/example_latest_only_with_trigger.py took 0.112 seconds
[2025-02-22T20:40:06.007+0000] {processor.py:186} INFO - Started process (PID=883) to work on /home/airflow/.local/lib/python3.12/site-packages/airflow/example_dags/example_latest_only_with_trigger.py
[2025-02-22T20:40:06.016+0000] {processor.py:914} INFO - Processing file /home/airflow/.local/lib/python3.12/site-packages/airflow/example_dags/example_latest_only_with_trigger.py for tasks to queue
[2025-02-22T20:40:06.021+0000] {logging_mixin.py:190} INFO - [2025-02-22T20:40:06.020+0000] {dagbag.py:588} INFO - Filling up the DagBag from /home/airflow/.local/lib/python3.12/site-packages/airflow/example_dags/example_latest_only_with_trigger.py
[2025-02-22T20:40:06.032+0000] {processor.py:925} INFO - DAG(s) 'latest_only_with_trigger' retrieved from /home/airflow/.local/lib/python3.12/site-packages/airflow/example_dags/example_latest_only_with_trigger.py
[2025-02-22T20:40:06.058+0000] {logging_mixin.py:190} INFO - [2025-02-22T20:40:06.057+0000] {dag.py:3239} INFO - Sync 1 DAGs
[2025-02-22T20:40:06.086+0000] {logging_mixin.py:190} INFO - [2025-02-22T20:40:06.086+0000] {dag.py:4180} INFO - Setting next_dagrun for latest_only_with_trigger to 2025-02-22 16:00:00+00:00, run_after=2025-02-22 20:00:00+00:00
[2025-02-22T20:40:06.108+0000] {processor.py:208} INFO - Processing /home/airflow/.local/lib/python3.12/site-packages/airflow/example_dags/example_latest_only_with_trigger.py took 0.110 seconds
[2025-02-22T20:40:38.777+0000] {processor.py:186} INFO - Started process (PID=946) to work on /home/airflow/.local/lib/python3.12/site-packages/airflow/example_dags/example_latest_only_with_trigger.py
[2025-02-22T20:40:38.779+0000] {processor.py:914} INFO - Processing file /home/airflow/.local/lib/python3.12/site-packages/airflow/example_dags/example_latest_only_with_trigger.py for tasks to queue
[2025-02-22T20:40:38.783+0000] {logging_mixin.py:190} INFO - [2025-02-22T20:40:38.782+0000] {dagbag.py:588} INFO - Filling up the DagBag from /home/airflow/.local/lib/python3.12/site-packages/airflow/example_dags/example_latest_only_with_trigger.py
[2025-02-22T20:40:38.794+0000] {processor.py:925} INFO - DAG(s) 'latest_only_with_trigger' retrieved from /home/airflow/.local/lib/python3.12/site-packages/airflow/example_dags/example_latest_only_with_trigger.py
[2025-02-22T20:40:38.823+0000] {logging_mixin.py:190} INFO - [2025-02-22T20:40:38.823+0000] {dag.py:3239} INFO - Sync 1 DAGs
[2025-02-22T20:40:38.858+0000] {logging_mixin.py:190} INFO - [2025-02-22T20:40:38.857+0000] {dag.py:4180} INFO - Setting next_dagrun for latest_only_with_trigger to 2025-02-22 16:00:00+00:00, run_after=2025-02-22 20:00:00+00:00
[2025-02-22T20:40:38.884+0000] {processor.py:208} INFO - Processing /home/airflow/.local/lib/python3.12/site-packages/airflow/example_dags/example_latest_only_with_trigger.py took 0.116 seconds
[2025-02-22T20:41:10.051+0000] {processor.py:186} INFO - Started process (PID=1009) to work on /home/airflow/.local/lib/python3.12/site-packages/airflow/example_dags/example_latest_only_with_trigger.py
[2025-02-22T20:41:10.053+0000] {processor.py:914} INFO - Processing file /home/airflow/.local/lib/python3.12/site-packages/airflow/example_dags/example_latest_only_with_trigger.py for tasks to queue
[2025-02-22T20:41:10.057+0000] {logging_mixin.py:190} INFO - [2025-02-22T20:41:10.057+0000] {dagbag.py:588} INFO - Filling up the DagBag from /home/airflow/.local/lib/python3.12/site-packages/airflow/example_dags/example_latest_only_with_trigger.py
[2025-02-22T20:41:10.069+0000] {processor.py:925} INFO - DAG(s) 'latest_only_with_trigger' retrieved from /home/airflow/.local/lib/python3.12/site-packages/airflow/example_dags/example_latest_only_with_trigger.py
[2025-02-22T20:41:10.100+0000] {logging_mixin.py:190} INFO - [2025-02-22T20:41:10.099+0000] {dag.py:3239} INFO - Sync 1 DAGs
[2025-02-22T20:41:10.160+0000] {logging_mixin.py:190} INFO - [2025-02-22T20:41:10.159+0000] {dag.py:4180} INFO - Setting next_dagrun for latest_only_with_trigger to 2025-02-22 16:00:00+00:00, run_after=2025-02-22 20:00:00+00:00
[2025-02-22T20:41:10.206+0000] {processor.py:208} INFO - Processing /home/airflow/.local/lib/python3.12/site-packages/airflow/example_dags/example_latest_only_with_trigger.py took 0.167 seconds
[2025-02-22T20:41:40.988+0000] {processor.py:186} INFO - Started process (PID=1074) to work on /home/airflow/.local/lib/python3.12/site-packages/airflow/example_dags/example_latest_only_with_trigger.py
[2025-02-22T20:41:40.989+0000] {processor.py:914} INFO - Processing file /home/airflow/.local/lib/python3.12/site-packages/airflow/example_dags/example_latest_only_with_trigger.py for tasks to queue
[2025-02-22T20:41:40.993+0000] {logging_mixin.py:190} INFO - [2025-02-22T20:41:40.992+0000] {dagbag.py:588} INFO - Filling up the DagBag from /home/airflow/.local/lib/python3.12/site-packages/airflow/example_dags/example_latest_only_with_trigger.py
[2025-02-22T20:41:41.003+0000] {processor.py:925} INFO - DAG(s) 'latest_only_with_trigger' retrieved from /home/airflow/.local/lib/python3.12/site-packages/airflow/example_dags/example_latest_only_with_trigger.py
[2025-02-22T20:41:41.032+0000] {logging_mixin.py:190} INFO - [2025-02-22T20:41:41.032+0000] {dag.py:3239} INFO - Sync 1 DAGs
[2025-02-22T20:41:41.069+0000] {logging_mixin.py:190} INFO - [2025-02-22T20:41:41.069+0000] {dag.py:4180} INFO - Setting next_dagrun for latest_only_with_trigger to 2025-02-22 16:00:00+00:00, run_after=2025-02-22 20:00:00+00:00
[2025-02-22T20:41:41.098+0000] {processor.py:208} INFO - Processing /home/airflow/.local/lib/python3.12/site-packages/airflow/example_dags/example_latest_only_with_trigger.py took 0.118 seconds
[2025-02-22T20:42:15.299+0000] {processor.py:186} INFO - Started process (PID=1137) to work on /home/airflow/.local/lib/python3.12/site-packages/airflow/example_dags/example_latest_only_with_trigger.py
[2025-02-22T20:42:15.300+0000] {processor.py:914} INFO - Processing file /home/airflow/.local/lib/python3.12/site-packages/airflow/example_dags/example_latest_only_with_trigger.py for tasks to queue
[2025-02-22T20:42:15.305+0000] {logging_mixin.py:190} INFO - [2025-02-22T20:42:15.305+0000] {dagbag.py:588} INFO - Filling up the DagBag from /home/airflow/.local/lib/python3.12/site-packages/airflow/example_dags/example_latest_only_with_trigger.py
[2025-02-22T20:42:15.317+0000] {processor.py:925} INFO - DAG(s) 'latest_only_with_trigger' retrieved from /home/airflow/.local/lib/python3.12/site-packages/airflow/example_dags/example_latest_only_with_trigger.py
[2025-02-22T20:42:15.353+0000] {logging_mixin.py:190} INFO - [2025-02-22T20:42:15.353+0000] {dag.py:3239} INFO - Sync 1 DAGs
[2025-02-22T20:42:15.417+0000] {logging_mixin.py:190} INFO - [2025-02-22T20:42:15.416+0000] {dag.py:4180} INFO - Setting next_dagrun for latest_only_with_trigger to 2025-02-22 16:00:00+00:00, run_after=2025-02-22 20:00:00+00:00
[2025-02-22T20:42:15.465+0000] {processor.py:208} INFO - Processing /home/airflow/.local/lib/python3.12/site-packages/airflow/example_dags/example_latest_only_with_trigger.py took 0.177 seconds
[2025-02-22T20:42:47.601+0000] {processor.py:186} INFO - Started process (PID=1203) to work on /home/airflow/.local/lib/python3.12/site-packages/airflow/example_dags/example_latest_only_with_trigger.py
[2025-02-22T20:42:47.603+0000] {processor.py:914} INFO - Processing file /home/airflow/.local/lib/python3.12/site-packages/airflow/example_dags/example_latest_only_with_trigger.py for tasks to queue
[2025-02-22T20:42:47.608+0000] {logging_mixin.py:190} INFO - [2025-02-22T20:42:47.607+0000] {dagbag.py:588} INFO - Filling up the DagBag from /home/airflow/.local/lib/python3.12/site-packages/airflow/example_dags/example_latest_only_with_trigger.py
[2025-02-22T20:42:47.624+0000] {processor.py:925} INFO - DAG(s) 'latest_only_with_trigger' retrieved from /home/airflow/.local/lib/python3.12/site-packages/airflow/example_dags/example_latest_only_with_trigger.py
[2025-02-22T20:42:47.659+0000] {logging_mixin.py:190} INFO - [2025-02-22T20:42:47.658+0000] {dag.py:3239} INFO - Sync 1 DAGs
[2025-02-22T20:42:47.700+0000] {logging_mixin.py:190} INFO - [2025-02-22T20:42:47.700+0000] {dag.py:4180} INFO - Setting next_dagrun for latest_only_with_trigger to 2025-02-22 16:00:00+00:00, run_after=2025-02-22 20:00:00+00:00
[2025-02-22T20:42:47.734+0000] {processor.py:208} INFO - Processing /home/airflow/.local/lib/python3.12/site-packages/airflow/example_dags/example_latest_only_with_trigger.py took 0.144 seconds
[2025-02-22T20:43:18.618+0000] {processor.py:186} INFO - Started process (PID=1266) to work on /home/airflow/.local/lib/python3.12/site-packages/airflow/example_dags/example_latest_only_with_trigger.py
[2025-02-22T20:43:18.619+0000] {processor.py:914} INFO - Processing file /home/airflow/.local/lib/python3.12/site-packages/airflow/example_dags/example_latest_only_with_trigger.py for tasks to queue
[2025-02-22T20:43:18.625+0000] {logging_mixin.py:190} INFO - [2025-02-22T20:43:18.624+0000] {dagbag.py:588} INFO - Filling up the DagBag from /home/airflow/.local/lib/python3.12/site-packages/airflow/example_dags/example_latest_only_with_trigger.py
[2025-02-22T20:43:18.636+0000] {processor.py:925} INFO - DAG(s) 'latest_only_with_trigger' retrieved from /home/airflow/.local/lib/python3.12/site-packages/airflow/example_dags/example_latest_only_with_trigger.py
[2025-02-22T20:43:18.667+0000] {logging_mixin.py:190} INFO - [2025-02-22T20:43:18.666+0000] {dag.py:3239} INFO - Sync 1 DAGs
[2025-02-22T20:43:18.703+0000] {logging_mixin.py:190} INFO - [2025-02-22T20:43:18.702+0000] {dag.py:4180} INFO - Setting next_dagrun for latest_only_with_trigger to 2025-02-22 16:00:00+00:00, run_after=2025-02-22 20:00:00+00:00
[2025-02-22T20:43:18.748+0000] {processor.py:208} INFO - Processing /home/airflow/.local/lib/python3.12/site-packages/airflow/example_dags/example_latest_only_with_trigger.py took 0.139 seconds
[2025-02-22T20:43:49.968+0000] {processor.py:186} INFO - Started process (PID=1329) to work on /home/airflow/.local/lib/python3.12/site-packages/airflow/example_dags/example_latest_only_with_trigger.py
[2025-02-22T20:43:49.970+0000] {processor.py:914} INFO - Processing file /home/airflow/.local/lib/python3.12/site-packages/airflow/example_dags/example_latest_only_with_trigger.py for tasks to queue
[2025-02-22T20:43:49.973+0000] {logging_mixin.py:190} INFO - [2025-02-22T20:43:49.972+0000] {dagbag.py:588} INFO - Filling up the DagBag from /home/airflow/.local/lib/python3.12/site-packages/airflow/example_dags/example_latest_only_with_trigger.py
[2025-02-22T20:43:49.982+0000] {processor.py:925} INFO - DAG(s) 'latest_only_with_trigger' retrieved from /home/airflow/.local/lib/python3.12/site-packages/airflow/example_dags/example_latest_only_with_trigger.py
[2025-02-22T20:43:50.010+0000] {logging_mixin.py:190} INFO - [2025-02-22T20:43:50.010+0000] {dag.py:3239} INFO - Sync 1 DAGs
[2025-02-22T20:43:50.040+0000] {logging_mixin.py:190} INFO - [2025-02-22T20:43:50.039+0000] {dag.py:4180} INFO - Setting next_dagrun for latest_only_with_trigger to 2025-02-22 16:00:00+00:00, run_after=2025-02-22 20:00:00+00:00
[2025-02-22T20:43:50.064+0000] {processor.py:208} INFO - Processing /home/airflow/.local/lib/python3.12/site-packages/airflow/example_dags/example_latest_only_with_trigger.py took 0.104 seconds
[2025-02-22T20:44:21.496+0000] {processor.py:186} INFO - Started process (PID=1392) to work on /home/airflow/.local/lib/python3.12/site-packages/airflow/example_dags/example_latest_only_with_trigger.py
[2025-02-22T20:44:21.497+0000] {processor.py:914} INFO - Processing file /home/airflow/.local/lib/python3.12/site-packages/airflow/example_dags/example_latest_only_with_trigger.py for tasks to queue
[2025-02-22T20:44:21.500+0000] {logging_mixin.py:190} INFO - [2025-02-22T20:44:21.500+0000] {dagbag.py:588} INFO - Filling up the DagBag from /home/airflow/.local/lib/python3.12/site-packages/airflow/example_dags/example_latest_only_with_trigger.py
[2025-02-22T20:44:21.511+0000] {processor.py:925} INFO - DAG(s) 'latest_only_with_trigger' retrieved from /home/airflow/.local/lib/python3.12/site-packages/airflow/example_dags/example_latest_only_with_trigger.py
[2025-02-22T20:44:21.545+0000] {logging_mixin.py:190} INFO - [2025-02-22T20:44:21.545+0000] {dag.py:3239} INFO - Sync 1 DAGs
[2025-02-22T20:44:21.582+0000] {logging_mixin.py:190} INFO - [2025-02-22T20:44:21.582+0000] {dag.py:4180} INFO - Setting next_dagrun for latest_only_with_trigger to 2025-02-22 16:00:00+00:00, run_after=2025-02-22 20:00:00+00:00
[2025-02-22T20:44:21.611+0000] {processor.py:208} INFO - Processing /home/airflow/.local/lib/python3.12/site-packages/airflow/example_dags/example_latest_only_with_trigger.py took 0.124 seconds
[2025-02-22T20:44:52.900+0000] {processor.py:186} INFO - Started process (PID=1455) to work on /home/airflow/.local/lib/python3.12/site-packages/airflow/example_dags/example_latest_only_with_trigger.py
[2025-02-22T20:44:52.902+0000] {processor.py:914} INFO - Processing file /home/airflow/.local/lib/python3.12/site-packages/airflow/example_dags/example_latest_only_with_trigger.py for tasks to queue
[2025-02-22T20:44:52.907+0000] {logging_mixin.py:190} INFO - [2025-02-22T20:44:52.906+0000] {dagbag.py:588} INFO - Filling up the DagBag from /home/airflow/.local/lib/python3.12/site-packages/airflow/example_dags/example_latest_only_with_trigger.py
[2025-02-22T20:44:52.919+0000] {processor.py:925} INFO - DAG(s) 'latest_only_with_trigger' retrieved from /home/airflow/.local/lib/python3.12/site-packages/airflow/example_dags/example_latest_only_with_trigger.py
[2025-02-22T20:44:52.946+0000] {logging_mixin.py:190} INFO - [2025-02-22T20:44:52.946+0000] {dag.py:3239} INFO - Sync 1 DAGs
[2025-02-22T20:44:52.982+0000] {logging_mixin.py:190} INFO - [2025-02-22T20:44:52.982+0000] {dag.py:4180} INFO - Setting next_dagrun for latest_only_with_trigger to 2025-02-22 16:00:00+00:00, run_after=2025-02-22 20:00:00+00:00
[2025-02-22T20:44:53.011+0000] {processor.py:208} INFO - Processing /home/airflow/.local/lib/python3.12/site-packages/airflow/example_dags/example_latest_only_with_trigger.py took 0.119 seconds
[2025-02-22T20:45:23.820+0000] {processor.py:186} INFO - Started process (PID=1518) to work on /home/airflow/.local/lib/python3.12/site-packages/airflow/example_dags/example_latest_only_with_trigger.py
[2025-02-22T20:45:23.821+0000] {processor.py:914} INFO - Processing file /home/airflow/.local/lib/python3.12/site-packages/airflow/example_dags/example_latest_only_with_trigger.py for tasks to queue
[2025-02-22T20:45:23.824+0000] {logging_mixin.py:190} INFO - [2025-02-22T20:45:23.824+0000] {dagbag.py:588} INFO - Filling up the DagBag from /home/airflow/.local/lib/python3.12/site-packages/airflow/example_dags/example_latest_only_with_trigger.py
[2025-02-22T20:45:23.832+0000] {processor.py:925} INFO - DAG(s) 'latest_only_with_trigger' retrieved from /home/airflow/.local/lib/python3.12/site-packages/airflow/example_dags/example_latest_only_with_trigger.py
[2025-02-22T20:45:23.855+0000] {logging_mixin.py:190} INFO - [2025-02-22T20:45:23.854+0000] {dag.py:3239} INFO - Sync 1 DAGs
[2025-02-22T20:45:23.882+0000] {logging_mixin.py:190} INFO - [2025-02-22T20:45:23.882+0000] {dag.py:4180} INFO - Setting next_dagrun for latest_only_with_trigger to 2025-02-22 16:00:00+00:00, run_after=2025-02-22 20:00:00+00:00
[2025-02-22T20:45:23.902+0000] {processor.py:208} INFO - Processing /home/airflow/.local/lib/python3.12/site-packages/airflow/example_dags/example_latest_only_with_trigger.py took 0.089 seconds
[2025-02-22T20:45:55.770+0000] {processor.py:186} INFO - Started process (PID=1581) to work on /home/airflow/.local/lib/python3.12/site-packages/airflow/example_dags/example_latest_only_with_trigger.py
[2025-02-22T20:45:55.772+0000] {processor.py:914} INFO - Processing file /home/airflow/.local/lib/python3.12/site-packages/airflow/example_dags/example_latest_only_with_trigger.py for tasks to queue
[2025-02-22T20:45:55.776+0000] {logging_mixin.py:190} INFO - [2025-02-22T20:45:55.775+0000] {dagbag.py:588} INFO - Filling up the DagBag from /home/airflow/.local/lib/python3.12/site-packages/airflow/example_dags/example_latest_only_with_trigger.py
[2025-02-22T20:45:55.788+0000] {processor.py:925} INFO - DAG(s) 'latest_only_with_trigger' retrieved from /home/airflow/.local/lib/python3.12/site-packages/airflow/example_dags/example_latest_only_with_trigger.py
[2025-02-22T20:45:55.818+0000] {logging_mixin.py:190} INFO - [2025-02-22T20:45:55.818+0000] {dag.py:3239} INFO - Sync 1 DAGs
[2025-02-22T20:45:55.854+0000] {logging_mixin.py:190} INFO - [2025-02-22T20:45:55.854+0000] {dag.py:4180} INFO - Setting next_dagrun for latest_only_with_trigger to 2025-02-22 16:00:00+00:00, run_after=2025-02-22 20:00:00+00:00
[2025-02-22T20:45:55.882+0000] {processor.py:208} INFO - Processing /home/airflow/.local/lib/python3.12/site-packages/airflow/example_dags/example_latest_only_with_trigger.py took 0.121 seconds
[2025-02-22T20:46:27.040+0000] {processor.py:186} INFO - Started process (PID=1644) to work on /home/airflow/.local/lib/python3.12/site-packages/airflow/example_dags/example_latest_only_with_trigger.py
[2025-02-22T20:46:27.054+0000] {processor.py:914} INFO - Processing file /home/airflow/.local/lib/python3.12/site-packages/airflow/example_dags/example_latest_only_with_trigger.py for tasks to queue
[2025-02-22T20:46:27.057+0000] {logging_mixin.py:190} INFO - [2025-02-22T20:46:27.057+0000] {dagbag.py:588} INFO - Filling up the DagBag from /home/airflow/.local/lib/python3.12/site-packages/airflow/example_dags/example_latest_only_with_trigger.py
[2025-02-22T20:46:27.065+0000] {processor.py:925} INFO - DAG(s) 'latest_only_with_trigger' retrieved from /home/airflow/.local/lib/python3.12/site-packages/airflow/example_dags/example_latest_only_with_trigger.py
[2025-02-22T20:46:27.087+0000] {logging_mixin.py:190} INFO - [2025-02-22T20:46:27.087+0000] {dag.py:3239} INFO - Sync 1 DAGs
[2025-02-22T20:46:27.112+0000] {logging_mixin.py:190} INFO - [2025-02-22T20:46:27.112+0000] {dag.py:4180} INFO - Setting next_dagrun for latest_only_with_trigger to 2025-02-22 16:00:00+00:00, run_after=2025-02-22 20:00:00+00:00
[2025-02-22T20:46:27.139+0000] {processor.py:208} INFO - Processing /home/airflow/.local/lib/python3.12/site-packages/airflow/example_dags/example_latest_only_with_trigger.py took 0.105 seconds
[2025-02-22T20:46:57.704+0000] {processor.py:186} INFO - Started process (PID=1713) to work on /home/airflow/.local/lib/python3.12/site-packages/airflow/example_dags/example_latest_only_with_trigger.py
[2025-02-22T20:46:57.705+0000] {processor.py:914} INFO - Processing file /home/airflow/.local/lib/python3.12/site-packages/airflow/example_dags/example_latest_only_with_trigger.py for tasks to queue
[2025-02-22T20:46:57.707+0000] {logging_mixin.py:190} INFO - [2025-02-22T20:46:57.707+0000] {dagbag.py:588} INFO - Filling up the DagBag from /home/airflow/.local/lib/python3.12/site-packages/airflow/example_dags/example_latest_only_with_trigger.py
[2025-02-22T20:46:57.716+0000] {processor.py:925} INFO - DAG(s) 'latest_only_with_trigger' retrieved from /home/airflow/.local/lib/python3.12/site-packages/airflow/example_dags/example_latest_only_with_trigger.py
[2025-02-22T20:46:57.738+0000] {logging_mixin.py:190} INFO - [2025-02-22T20:46:57.738+0000] {dag.py:3239} INFO - Sync 1 DAGs
[2025-02-22T20:46:57.767+0000] {logging_mixin.py:190} INFO - [2025-02-22T20:46:57.767+0000] {dag.py:4180} INFO - Setting next_dagrun for latest_only_with_trigger to 2025-02-22 16:00:00+00:00, run_after=2025-02-22 20:00:00+00:00
[2025-02-22T20:46:57.787+0000] {processor.py:208} INFO - Processing /home/airflow/.local/lib/python3.12/site-packages/airflow/example_dags/example_latest_only_with_trigger.py took 0.091 seconds
[2025-02-22T20:47:28.657+0000] {processor.py:186} INFO - Started process (PID=1776) to work on /home/airflow/.local/lib/python3.12/site-packages/airflow/example_dags/example_latest_only_with_trigger.py
[2025-02-22T20:47:28.658+0000] {processor.py:914} INFO - Processing file /home/airflow/.local/lib/python3.12/site-packages/airflow/example_dags/example_latest_only_with_trigger.py for tasks to queue
[2025-02-22T20:47:28.660+0000] {logging_mixin.py:190} INFO - [2025-02-22T20:47:28.660+0000] {dagbag.py:588} INFO - Filling up the DagBag from /home/airflow/.local/lib/python3.12/site-packages/airflow/example_dags/example_latest_only_with_trigger.py
[2025-02-22T20:47:28.671+0000] {processor.py:925} INFO - DAG(s) 'latest_only_with_trigger' retrieved from /home/airflow/.local/lib/python3.12/site-packages/airflow/example_dags/example_latest_only_with_trigger.py
[2025-02-22T20:47:28.696+0000] {logging_mixin.py:190} INFO - [2025-02-22T20:47:28.695+0000] {dag.py:3239} INFO - Sync 1 DAGs
[2025-02-22T20:47:28.722+0000] {logging_mixin.py:190} INFO - [2025-02-22T20:47:28.721+0000] {dag.py:4180} INFO - Setting next_dagrun for latest_only_with_trigger to 2025-02-22 16:00:00+00:00, run_after=2025-02-22 20:00:00+00:00
[2025-02-22T20:47:28.745+0000] {processor.py:208} INFO - Processing /home/airflow/.local/lib/python3.12/site-packages/airflow/example_dags/example_latest_only_with_trigger.py took 0.095 seconds
[2025-02-22T20:47:58.982+0000] {processor.py:186} INFO - Started process (PID=1838) to work on /home/airflow/.local/lib/python3.12/site-packages/airflow/example_dags/example_latest_only_with_trigger.py
[2025-02-22T20:47:58.984+0000] {processor.py:914} INFO - Processing file /home/airflow/.local/lib/python3.12/site-packages/airflow/example_dags/example_latest_only_with_trigger.py for tasks to queue
[2025-02-22T20:47:58.986+0000] {logging_mixin.py:190} INFO - [2025-02-22T20:47:58.986+0000] {dagbag.py:588} INFO - Filling up the DagBag from /home/airflow/.local/lib/python3.12/site-packages/airflow/example_dags/example_latest_only_with_trigger.py
[2025-02-22T20:47:58.995+0000] {processor.py:925} INFO - DAG(s) 'latest_only_with_trigger' retrieved from /home/airflow/.local/lib/python3.12/site-packages/airflow/example_dags/example_latest_only_with_trigger.py
[2025-02-22T20:47:59.017+0000] {logging_mixin.py:190} INFO - [2025-02-22T20:47:59.017+0000] {dag.py:3239} INFO - Sync 1 DAGs
[2025-02-22T20:47:59.043+0000] {logging_mixin.py:190} INFO - [2025-02-22T20:47:59.042+0000] {dag.py:4180} INFO - Setting next_dagrun for latest_only_with_trigger to 2025-02-22 16:00:00+00:00, run_after=2025-02-22 20:00:00+00:00
[2025-02-22T20:47:59.063+0000] {processor.py:208} INFO - Processing /home/airflow/.local/lib/python3.12/site-packages/airflow/example_dags/example_latest_only_with_trigger.py took 0.088 seconds
[2025-02-22T20:48:29.187+0000] {processor.py:186} INFO - Started process (PID=1901) to work on /home/airflow/.local/lib/python3.12/site-packages/airflow/example_dags/example_latest_only_with_trigger.py
[2025-02-22T20:48:29.188+0000] {processor.py:914} INFO - Processing file /home/airflow/.local/lib/python3.12/site-packages/airflow/example_dags/example_latest_only_with_trigger.py for tasks to queue
[2025-02-22T20:48:29.192+0000] {logging_mixin.py:190} INFO - [2025-02-22T20:48:29.191+0000] {dagbag.py:588} INFO - Filling up the DagBag from /home/airflow/.local/lib/python3.12/site-packages/airflow/example_dags/example_latest_only_with_trigger.py
[2025-02-22T20:48:29.202+0000] {processor.py:925} INFO - DAG(s) 'latest_only_with_trigger' retrieved from /home/airflow/.local/lib/python3.12/site-packages/airflow/example_dags/example_latest_only_with_trigger.py
[2025-02-22T20:48:29.226+0000] {logging_mixin.py:190} INFO - [2025-02-22T20:48:29.225+0000] {dag.py:3239} INFO - Sync 1 DAGs
[2025-02-22T20:48:29.254+0000] {logging_mixin.py:190} INFO - [2025-02-22T20:48:29.253+0000] {dag.py:4180} INFO - Setting next_dagrun for latest_only_with_trigger to 2025-02-22 16:00:00+00:00, run_after=2025-02-22 20:00:00+00:00
[2025-02-22T20:48:29.278+0000] {processor.py:208} INFO - Processing /home/airflow/.local/lib/python3.12/site-packages/airflow/example_dags/example_latest_only_with_trigger.py took 0.102 seconds
[2025-02-22T20:48:59.343+0000] {processor.py:186} INFO - Started process (PID=1963) to work on /home/airflow/.local/lib/python3.12/site-packages/airflow/example_dags/example_latest_only_with_trigger.py
[2025-02-22T20:48:59.344+0000] {processor.py:914} INFO - Processing file /home/airflow/.local/lib/python3.12/site-packages/airflow/example_dags/example_latest_only_with_trigger.py for tasks to queue
[2025-02-22T20:48:59.347+0000] {logging_mixin.py:190} INFO - [2025-02-22T20:48:59.347+0000] {dagbag.py:588} INFO - Filling up the DagBag from /home/airflow/.local/lib/python3.12/site-packages/airflow/example_dags/example_latest_only_with_trigger.py
[2025-02-22T20:48:59.356+0000] {processor.py:925} INFO - DAG(s) 'latest_only_with_trigger' retrieved from /home/airflow/.local/lib/python3.12/site-packages/airflow/example_dags/example_latest_only_with_trigger.py
[2025-02-22T20:48:59.379+0000] {logging_mixin.py:190} INFO - [2025-02-22T20:48:59.379+0000] {dag.py:3239} INFO - Sync 1 DAGs
[2025-02-22T20:48:59.405+0000] {logging_mixin.py:190} INFO - [2025-02-22T20:48:59.405+0000] {dag.py:4180} INFO - Setting next_dagrun for latest_only_with_trigger to 2025-02-22 16:00:00+00:00, run_after=2025-02-22 20:00:00+00:00
[2025-02-22T20:48:59.430+0000] {processor.py:208} INFO - Processing /home/airflow/.local/lib/python3.12/site-packages/airflow/example_dags/example_latest_only_with_trigger.py took 0.094 seconds
