[2025-02-22T20:33:47.525+0000] {processor.py:186} INFO - Started process (PID=94) to work on /home/airflow/.local/lib/python3.12/site-packages/airflow/example_dags/example_dataset_alias_with_no_taskflow.py
[2025-02-22T20:33:47.527+0000] {processor.py:914} INFO - Processing file /home/airflow/.local/lib/python3.12/site-packages/airflow/example_dags/example_dataset_alias_with_no_taskflow.py for tasks to queue
[2025-02-22T20:33:47.533+0000] {logging_mixin.py:190} INFO - [2025-02-22T20:33:47.533+0000] {dagbag.py:588} INFO - Filling up the DagBag from /home/airflow/.local/lib/python3.12/site-packages/airflow/example_dags/example_dataset_alias_with_no_taskflow.py
[2025-02-22T20:33:48.745+0000] {processor.py:925} INFO - DAG(s) 'dataset_alias_example_alias_producer_with_no_taskflow', 'dataset_s3_bucket_consumer_with_no_taskflow', 'dataset_s3_bucket_producer_with_no_taskflow', 'dataset_alias_example_alias_consumer_with_no_taskflow' retrieved from /home/airflow/.local/lib/python3.12/site-packages/airflow/example_dags/example_dataset_alias_with_no_taskflow.py
[2025-02-22T20:33:48.950+0000] {logging_mixin.py:190} INFO - [2025-02-22T20:33:48.949+0000] {override.py:1912} INFO - Created Permission View: can edit on DAG:dataset_alias_example_alias_producer_with_no_taskflow
[2025-02-22T20:33:48.968+0000] {logging_mixin.py:190} INFO - [2025-02-22T20:33:48.967+0000] {override.py:1912} INFO - Created Permission View: can read on DAG:dataset_alias_example_alias_producer_with_no_taskflow
[2025-02-22T20:33:48.983+0000] {logging_mixin.py:190} INFO - [2025-02-22T20:33:48.982+0000] {override.py:1912} INFO - Created Permission View: can delete on DAG:dataset_alias_example_alias_producer_with_no_taskflow
[2025-02-22T20:33:48.996+0000] {logging_mixin.py:190} INFO - [2025-02-22T20:33:48.995+0000] {override.py:1912} INFO - Created Permission View: can read on DAG Run:dataset_alias_example_alias_producer_with_no_taskflow
[2025-02-22T20:33:49.008+0000] {logging_mixin.py:190} INFO - [2025-02-22T20:33:49.008+0000] {override.py:1912} INFO - Created Permission View: menu access on DAG Run:dataset_alias_example_alias_producer_with_no_taskflow
[2025-02-22T20:33:49.022+0000] {logging_mixin.py:190} INFO - [2025-02-22T20:33:49.021+0000] {override.py:1912} INFO - Created Permission View: can create on DAG Run:dataset_alias_example_alias_producer_with_no_taskflow
[2025-02-22T20:33:49.036+0000] {logging_mixin.py:190} INFO - [2025-02-22T20:33:49.036+0000] {override.py:1912} INFO - Created Permission View: can delete on DAG Run:dataset_alias_example_alias_producer_with_no_taskflow
[2025-02-22T20:33:49.056+0000] {logging_mixin.py:190} INFO - [2025-02-22T20:33:49.055+0000] {override.py:1912} INFO - Created Permission View: can edit on DAG:dataset_s3_bucket_consumer_with_no_taskflow
[2025-02-22T20:33:49.067+0000] {logging_mixin.py:190} INFO - [2025-02-22T20:33:49.066+0000] {override.py:1912} INFO - Created Permission View: can read on DAG:dataset_s3_bucket_consumer_with_no_taskflow
[2025-02-22T20:33:49.082+0000] {logging_mixin.py:190} INFO - [2025-02-22T20:33:49.081+0000] {override.py:1912} INFO - Created Permission View: can delete on DAG:dataset_s3_bucket_consumer_with_no_taskflow
[2025-02-22T20:33:49.097+0000] {logging_mixin.py:190} INFO - [2025-02-22T20:33:49.097+0000] {override.py:1912} INFO - Created Permission View: can read on DAG Run:dataset_s3_bucket_consumer_with_no_taskflow
[2025-02-22T20:33:49.110+0000] {logging_mixin.py:190} INFO - [2025-02-22T20:33:49.110+0000] {override.py:1912} INFO - Created Permission View: menu access on DAG Run:dataset_s3_bucket_consumer_with_no_taskflow
[2025-02-22T20:33:49.124+0000] {logging_mixin.py:190} INFO - [2025-02-22T20:33:49.123+0000] {override.py:1912} INFO - Created Permission View: can create on DAG Run:dataset_s3_bucket_consumer_with_no_taskflow
[2025-02-22T20:33:49.153+0000] {logging_mixin.py:190} INFO - [2025-02-22T20:33:49.152+0000] {override.py:1912} INFO - Created Permission View: can delete on DAG Run:dataset_s3_bucket_consumer_with_no_taskflow
[2025-02-22T20:33:49.194+0000] {logging_mixin.py:190} INFO - [2025-02-22T20:33:49.193+0000] {override.py:1912} INFO - Created Permission View: can edit on DAG:dataset_s3_bucket_producer_with_no_taskflow
[2025-02-22T20:33:49.228+0000] {logging_mixin.py:190} INFO - [2025-02-22T20:33:49.227+0000] {override.py:1912} INFO - Created Permission View: can read on DAG:dataset_s3_bucket_producer_with_no_taskflow
[2025-02-22T20:33:49.255+0000] {logging_mixin.py:190} INFO - [2025-02-22T20:33:49.254+0000] {override.py:1912} INFO - Created Permission View: can delete on DAG:dataset_s3_bucket_producer_with_no_taskflow
[2025-02-22T20:33:49.287+0000] {logging_mixin.py:190} INFO - [2025-02-22T20:33:49.286+0000] {override.py:1912} INFO - Created Permission View: can read on DAG Run:dataset_s3_bucket_producer_with_no_taskflow
[2025-02-22T20:33:49.315+0000] {logging_mixin.py:190} INFO - [2025-02-22T20:33:49.314+0000] {override.py:1912} INFO - Created Permission View: menu access on DAG Run:dataset_s3_bucket_producer_with_no_taskflow
[2025-02-22T20:33:49.338+0000] {logging_mixin.py:190} INFO - [2025-02-22T20:33:49.338+0000] {override.py:1912} INFO - Created Permission View: can create on DAG Run:dataset_s3_bucket_producer_with_no_taskflow
[2025-02-22T20:33:49.364+0000] {logging_mixin.py:190} INFO - [2025-02-22T20:33:49.361+0000] {override.py:1912} INFO - Created Permission View: can delete on DAG Run:dataset_s3_bucket_producer_with_no_taskflow
[2025-02-22T20:33:49.402+0000] {logging_mixin.py:190} INFO - [2025-02-22T20:33:49.401+0000] {override.py:1912} INFO - Created Permission View: can edit on DAG:dataset_alias_example_alias_consumer_with_no_taskflow
[2025-02-22T20:33:49.420+0000] {logging_mixin.py:190} INFO - [2025-02-22T20:33:49.419+0000] {override.py:1912} INFO - Created Permission View: can read on DAG:dataset_alias_example_alias_consumer_with_no_taskflow
[2025-02-22T20:33:49.439+0000] {logging_mixin.py:190} INFO - [2025-02-22T20:33:49.438+0000] {override.py:1912} INFO - Created Permission View: can delete on DAG:dataset_alias_example_alias_consumer_with_no_taskflow
[2025-02-22T20:33:49.455+0000] {logging_mixin.py:190} INFO - [2025-02-22T20:33:49.455+0000] {override.py:1912} INFO - Created Permission View: can read on DAG Run:dataset_alias_example_alias_consumer_with_no_taskflow
[2025-02-22T20:33:49.476+0000] {logging_mixin.py:190} INFO - [2025-02-22T20:33:49.475+0000] {override.py:1912} INFO - Created Permission View: menu access on DAG Run:dataset_alias_example_alias_consumer_with_no_taskflow
[2025-02-22T20:33:49.494+0000] {logging_mixin.py:190} INFO - [2025-02-22T20:33:49.493+0000] {override.py:1912} INFO - Created Permission View: can create on DAG Run:dataset_alias_example_alias_consumer_with_no_taskflow
[2025-02-22T20:33:49.511+0000] {logging_mixin.py:190} INFO - [2025-02-22T20:33:49.509+0000] {override.py:1912} INFO - Created Permission View: can delete on DAG Run:dataset_alias_example_alias_consumer_with_no_taskflow
[2025-02-22T20:33:49.513+0000] {logging_mixin.py:190} INFO - [2025-02-22T20:33:49.512+0000] {dag.py:3239} INFO - Sync 4 DAGs
[2025-02-22T20:33:49.543+0000] {logging_mixin.py:190} INFO - [2025-02-22T20:33:49.542+0000] {dag.py:3262} INFO - Creating ORM DAG for dataset_alias_example_alias_producer_with_no_taskflow
[2025-02-22T20:33:49.545+0000] {logging_mixin.py:190} INFO - [2025-02-22T20:33:49.545+0000] {dag.py:3262} INFO - Creating ORM DAG for dataset_s3_bucket_consumer_with_no_taskflow
[2025-02-22T20:33:49.548+0000] {logging_mixin.py:190} INFO - [2025-02-22T20:33:49.547+0000] {dag.py:3262} INFO - Creating ORM DAG for dataset_s3_bucket_producer_with_no_taskflow
[2025-02-22T20:33:49.549+0000] {logging_mixin.py:190} INFO - [2025-02-22T20:33:49.549+0000] {dag.py:3262} INFO - Creating ORM DAG for dataset_alias_example_alias_consumer_with_no_taskflow
[2025-02-22T20:33:49.575+0000] {logging_mixin.py:190} INFO - [2025-02-22T20:33:49.575+0000] {dag.py:4180} INFO - Setting next_dagrun for dataset_alias_example_alias_consumer_with_no_taskflow to None, run_after=None
[2025-02-22T20:33:49.577+0000] {logging_mixin.py:190} INFO - [2025-02-22T20:33:49.577+0000] {dag.py:4180} INFO - Setting next_dagrun for dataset_alias_example_alias_producer_with_no_taskflow to None, run_after=None
[2025-02-22T20:33:49.580+0000] {logging_mixin.py:190} INFO - [2025-02-22T20:33:49.579+0000] {dag.py:4180} INFO - Setting next_dagrun for dataset_s3_bucket_consumer_with_no_taskflow to None, run_after=None
[2025-02-22T20:33:49.581+0000] {logging_mixin.py:190} INFO - [2025-02-22T20:33:49.581+0000] {dag.py:4180} INFO - Setting next_dagrun for dataset_s3_bucket_producer_with_no_taskflow to None, run_after=None
[2025-02-22T20:33:49.645+0000] {processor.py:208} INFO - Processing /home/airflow/.local/lib/python3.12/site-packages/airflow/example_dags/example_dataset_alias_with_no_taskflow.py took 2.133 seconds
[2025-02-22T20:34:19.774+0000] {processor.py:186} INFO - Started process (PID=155) to work on /home/airflow/.local/lib/python3.12/site-packages/airflow/example_dags/example_dataset_alias_with_no_taskflow.py
[2025-02-22T20:34:19.775+0000] {processor.py:914} INFO - Processing file /home/airflow/.local/lib/python3.12/site-packages/airflow/example_dags/example_dataset_alias_with_no_taskflow.py for tasks to queue
[2025-02-22T20:34:19.778+0000] {logging_mixin.py:190} INFO - [2025-02-22T20:34:19.778+0000] {dagbag.py:588} INFO - Filling up the DagBag from /home/airflow/.local/lib/python3.12/site-packages/airflow/example_dags/example_dataset_alias_with_no_taskflow.py
[2025-02-22T20:34:20.397+0000] {processor.py:925} INFO - DAG(s) 'dataset_alias_example_alias_consumer_with_no_taskflow', 'dataset_s3_bucket_producer_with_no_taskflow', 'dataset_s3_bucket_consumer_with_no_taskflow', 'dataset_alias_example_alias_producer_with_no_taskflow' retrieved from /home/airflow/.local/lib/python3.12/site-packages/airflow/example_dags/example_dataset_alias_with_no_taskflow.py
[2025-02-22T20:34:20.438+0000] {logging_mixin.py:190} INFO - [2025-02-22T20:34:20.438+0000] {dag.py:3239} INFO - Sync 4 DAGs
[2025-02-22T20:34:20.466+0000] {logging_mixin.py:190} INFO - [2025-02-22T20:34:20.465+0000] {dag.py:4180} INFO - Setting next_dagrun for dataset_alias_example_alias_consumer_with_no_taskflow to None, run_after=None
[2025-02-22T20:34:20.469+0000] {logging_mixin.py:190} INFO - [2025-02-22T20:34:20.469+0000] {dag.py:4180} INFO - Setting next_dagrun for dataset_alias_example_alias_producer_with_no_taskflow to None, run_after=None
[2025-02-22T20:34:20.472+0000] {logging_mixin.py:190} INFO - [2025-02-22T20:34:20.471+0000] {dag.py:4180} INFO - Setting next_dagrun for dataset_s3_bucket_consumer_with_no_taskflow to None, run_after=None
[2025-02-22T20:34:20.474+0000] {logging_mixin.py:190} INFO - [2025-02-22T20:34:20.473+0000] {dag.py:4180} INFO - Setting next_dagrun for dataset_s3_bucket_producer_with_no_taskflow to None, run_after=None
[2025-02-22T20:34:20.499+0000] {processor.py:208} INFO - Processing /home/airflow/.local/lib/python3.12/site-packages/airflow/example_dags/example_dataset_alias_with_no_taskflow.py took 0.731 seconds
[2025-02-22T20:34:50.639+0000] {processor.py:186} INFO - Started process (PID=218) to work on /home/airflow/.local/lib/python3.12/site-packages/airflow/example_dags/example_dataset_alias_with_no_taskflow.py
[2025-02-22T20:34:50.641+0000] {processor.py:914} INFO - Processing file /home/airflow/.local/lib/python3.12/site-packages/airflow/example_dags/example_dataset_alias_with_no_taskflow.py for tasks to queue
[2025-02-22T20:34:50.646+0000] {logging_mixin.py:190} INFO - [2025-02-22T20:34:50.645+0000] {dagbag.py:588} INFO - Filling up the DagBag from /home/airflow/.local/lib/python3.12/site-packages/airflow/example_dags/example_dataset_alias_with_no_taskflow.py
[2025-02-22T20:34:51.299+0000] {processor.py:925} INFO - DAG(s) 'dataset_s3_bucket_consumer_with_no_taskflow', 'dataset_alias_example_alias_consumer_with_no_taskflow', 'dataset_s3_bucket_producer_with_no_taskflow', 'dataset_alias_example_alias_producer_with_no_taskflow' retrieved from /home/airflow/.local/lib/python3.12/site-packages/airflow/example_dags/example_dataset_alias_with_no_taskflow.py
[2025-02-22T20:34:51.323+0000] {logging_mixin.py:190} INFO - [2025-02-22T20:34:51.323+0000] {dag.py:3239} INFO - Sync 4 DAGs
[2025-02-22T20:34:51.348+0000] {logging_mixin.py:190} INFO - [2025-02-22T20:34:51.348+0000] {dag.py:4180} INFO - Setting next_dagrun for dataset_alias_example_alias_consumer_with_no_taskflow to None, run_after=None
[2025-02-22T20:34:51.351+0000] {logging_mixin.py:190} INFO - [2025-02-22T20:34:51.351+0000] {dag.py:4180} INFO - Setting next_dagrun for dataset_alias_example_alias_producer_with_no_taskflow to None, run_after=None
[2025-02-22T20:34:51.355+0000] {logging_mixin.py:190} INFO - [2025-02-22T20:34:51.354+0000] {dag.py:4180} INFO - Setting next_dagrun for dataset_s3_bucket_consumer_with_no_taskflow to None, run_after=None
[2025-02-22T20:34:51.357+0000] {logging_mixin.py:190} INFO - [2025-02-22T20:34:51.356+0000] {dag.py:4180} INFO - Setting next_dagrun for dataset_s3_bucket_producer_with_no_taskflow to None, run_after=None
[2025-02-22T20:34:51.382+0000] {processor.py:208} INFO - Processing /home/airflow/.local/lib/python3.12/site-packages/airflow/example_dags/example_dataset_alias_with_no_taskflow.py took 0.750 seconds
[2025-02-22T20:35:21.446+0000] {processor.py:186} INFO - Started process (PID=281) to work on /home/airflow/.local/lib/python3.12/site-packages/airflow/example_dags/example_dataset_alias_with_no_taskflow.py
[2025-02-22T20:35:21.447+0000] {processor.py:914} INFO - Processing file /home/airflow/.local/lib/python3.12/site-packages/airflow/example_dags/example_dataset_alias_with_no_taskflow.py for tasks to queue
[2025-02-22T20:35:21.450+0000] {logging_mixin.py:190} INFO - [2025-02-22T20:35:21.450+0000] {dagbag.py:588} INFO - Filling up the DagBag from /home/airflow/.local/lib/python3.12/site-packages/airflow/example_dags/example_dataset_alias_with_no_taskflow.py
[2025-02-22T20:35:22.193+0000] {processor.py:925} INFO - DAG(s) 'dataset_alias_example_alias_producer_with_no_taskflow', 'dataset_s3_bucket_producer_with_no_taskflow', 'dataset_alias_example_alias_consumer_with_no_taskflow', 'dataset_s3_bucket_consumer_with_no_taskflow' retrieved from /home/airflow/.local/lib/python3.12/site-packages/airflow/example_dags/example_dataset_alias_with_no_taskflow.py
[2025-02-22T20:35:22.222+0000] {logging_mixin.py:190} INFO - [2025-02-22T20:35:22.221+0000] {dag.py:3239} INFO - Sync 4 DAGs
[2025-02-22T20:35:22.258+0000] {logging_mixin.py:190} INFO - [2025-02-22T20:35:22.258+0000] {dag.py:4180} INFO - Setting next_dagrun for dataset_alias_example_alias_consumer_with_no_taskflow to None, run_after=None
[2025-02-22T20:35:22.262+0000] {logging_mixin.py:190} INFO - [2025-02-22T20:35:22.261+0000] {dag.py:4180} INFO - Setting next_dagrun for dataset_alias_example_alias_producer_with_no_taskflow to None, run_after=None
[2025-02-22T20:35:22.264+0000] {logging_mixin.py:190} INFO - [2025-02-22T20:35:22.263+0000] {dag.py:4180} INFO - Setting next_dagrun for dataset_s3_bucket_consumer_with_no_taskflow to None, run_after=None
[2025-02-22T20:35:22.266+0000] {logging_mixin.py:190} INFO - [2025-02-22T20:35:22.265+0000] {dag.py:4180} INFO - Setting next_dagrun for dataset_s3_bucket_producer_with_no_taskflow to None, run_after=None
[2025-02-22T20:35:22.294+0000] {processor.py:208} INFO - Processing /home/airflow/.local/lib/python3.12/site-packages/airflow/example_dags/example_dataset_alias_with_no_taskflow.py took 0.854 seconds
[2025-02-22T20:35:52.645+0000] {processor.py:186} INFO - Started process (PID=345) to work on /home/airflow/.local/lib/python3.12/site-packages/airflow/example_dags/example_dataset_alias_with_no_taskflow.py
[2025-02-22T20:35:52.647+0000] {processor.py:914} INFO - Processing file /home/airflow/.local/lib/python3.12/site-packages/airflow/example_dags/example_dataset_alias_with_no_taskflow.py for tasks to queue
[2025-02-22T20:35:52.651+0000] {logging_mixin.py:190} INFO - [2025-02-22T20:35:52.650+0000] {dagbag.py:588} INFO - Filling up the DagBag from /home/airflow/.local/lib/python3.12/site-packages/airflow/example_dags/example_dataset_alias_with_no_taskflow.py
[2025-02-22T20:35:53.545+0000] {processor.py:925} INFO - DAG(s) 'dataset_alias_example_alias_producer_with_no_taskflow', 'dataset_alias_example_alias_consumer_with_no_taskflow', 'dataset_s3_bucket_producer_with_no_taskflow', 'dataset_s3_bucket_consumer_with_no_taskflow' retrieved from /home/airflow/.local/lib/python3.12/site-packages/airflow/example_dags/example_dataset_alias_with_no_taskflow.py
[2025-02-22T20:35:53.589+0000] {logging_mixin.py:190} INFO - [2025-02-22T20:35:53.589+0000] {dag.py:3239} INFO - Sync 4 DAGs
[2025-02-22T20:35:53.628+0000] {logging_mixin.py:190} INFO - [2025-02-22T20:35:53.628+0000] {dag.py:4180} INFO - Setting next_dagrun for dataset_alias_example_alias_consumer_with_no_taskflow to None, run_after=None
[2025-02-22T20:35:53.635+0000] {logging_mixin.py:190} INFO - [2025-02-22T20:35:53.634+0000] {dag.py:4180} INFO - Setting next_dagrun for dataset_alias_example_alias_producer_with_no_taskflow to None, run_after=None
[2025-02-22T20:35:53.637+0000] {logging_mixin.py:190} INFO - [2025-02-22T20:35:53.637+0000] {dag.py:4180} INFO - Setting next_dagrun for dataset_s3_bucket_consumer_with_no_taskflow to None, run_after=None
[2025-02-22T20:35:53.640+0000] {logging_mixin.py:190} INFO - [2025-02-22T20:35:53.639+0000] {dag.py:4180} INFO - Setting next_dagrun for dataset_s3_bucket_producer_with_no_taskflow to None, run_after=None
[2025-02-22T20:35:53.677+0000] {processor.py:208} INFO - Processing /home/airflow/.local/lib/python3.12/site-packages/airflow/example_dags/example_dataset_alias_with_no_taskflow.py took 1.044 seconds
[2025-02-22T20:36:24.167+0000] {processor.py:186} INFO - Started process (PID=411) to work on /home/airflow/.local/lib/python3.12/site-packages/airflow/example_dags/example_dataset_alias_with_no_taskflow.py
[2025-02-22T20:36:24.168+0000] {processor.py:914} INFO - Processing file /home/airflow/.local/lib/python3.12/site-packages/airflow/example_dags/example_dataset_alias_with_no_taskflow.py for tasks to queue
[2025-02-22T20:36:24.173+0000] {logging_mixin.py:190} INFO - [2025-02-22T20:36:24.172+0000] {dagbag.py:588} INFO - Filling up the DagBag from /home/airflow/.local/lib/python3.12/site-packages/airflow/example_dags/example_dataset_alias_with_no_taskflow.py
[2025-02-22T20:36:24.898+0000] {processor.py:925} INFO - DAG(s) 'dataset_s3_bucket_producer_with_no_taskflow', 'dataset_s3_bucket_consumer_with_no_taskflow', 'dataset_alias_example_alias_producer_with_no_taskflow', 'dataset_alias_example_alias_consumer_with_no_taskflow' retrieved from /home/airflow/.local/lib/python3.12/site-packages/airflow/example_dags/example_dataset_alias_with_no_taskflow.py
[2025-02-22T20:36:24.924+0000] {logging_mixin.py:190} INFO - [2025-02-22T20:36:24.923+0000] {dag.py:3239} INFO - Sync 4 DAGs
[2025-02-22T20:36:24.949+0000] {logging_mixin.py:190} INFO - [2025-02-22T20:36:24.949+0000] {dag.py:4180} INFO - Setting next_dagrun for dataset_alias_example_alias_consumer_with_no_taskflow to None, run_after=None
[2025-02-22T20:36:24.952+0000] {logging_mixin.py:190} INFO - [2025-02-22T20:36:24.952+0000] {dag.py:4180} INFO - Setting next_dagrun for dataset_alias_example_alias_producer_with_no_taskflow to None, run_after=None
[2025-02-22T20:36:24.954+0000] {logging_mixin.py:190} INFO - [2025-02-22T20:36:24.954+0000] {dag.py:4180} INFO - Setting next_dagrun for dataset_s3_bucket_consumer_with_no_taskflow to None, run_after=None
[2025-02-22T20:36:24.956+0000] {logging_mixin.py:190} INFO - [2025-02-22T20:36:24.955+0000] {dag.py:4180} INFO - Setting next_dagrun for dataset_s3_bucket_producer_with_no_taskflow to None, run_after=None
[2025-02-22T20:36:24.981+0000] {processor.py:208} INFO - Processing /home/airflow/.local/lib/python3.12/site-packages/airflow/example_dags/example_dataset_alias_with_no_taskflow.py took 0.821 seconds
[2025-02-22T20:36:55.813+0000] {processor.py:186} INFO - Started process (PID=477) to work on /home/airflow/.local/lib/python3.12/site-packages/airflow/example_dags/example_dataset_alias_with_no_taskflow.py
[2025-02-22T20:36:55.814+0000] {processor.py:914} INFO - Processing file /home/airflow/.local/lib/python3.12/site-packages/airflow/example_dags/example_dataset_alias_with_no_taskflow.py for tasks to queue
[2025-02-22T20:36:55.817+0000] {logging_mixin.py:190} INFO - [2025-02-22T20:36:55.817+0000] {dagbag.py:588} INFO - Filling up the DagBag from /home/airflow/.local/lib/python3.12/site-packages/airflow/example_dags/example_dataset_alias_with_no_taskflow.py
[2025-02-22T20:36:56.522+0000] {processor.py:925} INFO - DAG(s) 'dataset_s3_bucket_consumer_with_no_taskflow', 'dataset_alias_example_alias_producer_with_no_taskflow', 'dataset_alias_example_alias_consumer_with_no_taskflow', 'dataset_s3_bucket_producer_with_no_taskflow' retrieved from /home/airflow/.local/lib/python3.12/site-packages/airflow/example_dags/example_dataset_alias_with_no_taskflow.py
[2025-02-22T20:36:56.547+0000] {logging_mixin.py:190} INFO - [2025-02-22T20:36:56.547+0000] {dag.py:3239} INFO - Sync 4 DAGs
[2025-02-22T20:36:56.572+0000] {logging_mixin.py:190} INFO - [2025-02-22T20:36:56.572+0000] {dag.py:4180} INFO - Setting next_dagrun for dataset_alias_example_alias_consumer_with_no_taskflow to None, run_after=None
[2025-02-22T20:36:56.575+0000] {logging_mixin.py:190} INFO - [2025-02-22T20:36:56.575+0000] {dag.py:4180} INFO - Setting next_dagrun for dataset_alias_example_alias_producer_with_no_taskflow to None, run_after=None
[2025-02-22T20:36:56.578+0000] {logging_mixin.py:190} INFO - [2025-02-22T20:36:56.578+0000] {dag.py:4180} INFO - Setting next_dagrun for dataset_s3_bucket_consumer_with_no_taskflow to None, run_after=None
[2025-02-22T20:36:56.580+0000] {logging_mixin.py:190} INFO - [2025-02-22T20:36:56.580+0000] {dag.py:4180} INFO - Setting next_dagrun for dataset_s3_bucket_producer_with_no_taskflow to None, run_after=None
[2025-02-22T20:36:56.602+0000] {processor.py:208} INFO - Processing /home/airflow/.local/lib/python3.12/site-packages/airflow/example_dags/example_dataset_alias_with_no_taskflow.py took 0.796 seconds
[2025-02-22T20:37:27.424+0000] {processor.py:186} INFO - Started process (PID=549) to work on /home/airflow/.local/lib/python3.12/site-packages/airflow/example_dags/example_dataset_alias_with_no_taskflow.py
[2025-02-22T20:37:27.425+0000] {processor.py:914} INFO - Processing file /home/airflow/.local/lib/python3.12/site-packages/airflow/example_dags/example_dataset_alias_with_no_taskflow.py for tasks to queue
[2025-02-22T20:37:27.428+0000] {logging_mixin.py:190} INFO - [2025-02-22T20:37:27.428+0000] {dagbag.py:588} INFO - Filling up the DagBag from /home/airflow/.local/lib/python3.12/site-packages/airflow/example_dags/example_dataset_alias_with_no_taskflow.py
[2025-02-22T20:37:28.084+0000] {processor.py:925} INFO - DAG(s) 'dataset_alias_example_alias_producer_with_no_taskflow', 'dataset_alias_example_alias_consumer_with_no_taskflow', 'dataset_s3_bucket_consumer_with_no_taskflow', 'dataset_s3_bucket_producer_with_no_taskflow' retrieved from /home/airflow/.local/lib/python3.12/site-packages/airflow/example_dags/example_dataset_alias_with_no_taskflow.py
[2025-02-22T20:37:28.110+0000] {logging_mixin.py:190} INFO - [2025-02-22T20:37:28.110+0000] {dag.py:3239} INFO - Sync 4 DAGs
[2025-02-22T20:37:28.136+0000] {logging_mixin.py:190} INFO - [2025-02-22T20:37:28.136+0000] {dag.py:4180} INFO - Setting next_dagrun for dataset_alias_example_alias_consumer_with_no_taskflow to None, run_after=None
[2025-02-22T20:37:28.150+0000] {logging_mixin.py:190} INFO - [2025-02-22T20:37:28.150+0000] {dag.py:4180} INFO - Setting next_dagrun for dataset_alias_example_alias_producer_with_no_taskflow to None, run_after=None
[2025-02-22T20:37:28.174+0000] {logging_mixin.py:190} INFO - [2025-02-22T20:37:28.174+0000] {dag.py:4180} INFO - Setting next_dagrun for dataset_s3_bucket_consumer_with_no_taskflow to None, run_after=None
[2025-02-22T20:37:28.176+0000] {logging_mixin.py:190} INFO - [2025-02-22T20:37:28.176+0000] {dag.py:4180} INFO - Setting next_dagrun for dataset_s3_bucket_producer_with_no_taskflow to None, run_after=None
[2025-02-22T20:37:28.206+0000] {processor.py:208} INFO - Processing /home/airflow/.local/lib/python3.12/site-packages/airflow/example_dags/example_dataset_alias_with_no_taskflow.py took 0.789 seconds
[2025-02-22T20:37:58.283+0000] {processor.py:186} INFO - Started process (PID=617) to work on /home/airflow/.local/lib/python3.12/site-packages/airflow/example_dags/example_dataset_alias_with_no_taskflow.py
[2025-02-22T20:37:58.284+0000] {processor.py:914} INFO - Processing file /home/airflow/.local/lib/python3.12/site-packages/airflow/example_dags/example_dataset_alias_with_no_taskflow.py for tasks to queue
[2025-02-22T20:37:58.287+0000] {logging_mixin.py:190} INFO - [2025-02-22T20:37:58.287+0000] {dagbag.py:588} INFO - Filling up the DagBag from /home/airflow/.local/lib/python3.12/site-packages/airflow/example_dags/example_dataset_alias_with_no_taskflow.py
[2025-02-22T20:37:58.913+0000] {processor.py:925} INFO - DAG(s) 'dataset_s3_bucket_consumer_with_no_taskflow', 'dataset_s3_bucket_producer_with_no_taskflow', 'dataset_alias_example_alias_consumer_with_no_taskflow', 'dataset_alias_example_alias_producer_with_no_taskflow' retrieved from /home/airflow/.local/lib/python3.12/site-packages/airflow/example_dags/example_dataset_alias_with_no_taskflow.py
[2025-02-22T20:37:58.938+0000] {logging_mixin.py:190} INFO - [2025-02-22T20:37:58.938+0000] {dag.py:3239} INFO - Sync 4 DAGs
[2025-02-22T20:37:58.963+0000] {logging_mixin.py:190} INFO - [2025-02-22T20:37:58.963+0000] {dag.py:4180} INFO - Setting next_dagrun for dataset_alias_example_alias_consumer_with_no_taskflow to None, run_after=None
[2025-02-22T20:37:58.967+0000] {logging_mixin.py:190} INFO - [2025-02-22T20:37:58.966+0000] {dag.py:4180} INFO - Setting next_dagrun for dataset_alias_example_alias_producer_with_no_taskflow to None, run_after=None
[2025-02-22T20:37:58.969+0000] {logging_mixin.py:190} INFO - [2025-02-22T20:37:58.969+0000] {dag.py:4180} INFO - Setting next_dagrun for dataset_s3_bucket_consumer_with_no_taskflow to None, run_after=None
[2025-02-22T20:37:58.971+0000] {logging_mixin.py:190} INFO - [2025-02-22T20:37:58.970+0000] {dag.py:4180} INFO - Setting next_dagrun for dataset_s3_bucket_producer_with_no_taskflow to None, run_after=None
[2025-02-22T20:37:58.997+0000] {processor.py:208} INFO - Processing /home/airflow/.local/lib/python3.12/site-packages/airflow/example_dags/example_dataset_alias_with_no_taskflow.py took 0.721 seconds
[2025-02-22T20:38:29.566+0000] {processor.py:186} INFO - Started process (PID=680) to work on /home/airflow/.local/lib/python3.12/site-packages/airflow/example_dags/example_dataset_alias_with_no_taskflow.py
[2025-02-22T20:38:29.567+0000] {processor.py:914} INFO - Processing file /home/airflow/.local/lib/python3.12/site-packages/airflow/example_dags/example_dataset_alias_with_no_taskflow.py for tasks to queue
[2025-02-22T20:38:29.571+0000] {logging_mixin.py:190} INFO - [2025-02-22T20:38:29.570+0000] {dagbag.py:588} INFO - Filling up the DagBag from /home/airflow/.local/lib/python3.12/site-packages/airflow/example_dags/example_dataset_alias_with_no_taskflow.py
[2025-02-22T20:38:30.254+0000] {processor.py:925} INFO - DAG(s) 'dataset_alias_example_alias_producer_with_no_taskflow', 'dataset_s3_bucket_producer_with_no_taskflow', 'dataset_alias_example_alias_consumer_with_no_taskflow', 'dataset_s3_bucket_consumer_with_no_taskflow' retrieved from /home/airflow/.local/lib/python3.12/site-packages/airflow/example_dags/example_dataset_alias_with_no_taskflow.py
[2025-02-22T20:38:30.281+0000] {logging_mixin.py:190} INFO - [2025-02-22T20:38:30.280+0000] {dag.py:3239} INFO - Sync 4 DAGs
[2025-02-22T20:38:30.305+0000] {logging_mixin.py:190} INFO - [2025-02-22T20:38:30.305+0000] {dag.py:4180} INFO - Setting next_dagrun for dataset_alias_example_alias_consumer_with_no_taskflow to None, run_after=None
[2025-02-22T20:38:30.309+0000] {logging_mixin.py:190} INFO - [2025-02-22T20:38:30.309+0000] {dag.py:4180} INFO - Setting next_dagrun for dataset_alias_example_alias_producer_with_no_taskflow to None, run_after=None
[2025-02-22T20:38:30.311+0000] {logging_mixin.py:190} INFO - [2025-02-22T20:38:30.311+0000] {dag.py:4180} INFO - Setting next_dagrun for dataset_s3_bucket_consumer_with_no_taskflow to None, run_after=None
[2025-02-22T20:38:30.313+0000] {logging_mixin.py:190} INFO - [2025-02-22T20:38:30.313+0000] {dag.py:4180} INFO - Setting next_dagrun for dataset_s3_bucket_producer_with_no_taskflow to None, run_after=None
[2025-02-22T20:38:30.340+0000] {processor.py:208} INFO - Processing /home/airflow/.local/lib/python3.12/site-packages/airflow/example_dags/example_dataset_alias_with_no_taskflow.py took 0.784 seconds
[2025-02-22T20:39:00.948+0000] {processor.py:186} INFO - Started process (PID=743) to work on /home/airflow/.local/lib/python3.12/site-packages/airflow/example_dags/example_dataset_alias_with_no_taskflow.py
[2025-02-22T20:39:00.950+0000] {processor.py:914} INFO - Processing file /home/airflow/.local/lib/python3.12/site-packages/airflow/example_dags/example_dataset_alias_with_no_taskflow.py for tasks to queue
[2025-02-22T20:39:00.955+0000] {logging_mixin.py:190} INFO - [2025-02-22T20:39:00.954+0000] {dagbag.py:588} INFO - Filling up the DagBag from /home/airflow/.local/lib/python3.12/site-packages/airflow/example_dags/example_dataset_alias_with_no_taskflow.py
[2025-02-22T20:39:01.933+0000] {processor.py:925} INFO - DAG(s) 'dataset_alias_example_alias_producer_with_no_taskflow', 'dataset_alias_example_alias_consumer_with_no_taskflow', 'dataset_s3_bucket_producer_with_no_taskflow', 'dataset_s3_bucket_consumer_with_no_taskflow' retrieved from /home/airflow/.local/lib/python3.12/site-packages/airflow/example_dags/example_dataset_alias_with_no_taskflow.py
[2025-02-22T20:39:01.982+0000] {logging_mixin.py:190} INFO - [2025-02-22T20:39:01.980+0000] {dag.py:3239} INFO - Sync 4 DAGs
[2025-02-22T20:39:02.031+0000] {logging_mixin.py:190} INFO - [2025-02-22T20:39:02.030+0000] {dag.py:4180} INFO - Setting next_dagrun for dataset_alias_example_alias_consumer_with_no_taskflow to None, run_after=None
[2025-02-22T20:39:02.036+0000] {logging_mixin.py:190} INFO - [2025-02-22T20:39:02.036+0000] {dag.py:4180} INFO - Setting next_dagrun for dataset_alias_example_alias_producer_with_no_taskflow to None, run_after=None
[2025-02-22T20:39:02.039+0000] {logging_mixin.py:190} INFO - [2025-02-22T20:39:02.039+0000] {dag.py:4180} INFO - Setting next_dagrun for dataset_s3_bucket_consumer_with_no_taskflow to None, run_after=None
[2025-02-22T20:39:02.042+0000] {logging_mixin.py:190} INFO - [2025-02-22T20:39:02.041+0000] {dag.py:4180} INFO - Setting next_dagrun for dataset_s3_bucket_producer_with_no_taskflow to None, run_after=None
[2025-02-22T20:39:02.075+0000] {processor.py:208} INFO - Processing /home/airflow/.local/lib/python3.12/site-packages/airflow/example_dags/example_dataset_alias_with_no_taskflow.py took 1.135 seconds
[2025-02-22T20:39:32.535+0000] {processor.py:186} INFO - Started process (PID=808) to work on /home/airflow/.local/lib/python3.12/site-packages/airflow/example_dags/example_dataset_alias_with_no_taskflow.py
[2025-02-22T20:39:32.536+0000] {processor.py:914} INFO - Processing file /home/airflow/.local/lib/python3.12/site-packages/airflow/example_dags/example_dataset_alias_with_no_taskflow.py for tasks to queue
[2025-02-22T20:39:32.539+0000] {logging_mixin.py:190} INFO - [2025-02-22T20:39:32.539+0000] {dagbag.py:588} INFO - Filling up the DagBag from /home/airflow/.local/lib/python3.12/site-packages/airflow/example_dags/example_dataset_alias_with_no_taskflow.py
[2025-02-22T20:39:33.225+0000] {processor.py:925} INFO - DAG(s) 'dataset_s3_bucket_consumer_with_no_taskflow', 'dataset_alias_example_alias_consumer_with_no_taskflow', 'dataset_s3_bucket_producer_with_no_taskflow', 'dataset_alias_example_alias_producer_with_no_taskflow' retrieved from /home/airflow/.local/lib/python3.12/site-packages/airflow/example_dags/example_dataset_alias_with_no_taskflow.py
[2025-02-22T20:39:33.253+0000] {logging_mixin.py:190} INFO - [2025-02-22T20:39:33.253+0000] {dag.py:3239} INFO - Sync 4 DAGs
[2025-02-22T20:39:33.277+0000] {logging_mixin.py:190} INFO - [2025-02-22T20:39:33.277+0000] {dag.py:4180} INFO - Setting next_dagrun for dataset_alias_example_alias_consumer_with_no_taskflow to None, run_after=None
[2025-02-22T20:39:33.282+0000] {logging_mixin.py:190} INFO - [2025-02-22T20:39:33.281+0000] {dag.py:4180} INFO - Setting next_dagrun for dataset_alias_example_alias_producer_with_no_taskflow to None, run_after=None
[2025-02-22T20:39:33.284+0000] {logging_mixin.py:190} INFO - [2025-02-22T20:39:33.284+0000] {dag.py:4180} INFO - Setting next_dagrun for dataset_s3_bucket_consumer_with_no_taskflow to None, run_after=None
[2025-02-22T20:39:33.286+0000] {logging_mixin.py:190} INFO - [2025-02-22T20:39:33.286+0000] {dag.py:4180} INFO - Setting next_dagrun for dataset_s3_bucket_producer_with_no_taskflow to None, run_after=None
[2025-02-22T20:39:33.312+0000] {processor.py:208} INFO - Processing /home/airflow/.local/lib/python3.12/site-packages/airflow/example_dags/example_dataset_alias_with_no_taskflow.py took 0.784 seconds
[2025-02-22T20:40:04.119+0000] {processor.py:186} INFO - Started process (PID=872) to work on /home/airflow/.local/lib/python3.12/site-packages/airflow/example_dags/example_dataset_alias_with_no_taskflow.py
[2025-02-22T20:40:04.120+0000] {processor.py:914} INFO - Processing file /home/airflow/.local/lib/python3.12/site-packages/airflow/example_dags/example_dataset_alias_with_no_taskflow.py for tasks to queue
[2025-02-22T20:40:04.123+0000] {logging_mixin.py:190} INFO - [2025-02-22T20:40:04.123+0000] {dagbag.py:588} INFO - Filling up the DagBag from /home/airflow/.local/lib/python3.12/site-packages/airflow/example_dags/example_dataset_alias_with_no_taskflow.py
[2025-02-22T20:40:04.986+0000] {processor.py:925} INFO - DAG(s) 'dataset_s3_bucket_consumer_with_no_taskflow', 'dataset_alias_example_alias_consumer_with_no_taskflow', 'dataset_alias_example_alias_producer_with_no_taskflow', 'dataset_s3_bucket_producer_with_no_taskflow' retrieved from /home/airflow/.local/lib/python3.12/site-packages/airflow/example_dags/example_dataset_alias_with_no_taskflow.py
[2025-02-22T20:40:05.010+0000] {logging_mixin.py:190} INFO - [2025-02-22T20:40:05.009+0000] {dag.py:3239} INFO - Sync 4 DAGs
[2025-02-22T20:40:05.044+0000] {logging_mixin.py:190} INFO - [2025-02-22T20:40:05.044+0000] {dag.py:4180} INFO - Setting next_dagrun for dataset_alias_example_alias_consumer_with_no_taskflow to None, run_after=None
[2025-02-22T20:40:05.049+0000] {logging_mixin.py:190} INFO - [2025-02-22T20:40:05.049+0000] {dag.py:4180} INFO - Setting next_dagrun for dataset_alias_example_alias_producer_with_no_taskflow to None, run_after=None
[2025-02-22T20:40:05.052+0000] {logging_mixin.py:190} INFO - [2025-02-22T20:40:05.052+0000] {dag.py:4180} INFO - Setting next_dagrun for dataset_s3_bucket_consumer_with_no_taskflow to None, run_after=None
[2025-02-22T20:40:05.055+0000] {logging_mixin.py:190} INFO - [2025-02-22T20:40:05.055+0000] {dag.py:4180} INFO - Setting next_dagrun for dataset_s3_bucket_producer_with_no_taskflow to None, run_after=None
[2025-02-22T20:40:05.090+0000] {processor.py:208} INFO - Processing /home/airflow/.local/lib/python3.12/site-packages/airflow/example_dags/example_dataset_alias_with_no_taskflow.py took 0.984 seconds
[2025-02-22T20:40:35.186+0000] {processor.py:186} INFO - Started process (PID=931) to work on /home/airflow/.local/lib/python3.12/site-packages/airflow/example_dags/example_dataset_alias_with_no_taskflow.py
[2025-02-22T20:40:35.187+0000] {processor.py:914} INFO - Processing file /home/airflow/.local/lib/python3.12/site-packages/airflow/example_dags/example_dataset_alias_with_no_taskflow.py for tasks to queue
[2025-02-22T20:40:35.191+0000] {logging_mixin.py:190} INFO - [2025-02-22T20:40:35.191+0000] {dagbag.py:588} INFO - Filling up the DagBag from /home/airflow/.local/lib/python3.12/site-packages/airflow/example_dags/example_dataset_alias_with_no_taskflow.py
[2025-02-22T20:40:35.909+0000] {processor.py:925} INFO - DAG(s) 'dataset_s3_bucket_producer_with_no_taskflow', 'dataset_s3_bucket_consumer_with_no_taskflow', 'dataset_alias_example_alias_consumer_with_no_taskflow', 'dataset_alias_example_alias_producer_with_no_taskflow' retrieved from /home/airflow/.local/lib/python3.12/site-packages/airflow/example_dags/example_dataset_alias_with_no_taskflow.py
[2025-02-22T20:40:35.937+0000] {logging_mixin.py:190} INFO - [2025-02-22T20:40:35.936+0000] {dag.py:3239} INFO - Sync 4 DAGs
[2025-02-22T20:40:35.966+0000] {logging_mixin.py:190} INFO - [2025-02-22T20:40:35.965+0000] {dag.py:4180} INFO - Setting next_dagrun for dataset_alias_example_alias_consumer_with_no_taskflow to None, run_after=None
[2025-02-22T20:40:35.969+0000] {logging_mixin.py:190} INFO - [2025-02-22T20:40:35.969+0000] {dag.py:4180} INFO - Setting next_dagrun for dataset_alias_example_alias_producer_with_no_taskflow to None, run_after=None
[2025-02-22T20:40:35.971+0000] {logging_mixin.py:190} INFO - [2025-02-22T20:40:35.971+0000] {dag.py:4180} INFO - Setting next_dagrun for dataset_s3_bucket_consumer_with_no_taskflow to None, run_after=None
[2025-02-22T20:40:35.973+0000] {logging_mixin.py:190} INFO - [2025-02-22T20:40:35.973+0000] {dag.py:4180} INFO - Setting next_dagrun for dataset_s3_bucket_producer_with_no_taskflow to None, run_after=None
[2025-02-22T20:40:36.000+0000] {processor.py:208} INFO - Processing /home/airflow/.local/lib/python3.12/site-packages/airflow/example_dags/example_dataset_alias_with_no_taskflow.py took 0.822 seconds
[2025-02-22T20:41:06.743+0000] {processor.py:186} INFO - Started process (PID=994) to work on /home/airflow/.local/lib/python3.12/site-packages/airflow/example_dags/example_dataset_alias_with_no_taskflow.py
[2025-02-22T20:41:06.746+0000] {processor.py:914} INFO - Processing file /home/airflow/.local/lib/python3.12/site-packages/airflow/example_dags/example_dataset_alias_with_no_taskflow.py for tasks to queue
[2025-02-22T20:41:06.752+0000] {logging_mixin.py:190} INFO - [2025-02-22T20:41:06.752+0000] {dagbag.py:588} INFO - Filling up the DagBag from /home/airflow/.local/lib/python3.12/site-packages/airflow/example_dags/example_dataset_alias_with_no_taskflow.py
[2025-02-22T20:41:07.844+0000] {processor.py:925} INFO - DAG(s) 'dataset_s3_bucket_producer_with_no_taskflow', 'dataset_alias_example_alias_producer_with_no_taskflow', 'dataset_alias_example_alias_consumer_with_no_taskflow', 'dataset_s3_bucket_consumer_with_no_taskflow' retrieved from /home/airflow/.local/lib/python3.12/site-packages/airflow/example_dags/example_dataset_alias_with_no_taskflow.py
[2025-02-22T20:41:07.889+0000] {logging_mixin.py:190} INFO - [2025-02-22T20:41:07.888+0000] {dag.py:3239} INFO - Sync 4 DAGs
[2025-02-22T20:41:07.935+0000] {logging_mixin.py:190} INFO - [2025-02-22T20:41:07.935+0000] {dag.py:4180} INFO - Setting next_dagrun for dataset_alias_example_alias_consumer_with_no_taskflow to None, run_after=None
[2025-02-22T20:41:07.942+0000] {logging_mixin.py:190} INFO - [2025-02-22T20:41:07.941+0000] {dag.py:4180} INFO - Setting next_dagrun for dataset_alias_example_alias_producer_with_no_taskflow to None, run_after=None
[2025-02-22T20:41:07.947+0000] {logging_mixin.py:190} INFO - [2025-02-22T20:41:07.947+0000] {dag.py:4180} INFO - Setting next_dagrun for dataset_s3_bucket_consumer_with_no_taskflow to None, run_after=None
[2025-02-22T20:41:07.951+0000] {logging_mixin.py:190} INFO - [2025-02-22T20:41:07.950+0000] {dag.py:4180} INFO - Setting next_dagrun for dataset_s3_bucket_producer_with_no_taskflow to None, run_after=None
[2025-02-22T20:41:08.002+0000] {processor.py:208} INFO - Processing /home/airflow/.local/lib/python3.12/site-packages/airflow/example_dags/example_dataset_alias_with_no_taskflow.py took 1.271 seconds
[2025-02-22T20:41:38.590+0000] {processor.py:186} INFO - Started process (PID=1057) to work on /home/airflow/.local/lib/python3.12/site-packages/airflow/example_dags/example_dataset_alias_with_no_taskflow.py
[2025-02-22T20:41:38.591+0000] {processor.py:914} INFO - Processing file /home/airflow/.local/lib/python3.12/site-packages/airflow/example_dags/example_dataset_alias_with_no_taskflow.py for tasks to queue
[2025-02-22T20:41:38.595+0000] {logging_mixin.py:190} INFO - [2025-02-22T20:41:38.594+0000] {dagbag.py:588} INFO - Filling up the DagBag from /home/airflow/.local/lib/python3.12/site-packages/airflow/example_dags/example_dataset_alias_with_no_taskflow.py
[2025-02-22T20:41:39.246+0000] {processor.py:925} INFO - DAG(s) 'dataset_s3_bucket_producer_with_no_taskflow', 'dataset_s3_bucket_consumer_with_no_taskflow', 'dataset_alias_example_alias_consumer_with_no_taskflow', 'dataset_alias_example_alias_producer_with_no_taskflow' retrieved from /home/airflow/.local/lib/python3.12/site-packages/airflow/example_dags/example_dataset_alias_with_no_taskflow.py
[2025-02-22T20:41:39.278+0000] {logging_mixin.py:190} INFO - [2025-02-22T20:41:39.277+0000] {dag.py:3239} INFO - Sync 4 DAGs
[2025-02-22T20:41:39.308+0000] {logging_mixin.py:190} INFO - [2025-02-22T20:41:39.307+0000] {dag.py:4180} INFO - Setting next_dagrun for dataset_alias_example_alias_consumer_with_no_taskflow to None, run_after=None
[2025-02-22T20:41:39.311+0000] {logging_mixin.py:190} INFO - [2025-02-22T20:41:39.311+0000] {dag.py:4180} INFO - Setting next_dagrun for dataset_alias_example_alias_producer_with_no_taskflow to None, run_after=None
[2025-02-22T20:41:39.313+0000] {logging_mixin.py:190} INFO - [2025-02-22T20:41:39.313+0000] {dag.py:4180} INFO - Setting next_dagrun for dataset_s3_bucket_consumer_with_no_taskflow to None, run_after=None
[2025-02-22T20:41:39.315+0000] {logging_mixin.py:190} INFO - [2025-02-22T20:41:39.315+0000] {dag.py:4180} INFO - Setting next_dagrun for dataset_s3_bucket_producer_with_no_taskflow to None, run_after=None
[2025-02-22T20:41:39.340+0000] {processor.py:208} INFO - Processing /home/airflow/.local/lib/python3.12/site-packages/airflow/example_dags/example_dataset_alias_with_no_taskflow.py took 0.760 seconds
[2025-02-22T20:42:12.215+0000] {processor.py:186} INFO - Started process (PID=1126) to work on /home/airflow/.local/lib/python3.12/site-packages/airflow/example_dags/example_dataset_alias_with_no_taskflow.py
[2025-02-22T20:42:12.218+0000] {processor.py:914} INFO - Processing file /home/airflow/.local/lib/python3.12/site-packages/airflow/example_dags/example_dataset_alias_with_no_taskflow.py for tasks to queue
[2025-02-22T20:42:12.224+0000] {logging_mixin.py:190} INFO - [2025-02-22T20:42:12.223+0000] {dagbag.py:588} INFO - Filling up the DagBag from /home/airflow/.local/lib/python3.12/site-packages/airflow/example_dags/example_dataset_alias_with_no_taskflow.py
[2025-02-22T20:42:13.817+0000] {processor.py:925} INFO - DAG(s) 'dataset_alias_example_alias_producer_with_no_taskflow', 'dataset_s3_bucket_producer_with_no_taskflow', 'dataset_alias_example_alias_consumer_with_no_taskflow', 'dataset_s3_bucket_consumer_with_no_taskflow' retrieved from /home/airflow/.local/lib/python3.12/site-packages/airflow/example_dags/example_dataset_alias_with_no_taskflow.py
[2025-02-22T20:42:13.881+0000] {logging_mixin.py:190} INFO - [2025-02-22T20:42:13.880+0000] {dag.py:3239} INFO - Sync 4 DAGs
[2025-02-22T20:42:14.016+0000] {logging_mixin.py:190} INFO - [2025-02-22T20:42:14.015+0000] {dag.py:4180} INFO - Setting next_dagrun for dataset_alias_example_alias_consumer_with_no_taskflow to None, run_after=None
[2025-02-22T20:42:14.037+0000] {logging_mixin.py:190} INFO - [2025-02-22T20:42:14.036+0000] {dag.py:4180} INFO - Setting next_dagrun for dataset_alias_example_alias_producer_with_no_taskflow to None, run_after=None
[2025-02-22T20:42:14.045+0000] {logging_mixin.py:190} INFO - [2025-02-22T20:42:14.043+0000] {dag.py:4180} INFO - Setting next_dagrun for dataset_s3_bucket_consumer_with_no_taskflow to None, run_after=None
[2025-02-22T20:42:14.062+0000] {logging_mixin.py:190} INFO - [2025-02-22T20:42:14.061+0000] {dag.py:4180} INFO - Setting next_dagrun for dataset_s3_bucket_producer_with_no_taskflow to None, run_after=None
[2025-02-22T20:42:14.152+0000] {processor.py:208} INFO - Processing /home/airflow/.local/lib/python3.12/site-packages/airflow/example_dags/example_dataset_alias_with_no_taskflow.py took 1.954 seconds
[2025-02-22T20:42:44.295+0000] {processor.py:186} INFO - Started process (PID=1189) to work on /home/airflow/.local/lib/python3.12/site-packages/airflow/example_dags/example_dataset_alias_with_no_taskflow.py
[2025-02-22T20:42:44.297+0000] {processor.py:914} INFO - Processing file /home/airflow/.local/lib/python3.12/site-packages/airflow/example_dags/example_dataset_alias_with_no_taskflow.py for tasks to queue
[2025-02-22T20:42:44.301+0000] {logging_mixin.py:190} INFO - [2025-02-22T20:42:44.301+0000] {dagbag.py:588} INFO - Filling up the DagBag from /home/airflow/.local/lib/python3.12/site-packages/airflow/example_dags/example_dataset_alias_with_no_taskflow.py
[2025-02-22T20:42:45.664+0000] {processor.py:925} INFO - DAG(s) 'dataset_s3_bucket_consumer_with_no_taskflow', 'dataset_alias_example_alias_consumer_with_no_taskflow', 'dataset_alias_example_alias_producer_with_no_taskflow', 'dataset_s3_bucket_producer_with_no_taskflow' retrieved from /home/airflow/.local/lib/python3.12/site-packages/airflow/example_dags/example_dataset_alias_with_no_taskflow.py
[2025-02-22T20:42:45.702+0000] {logging_mixin.py:190} INFO - [2025-02-22T20:42:45.702+0000] {dag.py:3239} INFO - Sync 4 DAGs
[2025-02-22T20:42:45.741+0000] {logging_mixin.py:190} INFO - [2025-02-22T20:42:45.740+0000] {dag.py:4180} INFO - Setting next_dagrun for dataset_alias_example_alias_consumer_with_no_taskflow to None, run_after=None
[2025-02-22T20:42:45.745+0000] {logging_mixin.py:190} INFO - [2025-02-22T20:42:45.745+0000] {dag.py:4180} INFO - Setting next_dagrun for dataset_alias_example_alias_producer_with_no_taskflow to None, run_after=None
[2025-02-22T20:42:45.749+0000] {logging_mixin.py:190} INFO - [2025-02-22T20:42:45.748+0000] {dag.py:4180} INFO - Setting next_dagrun for dataset_s3_bucket_consumer_with_no_taskflow to None, run_after=None
[2025-02-22T20:42:45.752+0000] {logging_mixin.py:190} INFO - [2025-02-22T20:42:45.751+0000] {dag.py:4180} INFO - Setting next_dagrun for dataset_s3_bucket_producer_with_no_taskflow to None, run_after=None
[2025-02-22T20:42:45.792+0000] {processor.py:208} INFO - Processing /home/airflow/.local/lib/python3.12/site-packages/airflow/example_dags/example_dataset_alias_with_no_taskflow.py took 1.520 seconds
[2025-02-22T20:43:16.386+0000] {processor.py:186} INFO - Started process (PID=1252) to work on /home/airflow/.local/lib/python3.12/site-packages/airflow/example_dags/example_dataset_alias_with_no_taskflow.py
[2025-02-22T20:43:16.387+0000] {processor.py:914} INFO - Processing file /home/airflow/.local/lib/python3.12/site-packages/airflow/example_dags/example_dataset_alias_with_no_taskflow.py for tasks to queue
[2025-02-22T20:43:16.391+0000] {logging_mixin.py:190} INFO - [2025-02-22T20:43:16.390+0000] {dagbag.py:588} INFO - Filling up the DagBag from /home/airflow/.local/lib/python3.12/site-packages/airflow/example_dags/example_dataset_alias_with_no_taskflow.py
[2025-02-22T20:43:17.192+0000] {processor.py:925} INFO - DAG(s) 'dataset_s3_bucket_producer_with_no_taskflow', 'dataset_alias_example_alias_producer_with_no_taskflow', 'dataset_alias_example_alias_consumer_with_no_taskflow', 'dataset_s3_bucket_consumer_with_no_taskflow' retrieved from /home/airflow/.local/lib/python3.12/site-packages/airflow/example_dags/example_dataset_alias_with_no_taskflow.py
[2025-02-22T20:43:17.224+0000] {logging_mixin.py:190} INFO - [2025-02-22T20:43:17.223+0000] {dag.py:3239} INFO - Sync 4 DAGs
[2025-02-22T20:43:17.253+0000] {logging_mixin.py:190} INFO - [2025-02-22T20:43:17.253+0000] {dag.py:4180} INFO - Setting next_dagrun for dataset_alias_example_alias_consumer_with_no_taskflow to None, run_after=None
[2025-02-22T20:43:17.257+0000] {logging_mixin.py:190} INFO - [2025-02-22T20:43:17.257+0000] {dag.py:4180} INFO - Setting next_dagrun for dataset_alias_example_alias_producer_with_no_taskflow to None, run_after=None
[2025-02-22T20:43:17.259+0000] {logging_mixin.py:190} INFO - [2025-02-22T20:43:17.259+0000] {dag.py:4180} INFO - Setting next_dagrun for dataset_s3_bucket_consumer_with_no_taskflow to None, run_after=None
[2025-02-22T20:43:17.262+0000] {logging_mixin.py:190} INFO - [2025-02-22T20:43:17.261+0000] {dag.py:4180} INFO - Setting next_dagrun for dataset_s3_bucket_producer_with_no_taskflow to None, run_after=None
[2025-02-22T20:43:17.290+0000] {processor.py:208} INFO - Processing /home/airflow/.local/lib/python3.12/site-packages/airflow/example_dags/example_dataset_alias_with_no_taskflow.py took 0.911 seconds
[2025-02-22T20:43:48.055+0000] {processor.py:186} INFO - Started process (PID=1317) to work on /home/airflow/.local/lib/python3.12/site-packages/airflow/example_dags/example_dataset_alias_with_no_taskflow.py
[2025-02-22T20:43:48.056+0000] {processor.py:914} INFO - Processing file /home/airflow/.local/lib/python3.12/site-packages/airflow/example_dags/example_dataset_alias_with_no_taskflow.py for tasks to queue
[2025-02-22T20:43:48.059+0000] {logging_mixin.py:190} INFO - [2025-02-22T20:43:48.058+0000] {dagbag.py:588} INFO - Filling up the DagBag from /home/airflow/.local/lib/python3.12/site-packages/airflow/example_dags/example_dataset_alias_with_no_taskflow.py
[2025-02-22T20:43:48.757+0000] {processor.py:925} INFO - DAG(s) 'dataset_s3_bucket_producer_with_no_taskflow', 'dataset_s3_bucket_consumer_with_no_taskflow', 'dataset_alias_example_alias_consumer_with_no_taskflow', 'dataset_alias_example_alias_producer_with_no_taskflow' retrieved from /home/airflow/.local/lib/python3.12/site-packages/airflow/example_dags/example_dataset_alias_with_no_taskflow.py
[2025-02-22T20:43:48.785+0000] {logging_mixin.py:190} INFO - [2025-02-22T20:43:48.784+0000] {dag.py:3239} INFO - Sync 4 DAGs
[2025-02-22T20:43:48.814+0000] {logging_mixin.py:190} INFO - [2025-02-22T20:43:48.814+0000] {dag.py:4180} INFO - Setting next_dagrun for dataset_alias_example_alias_consumer_with_no_taskflow to None, run_after=None
[2025-02-22T20:43:48.818+0000] {logging_mixin.py:190} INFO - [2025-02-22T20:43:48.818+0000] {dag.py:4180} INFO - Setting next_dagrun for dataset_alias_example_alias_producer_with_no_taskflow to None, run_after=None
[2025-02-22T20:43:48.820+0000] {logging_mixin.py:190} INFO - [2025-02-22T20:43:48.820+0000] {dag.py:4180} INFO - Setting next_dagrun for dataset_s3_bucket_consumer_with_no_taskflow to None, run_after=None
[2025-02-22T20:43:48.822+0000] {logging_mixin.py:190} INFO - [2025-02-22T20:43:48.822+0000] {dag.py:4180} INFO - Setting next_dagrun for dataset_s3_bucket_producer_with_no_taskflow to None, run_after=None
[2025-02-22T20:43:48.851+0000] {processor.py:208} INFO - Processing /home/airflow/.local/lib/python3.12/site-packages/airflow/example_dags/example_dataset_alias_with_no_taskflow.py took 0.804 seconds
[2025-02-22T20:44:19.719+0000] {processor.py:186} INFO - Started process (PID=1381) to work on /home/airflow/.local/lib/python3.12/site-packages/airflow/example_dags/example_dataset_alias_with_no_taskflow.py
[2025-02-22T20:44:19.720+0000] {processor.py:914} INFO - Processing file /home/airflow/.local/lib/python3.12/site-packages/airflow/example_dags/example_dataset_alias_with_no_taskflow.py for tasks to queue
[2025-02-22T20:44:19.723+0000] {logging_mixin.py:190} INFO - [2025-02-22T20:44:19.722+0000] {dagbag.py:588} INFO - Filling up the DagBag from /home/airflow/.local/lib/python3.12/site-packages/airflow/example_dags/example_dataset_alias_with_no_taskflow.py
[2025-02-22T20:44:20.478+0000] {processor.py:925} INFO - DAG(s) 'dataset_alias_example_alias_producer_with_no_taskflow', 'dataset_s3_bucket_producer_with_no_taskflow', 'dataset_alias_example_alias_consumer_with_no_taskflow', 'dataset_s3_bucket_consumer_with_no_taskflow' retrieved from /home/airflow/.local/lib/python3.12/site-packages/airflow/example_dags/example_dataset_alias_with_no_taskflow.py
[2025-02-22T20:44:20.520+0000] {logging_mixin.py:190} INFO - [2025-02-22T20:44:20.520+0000] {dag.py:3239} INFO - Sync 4 DAGs
[2025-02-22T20:44:20.559+0000] {logging_mixin.py:190} INFO - [2025-02-22T20:44:20.559+0000] {dag.py:4180} INFO - Setting next_dagrun for dataset_alias_example_alias_consumer_with_no_taskflow to None, run_after=None
[2025-02-22T20:44:20.566+0000] {logging_mixin.py:190} INFO - [2025-02-22T20:44:20.566+0000] {dag.py:4180} INFO - Setting next_dagrun for dataset_alias_example_alias_producer_with_no_taskflow to None, run_after=None
[2025-02-22T20:44:20.570+0000] {logging_mixin.py:190} INFO - [2025-02-22T20:44:20.569+0000] {dag.py:4180} INFO - Setting next_dagrun for dataset_s3_bucket_consumer_with_no_taskflow to None, run_after=None
[2025-02-22T20:44:20.573+0000] {logging_mixin.py:190} INFO - [2025-02-22T20:44:20.572+0000] {dag.py:4180} INFO - Setting next_dagrun for dataset_s3_bucket_producer_with_no_taskflow to None, run_after=None
[2025-02-22T20:44:20.622+0000] {processor.py:208} INFO - Processing /home/airflow/.local/lib/python3.12/site-packages/airflow/example_dags/example_dataset_alias_with_no_taskflow.py took 0.910 seconds
[2025-02-22T20:44:50.940+0000] {processor.py:186} INFO - Started process (PID=1444) to work on /home/airflow/.local/lib/python3.12/site-packages/airflow/example_dags/example_dataset_alias_with_no_taskflow.py
[2025-02-22T20:44:50.942+0000] {processor.py:914} INFO - Processing file /home/airflow/.local/lib/python3.12/site-packages/airflow/example_dags/example_dataset_alias_with_no_taskflow.py for tasks to queue
[2025-02-22T20:44:50.944+0000] {logging_mixin.py:190} INFO - [2025-02-22T20:44:50.944+0000] {dagbag.py:588} INFO - Filling up the DagBag from /home/airflow/.local/lib/python3.12/site-packages/airflow/example_dags/example_dataset_alias_with_no_taskflow.py
[2025-02-22T20:44:51.731+0000] {processor.py:925} INFO - DAG(s) 'dataset_s3_bucket_producer_with_no_taskflow', 'dataset_alias_example_alias_consumer_with_no_taskflow', 'dataset_alias_example_alias_producer_with_no_taskflow', 'dataset_s3_bucket_consumer_with_no_taskflow' retrieved from /home/airflow/.local/lib/python3.12/site-packages/airflow/example_dags/example_dataset_alias_with_no_taskflow.py
[2025-02-22T20:44:51.768+0000] {logging_mixin.py:190} INFO - [2025-02-22T20:44:51.767+0000] {dag.py:3239} INFO - Sync 4 DAGs
[2025-02-22T20:44:51.799+0000] {logging_mixin.py:190} INFO - [2025-02-22T20:44:51.799+0000] {dag.py:4180} INFO - Setting next_dagrun for dataset_alias_example_alias_consumer_with_no_taskflow to None, run_after=None
[2025-02-22T20:44:51.803+0000] {logging_mixin.py:190} INFO - [2025-02-22T20:44:51.803+0000] {dag.py:4180} INFO - Setting next_dagrun for dataset_alias_example_alias_producer_with_no_taskflow to None, run_after=None
[2025-02-22T20:44:51.805+0000] {logging_mixin.py:190} INFO - [2025-02-22T20:44:51.805+0000] {dag.py:4180} INFO - Setting next_dagrun for dataset_s3_bucket_consumer_with_no_taskflow to None, run_after=None
[2025-02-22T20:44:51.807+0000] {logging_mixin.py:190} INFO - [2025-02-22T20:44:51.807+0000] {dag.py:4180} INFO - Setting next_dagrun for dataset_s3_bucket_producer_with_no_taskflow to None, run_after=None
[2025-02-22T20:44:51.837+0000] {processor.py:208} INFO - Processing /home/airflow/.local/lib/python3.12/site-packages/airflow/example_dags/example_dataset_alias_with_no_taskflow.py took 0.904 seconds
[2025-02-22T20:45:22.281+0000] {processor.py:186} INFO - Started process (PID=1507) to work on /home/airflow/.local/lib/python3.12/site-packages/airflow/example_dags/example_dataset_alias_with_no_taskflow.py
[2025-02-22T20:45:22.283+0000] {processor.py:914} INFO - Processing file /home/airflow/.local/lib/python3.12/site-packages/airflow/example_dags/example_dataset_alias_with_no_taskflow.py for tasks to queue
[2025-02-22T20:45:22.286+0000] {logging_mixin.py:190} INFO - [2025-02-22T20:45:22.285+0000] {dagbag.py:588} INFO - Filling up the DagBag from /home/airflow/.local/lib/python3.12/site-packages/airflow/example_dags/example_dataset_alias_with_no_taskflow.py
[2025-02-22T20:45:22.958+0000] {processor.py:925} INFO - DAG(s) 'dataset_alias_example_alias_producer_with_no_taskflow', 'dataset_s3_bucket_producer_with_no_taskflow', 'dataset_s3_bucket_consumer_with_no_taskflow', 'dataset_alias_example_alias_consumer_with_no_taskflow' retrieved from /home/airflow/.local/lib/python3.12/site-packages/airflow/example_dags/example_dataset_alias_with_no_taskflow.py
[2025-02-22T20:45:22.985+0000] {logging_mixin.py:190} INFO - [2025-02-22T20:45:22.984+0000] {dag.py:3239} INFO - Sync 4 DAGs
[2025-02-22T20:45:23.018+0000] {logging_mixin.py:190} INFO - [2025-02-22T20:45:23.017+0000] {dag.py:4180} INFO - Setting next_dagrun for dataset_alias_example_alias_consumer_with_no_taskflow to None, run_after=None
[2025-02-22T20:45:23.021+0000] {logging_mixin.py:190} INFO - [2025-02-22T20:45:23.021+0000] {dag.py:4180} INFO - Setting next_dagrun for dataset_alias_example_alias_producer_with_no_taskflow to None, run_after=None
[2025-02-22T20:45:23.025+0000] {logging_mixin.py:190} INFO - [2025-02-22T20:45:23.025+0000] {dag.py:4180} INFO - Setting next_dagrun for dataset_s3_bucket_consumer_with_no_taskflow to None, run_after=None
[2025-02-22T20:45:23.028+0000] {logging_mixin.py:190} INFO - [2025-02-22T20:45:23.027+0000] {dag.py:4180} INFO - Setting next_dagrun for dataset_s3_bucket_producer_with_no_taskflow to None, run_after=None
[2025-02-22T20:45:23.069+0000] {processor.py:208} INFO - Processing /home/airflow/.local/lib/python3.12/site-packages/airflow/example_dags/example_dataset_alias_with_no_taskflow.py took 0.794 seconds
[2025-02-22T20:45:53.834+0000] {processor.py:186} INFO - Started process (PID=1570) to work on /home/airflow/.local/lib/python3.12/site-packages/airflow/example_dags/example_dataset_alias_with_no_taskflow.py
[2025-02-22T20:45:53.835+0000] {processor.py:914} INFO - Processing file /home/airflow/.local/lib/python3.12/site-packages/airflow/example_dags/example_dataset_alias_with_no_taskflow.py for tasks to queue
[2025-02-22T20:45:53.838+0000] {logging_mixin.py:190} INFO - [2025-02-22T20:45:53.838+0000] {dagbag.py:588} INFO - Filling up the DagBag from /home/airflow/.local/lib/python3.12/site-packages/airflow/example_dags/example_dataset_alias_with_no_taskflow.py
[2025-02-22T20:45:54.756+0000] {processor.py:925} INFO - DAG(s) 'dataset_alias_example_alias_consumer_with_no_taskflow', 'dataset_s3_bucket_consumer_with_no_taskflow', 'dataset_alias_example_alias_producer_with_no_taskflow', 'dataset_s3_bucket_producer_with_no_taskflow' retrieved from /home/airflow/.local/lib/python3.12/site-packages/airflow/example_dags/example_dataset_alias_with_no_taskflow.py
[2025-02-22T20:45:54.787+0000] {logging_mixin.py:190} INFO - [2025-02-22T20:45:54.786+0000] {dag.py:3239} INFO - Sync 4 DAGs
[2025-02-22T20:45:54.817+0000] {logging_mixin.py:190} INFO - [2025-02-22T20:45:54.817+0000] {dag.py:4180} INFO - Setting next_dagrun for dataset_alias_example_alias_consumer_with_no_taskflow to None, run_after=None
[2025-02-22T20:45:54.822+0000] {logging_mixin.py:190} INFO - [2025-02-22T20:45:54.821+0000] {dag.py:4180} INFO - Setting next_dagrun for dataset_alias_example_alias_producer_with_no_taskflow to None, run_after=None
[2025-02-22T20:45:54.824+0000] {logging_mixin.py:190} INFO - [2025-02-22T20:45:54.824+0000] {dag.py:4180} INFO - Setting next_dagrun for dataset_s3_bucket_consumer_with_no_taskflow to None, run_after=None
[2025-02-22T20:45:54.827+0000] {logging_mixin.py:190} INFO - [2025-02-22T20:45:54.826+0000] {dag.py:4180} INFO - Setting next_dagrun for dataset_s3_bucket_producer_with_no_taskflow to None, run_after=None
[2025-02-22T20:45:54.858+0000] {processor.py:208} INFO - Processing /home/airflow/.local/lib/python3.12/site-packages/airflow/example_dags/example_dataset_alias_with_no_taskflow.py took 1.031 seconds
[2025-02-22T20:46:24.969+0000] {processor.py:186} INFO - Started process (PID=1632) to work on /home/airflow/.local/lib/python3.12/site-packages/airflow/example_dags/example_dataset_alias_with_no_taskflow.py
[2025-02-22T20:46:24.970+0000] {processor.py:914} INFO - Processing file /home/airflow/.local/lib/python3.12/site-packages/airflow/example_dags/example_dataset_alias_with_no_taskflow.py for tasks to queue
[2025-02-22T20:46:24.973+0000] {logging_mixin.py:190} INFO - [2025-02-22T20:46:24.973+0000] {dagbag.py:588} INFO - Filling up the DagBag from /home/airflow/.local/lib/python3.12/site-packages/airflow/example_dags/example_dataset_alias_with_no_taskflow.py
[2025-02-22T20:46:25.615+0000] {processor.py:925} INFO - DAG(s) 'dataset_alias_example_alias_producer_with_no_taskflow', 'dataset_alias_example_alias_consumer_with_no_taskflow', 'dataset_s3_bucket_producer_with_no_taskflow', 'dataset_s3_bucket_consumer_with_no_taskflow' retrieved from /home/airflow/.local/lib/python3.12/site-packages/airflow/example_dags/example_dataset_alias_with_no_taskflow.py
[2025-02-22T20:46:25.645+0000] {logging_mixin.py:190} INFO - [2025-02-22T20:46:25.644+0000] {dag.py:3239} INFO - Sync 4 DAGs
[2025-02-22T20:46:25.679+0000] {logging_mixin.py:190} INFO - [2025-02-22T20:46:25.678+0000] {dag.py:4180} INFO - Setting next_dagrun for dataset_alias_example_alias_consumer_with_no_taskflow to None, run_after=None
[2025-02-22T20:46:25.684+0000] {logging_mixin.py:190} INFO - [2025-02-22T20:46:25.683+0000] {dag.py:4180} INFO - Setting next_dagrun for dataset_alias_example_alias_producer_with_no_taskflow to None, run_after=None
[2025-02-22T20:46:25.686+0000] {logging_mixin.py:190} INFO - [2025-02-22T20:46:25.686+0000] {dag.py:4180} INFO - Setting next_dagrun for dataset_s3_bucket_consumer_with_no_taskflow to None, run_after=None
[2025-02-22T20:46:25.688+0000] {logging_mixin.py:190} INFO - [2025-02-22T20:46:25.688+0000] {dag.py:4180} INFO - Setting next_dagrun for dataset_s3_bucket_producer_with_no_taskflow to None, run_after=None
[2025-02-22T20:46:25.716+0000] {processor.py:208} INFO - Processing /home/airflow/.local/lib/python3.12/site-packages/airflow/example_dags/example_dataset_alias_with_no_taskflow.py took 0.754 seconds
[2025-02-22T20:46:55.818+0000] {processor.py:186} INFO - Started process (PID=1695) to work on /home/airflow/.local/lib/python3.12/site-packages/airflow/example_dags/example_dataset_alias_with_no_taskflow.py
[2025-02-22T20:46:55.819+0000] {processor.py:914} INFO - Processing file /home/airflow/.local/lib/python3.12/site-packages/airflow/example_dags/example_dataset_alias_with_no_taskflow.py for tasks to queue
[2025-02-22T20:46:55.822+0000] {logging_mixin.py:190} INFO - [2025-02-22T20:46:55.821+0000] {dagbag.py:588} INFO - Filling up the DagBag from /home/airflow/.local/lib/python3.12/site-packages/airflow/example_dags/example_dataset_alias_with_no_taskflow.py
[2025-02-22T20:46:56.433+0000] {processor.py:925} INFO - DAG(s) 'dataset_alias_example_alias_consumer_with_no_taskflow', 'dataset_alias_example_alias_producer_with_no_taskflow', 'dataset_s3_bucket_producer_with_no_taskflow', 'dataset_s3_bucket_consumer_with_no_taskflow' retrieved from /home/airflow/.local/lib/python3.12/site-packages/airflow/example_dags/example_dataset_alias_with_no_taskflow.py
[2025-02-22T20:46:56.458+0000] {logging_mixin.py:190} INFO - [2025-02-22T20:46:56.457+0000] {dag.py:3239} INFO - Sync 4 DAGs
[2025-02-22T20:46:56.501+0000] {logging_mixin.py:190} INFO - [2025-02-22T20:46:56.501+0000] {dag.py:4180} INFO - Setting next_dagrun for dataset_alias_example_alias_consumer_with_no_taskflow to None, run_after=None
[2025-02-22T20:46:56.504+0000] {logging_mixin.py:190} INFO - [2025-02-22T20:46:56.504+0000] {dag.py:4180} INFO - Setting next_dagrun for dataset_alias_example_alias_producer_with_no_taskflow to None, run_after=None
[2025-02-22T20:46:56.507+0000] {logging_mixin.py:190} INFO - [2025-02-22T20:46:56.506+0000] {dag.py:4180} INFO - Setting next_dagrun for dataset_s3_bucket_consumer_with_no_taskflow to None, run_after=None
[2025-02-22T20:46:56.509+0000] {logging_mixin.py:190} INFO - [2025-02-22T20:46:56.508+0000] {dag.py:4180} INFO - Setting next_dagrun for dataset_s3_bucket_producer_with_no_taskflow to None, run_after=None
[2025-02-22T20:46:56.539+0000] {processor.py:208} INFO - Processing /home/airflow/.local/lib/python3.12/site-packages/airflow/example_dags/example_dataset_alias_with_no_taskflow.py took 0.728 seconds
[2025-02-22T20:47:27.449+0000] {processor.py:186} INFO - Started process (PID=1758) to work on /home/airflow/.local/lib/python3.12/site-packages/airflow/example_dags/example_dataset_alias_with_no_taskflow.py
[2025-02-22T20:47:27.450+0000] {processor.py:914} INFO - Processing file /home/airflow/.local/lib/python3.12/site-packages/airflow/example_dags/example_dataset_alias_with_no_taskflow.py for tasks to queue
[2025-02-22T20:47:27.453+0000] {logging_mixin.py:190} INFO - [2025-02-22T20:47:27.453+0000] {dagbag.py:588} INFO - Filling up the DagBag from /home/airflow/.local/lib/python3.12/site-packages/airflow/example_dags/example_dataset_alias_with_no_taskflow.py
[2025-02-22T20:47:28.140+0000] {processor.py:925} INFO - DAG(s) 'dataset_s3_bucket_consumer_with_no_taskflow', 'dataset_s3_bucket_producer_with_no_taskflow', 'dataset_alias_example_alias_consumer_with_no_taskflow', 'dataset_alias_example_alias_producer_with_no_taskflow' retrieved from /home/airflow/.local/lib/python3.12/site-packages/airflow/example_dags/example_dataset_alias_with_no_taskflow.py
[2025-02-22T20:47:28.168+0000] {logging_mixin.py:190} INFO - [2025-02-22T20:47:28.168+0000] {dag.py:3239} INFO - Sync 4 DAGs
[2025-02-22T20:47:28.193+0000] {logging_mixin.py:190} INFO - [2025-02-22T20:47:28.193+0000] {dag.py:4180} INFO - Setting next_dagrun for dataset_alias_example_alias_consumer_with_no_taskflow to None, run_after=None
[2025-02-22T20:47:28.197+0000] {logging_mixin.py:190} INFO - [2025-02-22T20:47:28.196+0000] {dag.py:4180} INFO - Setting next_dagrun for dataset_alias_example_alias_producer_with_no_taskflow to None, run_after=None
[2025-02-22T20:47:28.199+0000] {logging_mixin.py:190} INFO - [2025-02-22T20:47:28.199+0000] {dag.py:4180} INFO - Setting next_dagrun for dataset_s3_bucket_consumer_with_no_taskflow to None, run_after=None
[2025-02-22T20:47:28.201+0000] {logging_mixin.py:190} INFO - [2025-02-22T20:47:28.200+0000] {dag.py:4180} INFO - Setting next_dagrun for dataset_s3_bucket_producer_with_no_taskflow to None, run_after=None
[2025-02-22T20:47:28.228+0000] {processor.py:208} INFO - Processing /home/airflow/.local/lib/python3.12/site-packages/airflow/example_dags/example_dataset_alias_with_no_taskflow.py took 0.786 seconds
[2025-02-22T20:47:58.356+0000] {processor.py:186} INFO - Started process (PID=1832) to work on /home/airflow/.local/lib/python3.12/site-packages/airflow/example_dags/example_dataset_alias_with_no_taskflow.py
[2025-02-22T20:47:58.358+0000] {processor.py:914} INFO - Processing file /home/airflow/.local/lib/python3.12/site-packages/airflow/example_dags/example_dataset_alias_with_no_taskflow.py for tasks to queue
[2025-02-22T20:47:58.361+0000] {logging_mixin.py:190} INFO - [2025-02-22T20:47:58.361+0000] {dagbag.py:588} INFO - Filling up the DagBag from /home/airflow/.local/lib/python3.12/site-packages/airflow/example_dags/example_dataset_alias_with_no_taskflow.py
[2025-02-22T20:47:59.033+0000] {processor.py:925} INFO - DAG(s) 'dataset_s3_bucket_producer_with_no_taskflow', 'dataset_alias_example_alias_consumer_with_no_taskflow', 'dataset_s3_bucket_consumer_with_no_taskflow', 'dataset_alias_example_alias_producer_with_no_taskflow' retrieved from /home/airflow/.local/lib/python3.12/site-packages/airflow/example_dags/example_dataset_alias_with_no_taskflow.py
[2025-02-22T20:47:59.058+0000] {logging_mixin.py:190} INFO - [2025-02-22T20:47:59.057+0000] {dag.py:3239} INFO - Sync 4 DAGs
[2025-02-22T20:47:59.084+0000] {logging_mixin.py:190} INFO - [2025-02-22T20:47:59.083+0000] {dag.py:4180} INFO - Setting next_dagrun for dataset_alias_example_alias_consumer_with_no_taskflow to None, run_after=None
[2025-02-22T20:47:59.088+0000] {logging_mixin.py:190} INFO - [2025-02-22T20:47:59.087+0000] {dag.py:4180} INFO - Setting next_dagrun for dataset_alias_example_alias_producer_with_no_taskflow to None, run_after=None
[2025-02-22T20:47:59.090+0000] {logging_mixin.py:190} INFO - [2025-02-22T20:47:59.090+0000] {dag.py:4180} INFO - Setting next_dagrun for dataset_s3_bucket_consumer_with_no_taskflow to None, run_after=None
[2025-02-22T20:47:59.092+0000] {logging_mixin.py:190} INFO - [2025-02-22T20:47:59.092+0000] {dag.py:4180} INFO - Setting next_dagrun for dataset_s3_bucket_producer_with_no_taskflow to None, run_after=None
[2025-02-22T20:47:59.119+0000] {processor.py:208} INFO - Processing /home/airflow/.local/lib/python3.12/site-packages/airflow/example_dags/example_dataset_alias_with_no_taskflow.py took 0.770 seconds
[2025-02-22T20:48:29.184+0000] {processor.py:186} INFO - Started process (PID=1900) to work on /home/airflow/.local/lib/python3.12/site-packages/airflow/example_dags/example_dataset_alias_with_no_taskflow.py
[2025-02-22T20:48:29.185+0000] {processor.py:914} INFO - Processing file /home/airflow/.local/lib/python3.12/site-packages/airflow/example_dags/example_dataset_alias_with_no_taskflow.py for tasks to queue
[2025-02-22T20:48:29.189+0000] {logging_mixin.py:190} INFO - [2025-02-22T20:48:29.189+0000] {dagbag.py:588} INFO - Filling up the DagBag from /home/airflow/.local/lib/python3.12/site-packages/airflow/example_dags/example_dataset_alias_with_no_taskflow.py
[2025-02-22T20:48:29.887+0000] {processor.py:925} INFO - DAG(s) 'dataset_alias_example_alias_producer_with_no_taskflow', 'dataset_s3_bucket_producer_with_no_taskflow', 'dataset_alias_example_alias_consumer_with_no_taskflow', 'dataset_s3_bucket_consumer_with_no_taskflow' retrieved from /home/airflow/.local/lib/python3.12/site-packages/airflow/example_dags/example_dataset_alias_with_no_taskflow.py
[2025-02-22T20:48:29.913+0000] {logging_mixin.py:190} INFO - [2025-02-22T20:48:29.912+0000] {dag.py:3239} INFO - Sync 4 DAGs
[2025-02-22T20:48:29.938+0000] {logging_mixin.py:190} INFO - [2025-02-22T20:48:29.937+0000] {dag.py:4180} INFO - Setting next_dagrun for dataset_alias_example_alias_consumer_with_no_taskflow to None, run_after=None
[2025-02-22T20:48:29.941+0000] {logging_mixin.py:190} INFO - [2025-02-22T20:48:29.941+0000] {dag.py:4180} INFO - Setting next_dagrun for dataset_alias_example_alias_producer_with_no_taskflow to None, run_after=None
[2025-02-22T20:48:29.943+0000] {logging_mixin.py:190} INFO - [2025-02-22T20:48:29.943+0000] {dag.py:4180} INFO - Setting next_dagrun for dataset_s3_bucket_consumer_with_no_taskflow to None, run_after=None
[2025-02-22T20:48:29.945+0000] {logging_mixin.py:190} INFO - [2025-02-22T20:48:29.945+0000] {dag.py:4180} INFO - Setting next_dagrun for dataset_s3_bucket_producer_with_no_taskflow to None, run_after=None
[2025-02-22T20:48:29.974+0000] {processor.py:208} INFO - Processing /home/airflow/.local/lib/python3.12/site-packages/airflow/example_dags/example_dataset_alias_with_no_taskflow.py took 0.799 seconds
[2025-02-22T20:49:00.612+0000] {processor.py:186} INFO - Started process (PID=1966) to work on /home/airflow/.local/lib/python3.12/site-packages/airflow/example_dags/example_dataset_alias_with_no_taskflow.py
[2025-02-22T20:49:00.613+0000] {processor.py:914} INFO - Processing file /home/airflow/.local/lib/python3.12/site-packages/airflow/example_dags/example_dataset_alias_with_no_taskflow.py for tasks to queue
[2025-02-22T20:49:00.616+0000] {logging_mixin.py:190} INFO - [2025-02-22T20:49:00.616+0000] {dagbag.py:588} INFO - Filling up the DagBag from /home/airflow/.local/lib/python3.12/site-packages/airflow/example_dags/example_dataset_alias_with_no_taskflow.py
[2025-02-22T20:49:02.649+0000] {processor.py:925} INFO - DAG(s) 'dataset_s3_bucket_consumer_with_no_taskflow', 'dataset_alias_example_alias_consumer_with_no_taskflow', 'dataset_s3_bucket_producer_with_no_taskflow', 'dataset_alias_example_alias_producer_with_no_taskflow' retrieved from /home/airflow/.local/lib/python3.12/site-packages/airflow/example_dags/example_dataset_alias_with_no_taskflow.py
[2025-02-22T20:49:02.761+0000] {logging_mixin.py:190} INFO - [2025-02-22T20:49:02.760+0000] {dag.py:3239} INFO - Sync 4 DAGs
[2025-02-22T20:49:02.873+0000] {logging_mixin.py:190} INFO - [2025-02-22T20:49:02.873+0000] {dag.py:4180} INFO - Setting next_dagrun for dataset_alias_example_alias_consumer_with_no_taskflow to None, run_after=None
[2025-02-22T20:49:02.889+0000] {logging_mixin.py:190} INFO - [2025-02-22T20:49:02.889+0000] {dag.py:4180} INFO - Setting next_dagrun for dataset_alias_example_alias_producer_with_no_taskflow to None, run_after=None
[2025-02-22T20:49:02.901+0000] {logging_mixin.py:190} INFO - [2025-02-22T20:49:02.900+0000] {dag.py:4180} INFO - Setting next_dagrun for dataset_s3_bucket_consumer_with_no_taskflow to None, run_after=None
[2025-02-22T20:49:02.906+0000] {logging_mixin.py:190} INFO - [2025-02-22T20:49:02.906+0000] {dag.py:4180} INFO - Setting next_dagrun for dataset_s3_bucket_producer_with_no_taskflow to None, run_after=None
[2025-02-22T20:49:03.021+0000] {processor.py:208} INFO - Processing /home/airflow/.local/lib/python3.12/site-packages/airflow/example_dags/example_dataset_alias_with_no_taskflow.py took 2.417 seconds
