[2025-02-22T20:33:35.468+0000] {processor.py:186} INFO - Started process (PID=82) to work on /home/airflow/.local/lib/python3.12/site-packages/airflow/example_dags/example_inlet_event_extra.py
[2025-02-22T20:33:35.479+0000] {processor.py:914} INFO - Processing file /home/airflow/.local/lib/python3.12/site-packages/airflow/example_dags/example_inlet_event_extra.py for tasks to queue
[2025-02-22T20:33:35.501+0000] {logging_mixin.py:190} INFO - [2025-02-22T20:33:35.500+0000] {dagbag.py:588} INFO - Filling up the DagBag from /home/airflow/.local/lib/python3.12/site-packages/airflow/example_dags/example_inlet_event_extra.py
[2025-02-22T20:33:42.584+0000] {processor.py:925} INFO - DAG(s) 'read_dataset_event', 'read_dataset_event_from_classic' retrieved from /home/airflow/.local/lib/python3.12/site-packages/airflow/example_dags/example_inlet_event_extra.py
[2025-02-22T20:33:42.941+0000] {logging_mixin.py:190} INFO - [2025-02-22T20:33:42.939+0000] {override.py:1912} INFO - Created Permission View: can edit on DAG:read_dataset_event
[2025-02-22T20:33:42.971+0000] {logging_mixin.py:190} INFO - [2025-02-22T20:33:42.970+0000] {override.py:1912} INFO - Created Permission View: can read on DAG:read_dataset_event
[2025-02-22T20:33:42.986+0000] {logging_mixin.py:190} INFO - [2025-02-22T20:33:42.986+0000] {override.py:1912} INFO - Created Permission View: can delete on DAG:read_dataset_event
[2025-02-22T20:33:43.003+0000] {logging_mixin.py:190} INFO - [2025-02-22T20:33:43.002+0000] {override.py:1912} INFO - Created Permission View: can read on DAG Run:read_dataset_event
[2025-02-22T20:33:43.017+0000] {logging_mixin.py:190} INFO - [2025-02-22T20:33:43.016+0000] {override.py:1912} INFO - Created Permission View: menu access on DAG Run:read_dataset_event
[2025-02-22T20:33:43.033+0000] {logging_mixin.py:190} INFO - [2025-02-22T20:33:43.032+0000] {override.py:1912} INFO - Created Permission View: can create on DAG Run:read_dataset_event
[2025-02-22T20:33:43.050+0000] {logging_mixin.py:190} INFO - [2025-02-22T20:33:43.049+0000] {override.py:1912} INFO - Created Permission View: can delete on DAG Run:read_dataset_event
[2025-02-22T20:33:43.080+0000] {logging_mixin.py:190} INFO - [2025-02-22T20:33:43.080+0000] {override.py:1912} INFO - Created Permission View: can edit on DAG:read_dataset_event_from_classic
[2025-02-22T20:33:43.094+0000] {logging_mixin.py:190} INFO - [2025-02-22T20:33:43.093+0000] {override.py:1912} INFO - Created Permission View: can read on DAG:read_dataset_event_from_classic
[2025-02-22T20:33:43.111+0000] {logging_mixin.py:190} INFO - [2025-02-22T20:33:43.110+0000] {override.py:1912} INFO - Created Permission View: can delete on DAG:read_dataset_event_from_classic
[2025-02-22T20:33:43.127+0000] {logging_mixin.py:190} INFO - [2025-02-22T20:33:43.127+0000] {override.py:1912} INFO - Created Permission View: can read on DAG Run:read_dataset_event_from_classic
[2025-02-22T20:33:43.141+0000] {logging_mixin.py:190} INFO - [2025-02-22T20:33:43.140+0000] {override.py:1912} INFO - Created Permission View: menu access on DAG Run:read_dataset_event_from_classic
[2025-02-22T20:33:43.159+0000] {logging_mixin.py:190} INFO - [2025-02-22T20:33:43.158+0000] {override.py:1912} INFO - Created Permission View: can create on DAG Run:read_dataset_event_from_classic
[2025-02-22T20:33:43.172+0000] {logging_mixin.py:190} INFO - [2025-02-22T20:33:43.172+0000] {override.py:1912} INFO - Created Permission View: can delete on DAG Run:read_dataset_event_from_classic
[2025-02-22T20:33:43.174+0000] {logging_mixin.py:190} INFO - [2025-02-22T20:33:43.173+0000] {dag.py:3239} INFO - Sync 2 DAGs
[2025-02-22T20:33:43.203+0000] {logging_mixin.py:190} INFO - [2025-02-22T20:33:43.202+0000] {dag.py:3262} INFO - Creating ORM DAG for read_dataset_event_from_classic
[2025-02-22T20:33:43.205+0000] {logging_mixin.py:190} INFO - [2025-02-22T20:33:43.205+0000] {dag.py:3262} INFO - Creating ORM DAG for read_dataset_event
[2025-02-22T20:33:43.237+0000] {logging_mixin.py:190} INFO - [2025-02-22T20:33:43.236+0000] {dag.py:4180} INFO - Setting next_dagrun for read_dataset_event to 2025-02-21 00:00:00+00:00, run_after=2025-02-22 00:00:00+00:00
[2025-02-22T20:33:43.254+0000] {logging_mixin.py:190} INFO - [2025-02-22T20:33:43.253+0000] {dag.py:4180} INFO - Setting next_dagrun for read_dataset_event_from_classic to 2025-02-21 00:00:00+00:00, run_after=2025-02-22 00:00:00+00:00
[2025-02-22T20:33:43.296+0000] {processor.py:208} INFO - Processing /home/airflow/.local/lib/python3.12/site-packages/airflow/example_dags/example_inlet_event_extra.py took 7.890 seconds
[2025-02-22T20:34:14.097+0000] {processor.py:186} INFO - Started process (PID=144) to work on /home/airflow/.local/lib/python3.12/site-packages/airflow/example_dags/example_inlet_event_extra.py
[2025-02-22T20:34:14.098+0000] {processor.py:914} INFO - Processing file /home/airflow/.local/lib/python3.12/site-packages/airflow/example_dags/example_inlet_event_extra.py for tasks to queue
[2025-02-22T20:34:14.101+0000] {logging_mixin.py:190} INFO - [2025-02-22T20:34:14.101+0000] {dagbag.py:588} INFO - Filling up the DagBag from /home/airflow/.local/lib/python3.12/site-packages/airflow/example_dags/example_inlet_event_extra.py
[2025-02-22T20:34:14.896+0000] {processor.py:925} INFO - DAG(s) 'read_dataset_event_from_classic', 'read_dataset_event' retrieved from /home/airflow/.local/lib/python3.12/site-packages/airflow/example_dags/example_inlet_event_extra.py
[2025-02-22T20:34:14.926+0000] {logging_mixin.py:190} INFO - [2025-02-22T20:34:14.925+0000] {dag.py:3239} INFO - Sync 2 DAGs
[2025-02-22T20:34:14.961+0000] {logging_mixin.py:190} INFO - [2025-02-22T20:34:14.961+0000] {dag.py:4180} INFO - Setting next_dagrun for read_dataset_event to 2025-02-21 00:00:00+00:00, run_after=2025-02-22 00:00:00+00:00
[2025-02-22T20:34:14.969+0000] {logging_mixin.py:190} INFO - [2025-02-22T20:34:14.969+0000] {dag.py:4180} INFO - Setting next_dagrun for read_dataset_event_from_classic to 2025-02-21 00:00:00+00:00, run_after=2025-02-22 00:00:00+00:00
[2025-02-22T20:34:14.995+0000] {processor.py:208} INFO - Processing /home/airflow/.local/lib/python3.12/site-packages/airflow/example_dags/example_inlet_event_extra.py took 0.904 seconds
[2025-02-22T20:34:45.455+0000] {processor.py:186} INFO - Started process (PID=207) to work on /home/airflow/.local/lib/python3.12/site-packages/airflow/example_dags/example_inlet_event_extra.py
[2025-02-22T20:34:45.457+0000] {processor.py:914} INFO - Processing file /home/airflow/.local/lib/python3.12/site-packages/airflow/example_dags/example_inlet_event_extra.py for tasks to queue
[2025-02-22T20:34:45.460+0000] {logging_mixin.py:190} INFO - [2025-02-22T20:34:45.460+0000] {dagbag.py:588} INFO - Filling up the DagBag from /home/airflow/.local/lib/python3.12/site-packages/airflow/example_dags/example_inlet_event_extra.py
[2025-02-22T20:34:46.361+0000] {processor.py:925} INFO - DAG(s) 'read_dataset_event', 'read_dataset_event_from_classic' retrieved from /home/airflow/.local/lib/python3.12/site-packages/airflow/example_dags/example_inlet_event_extra.py
[2025-02-22T20:34:46.419+0000] {logging_mixin.py:190} INFO - [2025-02-22T20:34:46.418+0000] {dag.py:3239} INFO - Sync 2 DAGs
[2025-02-22T20:34:46.519+0000] {logging_mixin.py:190} INFO - [2025-02-22T20:34:46.518+0000] {dag.py:4180} INFO - Setting next_dagrun for read_dataset_event to 2025-02-21 00:00:00+00:00, run_after=2025-02-22 00:00:00+00:00
[2025-02-22T20:34:46.529+0000] {logging_mixin.py:190} INFO - [2025-02-22T20:34:46.529+0000] {dag.py:4180} INFO - Setting next_dagrun for read_dataset_event_from_classic to 2025-02-21 00:00:00+00:00, run_after=2025-02-22 00:00:00+00:00
[2025-02-22T20:34:46.559+0000] {processor.py:208} INFO - Processing /home/airflow/.local/lib/python3.12/site-packages/airflow/example_dags/example_inlet_event_extra.py took 1.111 seconds
[2025-02-22T20:35:16.627+0000] {processor.py:186} INFO - Started process (PID=269) to work on /home/airflow/.local/lib/python3.12/site-packages/airflow/example_dags/example_inlet_event_extra.py
[2025-02-22T20:35:16.629+0000] {processor.py:914} INFO - Processing file /home/airflow/.local/lib/python3.12/site-packages/airflow/example_dags/example_inlet_event_extra.py for tasks to queue
[2025-02-22T20:35:16.631+0000] {logging_mixin.py:190} INFO - [2025-02-22T20:35:16.631+0000] {dagbag.py:588} INFO - Filling up the DagBag from /home/airflow/.local/lib/python3.12/site-packages/airflow/example_dags/example_inlet_event_extra.py
[2025-02-22T20:35:17.973+0000] {processor.py:925} INFO - DAG(s) 'read_dataset_event', 'read_dataset_event_from_classic' retrieved from /home/airflow/.local/lib/python3.12/site-packages/airflow/example_dags/example_inlet_event_extra.py
[2025-02-22T20:35:18.035+0000] {logging_mixin.py:190} INFO - [2025-02-22T20:35:18.035+0000] {dag.py:3239} INFO - Sync 2 DAGs
[2025-02-22T20:35:18.087+0000] {logging_mixin.py:190} INFO - [2025-02-22T20:35:18.087+0000] {dag.py:4180} INFO - Setting next_dagrun for read_dataset_event to 2025-02-21 00:00:00+00:00, run_after=2025-02-22 00:00:00+00:00
[2025-02-22T20:35:18.100+0000] {logging_mixin.py:190} INFO - [2025-02-22T20:35:18.099+0000] {dag.py:4180} INFO - Setting next_dagrun for read_dataset_event_from_classic to 2025-02-21 00:00:00+00:00, run_after=2025-02-22 00:00:00+00:00
[2025-02-22T20:35:18.135+0000] {processor.py:208} INFO - Processing /home/airflow/.local/lib/python3.12/site-packages/airflow/example_dags/example_inlet_event_extra.py took 1.518 seconds
[2025-02-22T20:35:48.511+0000] {processor.py:186} INFO - Started process (PID=333) to work on /home/airflow/.local/lib/python3.12/site-packages/airflow/example_dags/example_inlet_event_extra.py
[2025-02-22T20:35:48.512+0000] {processor.py:914} INFO - Processing file /home/airflow/.local/lib/python3.12/site-packages/airflow/example_dags/example_inlet_event_extra.py for tasks to queue
[2025-02-22T20:35:48.515+0000] {logging_mixin.py:190} INFO - [2025-02-22T20:35:48.514+0000] {dagbag.py:588} INFO - Filling up the DagBag from /home/airflow/.local/lib/python3.12/site-packages/airflow/example_dags/example_inlet_event_extra.py
[2025-02-22T20:35:49.218+0000] {processor.py:925} INFO - DAG(s) 'read_dataset_event_from_classic', 'read_dataset_event' retrieved from /home/airflow/.local/lib/python3.12/site-packages/airflow/example_dags/example_inlet_event_extra.py
[2025-02-22T20:35:49.243+0000] {logging_mixin.py:190} INFO - [2025-02-22T20:35:49.243+0000] {dag.py:3239} INFO - Sync 2 DAGs
[2025-02-22T20:35:49.283+0000] {logging_mixin.py:190} INFO - [2025-02-22T20:35:49.283+0000] {dag.py:4180} INFO - Setting next_dagrun for read_dataset_event to 2025-02-21 00:00:00+00:00, run_after=2025-02-22 00:00:00+00:00
[2025-02-22T20:35:49.290+0000] {logging_mixin.py:190} INFO - [2025-02-22T20:35:49.290+0000] {dag.py:4180} INFO - Setting next_dagrun for read_dataset_event_from_classic to 2025-02-21 00:00:00+00:00, run_after=2025-02-22 00:00:00+00:00
[2025-02-22T20:35:49.313+0000] {processor.py:208} INFO - Processing /home/airflow/.local/lib/python3.12/site-packages/airflow/example_dags/example_inlet_event_extra.py took 0.809 seconds
[2025-02-22T20:36:19.673+0000] {processor.py:186} INFO - Started process (PID=397) to work on /home/airflow/.local/lib/python3.12/site-packages/airflow/example_dags/example_inlet_event_extra.py
[2025-02-22T20:36:19.674+0000] {processor.py:914} INFO - Processing file /home/airflow/.local/lib/python3.12/site-packages/airflow/example_dags/example_inlet_event_extra.py for tasks to queue
[2025-02-22T20:36:19.677+0000] {logging_mixin.py:190} INFO - [2025-02-22T20:36:19.676+0000] {dagbag.py:588} INFO - Filling up the DagBag from /home/airflow/.local/lib/python3.12/site-packages/airflow/example_dags/example_inlet_event_extra.py
[2025-02-22T20:36:20.331+0000] {processor.py:925} INFO - DAG(s) 'read_dataset_event_from_classic', 'read_dataset_event' retrieved from /home/airflow/.local/lib/python3.12/site-packages/airflow/example_dags/example_inlet_event_extra.py
[2025-02-22T20:36:20.354+0000] {logging_mixin.py:190} INFO - [2025-02-22T20:36:20.354+0000] {dag.py:3239} INFO - Sync 2 DAGs
[2025-02-22T20:36:20.382+0000] {logging_mixin.py:190} INFO - [2025-02-22T20:36:20.381+0000] {dag.py:4180} INFO - Setting next_dagrun for read_dataset_event to 2025-02-21 00:00:00+00:00, run_after=2025-02-22 00:00:00+00:00
[2025-02-22T20:36:20.388+0000] {logging_mixin.py:190} INFO - [2025-02-22T20:36:20.388+0000] {dag.py:4180} INFO - Setting next_dagrun for read_dataset_event_from_classic to 2025-02-21 00:00:00+00:00, run_after=2025-02-22 00:00:00+00:00
[2025-02-22T20:36:20.409+0000] {processor.py:208} INFO - Processing /home/airflow/.local/lib/python3.12/site-packages/airflow/example_dags/example_inlet_event_extra.py took 0.743 seconds
[2025-02-22T20:36:50.893+0000] {processor.py:186} INFO - Started process (PID=460) to work on /home/airflow/.local/lib/python3.12/site-packages/airflow/example_dags/example_inlet_event_extra.py
[2025-02-22T20:36:50.894+0000] {processor.py:914} INFO - Processing file /home/airflow/.local/lib/python3.12/site-packages/airflow/example_dags/example_inlet_event_extra.py for tasks to queue
[2025-02-22T20:36:50.897+0000] {logging_mixin.py:190} INFO - [2025-02-22T20:36:50.896+0000] {dagbag.py:588} INFO - Filling up the DagBag from /home/airflow/.local/lib/python3.12/site-packages/airflow/example_dags/example_inlet_event_extra.py
[2025-02-22T20:36:51.595+0000] {processor.py:925} INFO - DAG(s) 'read_dataset_event', 'read_dataset_event_from_classic' retrieved from /home/airflow/.local/lib/python3.12/site-packages/airflow/example_dags/example_inlet_event_extra.py
[2025-02-22T20:36:51.618+0000] {logging_mixin.py:190} INFO - [2025-02-22T20:36:51.617+0000] {dag.py:3239} INFO - Sync 2 DAGs
[2025-02-22T20:36:51.658+0000] {logging_mixin.py:190} INFO - [2025-02-22T20:36:51.658+0000] {dag.py:4180} INFO - Setting next_dagrun for read_dataset_event to 2025-02-21 00:00:00+00:00, run_after=2025-02-22 00:00:00+00:00
[2025-02-22T20:36:51.666+0000] {logging_mixin.py:190} INFO - [2025-02-22T20:36:51.665+0000] {dag.py:4180} INFO - Setting next_dagrun for read_dataset_event_from_classic to 2025-02-21 00:00:00+00:00, run_after=2025-02-22 00:00:00+00:00
[2025-02-22T20:36:51.683+0000] {processor.py:208} INFO - Processing /home/airflow/.local/lib/python3.12/site-packages/airflow/example_dags/example_inlet_event_extra.py took 0.798 seconds
[2025-02-22T20:37:21.737+0000] {processor.py:186} INFO - Started process (PID=522) to work on /home/airflow/.local/lib/python3.12/site-packages/airflow/example_dags/example_inlet_event_extra.py
[2025-02-22T20:37:21.738+0000] {processor.py:914} INFO - Processing file /home/airflow/.local/lib/python3.12/site-packages/airflow/example_dags/example_inlet_event_extra.py for tasks to queue
[2025-02-22T20:37:21.741+0000] {logging_mixin.py:190} INFO - [2025-02-22T20:37:21.740+0000] {dagbag.py:588} INFO - Filling up the DagBag from /home/airflow/.local/lib/python3.12/site-packages/airflow/example_dags/example_inlet_event_extra.py
[2025-02-22T20:37:22.346+0000] {processor.py:925} INFO - DAG(s) 'read_dataset_event', 'read_dataset_event_from_classic' retrieved from /home/airflow/.local/lib/python3.12/site-packages/airflow/example_dags/example_inlet_event_extra.py
[2025-02-22T20:37:22.369+0000] {logging_mixin.py:190} INFO - [2025-02-22T20:37:22.369+0000] {dag.py:3239} INFO - Sync 2 DAGs
[2025-02-22T20:37:22.396+0000] {logging_mixin.py:190} INFO - [2025-02-22T20:37:22.395+0000] {dag.py:4180} INFO - Setting next_dagrun for read_dataset_event to 2025-02-21 00:00:00+00:00, run_after=2025-02-22 00:00:00+00:00
[2025-02-22T20:37:22.402+0000] {logging_mixin.py:190} INFO - [2025-02-22T20:37:22.402+0000] {dag.py:4180} INFO - Setting next_dagrun for read_dataset_event_from_classic to 2025-02-21 00:00:00+00:00, run_after=2025-02-22 00:00:00+00:00
[2025-02-22T20:37:22.425+0000] {processor.py:208} INFO - Processing /home/airflow/.local/lib/python3.12/site-packages/airflow/example_dags/example_inlet_event_extra.py took 0.695 seconds
[2025-02-22T20:37:53.051+0000] {processor.py:186} INFO - Started process (PID=585) to work on /home/airflow/.local/lib/python3.12/site-packages/airflow/example_dags/example_inlet_event_extra.py
[2025-02-22T20:37:53.052+0000] {processor.py:914} INFO - Processing file /home/airflow/.local/lib/python3.12/site-packages/airflow/example_dags/example_inlet_event_extra.py for tasks to queue
[2025-02-22T20:37:53.055+0000] {logging_mixin.py:190} INFO - [2025-02-22T20:37:53.055+0000] {dagbag.py:588} INFO - Filling up the DagBag from /home/airflow/.local/lib/python3.12/site-packages/airflow/example_dags/example_inlet_event_extra.py
[2025-02-22T20:37:53.890+0000] {processor.py:925} INFO - DAG(s) 'read_dataset_event_from_classic', 'read_dataset_event' retrieved from /home/airflow/.local/lib/python3.12/site-packages/airflow/example_dags/example_inlet_event_extra.py
[2025-02-22T20:37:53.930+0000] {logging_mixin.py:190} INFO - [2025-02-22T20:37:53.929+0000] {dag.py:3239} INFO - Sync 2 DAGs
[2025-02-22T20:37:53.994+0000] {logging_mixin.py:190} INFO - [2025-02-22T20:37:53.994+0000] {dag.py:4180} INFO - Setting next_dagrun for read_dataset_event to 2025-02-21 00:00:00+00:00, run_after=2025-02-22 00:00:00+00:00
[2025-02-22T20:37:54.005+0000] {logging_mixin.py:190} INFO - [2025-02-22T20:37:54.004+0000] {dag.py:4180} INFO - Setting next_dagrun for read_dataset_event_from_classic to 2025-02-21 00:00:00+00:00, run_after=2025-02-22 00:00:00+00:00
[2025-02-22T20:37:54.051+0000] {processor.py:208} INFO - Processing /home/airflow/.local/lib/python3.12/site-packages/airflow/example_dags/example_inlet_event_extra.py took 1.009 seconds
[2025-02-22T20:38:24.828+0000] {processor.py:186} INFO - Started process (PID=653) to work on /home/airflow/.local/lib/python3.12/site-packages/airflow/example_dags/example_inlet_event_extra.py
[2025-02-22T20:38:24.829+0000] {processor.py:914} INFO - Processing file /home/airflow/.local/lib/python3.12/site-packages/airflow/example_dags/example_inlet_event_extra.py for tasks to queue
[2025-02-22T20:38:24.832+0000] {logging_mixin.py:190} INFO - [2025-02-22T20:38:24.831+0000] {dagbag.py:588} INFO - Filling up the DagBag from /home/airflow/.local/lib/python3.12/site-packages/airflow/example_dags/example_inlet_event_extra.py
[2025-02-22T20:38:25.489+0000] {processor.py:925} INFO - DAG(s) 'read_dataset_event_from_classic', 'read_dataset_event' retrieved from /home/airflow/.local/lib/python3.12/site-packages/airflow/example_dags/example_inlet_event_extra.py
[2025-02-22T20:38:25.514+0000] {logging_mixin.py:190} INFO - [2025-02-22T20:38:25.514+0000] {dag.py:3239} INFO - Sync 2 DAGs
[2025-02-22T20:38:25.550+0000] {logging_mixin.py:190} INFO - [2025-02-22T20:38:25.549+0000] {dag.py:4180} INFO - Setting next_dagrun for read_dataset_event to 2025-02-21 00:00:00+00:00, run_after=2025-02-22 00:00:00+00:00
[2025-02-22T20:38:25.558+0000] {logging_mixin.py:190} INFO - [2025-02-22T20:38:25.557+0000] {dag.py:4180} INFO - Setting next_dagrun for read_dataset_event_from_classic to 2025-02-21 00:00:00+00:00, run_after=2025-02-22 00:00:00+00:00
[2025-02-22T20:38:25.581+0000] {processor.py:208} INFO - Processing /home/airflow/.local/lib/python3.12/site-packages/airflow/example_dags/example_inlet_event_extra.py took 0.760 seconds
[2025-02-22T20:38:56.728+0000] {processor.py:186} INFO - Started process (PID=716) to work on /home/airflow/.local/lib/python3.12/site-packages/airflow/example_dags/example_inlet_event_extra.py
[2025-02-22T20:38:56.730+0000] {processor.py:914} INFO - Processing file /home/airflow/.local/lib/python3.12/site-packages/airflow/example_dags/example_inlet_event_extra.py for tasks to queue
[2025-02-22T20:38:56.748+0000] {logging_mixin.py:190} INFO - [2025-02-22T20:38:56.747+0000] {dagbag.py:588} INFO - Filling up the DagBag from /home/airflow/.local/lib/python3.12/site-packages/airflow/example_dags/example_inlet_event_extra.py
[2025-02-22T20:38:58.184+0000] {processor.py:925} INFO - DAG(s) 'read_dataset_event_from_classic', 'read_dataset_event' retrieved from /home/airflow/.local/lib/python3.12/site-packages/airflow/example_dags/example_inlet_event_extra.py
[2025-02-22T20:38:58.240+0000] {logging_mixin.py:190} INFO - [2025-02-22T20:38:58.240+0000] {dag.py:3239} INFO - Sync 2 DAGs
[2025-02-22T20:38:58.324+0000] {logging_mixin.py:190} INFO - [2025-02-22T20:38:58.323+0000] {dag.py:4180} INFO - Setting next_dagrun for read_dataset_event to 2025-02-21 00:00:00+00:00, run_after=2025-02-22 00:00:00+00:00
[2025-02-22T20:38:58.338+0000] {logging_mixin.py:190} INFO - [2025-02-22T20:38:58.337+0000] {dag.py:4180} INFO - Setting next_dagrun for read_dataset_event_from_classic to 2025-02-21 00:00:00+00:00, run_after=2025-02-22 00:00:00+00:00
[2025-02-22T20:38:58.366+0000] {processor.py:208} INFO - Processing /home/airflow/.local/lib/python3.12/site-packages/airflow/example_dags/example_inlet_event_extra.py took 1.672 seconds
[2025-02-22T20:39:29.207+0000] {processor.py:186} INFO - Started process (PID=785) to work on /home/airflow/.local/lib/python3.12/site-packages/airflow/example_dags/example_inlet_event_extra.py
[2025-02-22T20:39:29.208+0000] {processor.py:914} INFO - Processing file /home/airflow/.local/lib/python3.12/site-packages/airflow/example_dags/example_inlet_event_extra.py for tasks to queue
[2025-02-22T20:39:29.212+0000] {logging_mixin.py:190} INFO - [2025-02-22T20:39:29.212+0000] {dagbag.py:588} INFO - Filling up the DagBag from /home/airflow/.local/lib/python3.12/site-packages/airflow/example_dags/example_inlet_event_extra.py
[2025-02-22T20:39:29.826+0000] {processor.py:925} INFO - DAG(s) 'read_dataset_event_from_classic', 'read_dataset_event' retrieved from /home/airflow/.local/lib/python3.12/site-packages/airflow/example_dags/example_inlet_event_extra.py
[2025-02-22T20:39:29.850+0000] {logging_mixin.py:190} INFO - [2025-02-22T20:39:29.850+0000] {dag.py:3239} INFO - Sync 2 DAGs
[2025-02-22T20:39:29.876+0000] {logging_mixin.py:190} INFO - [2025-02-22T20:39:29.876+0000] {dag.py:4180} INFO - Setting next_dagrun for read_dataset_event to 2025-02-21 00:00:00+00:00, run_after=2025-02-22 00:00:00+00:00
[2025-02-22T20:39:29.884+0000] {logging_mixin.py:190} INFO - [2025-02-22T20:39:29.884+0000] {dag.py:4180} INFO - Setting next_dagrun for read_dataset_event_from_classic to 2025-02-21 00:00:00+00:00, run_after=2025-02-22 00:00:00+00:00
[2025-02-22T20:39:29.903+0000] {processor.py:208} INFO - Processing /home/airflow/.local/lib/python3.12/site-packages/airflow/example_dags/example_inlet_event_extra.py took 0.703 seconds
[2025-02-22T20:40:00.500+0000] {processor.py:186} INFO - Started process (PID=848) to work on /home/airflow/.local/lib/python3.12/site-packages/airflow/example_dags/example_inlet_event_extra.py
[2025-02-22T20:40:00.502+0000] {processor.py:914} INFO - Processing file /home/airflow/.local/lib/python3.12/site-packages/airflow/example_dags/example_inlet_event_extra.py for tasks to queue
[2025-02-22T20:40:00.506+0000] {logging_mixin.py:190} INFO - [2025-02-22T20:40:00.506+0000] {dagbag.py:588} INFO - Filling up the DagBag from /home/airflow/.local/lib/python3.12/site-packages/airflow/example_dags/example_inlet_event_extra.py
[2025-02-22T20:40:01.678+0000] {processor.py:925} INFO - DAG(s) 'read_dataset_event_from_classic', 'read_dataset_event' retrieved from /home/airflow/.local/lib/python3.12/site-packages/airflow/example_dags/example_inlet_event_extra.py
[2025-02-22T20:40:01.714+0000] {logging_mixin.py:190} INFO - [2025-02-22T20:40:01.713+0000] {dag.py:3239} INFO - Sync 2 DAGs
[2025-02-22T20:40:01.780+0000] {logging_mixin.py:190} INFO - [2025-02-22T20:40:01.780+0000] {dag.py:4180} INFO - Setting next_dagrun for read_dataset_event to 2025-02-21 00:00:00+00:00, run_after=2025-02-22 00:00:00+00:00
[2025-02-22T20:40:01.792+0000] {logging_mixin.py:190} INFO - [2025-02-22T20:40:01.792+0000] {dag.py:4180} INFO - Setting next_dagrun for read_dataset_event_from_classic to 2025-02-21 00:00:00+00:00, run_after=2025-02-22 00:00:00+00:00
[2025-02-22T20:40:01.819+0000] {processor.py:208} INFO - Processing /home/airflow/.local/lib/python3.12/site-packages/airflow/example_dags/example_inlet_event_extra.py took 1.335 seconds
[2025-02-22T20:40:32.551+0000] {processor.py:186} INFO - Started process (PID=911) to work on /home/airflow/.local/lib/python3.12/site-packages/airflow/example_dags/example_inlet_event_extra.py
[2025-02-22T20:40:32.552+0000] {processor.py:914} INFO - Processing file /home/airflow/.local/lib/python3.12/site-packages/airflow/example_dags/example_inlet_event_extra.py for tasks to queue
[2025-02-22T20:40:32.555+0000] {logging_mixin.py:190} INFO - [2025-02-22T20:40:32.555+0000] {dagbag.py:588} INFO - Filling up the DagBag from /home/airflow/.local/lib/python3.12/site-packages/airflow/example_dags/example_inlet_event_extra.py
[2025-02-22T20:40:33.209+0000] {processor.py:925} INFO - DAG(s) 'read_dataset_event_from_classic', 'read_dataset_event' retrieved from /home/airflow/.local/lib/python3.12/site-packages/airflow/example_dags/example_inlet_event_extra.py
[2025-02-22T20:40:33.233+0000] {logging_mixin.py:190} INFO - [2025-02-22T20:40:33.233+0000] {dag.py:3239} INFO - Sync 2 DAGs
[2025-02-22T20:40:33.262+0000] {logging_mixin.py:190} INFO - [2025-02-22T20:40:33.261+0000] {dag.py:4180} INFO - Setting next_dagrun for read_dataset_event to 2025-02-21 00:00:00+00:00, run_after=2025-02-22 00:00:00+00:00
[2025-02-22T20:40:33.268+0000] {logging_mixin.py:190} INFO - [2025-02-22T20:40:33.268+0000] {dag.py:4180} INFO - Setting next_dagrun for read_dataset_event_from_classic to 2025-02-21 00:00:00+00:00, run_after=2025-02-22 00:00:00+00:00
[2025-02-22T20:40:33.289+0000] {processor.py:208} INFO - Processing /home/airflow/.local/lib/python3.12/site-packages/airflow/example_dags/example_inlet_event_extra.py took 0.744 seconds
[2025-02-22T20:41:03.628+0000] {processor.py:186} INFO - Started process (PID=974) to work on /home/airflow/.local/lib/python3.12/site-packages/airflow/example_dags/example_inlet_event_extra.py
[2025-02-22T20:41:03.629+0000] {processor.py:914} INFO - Processing file /home/airflow/.local/lib/python3.12/site-packages/airflow/example_dags/example_inlet_event_extra.py for tasks to queue
[2025-02-22T20:41:03.632+0000] {logging_mixin.py:190} INFO - [2025-02-22T20:41:03.632+0000] {dagbag.py:588} INFO - Filling up the DagBag from /home/airflow/.local/lib/python3.12/site-packages/airflow/example_dags/example_inlet_event_extra.py
[2025-02-22T20:41:04.350+0000] {processor.py:925} INFO - DAG(s) 'read_dataset_event', 'read_dataset_event_from_classic' retrieved from /home/airflow/.local/lib/python3.12/site-packages/airflow/example_dags/example_inlet_event_extra.py
[2025-02-22T20:41:04.378+0000] {logging_mixin.py:190} INFO - [2025-02-22T20:41:04.377+0000] {dag.py:3239} INFO - Sync 2 DAGs
[2025-02-22T20:41:04.408+0000] {logging_mixin.py:190} INFO - [2025-02-22T20:41:04.408+0000] {dag.py:4180} INFO - Setting next_dagrun for read_dataset_event to 2025-02-21 00:00:00+00:00, run_after=2025-02-22 00:00:00+00:00
[2025-02-22T20:41:04.414+0000] {logging_mixin.py:190} INFO - [2025-02-22T20:41:04.414+0000] {dag.py:4180} INFO - Setting next_dagrun for read_dataset_event_from_classic to 2025-02-21 00:00:00+00:00, run_after=2025-02-22 00:00:00+00:00
[2025-02-22T20:41:04.438+0000] {processor.py:208} INFO - Processing /home/airflow/.local/lib/python3.12/site-packages/airflow/example_dags/example_inlet_event_extra.py took 0.816 seconds
[2025-02-22T20:41:34.524+0000] {processor.py:186} INFO - Started process (PID=1037) to work on /home/airflow/.local/lib/python3.12/site-packages/airflow/example_dags/example_inlet_event_extra.py
[2025-02-22T20:41:34.526+0000] {processor.py:914} INFO - Processing file /home/airflow/.local/lib/python3.12/site-packages/airflow/example_dags/example_inlet_event_extra.py for tasks to queue
[2025-02-22T20:41:34.530+0000] {logging_mixin.py:190} INFO - [2025-02-22T20:41:34.529+0000] {dagbag.py:588} INFO - Filling up the DagBag from /home/airflow/.local/lib/python3.12/site-packages/airflow/example_dags/example_inlet_event_extra.py
[2025-02-22T20:41:35.407+0000] {processor.py:925} INFO - DAG(s) 'read_dataset_event_from_classic', 'read_dataset_event' retrieved from /home/airflow/.local/lib/python3.12/site-packages/airflow/example_dags/example_inlet_event_extra.py
[2025-02-22T20:41:35.436+0000] {logging_mixin.py:190} INFO - [2025-02-22T20:41:35.436+0000] {dag.py:3239} INFO - Sync 2 DAGs
[2025-02-22T20:41:35.474+0000] {logging_mixin.py:190} INFO - [2025-02-22T20:41:35.474+0000] {dag.py:4180} INFO - Setting next_dagrun for read_dataset_event to 2025-02-21 00:00:00+00:00, run_after=2025-02-22 00:00:00+00:00
[2025-02-22T20:41:35.482+0000] {logging_mixin.py:190} INFO - [2025-02-22T20:41:35.481+0000] {dag.py:4180} INFO - Setting next_dagrun for read_dataset_event_from_classic to 2025-02-21 00:00:00+00:00, run_after=2025-02-22 00:00:00+00:00
[2025-02-22T20:41:35.505+0000] {processor.py:208} INFO - Processing /home/airflow/.local/lib/python3.12/site-packages/airflow/example_dags/example_inlet_event_extra.py took 0.991 seconds
[2025-02-22T20:42:06.327+0000] {processor.py:186} INFO - Started process (PID=1100) to work on /home/airflow/.local/lib/python3.12/site-packages/airflow/example_dags/example_inlet_event_extra.py
[2025-02-22T20:42:06.330+0000] {processor.py:914} INFO - Processing file /home/airflow/.local/lib/python3.12/site-packages/airflow/example_dags/example_inlet_event_extra.py for tasks to queue
[2025-02-22T20:42:06.336+0000] {logging_mixin.py:190} INFO - [2025-02-22T20:42:06.336+0000] {dagbag.py:588} INFO - Filling up the DagBag from /home/airflow/.local/lib/python3.12/site-packages/airflow/example_dags/example_inlet_event_extra.py
[2025-02-22T20:42:07.981+0000] {processor.py:925} INFO - DAG(s) 'read_dataset_event_from_classic', 'read_dataset_event' retrieved from /home/airflow/.local/lib/python3.12/site-packages/airflow/example_dags/example_inlet_event_extra.py
[2025-02-22T20:42:08.139+0000] {logging_mixin.py:190} INFO - [2025-02-22T20:42:08.138+0000] {dag.py:3239} INFO - Sync 2 DAGs
[2025-02-22T20:42:08.242+0000] {logging_mixin.py:190} INFO - [2025-02-22T20:42:08.242+0000] {dag.py:4180} INFO - Setting next_dagrun for read_dataset_event to 2025-02-21 00:00:00+00:00, run_after=2025-02-22 00:00:00+00:00
[2025-02-22T20:42:08.262+0000] {logging_mixin.py:190} INFO - [2025-02-22T20:42:08.261+0000] {dag.py:4180} INFO - Setting next_dagrun for read_dataset_event_from_classic to 2025-02-21 00:00:00+00:00, run_after=2025-02-22 00:00:00+00:00
[2025-02-22T20:42:08.322+0000] {processor.py:208} INFO - Processing /home/airflow/.local/lib/python3.12/site-packages/airflow/example_dags/example_inlet_event_extra.py took 2.009 seconds
[2025-02-22T20:42:38.551+0000] {processor.py:186} INFO - Started process (PID=1163) to work on /home/airflow/.local/lib/python3.12/site-packages/airflow/example_dags/example_inlet_event_extra.py
[2025-02-22T20:42:38.552+0000] {processor.py:914} INFO - Processing file /home/airflow/.local/lib/python3.12/site-packages/airflow/example_dags/example_inlet_event_extra.py for tasks to queue
[2025-02-22T20:42:38.555+0000] {logging_mixin.py:190} INFO - [2025-02-22T20:42:38.555+0000] {dagbag.py:588} INFO - Filling up the DagBag from /home/airflow/.local/lib/python3.12/site-packages/airflow/example_dags/example_inlet_event_extra.py
[2025-02-22T20:42:39.302+0000] {processor.py:925} INFO - DAG(s) 'read_dataset_event', 'read_dataset_event_from_classic' retrieved from /home/airflow/.local/lib/python3.12/site-packages/airflow/example_dags/example_inlet_event_extra.py
[2025-02-22T20:42:39.336+0000] {logging_mixin.py:190} INFO - [2025-02-22T20:42:39.336+0000] {dag.py:3239} INFO - Sync 2 DAGs
[2025-02-22T20:42:39.373+0000] {logging_mixin.py:190} INFO - [2025-02-22T20:42:39.373+0000] {dag.py:4180} INFO - Setting next_dagrun for read_dataset_event to 2025-02-21 00:00:00+00:00, run_after=2025-02-22 00:00:00+00:00
[2025-02-22T20:42:39.384+0000] {logging_mixin.py:190} INFO - [2025-02-22T20:42:39.383+0000] {dag.py:4180} INFO - Setting next_dagrun for read_dataset_event_from_classic to 2025-02-21 00:00:00+00:00, run_after=2025-02-22 00:00:00+00:00
[2025-02-22T20:42:39.409+0000] {processor.py:208} INFO - Processing /home/airflow/.local/lib/python3.12/site-packages/airflow/example_dags/example_inlet_event_extra.py took 0.865 seconds
[2025-02-22T20:43:09.837+0000] {processor.py:186} INFO - Started process (PID=1226) to work on /home/airflow/.local/lib/python3.12/site-packages/airflow/example_dags/example_inlet_event_extra.py
[2025-02-22T20:43:09.838+0000] {processor.py:914} INFO - Processing file /home/airflow/.local/lib/python3.12/site-packages/airflow/example_dags/example_inlet_event_extra.py for tasks to queue
[2025-02-22T20:43:09.841+0000] {logging_mixin.py:190} INFO - [2025-02-22T20:43:09.840+0000] {dagbag.py:588} INFO - Filling up the DagBag from /home/airflow/.local/lib/python3.12/site-packages/airflow/example_dags/example_inlet_event_extra.py
[2025-02-22T20:43:10.488+0000] {processor.py:925} INFO - DAG(s) 'read_dataset_event_from_classic', 'read_dataset_event' retrieved from /home/airflow/.local/lib/python3.12/site-packages/airflow/example_dags/example_inlet_event_extra.py
[2025-02-22T20:43:10.514+0000] {logging_mixin.py:190} INFO - [2025-02-22T20:43:10.514+0000] {dag.py:3239} INFO - Sync 2 DAGs
[2025-02-22T20:43:10.540+0000] {logging_mixin.py:190} INFO - [2025-02-22T20:43:10.540+0000] {dag.py:4180} INFO - Setting next_dagrun for read_dataset_event to 2025-02-21 00:00:00+00:00, run_after=2025-02-22 00:00:00+00:00
[2025-02-22T20:43:10.546+0000] {logging_mixin.py:190} INFO - [2025-02-22T20:43:10.546+0000] {dag.py:4180} INFO - Setting next_dagrun for read_dataset_event_from_classic to 2025-02-21 00:00:00+00:00, run_after=2025-02-22 00:00:00+00:00
[2025-02-22T20:43:10.567+0000] {processor.py:208} INFO - Processing /home/airflow/.local/lib/python3.12/site-packages/airflow/example_dags/example_inlet_event_extra.py took 0.738 seconds
[2025-02-22T20:43:40.978+0000] {processor.py:186} INFO - Started process (PID=1289) to work on /home/airflow/.local/lib/python3.12/site-packages/airflow/example_dags/example_inlet_event_extra.py
[2025-02-22T20:43:40.979+0000] {processor.py:914} INFO - Processing file /home/airflow/.local/lib/python3.12/site-packages/airflow/example_dags/example_inlet_event_extra.py for tasks to queue
[2025-02-22T20:43:40.981+0000] {logging_mixin.py:190} INFO - [2025-02-22T20:43:40.981+0000] {dagbag.py:588} INFO - Filling up the DagBag from /home/airflow/.local/lib/python3.12/site-packages/airflow/example_dags/example_inlet_event_extra.py
[2025-02-22T20:43:41.622+0000] {processor.py:925} INFO - DAG(s) 'read_dataset_event', 'read_dataset_event_from_classic' retrieved from /home/airflow/.local/lib/python3.12/site-packages/airflow/example_dags/example_inlet_event_extra.py
[2025-02-22T20:43:41.644+0000] {logging_mixin.py:190} INFO - [2025-02-22T20:43:41.644+0000] {dag.py:3239} INFO - Sync 2 DAGs
[2025-02-22T20:43:41.677+0000] {logging_mixin.py:190} INFO - [2025-02-22T20:43:41.676+0000] {dag.py:4180} INFO - Setting next_dagrun for read_dataset_event to 2025-02-21 00:00:00+00:00, run_after=2025-02-22 00:00:00+00:00
[2025-02-22T20:43:41.682+0000] {logging_mixin.py:190} INFO - [2025-02-22T20:43:41.682+0000] {dag.py:4180} INFO - Setting next_dagrun for read_dataset_event_from_classic to 2025-02-21 00:00:00+00:00, run_after=2025-02-22 00:00:00+00:00
[2025-02-22T20:43:41.702+0000] {processor.py:208} INFO - Processing /home/airflow/.local/lib/python3.12/site-packages/airflow/example_dags/example_inlet_event_extra.py took 0.731 seconds
[2025-02-22T20:44:12.202+0000] {processor.py:186} INFO - Started process (PID=1352) to work on /home/airflow/.local/lib/python3.12/site-packages/airflow/example_dags/example_inlet_event_extra.py
[2025-02-22T20:44:12.204+0000] {processor.py:914} INFO - Processing file /home/airflow/.local/lib/python3.12/site-packages/airflow/example_dags/example_inlet_event_extra.py for tasks to queue
[2025-02-22T20:44:12.207+0000] {logging_mixin.py:190} INFO - [2025-02-22T20:44:12.206+0000] {dagbag.py:588} INFO - Filling up the DagBag from /home/airflow/.local/lib/python3.12/site-packages/airflow/example_dags/example_inlet_event_extra.py
[2025-02-22T20:44:12.895+0000] {processor.py:925} INFO - DAG(s) 'read_dataset_event_from_classic', 'read_dataset_event' retrieved from /home/airflow/.local/lib/python3.12/site-packages/airflow/example_dags/example_inlet_event_extra.py
[2025-02-22T20:44:12.925+0000] {logging_mixin.py:190} INFO - [2025-02-22T20:44:12.925+0000] {dag.py:3239} INFO - Sync 2 DAGs
[2025-02-22T20:44:12.960+0000] {logging_mixin.py:190} INFO - [2025-02-22T20:44:12.960+0000] {dag.py:4180} INFO - Setting next_dagrun for read_dataset_event to 2025-02-21 00:00:00+00:00, run_after=2025-02-22 00:00:00+00:00
[2025-02-22T20:44:12.970+0000] {logging_mixin.py:190} INFO - [2025-02-22T20:44:12.969+0000] {dag.py:4180} INFO - Setting next_dagrun for read_dataset_event_from_classic to 2025-02-21 00:00:00+00:00, run_after=2025-02-22 00:00:00+00:00
[2025-02-22T20:44:12.995+0000] {processor.py:208} INFO - Processing /home/airflow/.local/lib/python3.12/site-packages/airflow/example_dags/example_inlet_event_extra.py took 0.800 seconds
[2025-02-22T20:44:43.755+0000] {processor.py:186} INFO - Started process (PID=1415) to work on /home/airflow/.local/lib/python3.12/site-packages/airflow/example_dags/example_inlet_event_extra.py
[2025-02-22T20:44:43.756+0000] {processor.py:914} INFO - Processing file /home/airflow/.local/lib/python3.12/site-packages/airflow/example_dags/example_inlet_event_extra.py for tasks to queue
[2025-02-22T20:44:43.759+0000] {logging_mixin.py:190} INFO - [2025-02-22T20:44:43.758+0000] {dagbag.py:588} INFO - Filling up the DagBag from /home/airflow/.local/lib/python3.12/site-packages/airflow/example_dags/example_inlet_event_extra.py
[2025-02-22T20:44:44.510+0000] {processor.py:925} INFO - DAG(s) 'read_dataset_event_from_classic', 'read_dataset_event' retrieved from /home/airflow/.local/lib/python3.12/site-packages/airflow/example_dags/example_inlet_event_extra.py
[2025-02-22T20:44:44.532+0000] {logging_mixin.py:190} INFO - [2025-02-22T20:44:44.532+0000] {dag.py:3239} INFO - Sync 2 DAGs
[2025-02-22T20:44:44.559+0000] {logging_mixin.py:190} INFO - [2025-02-22T20:44:44.559+0000] {dag.py:4180} INFO - Setting next_dagrun for read_dataset_event to 2025-02-21 00:00:00+00:00, run_after=2025-02-22 00:00:00+00:00
[2025-02-22T20:44:44.565+0000] {logging_mixin.py:190} INFO - [2025-02-22T20:44:44.565+0000] {dag.py:4180} INFO - Setting next_dagrun for read_dataset_event_from_classic to 2025-02-21 00:00:00+00:00, run_after=2025-02-22 00:00:00+00:00
[2025-02-22T20:44:44.584+0000] {processor.py:208} INFO - Processing /home/airflow/.local/lib/python3.12/site-packages/airflow/example_dags/example_inlet_event_extra.py took 0.838 seconds
[2025-02-22T20:45:15.012+0000] {processor.py:186} INFO - Started process (PID=1478) to work on /home/airflow/.local/lib/python3.12/site-packages/airflow/example_dags/example_inlet_event_extra.py
[2025-02-22T20:45:15.016+0000] {processor.py:914} INFO - Processing file /home/airflow/.local/lib/python3.12/site-packages/airflow/example_dags/example_inlet_event_extra.py for tasks to queue
[2025-02-22T20:45:15.019+0000] {logging_mixin.py:190} INFO - [2025-02-22T20:45:15.018+0000] {dagbag.py:588} INFO - Filling up the DagBag from /home/airflow/.local/lib/python3.12/site-packages/airflow/example_dags/example_inlet_event_extra.py
[2025-02-22T20:45:15.706+0000] {processor.py:925} INFO - DAG(s) 'read_dataset_event_from_classic', 'read_dataset_event' retrieved from /home/airflow/.local/lib/python3.12/site-packages/airflow/example_dags/example_inlet_event_extra.py
[2025-02-22T20:45:15.731+0000] {logging_mixin.py:190} INFO - [2025-02-22T20:45:15.731+0000] {dag.py:3239} INFO - Sync 2 DAGs
[2025-02-22T20:45:15.765+0000] {logging_mixin.py:190} INFO - [2025-02-22T20:45:15.764+0000] {dag.py:4180} INFO - Setting next_dagrun for read_dataset_event to 2025-02-21 00:00:00+00:00, run_after=2025-02-22 00:00:00+00:00
[2025-02-22T20:45:15.771+0000] {logging_mixin.py:190} INFO - [2025-02-22T20:45:15.770+0000] {dag.py:4180} INFO - Setting next_dagrun for read_dataset_event_from_classic to 2025-02-21 00:00:00+00:00, run_after=2025-02-22 00:00:00+00:00
[2025-02-22T20:45:15.789+0000] {processor.py:208} INFO - Processing /home/airflow/.local/lib/python3.12/site-packages/airflow/example_dags/example_inlet_event_extra.py took 0.784 seconds
[2025-02-22T20:45:45.896+0000] {processor.py:186} INFO - Started process (PID=1541) to work on /home/airflow/.local/lib/python3.12/site-packages/airflow/example_dags/example_inlet_event_extra.py
[2025-02-22T20:45:45.898+0000] {processor.py:914} INFO - Processing file /home/airflow/.local/lib/python3.12/site-packages/airflow/example_dags/example_inlet_event_extra.py for tasks to queue
[2025-02-22T20:45:45.904+0000] {logging_mixin.py:190} INFO - [2025-02-22T20:45:45.901+0000] {dagbag.py:588} INFO - Filling up the DagBag from /home/airflow/.local/lib/python3.12/site-packages/airflow/example_dags/example_inlet_event_extra.py
[2025-02-22T20:45:46.848+0000] {processor.py:925} INFO - DAG(s) 'read_dataset_event_from_classic', 'read_dataset_event' retrieved from /home/airflow/.local/lib/python3.12/site-packages/airflow/example_dags/example_inlet_event_extra.py
[2025-02-22T20:45:46.879+0000] {logging_mixin.py:190} INFO - [2025-02-22T20:45:46.879+0000] {dag.py:3239} INFO - Sync 2 DAGs
[2025-02-22T20:45:46.917+0000] {logging_mixin.py:190} INFO - [2025-02-22T20:45:46.917+0000] {dag.py:4180} INFO - Setting next_dagrun for read_dataset_event to 2025-02-21 00:00:00+00:00, run_after=2025-02-22 00:00:00+00:00
[2025-02-22T20:45:46.925+0000] {logging_mixin.py:190} INFO - [2025-02-22T20:45:46.924+0000] {dag.py:4180} INFO - Setting next_dagrun for read_dataset_event_from_classic to 2025-02-21 00:00:00+00:00, run_after=2025-02-22 00:00:00+00:00
[2025-02-22T20:45:46.947+0000] {processor.py:208} INFO - Processing /home/airflow/.local/lib/python3.12/site-packages/airflow/example_dags/example_inlet_event_extra.py took 1.059 seconds
[2025-02-22T20:46:17.020+0000] {processor.py:186} INFO - Started process (PID=1603) to work on /home/airflow/.local/lib/python3.12/site-packages/airflow/example_dags/example_inlet_event_extra.py
[2025-02-22T20:46:17.021+0000] {processor.py:914} INFO - Processing file /home/airflow/.local/lib/python3.12/site-packages/airflow/example_dags/example_inlet_event_extra.py for tasks to queue
[2025-02-22T20:46:17.024+0000] {logging_mixin.py:190} INFO - [2025-02-22T20:46:17.023+0000] {dagbag.py:588} INFO - Filling up the DagBag from /home/airflow/.local/lib/python3.12/site-packages/airflow/example_dags/example_inlet_event_extra.py
[2025-02-22T20:46:17.759+0000] {processor.py:925} INFO - DAG(s) 'read_dataset_event', 'read_dataset_event_from_classic' retrieved from /home/airflow/.local/lib/python3.12/site-packages/airflow/example_dags/example_inlet_event_extra.py
[2025-02-22T20:46:17.780+0000] {logging_mixin.py:190} INFO - [2025-02-22T20:46:17.780+0000] {dag.py:3239} INFO - Sync 2 DAGs
[2025-02-22T20:46:17.807+0000] {logging_mixin.py:190} INFO - [2025-02-22T20:46:17.806+0000] {dag.py:4180} INFO - Setting next_dagrun for read_dataset_event to 2025-02-21 00:00:00+00:00, run_after=2025-02-22 00:00:00+00:00
[2025-02-22T20:46:17.814+0000] {logging_mixin.py:190} INFO - [2025-02-22T20:46:17.814+0000] {dag.py:4180} INFO - Setting next_dagrun for read_dataset_event_from_classic to 2025-02-21 00:00:00+00:00, run_after=2025-02-22 00:00:00+00:00
[2025-02-22T20:46:17.836+0000] {processor.py:208} INFO - Processing /home/airflow/.local/lib/python3.12/site-packages/airflow/example_dags/example_inlet_event_extra.py took 0.823 seconds
[2025-02-22T20:46:49.176+0000] {processor.py:186} INFO - Started process (PID=1669) to work on /home/airflow/.local/lib/python3.12/site-packages/airflow/example_dags/example_inlet_event_extra.py
[2025-02-22T20:46:49.178+0000] {processor.py:914} INFO - Processing file /home/airflow/.local/lib/python3.12/site-packages/airflow/example_dags/example_inlet_event_extra.py for tasks to queue
[2025-02-22T20:46:49.182+0000] {logging_mixin.py:190} INFO - [2025-02-22T20:46:49.181+0000] {dagbag.py:588} INFO - Filling up the DagBag from /home/airflow/.local/lib/python3.12/site-packages/airflow/example_dags/example_inlet_event_extra.py
[2025-02-22T20:46:49.932+0000] {processor.py:925} INFO - DAG(s) 'read_dataset_event_from_classic', 'read_dataset_event' retrieved from /home/airflow/.local/lib/python3.12/site-packages/airflow/example_dags/example_inlet_event_extra.py
[2025-02-22T20:46:49.955+0000] {logging_mixin.py:190} INFO - [2025-02-22T20:46:49.955+0000] {dag.py:3239} INFO - Sync 2 DAGs
[2025-02-22T20:46:49.991+0000] {logging_mixin.py:190} INFO - [2025-02-22T20:46:49.991+0000] {dag.py:4180} INFO - Setting next_dagrun for read_dataset_event to 2025-02-21 00:00:00+00:00, run_after=2025-02-22 00:00:00+00:00
[2025-02-22T20:46:49.998+0000] {logging_mixin.py:190} INFO - [2025-02-22T20:46:49.997+0000] {dag.py:4180} INFO - Setting next_dagrun for read_dataset_event_from_classic to 2025-02-21 00:00:00+00:00, run_after=2025-02-22 00:00:00+00:00
[2025-02-22T20:46:50.033+0000] {processor.py:208} INFO - Processing /home/airflow/.local/lib/python3.12/site-packages/airflow/example_dags/example_inlet_event_extra.py took 0.864 seconds
[2025-02-22T20:47:20.398+0000] {processor.py:186} INFO - Started process (PID=1734) to work on /home/airflow/.local/lib/python3.12/site-packages/airflow/example_dags/example_inlet_event_extra.py
[2025-02-22T20:47:20.399+0000] {processor.py:914} INFO - Processing file /home/airflow/.local/lib/python3.12/site-packages/airflow/example_dags/example_inlet_event_extra.py for tasks to queue
[2025-02-22T20:47:20.402+0000] {logging_mixin.py:190} INFO - [2025-02-22T20:47:20.401+0000] {dagbag.py:588} INFO - Filling up the DagBag from /home/airflow/.local/lib/python3.12/site-packages/airflow/example_dags/example_inlet_event_extra.py
[2025-02-22T20:47:21.035+0000] {processor.py:925} INFO - DAG(s) 'read_dataset_event', 'read_dataset_event_from_classic' retrieved from /home/airflow/.local/lib/python3.12/site-packages/airflow/example_dags/example_inlet_event_extra.py
[2025-02-22T20:47:21.058+0000] {logging_mixin.py:190} INFO - [2025-02-22T20:47:21.058+0000] {dag.py:3239} INFO - Sync 2 DAGs
[2025-02-22T20:47:21.089+0000] {logging_mixin.py:190} INFO - [2025-02-22T20:47:21.088+0000] {dag.py:4180} INFO - Setting next_dagrun for read_dataset_event to 2025-02-21 00:00:00+00:00, run_after=2025-02-22 00:00:00+00:00
[2025-02-22T20:47:21.095+0000] {logging_mixin.py:190} INFO - [2025-02-22T20:47:21.094+0000] {dag.py:4180} INFO - Setting next_dagrun for read_dataset_event_from_classic to 2025-02-21 00:00:00+00:00, run_after=2025-02-22 00:00:00+00:00
[2025-02-22T20:47:21.115+0000] {processor.py:208} INFO - Processing /home/airflow/.local/lib/python3.12/site-packages/airflow/example_dags/example_inlet_event_extra.py took 0.724 seconds
[2025-02-22T20:47:51.476+0000] {processor.py:186} INFO - Started process (PID=1799) to work on /home/airflow/.local/lib/python3.12/site-packages/airflow/example_dags/example_inlet_event_extra.py
[2025-02-22T20:47:51.477+0000] {processor.py:914} INFO - Processing file /home/airflow/.local/lib/python3.12/site-packages/airflow/example_dags/example_inlet_event_extra.py for tasks to queue
[2025-02-22T20:47:51.480+0000] {logging_mixin.py:190} INFO - [2025-02-22T20:47:51.480+0000] {dagbag.py:588} INFO - Filling up the DagBag from /home/airflow/.local/lib/python3.12/site-packages/airflow/example_dags/example_inlet_event_extra.py
[2025-02-22T20:47:52.201+0000] {processor.py:925} INFO - DAG(s) 'read_dataset_event_from_classic', 'read_dataset_event' retrieved from /home/airflow/.local/lib/python3.12/site-packages/airflow/example_dags/example_inlet_event_extra.py
[2025-02-22T20:47:52.225+0000] {logging_mixin.py:190} INFO - [2025-02-22T20:47:52.225+0000] {dag.py:3239} INFO - Sync 2 DAGs
[2025-02-22T20:47:52.253+0000] {logging_mixin.py:190} INFO - [2025-02-22T20:47:52.253+0000] {dag.py:4180} INFO - Setting next_dagrun for read_dataset_event to 2025-02-21 00:00:00+00:00, run_after=2025-02-22 00:00:00+00:00
[2025-02-22T20:47:52.261+0000] {logging_mixin.py:190} INFO - [2025-02-22T20:47:52.261+0000] {dag.py:4180} INFO - Setting next_dagrun for read_dataset_event_from_classic to 2025-02-21 00:00:00+00:00, run_after=2025-02-22 00:00:00+00:00
[2025-02-22T20:47:52.282+0000] {processor.py:208} INFO - Processing /home/airflow/.local/lib/python3.12/site-packages/airflow/example_dags/example_inlet_event_extra.py took 0.813 seconds
[2025-02-22T20:48:22.856+0000] {processor.py:186} INFO - Started process (PID=1863) to work on /home/airflow/.local/lib/python3.12/site-packages/airflow/example_dags/example_inlet_event_extra.py
[2025-02-22T20:48:22.857+0000] {processor.py:914} INFO - Processing file /home/airflow/.local/lib/python3.12/site-packages/airflow/example_dags/example_inlet_event_extra.py for tasks to queue
[2025-02-22T20:48:22.860+0000] {logging_mixin.py:190} INFO - [2025-02-22T20:48:22.860+0000] {dagbag.py:588} INFO - Filling up the DagBag from /home/airflow/.local/lib/python3.12/site-packages/airflow/example_dags/example_inlet_event_extra.py
[2025-02-22T20:48:23.486+0000] {processor.py:925} INFO - DAG(s) 'read_dataset_event', 'read_dataset_event_from_classic' retrieved from /home/airflow/.local/lib/python3.12/site-packages/airflow/example_dags/example_inlet_event_extra.py
[2025-02-22T20:48:23.510+0000] {logging_mixin.py:190} INFO - [2025-02-22T20:48:23.509+0000] {dag.py:3239} INFO - Sync 2 DAGs
[2025-02-22T20:48:23.539+0000] {logging_mixin.py:190} INFO - [2025-02-22T20:48:23.539+0000] {dag.py:4180} INFO - Setting next_dagrun for read_dataset_event to 2025-02-21 00:00:00+00:00, run_after=2025-02-22 00:00:00+00:00
[2025-02-22T20:48:23.545+0000] {logging_mixin.py:190} INFO - [2025-02-22T20:48:23.545+0000] {dag.py:4180} INFO - Setting next_dagrun for read_dataset_event_from_classic to 2025-02-21 00:00:00+00:00, run_after=2025-02-22 00:00:00+00:00
[2025-02-22T20:48:23.564+0000] {processor.py:208} INFO - Processing /home/airflow/.local/lib/python3.12/site-packages/airflow/example_dags/example_inlet_event_extra.py took 0.715 seconds
[2025-02-22T20:48:54.274+0000] {processor.py:186} INFO - Started process (PID=1927) to work on /home/airflow/.local/lib/python3.12/site-packages/airflow/example_dags/example_inlet_event_extra.py
[2025-02-22T20:48:54.275+0000] {processor.py:914} INFO - Processing file /home/airflow/.local/lib/python3.12/site-packages/airflow/example_dags/example_inlet_event_extra.py for tasks to queue
[2025-02-22T20:48:54.280+0000] {logging_mixin.py:190} INFO - [2025-02-22T20:48:54.279+0000] {dagbag.py:588} INFO - Filling up the DagBag from /home/airflow/.local/lib/python3.12/site-packages/airflow/example_dags/example_inlet_event_extra.py
[2025-02-22T20:48:55.103+0000] {processor.py:925} INFO - DAG(s) 'read_dataset_event', 'read_dataset_event_from_classic' retrieved from /home/airflow/.local/lib/python3.12/site-packages/airflow/example_dags/example_inlet_event_extra.py
[2025-02-22T20:48:55.135+0000] {logging_mixin.py:190} INFO - [2025-02-22T20:48:55.134+0000] {dag.py:3239} INFO - Sync 2 DAGs
[2025-02-22T20:48:55.169+0000] {logging_mixin.py:190} INFO - [2025-02-22T20:48:55.169+0000] {dag.py:4180} INFO - Setting next_dagrun for read_dataset_event to 2025-02-21 00:00:00+00:00, run_after=2025-02-22 00:00:00+00:00
[2025-02-22T20:48:55.177+0000] {logging_mixin.py:190} INFO - [2025-02-22T20:48:55.177+0000] {dag.py:4180} INFO - Setting next_dagrun for read_dataset_event_from_classic to 2025-02-21 00:00:00+00:00, run_after=2025-02-22 00:00:00+00:00
[2025-02-22T20:48:55.196+0000] {processor.py:208} INFO - Processing /home/airflow/.local/lib/python3.12/site-packages/airflow/example_dags/example_inlet_event_extra.py took 0.931 seconds
[2025-02-22T23:49:13.864+0000] {processor.py:186} INFO - Started process (PID=1987) to work on /home/airflow/.local/lib/python3.12/site-packages/airflow/example_dags/example_inlet_event_extra.py
[2025-02-22T23:49:13.865+0000] {processor.py:914} INFO - Processing file /home/airflow/.local/lib/python3.12/site-packages/airflow/example_dags/example_inlet_event_extra.py for tasks to queue
[2025-02-22T23:49:13.869+0000] {logging_mixin.py:190} INFO - [2025-02-22T23:49:13.868+0000] {dagbag.py:588} INFO - Filling up the DagBag from /home/airflow/.local/lib/python3.12/site-packages/airflow/example_dags/example_inlet_event_extra.py
