[2025-02-22T20:33:52.591+0000] {processor.py:186} INFO - Started process (PID=104) to work on /home/airflow/.local/lib/python3.12/site-packages/airflow/example_dags/tutorial_dag.py
[2025-02-22T20:33:52.593+0000] {processor.py:914} INFO - Processing file /home/airflow/.local/lib/python3.12/site-packages/airflow/example_dags/tutorial_dag.py for tasks to queue
[2025-02-22T20:33:52.597+0000] {logging_mixin.py:190} INFO - [2025-02-22T20:33:52.596+0000] {dagbag.py:588} INFO - Filling up the DagBag from /home/airflow/.local/lib/python3.12/site-packages/airflow/example_dags/tutorial_dag.py
[2025-02-22T20:33:52.611+0000] {processor.py:925} INFO - DAG(s) 'tutorial_dag' retrieved from /home/airflow/.local/lib/python3.12/site-packages/airflow/example_dags/tutorial_dag.py
[2025-02-22T20:33:52.800+0000] {logging_mixin.py:190} INFO - [2025-02-22T20:33:52.799+0000] {override.py:1912} INFO - Created Permission View: can edit on DAG:tutorial_dag
[2025-02-22T20:33:52.816+0000] {logging_mixin.py:190} INFO - [2025-02-22T20:33:52.815+0000] {override.py:1912} INFO - Created Permission View: can read on DAG:tutorial_dag
[2025-02-22T20:33:52.826+0000] {logging_mixin.py:190} INFO - [2025-02-22T20:33:52.825+0000] {override.py:1912} INFO - Created Permission View: can delete on DAG:tutorial_dag
[2025-02-22T20:33:52.837+0000] {logging_mixin.py:190} INFO - [2025-02-22T20:33:52.837+0000] {override.py:1912} INFO - Created Permission View: can read on DAG Run:tutorial_dag
[2025-02-22T20:33:52.848+0000] {logging_mixin.py:190} INFO - [2025-02-22T20:33:52.847+0000] {override.py:1912} INFO - Created Permission View: menu access on DAG Run:tutorial_dag
[2025-02-22T20:33:52.858+0000] {logging_mixin.py:190} INFO - [2025-02-22T20:33:52.857+0000] {override.py:1912} INFO - Created Permission View: can create on DAG Run:tutorial_dag
[2025-02-22T20:33:52.868+0000] {logging_mixin.py:190} INFO - [2025-02-22T20:33:52.867+0000] {override.py:1912} INFO - Created Permission View: can delete on DAG Run:tutorial_dag
[2025-02-22T20:33:52.869+0000] {logging_mixin.py:190} INFO - [2025-02-22T20:33:52.868+0000] {dag.py:3239} INFO - Sync 1 DAGs
[2025-02-22T20:33:52.887+0000] {logging_mixin.py:190} INFO - [2025-02-22T20:33:52.887+0000] {dag.py:3262} INFO - Creating ORM DAG for tutorial_dag
[2025-02-22T20:33:52.888+0000] {logging_mixin.py:190} INFO - [2025-02-22T20:33:52.888+0000] {dag.py:4180} INFO - Setting next_dagrun for tutorial_dag to None, run_after=None
[2025-02-22T20:33:52.912+0000] {processor.py:208} INFO - Processing /home/airflow/.local/lib/python3.12/site-packages/airflow/example_dags/tutorial_dag.py took 0.331 seconds
[2025-02-22T20:34:23.080+0000] {processor.py:186} INFO - Started process (PID=166) to work on /home/airflow/.local/lib/python3.12/site-packages/airflow/example_dags/tutorial_dag.py
[2025-02-22T20:34:23.081+0000] {processor.py:914} INFO - Processing file /home/airflow/.local/lib/python3.12/site-packages/airflow/example_dags/tutorial_dag.py for tasks to queue
[2025-02-22T20:34:23.084+0000] {logging_mixin.py:190} INFO - [2025-02-22T20:34:23.084+0000] {dagbag.py:588} INFO - Filling up the DagBag from /home/airflow/.local/lib/python3.12/site-packages/airflow/example_dags/tutorial_dag.py
[2025-02-22T20:34:23.094+0000] {processor.py:925} INFO - DAG(s) 'tutorial_dag' retrieved from /home/airflow/.local/lib/python3.12/site-packages/airflow/example_dags/tutorial_dag.py
[2025-02-22T20:34:23.126+0000] {logging_mixin.py:190} INFO - [2025-02-22T20:34:23.125+0000] {dag.py:3239} INFO - Sync 1 DAGs
[2025-02-22T20:34:23.146+0000] {logging_mixin.py:190} INFO - [2025-02-22T20:34:23.146+0000] {dag.py:4180} INFO - Setting next_dagrun for tutorial_dag to None, run_after=None
[2025-02-22T20:34:23.178+0000] {processor.py:208} INFO - Processing /home/airflow/.local/lib/python3.12/site-packages/airflow/example_dags/tutorial_dag.py took 0.107 seconds
[2025-02-22T20:34:53.659+0000] {processor.py:186} INFO - Started process (PID=229) to work on /home/airflow/.local/lib/python3.12/site-packages/airflow/example_dags/tutorial_dag.py
[2025-02-22T20:34:53.660+0000] {processor.py:914} INFO - Processing file /home/airflow/.local/lib/python3.12/site-packages/airflow/example_dags/tutorial_dag.py for tasks to queue
[2025-02-22T20:34:53.663+0000] {logging_mixin.py:190} INFO - [2025-02-22T20:34:53.663+0000] {dagbag.py:588} INFO - Filling up the DagBag from /home/airflow/.local/lib/python3.12/site-packages/airflow/example_dags/tutorial_dag.py
[2025-02-22T20:34:53.677+0000] {processor.py:925} INFO - DAG(s) 'tutorial_dag' retrieved from /home/airflow/.local/lib/python3.12/site-packages/airflow/example_dags/tutorial_dag.py
[2025-02-22T20:34:53.711+0000] {logging_mixin.py:190} INFO - [2025-02-22T20:34:53.710+0000] {dag.py:3239} INFO - Sync 1 DAGs
[2025-02-22T20:34:53.745+0000] {logging_mixin.py:190} INFO - [2025-02-22T20:34:53.744+0000] {dag.py:4180} INFO - Setting next_dagrun for tutorial_dag to None, run_after=None
[2025-02-22T20:34:53.792+0000] {processor.py:208} INFO - Processing /home/airflow/.local/lib/python3.12/site-packages/airflow/example_dags/tutorial_dag.py took 0.141 seconds
[2025-02-22T20:35:24.274+0000] {processor.py:186} INFO - Started process (PID=291) to work on /home/airflow/.local/lib/python3.12/site-packages/airflow/example_dags/tutorial_dag.py
[2025-02-22T20:35:24.276+0000] {processor.py:914} INFO - Processing file /home/airflow/.local/lib/python3.12/site-packages/airflow/example_dags/tutorial_dag.py for tasks to queue
[2025-02-22T20:35:24.279+0000] {logging_mixin.py:190} INFO - [2025-02-22T20:35:24.279+0000] {dagbag.py:588} INFO - Filling up the DagBag from /home/airflow/.local/lib/python3.12/site-packages/airflow/example_dags/tutorial_dag.py
[2025-02-22T20:35:24.291+0000] {processor.py:925} INFO - DAG(s) 'tutorial_dag' retrieved from /home/airflow/.local/lib/python3.12/site-packages/airflow/example_dags/tutorial_dag.py
[2025-02-22T20:35:24.319+0000] {logging_mixin.py:190} INFO - [2025-02-22T20:35:24.318+0000] {dag.py:3239} INFO - Sync 1 DAGs
[2025-02-22T20:35:24.341+0000] {logging_mixin.py:190} INFO - [2025-02-22T20:35:24.341+0000] {dag.py:4180} INFO - Setting next_dagrun for tutorial_dag to None, run_after=None
[2025-02-22T20:35:24.374+0000] {processor.py:208} INFO - Processing /home/airflow/.local/lib/python3.12/site-packages/airflow/example_dags/tutorial_dag.py took 0.109 seconds
[2025-02-22T20:35:54.849+0000] {processor.py:186} INFO - Started process (PID=354) to work on /home/airflow/.local/lib/python3.12/site-packages/airflow/example_dags/tutorial_dag.py
[2025-02-22T20:35:54.850+0000] {processor.py:914} INFO - Processing file /home/airflow/.local/lib/python3.12/site-packages/airflow/example_dags/tutorial_dag.py for tasks to queue
[2025-02-22T20:35:54.854+0000] {logging_mixin.py:190} INFO - [2025-02-22T20:35:54.853+0000] {dagbag.py:588} INFO - Filling up the DagBag from /home/airflow/.local/lib/python3.12/site-packages/airflow/example_dags/tutorial_dag.py
[2025-02-22T20:35:54.868+0000] {processor.py:925} INFO - DAG(s) 'tutorial_dag' retrieved from /home/airflow/.local/lib/python3.12/site-packages/airflow/example_dags/tutorial_dag.py
[2025-02-22T20:35:54.898+0000] {logging_mixin.py:190} INFO - [2025-02-22T20:35:54.898+0000] {dag.py:3239} INFO - Sync 1 DAGs
[2025-02-22T20:35:54.921+0000] {logging_mixin.py:190} INFO - [2025-02-22T20:35:54.920+0000] {dag.py:4180} INFO - Setting next_dagrun for tutorial_dag to None, run_after=None
[2025-02-22T20:35:54.949+0000] {processor.py:208} INFO - Processing /home/airflow/.local/lib/python3.12/site-packages/airflow/example_dags/tutorial_dag.py took 0.109 seconds
[2025-02-22T20:36:25.155+0000] {processor.py:186} INFO - Started process (PID=417) to work on /home/airflow/.local/lib/python3.12/site-packages/airflow/example_dags/tutorial_dag.py
[2025-02-22T20:36:25.156+0000] {processor.py:914} INFO - Processing file /home/airflow/.local/lib/python3.12/site-packages/airflow/example_dags/tutorial_dag.py for tasks to queue
[2025-02-22T20:36:25.159+0000] {logging_mixin.py:190} INFO - [2025-02-22T20:36:25.159+0000] {dagbag.py:588} INFO - Filling up the DagBag from /home/airflow/.local/lib/python3.12/site-packages/airflow/example_dags/tutorial_dag.py
[2025-02-22T20:36:25.168+0000] {processor.py:925} INFO - DAG(s) 'tutorial_dag' retrieved from /home/airflow/.local/lib/python3.12/site-packages/airflow/example_dags/tutorial_dag.py
[2025-02-22T20:36:25.201+0000] {logging_mixin.py:190} INFO - [2025-02-22T20:36:25.201+0000] {dag.py:3239} INFO - Sync 1 DAGs
[2025-02-22T20:36:25.220+0000] {logging_mixin.py:190} INFO - [2025-02-22T20:36:25.220+0000] {dag.py:4180} INFO - Setting next_dagrun for tutorial_dag to None, run_after=None
[2025-02-22T20:36:25.243+0000] {processor.py:208} INFO - Processing /home/airflow/.local/lib/python3.12/site-packages/airflow/example_dags/tutorial_dag.py took 0.094 seconds
[2025-02-22T20:36:56.054+0000] {processor.py:186} INFO - Started process (PID=480) to work on /home/airflow/.local/lib/python3.12/site-packages/airflow/example_dags/tutorial_dag.py
[2025-02-22T20:36:56.055+0000] {processor.py:914} INFO - Processing file /home/airflow/.local/lib/python3.12/site-packages/airflow/example_dags/tutorial_dag.py for tasks to queue
[2025-02-22T20:36:56.058+0000] {logging_mixin.py:190} INFO - [2025-02-22T20:36:56.058+0000] {dagbag.py:588} INFO - Filling up the DagBag from /home/airflow/.local/lib/python3.12/site-packages/airflow/example_dags/tutorial_dag.py
[2025-02-22T20:36:56.067+0000] {processor.py:925} INFO - DAG(s) 'tutorial_dag' retrieved from /home/airflow/.local/lib/python3.12/site-packages/airflow/example_dags/tutorial_dag.py
[2025-02-22T20:36:56.089+0000] {logging_mixin.py:190} INFO - [2025-02-22T20:36:56.088+0000] {dag.py:3239} INFO - Sync 1 DAGs
[2025-02-22T20:36:56.105+0000] {logging_mixin.py:190} INFO - [2025-02-22T20:36:56.105+0000] {dag.py:4180} INFO - Setting next_dagrun for tutorial_dag to None, run_after=None
[2025-02-22T20:36:56.127+0000] {processor.py:208} INFO - Processing /home/airflow/.local/lib/python3.12/site-packages/airflow/example_dags/tutorial_dag.py took 0.080 seconds
[2025-02-22T20:37:26.410+0000] {processor.py:186} INFO - Started process (PID=542) to work on /home/airflow/.local/lib/python3.12/site-packages/airflow/example_dags/tutorial_dag.py
[2025-02-22T20:37:26.411+0000] {processor.py:914} INFO - Processing file /home/airflow/.local/lib/python3.12/site-packages/airflow/example_dags/tutorial_dag.py for tasks to queue
[2025-02-22T20:37:26.416+0000] {logging_mixin.py:190} INFO - [2025-02-22T20:37:26.415+0000] {dagbag.py:588} INFO - Filling up the DagBag from /home/airflow/.local/lib/python3.12/site-packages/airflow/example_dags/tutorial_dag.py
[2025-02-22T20:37:26.425+0000] {processor.py:925} INFO - DAG(s) 'tutorial_dag' retrieved from /home/airflow/.local/lib/python3.12/site-packages/airflow/example_dags/tutorial_dag.py
[2025-02-22T20:37:26.448+0000] {logging_mixin.py:190} INFO - [2025-02-22T20:37:26.447+0000] {dag.py:3239} INFO - Sync 1 DAGs
[2025-02-22T20:37:26.470+0000] {logging_mixin.py:190} INFO - [2025-02-22T20:37:26.470+0000] {dag.py:4180} INFO - Setting next_dagrun for tutorial_dag to None, run_after=None
[2025-02-22T20:37:26.499+0000] {processor.py:208} INFO - Processing /home/airflow/.local/lib/python3.12/site-packages/airflow/example_dags/tutorial_dag.py took 0.097 seconds
[2025-02-22T20:37:56.647+0000] {processor.py:186} INFO - Started process (PID=611) to work on /home/airflow/.local/lib/python3.12/site-packages/airflow/example_dags/tutorial_dag.py
[2025-02-22T20:37:56.648+0000] {processor.py:914} INFO - Processing file /home/airflow/.local/lib/python3.12/site-packages/airflow/example_dags/tutorial_dag.py for tasks to queue
[2025-02-22T20:37:56.652+0000] {logging_mixin.py:190} INFO - [2025-02-22T20:37:56.652+0000] {dagbag.py:588} INFO - Filling up the DagBag from /home/airflow/.local/lib/python3.12/site-packages/airflow/example_dags/tutorial_dag.py
[2025-02-22T20:37:56.662+0000] {processor.py:925} INFO - DAG(s) 'tutorial_dag' retrieved from /home/airflow/.local/lib/python3.12/site-packages/airflow/example_dags/tutorial_dag.py
[2025-02-22T20:37:56.693+0000] {logging_mixin.py:190} INFO - [2025-02-22T20:37:56.693+0000] {dag.py:3239} INFO - Sync 1 DAGs
[2025-02-22T20:37:56.715+0000] {logging_mixin.py:190} INFO - [2025-02-22T20:37:56.715+0000] {dag.py:4180} INFO - Setting next_dagrun for tutorial_dag to None, run_after=None
[2025-02-22T20:37:56.748+0000] {processor.py:208} INFO - Processing /home/airflow/.local/lib/python3.12/site-packages/airflow/example_dags/tutorial_dag.py took 0.109 seconds
[2025-02-22T20:38:27.004+0000] {processor.py:186} INFO - Started process (PID=674) to work on /home/airflow/.local/lib/python3.12/site-packages/airflow/example_dags/tutorial_dag.py
[2025-02-22T20:38:27.005+0000] {processor.py:914} INFO - Processing file /home/airflow/.local/lib/python3.12/site-packages/airflow/example_dags/tutorial_dag.py for tasks to queue
[2025-02-22T20:38:27.008+0000] {logging_mixin.py:190} INFO - [2025-02-22T20:38:27.007+0000] {dagbag.py:588} INFO - Filling up the DagBag from /home/airflow/.local/lib/python3.12/site-packages/airflow/example_dags/tutorial_dag.py
[2025-02-22T20:38:27.016+0000] {processor.py:925} INFO - DAG(s) 'tutorial_dag' retrieved from /home/airflow/.local/lib/python3.12/site-packages/airflow/example_dags/tutorial_dag.py
[2025-02-22T20:38:27.038+0000] {logging_mixin.py:190} INFO - [2025-02-22T20:38:27.038+0000] {dag.py:3239} INFO - Sync 1 DAGs
[2025-02-22T20:38:27.055+0000] {logging_mixin.py:190} INFO - [2025-02-22T20:38:27.055+0000] {dag.py:4180} INFO - Setting next_dagrun for tutorial_dag to None, run_after=None
[2025-02-22T20:38:27.077+0000] {processor.py:208} INFO - Processing /home/airflow/.local/lib/python3.12/site-packages/airflow/example_dags/tutorial_dag.py took 0.080 seconds
[2025-02-22T20:39:00.231+0000] {processor.py:186} INFO - Started process (PID=737) to work on /home/airflow/.local/lib/python3.12/site-packages/airflow/example_dags/tutorial_dag.py
[2025-02-22T20:39:00.232+0000] {processor.py:914} INFO - Processing file /home/airflow/.local/lib/python3.12/site-packages/airflow/example_dags/tutorial_dag.py for tasks to queue
[2025-02-22T20:39:00.235+0000] {logging_mixin.py:190} INFO - [2025-02-22T20:39:00.235+0000] {dagbag.py:588} INFO - Filling up the DagBag from /home/airflow/.local/lib/python3.12/site-packages/airflow/example_dags/tutorial_dag.py
[2025-02-22T20:39:00.249+0000] {processor.py:925} INFO - DAG(s) 'tutorial_dag' retrieved from /home/airflow/.local/lib/python3.12/site-packages/airflow/example_dags/tutorial_dag.py
[2025-02-22T20:39:00.288+0000] {logging_mixin.py:190} INFO - [2025-02-22T20:39:00.288+0000] {dag.py:3239} INFO - Sync 1 DAGs
[2025-02-22T20:39:00.324+0000] {logging_mixin.py:190} INFO - [2025-02-22T20:39:00.323+0000] {dag.py:4180} INFO - Setting next_dagrun for tutorial_dag to None, run_after=None
[2025-02-22T20:39:00.364+0000] {processor.py:208} INFO - Processing /home/airflow/.local/lib/python3.12/site-packages/airflow/example_dags/tutorial_dag.py took 0.142 seconds
[2025-02-22T20:39:30.900+0000] {processor.py:186} INFO - Started process (PID=800) to work on /home/airflow/.local/lib/python3.12/site-packages/airflow/example_dags/tutorial_dag.py
[2025-02-22T20:39:30.901+0000] {processor.py:914} INFO - Processing file /home/airflow/.local/lib/python3.12/site-packages/airflow/example_dags/tutorial_dag.py for tasks to queue
[2025-02-22T20:39:30.904+0000] {logging_mixin.py:190} INFO - [2025-02-22T20:39:30.903+0000] {dagbag.py:588} INFO - Filling up the DagBag from /home/airflow/.local/lib/python3.12/site-packages/airflow/example_dags/tutorial_dag.py
[2025-02-22T20:39:30.912+0000] {processor.py:925} INFO - DAG(s) 'tutorial_dag' retrieved from /home/airflow/.local/lib/python3.12/site-packages/airflow/example_dags/tutorial_dag.py
[2025-02-22T20:39:30.934+0000] {logging_mixin.py:190} INFO - [2025-02-22T20:39:30.934+0000] {dag.py:3239} INFO - Sync 1 DAGs
[2025-02-22T20:39:30.951+0000] {logging_mixin.py:190} INFO - [2025-02-22T20:39:30.950+0000] {dag.py:4180} INFO - Setting next_dagrun for tutorial_dag to None, run_after=None
[2025-02-22T20:39:30.977+0000] {processor.py:208} INFO - Processing /home/airflow/.local/lib/python3.12/site-packages/airflow/example_dags/tutorial_dag.py took 0.084 seconds
[2025-02-22T20:40:03.374+0000] {processor.py:186} INFO - Started process (PID=863) to work on /home/airflow/.local/lib/python3.12/site-packages/airflow/example_dags/tutorial_dag.py
[2025-02-22T20:40:03.376+0000] {processor.py:914} INFO - Processing file /home/airflow/.local/lib/python3.12/site-packages/airflow/example_dags/tutorial_dag.py for tasks to queue
[2025-02-22T20:40:03.379+0000] {logging_mixin.py:190} INFO - [2025-02-22T20:40:03.379+0000] {dagbag.py:588} INFO - Filling up the DagBag from /home/airflow/.local/lib/python3.12/site-packages/airflow/example_dags/tutorial_dag.py
[2025-02-22T20:40:03.387+0000] {processor.py:925} INFO - DAG(s) 'tutorial_dag' retrieved from /home/airflow/.local/lib/python3.12/site-packages/airflow/example_dags/tutorial_dag.py
[2025-02-22T20:40:03.410+0000] {logging_mixin.py:190} INFO - [2025-02-22T20:40:03.410+0000] {dag.py:3239} INFO - Sync 1 DAGs
[2025-02-22T20:40:03.427+0000] {logging_mixin.py:190} INFO - [2025-02-22T20:40:03.427+0000] {dag.py:4180} INFO - Setting next_dagrun for tutorial_dag to None, run_after=None
[2025-02-22T20:40:03.452+0000] {processor.py:208} INFO - Processing /home/airflow/.local/lib/python3.12/site-packages/airflow/example_dags/tutorial_dag.py took 0.084 seconds
[2025-02-22T20:40:34.769+0000] {processor.py:186} INFO - Started process (PID=926) to work on /home/airflow/.local/lib/python3.12/site-packages/airflow/example_dags/tutorial_dag.py
[2025-02-22T20:40:34.770+0000] {processor.py:914} INFO - Processing file /home/airflow/.local/lib/python3.12/site-packages/airflow/example_dags/tutorial_dag.py for tasks to queue
[2025-02-22T20:40:34.773+0000] {logging_mixin.py:190} INFO - [2025-02-22T20:40:34.773+0000] {dagbag.py:588} INFO - Filling up the DagBag from /home/airflow/.local/lib/python3.12/site-packages/airflow/example_dags/tutorial_dag.py
[2025-02-22T20:40:34.783+0000] {processor.py:925} INFO - DAG(s) 'tutorial_dag' retrieved from /home/airflow/.local/lib/python3.12/site-packages/airflow/example_dags/tutorial_dag.py
[2025-02-22T20:40:34.813+0000] {logging_mixin.py:190} INFO - [2025-02-22T20:40:34.813+0000] {dag.py:3239} INFO - Sync 1 DAGs
[2025-02-22T20:40:34.832+0000] {logging_mixin.py:190} INFO - [2025-02-22T20:40:34.832+0000] {dag.py:4180} INFO - Setting next_dagrun for tutorial_dag to None, run_after=None
[2025-02-22T20:40:34.858+0000] {processor.py:208} INFO - Processing /home/airflow/.local/lib/python3.12/site-packages/airflow/example_dags/tutorial_dag.py took 0.097 seconds
[2025-02-22T20:41:06.081+0000] {processor.py:186} INFO - Started process (PID=989) to work on /home/airflow/.local/lib/python3.12/site-packages/airflow/example_dags/tutorial_dag.py
[2025-02-22T20:41:06.083+0000] {processor.py:914} INFO - Processing file /home/airflow/.local/lib/python3.12/site-packages/airflow/example_dags/tutorial_dag.py for tasks to queue
[2025-02-22T20:41:06.089+0000] {logging_mixin.py:190} INFO - [2025-02-22T20:41:06.088+0000] {dagbag.py:588} INFO - Filling up the DagBag from /home/airflow/.local/lib/python3.12/site-packages/airflow/example_dags/tutorial_dag.py
[2025-02-22T20:41:06.109+0000] {processor.py:925} INFO - DAG(s) 'tutorial_dag' retrieved from /home/airflow/.local/lib/python3.12/site-packages/airflow/example_dags/tutorial_dag.py
[2025-02-22T20:41:06.153+0000] {logging_mixin.py:190} INFO - [2025-02-22T20:41:06.153+0000] {dag.py:3239} INFO - Sync 1 DAGs
[2025-02-22T20:41:06.196+0000] {logging_mixin.py:190} INFO - [2025-02-22T20:41:06.196+0000] {dag.py:4180} INFO - Setting next_dagrun for tutorial_dag to None, run_after=None
[2025-02-22T20:41:06.232+0000] {processor.py:208} INFO - Processing /home/airflow/.local/lib/python3.12/site-packages/airflow/example_dags/tutorial_dag.py took 0.168 seconds
[2025-02-22T20:41:37.112+0000] {processor.py:186} INFO - Started process (PID=1052) to work on /home/airflow/.local/lib/python3.12/site-packages/airflow/example_dags/tutorial_dag.py
[2025-02-22T20:41:37.114+0000] {processor.py:914} INFO - Processing file /home/airflow/.local/lib/python3.12/site-packages/airflow/example_dags/tutorial_dag.py for tasks to queue
[2025-02-22T20:41:37.117+0000] {logging_mixin.py:190} INFO - [2025-02-22T20:41:37.117+0000] {dagbag.py:588} INFO - Filling up the DagBag from /home/airflow/.local/lib/python3.12/site-packages/airflow/example_dags/tutorial_dag.py
[2025-02-22T20:41:37.129+0000] {processor.py:925} INFO - DAG(s) 'tutorial_dag' retrieved from /home/airflow/.local/lib/python3.12/site-packages/airflow/example_dags/tutorial_dag.py
[2025-02-22T20:41:37.159+0000] {logging_mixin.py:190} INFO - [2025-02-22T20:41:37.159+0000] {dag.py:3239} INFO - Sync 1 DAGs
[2025-02-22T20:41:37.183+0000] {logging_mixin.py:190} INFO - [2025-02-22T20:41:37.183+0000] {dag.py:4180} INFO - Setting next_dagrun for tutorial_dag to None, run_after=None
[2025-02-22T20:41:37.215+0000] {processor.py:208} INFO - Processing /home/airflow/.local/lib/python3.12/site-packages/airflow/example_dags/tutorial_dag.py took 0.111 seconds
[2025-02-22T20:42:10.383+0000] {processor.py:186} INFO - Started process (PID=1115) to work on /home/airflow/.local/lib/python3.12/site-packages/airflow/example_dags/tutorial_dag.py
[2025-02-22T20:42:10.385+0000] {processor.py:914} INFO - Processing file /home/airflow/.local/lib/python3.12/site-packages/airflow/example_dags/tutorial_dag.py for tasks to queue
[2025-02-22T20:42:10.392+0000] {logging_mixin.py:190} INFO - [2025-02-22T20:42:10.391+0000] {dagbag.py:588} INFO - Filling up the DagBag from /home/airflow/.local/lib/python3.12/site-packages/airflow/example_dags/tutorial_dag.py
[2025-02-22T20:42:10.407+0000] {processor.py:925} INFO - DAG(s) 'tutorial_dag' retrieved from /home/airflow/.local/lib/python3.12/site-packages/airflow/example_dags/tutorial_dag.py
[2025-02-22T20:42:10.447+0000] {logging_mixin.py:190} INFO - [2025-02-22T20:42:10.447+0000] {dag.py:3239} INFO - Sync 1 DAGs
[2025-02-22T20:42:10.476+0000] {logging_mixin.py:190} INFO - [2025-02-22T20:42:10.475+0000] {dag.py:4180} INFO - Setting next_dagrun for tutorial_dag to None, run_after=None
[2025-02-22T20:42:10.509+0000] {processor.py:208} INFO - Processing /home/airflow/.local/lib/python3.12/site-packages/airflow/example_dags/tutorial_dag.py took 0.137 seconds
[2025-02-22T20:42:41.212+0000] {processor.py:186} INFO - Started process (PID=1178) to work on /home/airflow/.local/lib/python3.12/site-packages/airflow/example_dags/tutorial_dag.py
[2025-02-22T20:42:41.213+0000] {processor.py:914} INFO - Processing file /home/airflow/.local/lib/python3.12/site-packages/airflow/example_dags/tutorial_dag.py for tasks to queue
[2025-02-22T20:42:41.216+0000] {logging_mixin.py:190} INFO - [2025-02-22T20:42:41.216+0000] {dagbag.py:588} INFO - Filling up the DagBag from /home/airflow/.local/lib/python3.12/site-packages/airflow/example_dags/tutorial_dag.py
[2025-02-22T20:42:41.227+0000] {processor.py:925} INFO - DAG(s) 'tutorial_dag' retrieved from /home/airflow/.local/lib/python3.12/site-packages/airflow/example_dags/tutorial_dag.py
[2025-02-22T20:42:41.256+0000] {logging_mixin.py:190} INFO - [2025-02-22T20:42:41.256+0000] {dag.py:3239} INFO - Sync 1 DAGs
[2025-02-22T20:42:41.276+0000] {logging_mixin.py:190} INFO - [2025-02-22T20:42:41.276+0000] {dag.py:4180} INFO - Setting next_dagrun for tutorial_dag to None, run_after=None
[2025-02-22T20:42:41.310+0000] {processor.py:208} INFO - Processing /home/airflow/.local/lib/python3.12/site-packages/airflow/example_dags/tutorial_dag.py took 0.106 seconds
[2025-02-22T20:43:11.592+0000] {processor.py:186} INFO - Started process (PID=1241) to work on /home/airflow/.local/lib/python3.12/site-packages/airflow/example_dags/tutorial_dag.py
[2025-02-22T20:43:11.594+0000] {processor.py:914} INFO - Processing file /home/airflow/.local/lib/python3.12/site-packages/airflow/example_dags/tutorial_dag.py for tasks to queue
[2025-02-22T20:43:11.597+0000] {logging_mixin.py:190} INFO - [2025-02-22T20:43:11.596+0000] {dagbag.py:588} INFO - Filling up the DagBag from /home/airflow/.local/lib/python3.12/site-packages/airflow/example_dags/tutorial_dag.py
[2025-02-22T20:43:11.605+0000] {processor.py:925} INFO - DAG(s) 'tutorial_dag' retrieved from /home/airflow/.local/lib/python3.12/site-packages/airflow/example_dags/tutorial_dag.py
[2025-02-22T20:43:11.627+0000] {logging_mixin.py:190} INFO - [2025-02-22T20:43:11.627+0000] {dag.py:3239} INFO - Sync 1 DAGs
[2025-02-22T20:43:11.644+0000] {logging_mixin.py:190} INFO - [2025-02-22T20:43:11.644+0000] {dag.py:4180} INFO - Setting next_dagrun for tutorial_dag to None, run_after=None
[2025-02-22T20:43:11.667+0000] {processor.py:208} INFO - Processing /home/airflow/.local/lib/python3.12/site-packages/airflow/example_dags/tutorial_dag.py took 0.081 seconds
[2025-02-22T20:43:43.207+0000] {processor.py:186} INFO - Started process (PID=1304) to work on /home/airflow/.local/lib/python3.12/site-packages/airflow/example_dags/tutorial_dag.py
[2025-02-22T20:43:43.208+0000] {processor.py:914} INFO - Processing file /home/airflow/.local/lib/python3.12/site-packages/airflow/example_dags/tutorial_dag.py for tasks to queue
[2025-02-22T20:43:43.211+0000] {logging_mixin.py:190} INFO - [2025-02-22T20:43:43.211+0000] {dagbag.py:588} INFO - Filling up the DagBag from /home/airflow/.local/lib/python3.12/site-packages/airflow/example_dags/tutorial_dag.py
[2025-02-22T20:43:43.221+0000] {processor.py:925} INFO - DAG(s) 'tutorial_dag' retrieved from /home/airflow/.local/lib/python3.12/site-packages/airflow/example_dags/tutorial_dag.py
[2025-02-22T20:43:43.245+0000] {logging_mixin.py:190} INFO - [2025-02-22T20:43:43.245+0000] {dag.py:3239} INFO - Sync 1 DAGs
[2025-02-22T20:43:43.265+0000] {logging_mixin.py:190} INFO - [2025-02-22T20:43:43.265+0000] {dag.py:4180} INFO - Setting next_dagrun for tutorial_dag to None, run_after=None
[2025-02-22T20:43:43.287+0000] {processor.py:208} INFO - Processing /home/airflow/.local/lib/python3.12/site-packages/airflow/example_dags/tutorial_dag.py took 0.088 seconds
[2025-02-22T20:44:14.589+0000] {processor.py:186} INFO - Started process (PID=1369) to work on /home/airflow/.local/lib/python3.12/site-packages/airflow/example_dags/tutorial_dag.py
[2025-02-22T20:44:14.590+0000] {processor.py:914} INFO - Processing file /home/airflow/.local/lib/python3.12/site-packages/airflow/example_dags/tutorial_dag.py for tasks to queue
[2025-02-22T20:44:14.593+0000] {logging_mixin.py:190} INFO - [2025-02-22T20:44:14.593+0000] {dagbag.py:588} INFO - Filling up the DagBag from /home/airflow/.local/lib/python3.12/site-packages/airflow/example_dags/tutorial_dag.py
[2025-02-22T20:44:14.602+0000] {processor.py:925} INFO - DAG(s) 'tutorial_dag' retrieved from /home/airflow/.local/lib/python3.12/site-packages/airflow/example_dags/tutorial_dag.py
[2025-02-22T20:44:14.628+0000] {logging_mixin.py:190} INFO - [2025-02-22T20:44:14.628+0000] {dag.py:3239} INFO - Sync 1 DAGs
[2025-02-22T20:44:14.647+0000] {logging_mixin.py:190} INFO - [2025-02-22T20:44:14.647+0000] {dag.py:4180} INFO - Setting next_dagrun for tutorial_dag to None, run_after=None
[2025-02-22T20:44:14.673+0000] {processor.py:208} INFO - Processing /home/airflow/.local/lib/python3.12/site-packages/airflow/example_dags/tutorial_dag.py took 0.092 seconds
[2025-02-22T20:44:46.062+0000] {processor.py:186} INFO - Started process (PID=1432) to work on /home/airflow/.local/lib/python3.12/site-packages/airflow/example_dags/tutorial_dag.py
[2025-02-22T20:44:46.063+0000] {processor.py:914} INFO - Processing file /home/airflow/.local/lib/python3.12/site-packages/airflow/example_dags/tutorial_dag.py for tasks to queue
[2025-02-22T20:44:46.066+0000] {logging_mixin.py:190} INFO - [2025-02-22T20:44:46.066+0000] {dagbag.py:588} INFO - Filling up the DagBag from /home/airflow/.local/lib/python3.12/site-packages/airflow/example_dags/tutorial_dag.py
[2025-02-22T20:44:46.074+0000] {processor.py:925} INFO - DAG(s) 'tutorial_dag' retrieved from /home/airflow/.local/lib/python3.12/site-packages/airflow/example_dags/tutorial_dag.py
[2025-02-22T20:44:46.098+0000] {logging_mixin.py:190} INFO - [2025-02-22T20:44:46.098+0000] {dag.py:3239} INFO - Sync 1 DAGs
[2025-02-22T20:44:46.115+0000] {logging_mixin.py:190} INFO - [2025-02-22T20:44:46.115+0000] {dag.py:4180} INFO - Setting next_dagrun for tutorial_dag to None, run_after=None
[2025-02-22T20:44:46.138+0000] {processor.py:208} INFO - Processing /home/airflow/.local/lib/python3.12/site-packages/airflow/example_dags/tutorial_dag.py took 0.083 seconds
[2025-02-22T20:45:17.452+0000] {processor.py:186} INFO - Started process (PID=1495) to work on /home/airflow/.local/lib/python3.12/site-packages/airflow/example_dags/tutorial_dag.py
[2025-02-22T20:45:17.454+0000] {processor.py:914} INFO - Processing file /home/airflow/.local/lib/python3.12/site-packages/airflow/example_dags/tutorial_dag.py for tasks to queue
[2025-02-22T20:45:17.458+0000] {logging_mixin.py:190} INFO - [2025-02-22T20:45:17.457+0000] {dagbag.py:588} INFO - Filling up the DagBag from /home/airflow/.local/lib/python3.12/site-packages/airflow/example_dags/tutorial_dag.py
[2025-02-22T20:45:17.469+0000] {processor.py:925} INFO - DAG(s) 'tutorial_dag' retrieved from /home/airflow/.local/lib/python3.12/site-packages/airflow/example_dags/tutorial_dag.py
[2025-02-22T20:45:17.501+0000] {logging_mixin.py:190} INFO - [2025-02-22T20:45:17.501+0000] {dag.py:3239} INFO - Sync 1 DAGs
[2025-02-22T20:45:17.524+0000] {logging_mixin.py:190} INFO - [2025-02-22T20:45:17.524+0000] {dag.py:4180} INFO - Setting next_dagrun for tutorial_dag to None, run_after=None
[2025-02-22T20:45:17.558+0000] {processor.py:208} INFO - Processing /home/airflow/.local/lib/python3.12/site-packages/airflow/example_dags/tutorial_dag.py took 0.119 seconds
[2025-02-22T20:45:48.665+0000] {processor.py:186} INFO - Started process (PID=1558) to work on /home/airflow/.local/lib/python3.12/site-packages/airflow/example_dags/tutorial_dag.py
[2025-02-22T20:45:48.667+0000] {processor.py:914} INFO - Processing file /home/airflow/.local/lib/python3.12/site-packages/airflow/example_dags/tutorial_dag.py for tasks to queue
[2025-02-22T20:45:48.672+0000] {logging_mixin.py:190} INFO - [2025-02-22T20:45:48.671+0000] {dagbag.py:588} INFO - Filling up the DagBag from /home/airflow/.local/lib/python3.12/site-packages/airflow/example_dags/tutorial_dag.py
[2025-02-22T20:45:48.685+0000] {processor.py:925} INFO - DAG(s) 'tutorial_dag' retrieved from /home/airflow/.local/lib/python3.12/site-packages/airflow/example_dags/tutorial_dag.py
[2025-02-22T20:45:48.716+0000] {logging_mixin.py:190} INFO - [2025-02-22T20:45:48.715+0000] {dag.py:3239} INFO - Sync 1 DAGs
[2025-02-22T20:45:48.742+0000] {logging_mixin.py:190} INFO - [2025-02-22T20:45:48.742+0000] {dag.py:4180} INFO - Setting next_dagrun for tutorial_dag to None, run_after=None
[2025-02-22T20:45:48.772+0000] {processor.py:208} INFO - Processing /home/airflow/.local/lib/python3.12/site-packages/airflow/example_dags/tutorial_dag.py took 0.118 seconds
[2025-02-22T20:46:19.168+0000] {processor.py:186} INFO - Started process (PID=1621) to work on /home/airflow/.local/lib/python3.12/site-packages/airflow/example_dags/tutorial_dag.py
[2025-02-22T20:46:19.169+0000] {processor.py:914} INFO - Processing file /home/airflow/.local/lib/python3.12/site-packages/airflow/example_dags/tutorial_dag.py for tasks to queue
[2025-02-22T20:46:19.172+0000] {logging_mixin.py:190} INFO - [2025-02-22T20:46:19.171+0000] {dagbag.py:588} INFO - Filling up the DagBag from /home/airflow/.local/lib/python3.12/site-packages/airflow/example_dags/tutorial_dag.py
[2025-02-22T20:46:19.180+0000] {processor.py:925} INFO - DAG(s) 'tutorial_dag' retrieved from /home/airflow/.local/lib/python3.12/site-packages/airflow/example_dags/tutorial_dag.py
[2025-02-22T20:46:19.203+0000] {logging_mixin.py:190} INFO - [2025-02-22T20:46:19.203+0000] {dag.py:3239} INFO - Sync 1 DAGs
[2025-02-22T20:46:19.220+0000] {logging_mixin.py:190} INFO - [2025-02-22T20:46:19.220+0000] {dag.py:4180} INFO - Setting next_dagrun for tutorial_dag to None, run_after=None
[2025-02-22T20:46:19.244+0000] {processor.py:208} INFO - Processing /home/airflow/.local/lib/python3.12/site-packages/airflow/example_dags/tutorial_dag.py took 0.084 seconds
[2025-02-22T20:46:50.915+0000] {processor.py:186} INFO - Started process (PID=1684) to work on /home/airflow/.local/lib/python3.12/site-packages/airflow/example_dags/tutorial_dag.py
[2025-02-22T20:46:50.916+0000] {processor.py:914} INFO - Processing file /home/airflow/.local/lib/python3.12/site-packages/airflow/example_dags/tutorial_dag.py for tasks to queue
[2025-02-22T20:46:50.919+0000] {logging_mixin.py:190} INFO - [2025-02-22T20:46:50.918+0000] {dagbag.py:588} INFO - Filling up the DagBag from /home/airflow/.local/lib/python3.12/site-packages/airflow/example_dags/tutorial_dag.py
[2025-02-22T20:46:50.929+0000] {processor.py:925} INFO - DAG(s) 'tutorial_dag' retrieved from /home/airflow/.local/lib/python3.12/site-packages/airflow/example_dags/tutorial_dag.py
[2025-02-22T20:46:50.952+0000] {logging_mixin.py:190} INFO - [2025-02-22T20:46:50.952+0000] {dag.py:3239} INFO - Sync 1 DAGs
[2025-02-22T20:46:50.975+0000] {logging_mixin.py:190} INFO - [2025-02-22T20:46:50.974+0000] {dag.py:4180} INFO - Setting next_dagrun for tutorial_dag to None, run_after=None
[2025-02-22T20:46:50.997+0000] {processor.py:208} INFO - Processing /home/airflow/.local/lib/python3.12/site-packages/airflow/example_dags/tutorial_dag.py took 0.088 seconds
[2025-02-22T20:47:21.609+0000] {processor.py:186} INFO - Started process (PID=1747) to work on /home/airflow/.local/lib/python3.12/site-packages/airflow/example_dags/tutorial_dag.py
[2025-02-22T20:47:21.610+0000] {processor.py:914} INFO - Processing file /home/airflow/.local/lib/python3.12/site-packages/airflow/example_dags/tutorial_dag.py for tasks to queue
[2025-02-22T20:47:21.613+0000] {logging_mixin.py:190} INFO - [2025-02-22T20:47:21.612+0000] {dagbag.py:588} INFO - Filling up the DagBag from /home/airflow/.local/lib/python3.12/site-packages/airflow/example_dags/tutorial_dag.py
[2025-02-22T20:47:21.621+0000] {processor.py:925} INFO - DAG(s) 'tutorial_dag' retrieved from /home/airflow/.local/lib/python3.12/site-packages/airflow/example_dags/tutorial_dag.py
[2025-02-22T20:47:21.644+0000] {logging_mixin.py:190} INFO - [2025-02-22T20:47:21.643+0000] {dag.py:3239} INFO - Sync 1 DAGs
[2025-02-22T20:47:21.660+0000] {logging_mixin.py:190} INFO - [2025-02-22T20:47:21.660+0000] {dag.py:4180} INFO - Setting next_dagrun for tutorial_dag to None, run_after=None
[2025-02-22T20:47:21.683+0000] {processor.py:208} INFO - Processing /home/airflow/.local/lib/python3.12/site-packages/airflow/example_dags/tutorial_dag.py took 0.081 seconds
[2025-02-22T20:47:52.910+0000] {processor.py:186} INFO - Started process (PID=1812) to work on /home/airflow/.local/lib/python3.12/site-packages/airflow/example_dags/tutorial_dag.py
[2025-02-22T20:47:52.912+0000] {processor.py:914} INFO - Processing file /home/airflow/.local/lib/python3.12/site-packages/airflow/example_dags/tutorial_dag.py for tasks to queue
[2025-02-22T20:47:52.915+0000] {logging_mixin.py:190} INFO - [2025-02-22T20:47:52.914+0000] {dagbag.py:588} INFO - Filling up the DagBag from /home/airflow/.local/lib/python3.12/site-packages/airflow/example_dags/tutorial_dag.py
[2025-02-22T20:47:52.924+0000] {processor.py:925} INFO - DAG(s) 'tutorial_dag' retrieved from /home/airflow/.local/lib/python3.12/site-packages/airflow/example_dags/tutorial_dag.py
[2025-02-22T20:47:52.945+0000] {logging_mixin.py:190} INFO - [2025-02-22T20:47:52.945+0000] {dag.py:3239} INFO - Sync 1 DAGs
[2025-02-22T20:47:52.961+0000] {logging_mixin.py:190} INFO - [2025-02-22T20:47:52.961+0000] {dag.py:4180} INFO - Setting next_dagrun for tutorial_dag to None, run_after=None
[2025-02-22T20:47:52.998+0000] {processor.py:208} INFO - Processing /home/airflow/.local/lib/python3.12/site-packages/airflow/example_dags/tutorial_dag.py took 0.095 seconds
[2025-02-22T20:48:24.503+0000] {processor.py:186} INFO - Started process (PID=1876) to work on /home/airflow/.local/lib/python3.12/site-packages/airflow/example_dags/tutorial_dag.py
[2025-02-22T20:48:24.505+0000] {processor.py:914} INFO - Processing file /home/airflow/.local/lib/python3.12/site-packages/airflow/example_dags/tutorial_dag.py for tasks to queue
[2025-02-22T20:48:24.510+0000] {logging_mixin.py:190} INFO - [2025-02-22T20:48:24.510+0000] {dagbag.py:588} INFO - Filling up the DagBag from /home/airflow/.local/lib/python3.12/site-packages/airflow/example_dags/tutorial_dag.py
[2025-02-22T20:48:24.519+0000] {processor.py:925} INFO - DAG(s) 'tutorial_dag' retrieved from /home/airflow/.local/lib/python3.12/site-packages/airflow/example_dags/tutorial_dag.py
[2025-02-22T20:48:24.543+0000] {logging_mixin.py:190} INFO - [2025-02-22T20:48:24.542+0000] {dag.py:3239} INFO - Sync 1 DAGs
[2025-02-22T20:48:24.560+0000] {logging_mixin.py:190} INFO - [2025-02-22T20:48:24.560+0000] {dag.py:4180} INFO - Setting next_dagrun for tutorial_dag to None, run_after=None
[2025-02-22T20:48:24.581+0000] {processor.py:208} INFO - Processing /home/airflow/.local/lib/python3.12/site-packages/airflow/example_dags/tutorial_dag.py took 0.089 seconds
[2025-02-22T20:48:55.905+0000] {processor.py:186} INFO - Started process (PID=1939) to work on /home/airflow/.local/lib/python3.12/site-packages/airflow/example_dags/tutorial_dag.py
[2025-02-22T20:48:55.906+0000] {processor.py:914} INFO - Processing file /home/airflow/.local/lib/python3.12/site-packages/airflow/example_dags/tutorial_dag.py for tasks to queue
[2025-02-22T20:48:55.909+0000] {logging_mixin.py:190} INFO - [2025-02-22T20:48:55.908+0000] {dagbag.py:588} INFO - Filling up the DagBag from /home/airflow/.local/lib/python3.12/site-packages/airflow/example_dags/tutorial_dag.py
[2025-02-22T20:48:55.917+0000] {processor.py:925} INFO - DAG(s) 'tutorial_dag' retrieved from /home/airflow/.local/lib/python3.12/site-packages/airflow/example_dags/tutorial_dag.py
[2025-02-22T20:48:55.939+0000] {logging_mixin.py:190} INFO - [2025-02-22T20:48:55.939+0000] {dag.py:3239} INFO - Sync 1 DAGs
[2025-02-22T20:48:55.955+0000] {logging_mixin.py:190} INFO - [2025-02-22T20:48:55.955+0000] {dag.py:4180} INFO - Setting next_dagrun for tutorial_dag to None, run_after=None
[2025-02-22T20:48:55.977+0000] {processor.py:208} INFO - Processing /home/airflow/.local/lib/python3.12/site-packages/airflow/example_dags/tutorial_dag.py took 0.080 seconds
