[2025-02-22T20:33:52.578+0000] {processor.py:186} INFO - Started process (PID=103) to work on /home/airflow/.local/lib/python3.12/site-packages/airflow/example_dags/tutorial.py
[2025-02-22T20:33:52.580+0000] {processor.py:914} INFO - Processing file /home/airflow/.local/lib/python3.12/site-packages/airflow/example_dags/tutorial.py for tasks to queue
[2025-02-22T20:33:52.583+0000] {logging_mixin.py:190} INFO - [2025-02-22T20:33:52.583+0000] {dagbag.py:588} INFO - Filling up the DagBag from /home/airflow/.local/lib/python3.12/site-packages/airflow/example_dags/tutorial.py
[2025-02-22T20:33:52.598+0000] {processor.py:925} INFO - DAG(s) 'tutorial' retrieved from /home/airflow/.local/lib/python3.12/site-packages/airflow/example_dags/tutorial.py
[2025-02-22T20:33:52.782+0000] {logging_mixin.py:190} INFO - [2025-02-22T20:33:52.782+0000] {override.py:1912} INFO - Created Permission View: can edit on DAG:tutorial
[2025-02-22T20:33:52.798+0000] {logging_mixin.py:190} INFO - [2025-02-22T20:33:52.797+0000] {override.py:1912} INFO - Created Permission View: can read on DAG:tutorial
[2025-02-22T20:33:52.808+0000] {logging_mixin.py:190} INFO - [2025-02-22T20:33:52.808+0000] {override.py:1912} INFO - Created Permission View: can delete on DAG:tutorial
[2025-02-22T20:33:52.818+0000] {logging_mixin.py:190} INFO - [2025-02-22T20:33:52.818+0000] {override.py:1912} INFO - Created Permission View: can read on DAG Run:tutorial
[2025-02-22T20:33:52.829+0000] {logging_mixin.py:190} INFO - [2025-02-22T20:33:52.829+0000] {override.py:1912} INFO - Created Permission View: menu access on DAG Run:tutorial
[2025-02-22T20:33:52.840+0000] {logging_mixin.py:190} INFO - [2025-02-22T20:33:52.839+0000] {override.py:1912} INFO - Created Permission View: can create on DAG Run:tutorial
[2025-02-22T20:33:52.849+0000] {logging_mixin.py:190} INFO - [2025-02-22T20:33:52.849+0000] {override.py:1912} INFO - Created Permission View: can delete on DAG Run:tutorial
[2025-02-22T20:33:52.850+0000] {logging_mixin.py:190} INFO - [2025-02-22T20:33:52.850+0000] {dag.py:3239} INFO - Sync 1 DAGs
[2025-02-22T20:33:52.871+0000] {logging_mixin.py:190} INFO - [2025-02-22T20:33:52.871+0000] {dag.py:3262} INFO - Creating ORM DAG for tutorial
[2025-02-22T20:33:52.885+0000] {logging_mixin.py:190} INFO - [2025-02-22T20:33:52.885+0000] {dag.py:4180} INFO - Setting next_dagrun for tutorial to 2025-02-21 00:00:00+00:00, run_after=2025-02-22 00:00:00+00:00
[2025-02-22T20:33:52.908+0000] {processor.py:208} INFO - Processing /home/airflow/.local/lib/python3.12/site-packages/airflow/example_dags/tutorial.py took 0.340 seconds
[2025-02-22T20:34:22.953+0000] {processor.py:186} INFO - Started process (PID=165) to work on /home/airflow/.local/lib/python3.12/site-packages/airflow/example_dags/tutorial.py
[2025-02-22T20:34:22.954+0000] {processor.py:914} INFO - Processing file /home/airflow/.local/lib/python3.12/site-packages/airflow/example_dags/tutorial.py for tasks to queue
[2025-02-22T20:34:22.957+0000] {logging_mixin.py:190} INFO - [2025-02-22T20:34:22.956+0000] {dagbag.py:588} INFO - Filling up the DagBag from /home/airflow/.local/lib/python3.12/site-packages/airflow/example_dags/tutorial.py
[2025-02-22T20:34:22.966+0000] {processor.py:925} INFO - DAG(s) 'tutorial' retrieved from /home/airflow/.local/lib/python3.12/site-packages/airflow/example_dags/tutorial.py
[2025-02-22T20:34:22.990+0000] {logging_mixin.py:190} INFO - [2025-02-22T20:34:22.990+0000] {dag.py:3239} INFO - Sync 1 DAGs
[2025-02-22T20:34:23.017+0000] {logging_mixin.py:190} INFO - [2025-02-22T20:34:23.017+0000] {dag.py:4180} INFO - Setting next_dagrun for tutorial to 2025-02-21 00:00:00+00:00, run_after=2025-02-22 00:00:00+00:00
[2025-02-22T20:34:23.040+0000] {processor.py:208} INFO - Processing /home/airflow/.local/lib/python3.12/site-packages/airflow/example_dags/tutorial.py took 0.100 seconds
[2025-02-22T20:34:53.510+0000] {processor.py:186} INFO - Started process (PID=227) to work on /home/airflow/.local/lib/python3.12/site-packages/airflow/example_dags/tutorial.py
[2025-02-22T20:34:53.515+0000] {processor.py:914} INFO - Processing file /home/airflow/.local/lib/python3.12/site-packages/airflow/example_dags/tutorial.py for tasks to queue
[2025-02-22T20:34:53.524+0000] {logging_mixin.py:190} INFO - [2025-02-22T20:34:53.524+0000] {dagbag.py:588} INFO - Filling up the DagBag from /home/airflow/.local/lib/python3.12/site-packages/airflow/example_dags/tutorial.py
[2025-02-22T20:34:53.537+0000] {processor.py:925} INFO - DAG(s) 'tutorial' retrieved from /home/airflow/.local/lib/python3.12/site-packages/airflow/example_dags/tutorial.py
[2025-02-22T20:34:53.561+0000] {logging_mixin.py:190} INFO - [2025-02-22T20:34:53.560+0000] {dag.py:3239} INFO - Sync 1 DAGs
[2025-02-22T20:34:53.594+0000] {logging_mixin.py:190} INFO - [2025-02-22T20:34:53.593+0000] {dag.py:4180} INFO - Setting next_dagrun for tutorial to 2025-02-21 00:00:00+00:00, run_after=2025-02-22 00:00:00+00:00
[2025-02-22T20:34:53.615+0000] {processor.py:208} INFO - Processing /home/airflow/.local/lib/python3.12/site-packages/airflow/example_dags/tutorial.py took 0.122 seconds
[2025-02-22T20:35:24.090+0000] {processor.py:186} INFO - Started process (PID=290) to work on /home/airflow/.local/lib/python3.12/site-packages/airflow/example_dags/tutorial.py
[2025-02-22T20:35:24.095+0000] {processor.py:914} INFO - Processing file /home/airflow/.local/lib/python3.12/site-packages/airflow/example_dags/tutorial.py for tasks to queue
[2025-02-22T20:35:24.099+0000] {logging_mixin.py:190} INFO - [2025-02-22T20:35:24.099+0000] {dagbag.py:588} INFO - Filling up the DagBag from /home/airflow/.local/lib/python3.12/site-packages/airflow/example_dags/tutorial.py
[2025-02-22T20:35:24.116+0000] {processor.py:925} INFO - DAG(s) 'tutorial' retrieved from /home/airflow/.local/lib/python3.12/site-packages/airflow/example_dags/tutorial.py
[2025-02-22T20:35:24.150+0000] {logging_mixin.py:190} INFO - [2025-02-22T20:35:24.150+0000] {dag.py:3239} INFO - Sync 1 DAGs
[2025-02-22T20:35:24.188+0000] {logging_mixin.py:190} INFO - [2025-02-22T20:35:24.188+0000] {dag.py:4180} INFO - Setting next_dagrun for tutorial to 2025-02-21 00:00:00+00:00, run_after=2025-02-22 00:00:00+00:00
[2025-02-22T20:35:24.216+0000] {processor.py:208} INFO - Processing /home/airflow/.local/lib/python3.12/site-packages/airflow/example_dags/tutorial.py took 0.149 seconds
[2025-02-22T20:35:54.651+0000] {processor.py:186} INFO - Started process (PID=353) to work on /home/airflow/.local/lib/python3.12/site-packages/airflow/example_dags/tutorial.py
[2025-02-22T20:35:54.653+0000] {processor.py:914} INFO - Processing file /home/airflow/.local/lib/python3.12/site-packages/airflow/example_dags/tutorial.py for tasks to queue
[2025-02-22T20:35:54.656+0000] {logging_mixin.py:190} INFO - [2025-02-22T20:35:54.656+0000] {dagbag.py:588} INFO - Filling up the DagBag from /home/airflow/.local/lib/python3.12/site-packages/airflow/example_dags/tutorial.py
[2025-02-22T20:35:54.669+0000] {processor.py:925} INFO - DAG(s) 'tutorial' retrieved from /home/airflow/.local/lib/python3.12/site-packages/airflow/example_dags/tutorial.py
[2025-02-22T20:35:54.699+0000] {logging_mixin.py:190} INFO - [2025-02-22T20:35:54.699+0000] {dag.py:3239} INFO - Sync 1 DAGs
[2025-02-22T20:35:54.771+0000] {logging_mixin.py:190} INFO - [2025-02-22T20:35:54.770+0000] {dag.py:4180} INFO - Setting next_dagrun for tutorial to 2025-02-21 00:00:00+00:00, run_after=2025-02-22 00:00:00+00:00
[2025-02-22T20:35:54.800+0000] {processor.py:208} INFO - Processing /home/airflow/.local/lib/python3.12/site-packages/airflow/example_dags/tutorial.py took 0.160 seconds
[2025-02-22T20:36:25.034+0000] {processor.py:186} INFO - Started process (PID=416) to work on /home/airflow/.local/lib/python3.12/site-packages/airflow/example_dags/tutorial.py
[2025-02-22T20:36:25.035+0000] {processor.py:914} INFO - Processing file /home/airflow/.local/lib/python3.12/site-packages/airflow/example_dags/tutorial.py for tasks to queue
[2025-02-22T20:36:25.038+0000] {logging_mixin.py:190} INFO - [2025-02-22T20:36:25.037+0000] {dagbag.py:588} INFO - Filling up the DagBag from /home/airflow/.local/lib/python3.12/site-packages/airflow/example_dags/tutorial.py
[2025-02-22T20:36:25.047+0000] {processor.py:925} INFO - DAG(s) 'tutorial' retrieved from /home/airflow/.local/lib/python3.12/site-packages/airflow/example_dags/tutorial.py
[2025-02-22T20:36:25.071+0000] {logging_mixin.py:190} INFO - [2025-02-22T20:36:25.071+0000] {dag.py:3239} INFO - Sync 1 DAGs
[2025-02-22T20:36:25.098+0000] {logging_mixin.py:190} INFO - [2025-02-22T20:36:25.097+0000] {dag.py:4180} INFO - Setting next_dagrun for tutorial to 2025-02-21 00:00:00+00:00, run_after=2025-02-22 00:00:00+00:00
[2025-02-22T20:36:25.121+0000] {processor.py:208} INFO - Processing /home/airflow/.local/lib/python3.12/site-packages/airflow/example_dags/tutorial.py took 0.095 seconds
[2025-02-22T20:36:55.927+0000] {processor.py:186} INFO - Started process (PID=479) to work on /home/airflow/.local/lib/python3.12/site-packages/airflow/example_dags/tutorial.py
[2025-02-22T20:36:55.928+0000] {processor.py:914} INFO - Processing file /home/airflow/.local/lib/python3.12/site-packages/airflow/example_dags/tutorial.py for tasks to queue
[2025-02-22T20:36:55.931+0000] {logging_mixin.py:190} INFO - [2025-02-22T20:36:55.931+0000] {dagbag.py:588} INFO - Filling up the DagBag from /home/airflow/.local/lib/python3.12/site-packages/airflow/example_dags/tutorial.py
[2025-02-22T20:36:55.941+0000] {processor.py:925} INFO - DAG(s) 'tutorial' retrieved from /home/airflow/.local/lib/python3.12/site-packages/airflow/example_dags/tutorial.py
[2025-02-22T20:36:55.963+0000] {logging_mixin.py:190} INFO - [2025-02-22T20:36:55.963+0000] {dag.py:3239} INFO - Sync 1 DAGs
[2025-02-22T20:36:55.991+0000] {logging_mixin.py:190} INFO - [2025-02-22T20:36:55.991+0000] {dag.py:4180} INFO - Setting next_dagrun for tutorial to 2025-02-21 00:00:00+00:00, run_after=2025-02-22 00:00:00+00:00
[2025-02-22T20:36:56.013+0000] {processor.py:208} INFO - Processing /home/airflow/.local/lib/python3.12/site-packages/airflow/example_dags/tutorial.py took 0.094 seconds
[2025-02-22T20:37:26.267+0000] {processor.py:186} INFO - Started process (PID=541) to work on /home/airflow/.local/lib/python3.12/site-packages/airflow/example_dags/tutorial.py
[2025-02-22T20:37:26.269+0000] {processor.py:914} INFO - Processing file /home/airflow/.local/lib/python3.12/site-packages/airflow/example_dags/tutorial.py for tasks to queue
[2025-02-22T20:37:26.272+0000] {logging_mixin.py:190} INFO - [2025-02-22T20:37:26.272+0000] {dagbag.py:588} INFO - Filling up the DagBag from /home/airflow/.local/lib/python3.12/site-packages/airflow/example_dags/tutorial.py
[2025-02-22T20:37:26.284+0000] {processor.py:925} INFO - DAG(s) 'tutorial' retrieved from /home/airflow/.local/lib/python3.12/site-packages/airflow/example_dags/tutorial.py
[2025-02-22T20:37:26.311+0000] {logging_mixin.py:190} INFO - [2025-02-22T20:37:26.311+0000] {dag.py:3239} INFO - Sync 1 DAGs
[2025-02-22T20:37:26.347+0000] {logging_mixin.py:190} INFO - [2025-02-22T20:37:26.347+0000] {dag.py:4180} INFO - Setting next_dagrun for tutorial to 2025-02-21 00:00:00+00:00, run_after=2025-02-22 00:00:00+00:00
[2025-02-22T20:37:26.372+0000] {processor.py:208} INFO - Processing /home/airflow/.local/lib/python3.12/site-packages/airflow/example_dags/tutorial.py took 0.120 seconds
[2025-02-22T20:37:56.511+0000] {processor.py:186} INFO - Started process (PID=604) to work on /home/airflow/.local/lib/python3.12/site-packages/airflow/example_dags/tutorial.py
[2025-02-22T20:37:56.513+0000] {processor.py:914} INFO - Processing file /home/airflow/.local/lib/python3.12/site-packages/airflow/example_dags/tutorial.py for tasks to queue
[2025-02-22T20:37:56.518+0000] {logging_mixin.py:190} INFO - [2025-02-22T20:37:56.517+0000] {dagbag.py:588} INFO - Filling up the DagBag from /home/airflow/.local/lib/python3.12/site-packages/airflow/example_dags/tutorial.py
[2025-02-22T20:37:56.528+0000] {processor.py:925} INFO - DAG(s) 'tutorial' retrieved from /home/airflow/.local/lib/python3.12/site-packages/airflow/example_dags/tutorial.py
[2025-02-22T20:37:56.557+0000] {logging_mixin.py:190} INFO - [2025-02-22T20:37:56.557+0000] {dag.py:3239} INFO - Sync 1 DAGs
[2025-02-22T20:37:56.586+0000] {logging_mixin.py:190} INFO - [2025-02-22T20:37:56.585+0000] {dag.py:4180} INFO - Setting next_dagrun for tutorial to 2025-02-21 00:00:00+00:00, run_after=2025-02-22 00:00:00+00:00
[2025-02-22T20:37:56.608+0000] {processor.py:208} INFO - Processing /home/airflow/.local/lib/python3.12/site-packages/airflow/example_dags/tutorial.py took 0.110 seconds
[2025-02-22T20:38:27.004+0000] {processor.py:186} INFO - Started process (PID=673) to work on /home/airflow/.local/lib/python3.12/site-packages/airflow/example_dags/tutorial.py
[2025-02-22T20:38:27.005+0000] {processor.py:914} INFO - Processing file /home/airflow/.local/lib/python3.12/site-packages/airflow/example_dags/tutorial.py for tasks to queue
[2025-02-22T20:38:27.008+0000] {logging_mixin.py:190} INFO - [2025-02-22T20:38:27.007+0000] {dagbag.py:588} INFO - Filling up the DagBag from /home/airflow/.local/lib/python3.12/site-packages/airflow/example_dags/tutorial.py
[2025-02-22T20:38:27.017+0000] {processor.py:925} INFO - DAG(s) 'tutorial' retrieved from /home/airflow/.local/lib/python3.12/site-packages/airflow/example_dags/tutorial.py
[2025-02-22T20:38:27.038+0000] {logging_mixin.py:190} INFO - [2025-02-22T20:38:27.038+0000] {dag.py:3239} INFO - Sync 1 DAGs
[2025-02-22T20:38:27.067+0000] {logging_mixin.py:190} INFO - [2025-02-22T20:38:27.067+0000] {dag.py:4180} INFO - Setting next_dagrun for tutorial to 2025-02-21 00:00:00+00:00, run_after=2025-02-22 00:00:00+00:00
[2025-02-22T20:38:27.089+0000] {processor.py:208} INFO - Processing /home/airflow/.local/lib/python3.12/site-packages/airflow/example_dags/tutorial.py took 0.092 seconds
[2025-02-22T20:39:00.198+0000] {processor.py:186} INFO - Started process (PID=736) to work on /home/airflow/.local/lib/python3.12/site-packages/airflow/example_dags/tutorial.py
[2025-02-22T20:39:00.199+0000] {processor.py:914} INFO - Processing file /home/airflow/.local/lib/python3.12/site-packages/airflow/example_dags/tutorial.py for tasks to queue
[2025-02-22T20:39:00.203+0000] {logging_mixin.py:190} INFO - [2025-02-22T20:39:00.203+0000] {dagbag.py:588} INFO - Filling up the DagBag from /home/airflow/.local/lib/python3.12/site-packages/airflow/example_dags/tutorial.py
[2025-02-22T20:39:00.216+0000] {processor.py:925} INFO - DAG(s) 'tutorial' retrieved from /home/airflow/.local/lib/python3.12/site-packages/airflow/example_dags/tutorial.py
[2025-02-22T20:39:00.245+0000] {logging_mixin.py:190} INFO - [2025-02-22T20:39:00.244+0000] {dag.py:3239} INFO - Sync 1 DAGs
[2025-02-22T20:39:00.303+0000] {logging_mixin.py:190} INFO - [2025-02-22T20:39:00.302+0000] {dag.py:4180} INFO - Setting next_dagrun for tutorial to 2025-02-21 00:00:00+00:00, run_after=2025-02-22 00:00:00+00:00
[2025-02-22T20:39:00.342+0000] {processor.py:208} INFO - Processing /home/airflow/.local/lib/python3.12/site-packages/airflow/example_dags/tutorial.py took 0.154 seconds
[2025-02-22T20:39:30.900+0000] {processor.py:186} INFO - Started process (PID=799) to work on /home/airflow/.local/lib/python3.12/site-packages/airflow/example_dags/tutorial.py
[2025-02-22T20:39:30.901+0000] {processor.py:914} INFO - Processing file /home/airflow/.local/lib/python3.12/site-packages/airflow/example_dags/tutorial.py for tasks to queue
[2025-02-22T20:39:30.904+0000] {logging_mixin.py:190} INFO - [2025-02-22T20:39:30.903+0000] {dagbag.py:588} INFO - Filling up the DagBag from /home/airflow/.local/lib/python3.12/site-packages/airflow/example_dags/tutorial.py
[2025-02-22T20:39:30.912+0000] {processor.py:925} INFO - DAG(s) 'tutorial' retrieved from /home/airflow/.local/lib/python3.12/site-packages/airflow/example_dags/tutorial.py
[2025-02-22T20:39:30.934+0000] {logging_mixin.py:190} INFO - [2025-02-22T20:39:30.934+0000] {dag.py:3239} INFO - Sync 1 DAGs
[2025-02-22T20:39:30.961+0000] {logging_mixin.py:190} INFO - [2025-02-22T20:39:30.961+0000] {dag.py:4180} INFO - Setting next_dagrun for tutorial to 2025-02-21 00:00:00+00:00, run_after=2025-02-22 00:00:00+00:00
[2025-02-22T20:39:30.987+0000] {processor.py:208} INFO - Processing /home/airflow/.local/lib/python3.12/site-packages/airflow/example_dags/tutorial.py took 0.095 seconds
[2025-02-22T20:40:03.248+0000] {processor.py:186} INFO - Started process (PID=862) to work on /home/airflow/.local/lib/python3.12/site-packages/airflow/example_dags/tutorial.py
[2025-02-22T20:40:03.252+0000] {processor.py:914} INFO - Processing file /home/airflow/.local/lib/python3.12/site-packages/airflow/example_dags/tutorial.py for tasks to queue
[2025-02-22T20:40:03.255+0000] {logging_mixin.py:190} INFO - [2025-02-22T20:40:03.255+0000] {dagbag.py:588} INFO - Filling up the DagBag from /home/airflow/.local/lib/python3.12/site-packages/airflow/example_dags/tutorial.py
[2025-02-22T20:40:03.264+0000] {processor.py:925} INFO - DAG(s) 'tutorial' retrieved from /home/airflow/.local/lib/python3.12/site-packages/airflow/example_dags/tutorial.py
[2025-02-22T20:40:03.286+0000] {logging_mixin.py:190} INFO - [2025-02-22T20:40:03.286+0000] {dag.py:3239} INFO - Sync 1 DAGs
[2025-02-22T20:40:03.311+0000] {logging_mixin.py:190} INFO - [2025-02-22T20:40:03.311+0000] {dag.py:4180} INFO - Setting next_dagrun for tutorial to 2025-02-21 00:00:00+00:00, run_after=2025-02-22 00:00:00+00:00
[2025-02-22T20:40:03.331+0000] {processor.py:208} INFO - Processing /home/airflow/.local/lib/python3.12/site-packages/airflow/example_dags/tutorial.py took 0.091 seconds
[2025-02-22T20:40:34.641+0000] {processor.py:186} INFO - Started process (PID=925) to work on /home/airflow/.local/lib/python3.12/site-packages/airflow/example_dags/tutorial.py
[2025-02-22T20:40:34.642+0000] {processor.py:914} INFO - Processing file /home/airflow/.local/lib/python3.12/site-packages/airflow/example_dags/tutorial.py for tasks to queue
[2025-02-22T20:40:34.645+0000] {logging_mixin.py:190} INFO - [2025-02-22T20:40:34.645+0000] {dagbag.py:588} INFO - Filling up the DagBag from /home/airflow/.local/lib/python3.12/site-packages/airflow/example_dags/tutorial.py
[2025-02-22T20:40:34.654+0000] {processor.py:925} INFO - DAG(s) 'tutorial' retrieved from /home/airflow/.local/lib/python3.12/site-packages/airflow/example_dags/tutorial.py
[2025-02-22T20:40:34.675+0000] {logging_mixin.py:190} INFO - [2025-02-22T20:40:34.675+0000] {dag.py:3239} INFO - Sync 1 DAGs
[2025-02-22T20:40:34.700+0000] {logging_mixin.py:190} INFO - [2025-02-22T20:40:34.700+0000] {dag.py:4180} INFO - Setting next_dagrun for tutorial to 2025-02-21 00:00:00+00:00, run_after=2025-02-22 00:00:00+00:00
[2025-02-22T20:40:34.723+0000] {processor.py:208} INFO - Processing /home/airflow/.local/lib/python3.12/site-packages/airflow/example_dags/tutorial.py took 0.088 seconds
[2025-02-22T20:41:05.862+0000] {processor.py:186} INFO - Started process (PID=988) to work on /home/airflow/.local/lib/python3.12/site-packages/airflow/example_dags/tutorial.py
[2025-02-22T20:41:05.866+0000] {processor.py:914} INFO - Processing file /home/airflow/.local/lib/python3.12/site-packages/airflow/example_dags/tutorial.py for tasks to queue
[2025-02-22T20:41:05.873+0000] {logging_mixin.py:190} INFO - [2025-02-22T20:41:05.873+0000] {dagbag.py:588} INFO - Filling up the DagBag from /home/airflow/.local/lib/python3.12/site-packages/airflow/example_dags/tutorial.py
[2025-02-22T20:41:05.887+0000] {processor.py:925} INFO - DAG(s) 'tutorial' retrieved from /home/airflow/.local/lib/python3.12/site-packages/airflow/example_dags/tutorial.py
[2025-02-22T20:41:05.917+0000] {logging_mixin.py:190} INFO - [2025-02-22T20:41:05.917+0000] {dag.py:3239} INFO - Sync 1 DAGs
[2025-02-22T20:41:05.954+0000] {logging_mixin.py:190} INFO - [2025-02-22T20:41:05.953+0000] {dag.py:4180} INFO - Setting next_dagrun for tutorial to 2025-02-21 00:00:00+00:00, run_after=2025-02-22 00:00:00+00:00
[2025-02-22T20:41:05.983+0000] {processor.py:208} INFO - Processing /home/airflow/.local/lib/python3.12/site-packages/airflow/example_dags/tutorial.py took 0.145 seconds
[2025-02-22T20:41:36.960+0000] {processor.py:186} INFO - Started process (PID=1051) to work on /home/airflow/.local/lib/python3.12/site-packages/airflow/example_dags/tutorial.py
[2025-02-22T20:41:36.962+0000] {processor.py:914} INFO - Processing file /home/airflow/.local/lib/python3.12/site-packages/airflow/example_dags/tutorial.py for tasks to queue
[2025-02-22T20:41:36.965+0000] {logging_mixin.py:190} INFO - [2025-02-22T20:41:36.965+0000] {dagbag.py:588} INFO - Filling up the DagBag from /home/airflow/.local/lib/python3.12/site-packages/airflow/example_dags/tutorial.py
[2025-02-22T20:41:36.976+0000] {processor.py:925} INFO - DAG(s) 'tutorial' retrieved from /home/airflow/.local/lib/python3.12/site-packages/airflow/example_dags/tutorial.py
[2025-02-22T20:41:37.003+0000] {logging_mixin.py:190} INFO - [2025-02-22T20:41:37.003+0000] {dag.py:3239} INFO - Sync 1 DAGs
[2025-02-22T20:41:37.034+0000] {logging_mixin.py:190} INFO - [2025-02-22T20:41:37.034+0000] {dag.py:4180} INFO - Setting next_dagrun for tutorial to 2025-02-21 00:00:00+00:00, run_after=2025-02-22 00:00:00+00:00
[2025-02-22T20:41:37.058+0000] {processor.py:208} INFO - Processing /home/airflow/.local/lib/python3.12/site-packages/airflow/example_dags/tutorial.py took 0.108 seconds
[2025-02-22T20:42:10.325+0000] {processor.py:186} INFO - Started process (PID=1114) to work on /home/airflow/.local/lib/python3.12/site-packages/airflow/example_dags/tutorial.py
[2025-02-22T20:42:10.327+0000] {processor.py:914} INFO - Processing file /home/airflow/.local/lib/python3.12/site-packages/airflow/example_dags/tutorial.py for tasks to queue
[2025-02-22T20:42:10.333+0000] {logging_mixin.py:190} INFO - [2025-02-22T20:42:10.332+0000] {dagbag.py:588} INFO - Filling up the DagBag from /home/airflow/.local/lib/python3.12/site-packages/airflow/example_dags/tutorial.py
[2025-02-22T20:42:10.357+0000] {processor.py:925} INFO - DAG(s) 'tutorial' retrieved from /home/airflow/.local/lib/python3.12/site-packages/airflow/example_dags/tutorial.py
[2025-02-22T20:42:10.398+0000] {logging_mixin.py:190} INFO - [2025-02-22T20:42:10.397+0000] {dag.py:3239} INFO - Sync 1 DAGs
[2025-02-22T20:42:10.448+0000] {logging_mixin.py:190} INFO - [2025-02-22T20:42:10.447+0000] {dag.py:4180} INFO - Setting next_dagrun for tutorial to 2025-02-21 00:00:00+00:00, run_after=2025-02-22 00:00:00+00:00
[2025-02-22T20:42:10.485+0000] {processor.py:208} INFO - Processing /home/airflow/.local/lib/python3.12/site-packages/airflow/example_dags/tutorial.py took 0.173 seconds
[2025-02-22T20:42:41.052+0000] {processor.py:186} INFO - Started process (PID=1177) to work on /home/airflow/.local/lib/python3.12/site-packages/airflow/example_dags/tutorial.py
[2025-02-22T20:42:41.054+0000] {processor.py:914} INFO - Processing file /home/airflow/.local/lib/python3.12/site-packages/airflow/example_dags/tutorial.py for tasks to queue
[2025-02-22T20:42:41.059+0000] {logging_mixin.py:190} INFO - [2025-02-22T20:42:41.058+0000] {dagbag.py:588} INFO - Filling up the DagBag from /home/airflow/.local/lib/python3.12/site-packages/airflow/example_dags/tutorial.py
[2025-02-22T20:42:41.074+0000] {processor.py:925} INFO - DAG(s) 'tutorial' retrieved from /home/airflow/.local/lib/python3.12/site-packages/airflow/example_dags/tutorial.py
[2025-02-22T20:42:41.101+0000] {logging_mixin.py:190} INFO - [2025-02-22T20:42:41.101+0000] {dag.py:3239} INFO - Sync 1 DAGs
[2025-02-22T20:42:41.134+0000] {logging_mixin.py:190} INFO - [2025-02-22T20:42:41.133+0000] {dag.py:4180} INFO - Setting next_dagrun for tutorial to 2025-02-21 00:00:00+00:00, run_after=2025-02-22 00:00:00+00:00
[2025-02-22T20:42:41.162+0000] {processor.py:208} INFO - Processing /home/airflow/.local/lib/python3.12/site-packages/airflow/example_dags/tutorial.py took 0.122 seconds
[2025-02-22T20:43:11.543+0000] {processor.py:186} INFO - Started process (PID=1240) to work on /home/airflow/.local/lib/python3.12/site-packages/airflow/example_dags/tutorial.py
[2025-02-22T20:43:11.544+0000] {processor.py:914} INFO - Processing file /home/airflow/.local/lib/python3.12/site-packages/airflow/example_dags/tutorial.py for tasks to queue
[2025-02-22T20:43:11.547+0000] {logging_mixin.py:190} INFO - [2025-02-22T20:43:11.547+0000] {dagbag.py:588} INFO - Filling up the DagBag from /home/airflow/.local/lib/python3.12/site-packages/airflow/example_dags/tutorial.py
[2025-02-22T20:43:11.556+0000] {processor.py:925} INFO - DAG(s) 'tutorial' retrieved from /home/airflow/.local/lib/python3.12/site-packages/airflow/example_dags/tutorial.py
[2025-02-22T20:43:11.580+0000] {logging_mixin.py:190} INFO - [2025-02-22T20:43:11.580+0000] {dag.py:3239} INFO - Sync 1 DAGs
[2025-02-22T20:43:11.608+0000] {logging_mixin.py:190} INFO - [2025-02-22T20:43:11.607+0000] {dag.py:4180} INFO - Setting next_dagrun for tutorial to 2025-02-21 00:00:00+00:00, run_after=2025-02-22 00:00:00+00:00
[2025-02-22T20:43:11.629+0000] {processor.py:208} INFO - Processing /home/airflow/.local/lib/python3.12/site-packages/airflow/example_dags/tutorial.py took 0.093 seconds
[2025-02-22T20:43:43.205+0000] {processor.py:186} INFO - Started process (PID=1303) to work on /home/airflow/.local/lib/python3.12/site-packages/airflow/example_dags/tutorial.py
[2025-02-22T20:43:43.206+0000] {processor.py:914} INFO - Processing file /home/airflow/.local/lib/python3.12/site-packages/airflow/example_dags/tutorial.py for tasks to queue
[2025-02-22T20:43:43.209+0000] {logging_mixin.py:190} INFO - [2025-02-22T20:43:43.208+0000] {dagbag.py:588} INFO - Filling up the DagBag from /home/airflow/.local/lib/python3.12/site-packages/airflow/example_dags/tutorial.py
[2025-02-22T20:43:43.222+0000] {processor.py:925} INFO - DAG(s) 'tutorial' retrieved from /home/airflow/.local/lib/python3.12/site-packages/airflow/example_dags/tutorial.py
[2025-02-22T20:43:43.248+0000] {logging_mixin.py:190} INFO - [2025-02-22T20:43:43.247+0000] {dag.py:3239} INFO - Sync 1 DAGs
[2025-02-22T20:43:43.278+0000] {logging_mixin.py:190} INFO - [2025-02-22T20:43:43.277+0000] {dag.py:4180} INFO - Setting next_dagrun for tutorial to 2025-02-21 00:00:00+00:00, run_after=2025-02-22 00:00:00+00:00
[2025-02-22T20:43:43.307+0000] {processor.py:208} INFO - Processing /home/airflow/.local/lib/python3.12/site-packages/airflow/example_dags/tutorial.py took 0.109 seconds
[2025-02-22T20:44:14.436+0000] {processor.py:186} INFO - Started process (PID=1368) to work on /home/airflow/.local/lib/python3.12/site-packages/airflow/example_dags/tutorial.py
[2025-02-22T20:44:14.437+0000] {processor.py:914} INFO - Processing file /home/airflow/.local/lib/python3.12/site-packages/airflow/example_dags/tutorial.py for tasks to queue
[2025-02-22T20:44:14.441+0000] {logging_mixin.py:190} INFO - [2025-02-22T20:44:14.440+0000] {dagbag.py:588} INFO - Filling up the DagBag from /home/airflow/.local/lib/python3.12/site-packages/airflow/example_dags/tutorial.py
[2025-02-22T20:44:14.454+0000] {processor.py:925} INFO - DAG(s) 'tutorial' retrieved from /home/airflow/.local/lib/python3.12/site-packages/airflow/example_dags/tutorial.py
[2025-02-22T20:44:14.484+0000] {logging_mixin.py:190} INFO - [2025-02-22T20:44:14.483+0000] {dag.py:3239} INFO - Sync 1 DAGs
[2025-02-22T20:44:14.521+0000] {logging_mixin.py:190} INFO - [2025-02-22T20:44:14.521+0000] {dag.py:4180} INFO - Setting next_dagrun for tutorial to 2025-02-21 00:00:00+00:00, run_after=2025-02-22 00:00:00+00:00
[2025-02-22T20:44:14.546+0000] {processor.py:208} INFO - Processing /home/airflow/.local/lib/python3.12/site-packages/airflow/example_dags/tutorial.py took 0.121 seconds
[2025-02-22T20:44:45.922+0000] {processor.py:186} INFO - Started process (PID=1431) to work on /home/airflow/.local/lib/python3.12/site-packages/airflow/example_dags/tutorial.py
[2025-02-22T20:44:45.923+0000] {processor.py:914} INFO - Processing file /home/airflow/.local/lib/python3.12/site-packages/airflow/example_dags/tutorial.py for tasks to queue
[2025-02-22T20:44:45.926+0000] {logging_mixin.py:190} INFO - [2025-02-22T20:44:45.926+0000] {dagbag.py:588} INFO - Filling up the DagBag from /home/airflow/.local/lib/python3.12/site-packages/airflow/example_dags/tutorial.py
[2025-02-22T20:44:45.935+0000] {processor.py:925} INFO - DAG(s) 'tutorial' retrieved from /home/airflow/.local/lib/python3.12/site-packages/airflow/example_dags/tutorial.py
[2025-02-22T20:44:45.957+0000] {logging_mixin.py:190} INFO - [2025-02-22T20:44:45.957+0000] {dag.py:3239} INFO - Sync 1 DAGs
[2025-02-22T20:44:45.985+0000] {logging_mixin.py:190} INFO - [2025-02-22T20:44:45.985+0000] {dag.py:4180} INFO - Setting next_dagrun for tutorial to 2025-02-21 00:00:00+00:00, run_after=2025-02-22 00:00:00+00:00
[2025-02-22T20:44:46.008+0000] {processor.py:208} INFO - Processing /home/airflow/.local/lib/python3.12/site-packages/airflow/example_dags/tutorial.py took 0.092 seconds
[2025-02-22T20:45:17.388+0000] {processor.py:186} INFO - Started process (PID=1494) to work on /home/airflow/.local/lib/python3.12/site-packages/airflow/example_dags/tutorial.py
[2025-02-22T20:45:17.390+0000] {processor.py:914} INFO - Processing file /home/airflow/.local/lib/python3.12/site-packages/airflow/example_dags/tutorial.py for tasks to queue
[2025-02-22T20:45:17.394+0000] {logging_mixin.py:190} INFO - [2025-02-22T20:45:17.393+0000] {dagbag.py:588} INFO - Filling up the DagBag from /home/airflow/.local/lib/python3.12/site-packages/airflow/example_dags/tutorial.py
[2025-02-22T20:45:17.409+0000] {processor.py:925} INFO - DAG(s) 'tutorial' retrieved from /home/airflow/.local/lib/python3.12/site-packages/airflow/example_dags/tutorial.py
[2025-02-22T20:45:17.444+0000] {logging_mixin.py:190} INFO - [2025-02-22T20:45:17.443+0000] {dag.py:3239} INFO - Sync 1 DAGs
[2025-02-22T20:45:17.486+0000] {logging_mixin.py:190} INFO - [2025-02-22T20:45:17.486+0000] {dag.py:4180} INFO - Setting next_dagrun for tutorial to 2025-02-21 00:00:00+00:00, run_after=2025-02-22 00:00:00+00:00
[2025-02-22T20:45:17.515+0000] {processor.py:208} INFO - Processing /home/airflow/.local/lib/python3.12/site-packages/airflow/example_dags/tutorial.py took 0.137 seconds
[2025-02-22T20:45:48.635+0000] {processor.py:186} INFO - Started process (PID=1557) to work on /home/airflow/.local/lib/python3.12/site-packages/airflow/example_dags/tutorial.py
[2025-02-22T20:45:48.637+0000] {processor.py:914} INFO - Processing file /home/airflow/.local/lib/python3.12/site-packages/airflow/example_dags/tutorial.py for tasks to queue
[2025-02-22T20:45:48.642+0000] {logging_mixin.py:190} INFO - [2025-02-22T20:45:48.641+0000] {dagbag.py:588} INFO - Filling up the DagBag from /home/airflow/.local/lib/python3.12/site-packages/airflow/example_dags/tutorial.py
[2025-02-22T20:45:48.658+0000] {processor.py:925} INFO - DAG(s) 'tutorial' retrieved from /home/airflow/.local/lib/python3.12/site-packages/airflow/example_dags/tutorial.py
[2025-02-22T20:45:48.691+0000] {logging_mixin.py:190} INFO - [2025-02-22T20:45:48.690+0000] {dag.py:3239} INFO - Sync 1 DAGs
[2025-02-22T20:45:48.731+0000] {logging_mixin.py:190} INFO - [2025-02-22T20:45:48.731+0000] {dag.py:4180} INFO - Setting next_dagrun for tutorial to 2025-02-21 00:00:00+00:00, run_after=2025-02-22 00:00:00+00:00
[2025-02-22T20:45:48.762+0000] {processor.py:208} INFO - Processing /home/airflow/.local/lib/python3.12/site-packages/airflow/example_dags/tutorial.py took 0.146 seconds
[2025-02-22T20:46:19.128+0000] {processor.py:186} INFO - Started process (PID=1620) to work on /home/airflow/.local/lib/python3.12/site-packages/airflow/example_dags/tutorial.py
[2025-02-22T20:46:19.130+0000] {processor.py:914} INFO - Processing file /home/airflow/.local/lib/python3.12/site-packages/airflow/example_dags/tutorial.py for tasks to queue
[2025-02-22T20:46:19.133+0000] {logging_mixin.py:190} INFO - [2025-02-22T20:46:19.132+0000] {dagbag.py:588} INFO - Filling up the DagBag from /home/airflow/.local/lib/python3.12/site-packages/airflow/example_dags/tutorial.py
[2025-02-22T20:46:19.142+0000] {processor.py:925} INFO - DAG(s) 'tutorial' retrieved from /home/airflow/.local/lib/python3.12/site-packages/airflow/example_dags/tutorial.py
[2025-02-22T20:46:19.165+0000] {logging_mixin.py:190} INFO - [2025-02-22T20:46:19.165+0000] {dag.py:3239} INFO - Sync 1 DAGs
[2025-02-22T20:46:19.191+0000] {logging_mixin.py:190} INFO - [2025-02-22T20:46:19.191+0000] {dag.py:4180} INFO - Setting next_dagrun for tutorial to 2025-02-21 00:00:00+00:00, run_after=2025-02-22 00:00:00+00:00
[2025-02-22T20:46:19.213+0000] {processor.py:208} INFO - Processing /home/airflow/.local/lib/python3.12/site-packages/airflow/example_dags/tutorial.py took 0.092 seconds
[2025-02-22T20:46:50.786+0000] {processor.py:186} INFO - Started process (PID=1683) to work on /home/airflow/.local/lib/python3.12/site-packages/airflow/example_dags/tutorial.py
[2025-02-22T20:46:50.787+0000] {processor.py:914} INFO - Processing file /home/airflow/.local/lib/python3.12/site-packages/airflow/example_dags/tutorial.py for tasks to queue
[2025-02-22T20:46:50.789+0000] {logging_mixin.py:190} INFO - [2025-02-22T20:46:50.789+0000] {dagbag.py:588} INFO - Filling up the DagBag from /home/airflow/.local/lib/python3.12/site-packages/airflow/example_dags/tutorial.py
[2025-02-22T20:46:50.801+0000] {processor.py:925} INFO - DAG(s) 'tutorial' retrieved from /home/airflow/.local/lib/python3.12/site-packages/airflow/example_dags/tutorial.py
[2025-02-22T20:46:50.823+0000] {logging_mixin.py:190} INFO - [2025-02-22T20:46:50.823+0000] {dag.py:3239} INFO - Sync 1 DAGs
[2025-02-22T20:46:50.853+0000] {logging_mixin.py:190} INFO - [2025-02-22T20:46:50.852+0000] {dag.py:4180} INFO - Setting next_dagrun for tutorial to 2025-02-21 00:00:00+00:00, run_after=2025-02-22 00:00:00+00:00
[2025-02-22T20:46:50.878+0000] {processor.py:208} INFO - Processing /home/airflow/.local/lib/python3.12/site-packages/airflow/example_dags/tutorial.py took 0.100 seconds
[2025-02-22T20:47:21.583+0000] {processor.py:186} INFO - Started process (PID=1746) to work on /home/airflow/.local/lib/python3.12/site-packages/airflow/example_dags/tutorial.py
[2025-02-22T20:47:21.585+0000] {processor.py:914} INFO - Processing file /home/airflow/.local/lib/python3.12/site-packages/airflow/example_dags/tutorial.py for tasks to queue
[2025-02-22T20:47:21.587+0000] {logging_mixin.py:190} INFO - [2025-02-22T20:47:21.587+0000] {dagbag.py:588} INFO - Filling up the DagBag from /home/airflow/.local/lib/python3.12/site-packages/airflow/example_dags/tutorial.py
[2025-02-22T20:47:21.597+0000] {processor.py:925} INFO - DAG(s) 'tutorial' retrieved from /home/airflow/.local/lib/python3.12/site-packages/airflow/example_dags/tutorial.py
[2025-02-22T20:47:21.621+0000] {logging_mixin.py:190} INFO - [2025-02-22T20:47:21.620+0000] {dag.py:3239} INFO - Sync 1 DAGs
[2025-02-22T20:47:21.649+0000] {logging_mixin.py:190} INFO - [2025-02-22T20:47:21.649+0000] {dag.py:4180} INFO - Setting next_dagrun for tutorial to 2025-02-21 00:00:00+00:00, run_after=2025-02-22 00:00:00+00:00
[2025-02-22T20:47:21.670+0000] {processor.py:208} INFO - Processing /home/airflow/.local/lib/python3.12/site-packages/airflow/example_dags/tutorial.py took 0.097 seconds
[2025-02-22T20:47:52.859+0000] {processor.py:186} INFO - Started process (PID=1811) to work on /home/airflow/.local/lib/python3.12/site-packages/airflow/example_dags/tutorial.py
[2025-02-22T20:47:52.860+0000] {processor.py:914} INFO - Processing file /home/airflow/.local/lib/python3.12/site-packages/airflow/example_dags/tutorial.py for tasks to queue
[2025-02-22T20:47:52.863+0000] {logging_mixin.py:190} INFO - [2025-02-22T20:47:52.863+0000] {dagbag.py:588} INFO - Filling up the DagBag from /home/airflow/.local/lib/python3.12/site-packages/airflow/example_dags/tutorial.py
[2025-02-22T20:47:52.878+0000] {processor.py:925} INFO - DAG(s) 'tutorial' retrieved from /home/airflow/.local/lib/python3.12/site-packages/airflow/example_dags/tutorial.py
[2025-02-22T20:47:52.905+0000] {logging_mixin.py:190} INFO - [2025-02-22T20:47:52.905+0000] {dag.py:3239} INFO - Sync 1 DAGs
[2025-02-22T20:47:52.934+0000] {logging_mixin.py:190} INFO - [2025-02-22T20:47:52.934+0000] {dag.py:4180} INFO - Setting next_dagrun for tutorial to 2025-02-21 00:00:00+00:00, run_after=2025-02-22 00:00:00+00:00
[2025-02-22T20:47:52.957+0000] {processor.py:208} INFO - Processing /home/airflow/.local/lib/python3.12/site-packages/airflow/example_dags/tutorial.py took 0.106 seconds
[2025-02-22T20:48:24.321+0000] {processor.py:186} INFO - Started process (PID=1875) to work on /home/airflow/.local/lib/python3.12/site-packages/airflow/example_dags/tutorial.py
[2025-02-22T20:48:24.323+0000] {processor.py:914} INFO - Processing file /home/airflow/.local/lib/python3.12/site-packages/airflow/example_dags/tutorial.py for tasks to queue
[2025-02-22T20:48:24.326+0000] {logging_mixin.py:190} INFO - [2025-02-22T20:48:24.325+0000] {dagbag.py:588} INFO - Filling up the DagBag from /home/airflow/.local/lib/python3.12/site-packages/airflow/example_dags/tutorial.py
[2025-02-22T20:48:24.337+0000] {processor.py:925} INFO - DAG(s) 'tutorial' retrieved from /home/airflow/.local/lib/python3.12/site-packages/airflow/example_dags/tutorial.py
[2025-02-22T20:48:24.361+0000] {logging_mixin.py:190} INFO - [2025-02-22T20:48:24.361+0000] {dag.py:3239} INFO - Sync 1 DAGs
[2025-02-22T20:48:24.407+0000] {logging_mixin.py:190} INFO - [2025-02-22T20:48:24.407+0000] {dag.py:4180} INFO - Setting next_dagrun for tutorial to 2025-02-21 00:00:00+00:00, run_after=2025-02-22 00:00:00+00:00
[2025-02-22T20:48:24.435+0000] {processor.py:208} INFO - Processing /home/airflow/.local/lib/python3.12/site-packages/airflow/example_dags/tutorial.py took 0.122 seconds
[2025-02-22T20:48:55.884+0000] {processor.py:186} INFO - Started process (PID=1938) to work on /home/airflow/.local/lib/python3.12/site-packages/airflow/example_dags/tutorial.py
[2025-02-22T20:48:55.885+0000] {processor.py:914} INFO - Processing file /home/airflow/.local/lib/python3.12/site-packages/airflow/example_dags/tutorial.py for tasks to queue
[2025-02-22T20:48:55.888+0000] {logging_mixin.py:190} INFO - [2025-02-22T20:48:55.888+0000] {dagbag.py:588} INFO - Filling up the DagBag from /home/airflow/.local/lib/python3.12/site-packages/airflow/example_dags/tutorial.py
[2025-02-22T20:48:55.898+0000] {processor.py:925} INFO - DAG(s) 'tutorial' retrieved from /home/airflow/.local/lib/python3.12/site-packages/airflow/example_dags/tutorial.py
[2025-02-22T20:48:55.919+0000] {logging_mixin.py:190} INFO - [2025-02-22T20:48:55.919+0000] {dag.py:3239} INFO - Sync 1 DAGs
[2025-02-22T20:48:55.945+0000] {logging_mixin.py:190} INFO - [2025-02-22T20:48:55.945+0000] {dag.py:4180} INFO - Setting next_dagrun for tutorial to 2025-02-21 00:00:00+00:00, run_after=2025-02-22 00:00:00+00:00
[2025-02-22T20:48:55.967+0000] {processor.py:208} INFO - Processing /home/airflow/.local/lib/python3.12/site-packages/airflow/example_dags/tutorial.py took 0.091 seconds
